8.6364 	INFO 	Loaded monitor calibration from ['2016_05_25 15:27']
12.0278 	EXP 	Created window1 = Window(allowGUI=False, allowStencil=False, autoLog=True, bitsMode=UNKNOWN, blendMode='avg', color=array([ 0.4,  0.4,  0.4]), colorSpace='rgb', fullscr=UNKNOWN, gamma=None, lms=UNKNOWN, monitor=<psychopy.monitors.calibTools.Monitor instance at 0x0B095BC0>, name='window1', pos=[0, 0], screen=0, size=array([1920, 1080]), stereo=False, units=u'norm', useFBO=True, viewOri=0.0, viewPos=None, viewScale=None, waitBlanking=True, winType='pyglet')
12.0279 	EXP 	window1: recordFrameIntervals = False
12.3613 	EXP 	window1: recordFrameIntervals = True
14.2132 	DEBUG 	Screen (0) actual frame rate measured at 60.07
14.2133 	EXP 	window1: recordFrameIntervals = False
14.4011 	EXP 	Created text_4 = TextStim(alignHoriz='center', alignVert='center', antialias=True, autoLog=True, bold=False, color='black', colorSpace='named', contrast=1.0, depth=0.0, flipHoriz=False, flipVert=False, font='Arial', fontFiles=[], height=0.1, italic=False, name='text_4', opacity=1.0, ori=0, pos=array([ 0.,  0.]), rgb=array([ 0.,  0.,  0.]), text=unicode(...), units=u'norm', win=Window(...), wrapWidth=1.5)
14.4197 	EXP 	Created polygon_2 = Polygon(autoDraw=False, autoLog=True, closeShape=True, contrast=1.0, depth=0.0, fillColor='#d7191c', fillColorSpace='hex', fillRGB=array([215,  25,  28]), interpolate=True, lineColor=array([ 1.,  1.,  1.]), lineColorSpace='rgb', lineRGB=array([ 1.,  1.,  1.]), lineWidth=1, name='polygon_2', opacity=1.0, ori=array(0.0), pos=array([-0.3, -0.2]), size=array([ 0.5,  0.5]), units='height', vertices=ndarray(...), win=Window(...))
14.4213 	EXP 	Created polygon_3 = ShapeStim(autoDraw=False, autoLog=True, closeShape=True, contrast=1.0, depth=-1.0, fillColor='#d7191c', fillColorSpace='hex', fillRGB=array([215,  25,  28]), interpolate=True, lineColor=array([ 1.,  1.,  1.]), lineColorSpace='rgb', lineRGB=array([ 1.,  1.,  1.]), lineWidth=1, name='polygon_3', opacity=1.0, ori=array(0.0), pos=array([ 0.3, -0.2]), size=array([ 1.,  1.]), units='height', vertices=ndarray(...), win=Window(...))
14.4480 	EXP 	Created text_3 = TextStim(alignHoriz='center', alignVert='center', antialias=True, autoLog=True, bold=False, color='black', colorSpace='named', contrast=1.0, depth=-2.0, flipHoriz=False, flipVert=False, font='Arial', fontFiles=[], height=0.1, italic=False, name='text_3', opacity=1.0, ori=0, pos=array([ 0. ,  0.6]), rgb=array([ 0.,  0.,  0.]), text=unicode(...), units='norm', win=Window(...), wrapWidth=1)
14.4498 	EXP 	Created polygon_4 = Polygon(autoDraw=False, autoLog=True, closeShape=True, contrast=1.0, depth=0.0, fillColor='#fdae61', fillColorSpace='hex', fillRGB=array([253, 174,  97]), interpolate=True, lineColor=array([ 1.,  1.,  1.]), lineColorSpace='rgb', lineRGB=array([ 1.,  1.,  1.]), lineWidth=1, name='polygon_4', opacity=1.0, ori=array(0.0), pos=array([ 0.3, -0.2]), size=array([ 0.5,  0.5]), units='height', vertices=ndarray(...), win=Window(...))
14.4515 	EXP 	Created polygon_5 = Polygon(autoDraw=False, autoLog=True, closeShape=True, contrast=1.0, depth=-1.0, fillColor='#2c7bb6', fillColorSpace='hex', fillRGB=array([ 44, 123, 182]), interpolate=True, lineColor=array([ 1.,  1.,  1.]), lineColorSpace='rgb', lineRGB=array([ 1.,  1.,  1.]), lineWidth=1, name='polygon_5', opacity=1.0, ori=array(0.0), pos=array([-0.3, -0.2]), size=array([ 0.5,  0.5]), units='height', vertices=ndarray(...), win=Window(...))
14.4833 	EXP 	Created text_5 = TextStim(alignHoriz='center', alignVert='center', antialias=True, autoLog=True, bold=False, color='black', colorSpace='named', contrast=1.0, depth=-2.0, flipHoriz=False, flipVert=False, font='Arial', fontFiles=[], height=0.1, italic=False, name='text_5', opacity=1.0, ori=0, pos=array([ 0. ,  0.6]), rgb=array([ 0.,  0.,  0.]), text=unicode(...), units=u'norm', win=Window(...), wrapWidth=1)
14.4840 	EXP 	Created text_6 = TextStim(alignHoriz='center', alignVert='center', antialias=True, autoLog=True, bold=False, color='black', colorSpace='named', contrast=1.0, depth=0.0, flipHoriz=False, flipVert=False, font='Arial', fontFiles=[], height=0.1, italic=False, name='text_6', opacity=1.0, ori=0, pos=array([ 0.,  0.]), rgb=array([ 0.,  0.,  0.]), text='', units=u'norm', win=Window(...), wrapWidth=1.5)
14.4847 	EXP 	Created text_9 = TextStim(alignHoriz='center', alignVert='center', antialias=True, autoLog=True, bold=False, color='black', colorSpace='named', contrast=1.0, depth=-2.0, flipHoriz=False, flipVert=False, font='Arial', fontFiles=[], height=0.1, italic=False, name='text_9', opacity=1.0, ori=0, pos=array([ 0. , -0.6]), rgb=array([ 0.,  0.,  0.]), text='', units=u'norm', win=Window(...), wrapWidth=1)
14.4853 	EXP 	Created text_same_practice = TextStim(alignHoriz='center', alignVert='center', antialias=True, autoLog=True, bold=False, color='black', colorSpace='named', contrast=1.0, depth=-3.0, flipHoriz=False, flipVert=False, font='Arial', fontFiles=[], height=0.1, italic=False, name='text_same_practice', opacity=1.0, ori=0, pos=array([ 0. , -0.8]), rgb=array([ 0.,  0.,  0.]), text='', units=u'norm', win=Window(...), wrapWidth=1)
14.5151 	EXP 	Created text_10 = TextStim(alignHoriz='center', alignVert='center', antialias=True, autoLog=True, bold=False, color='black', colorSpace='named', contrast=1.0, depth=0.0, flipHoriz=False, flipVert=False, font='Arial', fontFiles=[], height=0.1, italic=False, name='text_10', opacity=1.0, ori=0, pos=array([ 0.,  0.]), rgb=array([ 0.,  0.,  0.]), text=unicode(...), units=u'norm', win=Window(...), wrapWidth=1)
14.5430 	EXP 	Created unnamed TextStim = TextStim(alignHoriz='center', alignVert='center', antialias=True, autoLog=True, bold=False, color='black', colorSpace='named', contrast=1.0, depth=0, flipHoriz=False, flipVert=False, font='', fontFiles=[], height=0.5, italic=False, name='unnamed TextStim', opacity=1.0, ori=0.0, pos=array([ 0.,  0.]), rgb=array([ 0.,  0.,  0.]), text=u'+', units=u'norm', win=Window(...), wrapWidth=1)
14.5437 	EXP 	Created text_same = TextStim(alignHoriz='center', alignVert='center', antialias=True, autoLog=True, bold=False, color='black', colorSpace='named', contrast=1.0, depth=-2.0, flipHoriz=False, flipVert=False, font='Arial', fontFiles=[], height=0.1, italic=False, name='text_same', opacity=1.0, ori=0, pos=array([ 0. , -0.8]), rgb=array([ 0.,  0.,  0.]), text='', units=u'norm', win=Window(...), wrapWidth=1)
14.5588 	EXP 	Created text = TextStim(alignHoriz='center', alignVert='center', antialias=True, autoLog=True, bold=False, color='black', colorSpace='named', contrast=1.0, depth=0.0, flipHoriz=False, flipVert=False, font='Arial', fontFiles=[], height=0.1, italic=False, name='text', opacity=1.0, ori=0, pos=array([ 0.,  0.]), rgb=array([ 0.,  0.,  0.]), text=unicode(...), units=u'norm', win=Window(...), wrapWidth=1)
14.5833 	EXP 	text_4: autoDraw = True
14.8488 	DATA 	Keypress: d
14.8816 	EXP 	text_4: autoDraw = False
14.8816 	EXP 	polygon_2: autoDraw = True
14.8816 	EXP 	polygon_3: autoDraw = True
14.8816 	EXP 	text_3: autoDraw = True
15.1154 	DATA 	Keypress: s
15.1479 	EXP 	polygon_2: autoDraw = False
15.1479 	EXP 	polygon_3: autoDraw = False
15.1479 	EXP 	text_3: autoDraw = False
15.1479 	EXP 	polygon_4: autoDraw = True
15.1479 	EXP 	polygon_5: autoDraw = True
15.1479 	EXP 	text_5: autoDraw = True
15.5984 	DATA 	Keypress: d
15.5998 	EXP 	Created sequence: random, trialTypes=1, nReps=2, seed=None
15.6006 	EXP 	New trial (rep=0, index=0): None
15.7638 	EXP 	polygon_4: autoDraw = False
15.7638 	EXP 	polygon_5: autoDraw = False
15.7638 	EXP 	text_5: autoDraw = False
15.7638 	EXP 	text_6: text = "Let's try a few for practice. You'll see colors one at a time on the screen. They will be either BLUE or RED or ORANGE. Tell the experimenter if the color on the screen is the SAME or DIFFERENT from the color that you just saw. For the first stimulus, just say 'GO.' Then when it says 'Same?' underneath, tell the experimenter whether you see the same color or a different color [Experimenter: Press Green for SAME, Red for DIFFERENT]"
15.7638 	EXP 	text_6: autoDraw = True
16.1818 	DATA 	Keypress: f
16.4658 	DATA 	Keypress: d
16.5171 	EXP 	Imported Sequences\color_practice.xlsx as conditions, 9 conditions, 2 params
16.5177 	EXP 	Created sequence: random, trialTypes=9, nReps=2, seed=None
16.5184 	EXP 	New trial (rep=0, index=0): {u'color': u'#fdae61', u'answer': u'o'}
16.5229 	EXP 	Created unnamed Polygon = Polygon(autoDraw=True, autoLog=True, closeShape=True, contrast=1.0, depth=0, fillColor=u'#fdae61', fillColorSpace='hex', fillRGB=array([253, 174,  97]), interpolate=True, lineColor=array([ 1.,  1.,  1.]), lineColorSpace='rgb', lineRGB=array([ 1.,  1.,  1.]), lineWidth=1.5, name='unnamed Polygon', opacity=1.0, ori=array(0.0), pos=array([ 0.,  0.]), size=array([ 0.5,  0.5]), units='height', vertices=ndarray(...), win=Window(...))
16.5469 	EXP 	text_6: autoDraw = False
16.5469 	EXP 	text_same_practice: text = ''
16.5469 	EXP 	text_9: autoDraw = True
16.5469 	EXP 	text_same_practice: autoDraw = True
16.8981 	DATA 	Keypress: f
16.9009 	EXP 	New trial (rep=0, index=1): {u'color': u'#d7191c', u'answer': u'r'}
16.9323 	EXP 	Created unnamed Polygon = Polygon(autoDraw=True, autoLog=True, closeShape=True, contrast=1.0, depth=0, fillColor=u'#d7191c', fillColorSpace='hex', fillRGB=array([215,  25,  28]), interpolate=True, lineColor=array([ 1.,  1.,  1.]), lineColorSpace='rgb', lineRGB=array([ 1.,  1.,  1.]), lineWidth=1.5, name='unnamed Polygon', opacity=1.0, ori=array(0.0), pos=array([ 0.,  0.]), size=array([ 0.5,  0.5]), units='height', vertices=ndarray(...), win=Window(...))
16.9467 	EXP 	text_9: autoDraw = False
16.9467 	EXP 	text_same_practice: autoDraw = False
16.9467 	EXP 	unnamed Polygon: autoDraw = False
16.9467 	EXP 	text_same_practice: text = 'SAME / DIFFERENT?'
16.9467 	EXP 	text_9: autoDraw = True
16.9467 	EXP 	text_same_practice: autoDraw = True
17.2146 	DATA 	Keypress: a
17.2172 	EXP 	New trial (rep=0, index=2): {u'color': u'#2c7bb6', u'answer': u'b'}
17.2242 	EXP 	Created unnamed Polygon = Polygon(autoDraw=True, autoLog=True, closeShape=True, contrast=1.0, depth=0, fillColor=u'#2c7bb6', fillColorSpace='hex', fillRGB=array([ 44, 123, 182]), interpolate=True, lineColor=array([ 1.,  1.,  1.]), lineColorSpace='rgb', lineRGB=array([ 1.,  1.,  1.]), lineWidth=1.5, name='unnamed Polygon', opacity=1.0, ori=array(0.0), pos=array([ 0.,  0.]), size=array([ 0.5,  0.5]), units='height', vertices=ndarray(...), win=Window(...))
17.2467 	EXP 	text_9: autoDraw = False
17.2467 	EXP 	text_same_practice: autoDraw = False
17.2467 	EXP 	unnamed Polygon: autoDraw = False
17.2467 	EXP 	text_same_practice: text = ''
17.2467 	EXP 	text_9: autoDraw = True
17.2467 	EXP 	text_same_practice: autoDraw = True
17.4316 	DATA 	Keypress: f
17.4338 	EXP 	New trial (rep=0, index=3): {u'color': u'#d7191c', u'answer': u'r'}
17.4652 	EXP 	Created unnamed Polygon = Polygon(autoDraw=True, autoLog=True, closeShape=True, contrast=1.0, depth=0, fillColor=u'#d7191c', fillColorSpace='hex', fillRGB=array([215,  25,  28]), interpolate=True, lineColor=array([ 1.,  1.,  1.]), lineColorSpace='rgb', lineRGB=array([ 1.,  1.,  1.]), lineWidth=1.5, name='unnamed Polygon', opacity=1.0, ori=array(0.0), pos=array([ 0.,  0.]), size=array([ 0.5,  0.5]), units='height', vertices=ndarray(...), win=Window(...))
17.4967 	EXP 	text_9: autoDraw = False
17.4967 	EXP 	text_same_practice: autoDraw = False
17.4967 	EXP 	unnamed Polygon: autoDraw = False
17.4967 	EXP 	text_same_practice: text = 'SAME / DIFFERENT?'
17.4967 	EXP 	text_9: autoDraw = True
17.4967 	EXP 	text_same_practice: autoDraw = True
17.6475 	DATA 	Keypress: a
17.6499 	EXP 	New trial (rep=0, index=4): {u'color': u'#fdae61', u'answer': u'o'}
17.6569 	EXP 	Created unnamed Polygon = Polygon(autoDraw=True, autoLog=True, closeShape=True, contrast=1.0, depth=0, fillColor=u'#fdae61', fillColorSpace='hex', fillRGB=array([253, 174,  97]), interpolate=True, lineColor=array([ 1.,  1.,  1.]), lineColorSpace='rgb', lineRGB=array([ 1.,  1.,  1.]), lineWidth=1.5, name='unnamed Polygon', opacity=1.0, ori=array(0.0), pos=array([ 0.,  0.]), size=array([ 0.5,  0.5]), units='height', vertices=ndarray(...), win=Window(...))
17.6802 	EXP 	text_9: autoDraw = False
17.6802 	EXP 	text_same_practice: autoDraw = False
17.6802 	EXP 	unnamed Polygon: autoDraw = False
17.6802 	EXP 	text_same_practice: text = ''
17.6802 	EXP 	text_9: autoDraw = True
17.6802 	EXP 	text_same_practice: autoDraw = True
17.8482 	DATA 	Keypress: f
17.8504 	EXP 	New trial (rep=0, index=5): {u'color': u'#2c7bb6', u'answer': u'b'}
17.8800 	EXP 	Created unnamed Polygon = Polygon(autoDraw=True, autoLog=True, closeShape=True, contrast=1.0, depth=0, fillColor=u'#2c7bb6', fillColorSpace='hex', fillRGB=array([ 44, 123, 182]), interpolate=True, lineColor=array([ 1.,  1.,  1.]), lineColorSpace='rgb', lineRGB=array([ 1.,  1.,  1.]), lineWidth=1.5, name='unnamed Polygon', opacity=1.0, ori=array(0.0), pos=array([ 0.,  0.]), size=array([ 0.5,  0.5]), units='height', vertices=ndarray(...), win=Window(...))
17.8964 	EXP 	text_9: autoDraw = False
17.8964 	EXP 	text_same_practice: autoDraw = False
17.8964 	EXP 	unnamed Polygon: autoDraw = False
17.8964 	EXP 	text_same_practice: text = 'SAME / DIFFERENT?'
17.8964 	EXP 	text_9: autoDraw = True
17.8964 	EXP 	text_same_practice: autoDraw = True
18.0308 	DATA 	Keypress: a
18.0332 	EXP 	New trial (rep=0, index=6): {u'color': u'#2c7bb6', u'answer': u'b'}
18.0402 	EXP 	Created unnamed Polygon = Polygon(autoDraw=True, autoLog=True, closeShape=True, contrast=1.0, depth=0, fillColor=u'#2c7bb6', fillColorSpace='hex', fillRGB=array([ 44, 123, 182]), interpolate=True, lineColor=array([ 1.,  1.,  1.]), lineColorSpace='rgb', lineRGB=array([ 1.,  1.,  1.]), lineWidth=1.5, name='unnamed Polygon', opacity=1.0, ori=array(0.0), pos=array([ 0.,  0.]), size=array([ 0.5,  0.5]), units='height', vertices=ndarray(...), win=Window(...))
18.0630 	EXP 	text_9: autoDraw = False
18.0630 	EXP 	text_same_practice: autoDraw = False
18.0630 	EXP 	unnamed Polygon: autoDraw = False
18.0630 	EXP 	text_same_practice: text = ''
18.0630 	EXP 	text_9: autoDraw = True
18.0630 	EXP 	text_same_practice: autoDraw = True
18.2303 	DATA 	Keypress: f
18.2325 	EXP 	New trial (rep=0, index=7): {u'color': u'#fdae61', u'answer': u'o'}
18.2845 	EXP 	Created unnamed Polygon = Polygon(autoDraw=True, autoLog=True, closeShape=True, contrast=1.0, depth=0, fillColor=u'#fdae61', fillColorSpace='hex', fillRGB=array([253, 174,  97]), interpolate=True, lineColor=array([ 1.,  1.,  1.]), lineColorSpace='rgb', lineRGB=array([ 1.,  1.,  1.]), lineWidth=1.5, name='unnamed Polygon', opacity=1.0, ori=array(0.0), pos=array([ 0.,  0.]), size=array([ 0.5,  0.5]), units='height', vertices=ndarray(...), win=Window(...))
18.3127 	EXP 	text_9: autoDraw = False
18.3127 	EXP 	text_same_practice: autoDraw = False
18.3127 	EXP 	unnamed Polygon: autoDraw = False
18.3127 	EXP 	text_same_practice: text = 'SAME / DIFFERENT?'
18.3127 	EXP 	text_9: autoDraw = True
18.3127 	EXP 	text_same_practice: autoDraw = True
18.3835 	DATA 	Keypress: a
18.3995 	EXP 	New trial (rep=0, index=8): {u'color': u'#d7191c', u'answer': u'r'}
18.4062 	EXP 	Created unnamed Polygon = Polygon(autoDraw=True, autoLog=True, closeShape=True, contrast=1.0, depth=0, fillColor=u'#d7191c', fillColorSpace='hex', fillRGB=array([215,  25,  28]), interpolate=True, lineColor=array([ 1.,  1.,  1.]), lineColorSpace='rgb', lineRGB=array([ 1.,  1.,  1.]), lineWidth=1.5, name='unnamed Polygon', opacity=1.0, ori=array(0.0), pos=array([ 0.,  0.]), size=array([ 0.5,  0.5]), units='height', vertices=ndarray(...), win=Window(...))
18.4303 	EXP 	text_9: autoDraw = False
18.4303 	EXP 	text_same_practice: autoDraw = False
18.4303 	EXP 	unnamed Polygon: autoDraw = False
18.4303 	EXP 	text_same_practice: text = ''
18.4303 	EXP 	text_9: autoDraw = True
18.4303 	EXP 	text_same_practice: autoDraw = True
18.5977 	DATA 	Keypress: f
18.5999 	EXP 	New trial (rep=1, index=0): {u'color': u'#2c7bb6', u'answer': u'b'}
18.6320 	EXP 	Created unnamed Polygon = Polygon(autoDraw=True, autoLog=True, closeShape=True, contrast=1.0, depth=0, fillColor=u'#2c7bb6', fillColorSpace='hex', fillRGB=array([ 44, 123, 182]), interpolate=True, lineColor=array([ 1.,  1.,  1.]), lineColorSpace='rgb', lineRGB=array([ 1.,  1.,  1.]), lineWidth=1.5, name='unnamed Polygon', opacity=1.0, ori=array(0.0), pos=array([ 0.,  0.]), size=array([ 0.5,  0.5]), units='height', vertices=ndarray(...), win=Window(...))
18.6630 	EXP 	text_9: autoDraw = False
18.6630 	EXP 	text_same_practice: autoDraw = False
18.6630 	EXP 	unnamed Polygon: autoDraw = False
18.6630 	EXP 	text_same_practice: text = 'SAME / DIFFERENT?'
18.6630 	EXP 	text_9: autoDraw = True
18.6630 	EXP 	text_same_practice: autoDraw = True
18.7972 	DATA 	Keypress: a
18.7997 	EXP 	New trial (rep=1, index=1): {u'color': u'#fdae61', u'answer': u'o'}
18.8065 	EXP 	Created unnamed Polygon = Polygon(autoDraw=True, autoLog=True, closeShape=True, contrast=1.0, depth=0, fillColor=u'#fdae61', fillColorSpace='hex', fillRGB=array([253, 174,  97]), interpolate=True, lineColor=array([ 1.,  1.,  1.]), lineColorSpace='rgb', lineRGB=array([ 1.,  1.,  1.]), lineWidth=1.5, name='unnamed Polygon', opacity=1.0, ori=array(0.0), pos=array([ 0.,  0.]), size=array([ 0.5,  0.5]), units='height', vertices=ndarray(...), win=Window(...))
18.8292 	EXP 	text_9: autoDraw = False
18.8292 	EXP 	text_same_practice: autoDraw = False
18.8292 	EXP 	unnamed Polygon: autoDraw = False
18.8292 	EXP 	text_same_practice: text = ''
18.8292 	EXP 	text_9: autoDraw = True
18.8292 	EXP 	text_same_practice: autoDraw = True
18.9970 	DATA 	Keypress: f
18.9991 	EXP 	New trial (rep=1, index=2): {u'color': u'#2c7bb6', u'answer': u'b'}
19.0297 	EXP 	Created unnamed Polygon = Polygon(autoDraw=True, autoLog=True, closeShape=True, contrast=1.0, depth=0, fillColor=u'#2c7bb6', fillColorSpace='hex', fillRGB=array([ 44, 123, 182]), interpolate=True, lineColor=array([ 1.,  1.,  1.]), lineColorSpace='rgb', lineRGB=array([ 1.,  1.,  1.]), lineWidth=1.5, name='unnamed Polygon', opacity=1.0, ori=array(0.0), pos=array([ 0.,  0.]), size=array([ 0.5,  0.5]), units='height', vertices=ndarray(...), win=Window(...))
19.0456 	EXP 	text_9: autoDraw = False
19.0456 	EXP 	text_same_practice: autoDraw = False
19.0456 	EXP 	unnamed Polygon: autoDraw = False
19.0456 	EXP 	text_same_practice: text = 'SAME / DIFFERENT?'
19.0456 	EXP 	text_9: autoDraw = True
19.0456 	EXP 	text_same_practice: autoDraw = True
19.1964 	DATA 	Keypress: a
19.1989 	EXP 	New trial (rep=1, index=3): {u'color': u'#d7191c', u'answer': u'r'}
19.2057 	EXP 	Created unnamed Polygon = Polygon(autoDraw=True, autoLog=True, closeShape=True, contrast=1.0, depth=0, fillColor=u'#d7191c', fillColorSpace='hex', fillRGB=array([215,  25,  28]), interpolate=True, lineColor=array([ 1.,  1.,  1.]), lineColorSpace='rgb', lineRGB=array([ 1.,  1.,  1.]), lineWidth=1.5, name='unnamed Polygon', opacity=1.0, ori=array(0.0), pos=array([ 0.,  0.]), size=array([ 0.5,  0.5]), units='height', vertices=ndarray(...), win=Window(...))
19.2290 	EXP 	text_9: autoDraw = False
19.2290 	EXP 	text_same_practice: autoDraw = False
19.2290 	EXP 	unnamed Polygon: autoDraw = False
19.2290 	EXP 	text_same_practice: text = ''
19.2290 	EXP 	text_9: autoDraw = True
19.2290 	EXP 	text_same_practice: autoDraw = True
19.3965 	DATA 	Keypress: f
19.3989 	EXP 	New trial (rep=1, index=4): {u'color': u'#2c7bb6', u'answer': u'b'}
19.4292 	EXP 	Created unnamed Polygon = Polygon(autoDraw=True, autoLog=True, closeShape=True, contrast=1.0, depth=0, fillColor=u'#2c7bb6', fillColorSpace='hex', fillRGB=array([ 44, 123, 182]), interpolate=True, lineColor=array([ 1.,  1.,  1.]), lineColorSpace='rgb', lineRGB=array([ 1.,  1.,  1.]), lineWidth=1.5, name='unnamed Polygon', opacity=1.0, ori=array(0.0), pos=array([ 0.,  0.]), size=array([ 0.5,  0.5]), units='height', vertices=ndarray(...), win=Window(...))
19.4455 	EXP 	text_9: autoDraw = False
19.4455 	EXP 	text_same_practice: autoDraw = False
19.4455 	EXP 	unnamed Polygon: autoDraw = False
19.4455 	EXP 	text_same_practice: text = 'SAME / DIFFERENT?'
19.4455 	EXP 	text_9: autoDraw = True
19.4455 	EXP 	text_same_practice: autoDraw = True
19.6302 	DATA 	Keypress: a
19.6327 	EXP 	New trial (rep=1, index=5): {u'color': u'#d7191c', u'answer': u'r'}
19.6398 	EXP 	Created unnamed Polygon = Polygon(autoDraw=True, autoLog=True, closeShape=True, contrast=1.0, depth=0, fillColor=u'#d7191c', fillColorSpace='hex', fillRGB=array([215,  25,  28]), interpolate=True, lineColor=array([ 1.,  1.,  1.]), lineColorSpace='rgb', lineRGB=array([ 1.,  1.,  1.]), lineWidth=1.5, name='unnamed Polygon', opacity=1.0, ori=array(0.0), pos=array([ 0.,  0.]), size=array([ 0.5,  0.5]), units='height', vertices=ndarray(...), win=Window(...))
19.6626 	EXP 	text_9: autoDraw = False
19.6626 	EXP 	text_same_practice: autoDraw = False
19.6626 	EXP 	unnamed Polygon: autoDraw = False
19.6626 	EXP 	text_same_practice: text = ''
19.6626 	EXP 	text_9: autoDraw = True
19.6626 	EXP 	text_same_practice: autoDraw = True
19.8634 	DATA 	Keypress: f
19.8656 	EXP 	New trial (rep=1, index=6): {u'color': u'#fdae61', u'answer': u'o'}
19.8944 	EXP 	Created unnamed Polygon = Polygon(autoDraw=True, autoLog=True, closeShape=True, contrast=1.0, depth=0, fillColor=u'#fdae61', fillColorSpace='hex', fillRGB=array([253, 174,  97]), interpolate=True, lineColor=array([ 1.,  1.,  1.]), lineColorSpace='rgb', lineRGB=array([ 1.,  1.,  1.]), lineWidth=1.5, name='unnamed Polygon', opacity=1.0, ori=array(0.0), pos=array([ 0.,  0.]), size=array([ 0.5,  0.5]), units='height', vertices=ndarray(...), win=Window(...))
19.9122 	EXP 	text_9: autoDraw = False
19.9122 	EXP 	text_same_practice: autoDraw = False
19.9122 	EXP 	unnamed Polygon: autoDraw = False
19.9122 	EXP 	text_same_practice: text = 'SAME / DIFFERENT?'
19.9122 	EXP 	text_9: autoDraw = True
19.9122 	EXP 	text_same_practice: autoDraw = True
20.1990 	DATA 	Keypress: a
20.2021 	EXP 	New trial (rep=1, index=7): {u'color': u'#d7191c', u'answer': u'r'}
20.2094 	EXP 	Created unnamed Polygon = Polygon(autoDraw=True, autoLog=True, closeShape=True, contrast=1.0, depth=0, fillColor=u'#d7191c', fillColorSpace='hex', fillRGB=array([215,  25,  28]), interpolate=True, lineColor=array([ 1.,  1.,  1.]), lineColorSpace='rgb', lineRGB=array([ 1.,  1.,  1.]), lineWidth=1.5, name='unnamed Polygon', opacity=1.0, ori=array(0.0), pos=array([ 0.,  0.]), size=array([ 0.5,  0.5]), units='height', vertices=ndarray(...), win=Window(...))
20.2288 	EXP 	text_9: autoDraw = False
20.2288 	EXP 	text_same_practice: autoDraw = False
20.2288 	EXP 	unnamed Polygon: autoDraw = False
20.2288 	EXP 	text_same_practice: text = ''
20.2288 	EXP 	text_9: autoDraw = True
20.2288 	EXP 	text_same_practice: autoDraw = True
20.4962 	DATA 	Keypress: f
20.4984 	EXP 	New trial (rep=1, index=8): {u'color': u'#fdae61', u'answer': u'o'}
20.5494 	EXP 	Created unnamed Polygon = Polygon(autoDraw=True, autoLog=True, closeShape=True, contrast=1.0, depth=0, fillColor=u'#fdae61', fillColorSpace='hex', fillRGB=array([253, 174,  97]), interpolate=True, lineColor=array([ 1.,  1.,  1.]), lineColorSpace='rgb', lineRGB=array([ 1.,  1.,  1.]), lineWidth=1.5, name='unnamed Polygon', opacity=1.0, ori=array(0.0), pos=array([ 0.,  0.]), size=array([ 0.5,  0.5]), units='height', vertices=ndarray(...), win=Window(...))
20.5785 	EXP 	text_9: autoDraw = False
20.5785 	EXP 	text_same_practice: autoDraw = False
20.5785 	EXP 	unnamed Polygon: autoDraw = False
20.5785 	EXP 	text_same_practice: text = 'SAME / DIFFERENT?'
20.5785 	EXP 	text_9: autoDraw = True
20.5785 	EXP 	text_same_practice: autoDraw = True
20.8125 	DATA 	Keypress: a
21.0036 	EXP 	New trial (rep=1, index=0): None
21.0501 	EXP 	text_9: autoDraw = False
21.0501 	EXP 	text_same_practice: autoDraw = False
21.0501 	EXP 	unnamed Polygon: autoDraw = False
21.0501 	EXP 	text_6: text = 'Ok, before we practice one more time - do you have any questions about the task?'
21.0501 	EXP 	text_6: autoDraw = True
21.4350 	DATA 	Keypress: d
21.4708 	EXP 	Imported Sequences\color_practice.xlsx as conditions, 9 conditions, 2 params
21.4719 	EXP 	Created sequence: random, trialTypes=9, nReps=2, seed=None
21.4728 	EXP 	New trial (rep=0, index=0): {u'color': u'#fdae61', u'answer': u'o'}
21.4798 	EXP 	Created unnamed Polygon = Polygon(autoDraw=True, autoLog=True, closeShape=True, contrast=1.0, depth=0, fillColor=u'#fdae61', fillColorSpace='hex', fillRGB=array([253, 174,  97]), interpolate=True, lineColor=array([ 1.,  1.,  1.]), lineColorSpace='rgb', lineRGB=array([ 1.,  1.,  1.]), lineWidth=1.5, name='unnamed Polygon', opacity=1.0, ori=array(0.0), pos=array([ 0.,  0.]), size=array([ 0.5,  0.5]), units='height', vertices=ndarray(...), win=Window(...))
21.4994 	EXP 	text_6: autoDraw = False
21.4994 	EXP 	text_same_practice: text = ''
21.4994 	EXP 	text_9: autoDraw = True
21.4994 	EXP 	text_same_practice: autoDraw = True
21.7335 	DATA 	Keypress: f
21.7363 	EXP 	New trial (rep=0, index=1): {u'color': u'#d7191c', u'answer': u'r'}
21.7656 	EXP 	Created unnamed Polygon = Polygon(autoDraw=True, autoLog=True, closeShape=True, contrast=1.0, depth=0, fillColor=u'#d7191c', fillColorSpace='hex', fillRGB=array([215,  25,  28]), interpolate=True, lineColor=array([ 1.,  1.,  1.]), lineColorSpace='rgb', lineRGB=array([ 1.,  1.,  1.]), lineWidth=1.5, name='unnamed Polygon', opacity=1.0, ori=array(0.0), pos=array([ 0.,  0.]), size=array([ 0.5,  0.5]), units='height', vertices=ndarray(...), win=Window(...))
21.7827 	EXP 	text_9: autoDraw = False
21.7827 	EXP 	text_same_practice: autoDraw = False
21.7827 	EXP 	unnamed Polygon: autoDraw = False
21.7827 	EXP 	text_same_practice: text = 'SAME / DIFFERENT?'
21.7827 	EXP 	text_9: autoDraw = True
21.7827 	EXP 	text_same_practice: autoDraw = True
21.9505 	DATA 	Keypress: a
21.9522 	EXP 	New trial (rep=0, index=2): {u'color': u'#2c7bb6', u'answer': u'b'}
21.9716 	EXP 	Created unnamed Polygon = Polygon(autoDraw=True, autoLog=True, closeShape=True, contrast=1.0, depth=0, fillColor=u'#2c7bb6', fillColorSpace='hex', fillRGB=array([ 44, 123, 182]), interpolate=True, lineColor=array([ 1.,  1.,  1.]), lineColorSpace='rgb', lineRGB=array([ 1.,  1.,  1.]), lineWidth=1.5, name='unnamed Polygon', opacity=1.0, ori=array(0.0), pos=array([ 0.,  0.]), size=array([ 0.5,  0.5]), units='height', vertices=ndarray(...), win=Window(...))
21.9995 	EXP 	text_9: autoDraw = False
21.9995 	EXP 	text_same_practice: autoDraw = False
21.9995 	EXP 	unnamed Polygon: autoDraw = False
21.9995 	EXP 	text_same_practice: text = ''
21.9995 	EXP 	text_9: autoDraw = True
21.9995 	EXP 	text_same_practice: autoDraw = True
22.0161 	DATA 	Keypress: f
22.0170 	EXP 	New trial (rep=0, index=3): {u'color': u'#fdae61', u'answer': u'o'}
22.0290 	EXP 	Created unnamed Polygon = Polygon(autoDraw=True, autoLog=True, closeShape=True, contrast=1.0, depth=0, fillColor=u'#fdae61', fillColorSpace='hex', fillRGB=array([253, 174,  97]), interpolate=True, lineColor=array([ 1.,  1.,  1.]), lineColorSpace='rgb', lineRGB=array([ 1.,  1.,  1.]), lineWidth=1.5, name='unnamed Polygon', opacity=1.0, ori=array(0.0), pos=array([ 0.,  0.]), size=array([ 0.5,  0.5]), units='height', vertices=ndarray(...), win=Window(...))
22.0496 	EXP 	text_9: autoDraw = False
22.0496 	EXP 	text_same_practice: autoDraw = False
22.0496 	EXP 	unnamed Polygon: autoDraw = False
22.0496 	EXP 	text_same_practice: text = 'SAME / DIFFERENT?'
22.0496 	EXP 	text_9: autoDraw = True
22.0496 	EXP 	text_same_practice: autoDraw = True
22.1326 	DATA 	Keypress: a
22.1336 	EXP 	New trial (rep=0, index=4): {u'color': u'#2c7bb6', u'answer': u'b'}
22.1361 	EXP 	Created unnamed Polygon = Polygon(autoDraw=True, autoLog=True, closeShape=True, contrast=1.0, depth=0, fillColor=u'#2c7bb6', fillColorSpace='hex', fillRGB=array([ 44, 123, 182]), interpolate=True, lineColor=array([ 1.,  1.,  1.]), lineColorSpace='rgb', lineRGB=array([ 1.,  1.,  1.]), lineWidth=1.5, name='unnamed Polygon', opacity=1.0, ori=array(0.0), pos=array([ 0.,  0.]), size=array([ 0.5,  0.5]), units='height', vertices=ndarray(...), win=Window(...))
22.1494 	EXP 	text_9: autoDraw = False
22.1494 	EXP 	text_same_practice: autoDraw = False
22.1494 	EXP 	unnamed Polygon: autoDraw = False
22.1494 	EXP 	text_same_practice: text = ''
22.1494 	EXP 	text_9: autoDraw = True
22.1494 	EXP 	text_same_practice: autoDraw = True
22.2176 	DATA 	Keypress: f
22.2203 	EXP 	New trial (rep=0, index=5): {u'color': u'#d7191c', u'answer': u'r'}
22.2822 	EXP 	Created unnamed Polygon = Polygon(autoDraw=True, autoLog=True, closeShape=True, contrast=1.0, depth=0, fillColor=u'#d7191c', fillColorSpace='hex', fillRGB=array([215,  25,  28]), interpolate=True, lineColor=array([ 1.,  1.,  1.]), lineColorSpace='rgb', lineRGB=array([ 1.,  1.,  1.]), lineWidth=1.5, name='unnamed Polygon', opacity=1.0, ori=array(0.0), pos=array([ 0.,  0.]), size=array([ 0.5,  0.5]), units='height', vertices=ndarray(...), win=Window(...))
22.3156 	EXP 	text_9: autoDraw = False
22.3156 	EXP 	text_same_practice: autoDraw = False
22.3156 	EXP 	unnamed Polygon: autoDraw = False
22.3156 	EXP 	text_same_practice: text = 'SAME / DIFFERENT?'
22.3156 	EXP 	text_9: autoDraw = True
22.3156 	EXP 	text_same_practice: autoDraw = True
22.3671 	DATA 	Keypress: a
22.3695 	EXP 	New trial (rep=0, index=6): {u'color': u'#fdae61', u'answer': u'o'}
22.3762 	EXP 	Created unnamed Polygon = Polygon(autoDraw=True, autoLog=True, closeShape=True, contrast=1.0, depth=0, fillColor=u'#fdae61', fillColorSpace='hex', fillRGB=array([253, 174,  97]), interpolate=True, lineColor=array([ 1.,  1.,  1.]), lineColorSpace='rgb', lineRGB=array([ 1.,  1.,  1.]), lineWidth=1.5, name='unnamed Polygon', opacity=1.0, ori=array(0.0), pos=array([ 0.,  0.]), size=array([ 0.5,  0.5]), units='height', vertices=ndarray(...), win=Window(...))
22.3989 	EXP 	text_9: autoDraw = False
22.3989 	EXP 	text_same_practice: autoDraw = False
22.3989 	EXP 	unnamed Polygon: autoDraw = False
22.3989 	EXP 	text_same_practice: text = ''
22.3989 	EXP 	text_9: autoDraw = True
22.3989 	EXP 	text_same_practice: autoDraw = True
22.4501 	DATA 	Keypress: f
22.4523 	EXP 	New trial (rep=0, index=7): {u'color': u'#d7191c', u'answer': u'r'}
22.4823 	EXP 	Created unnamed Polygon = Polygon(autoDraw=True, autoLog=True, closeShape=True, contrast=1.0, depth=0, fillColor=u'#d7191c', fillColorSpace='hex', fillRGB=array([215,  25,  28]), interpolate=True, lineColor=array([ 1.,  1.,  1.]), lineColorSpace='rgb', lineRGB=array([ 1.,  1.,  1.]), lineWidth=1.5, name='unnamed Polygon', opacity=1.0, ori=array(0.0), pos=array([ 0.,  0.]), size=array([ 0.5,  0.5]), units='height', vertices=ndarray(...), win=Window(...))
22.4988 	EXP 	text_9: autoDraw = False
22.4988 	EXP 	text_same_practice: autoDraw = False
22.4988 	EXP 	unnamed Polygon: autoDraw = False
22.4988 	EXP 	text_same_practice: text = 'SAME / DIFFERENT?'
22.4988 	EXP 	text_9: autoDraw = True
22.4988 	EXP 	text_same_practice: autoDraw = True
22.6497 	DATA 	Keypress: f
22.6522 	EXP 	New trial (rep=0, index=8): {u'color': u'#2c7bb6', u'answer': u'b'}
22.6588 	EXP 	Created unnamed Polygon = Polygon(autoDraw=True, autoLog=True, closeShape=True, contrast=1.0, depth=0, fillColor=u'#2c7bb6', fillColorSpace='hex', fillRGB=array([ 44, 123, 182]), interpolate=True, lineColor=array([ 1.,  1.,  1.]), lineColorSpace='rgb', lineRGB=array([ 1.,  1.,  1.]), lineWidth=1.5, name='unnamed Polygon', opacity=1.0, ori=array(0.0), pos=array([ 0.,  0.]), size=array([ 0.5,  0.5]), units='height', vertices=ndarray(...), win=Window(...))
22.6821 	EXP 	text_9: autoDraw = False
22.6821 	EXP 	text_same_practice: autoDraw = False
22.6821 	EXP 	unnamed Polygon: autoDraw = False
22.6821 	EXP 	text_same_practice: text = ''
22.6821 	EXP 	text_9: autoDraw = True
22.6821 	EXP 	text_same_practice: autoDraw = True
22.7338 	DATA 	Keypress: a
22.7524 	EXP 	New trial (rep=1, index=0): {u'color': u'#fdae61', u'answer': u'o'}
22.7812 	EXP 	Created unnamed Polygon = Polygon(autoDraw=True, autoLog=True, closeShape=True, contrast=1.0, depth=0, fillColor=u'#fdae61', fillColorSpace='hex', fillRGB=array([253, 174,  97]), interpolate=True, lineColor=array([ 1.,  1.,  1.]), lineColorSpace='rgb', lineRGB=array([ 1.,  1.,  1.]), lineWidth=1.5, name='unnamed Polygon', opacity=1.0, ori=array(0.0), pos=array([ 0.,  0.]), size=array([ 0.5,  0.5]), units='height', vertices=ndarray(...), win=Window(...))
22.7984 	EXP 	text_9: autoDraw = False
22.7984 	EXP 	text_same_practice: autoDraw = False
22.7984 	EXP 	unnamed Polygon: autoDraw = False
22.7984 	EXP 	text_same_practice: text = 'SAME / DIFFERENT?'
22.7984 	EXP 	text_9: autoDraw = True
22.7984 	EXP 	text_same_practice: autoDraw = True
22.8500 	DATA 	Keypress: f
22.8524 	EXP 	New trial (rep=1, index=1): {u'color': u'#d7191c', u'answer': u'r'}
22.8902 	EXP 	Created unnamed Polygon = Polygon(autoDraw=True, autoLog=True, closeShape=True, contrast=1.0, depth=0, fillColor=u'#d7191c', fillColorSpace='hex', fillRGB=array([215,  25,  28]), interpolate=True, lineColor=array([ 1.,  1.,  1.]), lineColorSpace='rgb', lineRGB=array([ 1.,  1.,  1.]), lineWidth=1.5, name='unnamed Polygon', opacity=1.0, ori=array(0.0), pos=array([ 0.,  0.]), size=array([ 0.5,  0.5]), units='height', vertices=ndarray(...), win=Window(...))
22.9153 	EXP 	text_9: autoDraw = False
22.9153 	EXP 	text_same_practice: autoDraw = False
22.9153 	EXP 	unnamed Polygon: autoDraw = False
22.9153 	EXP 	text_same_practice: text = ''
22.9153 	EXP 	text_9: autoDraw = True
22.9153 	EXP 	text_same_practice: autoDraw = True
22.9499 	DATA 	Keypress: a
22.9521 	EXP 	New trial (rep=1, index=2): {u'color': u'#d7191c', u'answer': u'r'}
22.9816 	EXP 	Created unnamed Polygon = Polygon(autoDraw=True, autoLog=True, closeShape=True, contrast=1.0, depth=0, fillColor=u'#d7191c', fillColorSpace='hex', fillRGB=array([215,  25,  28]), interpolate=True, lineColor=array([ 1.,  1.,  1.]), lineColorSpace='rgb', lineRGB=array([ 1.,  1.,  1.]), lineWidth=1.5, name='unnamed Polygon', opacity=1.0, ori=array(0.0), pos=array([ 0.,  0.]), size=array([ 0.5,  0.5]), units='height', vertices=ndarray(...), win=Window(...))
22.9984 	EXP 	text_9: autoDraw = False
22.9984 	EXP 	text_same_practice: autoDraw = False
22.9984 	EXP 	unnamed Polygon: autoDraw = False
22.9984 	EXP 	text_same_practice: text = 'SAME / DIFFERENT?'
22.9984 	EXP 	text_9: autoDraw = True
22.9984 	EXP 	text_same_practice: autoDraw = True
23.0498 	DATA 	Keypress: f
23.0520 	EXP 	New trial (rep=1, index=3): {u'color': u'#d7191c', u'answer': u'r'}
23.0581 	EXP 	Created unnamed Polygon = Polygon(autoDraw=True, autoLog=True, closeShape=True, contrast=1.0, depth=0, fillColor=u'#d7191c', fillColorSpace='hex', fillRGB=array([215,  25,  28]), interpolate=True, lineColor=array([ 1.,  1.,  1.]), lineColorSpace='rgb', lineRGB=array([ 1.,  1.,  1.]), lineWidth=1.5, name='unnamed Polygon', opacity=1.0, ori=array(0.0), pos=array([ 0.,  0.]), size=array([ 0.5,  0.5]), units='height', vertices=ndarray(...), win=Window(...))
23.0818 	EXP 	text_9: autoDraw = False
23.0818 	EXP 	text_same_practice: autoDraw = False
23.0818 	EXP 	unnamed Polygon: autoDraw = False
23.0818 	EXP 	text_same_practice: text = ''
23.0818 	EXP 	text_9: autoDraw = True
23.0818 	EXP 	text_same_practice: autoDraw = True
23.1333 	DATA 	Keypress: a
23.1358 	EXP 	New trial (rep=1, index=4): {u'color': u'#2c7bb6', u'answer': u'b'}
23.1665 	EXP 	Created unnamed Polygon = Polygon(autoDraw=True, autoLog=True, closeShape=True, contrast=1.0, depth=0, fillColor=u'#2c7bb6', fillColorSpace='hex', fillRGB=array([ 44, 123, 182]), interpolate=True, lineColor=array([ 1.,  1.,  1.]), lineColorSpace='rgb', lineRGB=array([ 1.,  1.,  1.]), lineWidth=1.5, name='unnamed Polygon', opacity=1.0, ori=array(0.0), pos=array([ 0.,  0.]), size=array([ 0.5,  0.5]), units='height', vertices=ndarray(...), win=Window(...))
23.1816 	EXP 	text_9: autoDraw = False
23.1816 	EXP 	text_same_practice: autoDraw = False
23.1816 	EXP 	unnamed Polygon: autoDraw = False
23.1816 	EXP 	text_same_practice: text = 'SAME / DIFFERENT?'
23.1816 	EXP 	text_9: autoDraw = True
23.1816 	EXP 	text_same_practice: autoDraw = True
23.2348 	DATA 	Keypress: f
23.2370 	EXP 	New trial (rep=1, index=5): {u'color': u'#fdae61', u'answer': u'o'}
23.2429 	EXP 	Created unnamed Polygon = Polygon(autoDraw=True, autoLog=True, closeShape=True, contrast=1.0, depth=0, fillColor=u'#fdae61', fillColorSpace='hex', fillRGB=array([253, 174,  97]), interpolate=True, lineColor=array([ 1.,  1.,  1.]), lineColorSpace='rgb', lineRGB=array([ 1.,  1.,  1.]), lineWidth=1.5, name='unnamed Polygon', opacity=1.0, ori=array(0.0), pos=array([ 0.,  0.]), size=array([ 0.5,  0.5]), units='height', vertices=ndarray(...), win=Window(...))
23.2656 	EXP 	text_9: autoDraw = False
23.2656 	EXP 	text_same_practice: autoDraw = False
23.2656 	EXP 	unnamed Polygon: autoDraw = False
23.2656 	EXP 	text_same_practice: text = ''
23.2656 	EXP 	text_9: autoDraw = True
23.2656 	EXP 	text_same_practice: autoDraw = True
23.3166 	DATA 	Keypress: a
23.3189 	EXP 	New trial (rep=1, index=6): {u'color': u'#fdae61', u'answer': u'o'}
23.3653 	EXP 	Created unnamed Polygon = Polygon(autoDraw=True, autoLog=True, closeShape=True, contrast=1.0, depth=0, fillColor=u'#fdae61', fillColorSpace='hex', fillRGB=array([253, 174,  97]), interpolate=True, lineColor=array([ 1.,  1.,  1.]), lineColorSpace='rgb', lineRGB=array([ 1.,  1.,  1.]), lineWidth=1.5, name='unnamed Polygon', opacity=1.0, ori=array(0.0), pos=array([ 0.,  0.]), size=array([ 0.5,  0.5]), units='height', vertices=ndarray(...), win=Window(...))
23.3813 	EXP 	text_9: autoDraw = False
23.3813 	EXP 	text_same_practice: autoDraw = False
23.3813 	EXP 	unnamed Polygon: autoDraw = False
23.3813 	EXP 	text_same_practice: text = 'SAME / DIFFERENT?'
23.3813 	EXP 	text_9: autoDraw = True
23.3813 	EXP 	text_same_practice: autoDraw = True
23.7661 	DATA 	Keypress: a
23.7686 	EXP 	New trial (rep=1, index=7): {u'color': u'#2c7bb6', u'answer': u'b'}
23.7756 	EXP 	Created unnamed Polygon = Polygon(autoDraw=True, autoLog=True, closeShape=True, contrast=1.0, depth=0, fillColor=u'#2c7bb6', fillColorSpace='hex', fillRGB=array([ 44, 123, 182]), interpolate=True, lineColor=array([ 1.,  1.,  1.]), lineColorSpace='rgb', lineRGB=array([ 1.,  1.,  1.]), lineWidth=1.5, name='unnamed Polygon', opacity=1.0, ori=array(0.0), pos=array([ 0.,  0.]), size=array([ 0.5,  0.5]), units='height', vertices=ndarray(...), win=Window(...))
23.7982 	EXP 	text_9: autoDraw = False
23.7982 	EXP 	text_same_practice: autoDraw = False
23.7982 	EXP 	unnamed Polygon: autoDraw = False
23.7982 	EXP 	text_same_practice: text = ''
23.7982 	EXP 	text_9: autoDraw = True
23.7982 	EXP 	text_same_practice: autoDraw = True
24.0489 	DATA 	Keypress: f
24.0511 	EXP 	New trial (rep=1, index=8): {u'color': u'#2c7bb6', u'answer': u'b'}
24.0817 	EXP 	Created unnamed Polygon = Polygon(autoDraw=True, autoLog=True, closeShape=True, contrast=1.0, depth=0, fillColor=u'#2c7bb6', fillColorSpace='hex', fillRGB=array([ 44, 123, 182]), interpolate=True, lineColor=array([ 1.,  1.,  1.]), lineColorSpace='rgb', lineRGB=array([ 1.,  1.,  1.]), lineWidth=1.5, name='unnamed Polygon', opacity=1.0, ori=array(0.0), pos=array([ 0.,  0.]), size=array([ 0.5,  0.5]), units='height', vertices=ndarray(...), win=Window(...))
24.1147 	EXP 	text_9: autoDraw = False
24.1147 	EXP 	text_same_practice: autoDraw = False
24.1147 	EXP 	unnamed Polygon: autoDraw = False
24.1147 	EXP 	text_same_practice: text = 'SAME / DIFFERENT?'
24.1147 	EXP 	text_9: autoDraw = True
24.1147 	EXP 	text_same_practice: autoDraw = True
24.3320 	DATA 	Keypress: a
24.4771 	EXP 	text_9: autoDraw = False
24.4771 	EXP 	text_same_practice: autoDraw = False
24.4771 	EXP 	unnamed Polygon: autoDraw = False
24.4771 	EXP 	text_10: autoDraw = True
24.8113 	DATA 	Keypress: d
24.8413 	EXP 	Imported Sequences\color.xlsx as conditions, 63 conditions, 2 params
24.8429 	EXP 	Created sequence: random, trialTypes=63, nReps=2, seed=None
24.8439 	EXP 	New trial (rep=0, index=0): {u'color': u'#d7191c', u'answer': u'r'}
24.8506 	EXP 	Created unnamed Polygon = Polygon(autoDraw=True, autoLog=True, closeShape=True, contrast=1.0, depth=0, fillColor=u'#d7191c', fillColorSpace='hex', fillRGB=array([215,  25,  28]), interpolate=True, lineColor=array([ 1.,  1.,  1.]), lineColorSpace='rgb', lineRGB=array([ 1.,  1.,  1.]), lineWidth=1.5, name='unnamed Polygon', opacity=1.0, ori=array(0.0), pos=array([ 0.,  0.]), size=array([ 0.5,  0.5]), units='height', vertices=ndarray(...), win=Window(...))
24.8766 	EXP 	text_10: autoDraw = False
24.8766 	EXP 	text_same: text = ''
24.8766 	EXP 	text_same: autoDraw = True
25.0615 	DATA 	Keypress: f
25.0643 	EXP 	New trial (rep=0, index=1): {u'color': u'#d7191c', u'answer': u'r'}
25.0923 	EXP 	Created unnamed Polygon = Polygon(autoDraw=True, autoLog=True, closeShape=True, contrast=1.0, depth=0, fillColor=u'#d7191c', fillColorSpace='hex', fillRGB=array([215,  25,  28]), interpolate=True, lineColor=array([ 1.,  1.,  1.]), lineColorSpace='rgb', lineRGB=array([ 1.,  1.,  1.]), lineWidth=1.5, name='unnamed Polygon', opacity=1.0, ori=array(0.0), pos=array([ 0.,  0.]), size=array([ 0.5,  0.5]), units='height', vertices=ndarray(...), win=Window(...))
25.1099 	EXP 	text_same: autoDraw = False
25.1099 	EXP 	unnamed Polygon: autoDraw = False
25.1099 	EXP 	text_same: text = 'SAME / DIFFERENT?'
25.1099 	EXP 	text_same: autoDraw = True
25.3112 	DATA 	Keypress: a
25.3138 	EXP 	New trial (rep=0, index=2): {u'color': u'#2c7bb6', u'answer': u'b'}
25.3209 	EXP 	Created unnamed Polygon = Polygon(autoDraw=True, autoLog=True, closeShape=True, contrast=1.0, depth=0, fillColor=u'#2c7bb6', fillColorSpace='hex', fillRGB=array([ 44, 123, 182]), interpolate=True, lineColor=array([ 1.,  1.,  1.]), lineColorSpace='rgb', lineRGB=array([ 1.,  1.,  1.]), lineWidth=1.5, name='unnamed Polygon', opacity=1.0, ori=array(0.0), pos=array([ 0.,  0.]), size=array([ 0.5,  0.5]), units='height', vertices=ndarray(...), win=Window(...))
25.3439 	EXP 	text_same: autoDraw = False
25.3439 	EXP 	unnamed Polygon: autoDraw = False
25.3439 	EXP 	text_same: text = ''
25.3439 	EXP 	text_same: autoDraw = True
25.3956 	DATA 	Keypress: f
25.4132 	EXP 	New trial (rep=0, index=3): {u'color': u'#2c7bb6', u'answer': u'b'}
25.4331 	EXP 	Created unnamed Polygon = Polygon(autoDraw=True, autoLog=True, closeShape=True, contrast=1.0, depth=0, fillColor=u'#2c7bb6', fillColorSpace='hex', fillRGB=array([ 44, 123, 182]), interpolate=True, lineColor=array([ 1.,  1.,  1.]), lineColorSpace='rgb', lineRGB=array([ 1.,  1.,  1.]), lineWidth=1.5, name='unnamed Polygon', opacity=1.0, ori=array(0.0), pos=array([ 0.,  0.]), size=array([ 0.5,  0.5]), units='height', vertices=ndarray(...), win=Window(...))
25.4595 	EXP 	text_same: autoDraw = False
25.4595 	EXP 	unnamed Polygon: autoDraw = False
25.4595 	EXP 	text_same: text = 'SAME / DIFFERENT?'
25.4595 	EXP 	text_same: autoDraw = True
25.5110 	DATA 	Keypress: a
25.5134 	EXP 	New trial (rep=0, index=4): {u'color': u'#2c7bb6', u'answer': u'b'}
25.5494 	EXP 	Created unnamed Polygon = Polygon(autoDraw=True, autoLog=True, closeShape=True, contrast=1.0, depth=0, fillColor=u'#2c7bb6', fillColorSpace='hex', fillRGB=array([ 44, 123, 182]), interpolate=True, lineColor=array([ 1.,  1.,  1.]), lineColorSpace='rgb', lineRGB=array([ 1.,  1.,  1.]), lineWidth=1.5, name='unnamed Polygon', opacity=1.0, ori=array(0.0), pos=array([ 0.,  0.]), size=array([ 0.5,  0.5]), units='height', vertices=ndarray(...), win=Window(...))
25.5762 	EXP 	text_same: autoDraw = False
25.5762 	EXP 	unnamed Polygon: autoDraw = False
25.5762 	EXP 	text_same: text = ''
25.5762 	EXP 	text_same: autoDraw = True
25.6118 	DATA 	Keypress: f
25.6151 	EXP 	New trial (rep=0, index=5): {u'color': u'#fdae61', u'answer': u'o'}
25.6360 	EXP 	Created unnamed Polygon = Polygon(autoDraw=True, autoLog=True, closeShape=True, contrast=1.0, depth=0, fillColor=u'#fdae61', fillColorSpace='hex', fillRGB=array([253, 174,  97]), interpolate=True, lineColor=array([ 1.,  1.,  1.]), lineColorSpace='rgb', lineRGB=array([ 1.,  1.,  1.]), lineWidth=1.5, name='unnamed Polygon', opacity=1.0, ori=array(0.0), pos=array([ 0.,  0.]), size=array([ 0.5,  0.5]), units='height', vertices=ndarray(...), win=Window(...))
25.6601 	EXP 	text_same: autoDraw = False
25.6601 	EXP 	unnamed Polygon: autoDraw = False
25.6601 	EXP 	text_same: text = 'SAME / DIFFERENT?'
25.6601 	EXP 	text_same: autoDraw = True
25.7437 	DATA 	Keypress: a
25.7445 	EXP 	New trial (rep=0, index=6): {u'color': u'#fdae61', u'answer': u'o'}
25.7560 	EXP 	Created unnamed Polygon = Polygon(autoDraw=True, autoLog=True, closeShape=True, contrast=1.0, depth=0, fillColor=u'#fdae61', fillColorSpace='hex', fillRGB=array([253, 174,  97]), interpolate=True, lineColor=array([ 1.,  1.,  1.]), lineColorSpace='rgb', lineRGB=array([ 1.,  1.,  1.]), lineWidth=1.5, name='unnamed Polygon', opacity=1.0, ori=array(0.0), pos=array([ 0.,  0.]), size=array([ 0.5,  0.5]), units='height', vertices=ndarray(...), win=Window(...))
25.7768 	EXP 	text_same: autoDraw = False
25.7768 	EXP 	unnamed Polygon: autoDraw = False
25.7768 	EXP 	text_same: text = ''
25.7768 	EXP 	text_same: autoDraw = True
25.8105 	DATA 	Keypress: f
25.8119 	EXP 	New trial (rep=0, index=7): {u'color': u'#fdae61', u'answer': u'o'}
25.8317 	EXP 	Created unnamed Polygon = Polygon(autoDraw=True, autoLog=True, closeShape=True, contrast=1.0, depth=0, fillColor=u'#fdae61', fillColorSpace='hex', fillRGB=array([253, 174,  97]), interpolate=True, lineColor=array([ 1.,  1.,  1.]), lineColorSpace='rgb', lineRGB=array([ 1.,  1.,  1.]), lineWidth=1.5, name='unnamed Polygon', opacity=1.0, ori=array(0.0), pos=array([ 0.,  0.]), size=array([ 0.5,  0.5]), units='height', vertices=ndarray(...), win=Window(...))
25.8597 	EXP 	text_same: autoDraw = False
25.8597 	EXP 	unnamed Polygon: autoDraw = False
25.8597 	EXP 	text_same: text = 'SAME / DIFFERENT?'
25.8597 	EXP 	text_same: autoDraw = True
26.0271 	DATA 	Keypress: f
26.0279 	EXP 	New trial (rep=0, index=8): {u'color': u'#2c7bb6', u'answer': u'b'}
26.0302 	EXP 	Created unnamed Polygon = Polygon(autoDraw=True, autoLog=True, closeShape=True, contrast=1.0, depth=0, fillColor=u'#2c7bb6', fillColorSpace='hex', fillRGB=array([ 44, 123, 182]), interpolate=True, lineColor=array([ 1.,  1.,  1.]), lineColorSpace='rgb', lineRGB=array([ 1.,  1.,  1.]), lineWidth=1.5, name='unnamed Polygon', opacity=1.0, ori=array(0.0), pos=array([ 0.,  0.]), size=array([ 0.5,  0.5]), units='height', vertices=ndarray(...), win=Window(...))
26.0436 	EXP 	text_same: autoDraw = False
26.0436 	EXP 	unnamed Polygon: autoDraw = False
26.0436 	EXP 	text_same: text = ''
26.0436 	EXP 	text_same: autoDraw = True
26.1273 	DATA 	Keypress: a
26.1280 	EXP 	New trial (rep=0, index=9): {u'color': u'#2c7bb6', u'answer': u'b'}
26.1424 	EXP 	Created unnamed Polygon = Polygon(autoDraw=True, autoLog=True, closeShape=True, contrast=1.0, depth=0, fillColor=u'#2c7bb6', fillColorSpace='hex', fillRGB=array([ 44, 123, 182]), interpolate=True, lineColor=array([ 1.,  1.,  1.]), lineColorSpace='rgb', lineRGB=array([ 1.,  1.,  1.]), lineWidth=1.5, name='unnamed Polygon', opacity=1.0, ori=array(0.0), pos=array([ 0.,  0.]), size=array([ 0.5,  0.5]), units='height', vertices=ndarray(...), win=Window(...))
26.1591 	EXP 	text_same: autoDraw = False
26.1591 	EXP 	unnamed Polygon: autoDraw = False
26.1591 	EXP 	text_same: text = 'SAME / DIFFERENT?'
26.1591 	EXP 	text_same: autoDraw = True
26.2277 	DATA 	Keypress: f
26.2301 	EXP 	New trial (rep=0, index=10): {u'color': u'#fdae61', u'answer': u'o'}
26.2370 	EXP 	Created unnamed Polygon = Polygon(autoDraw=True, autoLog=True, closeShape=True, contrast=1.0, depth=0, fillColor=u'#fdae61', fillColorSpace='hex', fillRGB=array([253, 174,  97]), interpolate=True, lineColor=array([ 1.,  1.,  1.]), lineColorSpace='rgb', lineRGB=array([ 1.,  1.,  1.]), lineWidth=1.5, name='unnamed Polygon', opacity=1.0, ori=array(0.0), pos=array([ 0.,  0.]), size=array([ 0.5,  0.5]), units='height', vertices=ndarray(...), win=Window(...))
26.2604 	EXP 	text_same: autoDraw = False
26.2604 	EXP 	unnamed Polygon: autoDraw = False
26.2604 	EXP 	text_same: text = ''
26.2604 	EXP 	text_same: autoDraw = True
26.3270 	DATA 	Keypress: a
26.3292 	EXP 	New trial (rep=0, index=11): {u'color': u'#d7191c', u'answer': u'r'}
26.3608 	EXP 	Created unnamed Polygon = Polygon(autoDraw=True, autoLog=True, closeShape=True, contrast=1.0, depth=0, fillColor=u'#d7191c', fillColorSpace='hex', fillRGB=array([215,  25,  28]), interpolate=True, lineColor=array([ 1.,  1.,  1.]), lineColorSpace='rgb', lineRGB=array([ 1.,  1.,  1.]), lineWidth=1.5, name='unnamed Polygon', opacity=1.0, ori=array(0.0), pos=array([ 0.,  0.]), size=array([ 0.5,  0.5]), units='height', vertices=ndarray(...), win=Window(...))
26.3932 	EXP 	text_same: autoDraw = False
26.3932 	EXP 	unnamed Polygon: autoDraw = False
26.3932 	EXP 	text_same: text = 'SAME / DIFFERENT?'
26.3932 	EXP 	text_same: autoDraw = True
26.4268 	DATA 	Keypress: f
26.4283 	EXP 	New trial (rep=0, index=12): {u'color': u'#fdae61', u'answer': u'o'}
26.4326 	EXP 	Created unnamed Polygon = Polygon(autoDraw=True, autoLog=True, closeShape=True, contrast=1.0, depth=0, fillColor=u'#fdae61', fillColorSpace='hex', fillRGB=array([253, 174,  97]), interpolate=True, lineColor=array([ 1.,  1.,  1.]), lineColorSpace='rgb', lineRGB=array([ 1.,  1.,  1.]), lineWidth=1.5, name='unnamed Polygon', opacity=1.0, ori=array(0.0), pos=array([ 0.,  0.]), size=array([ 0.5,  0.5]), units='height', vertices=ndarray(...), win=Window(...))
26.4598 	EXP 	text_same: autoDraw = False
26.4598 	EXP 	unnamed Polygon: autoDraw = False
26.4598 	EXP 	text_same: text = ''
26.4598 	EXP 	text_same: autoDraw = True
26.5276 	DATA 	Keypress: a
26.5297 	EXP 	New trial (rep=0, index=13): {u'color': u'#fdae61', u'answer': u'o'}
26.5616 	EXP 	Created unnamed Polygon = Polygon(autoDraw=True, autoLog=True, closeShape=True, contrast=1.0, depth=0, fillColor=u'#fdae61', fillColorSpace='hex', fillRGB=array([253, 174,  97]), interpolate=True, lineColor=array([ 1.,  1.,  1.]), lineColorSpace='rgb', lineRGB=array([ 1.,  1.,  1.]), lineWidth=1.5, name='unnamed Polygon', opacity=1.0, ori=array(0.0), pos=array([ 0.,  0.]), size=array([ 0.5,  0.5]), units='height', vertices=ndarray(...), win=Window(...))
26.5927 	EXP 	text_same: autoDraw = False
26.5927 	EXP 	unnamed Polygon: autoDraw = False
26.5927 	EXP 	text_same: text = 'SAME / DIFFERENT?'
26.5927 	EXP 	text_same: autoDraw = True
26.6605 	DATA 	Keypress: f
26.6629 	EXP 	New trial (rep=0, index=14): {u'color': u'#d7191c', u'answer': u'r'}
26.6699 	EXP 	Created unnamed Polygon = Polygon(autoDraw=True, autoLog=True, closeShape=True, contrast=1.0, depth=0, fillColor=u'#d7191c', fillColorSpace='hex', fillRGB=array([215,  25,  28]), interpolate=True, lineColor=array([ 1.,  1.,  1.]), lineColorSpace='rgb', lineRGB=array([ 1.,  1.,  1.]), lineWidth=1.5, name='unnamed Polygon', opacity=1.0, ori=array(0.0), pos=array([ 0.,  0.]), size=array([ 0.5,  0.5]), units='height', vertices=ndarray(...), win=Window(...))
26.6926 	EXP 	text_same: autoDraw = False
26.6926 	EXP 	unnamed Polygon: autoDraw = False
26.6926 	EXP 	text_same: text = ''
26.6926 	EXP 	text_same: autoDraw = True
26.7435 	DATA 	Keypress: a
26.7449 	EXP 	New trial (rep=0, index=15): {u'color': u'#2c7bb6', u'answer': u'b'}
26.7643 	EXP 	Created unnamed Polygon = Polygon(autoDraw=True, autoLog=True, closeShape=True, contrast=1.0, depth=0, fillColor=u'#2c7bb6', fillColorSpace='hex', fillRGB=array([ 44, 123, 182]), interpolate=True, lineColor=array([ 1.,  1.,  1.]), lineColorSpace='rgb', lineRGB=array([ 1.,  1.,  1.]), lineWidth=1.5, name='unnamed Polygon', opacity=1.0, ori=array(0.0), pos=array([ 0.,  0.]), size=array([ 0.5,  0.5]), units='height', vertices=ndarray(...), win=Window(...))
26.7924 	EXP 	text_same: autoDraw = False
26.7924 	EXP 	unnamed Polygon: autoDraw = False
26.7924 	EXP 	text_same: text = 'SAME / DIFFERENT?'
26.7924 	EXP 	text_same: autoDraw = True
26.8601 	DATA 	Keypress: f
26.8625 	EXP 	New trial (rep=0, index=16): {u'color': u'#d7191c', u'answer': u'r'}
26.8701 	EXP 	Created unnamed Polygon = Polygon(autoDraw=True, autoLog=True, closeShape=True, contrast=1.0, depth=0, fillColor=u'#d7191c', fillColorSpace='hex', fillRGB=array([215,  25,  28]), interpolate=True, lineColor=array([ 1.,  1.,  1.]), lineColorSpace='rgb', lineRGB=array([ 1.,  1.,  1.]), lineWidth=1.5, name='unnamed Polygon', opacity=1.0, ori=array(0.0), pos=array([ 0.,  0.]), size=array([ 0.5,  0.5]), units='height', vertices=ndarray(...), win=Window(...))
26.8925 	EXP 	text_same: autoDraw = False
26.8925 	EXP 	unnamed Polygon: autoDraw = False
26.8925 	EXP 	text_same: text = ''
26.8925 	EXP 	text_same: autoDraw = True
26.9447 	DATA 	Keypress: a
26.9474 	EXP 	New trial (rep=0, index=17): {u'color': u'#d7191c', u'answer': u'r'}
26.9766 	EXP 	Created unnamed Polygon = Polygon(autoDraw=True, autoLog=True, closeShape=True, contrast=1.0, depth=0, fillColor=u'#d7191c', fillColorSpace='hex', fillRGB=array([215,  25,  28]), interpolate=True, lineColor=array([ 1.,  1.,  1.]), lineColorSpace='rgb', lineRGB=array([ 1.,  1.,  1.]), lineWidth=1.5, name='unnamed Polygon', opacity=1.0, ori=array(0.0), pos=array([ 0.,  0.]), size=array([ 0.5,  0.5]), units='height', vertices=ndarray(...), win=Window(...))
26.9923 	EXP 	text_same: autoDraw = False
26.9923 	EXP 	unnamed Polygon: autoDraw = False
26.9923 	EXP 	text_same: text = 'SAME / DIFFERENT?'
26.9923 	EXP 	text_same: autoDraw = True
27.1102 	DATA 	Keypress: f
27.1126 	EXP 	New trial (rep=0, index=18): {u'color': u'#2c7bb6', u'answer': u'b'}
27.1510 	EXP 	Created unnamed Polygon = Polygon(autoDraw=True, autoLog=True, closeShape=True, contrast=1.0, depth=0, fillColor=u'#2c7bb6', fillColorSpace='hex', fillRGB=array([ 44, 123, 182]), interpolate=True, lineColor=array([ 1.,  1.,  1.]), lineColorSpace='rgb', lineRGB=array([ 1.,  1.,  1.]), lineWidth=1.5, name='unnamed Polygon', opacity=1.0, ori=array(0.0), pos=array([ 0.,  0.]), size=array([ 0.5,  0.5]), units='height', vertices=ndarray(...), win=Window(...))
27.1757 	EXP 	text_same: autoDraw = False
27.1757 	EXP 	unnamed Polygon: autoDraw = False
27.1757 	EXP 	text_same: text = ''
27.1757 	EXP 	text_same: autoDraw = True
27.2106 	DATA 	Keypress: a
27.2128 	EXP 	New trial (rep=0, index=19): {u'color': u'#d7191c', u'answer': u'r'}
27.2421 	EXP 	Created unnamed Polygon = Polygon(autoDraw=True, autoLog=True, closeShape=True, contrast=1.0, depth=0, fillColor=u'#d7191c', fillColorSpace='hex', fillRGB=array([215,  25,  28]), interpolate=True, lineColor=array([ 1.,  1.,  1.]), lineColorSpace='rgb', lineRGB=array([ 1.,  1.,  1.]), lineWidth=1.5, name='unnamed Polygon', opacity=1.0, ori=array(0.0), pos=array([ 0.,  0.]), size=array([ 0.5,  0.5]), units='height', vertices=ndarray(...), win=Window(...))
27.2588 	EXP 	text_same: autoDraw = False
27.2588 	EXP 	unnamed Polygon: autoDraw = False
27.2588 	EXP 	text_same: text = 'SAME / DIFFERENT?'
27.2588 	EXP 	text_same: autoDraw = True
27.5267 	DATA 	Keypress: f
27.5424 	EXP 	text_same: autoDraw = False
27.5424 	EXP 	unnamed Polygon: autoDraw = False
28.3662 	DATA 	Keypress: d
28.3669 	EXP 	New trial (rep=0, index=20): {u'color': u'#2c7bb6', u'answer': u'b'}
28.3775 	EXP 	Created unnamed Polygon = Polygon(autoDraw=True, autoLog=True, closeShape=True, contrast=1.0, depth=0, fillColor=u'#2c7bb6', fillColorSpace='hex', fillRGB=array([ 44, 123, 182]), interpolate=True, lineColor=array([ 1.,  1.,  1.]), lineColorSpace='rgb', lineRGB=array([ 1.,  1.,  1.]), lineWidth=1.5, name='unnamed Polygon', opacity=1.0, ori=array(0.0), pos=array([ 0.,  0.]), size=array([ 0.5,  0.5]), units='height', vertices=ndarray(...), win=Window(...))
28.3914 	EXP 	unnamed Polygon: autoDraw = False
28.3914 	EXP 	text_same: text = ''
28.3914 	EXP 	text_same: autoDraw = True
28.7763 	DATA 	Keypress: f
28.7784 	EXP 	New trial (rep=0, index=21): {u'color': u'#d7191c', u'answer': u'r'}
28.8051 	EXP 	Created unnamed Polygon = Polygon(autoDraw=True, autoLog=True, closeShape=True, contrast=1.0, depth=0, fillColor=u'#d7191c', fillColorSpace='hex', fillRGB=array([215,  25,  28]), interpolate=True, lineColor=array([ 1.,  1.,  1.]), lineColorSpace='rgb', lineRGB=array([ 1.,  1.,  1.]), lineWidth=1.5, name='unnamed Polygon', opacity=1.0, ori=array(0.0), pos=array([ 0.,  0.]), size=array([ 0.5,  0.5]), units='height', vertices=ndarray(...), win=Window(...))
28.8245 	EXP 	text_same: autoDraw = False
28.8245 	EXP 	unnamed Polygon: autoDraw = False
28.8245 	EXP 	text_same: text = 'SAME / DIFFERENT?'
28.8245 	EXP 	text_same: autoDraw = True
29.4092 	DATA 	Keypress: f
29.4117 	EXP 	New trial (rep=0, index=22): {u'color': u'#2c7bb6', u'answer': u'b'}
29.4450 	EXP 	Created unnamed Polygon = Polygon(autoDraw=True, autoLog=True, closeShape=True, contrast=1.0, depth=0, fillColor=u'#2c7bb6', fillColorSpace='hex', fillRGB=array([ 44, 123, 182]), interpolate=True, lineColor=array([ 1.,  1.,  1.]), lineColorSpace='rgb', lineRGB=array([ 1.,  1.,  1.]), lineWidth=1.5, name='unnamed Polygon', opacity=1.0, ori=array(0.0), pos=array([ 0.,  0.]), size=array([ 0.5,  0.5]), units='height', vertices=ndarray(...), win=Window(...))
29.4580 	EXP 	text_same: autoDraw = False
29.4580 	EXP 	unnamed Polygon: autoDraw = False
29.4580 	EXP 	text_same: text = ''
29.4580 	EXP 	text_same: autoDraw = True
29.6921 	DATA 	Keypress: f
29.6942 	EXP 	New trial (rep=0, index=23): {u'color': u'#d7191c', u'answer': u'r'}
29.7252 	EXP 	Created unnamed Polygon = Polygon(autoDraw=True, autoLog=True, closeShape=True, contrast=1.0, depth=0, fillColor=u'#d7191c', fillColorSpace='hex', fillRGB=array([215,  25,  28]), interpolate=True, lineColor=array([ 1.,  1.,  1.]), lineColorSpace='rgb', lineRGB=array([ 1.,  1.,  1.]), lineWidth=1.5, name='unnamed Polygon', opacity=1.0, ori=array(0.0), pos=array([ 0.,  0.]), size=array([ 0.5,  0.5]), units='height', vertices=ndarray(...), win=Window(...))
29.7578 	EXP 	text_same: autoDraw = False
29.7578 	EXP 	unnamed Polygon: autoDraw = False
29.7578 	EXP 	text_same: text = 'SAME / DIFFERENT?'
29.7578 	EXP 	text_same: autoDraw = True
30.0083 	DATA 	Keypress: f
30.0107 	EXP 	New trial (rep=0, index=24): {u'color': u'#2c7bb6', u'answer': u'b'}
30.0489 	EXP 	Created unnamed Polygon = Polygon(autoDraw=True, autoLog=True, closeShape=True, contrast=1.0, depth=0, fillColor=u'#2c7bb6', fillColorSpace='hex', fillRGB=array([ 44, 123, 182]), interpolate=True, lineColor=array([ 1.,  1.,  1.]), lineColorSpace='rgb', lineRGB=array([ 1.,  1.,  1.]), lineWidth=1.5, name='unnamed Polygon', opacity=1.0, ori=array(0.0), pos=array([ 0.,  0.]), size=array([ 0.5,  0.5]), units='height', vertices=ndarray(...), win=Window(...))
30.0743 	EXP 	text_same: autoDraw = False
30.0743 	EXP 	unnamed Polygon: autoDraw = False
30.0743 	EXP 	text_same: text = ''
30.0743 	EXP 	text_same: autoDraw = True
30.2415 	DATA 	Keypress: f
30.2437 	EXP 	New trial (rep=0, index=25): {u'color': u'#2c7bb6', u'answer': u'b'}
30.2754 	EXP 	Created unnamed Polygon = Polygon(autoDraw=True, autoLog=True, closeShape=True, contrast=1.0, depth=0, fillColor=u'#2c7bb6', fillColorSpace='hex', fillRGB=array([ 44, 123, 182]), interpolate=True, lineColor=array([ 1.,  1.,  1.]), lineColorSpace='rgb', lineRGB=array([ 1.,  1.,  1.]), lineWidth=1.5, name='unnamed Polygon', opacity=1.0, ori=array(0.0), pos=array([ 0.,  0.]), size=array([ 0.5,  0.5]), units='height', vertices=ndarray(...), win=Window(...))
30.3071 	EXP 	text_same: autoDraw = False
30.3071 	EXP 	unnamed Polygon: autoDraw = False
30.3071 	EXP 	text_same: text = 'SAME / DIFFERENT?'
30.3071 	EXP 	text_same: autoDraw = True
30.4746 	DATA 	Keypress: f
30.4770 	EXP 	New trial (rep=0, index=26): {u'color': u'#d7191c', u'answer': u'r'}
30.5156 	EXP 	Created unnamed Polygon = Polygon(autoDraw=True, autoLog=True, closeShape=True, contrast=1.0, depth=0, fillColor=u'#d7191c', fillColorSpace='hex', fillRGB=array([215,  25,  28]), interpolate=True, lineColor=array([ 1.,  1.,  1.]), lineColorSpace='rgb', lineRGB=array([ 1.,  1.,  1.]), lineWidth=1.5, name='unnamed Polygon', opacity=1.0, ori=array(0.0), pos=array([ 0.,  0.]), size=array([ 0.5,  0.5]), units='height', vertices=ndarray(...), win=Window(...))
30.5404 	EXP 	text_same: autoDraw = False
30.5404 	EXP 	unnamed Polygon: autoDraw = False
30.5404 	EXP 	text_same: text = ''
30.5404 	EXP 	text_same: autoDraw = True
30.7247 	DATA 	Keypress: f
30.7268 	EXP 	New trial (rep=0, index=27): {u'color': u'#d7191c', u'answer': u'r'}
30.7545 	EXP 	Created unnamed Polygon = Polygon(autoDraw=True, autoLog=True, closeShape=True, contrast=1.0, depth=0, fillColor=u'#d7191c', fillColorSpace='hex', fillRGB=array([215,  25,  28]), interpolate=True, lineColor=array([ 1.,  1.,  1.]), lineColorSpace='rgb', lineRGB=array([ 1.,  1.,  1.]), lineWidth=1.5, name='unnamed Polygon', opacity=1.0, ori=array(0.0), pos=array([ 0.,  0.]), size=array([ 0.5,  0.5]), units='height', vertices=ndarray(...), win=Window(...))
30.7736 	EXP 	text_same: autoDraw = False
30.7736 	EXP 	unnamed Polygon: autoDraw = False
30.7736 	EXP 	text_same: text = 'SAME / DIFFERENT?'
30.7736 	EXP 	text_same: autoDraw = True
30.9755 	DATA 	Keypress: f
30.9780 	EXP 	New trial (rep=0, index=28): {u'color': u'#fdae61', u'answer': u'o'}
30.9847 	EXP 	Created unnamed Polygon = Polygon(autoDraw=True, autoLog=True, closeShape=True, contrast=1.0, depth=0, fillColor=u'#fdae61', fillColorSpace='hex', fillRGB=array([253, 174,  97]), interpolate=True, lineColor=array([ 1.,  1.,  1.]), lineColorSpace='rgb', lineRGB=array([ 1.,  1.,  1.]), lineWidth=1.5, name='unnamed Polygon', opacity=1.0, ori=array(0.0), pos=array([ 0.,  0.]), size=array([ 0.5,  0.5]), units='height', vertices=ndarray(...), win=Window(...))
31.0070 	EXP 	text_same: autoDraw = False
31.0070 	EXP 	unnamed Polygon: autoDraw = False
31.0070 	EXP 	text_same: text = ''
31.0070 	EXP 	text_same: autoDraw = True
31.2576 	DATA 	Keypress: f
31.2597 	EXP 	New trial (rep=0, index=29): {u'color': u'#fdae61', u'answer': u'o'}
31.2905 	EXP 	Created unnamed Polygon = Polygon(autoDraw=True, autoLog=True, closeShape=True, contrast=1.0, depth=0, fillColor=u'#fdae61', fillColorSpace='hex', fillRGB=array([253, 174,  97]), interpolate=True, lineColor=array([ 1.,  1.,  1.]), lineColorSpace='rgb', lineRGB=array([ 1.,  1.,  1.]), lineWidth=1.5, name='unnamed Polygon', opacity=1.0, ori=array(0.0), pos=array([ 0.,  0.]), size=array([ 0.5,  0.5]), units='height', vertices=ndarray(...), win=Window(...))
31.3069 	EXP 	text_same: autoDraw = False
31.3069 	EXP 	unnamed Polygon: autoDraw = False
31.3069 	EXP 	text_same: text = 'SAME / DIFFERENT?'
31.3069 	EXP 	text_same: autoDraw = True
31.5242 	DATA 	Keypress: f
31.5266 	EXP 	New trial (rep=0, index=30): {u'color': u'#2c7bb6', u'answer': u'b'}
31.5341 	EXP 	Created unnamed Polygon = Polygon(autoDraw=True, autoLog=True, closeShape=True, contrast=1.0, depth=0, fillColor=u'#2c7bb6', fillColorSpace='hex', fillRGB=array([ 44, 123, 182]), interpolate=True, lineColor=array([ 1.,  1.,  1.]), lineColorSpace='rgb', lineRGB=array([ 1.,  1.,  1.]), lineWidth=1.5, name='unnamed Polygon', opacity=1.0, ori=array(0.0), pos=array([ 0.,  0.]), size=array([ 0.5,  0.5]), units='height', vertices=ndarray(...), win=Window(...))
31.5571 	EXP 	text_same: autoDraw = False
31.5571 	EXP 	unnamed Polygon: autoDraw = False
31.5571 	EXP 	text_same: text = ''
31.5571 	EXP 	text_same: autoDraw = True
31.8254 	DATA 	Keypress: f
31.8431 	EXP 	New trial (rep=0, index=31): {u'color': u'#d7191c', u'answer': u'r'}
31.8927 	EXP 	Created unnamed Polygon = Polygon(autoDraw=True, autoLog=True, closeShape=True, contrast=1.0, depth=0, fillColor=u'#d7191c', fillColorSpace='hex', fillRGB=array([215,  25,  28]), interpolate=True, lineColor=array([ 1.,  1.,  1.]), lineColorSpace='rgb', lineRGB=array([ 1.,  1.,  1.]), lineWidth=1.5, name='unnamed Polygon', opacity=1.0, ori=array(0.0), pos=array([ 0.,  0.]), size=array([ 0.5,  0.5]), units='height', vertices=ndarray(...), win=Window(...))
31.9233 	EXP 	text_same: autoDraw = False
31.9233 	EXP 	unnamed Polygon: autoDraw = False
31.9233 	EXP 	text_same: text = 'SAME / DIFFERENT?'
31.9233 	EXP 	text_same: autoDraw = True
32.1580 	DATA 	Keypress: f
32.1604 	EXP 	New trial (rep=0, index=32): {u'color': u'#2c7bb6', u'answer': u'b'}
32.1675 	EXP 	Created unnamed Polygon = Polygon(autoDraw=True, autoLog=True, closeShape=True, contrast=1.0, depth=0, fillColor=u'#2c7bb6', fillColorSpace='hex', fillRGB=array([ 44, 123, 182]), interpolate=True, lineColor=array([ 1.,  1.,  1.]), lineColorSpace='rgb', lineRGB=array([ 1.,  1.,  1.]), lineWidth=1.5, name='unnamed Polygon', opacity=1.0, ori=array(0.0), pos=array([ 0.,  0.]), size=array([ 0.5,  0.5]), units='height', vertices=ndarray(...), win=Window(...))
32.1899 	EXP 	text_same: autoDraw = False
32.1899 	EXP 	unnamed Polygon: autoDraw = False
32.1899 	EXP 	text_same: text = ''
32.1899 	EXP 	text_same: autoDraw = True
32.4737 	DATA 	Keypress: f
32.4759 	EXP 	New trial (rep=0, index=33): {u'color': u'#fdae61', u'answer': u'o'}
32.5088 	EXP 	Created unnamed Polygon = Polygon(autoDraw=True, autoLog=True, closeShape=True, contrast=1.0, depth=0, fillColor=u'#fdae61', fillColorSpace='hex', fillRGB=array([253, 174,  97]), interpolate=True, lineColor=array([ 1.,  1.,  1.]), lineColorSpace='rgb', lineRGB=array([ 1.,  1.,  1.]), lineWidth=1.5, name='unnamed Polygon', opacity=1.0, ori=array(0.0), pos=array([ 0.,  0.]), size=array([ 0.5,  0.5]), units='height', vertices=ndarray(...), win=Window(...))
32.5395 	EXP 	text_same: autoDraw = False
32.5395 	EXP 	unnamed Polygon: autoDraw = False
32.5395 	EXP 	text_same: text = 'SAME / DIFFERENT?'
32.5395 	EXP 	text_same: autoDraw = True
32.8069 	DATA 	Keypress: f
32.8093 	EXP 	New trial (rep=0, index=34): {u'color': u'#d7191c', u'answer': u'r'}
32.8480 	EXP 	Created unnamed Polygon = Polygon(autoDraw=True, autoLog=True, closeShape=True, contrast=1.0, depth=0, fillColor=u'#d7191c', fillColorSpace='hex', fillRGB=array([215,  25,  28]), interpolate=True, lineColor=array([ 1.,  1.,  1.]), lineColorSpace='rgb', lineRGB=array([ 1.,  1.,  1.]), lineWidth=1.5, name='unnamed Polygon', opacity=1.0, ori=array(0.0), pos=array([ 0.,  0.]), size=array([ 0.5,  0.5]), units='height', vertices=ndarray(...), win=Window(...))
32.8729 	EXP 	text_same: autoDraw = False
32.8729 	EXP 	unnamed Polygon: autoDraw = False
32.8729 	EXP 	text_same: text = ''
32.8729 	EXP 	text_same: autoDraw = True
33.1089 	DATA 	Keypress: f
33.1259 	EXP 	New trial (rep=0, index=35): {u'color': u'#d7191c', u'answer': u'r'}
33.1584 	EXP 	Created unnamed Polygon = Polygon(autoDraw=True, autoLog=True, closeShape=True, contrast=1.0, depth=0, fillColor=u'#d7191c', fillColorSpace='hex', fillRGB=array([215,  25,  28]), interpolate=True, lineColor=array([ 1.,  1.,  1.]), lineColorSpace='rgb', lineRGB=array([ 1.,  1.,  1.]), lineWidth=1.5, name='unnamed Polygon', opacity=1.0, ori=array(0.0), pos=array([ 0.,  0.]), size=array([ 0.5,  0.5]), units='height', vertices=ndarray(...), win=Window(...))
33.1892 	EXP 	text_same: autoDraw = False
33.1892 	EXP 	unnamed Polygon: autoDraw = False
33.1892 	EXP 	text_same: text = 'SAME / DIFFERENT?'
33.1892 	EXP 	text_same: autoDraw = True
33.3904 	DATA 	Keypress: f
33.3928 	EXP 	New trial (rep=0, index=36): {u'color': u'#fdae61', u'answer': u'o'}
33.3995 	EXP 	Created unnamed Polygon = Polygon(autoDraw=True, autoLog=True, closeShape=True, contrast=1.0, depth=0, fillColor=u'#fdae61', fillColorSpace='hex', fillRGB=array([253, 174,  97]), interpolate=True, lineColor=array([ 1.,  1.,  1.]), lineColorSpace='rgb', lineRGB=array([ 1.,  1.,  1.]), lineWidth=1.5, name='unnamed Polygon', opacity=1.0, ori=array(0.0), pos=array([ 0.,  0.]), size=array([ 0.5,  0.5]), units='height', vertices=ndarray(...), win=Window(...))
33.4224 	EXP 	text_same: autoDraw = False
33.4224 	EXP 	unnamed Polygon: autoDraw = False
33.4224 	EXP 	text_same: text = ''
33.4224 	EXP 	text_same: autoDraw = True
33.7064 	DATA 	Keypress: f
33.7085 	EXP 	New trial (rep=0, index=37): {u'color': u'#2c7bb6', u'answer': u'b'}
33.7761 	EXP 	Created unnamed Polygon = Polygon(autoDraw=True, autoLog=True, closeShape=True, contrast=1.0, depth=0, fillColor=u'#2c7bb6', fillColorSpace='hex', fillRGB=array([ 44, 123, 182]), interpolate=True, lineColor=array([ 1.,  1.,  1.]), lineColorSpace='rgb', lineRGB=array([ 1.,  1.,  1.]), lineWidth=1.5, name='unnamed Polygon', opacity=1.0, ori=array(0.0), pos=array([ 0.,  0.]), size=array([ 0.5,  0.5]), units='height', vertices=ndarray(...), win=Window(...))
33.8056 	EXP 	text_same: autoDraw = False
33.8056 	EXP 	unnamed Polygon: autoDraw = False
33.8056 	EXP 	text_same: text = 'SAME / DIFFERENT?'
33.8056 	EXP 	text_same: autoDraw = True
34.2063 	DATA 	Keypress: f
34.2087 	EXP 	New trial (rep=0, index=38): {u'color': u'#2c7bb6', u'answer': u'b'}
34.2155 	EXP 	Created unnamed Polygon = Polygon(autoDraw=True, autoLog=True, closeShape=True, contrast=1.0, depth=0, fillColor=u'#2c7bb6', fillColorSpace='hex', fillRGB=array([ 44, 123, 182]), interpolate=True, lineColor=array([ 1.,  1.,  1.]), lineColorSpace='rgb', lineRGB=array([ 1.,  1.,  1.]), lineWidth=1.5, name='unnamed Polygon', opacity=1.0, ori=array(0.0), pos=array([ 0.,  0.]), size=array([ 0.5,  0.5]), units='height', vertices=ndarray(...), win=Window(...))
34.2387 	EXP 	text_same: autoDraw = False
34.2387 	EXP 	unnamed Polygon: autoDraw = False
34.2387 	EXP 	text_same: text = ''
34.2387 	EXP 	text_same: autoDraw = True
34.4397 	DATA 	Keypress: f
34.4418 	EXP 	New trial (rep=0, index=39): {u'color': u'#d7191c', u'answer': u'r'}
34.4726 	EXP 	Created unnamed Polygon = Polygon(autoDraw=True, autoLog=True, closeShape=True, contrast=1.0, depth=0, fillColor=u'#d7191c', fillColorSpace='hex', fillRGB=array([215,  25,  28]), interpolate=True, lineColor=array([ 1.,  1.,  1.]), lineColorSpace='rgb', lineRGB=array([ 1.,  1.,  1.]), lineWidth=1.5, name='unnamed Polygon', opacity=1.0, ori=array(0.0), pos=array([ 0.,  0.]), size=array([ 0.5,  0.5]), units='height', vertices=ndarray(...), win=Window(...))
34.4883 	EXP 	text_same: autoDraw = False
34.4883 	EXP 	unnamed Polygon: autoDraw = False
34.4883 	EXP 	text_same: text = 'SAME / DIFFERENT?'
34.4883 	EXP 	text_same: autoDraw = True
34.9896 	DATA 	Keypress: f
35.0054 	EXP 	text_same: autoDraw = False
35.0054 	EXP 	unnamed Polygon: autoDraw = False
37.1037 	DATA 	Keypress: f
37.8695 	DATA 	Keypress: f
38.0516 	DATA 	Keypress: f
38.2844 	DATA 	Keypress: f
38.5126 	DATA 	Keypress: f
38.7811 	DATA 	Keypress: f
38.9913 	DATA 	Keypress: a
39.0758 	DATA 	Keypress: f
39.1914 	DATA 	Keypress: a
39.2843 	DATA 	Keypress: f
39.3893 	DATA 	Keypress: a
39.4864 	DATA 	Keypress: f
39.5880 	DATA 	Keypress: a
39.6848 	DATA 	Keypress: f
39.7921 	DATA 	Keypress: a
39.8969 	DATA 	Keypress: f
39.9957 	DATA 	Keypress: a
40.0981 	DATA 	Keypress: f
40.2546 	DATA 	Keypress: a
40.3548 	DATA 	Keypress: f
40.4332 	DATA 	Keypress: a
40.6265 	DATA 	Keypress: a
40.7472 	DATA 	Keypress: f
40.8365 	DATA 	Keypress: a
40.9267 	DATA 	Keypress: f
41.0405 	DATA 	Keypress: a
41.1429 	DATA 	Keypress: f
41.3591 	DATA 	Keypress: f
41.4601 	DATA 	Keypress: a
41.5737 	DATA 	Keypress: f
41.6735 	DATA 	Keypress: a
41.7881 	DATA 	Keypress: f
41.8831 	DATA 	Keypress: a
42.0977 	DATA 	Keypress: a
42.2137 	DATA 	Keypress: f
42.2962 	DATA 	Keypress: a
42.4163 	DATA 	Keypress: f
42.4903 	DATA 	Keypress: a
42.5845 	DATA 	Keypress: f
42.8467 	DATA 	Keypress: d
42.8473 	EXP 	New trial (rep=0, index=40): {u'color': u'#d7191c', u'answer': u'r'}
42.8493 	EXP 	Created unnamed Polygon = Polygon(autoDraw=True, autoLog=True, closeShape=True, contrast=1.0, depth=0, fillColor=u'#d7191c', fillColorSpace='hex', fillRGB=array([215,  25,  28]), interpolate=True, lineColor=array([ 1.,  1.,  1.]), lineColorSpace='rgb', lineRGB=array([ 1.,  1.,  1.]), lineWidth=1.5, name='unnamed Polygon', opacity=1.0, ori=array(0.0), pos=array([ 0.,  0.]), size=array([ 0.5,  0.5]), units='height', vertices=ndarray(...), win=Window(...))
42.8610 	EXP 	unnamed Polygon: autoDraw = False
42.8610 	EXP 	text_same: text = ''
42.8610 	EXP 	text_same: autoDraw = True
43.2960 	DATA 	Keypress: f
43.2981 	EXP 	New trial (rep=0, index=41): {u'color': u'#2c7bb6', u'answer': u'b'}
43.3262 	EXP 	Created unnamed Polygon = Polygon(autoDraw=True, autoLog=True, closeShape=True, contrast=1.0, depth=0, fillColor=u'#2c7bb6', fillColorSpace='hex', fillRGB=array([ 44, 123, 182]), interpolate=True, lineColor=array([ 1.,  1.,  1.]), lineColorSpace='rgb', lineRGB=array([ 1.,  1.,  1.]), lineWidth=1.5, name='unnamed Polygon', opacity=1.0, ori=array(0.0), pos=array([ 0.,  0.]), size=array([ 0.5,  0.5]), units='height', vertices=ndarray(...), win=Window(...))
43.3440 	EXP 	text_same: autoDraw = False
43.3440 	EXP 	unnamed Polygon: autoDraw = False
43.3440 	EXP 	text_same: text = 'SAME / DIFFERENT?'
43.3440 	EXP 	text_same: autoDraw = True
43.5453 	DATA 	Keypress: a
43.5477 	EXP 	New trial (rep=0, index=42): {u'color': u'#fdae61', u'answer': u'o'}
43.5546 	EXP 	Created unnamed Polygon = Polygon(autoDraw=True, autoLog=True, closeShape=True, contrast=1.0, depth=0, fillColor=u'#fdae61', fillColorSpace='hex', fillRGB=array([253, 174,  97]), interpolate=True, lineColor=array([ 1.,  1.,  1.]), lineColorSpace='rgb', lineRGB=array([ 1.,  1.,  1.]), lineWidth=1.5, name='unnamed Polygon', opacity=1.0, ori=array(0.0), pos=array([ 0.,  0.]), size=array([ 0.5,  0.5]), units='height', vertices=ndarray(...), win=Window(...))
43.5774 	EXP 	text_same: autoDraw = False
43.5774 	EXP 	unnamed Polygon: autoDraw = False
43.5774 	EXP 	text_same: text = ''
43.5774 	EXP 	text_same: autoDraw = True
43.9447 	DATA 	Keypress: f
43.9469 	EXP 	New trial (rep=0, index=43): {u'color': u'#fdae61', u'answer': u'o'}
44.0041 	EXP 	Created unnamed Polygon = Polygon(autoDraw=True, autoLog=True, closeShape=True, contrast=1.0, depth=0, fillColor=u'#fdae61', fillColorSpace='hex', fillRGB=array([253, 174,  97]), interpolate=True, lineColor=array([ 1.,  1.,  1.]), lineColorSpace='rgb', lineRGB=array([ 1.,  1.,  1.]), lineWidth=1.5, name='unnamed Polygon', opacity=1.0, ori=array(0.0), pos=array([ 0.,  0.]), size=array([ 0.5,  0.5]), units='height', vertices=ndarray(...), win=Window(...))
44.0269 	EXP 	text_same: autoDraw = False
44.0269 	EXP 	unnamed Polygon: autoDraw = False
44.0269 	EXP 	text_same: text = 'SAME / DIFFERENT?'
44.0269 	EXP 	text_same: autoDraw = True
44.1448 	DATA 	Keypress: a
44.1470 	EXP 	New trial (rep=0, index=44): {u'color': u'#d7191c', u'answer': u'r'}
44.1530 	EXP 	Created unnamed Polygon = Polygon(autoDraw=True, autoLog=True, closeShape=True, contrast=1.0, depth=0, fillColor=u'#d7191c', fillColorSpace='hex', fillRGB=array([215,  25,  28]), interpolate=True, lineColor=array([ 1.,  1.,  1.]), lineColorSpace='rgb', lineRGB=array([ 1.,  1.,  1.]), lineWidth=1.5, name='unnamed Polygon', opacity=1.0, ori=array(0.0), pos=array([ 0.,  0.]), size=array([ 0.5,  0.5]), units='height', vertices=ndarray(...), win=Window(...))
44.1773 	EXP 	text_same: autoDraw = False
44.1773 	EXP 	unnamed Polygon: autoDraw = False
44.1773 	EXP 	text_same: text = ''
44.1773 	EXP 	text_same: autoDraw = True
44.3445 	DATA 	Keypress: f
44.3466 	EXP 	New trial (rep=0, index=45): {u'color': u'#fdae61', u'answer': u'o'}
44.3978 	EXP 	Created unnamed Polygon = Polygon(autoDraw=True, autoLog=True, closeShape=True, contrast=1.0, depth=0, fillColor=u'#fdae61', fillColorSpace='hex', fillRGB=array([253, 174,  97]), interpolate=True, lineColor=array([ 1.,  1.,  1.]), lineColorSpace='rgb', lineRGB=array([ 1.,  1.,  1.]), lineWidth=1.5, name='unnamed Polygon', opacity=1.0, ori=array(0.0), pos=array([ 0.,  0.]), size=array([ 0.5,  0.5]), units='height', vertices=ndarray(...), win=Window(...))
44.4267 	EXP 	text_same: autoDraw = False
44.4267 	EXP 	unnamed Polygon: autoDraw = False
44.4267 	EXP 	text_same: text = 'SAME / DIFFERENT?'
44.4267 	EXP 	text_same: autoDraw = True
44.5286 	DATA 	Keypress: a
44.5310 	EXP 	New trial (rep=0, index=46): {u'color': u'#d7191c', u'answer': u'r'}
44.5379 	EXP 	Created unnamed Polygon = Polygon(autoDraw=True, autoLog=True, closeShape=True, contrast=1.0, depth=0, fillColor=u'#d7191c', fillColorSpace='hex', fillRGB=array([215,  25,  28]), interpolate=True, lineColor=array([ 1.,  1.,  1.]), lineColorSpace='rgb', lineRGB=array([ 1.,  1.,  1.]), lineWidth=1.5, name='unnamed Polygon', opacity=1.0, ori=array(0.0), pos=array([ 0.,  0.]), size=array([ 0.5,  0.5]), units='height', vertices=ndarray(...), win=Window(...))
44.5602 	EXP 	text_same: autoDraw = False
44.5602 	EXP 	unnamed Polygon: autoDraw = False
44.5602 	EXP 	text_same: text = ''
44.5602 	EXP 	text_same: autoDraw = True
44.9110 	DATA 	Keypress: escape
