8.1838 	INFO 	Loaded monitor calibration from ['2016_05_25 15:27']
11.4960 	EXP 	Created window1 = Window(allowGUI=False, allowStencil=False, autoLog=True, bitsMode=UNKNOWN, blendMode='avg', color=array([ 0.4,  0.4,  0.4]), colorSpace='rgb', fullscr=UNKNOWN, gamma=None, lms=UNKNOWN, monitor=<psychopy.monitors.calibTools.Monitor instance at 0x05479B70>, name='window1', pos=[0, 0], screen=0, size=array([1920, 1080]), stereo=False, units=u'norm', useFBO=True, viewOri=0.0, viewPos=None, viewScale=None, waitBlanking=True, winType='pyglet')
11.4961 	EXP 	window1: recordFrameIntervals = False
11.8303 	EXP 	window1: recordFrameIntervals = True
13.7521 	DEBUG 	Screen (0) actual frame rate measured at 60.03
13.7522 	EXP 	window1: recordFrameIntervals = False
13.9384 	EXP 	Created text_4 = TextStim(alignHoriz='center', alignVert='center', antialias=True, autoLog=True, bold=False, color='black', colorSpace='named', contrast=1.0, depth=0.0, flipHoriz=False, flipVert=False, font='Arial', fontFiles=[], height=0.1, italic=False, name='text_4', opacity=1.0, ori=0, pos=array([ 0.,  0.]), rgb=array([ 0.,  0.,  0.]), text=unicode(...), units=u'norm', win=Window(...), wrapWidth=1.5)
13.9570 	EXP 	Created polygon_2 = Polygon(autoDraw=False, autoLog=True, closeShape=True, contrast=1.0, depth=0.0, fillColor='#d7191c', fillColorSpace='hex', fillRGB=array([215,  25,  28]), interpolate=True, lineColor=array([ 1.,  1.,  1.]), lineColorSpace='rgb', lineRGB=array([ 1.,  1.,  1.]), lineWidth=1, name='polygon_2', opacity=1.0, ori=array(0.0), pos=array([-0.3, -0.2]), size=array([ 0.5,  0.5]), units='height', vertices=ndarray(...), win=Window(...))
13.9585 	EXP 	Created polygon_3 = ShapeStim(autoDraw=False, autoLog=True, closeShape=True, contrast=1.0, depth=-1.0, fillColor='#d7191c', fillColorSpace='hex', fillRGB=array([215,  25,  28]), interpolate=True, lineColor=array([ 1.,  1.,  1.]), lineColorSpace='rgb', lineRGB=array([ 1.,  1.,  1.]), lineWidth=1, name='polygon_3', opacity=1.0, ori=array(0.0), pos=array([ 0.3, -0.2]), size=array([ 1.,  1.]), units='height', vertices=ndarray(...), win=Window(...))
13.9851 	EXP 	Created text_3 = TextStim(alignHoriz='center', alignVert='center', antialias=True, autoLog=True, bold=False, color='black', colorSpace='named', contrast=1.0, depth=-2.0, flipHoriz=False, flipVert=False, font='Arial', fontFiles=[], height=0.1, italic=False, name='text_3', opacity=1.0, ori=0, pos=array([ 0. ,  0.6]), rgb=array([ 0.,  0.,  0.]), text=unicode(...), units='norm', win=Window(...), wrapWidth=1)
13.9867 	EXP 	Created polygon_4 = Polygon(autoDraw=False, autoLog=True, closeShape=True, contrast=1.0, depth=0.0, fillColor='#fdae61', fillColorSpace='hex', fillRGB=array([253, 174,  97]), interpolate=True, lineColor=array([ 1.,  1.,  1.]), lineColorSpace='rgb', lineRGB=array([ 1.,  1.,  1.]), lineWidth=1, name='polygon_4', opacity=1.0, ori=array(0.0), pos=array([ 0.3, -0.2]), size=array([ 0.5,  0.5]), units='height', vertices=ndarray(...), win=Window(...))
13.9883 	EXP 	Created polygon_5 = Polygon(autoDraw=False, autoLog=True, closeShape=True, contrast=1.0, depth=-1.0, fillColor='#2c7bb6', fillColorSpace='hex', fillRGB=array([ 44, 123, 182]), interpolate=True, lineColor=array([ 1.,  1.,  1.]), lineColorSpace='rgb', lineRGB=array([ 1.,  1.,  1.]), lineWidth=1, name='polygon_5', opacity=1.0, ori=array(0.0), pos=array([-0.3, -0.2]), size=array([ 0.5,  0.5]), units='height', vertices=ndarray(...), win=Window(...))
14.0198 	EXP 	Created text_5 = TextStim(alignHoriz='center', alignVert='center', antialias=True, autoLog=True, bold=False, color='black', colorSpace='named', contrast=1.0, depth=-2.0, flipHoriz=False, flipVert=False, font='Arial', fontFiles=[], height=0.1, italic=False, name='text_5', opacity=1.0, ori=0, pos=array([ 0. ,  0.6]), rgb=array([ 0.,  0.,  0.]), text=unicode(...), units=u'norm', win=Window(...), wrapWidth=1)
14.0204 	EXP 	Created text_6 = TextStim(alignHoriz='center', alignVert='center', antialias=True, autoLog=True, bold=False, color='black', colorSpace='named', contrast=1.0, depth=0.0, flipHoriz=False, flipVert=False, font='Arial', fontFiles=[], height=0.1, italic=False, name='text_6', opacity=1.0, ori=0, pos=array([ 0.,  0.]), rgb=array([ 0.,  0.,  0.]), text='', units=u'norm', win=Window(...), wrapWidth=1.5)
14.0211 	EXP 	Created text_9 = TextStim(alignHoriz='center', alignVert='center', antialias=True, autoLog=True, bold=False, color='black', colorSpace='named', contrast=1.0, depth=-2.0, flipHoriz=False, flipVert=False, font='Arial', fontFiles=[], height=0.1, italic=False, name='text_9', opacity=1.0, ori=0, pos=array([ 0. , -0.6]), rgb=array([ 0.,  0.,  0.]), text='', units=u'norm', win=Window(...), wrapWidth=1)
14.0217 	EXP 	Created text_same_practice = TextStim(alignHoriz='center', alignVert='center', antialias=True, autoLog=True, bold=False, color='black', colorSpace='named', contrast=1.0, depth=-3.0, flipHoriz=False, flipVert=False, font='Arial', fontFiles=[], height=0.1, italic=False, name='text_same_practice', opacity=1.0, ori=0, pos=array([ 0. , -0.8]), rgb=array([ 0.,  0.,  0.]), text='', units=u'norm', win=Window(...), wrapWidth=1)
14.0539 	EXP 	Created text_10 = TextStim(alignHoriz='center', alignVert='center', antialias=True, autoLog=True, bold=False, color='black', colorSpace='named', contrast=1.0, depth=0.0, flipHoriz=False, flipVert=False, font='Arial', fontFiles=[], height=0.1, italic=False, name='text_10', opacity=1.0, ori=0, pos=array([ 0.,  0.]), rgb=array([ 0.,  0.,  0.]), text=unicode(...), units=u'norm', win=Window(...), wrapWidth=1)
14.0827 	EXP 	Created unnamed TextStim = TextStim(alignHoriz='center', alignVert='center', antialias=True, autoLog=True, bold=False, color='black', colorSpace='named', contrast=1.0, depth=0, flipHoriz=False, flipVert=False, font='', fontFiles=[], height=0.5, italic=False, name='unnamed TextStim', opacity=1.0, ori=0.0, pos=array([ 0.,  0.]), rgb=array([ 0.,  0.,  0.]), text=u'+', units=u'norm', win=Window(...), wrapWidth=1)
14.0834 	EXP 	Created text_same = TextStim(alignHoriz='center', alignVert='center', antialias=True, autoLog=True, bold=False, color='black', colorSpace='named', contrast=1.0, depth=-2.0, flipHoriz=False, flipVert=False, font='Arial', fontFiles=[], height=0.1, italic=False, name='text_same', opacity=1.0, ori=0, pos=array([ 0. , -0.8]), rgb=array([ 0.,  0.,  0.]), text='', units=u'norm', win=Window(...), wrapWidth=1)
14.0980 	EXP 	Created text = TextStim(alignHoriz='center', alignVert='center', antialias=True, autoLog=True, bold=False, color='black', colorSpace='named', contrast=1.0, depth=0.0, flipHoriz=False, flipVert=False, font='Arial', fontFiles=[], height=0.1, italic=False, name='text', opacity=1.0, ori=0, pos=array([ 0.,  0.]), rgb=array([ 0.,  0.,  0.]), text=unicode(...), units=u'norm', win=Window(...), wrapWidth=1)
14.1219 	EXP 	text_4: autoDraw = True
14.6209 	DATA 	Keypress: s
14.6530 	EXP 	text_4: autoDraw = False
14.6530 	EXP 	polygon_2: autoDraw = True
14.6530 	EXP 	polygon_3: autoDraw = True
14.6530 	EXP 	text_3: autoDraw = True
15.0869 	DATA 	Keypress: d
15.1195 	EXP 	polygon_2: autoDraw = False
15.1195 	EXP 	polygon_3: autoDraw = False
15.1195 	EXP 	text_3: autoDraw = False
15.1195 	EXP 	polygon_4: autoDraw = True
15.1195 	EXP 	polygon_5: autoDraw = True
15.1195 	EXP 	text_5: autoDraw = True
15.6219 	DATA 	Keypress: d
15.6377 	EXP 	Created sequence: random, trialTypes=1, nReps=2, seed=None
15.6385 	EXP 	New trial (rep=0, index=0): None
15.8436 	EXP 	polygon_4: autoDraw = False
15.8436 	EXP 	polygon_5: autoDraw = False
15.8436 	EXP 	text_5: autoDraw = False
15.8436 	EXP 	text_6: text = "Let's try a few for practice. You'll see colors one at a time on the screen. They will be either BLUE or RED or ORANGE. Tell the experimenter if the color on the screen is the SAME or DIFFERENT from the color that you just saw. For the first stimulus, just say 'GO.' Then when it says 'Same?' underneath, tell the experimenter whether you see the same color or a different color [Experimenter: Press Green for SAME, Red for DIFFERENT]"
15.8436 	EXP 	text_6: autoDraw = True
16.2772 	DATA 	Keypress: f
16.8766 	DATA 	Keypress: d
16.9248 	EXP 	Imported Sequences\color_practice.xlsx as conditions, 9 conditions, 2 params
16.9255 	EXP 	Created sequence: random, trialTypes=9, nReps=2, seed=None
16.9261 	EXP 	New trial (rep=0, index=0): {u'color': u'#d7191c', u'answer': u'r'}
16.9302 	EXP 	Created unnamed Polygon = Polygon(autoDraw=True, autoLog=True, closeShape=True, contrast=1.0, depth=0, fillColor=u'#d7191c', fillColorSpace='hex', fillRGB=array([215,  25,  28]), interpolate=True, lineColor=array([ 1.,  1.,  1.]), lineColorSpace='rgb', lineRGB=array([ 1.,  1.,  1.]), lineWidth=1.5, name='unnamed Polygon', opacity=1.0, ori=array(0.0), pos=array([ 0.,  0.]), size=array([ 0.5,  0.5]), units='height', vertices=ndarray(...), win=Window(...))
16.9423 	EXP 	text_6: autoDraw = False
16.9423 	EXP 	text_same_practice: text = ''
16.9423 	EXP 	text_9: autoDraw = True
16.9423 	EXP 	text_same_practice: autoDraw = True
17.3433 	DATA 	Keypress: f
17.3461 	EXP 	New trial (rep=0, index=1): {u'color': u'#d7191c', u'answer': u'r'}
17.3855 	EXP 	Created unnamed Polygon = Polygon(autoDraw=True, autoLog=True, closeShape=True, contrast=1.0, depth=0, fillColor=u'#d7191c', fillColorSpace='hex', fillRGB=array([215,  25,  28]), interpolate=True, lineColor=array([ 1.,  1.,  1.]), lineColorSpace='rgb', lineRGB=array([ 1.,  1.,  1.]), lineWidth=1.5, name='unnamed Polygon', opacity=1.0, ori=array(0.0), pos=array([ 0.,  0.]), size=array([ 0.5,  0.5]), units='height', vertices=ndarray(...), win=Window(...))
17.4089 	EXP 	text_9: autoDraw = False
17.4089 	EXP 	text_same_practice: autoDraw = False
17.4089 	EXP 	unnamed Polygon: autoDraw = False
17.4089 	EXP 	text_same_practice: text = 'SAME?'
17.4089 	EXP 	text_9: autoDraw = True
17.4089 	EXP 	text_same_practice: autoDraw = True
17.6598 	DATA 	Keypress: a
17.6625 	EXP 	New trial (rep=0, index=2): {u'color': u'#2c7bb6', u'answer': u'b'}
17.6696 	EXP 	Created unnamed Polygon = Polygon(autoDraw=True, autoLog=True, closeShape=True, contrast=1.0, depth=0, fillColor=u'#2c7bb6', fillColorSpace='hex', fillRGB=array([ 44, 123, 182]), interpolate=True, lineColor=array([ 1.,  1.,  1.]), lineColorSpace='rgb', lineRGB=array([ 1.,  1.,  1.]), lineWidth=1.5, name='unnamed Polygon', opacity=1.0, ori=array(0.0), pos=array([ 0.,  0.]), size=array([ 0.5,  0.5]), units='height', vertices=ndarray(...), win=Window(...))
17.6923 	EXP 	text_9: autoDraw = False
17.6923 	EXP 	text_same_practice: autoDraw = False
17.6923 	EXP 	unnamed Polygon: autoDraw = False
17.6923 	EXP 	text_same_practice: text = ''
17.6923 	EXP 	text_9: autoDraw = True
17.6923 	EXP 	text_same_practice: autoDraw = True
17.9096 	DATA 	Keypress: f
17.9117 	EXP 	New trial (rep=0, index=3): {u'color': u'#d7191c', u'answer': u'r'}
17.9607 	EXP 	Created unnamed Polygon = Polygon(autoDraw=True, autoLog=True, closeShape=True, contrast=1.0, depth=0, fillColor=u'#d7191c', fillColorSpace='hex', fillRGB=array([215,  25,  28]), interpolate=True, lineColor=array([ 1.,  1.,  1.]), lineColorSpace='rgb', lineRGB=array([ 1.,  1.,  1.]), lineWidth=1.5, name='unnamed Polygon', opacity=1.0, ori=array(0.0), pos=array([ 0.,  0.]), size=array([ 0.5,  0.5]), units='height', vertices=ndarray(...), win=Window(...))
17.9923 	EXP 	text_9: autoDraw = False
17.9923 	EXP 	text_same_practice: autoDraw = False
17.9923 	EXP 	unnamed Polygon: autoDraw = False
17.9923 	EXP 	text_same_practice: text = 'SAME?'
17.9923 	EXP 	text_9: autoDraw = True
17.9923 	EXP 	text_same_practice: autoDraw = True
18.1265 	DATA 	Keypress: a
18.1290 	EXP 	New trial (rep=0, index=4): {u'color': u'#2c7bb6', u'answer': u'b'}
18.1365 	EXP 	Created unnamed Polygon = Polygon(autoDraw=True, autoLog=True, closeShape=True, contrast=1.0, depth=0, fillColor=u'#2c7bb6', fillColorSpace='hex', fillRGB=array([ 44, 123, 182]), interpolate=True, lineColor=array([ 1.,  1.,  1.]), lineColorSpace='rgb', lineRGB=array([ 1.,  1.,  1.]), lineWidth=1.5, name='unnamed Polygon', opacity=1.0, ori=array(0.0), pos=array([ 0.,  0.]), size=array([ 0.5,  0.5]), units='height', vertices=ndarray(...), win=Window(...))
18.1589 	EXP 	text_9: autoDraw = False
18.1589 	EXP 	text_same_practice: autoDraw = False
18.1589 	EXP 	unnamed Polygon: autoDraw = False
18.1589 	EXP 	text_same_practice: text = ''
18.1589 	EXP 	text_9: autoDraw = True
18.1589 	EXP 	text_same_practice: autoDraw = True
18.3267 	DATA 	Keypress: f
18.3290 	EXP 	New trial (rep=0, index=5): {u'color': u'#fdae61', u'answer': u'o'}
18.3474 	EXP 	Created unnamed Polygon = Polygon(autoDraw=True, autoLog=True, closeShape=True, contrast=1.0, depth=0, fillColor=u'#fdae61', fillColorSpace='hex', fillRGB=array([253, 174,  97]), interpolate=True, lineColor=array([ 1.,  1.,  1.]), lineColorSpace='rgb', lineRGB=array([ 1.,  1.,  1.]), lineWidth=1.5, name='unnamed Polygon', opacity=1.0, ori=array(0.0), pos=array([ 0.,  0.]), size=array([ 0.5,  0.5]), units='height', vertices=ndarray(...), win=Window(...))
18.3751 	EXP 	text_9: autoDraw = False
18.3751 	EXP 	text_same_practice: autoDraw = False
18.3751 	EXP 	unnamed Polygon: autoDraw = False
18.3751 	EXP 	text_same_practice: text = 'SAME?'
18.3751 	EXP 	text_9: autoDraw = True
18.3751 	EXP 	text_same_practice: autoDraw = True
18.5276 	DATA 	Keypress: a
18.5300 	EXP 	New trial (rep=0, index=6): {u'color': u'#fdae61', u'answer': u'o'}
18.5369 	EXP 	Created unnamed Polygon = Polygon(autoDraw=True, autoLog=True, closeShape=True, contrast=1.0, depth=0, fillColor=u'#fdae61', fillColorSpace='hex', fillRGB=array([253, 174,  97]), interpolate=True, lineColor=array([ 1.,  1.,  1.]), lineColorSpace='rgb', lineRGB=array([ 1.,  1.,  1.]), lineWidth=1.5, name='unnamed Polygon', opacity=1.0, ori=array(0.0), pos=array([ 0.,  0.]), size=array([ 0.5,  0.5]), units='height', vertices=ndarray(...), win=Window(...))
18.5586 	EXP 	text_9: autoDraw = False
18.5586 	EXP 	text_same_practice: autoDraw = False
18.5586 	EXP 	unnamed Polygon: autoDraw = False
18.5586 	EXP 	text_same_practice: text = ''
18.5586 	EXP 	text_9: autoDraw = True
18.5586 	EXP 	text_same_practice: autoDraw = True
18.7433 	DATA 	Keypress: f
18.7455 	EXP 	New trial (rep=0, index=7): {u'color': u'#fdae61', u'answer': u'o'}
18.7859 	EXP 	Created unnamed Polygon = Polygon(autoDraw=True, autoLog=True, closeShape=True, contrast=1.0, depth=0, fillColor=u'#fdae61', fillColorSpace='hex', fillRGB=array([253, 174,  97]), interpolate=True, lineColor=array([ 1.,  1.,  1.]), lineColorSpace='rgb', lineRGB=array([ 1.,  1.,  1.]), lineWidth=1.5, name='unnamed Polygon', opacity=1.0, ori=array(0.0), pos=array([ 0.,  0.]), size=array([ 0.5,  0.5]), units='height', vertices=ndarray(...), win=Window(...))
18.8083 	EXP 	text_9: autoDraw = False
18.8083 	EXP 	text_same_practice: autoDraw = False
18.8083 	EXP 	unnamed Polygon: autoDraw = False
18.8083 	EXP 	text_same_practice: text = 'SAME?'
18.8083 	EXP 	text_9: autoDraw = True
18.8083 	EXP 	text_same_practice: autoDraw = True
19.0924 	DATA 	Keypress: a
19.0948 	EXP 	New trial (rep=0, index=8): {u'color': u'#2c7bb6', u'answer': u'b'}
19.1015 	EXP 	Created unnamed Polygon = Polygon(autoDraw=True, autoLog=True, closeShape=True, contrast=1.0, depth=0, fillColor=u'#2c7bb6', fillColorSpace='hex', fillRGB=array([ 44, 123, 182]), interpolate=True, lineColor=array([ 1.,  1.,  1.]), lineColorSpace='rgb', lineRGB=array([ 1.,  1.,  1.]), lineWidth=1.5, name='unnamed Polygon', opacity=1.0, ori=array(0.0), pos=array([ 0.,  0.]), size=array([ 0.5,  0.5]), units='height', vertices=ndarray(...), win=Window(...))
19.1248 	EXP 	text_9: autoDraw = False
19.1248 	EXP 	text_same_practice: autoDraw = False
19.1248 	EXP 	unnamed Polygon: autoDraw = False
19.1248 	EXP 	text_same_practice: text = ''
19.1248 	EXP 	text_9: autoDraw = True
19.1248 	EXP 	text_same_practice: autoDraw = True
19.9089 	DATA 	Keypress: a
19.9111 	EXP 	New trial (rep=1, index=0): {u'color': u'#2c7bb6', u'answer': u'b'}
19.9287 	EXP 	Created unnamed Polygon = Polygon(autoDraw=True, autoLog=True, closeShape=True, contrast=1.0, depth=0, fillColor=u'#2c7bb6', fillColorSpace='hex', fillRGB=array([ 44, 123, 182]), interpolate=True, lineColor=array([ 1.,  1.,  1.]), lineColorSpace='rgb', lineRGB=array([ 1.,  1.,  1.]), lineWidth=1.5, name='unnamed Polygon', opacity=1.0, ori=array(0.0), pos=array([ 0.,  0.]), size=array([ 0.5,  0.5]), units='height', vertices=ndarray(...), win=Window(...))
19.9578 	EXP 	text_9: autoDraw = False
19.9578 	EXP 	text_same_practice: autoDraw = False
19.9578 	EXP 	unnamed Polygon: autoDraw = False
19.9578 	EXP 	text_same_practice: text = 'SAME?'
19.9578 	EXP 	text_9: autoDraw = True
19.9578 	EXP 	text_same_practice: autoDraw = True
20.3751 	DATA 	Keypress: a
20.3776 	EXP 	New trial (rep=1, index=1): {u'color': u'#2c7bb6', u'answer': u'b'}
20.4153 	EXP 	Created unnamed Polygon = Polygon(autoDraw=True, autoLog=True, closeShape=True, contrast=1.0, depth=0, fillColor=u'#2c7bb6', fillColorSpace='hex', fillRGB=array([ 44, 123, 182]), interpolate=True, lineColor=array([ 1.,  1.,  1.]), lineColorSpace='rgb', lineRGB=array([ 1.,  1.,  1.]), lineWidth=1.5, name='unnamed Polygon', opacity=1.0, ori=array(0.0), pos=array([ 0.,  0.]), size=array([ 0.5,  0.5]), units='height', vertices=ndarray(...), win=Window(...))
20.4408 	EXP 	text_9: autoDraw = False
20.4408 	EXP 	text_same_practice: autoDraw = False
20.4408 	EXP 	unnamed Polygon: autoDraw = False
20.4408 	EXP 	text_same_practice: text = ''
20.4408 	EXP 	text_9: autoDraw = True
20.4408 	EXP 	text_same_practice: autoDraw = True
20.7251 	DATA 	Keypress: a
20.7272 	EXP 	New trial (rep=1, index=2): {u'color': u'#fdae61', u'answer': u'o'}
20.7446 	EXP 	Created unnamed Polygon = Polygon(autoDraw=True, autoLog=True, closeShape=True, contrast=1.0, depth=0, fillColor=u'#fdae61', fillColorSpace='hex', fillRGB=array([253, 174,  97]), interpolate=True, lineColor=array([ 1.,  1.,  1.]), lineColorSpace='rgb', lineRGB=array([ 1.,  1.,  1.]), lineWidth=1.5, name='unnamed Polygon', opacity=1.0, ori=array(0.0), pos=array([ 0.,  0.]), size=array([ 0.5,  0.5]), units='height', vertices=ndarray(...), win=Window(...))
20.7743 	EXP 	text_9: autoDraw = False
20.7743 	EXP 	text_same_practice: autoDraw = False
20.7743 	EXP 	unnamed Polygon: autoDraw = False
20.7743 	EXP 	text_same_practice: text = 'SAME?'
20.7743 	EXP 	text_9: autoDraw = True
20.7743 	EXP 	text_same_practice: autoDraw = True
20.9251 	DATA 	Keypress: a
20.9283 	EXP 	New trial (rep=1, index=3): {u'color': u'#fdae61', u'answer': u'o'}
20.9351 	EXP 	Created unnamed Polygon = Polygon(autoDraw=True, autoLog=True, closeShape=True, contrast=1.0, depth=0, fillColor=u'#fdae61', fillColorSpace='hex', fillRGB=array([253, 174,  97]), interpolate=True, lineColor=array([ 1.,  1.,  1.]), lineColorSpace='rgb', lineRGB=array([ 1.,  1.,  1.]), lineWidth=1.5, name='unnamed Polygon', opacity=1.0, ori=array(0.0), pos=array([ 0.,  0.]), size=array([ 0.5,  0.5]), units='height', vertices=ndarray(...), win=Window(...))
20.9573 	EXP 	text_9: autoDraw = False
20.9573 	EXP 	text_same_practice: autoDraw = False
20.9573 	EXP 	unnamed Polygon: autoDraw = False
20.9573 	EXP 	text_same_practice: text = ''
20.9573 	EXP 	text_9: autoDraw = True
20.9573 	EXP 	text_same_practice: autoDraw = True
21.1249 	DATA 	Keypress: a
21.1271 	EXP 	New trial (rep=1, index=4): {u'color': u'#d7191c', u'answer': u'r'}
21.1456 	EXP 	Created unnamed Polygon = Polygon(autoDraw=True, autoLog=True, closeShape=True, contrast=1.0, depth=0, fillColor=u'#d7191c', fillColorSpace='hex', fillRGB=array([215,  25,  28]), interpolate=True, lineColor=array([ 1.,  1.,  1.]), lineColorSpace='rgb', lineRGB=array([ 1.,  1.,  1.]), lineWidth=1.5, name='unnamed Polygon', opacity=1.0, ori=array(0.0), pos=array([ 0.,  0.]), size=array([ 0.5,  0.5]), units='height', vertices=ndarray(...), win=Window(...))
21.1738 	EXP 	text_9: autoDraw = False
21.1738 	EXP 	text_same_practice: autoDraw = False
21.1738 	EXP 	unnamed Polygon: autoDraw = False
21.1738 	EXP 	text_same_practice: text = 'SAME?'
21.1738 	EXP 	text_9: autoDraw = True
21.1738 	EXP 	text_same_practice: autoDraw = True
21.3081 	DATA 	Keypress: a
21.3106 	EXP 	New trial (rep=1, index=5): {u'color': u'#2c7bb6', u'answer': u'b'}
21.3544 	EXP 	Created unnamed Polygon = Polygon(autoDraw=True, autoLog=True, closeShape=True, contrast=1.0, depth=0, fillColor=u'#2c7bb6', fillColorSpace='hex', fillRGB=array([ 44, 123, 182]), interpolate=True, lineColor=array([ 1.,  1.,  1.]), lineColorSpace='rgb', lineRGB=array([ 1.,  1.,  1.]), lineWidth=1.5, name='unnamed Polygon', opacity=1.0, ori=array(0.0), pos=array([ 0.,  0.]), size=array([ 0.5,  0.5]), units='height', vertices=ndarray(...), win=Window(...))
21.3734 	EXP 	text_9: autoDraw = False
21.3734 	EXP 	text_same_practice: autoDraw = False
21.3734 	EXP 	unnamed Polygon: autoDraw = False
21.3734 	EXP 	text_same_practice: text = ''
21.3734 	EXP 	text_9: autoDraw = True
21.3734 	EXP 	text_same_practice: autoDraw = True
21.4780 	DATA 	Keypress: a
21.4924 	EXP 	New trial (rep=1, index=6): {u'color': u'#d7191c', u'answer': u'r'}
21.5046 	EXP 	Created unnamed Polygon = Polygon(autoDraw=True, autoLog=True, closeShape=True, contrast=1.0, depth=0, fillColor=u'#d7191c', fillColorSpace='hex', fillRGB=array([215,  25,  28]), interpolate=True, lineColor=array([ 1.,  1.,  1.]), lineColorSpace='rgb', lineRGB=array([ 1.,  1.,  1.]), lineWidth=1.5, name='unnamed Polygon', opacity=1.0, ori=array(0.0), pos=array([ 0.,  0.]), size=array([ 0.5,  0.5]), units='height', vertices=ndarray(...), win=Window(...))
21.5238 	EXP 	text_9: autoDraw = False
21.5238 	EXP 	text_same_practice: autoDraw = False
21.5238 	EXP 	unnamed Polygon: autoDraw = False
21.5238 	EXP 	text_same_practice: text = 'SAME?'
21.5238 	EXP 	text_9: autoDraw = True
21.5238 	EXP 	text_same_practice: autoDraw = True
21.6745 	DATA 	Keypress: a
21.6756 	EXP 	New trial (rep=1, index=7): {u'color': u'#d7191c', u'answer': u'r'}
21.6781 	EXP 	Created unnamed Polygon = Polygon(autoDraw=True, autoLog=True, closeShape=True, contrast=1.0, depth=0, fillColor=u'#d7191c', fillColorSpace='hex', fillRGB=array([215,  25,  28]), interpolate=True, lineColor=array([ 1.,  1.,  1.]), lineColorSpace='rgb', lineRGB=array([ 1.,  1.,  1.]), lineWidth=1.5, name='unnamed Polygon', opacity=1.0, ori=array(0.0), pos=array([ 0.,  0.]), size=array([ 0.5,  0.5]), units='height', vertices=ndarray(...), win=Window(...))
21.6910 	EXP 	text_9: autoDraw = False
21.6910 	EXP 	text_same_practice: autoDraw = False
21.6910 	EXP 	unnamed Polygon: autoDraw = False
21.6910 	EXP 	text_same_practice: text = ''
21.6910 	EXP 	text_9: autoDraw = True
21.6910 	EXP 	text_same_practice: autoDraw = True
21.9750 	DATA 	Keypress: a
21.9772 	EXP 	New trial (rep=1, index=8): {u'color': u'#fdae61', u'answer': u'o'}
21.9952 	EXP 	Created unnamed Polygon = Polygon(autoDraw=True, autoLog=True, closeShape=True, contrast=1.0, depth=0, fillColor=u'#fdae61', fillColorSpace='hex', fillRGB=array([253, 174,  97]), interpolate=True, lineColor=array([ 1.,  1.,  1.]), lineColorSpace='rgb', lineRGB=array([ 1.,  1.,  1.]), lineWidth=1.5, name='unnamed Polygon', opacity=1.0, ori=array(0.0), pos=array([ 0.,  0.]), size=array([ 0.5,  0.5]), units='height', vertices=ndarray(...), win=Window(...))
22.0236 	EXP 	text_9: autoDraw = False
22.0236 	EXP 	text_same_practice: autoDraw = False
22.0236 	EXP 	unnamed Polygon: autoDraw = False
22.0236 	EXP 	text_same_practice: text = 'SAME?'
22.0236 	EXP 	text_9: autoDraw = True
22.0236 	EXP 	text_same_practice: autoDraw = True
22.2907 	DATA 	Keypress: a
22.4481 	EXP 	New trial (rep=1, index=0): None
22.4942 	EXP 	text_9: autoDraw = False
22.4942 	EXP 	text_same_practice: autoDraw = False
22.4942 	EXP 	unnamed Polygon: autoDraw = False
22.4942 	EXP 	text_6: text = 'Ok, before we practice one more time - do you have any questions about the task?'
22.4942 	EXP 	text_6: autoDraw = True
22.8119 	DATA 	Keypress: d
22.8335 	EXP 	Imported Sequences\color_practice.xlsx as conditions, 9 conditions, 2 params
22.8345 	EXP 	Created sequence: random, trialTypes=9, nReps=2, seed=None
22.8355 	EXP 	New trial (rep=0, index=0): {u'color': u'#fdae61', u'answer': u'o'}
22.8738 	EXP 	Created unnamed Polygon = Polygon(autoDraw=True, autoLog=True, closeShape=True, contrast=1.0, depth=0, fillColor=u'#fdae61', fillColorSpace='hex', fillRGB=array([253, 174,  97]), interpolate=True, lineColor=array([ 1.,  1.,  1.]), lineColorSpace='rgb', lineRGB=array([ 1.,  1.,  1.]), lineWidth=1.5, name='unnamed Polygon', opacity=1.0, ori=array(0.0), pos=array([ 0.,  0.]), size=array([ 0.5,  0.5]), units='height', vertices=ndarray(...), win=Window(...))
22.8946 	EXP 	text_6: autoDraw = False
22.8946 	EXP 	text_same_practice: text = ''
22.8946 	EXP 	text_9: autoDraw = True
22.8946 	EXP 	text_same_practice: autoDraw = True
23.1456 	DATA 	Keypress: f
23.1485 	EXP 	New trial (rep=0, index=1): {u'color': u'#2c7bb6', u'answer': u'b'}
23.1671 	EXP 	Created unnamed Polygon = Polygon(autoDraw=True, autoLog=True, closeShape=True, contrast=1.0, depth=0, fillColor=u'#2c7bb6', fillColorSpace='hex', fillRGB=array([ 44, 123, 182]), interpolate=True, lineColor=array([ 1.,  1.,  1.]), lineColorSpace='rgb', lineRGB=array([ 1.,  1.,  1.]), lineWidth=1.5, name='unnamed Polygon', opacity=1.0, ori=array(0.0), pos=array([ 0.,  0.]), size=array([ 0.5,  0.5]), units='height', vertices=ndarray(...), win=Window(...))
23.1940 	EXP 	text_9: autoDraw = False
23.1940 	EXP 	text_same_practice: autoDraw = False
23.1940 	EXP 	unnamed Polygon: autoDraw = False
23.1940 	EXP 	text_same_practice: text = 'SAME?'
23.1940 	EXP 	text_9: autoDraw = True
23.1940 	EXP 	text_same_practice: autoDraw = True
23.3621 	DATA 	Keypress: a
23.3648 	EXP 	New trial (rep=0, index=2): {u'color': u'#2c7bb6', u'answer': u'b'}
23.3717 	EXP 	Created unnamed Polygon = Polygon(autoDraw=True, autoLog=True, closeShape=True, contrast=1.0, depth=0, fillColor=u'#2c7bb6', fillColorSpace='hex', fillRGB=array([ 44, 123, 182]), interpolate=True, lineColor=array([ 1.,  1.,  1.]), lineColorSpace='rgb', lineRGB=array([ 1.,  1.,  1.]), lineWidth=1.5, name='unnamed Polygon', opacity=1.0, ori=array(0.0), pos=array([ 0.,  0.]), size=array([ 0.5,  0.5]), units='height', vertices=ndarray(...), win=Window(...))
23.3943 	EXP 	text_9: autoDraw = False
23.3943 	EXP 	text_same_practice: autoDraw = False
23.3943 	EXP 	unnamed Polygon: autoDraw = False
23.3943 	EXP 	text_same_practice: text = ''
23.3943 	EXP 	text_9: autoDraw = True
23.3943 	EXP 	text_same_practice: autoDraw = True
23.5612 	DATA 	Keypress: f
23.5625 	EXP 	New trial (rep=0, index=3): {u'color': u'#fdae61', u'answer': u'o'}
23.5692 	EXP 	Created unnamed Polygon = Polygon(autoDraw=True, autoLog=True, closeShape=True, contrast=1.0, depth=0, fillColor=u'#fdae61', fillColorSpace='hex', fillRGB=array([253, 174,  97]), interpolate=True, lineColor=array([ 1.,  1.,  1.]), lineColorSpace='rgb', lineRGB=array([ 1.,  1.,  1.]), lineWidth=1.5, name='unnamed Polygon', opacity=1.0, ori=array(0.0), pos=array([ 0.,  0.]), size=array([ 0.5,  0.5]), units='height', vertices=ndarray(...), win=Window(...))
23.5932 	EXP 	text_9: autoDraw = False
23.5932 	EXP 	text_same_practice: autoDraw = False
23.5932 	EXP 	unnamed Polygon: autoDraw = False
23.5932 	EXP 	text_same_practice: text = 'SAME?'
23.5932 	EXP 	text_9: autoDraw = True
23.5932 	EXP 	text_same_practice: autoDraw = True
23.7445 	DATA 	Keypress: a
23.7469 	EXP 	New trial (rep=0, index=4): {u'color': u'#fdae61', u'answer': u'o'}
23.7530 	EXP 	Created unnamed Polygon = Polygon(autoDraw=True, autoLog=True, closeShape=True, contrast=1.0, depth=0, fillColor=u'#fdae61', fillColorSpace='hex', fillRGB=array([253, 174,  97]), interpolate=True, lineColor=array([ 1.,  1.,  1.]), lineColorSpace='rgb', lineRGB=array([ 1.,  1.,  1.]), lineWidth=1.5, name='unnamed Polygon', opacity=1.0, ori=array(0.0), pos=array([ 0.,  0.]), size=array([ 0.5,  0.5]), units='height', vertices=ndarray(...), win=Window(...))
23.7767 	EXP 	text_9: autoDraw = False
23.7767 	EXP 	text_same_practice: autoDraw = False
23.7767 	EXP 	unnamed Polygon: autoDraw = False
23.7767 	EXP 	text_same_practice: text = ''
23.7767 	EXP 	text_9: autoDraw = True
23.7767 	EXP 	text_same_practice: autoDraw = True
23.9444 	DATA 	Keypress: f
23.9466 	EXP 	New trial (rep=0, index=5): {u'color': u'#d7191c', u'answer': u'r'}
23.9653 	EXP 	Created unnamed Polygon = Polygon(autoDraw=True, autoLog=True, closeShape=True, contrast=1.0, depth=0, fillColor=u'#d7191c', fillColorSpace='hex', fillRGB=array([215,  25,  28]), interpolate=True, lineColor=array([ 1.,  1.,  1.]), lineColorSpace='rgb', lineRGB=array([ 1.,  1.,  1.]), lineWidth=1.5, name='unnamed Polygon', opacity=1.0, ori=array(0.0), pos=array([ 0.,  0.]), size=array([ 0.5,  0.5]), units='height', vertices=ndarray(...), win=Window(...))
23.9935 	EXP 	text_9: autoDraw = False
23.9935 	EXP 	text_same_practice: autoDraw = False
23.9935 	EXP 	unnamed Polygon: autoDraw = False
23.9935 	EXP 	text_same_practice: text = 'SAME?'
23.9935 	EXP 	text_9: autoDraw = True
23.9935 	EXP 	text_same_practice: autoDraw = True
24.1112 	DATA 	Keypress: a
24.1136 	EXP 	New trial (rep=0, index=6): {u'color': u'#d7191c', u'answer': u'r'}
24.1471 	EXP 	Created unnamed Polygon = Polygon(autoDraw=True, autoLog=True, closeShape=True, contrast=1.0, depth=0, fillColor=u'#d7191c', fillColorSpace='hex', fillRGB=array([215,  25,  28]), interpolate=True, lineColor=array([ 1.,  1.,  1.]), lineColorSpace='rgb', lineRGB=array([ 1.,  1.,  1.]), lineWidth=1.5, name='unnamed Polygon', opacity=1.0, ori=array(0.0), pos=array([ 0.,  0.]), size=array([ 0.5,  0.5]), units='height', vertices=ndarray(...), win=Window(...))
24.1599 	EXP 	text_9: autoDraw = False
24.1599 	EXP 	text_same_practice: autoDraw = False
24.1599 	EXP 	unnamed Polygon: autoDraw = False
24.1599 	EXP 	text_same_practice: text = ''
24.1599 	EXP 	text_9: autoDraw = True
24.1599 	EXP 	text_same_practice: autoDraw = True
24.2942 	DATA 	Keypress: f
24.2965 	EXP 	New trial (rep=0, index=7): {u'color': u'#2c7bb6', u'answer': u'b'}
24.3145 	EXP 	Created unnamed Polygon = Polygon(autoDraw=True, autoLog=True, closeShape=True, contrast=1.0, depth=0, fillColor=u'#2c7bb6', fillColorSpace='hex', fillRGB=array([ 44, 123, 182]), interpolate=True, lineColor=array([ 1.,  1.,  1.]), lineColorSpace='rgb', lineRGB=array([ 1.,  1.,  1.]), lineWidth=1.5, name='unnamed Polygon', opacity=1.0, ori=array(0.0), pos=array([ 0.,  0.]), size=array([ 0.5,  0.5]), units='height', vertices=ndarray(...), win=Window(...))
24.3433 	EXP 	text_9: autoDraw = False
24.3433 	EXP 	text_same_practice: autoDraw = False
24.3433 	EXP 	unnamed Polygon: autoDraw = False
24.3433 	EXP 	text_same_practice: text = 'SAME?'
24.3433 	EXP 	text_9: autoDraw = True
24.3433 	EXP 	text_same_practice: autoDraw = True
24.4607 	DATA 	Keypress: a
24.4632 	EXP 	New trial (rep=0, index=8): {u'color': u'#d7191c', u'answer': u'r'}
24.4703 	EXP 	Created unnamed Polygon = Polygon(autoDraw=True, autoLog=True, closeShape=True, contrast=1.0, depth=0, fillColor=u'#d7191c', fillColorSpace='hex', fillRGB=array([215,  25,  28]), interpolate=True, lineColor=array([ 1.,  1.,  1.]), lineColorSpace='rgb', lineRGB=array([ 1.,  1.,  1.]), lineWidth=1.5, name='unnamed Polygon', opacity=1.0, ori=array(0.0), pos=array([ 0.,  0.]), size=array([ 0.5,  0.5]), units='height', vertices=ndarray(...), win=Window(...))
24.4932 	EXP 	text_9: autoDraw = False
24.4932 	EXP 	text_same_practice: autoDraw = False
24.4932 	EXP 	unnamed Polygon: autoDraw = False
24.4932 	EXP 	text_same_practice: text = ''
24.4932 	EXP 	text_9: autoDraw = True
24.4932 	EXP 	text_same_practice: autoDraw = True
24.6444 	DATA 	Keypress: f
24.6466 	EXP 	New trial (rep=1, index=0): {u'color': u'#fdae61', u'answer': u'o'}
24.6643 	EXP 	Created unnamed Polygon = Polygon(autoDraw=True, autoLog=True, closeShape=True, contrast=1.0, depth=0, fillColor=u'#fdae61', fillColorSpace='hex', fillRGB=array([253, 174,  97]), interpolate=True, lineColor=array([ 1.,  1.,  1.]), lineColorSpace='rgb', lineRGB=array([ 1.,  1.,  1.]), lineWidth=1.5, name='unnamed Polygon', opacity=1.0, ori=array(0.0), pos=array([ 0.,  0.]), size=array([ 0.5,  0.5]), units='height', vertices=ndarray(...), win=Window(...))
24.6931 	EXP 	text_9: autoDraw = False
24.6931 	EXP 	text_same_practice: autoDraw = False
24.6931 	EXP 	unnamed Polygon: autoDraw = False
24.6931 	EXP 	text_same_practice: text = 'SAME?'
24.6931 	EXP 	text_9: autoDraw = True
24.6931 	EXP 	text_same_practice: autoDraw = True
24.7943 	DATA 	Keypress: a
24.7968 	EXP 	New trial (rep=1, index=1): {u'color': u'#2c7bb6', u'answer': u'b'}
24.8037 	EXP 	Created unnamed Polygon = Polygon(autoDraw=True, autoLog=True, closeShape=True, contrast=1.0, depth=0, fillColor=u'#2c7bb6', fillColorSpace='hex', fillRGB=array([ 44, 123, 182]), interpolate=True, lineColor=array([ 1.,  1.,  1.]), lineColorSpace='rgb', lineRGB=array([ 1.,  1.,  1.]), lineWidth=1.5, name='unnamed Polygon', opacity=1.0, ori=array(0.0), pos=array([ 0.,  0.]), size=array([ 0.5,  0.5]), units='height', vertices=ndarray(...), win=Window(...))
24.8266 	EXP 	text_9: autoDraw = False
24.8266 	EXP 	text_same_practice: autoDraw = False
24.8266 	EXP 	unnamed Polygon: autoDraw = False
24.8266 	EXP 	text_same_practice: text = ''
24.8266 	EXP 	text_9: autoDraw = True
24.8266 	EXP 	text_same_practice: autoDraw = True
24.9940 	DATA 	Keypress: f
24.9962 	EXP 	New trial (rep=1, index=2): {u'color': u'#2c7bb6', u'answer': u'b'}
25.0138 	EXP 	Created unnamed Polygon = Polygon(autoDraw=True, autoLog=True, closeShape=True, contrast=1.0, depth=0, fillColor=u'#2c7bb6', fillColorSpace='hex', fillRGB=array([ 44, 123, 182]), interpolate=True, lineColor=array([ 1.,  1.,  1.]), lineColorSpace='rgb', lineRGB=array([ 1.,  1.,  1.]), lineWidth=1.5, name='unnamed Polygon', opacity=1.0, ori=array(0.0), pos=array([ 0.,  0.]), size=array([ 0.5,  0.5]), units='height', vertices=ndarray(...), win=Window(...))
25.0429 	EXP 	text_9: autoDraw = False
25.0429 	EXP 	text_same_practice: autoDraw = False
25.0429 	EXP 	unnamed Polygon: autoDraw = False
25.0429 	EXP 	text_same_practice: text = 'SAME?'
25.0429 	EXP 	text_9: autoDraw = True
25.0429 	EXP 	text_same_practice: autoDraw = True
25.1442 	DATA 	Keypress: a
25.1466 	EXP 	New trial (rep=1, index=3): {u'color': u'#d7191c', u'answer': u'r'}
25.1546 	EXP 	Created unnamed Polygon = Polygon(autoDraw=True, autoLog=True, closeShape=True, contrast=1.0, depth=0, fillColor=u'#d7191c', fillColorSpace='hex', fillRGB=array([215,  25,  28]), interpolate=True, lineColor=array([ 1.,  1.,  1.]), lineColorSpace='rgb', lineRGB=array([ 1.,  1.,  1.]), lineWidth=1.5, name='unnamed Polygon', opacity=1.0, ori=array(0.0), pos=array([ 0.,  0.]), size=array([ 0.5,  0.5]), units='height', vertices=ndarray(...), win=Window(...))
25.1762 	EXP 	text_9: autoDraw = False
25.1762 	EXP 	text_same_practice: autoDraw = False
25.1762 	EXP 	unnamed Polygon: autoDraw = False
25.1762 	EXP 	text_same_practice: text = ''
25.1762 	EXP 	text_9: autoDraw = True
25.1762 	EXP 	text_same_practice: autoDraw = True
25.3444 	DATA 	Keypress: f
25.3466 	EXP 	New trial (rep=1, index=4): {u'color': u'#d7191c', u'answer': u'r'}
25.3642 	EXP 	Created unnamed Polygon = Polygon(autoDraw=True, autoLog=True, closeShape=True, contrast=1.0, depth=0, fillColor=u'#d7191c', fillColorSpace='hex', fillRGB=array([215,  25,  28]), interpolate=True, lineColor=array([ 1.,  1.,  1.]), lineColorSpace='rgb', lineRGB=array([ 1.,  1.,  1.]), lineWidth=1.5, name='unnamed Polygon', opacity=1.0, ori=array(0.0), pos=array([ 0.,  0.]), size=array([ 0.5,  0.5]), units='height', vertices=ndarray(...), win=Window(...))
25.3930 	EXP 	text_9: autoDraw = False
25.3930 	EXP 	text_same_practice: autoDraw = False
25.3930 	EXP 	unnamed Polygon: autoDraw = False
25.3930 	EXP 	text_same_practice: text = 'SAME?'
25.3930 	EXP 	text_9: autoDraw = True
25.3930 	EXP 	text_same_practice: autoDraw = True
25.5774 	DATA 	Keypress: a
25.5798 	EXP 	New trial (rep=1, index=5): {u'color': u'#2c7bb6', u'answer': u'b'}
25.5864 	EXP 	Created unnamed Polygon = Polygon(autoDraw=True, autoLog=True, closeShape=True, contrast=1.0, depth=0, fillColor=u'#2c7bb6', fillColorSpace='hex', fillRGB=array([ 44, 123, 182]), interpolate=True, lineColor=array([ 1.,  1.,  1.]), lineColorSpace='rgb', lineRGB=array([ 1.,  1.,  1.]), lineWidth=1.5, name='unnamed Polygon', opacity=1.0, ori=array(0.0), pos=array([ 0.,  0.]), size=array([ 0.5,  0.5]), units='height', vertices=ndarray(...), win=Window(...))
25.6093 	EXP 	text_9: autoDraw = False
25.6093 	EXP 	text_same_practice: autoDraw = False
25.6093 	EXP 	unnamed Polygon: autoDraw = False
25.6093 	EXP 	text_same_practice: text = ''
25.6093 	EXP 	text_9: autoDraw = True
25.6093 	EXP 	text_same_practice: autoDraw = True
25.8437 	DATA 	Keypress: f
25.8459 	EXP 	New trial (rep=1, index=6): {u'color': u'#fdae61', u'answer': u'o'}
25.8917 	EXP 	Created unnamed Polygon = Polygon(autoDraw=True, autoLog=True, closeShape=True, contrast=1.0, depth=0, fillColor=u'#fdae61', fillColorSpace='hex', fillRGB=array([253, 174,  97]), interpolate=True, lineColor=array([ 1.,  1.,  1.]), lineColorSpace='rgb', lineRGB=array([ 1.,  1.,  1.]), lineWidth=1.5, name='unnamed Polygon', opacity=1.0, ori=array(0.0), pos=array([ 0.,  0.]), size=array([ 0.5,  0.5]), units='height', vertices=ndarray(...), win=Window(...))
25.9091 	EXP 	text_9: autoDraw = False
25.9091 	EXP 	text_same_practice: autoDraw = False
25.9091 	EXP 	unnamed Polygon: autoDraw = False
25.9091 	EXP 	text_same_practice: text = 'SAME?'
25.9091 	EXP 	text_9: autoDraw = True
25.9091 	EXP 	text_same_practice: autoDraw = True
26.1273 	DATA 	Keypress: a
26.1297 	EXP 	New trial (rep=1, index=7): {u'color': u'#d7191c', u'answer': u'r'}
26.1367 	EXP 	Created unnamed Polygon = Polygon(autoDraw=True, autoLog=True, closeShape=True, contrast=1.0, depth=0, fillColor=u'#d7191c', fillColorSpace='hex', fillRGB=array([215,  25,  28]), interpolate=True, lineColor=array([ 1.,  1.,  1.]), lineColorSpace='rgb', lineRGB=array([ 1.,  1.,  1.]), lineWidth=1.5, name='unnamed Polygon', opacity=1.0, ori=array(0.0), pos=array([ 0.,  0.]), size=array([ 0.5,  0.5]), units='height', vertices=ndarray(...), win=Window(...))
26.1590 	EXP 	text_9: autoDraw = False
26.1590 	EXP 	text_same_practice: autoDraw = False
26.1590 	EXP 	unnamed Polygon: autoDraw = False
26.1590 	EXP 	text_same_practice: text = ''
26.1590 	EXP 	text_9: autoDraw = True
26.1590 	EXP 	text_same_practice: autoDraw = True
26.4428 	DATA 	Keypress: f
26.4450 	EXP 	New trial (rep=1, index=8): {u'color': u'#fdae61', u'answer': u'o'}
26.4646 	EXP 	Created unnamed Polygon = Polygon(autoDraw=True, autoLog=True, closeShape=True, contrast=1.0, depth=0, fillColor=u'#fdae61', fillColorSpace='hex', fillRGB=array([253, 174,  97]), interpolate=True, lineColor=array([ 1.,  1.,  1.]), lineColorSpace='rgb', lineRGB=array([ 1.,  1.,  1.]), lineWidth=1.5, name='unnamed Polygon', opacity=1.0, ori=array(0.0), pos=array([ 0.,  0.]), size=array([ 0.5,  0.5]), units='height', vertices=ndarray(...), win=Window(...))
26.4923 	EXP 	text_9: autoDraw = False
26.4923 	EXP 	text_same_practice: autoDraw = False
26.4923 	EXP 	unnamed Polygon: autoDraw = False
26.4923 	EXP 	text_same_practice: text = 'SAME?'
26.4923 	EXP 	text_9: autoDraw = True
26.4923 	EXP 	text_same_practice: autoDraw = True
26.7594 	DATA 	Keypress: a
26.9061 	EXP 	text_9: autoDraw = False
26.9061 	EXP 	text_same_practice: autoDraw = False
26.9061 	EXP 	unnamed Polygon: autoDraw = False
26.9061 	EXP 	text_10: autoDraw = True
27.4069 	DATA 	Keypress: d
27.4382 	EXP 	Imported Sequences\color.xlsx as conditions, 63 conditions, 2 params
27.4409 	EXP 	Created sequence: random, trialTypes=63, nReps=2, seed=None
27.4419 	EXP 	New trial (rep=0, index=0): {u'color': u'#fdae61', u'answer': u'o'}
27.4481 	EXP 	Created unnamed Polygon = Polygon(autoDraw=True, autoLog=True, closeShape=True, contrast=1.0, depth=0, fillColor=u'#fdae61', fillColorSpace='hex', fillRGB=array([253, 174,  97]), interpolate=True, lineColor=array([ 1.,  1.,  1.]), lineColorSpace='rgb', lineRGB=array([ 1.,  1.,  1.]), lineWidth=1.5, name='unnamed Polygon', opacity=1.0, ori=array(0.0), pos=array([ 0.,  0.]), size=array([ 0.5,  0.5]), units='height', vertices=ndarray(...), win=Window(...))
27.4719 	EXP 	text_10: autoDraw = False
27.4719 	EXP 	text_same: text = ''
27.4719 	EXP 	text_same: autoDraw = True
28.0731 	DATA 	Keypress: f
28.0759 	EXP 	New trial (rep=0, index=1): {u'color': u'#d7191c', u'answer': u'r'}
28.1156 	EXP 	Created unnamed Polygon = Polygon(autoDraw=True, autoLog=True, closeShape=True, contrast=1.0, depth=0, fillColor=u'#d7191c', fillColorSpace='hex', fillRGB=array([215,  25,  28]), interpolate=True, lineColor=array([ 1.,  1.,  1.]), lineColorSpace='rgb', lineRGB=array([ 1.,  1.,  1.]), lineWidth=1.5, name='unnamed Polygon', opacity=1.0, ori=array(0.0), pos=array([ 0.,  0.]), size=array([ 0.5,  0.5]), units='height', vertices=ndarray(...), win=Window(...))
28.1384 	EXP 	text_same: autoDraw = False
28.1384 	EXP 	unnamed Polygon: autoDraw = False
28.1384 	EXP 	text_same: text = 'SAME?'
28.1384 	EXP 	text_same: autoDraw = True
28.3567 	DATA 	Keypress: a
28.3594 	EXP 	New trial (rep=0, index=2): {u'color': u'#d7191c', u'answer': u'r'}
28.3670 	EXP 	Created unnamed Polygon = Polygon(autoDraw=True, autoLog=True, closeShape=True, contrast=1.0, depth=0, fillColor=u'#d7191c', fillColorSpace='hex', fillRGB=array([215,  25,  28]), interpolate=True, lineColor=array([ 1.,  1.,  1.]), lineColorSpace='rgb', lineRGB=array([ 1.,  1.,  1.]), lineWidth=1.5, name='unnamed Polygon', opacity=1.0, ori=array(0.0), pos=array([ 0.,  0.]), size=array([ 0.5,  0.5]), units='height', vertices=ndarray(...), win=Window(...))
28.3884 	EXP 	text_same: autoDraw = False
28.3884 	EXP 	unnamed Polygon: autoDraw = False
28.3884 	EXP 	text_same: text = ''
28.3884 	EXP 	text_same: autoDraw = True
28.6062 	DATA 	Keypress: f
28.6083 	EXP 	New trial (rep=0, index=3): {u'color': u'#2c7bb6', u'answer': u'b'}
28.6537 	EXP 	Created unnamed Polygon = Polygon(autoDraw=True, autoLog=True, closeShape=True, contrast=1.0, depth=0, fillColor=u'#2c7bb6', fillColorSpace='hex', fillRGB=array([ 44, 123, 182]), interpolate=True, lineColor=array([ 1.,  1.,  1.]), lineColorSpace='rgb', lineRGB=array([ 1.,  1.,  1.]), lineWidth=1.5, name='unnamed Polygon', opacity=1.0, ori=array(0.0), pos=array([ 0.,  0.]), size=array([ 0.5,  0.5]), units='height', vertices=ndarray(...), win=Window(...))
28.6714 	EXP 	text_same: autoDraw = False
28.6714 	EXP 	unnamed Polygon: autoDraw = False
28.6714 	EXP 	text_same: text = 'SAME?'
28.6714 	EXP 	text_same: autoDraw = True
28.8224 	DATA 	Keypress: a
28.8247 	EXP 	New trial (rep=0, index=4): {u'color': u'#d7191c', u'answer': u'r'}
28.8316 	EXP 	Created unnamed Polygon = Polygon(autoDraw=True, autoLog=True, closeShape=True, contrast=1.0, depth=0, fillColor=u'#d7191c', fillColorSpace='hex', fillRGB=array([215,  25,  28]), interpolate=True, lineColor=array([ 1.,  1.,  1.]), lineColorSpace='rgb', lineRGB=array([ 1.,  1.,  1.]), lineWidth=1.5, name='unnamed Polygon', opacity=1.0, ori=array(0.0), pos=array([ 0.,  0.]), size=array([ 0.5,  0.5]), units='height', vertices=ndarray(...), win=Window(...))
28.8553 	EXP 	text_same: autoDraw = False
28.8553 	EXP 	unnamed Polygon: autoDraw = False
28.8553 	EXP 	text_same: text = ''
28.8553 	EXP 	text_same: autoDraw = True
29.0062 	DATA 	Keypress: f
29.0090 	EXP 	New trial (rep=0, index=5): {u'color': u'#2c7bb6', u'answer': u'b'}
29.0266 	EXP 	Created unnamed Polygon = Polygon(autoDraw=True, autoLog=True, closeShape=True, contrast=1.0, depth=0, fillColor=u'#2c7bb6', fillColorSpace='hex', fillRGB=array([ 44, 123, 182]), interpolate=True, lineColor=array([ 1.,  1.,  1.]), lineColorSpace='rgb', lineRGB=array([ 1.,  1.,  1.]), lineWidth=1.5, name='unnamed Polygon', opacity=1.0, ori=array(0.0), pos=array([ 0.,  0.]), size=array([ 0.5,  0.5]), units='height', vertices=ndarray(...), win=Window(...))
29.0552 	EXP 	text_same: autoDraw = False
29.0552 	EXP 	unnamed Polygon: autoDraw = False
29.0552 	EXP 	text_same: text = 'SAME?'
29.0552 	EXP 	text_same: autoDraw = True
29.2054 	DATA 	Keypress: a
29.2078 	EXP 	New trial (rep=0, index=6): {u'color': u'#fdae61', u'answer': u'o'}
29.2146 	EXP 	Created unnamed Polygon = Polygon(autoDraw=True, autoLog=True, closeShape=True, contrast=1.0, depth=0, fillColor=u'#fdae61', fillColorSpace='hex', fillRGB=array([253, 174,  97]), interpolate=True, lineColor=array([ 1.,  1.,  1.]), lineColorSpace='rgb', lineRGB=array([ 1.,  1.,  1.]), lineWidth=1.5, name='unnamed Polygon', opacity=1.0, ori=array(0.0), pos=array([ 0.,  0.]), size=array([ 0.5,  0.5]), units='height', vertices=ndarray(...), win=Window(...))
29.2380 	EXP 	text_same: autoDraw = False
29.2380 	EXP 	unnamed Polygon: autoDraw = False
29.2380 	EXP 	text_same: text = ''
29.2380 	EXP 	text_same: autoDraw = True
29.4060 	DATA 	Keypress: f
29.4082 	EXP 	New trial (rep=0, index=7): {u'color': u'#d7191c', u'answer': u'r'}
29.4597 	EXP 	Created unnamed Polygon = Polygon(autoDraw=True, autoLog=True, closeShape=True, contrast=1.0, depth=0, fillColor=u'#d7191c', fillColorSpace='hex', fillRGB=array([215,  25,  28]), interpolate=True, lineColor=array([ 1.,  1.,  1.]), lineColorSpace='rgb', lineRGB=array([ 1.,  1.,  1.]), lineWidth=1.5, name='unnamed Polygon', opacity=1.0, ori=array(0.0), pos=array([ 0.,  0.]), size=array([ 0.5,  0.5]), units='height', vertices=ndarray(...), win=Window(...))
29.4879 	EXP 	text_same: autoDraw = False
29.4879 	EXP 	unnamed Polygon: autoDraw = False
29.4879 	EXP 	text_same: text = 'SAME?'
29.4879 	EXP 	text_same: autoDraw = True
29.5727 	DATA 	Keypress: a
29.5753 	EXP 	New trial (rep=0, index=8): {u'color': u'#2c7bb6', u'answer': u'b'}
29.5821 	EXP 	Created unnamed Polygon = Polygon(autoDraw=True, autoLog=True, closeShape=True, contrast=1.0, depth=0, fillColor=u'#2c7bb6', fillColorSpace='hex', fillRGB=array([ 44, 123, 182]), interpolate=True, lineColor=array([ 1.,  1.,  1.]), lineColorSpace='rgb', lineRGB=array([ 1.,  1.,  1.]), lineWidth=1.5, name='unnamed Polygon', opacity=1.0, ori=array(0.0), pos=array([ 0.,  0.]), size=array([ 0.5,  0.5]), units='height', vertices=ndarray(...), win=Window(...))
29.6052 	EXP 	text_same: autoDraw = False
29.6052 	EXP 	unnamed Polygon: autoDraw = False
29.6052 	EXP 	text_same: text = ''
29.6052 	EXP 	text_same: autoDraw = True
29.7895 	DATA 	Keypress: f
29.7916 	EXP 	New trial (rep=0, index=9): {u'color': u'#d7191c', u'answer': u'r'}
29.8097 	EXP 	Created unnamed Polygon = Polygon(autoDraw=True, autoLog=True, closeShape=True, contrast=1.0, depth=0, fillColor=u'#d7191c', fillColorSpace='hex', fillRGB=array([215,  25,  28]), interpolate=True, lineColor=array([ 1.,  1.,  1.]), lineColorSpace='rgb', lineRGB=array([ 1.,  1.,  1.]), lineWidth=1.5, name='unnamed Polygon', opacity=1.0, ori=array(0.0), pos=array([ 0.,  0.]), size=array([ 0.5,  0.5]), units='height', vertices=ndarray(...), win=Window(...))
29.8378 	EXP 	text_same: autoDraw = False
29.8378 	EXP 	unnamed Polygon: autoDraw = False
29.8378 	EXP 	text_same: text = 'SAME?'
29.8378 	EXP 	text_same: autoDraw = True
30.0555 	DATA 	Keypress: a
30.0579 	EXP 	New trial (rep=0, index=10): {u'color': u'#d7191c', u'answer': u'r'}
30.0908 	EXP 	Created unnamed Polygon = Polygon(autoDraw=True, autoLog=True, closeShape=True, contrast=1.0, depth=0, fillColor=u'#d7191c', fillColorSpace='hex', fillRGB=array([215,  25,  28]), interpolate=True, lineColor=array([ 1.,  1.,  1.]), lineColorSpace='rgb', lineRGB=array([ 1.,  1.,  1.]), lineWidth=1.5, name='unnamed Polygon', opacity=1.0, ori=array(0.0), pos=array([ 0.,  0.]), size=array([ 0.5,  0.5]), units='height', vertices=ndarray(...), win=Window(...))
30.1046 	EXP 	text_same: autoDraw = False
30.1046 	EXP 	unnamed Polygon: autoDraw = False
30.1046 	EXP 	text_same: text = ''
30.1046 	EXP 	text_same: autoDraw = True
30.3391 	DATA 	Keypress: f
30.3413 	EXP 	New trial (rep=0, index=11): {u'color': u'#d7191c', u'answer': u'r'}
30.3554 	EXP 	Created unnamed Polygon = Polygon(autoDraw=True, autoLog=True, closeShape=True, contrast=1.0, depth=0, fillColor=u'#d7191c', fillColorSpace='hex', fillRGB=array([215,  25,  28]), interpolate=True, lineColor=array([ 1.,  1.,  1.]), lineColorSpace='rgb', lineRGB=array([ 1.,  1.,  1.]), lineWidth=1.5, name='unnamed Polygon', opacity=1.0, ori=array(0.0), pos=array([ 0.,  0.]), size=array([ 0.5,  0.5]), units='height', vertices=ndarray(...), win=Window(...))
30.3704 	EXP 	text_same: autoDraw = False
30.3704 	EXP 	unnamed Polygon: autoDraw = False
30.3704 	EXP 	text_same: text = 'SAME?'
30.3704 	EXP 	text_same: autoDraw = True
30.5887 	DATA 	Keypress: a
30.5920 	EXP 	New trial (rep=0, index=12): {u'color': u'#fdae61', u'answer': u'o'}
30.5989 	EXP 	Created unnamed Polygon = Polygon(autoDraw=True, autoLog=True, closeShape=True, contrast=1.0, depth=0, fillColor=u'#fdae61', fillColorSpace='hex', fillRGB=array([253, 174,  97]), interpolate=True, lineColor=array([ 1.,  1.,  1.]), lineColorSpace='rgb', lineRGB=array([ 1.,  1.,  1.]), lineWidth=1.5, name='unnamed Polygon', opacity=1.0, ori=array(0.0), pos=array([ 0.,  0.]), size=array([ 0.5,  0.5]), units='height', vertices=ndarray(...), win=Window(...))
30.6206 	EXP 	text_same: autoDraw = False
30.6206 	EXP 	unnamed Polygon: autoDraw = False
30.6206 	EXP 	text_same: text = ''
30.6206 	EXP 	text_same: autoDraw = True
30.8379 	DATA 	Keypress: f
30.8393 	EXP 	New trial (rep=0, index=13): {u'color': u'#fdae61', u'answer': u'o'}
30.8504 	EXP 	Created unnamed Polygon = Polygon(autoDraw=True, autoLog=True, closeShape=True, contrast=1.0, depth=0, fillColor=u'#fdae61', fillColorSpace='hex', fillRGB=array([253, 174,  97]), interpolate=True, lineColor=array([ 1.,  1.,  1.]), lineColorSpace='rgb', lineRGB=array([ 1.,  1.,  1.]), lineWidth=1.5, name='unnamed Polygon', opacity=1.0, ori=array(0.0), pos=array([ 0.,  0.]), size=array([ 0.5,  0.5]), units='height', vertices=ndarray(...), win=Window(...))
30.8702 	EXP 	text_same: autoDraw = False
30.8702 	EXP 	unnamed Polygon: autoDraw = False
30.8702 	EXP 	text_same: text = 'SAME?'
30.8702 	EXP 	text_same: autoDraw = True
31.0379 	DATA 	Keypress: a
31.0397 	EXP 	New trial (rep=0, index=14): {u'color': u'#2c7bb6', u'answer': u'b'}
31.0447 	EXP 	Created unnamed Polygon = Polygon(autoDraw=True, autoLog=True, closeShape=True, contrast=1.0, depth=0, fillColor=u'#2c7bb6', fillColorSpace='hex', fillRGB=array([ 44, 123, 182]), interpolate=True, lineColor=array([ 1.,  1.,  1.]), lineColorSpace='rgb', lineRGB=array([ 1.,  1.,  1.]), lineWidth=1.5, name='unnamed Polygon', opacity=1.0, ori=array(0.0), pos=array([ 0.,  0.]), size=array([ 0.5,  0.5]), units='height', vertices=ndarray(...), win=Window(...))
31.0704 	EXP 	text_same: autoDraw = False
31.0704 	EXP 	unnamed Polygon: autoDraw = False
31.0704 	EXP 	text_same: text = ''
31.0704 	EXP 	text_same: autoDraw = True
31.2877 	DATA 	Keypress: f
31.2893 	EXP 	New trial (rep=0, index=15): {u'color': u'#d7191c', u'answer': u'r'}
31.3082 	EXP 	Created unnamed Polygon = Polygon(autoDraw=True, autoLog=True, closeShape=True, contrast=1.0, depth=0, fillColor=u'#d7191c', fillColorSpace='hex', fillRGB=array([215,  25,  28]), interpolate=True, lineColor=array([ 1.,  1.,  1.]), lineColorSpace='rgb', lineRGB=array([ 1.,  1.,  1.]), lineWidth=1.5, name='unnamed Polygon', opacity=1.0, ori=array(0.0), pos=array([ 0.,  0.]), size=array([ 0.5,  0.5]), units='height', vertices=ndarray(...), win=Window(...))
31.3370 	EXP 	text_same: autoDraw = False
31.3370 	EXP 	unnamed Polygon: autoDraw = False
31.3370 	EXP 	text_same: text = 'SAME?'
31.3370 	EXP 	text_same: autoDraw = True
31.5222 	DATA 	Keypress: a
31.5246 	EXP 	New trial (rep=0, index=16): {u'color': u'#fdae61', u'answer': u'o'}
31.5314 	EXP 	Created unnamed Polygon = Polygon(autoDraw=True, autoLog=True, closeShape=True, contrast=1.0, depth=0, fillColor=u'#fdae61', fillColorSpace='hex', fillRGB=array([253, 174,  97]), interpolate=True, lineColor=array([ 1.,  1.,  1.]), lineColorSpace='rgb', lineRGB=array([ 1.,  1.,  1.]), lineWidth=1.5, name='unnamed Polygon', opacity=1.0, ori=array(0.0), pos=array([ 0.,  0.]), size=array([ 0.5,  0.5]), units='height', vertices=ndarray(...), win=Window(...))
31.5535 	EXP 	text_same: autoDraw = False
31.5535 	EXP 	unnamed Polygon: autoDraw = False
31.5535 	EXP 	text_same: text = ''
31.5535 	EXP 	text_same: autoDraw = True
31.8044 	DATA 	Keypress: f
31.8065 	EXP 	New trial (rep=0, index=17): {u'color': u'#fdae61', u'answer': u'o'}
31.8242 	EXP 	Created unnamed Polygon = Polygon(autoDraw=True, autoLog=True, closeShape=True, contrast=1.0, depth=0, fillColor=u'#fdae61', fillColorSpace='hex', fillRGB=array([253, 174,  97]), interpolate=True, lineColor=array([ 1.,  1.,  1.]), lineColorSpace='rgb', lineRGB=array([ 1.,  1.,  1.]), lineWidth=1.5, name='unnamed Polygon', opacity=1.0, ori=array(0.0), pos=array([ 0.,  0.]), size=array([ 0.5,  0.5]), units='height', vertices=ndarray(...), win=Window(...))
31.8533 	EXP 	text_same: autoDraw = False
31.8533 	EXP 	unnamed Polygon: autoDraw = False
31.8533 	EXP 	text_same: text = 'SAME?'
31.8533 	EXP 	text_same: autoDraw = True
32.0710 	DATA 	Keypress: a
32.0733 	EXP 	New trial (rep=0, index=18): {u'color': u'#2c7bb6', u'answer': u'b'}
32.0802 	EXP 	Created unnamed Polygon = Polygon(autoDraw=True, autoLog=True, closeShape=True, contrast=1.0, depth=0, fillColor=u'#2c7bb6', fillColorSpace='hex', fillRGB=array([ 44, 123, 182]), interpolate=True, lineColor=array([ 1.,  1.,  1.]), lineColorSpace='rgb', lineRGB=array([ 1.,  1.,  1.]), lineWidth=1.5, name='unnamed Polygon', opacity=1.0, ori=array(0.0), pos=array([ 0.,  0.]), size=array([ 0.5,  0.5]), units='height', vertices=ndarray(...), win=Window(...))
32.1031 	EXP 	text_same: autoDraw = False
32.1031 	EXP 	unnamed Polygon: autoDraw = False
32.1031 	EXP 	text_same: text = ''
32.1031 	EXP 	text_same: autoDraw = True
32.3558 	DATA 	Keypress: f
32.3720 	EXP 	New trial (rep=0, index=19): {u'color': u'#2c7bb6', u'answer': u'b'}
32.4216 	EXP 	Created unnamed Polygon = Polygon(autoDraw=True, autoLog=True, closeShape=True, contrast=1.0, depth=0, fillColor=u'#2c7bb6', fillColorSpace='hex', fillRGB=array([ 44, 123, 182]), interpolate=True, lineColor=array([ 1.,  1.,  1.]), lineColorSpace='rgb', lineRGB=array([ 1.,  1.,  1.]), lineWidth=1.5, name='unnamed Polygon', opacity=1.0, ori=array(0.0), pos=array([ 0.,  0.]), size=array([ 0.5,  0.5]), units='height', vertices=ndarray(...), win=Window(...))
32.4528 	EXP 	text_same: autoDraw = False
32.4528 	EXP 	unnamed Polygon: autoDraw = False
32.4528 	EXP 	text_same: text = 'SAME?'
32.4528 	EXP 	text_same: autoDraw = True
32.7372 	DATA 	Keypress: a
32.7531 	EXP 	text_same: autoDraw = False
33.8476 	DATA 	Keypress: f
35.3279 	DATA 	Keypress: a
35.6389 	DATA 	Keypress: f
35.9446 	DATA 	Keypress: a
36.1859 	DATA 	Keypress: f
36.3568 	DATA 	Keypress: a
36.5400 	DATA 	Keypress: d
36.5406 	EXP 	New trial (rep=0, index=20): {u'color': u'#2c7bb6', u'answer': u'b'}
36.5428 	EXP 	Created unnamed Polygon = Polygon(autoDraw=True, autoLog=True, closeShape=True, contrast=1.0, depth=0, fillColor=u'#2c7bb6', fillColorSpace='hex', fillRGB=array([ 44, 123, 182]), interpolate=True, lineColor=array([ 1.,  1.,  1.]), lineColorSpace='rgb', lineRGB=array([ 1.,  1.,  1.]), lineWidth=1.5, name='unnamed Polygon', opacity=1.0, ori=array(0.0), pos=array([ 0.,  0.]), size=array([ 0.5,  0.5]), units='height', vertices=ndarray(...), win=Window(...))
36.5547 	EXP 	unnamed Polygon: autoDraw = False
36.5547 	EXP 	text_same: text = ''
36.5547 	EXP 	text_same: autoDraw = True
36.9053 	DATA 	Keypress: f
36.9075 	EXP 	New trial (rep=0, index=21): {u'color': u'#d7191c', u'answer': u'r'}
36.9252 	EXP 	Created unnamed Polygon = Polygon(autoDraw=True, autoLog=True, closeShape=True, contrast=1.0, depth=0, fillColor=u'#d7191c', fillColorSpace='hex', fillRGB=array([215,  25,  28]), interpolate=True, lineColor=array([ 1.,  1.,  1.]), lineColorSpace='rgb', lineRGB=array([ 1.,  1.,  1.]), lineWidth=1.5, name='unnamed Polygon', opacity=1.0, ori=array(0.0), pos=array([ 0.,  0.]), size=array([ 0.5,  0.5]), units='height', vertices=ndarray(...), win=Window(...))
36.9552 	EXP 	text_same: autoDraw = False
36.9552 	EXP 	unnamed Polygon: autoDraw = False
36.9552 	EXP 	text_same: text = 'SAME?'
36.9552 	EXP 	text_same: autoDraw = True
37.2221 	DATA 	Keypress: a
37.2245 	EXP 	New trial (rep=0, index=22): {u'color': u'#fdae61', u'answer': u'o'}
37.2647 	EXP 	Created unnamed Polygon = Polygon(autoDraw=True, autoLog=True, closeShape=True, contrast=1.0, depth=0, fillColor=u'#fdae61', fillColorSpace='hex', fillRGB=array([253, 174,  97]), interpolate=True, lineColor=array([ 1.,  1.,  1.]), lineColorSpace='rgb', lineRGB=array([ 1.,  1.,  1.]), lineWidth=1.5, name='unnamed Polygon', opacity=1.0, ori=array(0.0), pos=array([ 0.,  0.]), size=array([ 0.5,  0.5]), units='height', vertices=ndarray(...), win=Window(...))
37.2875 	EXP 	text_same: autoDraw = False
37.2875 	EXP 	unnamed Polygon: autoDraw = False
37.2875 	EXP 	text_same: text = ''
37.2875 	EXP 	text_same: autoDraw = True
37.4219 	DATA 	Keypress: f
37.4232 	EXP 	New trial (rep=0, index=23): {u'color': u'#fdae61', u'answer': u'o'}
37.4417 	EXP 	Created unnamed Polygon = Polygon(autoDraw=True, autoLog=True, closeShape=True, contrast=1.0, depth=0, fillColor=u'#fdae61', fillColorSpace='hex', fillRGB=array([253, 174,  97]), interpolate=True, lineColor=array([ 1.,  1.,  1.]), lineColorSpace='rgb', lineRGB=array([ 1.,  1.,  1.]), lineWidth=1.5, name='unnamed Polygon', opacity=1.0, ori=array(0.0), pos=array([ 0.,  0.]), size=array([ 0.5,  0.5]), units='height', vertices=ndarray(...), win=Window(...))
37.4713 	EXP 	text_same: autoDraw = False
37.4713 	EXP 	unnamed Polygon: autoDraw = False
37.4713 	EXP 	text_same: text = 'SAME?'
37.4713 	EXP 	text_same: autoDraw = True
37.6881 	DATA 	Keypress: a
37.6905 	EXP 	New trial (rep=0, index=24): {u'color': u'#2c7bb6', u'answer': u'b'}
37.6972 	EXP 	Created unnamed Polygon = Polygon(autoDraw=True, autoLog=True, closeShape=True, contrast=1.0, depth=0, fillColor=u'#2c7bb6', fillColorSpace='hex', fillRGB=array([ 44, 123, 182]), interpolate=True, lineColor=array([ 1.,  1.,  1.]), lineColorSpace='rgb', lineRGB=array([ 1.,  1.,  1.]), lineWidth=1.5, name='unnamed Polygon', opacity=1.0, ori=array(0.0), pos=array([ 0.,  0.]), size=array([ 0.5,  0.5]), units='height', vertices=ndarray(...), win=Window(...))
37.7209 	EXP 	text_same: autoDraw = False
37.7209 	EXP 	unnamed Polygon: autoDraw = False
37.7209 	EXP 	text_same: text = ''
37.7209 	EXP 	text_same: autoDraw = True
37.9053 	DATA 	Keypress: f
37.9075 	EXP 	New trial (rep=0, index=25): {u'color': u'#fdae61', u'answer': u'o'}
37.9253 	EXP 	Created unnamed Polygon = Polygon(autoDraw=True, autoLog=True, closeShape=True, contrast=1.0, depth=0, fillColor=u'#fdae61', fillColorSpace='hex', fillRGB=array([253, 174,  97]), interpolate=True, lineColor=array([ 1.,  1.,  1.]), lineColorSpace='rgb', lineRGB=array([ 1.,  1.,  1.]), lineWidth=1.5, name='unnamed Polygon', opacity=1.0, ori=array(0.0), pos=array([ 0.,  0.]), size=array([ 0.5,  0.5]), units='height', vertices=ndarray(...), win=Window(...))
37.9541 	EXP 	text_same: autoDraw = False
37.9541 	EXP 	unnamed Polygon: autoDraw = False
37.9541 	EXP 	text_same: text = 'SAME?'
37.9541 	EXP 	text_same: autoDraw = True
38.1048 	DATA 	Keypress: a
38.1072 	EXP 	New trial (rep=0, index=26): {u'color': u'#2c7bb6', u'answer': u'b'}
38.1138 	EXP 	Created unnamed Polygon = Polygon(autoDraw=True, autoLog=True, closeShape=True, contrast=1.0, depth=0, fillColor=u'#2c7bb6', fillColorSpace='hex', fillRGB=array([ 44, 123, 182]), interpolate=True, lineColor=array([ 1.,  1.,  1.]), lineColorSpace='rgb', lineRGB=array([ 1.,  1.,  1.]), lineWidth=1.5, name='unnamed Polygon', opacity=1.0, ori=array(0.0), pos=array([ 0.,  0.]), size=array([ 0.5,  0.5]), units='height', vertices=ndarray(...), win=Window(...))
38.1378 	EXP 	text_same: autoDraw = False
38.1378 	EXP 	unnamed Polygon: autoDraw = False
38.1378 	EXP 	text_same: text = ''
38.1378 	EXP 	text_same: autoDraw = True
38.2896 	DATA 	Keypress: f
38.3065 	EXP 	New trial (rep=0, index=27): {u'color': u'#fdae61', u'answer': u'o'}
38.3243 	EXP 	Created unnamed Polygon = Polygon(autoDraw=True, autoLog=True, closeShape=True, contrast=1.0, depth=0, fillColor=u'#fdae61', fillColorSpace='hex', fillRGB=array([253, 174,  97]), interpolate=True, lineColor=array([ 1.,  1.,  1.]), lineColorSpace='rgb', lineRGB=array([ 1.,  1.,  1.]), lineWidth=1.5, name='unnamed Polygon', opacity=1.0, ori=array(0.0), pos=array([ 0.,  0.]), size=array([ 0.5,  0.5]), units='height', vertices=ndarray(...), win=Window(...))
38.3545 	EXP 	text_same: autoDraw = False
38.3545 	EXP 	unnamed Polygon: autoDraw = False
38.3545 	EXP 	text_same: text = 'SAME?'
38.3545 	EXP 	text_same: autoDraw = True
38.4879 	DATA 	Keypress: a
38.4903 	EXP 	New trial (rep=0, index=28): {u'color': u'#2c7bb6', u'answer': u'b'}
38.4970 	EXP 	Created unnamed Polygon = Polygon(autoDraw=True, autoLog=True, closeShape=True, contrast=1.0, depth=0, fillColor=u'#2c7bb6', fillColorSpace='hex', fillRGB=array([ 44, 123, 182]), interpolate=True, lineColor=array([ 1.,  1.,  1.]), lineColorSpace='rgb', lineRGB=array([ 1.,  1.,  1.]), lineWidth=1.5, name='unnamed Polygon', opacity=1.0, ori=array(0.0), pos=array([ 0.,  0.]), size=array([ 0.5,  0.5]), units='height', vertices=ndarray(...), win=Window(...))
38.5205 	EXP 	text_same: autoDraw = False
38.5205 	EXP 	unnamed Polygon: autoDraw = False
38.5205 	EXP 	text_same: text = ''
38.5205 	EXP 	text_same: autoDraw = True
38.7046 	DATA 	Keypress: f
38.7067 	EXP 	New trial (rep=0, index=29): {u'color': u'#d7191c', u'answer': u'r'}
38.7245 	EXP 	Created unnamed Polygon = Polygon(autoDraw=True, autoLog=True, closeShape=True, contrast=1.0, depth=0, fillColor=u'#d7191c', fillColorSpace='hex', fillRGB=array([215,  25,  28]), interpolate=True, lineColor=array([ 1.,  1.,  1.]), lineColorSpace='rgb', lineRGB=array([ 1.,  1.,  1.]), lineWidth=1.5, name='unnamed Polygon', opacity=1.0, ori=array(0.0), pos=array([ 0.,  0.]), size=array([ 0.5,  0.5]), units='height', vertices=ndarray(...), win=Window(...))
38.7537 	EXP 	text_same: autoDraw = False
38.7537 	EXP 	unnamed Polygon: autoDraw = False
38.7537 	EXP 	text_same: text = 'SAME?'
38.7537 	EXP 	text_same: autoDraw = True
38.8711 	DATA 	Keypress: a
38.8735 	EXP 	New trial (rep=0, index=30): {u'color': u'#2c7bb6', u'answer': u'b'}
38.8801 	EXP 	Created unnamed Polygon = Polygon(autoDraw=True, autoLog=True, closeShape=True, contrast=1.0, depth=0, fillColor=u'#2c7bb6', fillColorSpace='hex', fillRGB=array([ 44, 123, 182]), interpolate=True, lineColor=array([ 1.,  1.,  1.]), lineColorSpace='rgb', lineRGB=array([ 1.,  1.,  1.]), lineWidth=1.5, name='unnamed Polygon', opacity=1.0, ori=array(0.0), pos=array([ 0.,  0.]), size=array([ 0.5,  0.5]), units='height', vertices=ndarray(...), win=Window(...))
38.9035 	EXP 	text_same: autoDraw = False
38.9035 	EXP 	unnamed Polygon: autoDraw = False
38.9035 	EXP 	text_same: text = ''
38.9035 	EXP 	text_same: autoDraw = True
39.0551 	DATA 	Keypress: f
39.0571 	EXP 	New trial (rep=0, index=31): {u'color': u'#2c7bb6', u'answer': u'b'}
39.0978 	EXP 	Created unnamed Polygon = Polygon(autoDraw=True, autoLog=True, closeShape=True, contrast=1.0, depth=0, fillColor=u'#2c7bb6', fillColorSpace='hex', fillRGB=array([ 44, 123, 182]), interpolate=True, lineColor=array([ 1.,  1.,  1.]), lineColorSpace='rgb', lineRGB=array([ 1.,  1.,  1.]), lineWidth=1.5, name='unnamed Polygon', opacity=1.0, ori=array(0.0), pos=array([ 0.,  0.]), size=array([ 0.5,  0.5]), units='height', vertices=ndarray(...), win=Window(...))
39.1200 	EXP 	text_same: autoDraw = False
39.1200 	EXP 	unnamed Polygon: autoDraw = False
39.1200 	EXP 	text_same: text = 'SAME?'
39.1200 	EXP 	text_same: autoDraw = True
39.2212 	DATA 	Keypress: a
39.2235 	EXP 	New trial (rep=0, index=32): {u'color': u'#d7191c', u'answer': u'r'}
39.2304 	EXP 	Created unnamed Polygon = Polygon(autoDraw=True, autoLog=True, closeShape=True, contrast=1.0, depth=0, fillColor=u'#d7191c', fillColorSpace='hex', fillRGB=array([215,  25,  28]), interpolate=True, lineColor=array([ 1.,  1.,  1.]), lineColorSpace='rgb', lineRGB=array([ 1.,  1.,  1.]), lineWidth=1.5, name='unnamed Polygon', opacity=1.0, ori=array(0.0), pos=array([ 0.,  0.]), size=array([ 0.5,  0.5]), units='height', vertices=ndarray(...), win=Window(...))
39.2534 	EXP 	text_same: autoDraw = False
39.2534 	EXP 	unnamed Polygon: autoDraw = False
39.2534 	EXP 	text_same: text = ''
39.2534 	EXP 	text_same: autoDraw = True
39.4212 	DATA 	Keypress: f
39.4233 	EXP 	New trial (rep=0, index=33): {u'color': u'#d7191c', u'answer': u'r'}
39.4411 	EXP 	Created unnamed Polygon = Polygon(autoDraw=True, autoLog=True, closeShape=True, contrast=1.0, depth=0, fillColor=u'#d7191c', fillColorSpace='hex', fillRGB=array([215,  25,  28]), interpolate=True, lineColor=array([ 1.,  1.,  1.]), lineColorSpace='rgb', lineRGB=array([ 1.,  1.,  1.]), lineWidth=1.5, name='unnamed Polygon', opacity=1.0, ori=array(0.0), pos=array([ 0.,  0.]), size=array([ 0.5,  0.5]), units='height', vertices=ndarray(...), win=Window(...))
39.4700 	EXP 	text_same: autoDraw = False
39.4700 	EXP 	unnamed Polygon: autoDraw = False
39.4700 	EXP 	text_same: text = 'SAME?'
39.4700 	EXP 	text_same: autoDraw = True
39.6215 	DATA 	Keypress: a
39.6239 	EXP 	New trial (rep=0, index=34): {u'color': u'#2c7bb6', u'answer': u'b'}
39.6314 	EXP 	Created unnamed Polygon = Polygon(autoDraw=True, autoLog=True, closeShape=True, contrast=1.0, depth=0, fillColor=u'#2c7bb6', fillColorSpace='hex', fillRGB=array([ 44, 123, 182]), interpolate=True, lineColor=array([ 1.,  1.,  1.]), lineColorSpace='rgb', lineRGB=array([ 1.,  1.,  1.]), lineWidth=1.5, name='unnamed Polygon', opacity=1.0, ori=array(0.0), pos=array([ 0.,  0.]), size=array([ 0.5,  0.5]), units='height', vertices=ndarray(...), win=Window(...))
39.6532 	EXP 	text_same: autoDraw = False
39.6532 	EXP 	unnamed Polygon: autoDraw = False
39.6532 	EXP 	text_same: text = ''
39.6532 	EXP 	text_same: autoDraw = True
39.9373 	DATA 	Keypress: f
39.9394 	EXP 	New trial (rep=0, index=35): {u'color': u'#2c7bb6', u'answer': u'b'}
39.9573 	EXP 	Created unnamed Polygon = Polygon(autoDraw=True, autoLog=True, closeShape=True, contrast=1.0, depth=0, fillColor=u'#2c7bb6', fillColorSpace='hex', fillRGB=array([ 44, 123, 182]), interpolate=True, lineColor=array([ 1.,  1.,  1.]), lineColorSpace='rgb', lineRGB=array([ 1.,  1.,  1.]), lineWidth=1.5, name='unnamed Polygon', opacity=1.0, ori=array(0.0), pos=array([ 0.,  0.]), size=array([ 0.5,  0.5]), units='height', vertices=ndarray(...), win=Window(...))
39.9864 	EXP 	text_same: autoDraw = False
39.9864 	EXP 	unnamed Polygon: autoDraw = False
39.9864 	EXP 	text_same: text = 'SAME?'
39.9864 	EXP 	text_same: autoDraw = True
40.3212 	DATA 	Keypress: a
40.3236 	EXP 	New trial (rep=0, index=36): {u'color': u'#2c7bb6', u'answer': u'b'}
40.3565 	EXP 	Created unnamed Polygon = Polygon(autoDraw=True, autoLog=True, closeShape=True, contrast=1.0, depth=0, fillColor=u'#2c7bb6', fillColorSpace='hex', fillRGB=array([ 44, 123, 182]), interpolate=True, lineColor=array([ 1.,  1.,  1.]), lineColorSpace='rgb', lineRGB=array([ 1.,  1.,  1.]), lineWidth=1.5, name='unnamed Polygon', opacity=1.0, ori=array(0.0), pos=array([ 0.,  0.]), size=array([ 0.5,  0.5]), units='height', vertices=ndarray(...), win=Window(...))
40.3691 	EXP 	text_same: autoDraw = False
40.3691 	EXP 	unnamed Polygon: autoDraw = False
40.3691 	EXP 	text_same: text = ''
40.3691 	EXP 	text_same: autoDraw = True
40.6206 	DATA 	Keypress: f
40.6227 	EXP 	New trial (rep=0, index=37): {u'color': u'#d7191c', u'answer': u'r'}
40.6406 	EXP 	Created unnamed Polygon = Polygon(autoDraw=True, autoLog=True, closeShape=True, contrast=1.0, depth=0, fillColor=u'#d7191c', fillColorSpace='hex', fillRGB=array([215,  25,  28]), interpolate=True, lineColor=array([ 1.,  1.,  1.]), lineColorSpace='rgb', lineRGB=array([ 1.,  1.,  1.]), lineWidth=1.5, name='unnamed Polygon', opacity=1.0, ori=array(0.0), pos=array([ 0.,  0.]), size=array([ 0.5,  0.5]), units='height', vertices=ndarray(...), win=Window(...))
40.6693 	EXP 	text_same: autoDraw = False
40.6693 	EXP 	unnamed Polygon: autoDraw = False
40.6693 	EXP 	text_same: text = 'SAME?'
40.6693 	EXP 	text_same: autoDraw = True
40.8703 	DATA 	Keypress: a
40.8727 	EXP 	New trial (rep=0, index=38): {u'color': u'#fdae61', u'answer': u'o'}
40.9100 	EXP 	Created unnamed Polygon = Polygon(autoDraw=True, autoLog=True, closeShape=True, contrast=1.0, depth=0, fillColor=u'#fdae61', fillColorSpace='hex', fillRGB=array([253, 174,  97]), interpolate=True, lineColor=array([ 1.,  1.,  1.]), lineColorSpace='rgb', lineRGB=array([ 1.,  1.,  1.]), lineWidth=1.5, name='unnamed Polygon', opacity=1.0, ori=array(0.0), pos=array([ 0.,  0.]), size=array([ 0.5,  0.5]), units='height', vertices=ndarray(...), win=Window(...))
40.9356 	EXP 	text_same: autoDraw = False
40.9356 	EXP 	unnamed Polygon: autoDraw = False
40.9356 	EXP 	text_same: text = ''
40.9356 	EXP 	text_same: autoDraw = True
41.1040 	DATA 	Keypress: f
41.1061 	EXP 	New trial (rep=0, index=39): {u'color': u'#fdae61', u'answer': u'o'}
41.1248 	EXP 	Created unnamed Polygon = Polygon(autoDraw=True, autoLog=True, closeShape=True, contrast=1.0, depth=0, fillColor=u'#fdae61', fillColorSpace='hex', fillRGB=array([253, 174,  97]), interpolate=True, lineColor=array([ 1.,  1.,  1.]), lineColorSpace='rgb', lineRGB=array([ 1.,  1.,  1.]), lineWidth=1.5, name='unnamed Polygon', opacity=1.0, ori=array(0.0), pos=array([ 0.,  0.]), size=array([ 0.5,  0.5]), units='height', vertices=ndarray(...), win=Window(...))
41.1522 	EXP 	text_same: autoDraw = False
41.1522 	EXP 	unnamed Polygon: autoDraw = False
41.1522 	EXP 	text_same: text = 'SAME?'
41.1522 	EXP 	text_same: autoDraw = True
41.3367 	DATA 	Keypress: a
41.3526 	EXP 	text_same: autoDraw = False
41.5581 	DATA 	Keypress: f
42.2428 	DATA 	Keypress: d
42.2434 	EXP 	New trial (rep=0, index=40): {u'color': u'#d7191c', u'answer': u'r'}
42.2454 	EXP 	Created unnamed Polygon = Polygon(autoDraw=True, autoLog=True, closeShape=True, contrast=1.0, depth=0, fillColor=u'#d7191c', fillColorSpace='hex', fillRGB=array([215,  25,  28]), interpolate=True, lineColor=array([ 1.,  1.,  1.]), lineColorSpace='rgb', lineRGB=array([ 1.,  1.,  1.]), lineWidth=1.5, name='unnamed Polygon', opacity=1.0, ori=array(0.0), pos=array([ 0.,  0.]), size=array([ 0.5,  0.5]), units='height', vertices=ndarray(...), win=Window(...))
42.2570 	EXP 	unnamed Polygon: autoDraw = False
42.2570 	EXP 	text_same: text = ''
42.2570 	EXP 	text_same: autoDraw = True
42.5580 	DATA 	Keypress: escape
