5.8508 	INFO 	Loaded monitor calibration from ['2015_02_18 17:00']
6.7994 	EXP 	Created window1 = Window(allowGUI=False, allowStencil=False, autoLog=True, bitsMode=UNKNOWN, blendMode='avg', color=array([ 0.4,  0.4,  0.4]), colorSpace='rgb', fullscr=UNKNOWN, gamma=None, lms=UNKNOWN, monitor=<psychopy.monitors.calibTools.Monitor object at 0x094E2750>, multiSample=False, name='window1', numSamples=2, pos=[0, 0], screen=0, size=array([1920, 1080]), stereo=False, units=u'norm', useFBO=True, useRetina=False, viewOri=0.0, viewPos=None, viewScale=None, waitBlanking=True, winType='pyglet')
6.7994 	EXP 	window1: recordFrameIntervals = False
6.9657 	EXP 	window1: recordFrameIntervals = True
7.1493 	DEBUG 	Screen (0) actual frame rate measured at 59.93
7.1494 	EXP 	window1: recordFrameIntervals = False
7.2562 	EXP 	Created text_4 = TextStim(alignHoriz='center', alignVert='center', antialias=True, autoLog=True, bold=False, color='black', colorSpace='named', contrast=1.0, depth=0.0, flipHoriz=False, flipVert=False, font='Arial', fontFiles=[], height=0.1, italic=False, name='text_4', opacity=1.0, ori=0, pos=array([ 0.,  0.]), rgb=array([ 0.,  0.,  0.]), text=unicode(...), units=u'norm', win=Window(...), wrapWidth=1.5)
7.2672 	EXP 	Created polygon_2 = Polygon(autoDraw=False, autoLog=True, closeShape=True, contrast=1.0, depth=0.0, fillColor='#d7191c', fillColorSpace='hex', fillRGB=array([215,  25,  28]), interpolate=True, lineColor=array([ 1.,  1.,  1.]), lineColorSpace='rgb', lineRGB=array([ 1.,  1.,  1.]), lineWidth=1, name='polygon_2', opacity=1.0, ori=array(0.0), pos=array([-0.3, -0.2]), size=array([ 0.5,  0.5]), units='height', vertices=ndarray(...), win=Window(...))
7.2681 	EXP 	Created polygon_3 = ShapeStim(autoDraw=False, autoLog=True, closeShape=True, contrast=1.0, depth=-1.0, fillColor='#d7191c', fillColorSpace='hex', interpolate=True, lineColor=array([ 1.,  1.,  1.]), lineColorSpace='rgb', lineWidth=1, name='polygon_3', opacity=1.0, ori=array(0.0), pos=array([ 0.3, -0.2]), size=array([ 1.,  1.]), units='height', vertices=ndarray(...), win=Window(...), windingRule=None)
7.2949 	EXP 	Created text_3 = TextStim(alignHoriz='center', alignVert='center', antialias=True, autoLog=True, bold=False, color='black', colorSpace='named', contrast=1.0, depth=-2.0, flipHoriz=False, flipVert=False, font='Arial', fontFiles=[], height=0.1, italic=False, name='text_3', opacity=1.0, ori=0, pos=array([ 0. ,  0.6]), rgb=array([ 0.,  0.,  0.]), text=unicode(...), units='norm', win=Window(...), wrapWidth=1)
7.2959 	EXP 	Created polygon_4 = Polygon(autoDraw=False, autoLog=True, closeShape=True, contrast=1.0, depth=0.0, fillColor='#fdae61', fillColorSpace='hex', fillRGB=array([253, 174,  97]), interpolate=True, lineColor=array([ 1.,  1.,  1.]), lineColorSpace='rgb', lineRGB=array([ 1.,  1.,  1.]), lineWidth=1, name='polygon_4', opacity=1.0, ori=array(0.0), pos=array([ 0.3, -0.2]), size=array([ 0.5,  0.5]), units='height', vertices=ndarray(...), win=Window(...))
7.2970 	EXP 	Created polygon_5 = Polygon(autoDraw=False, autoLog=True, closeShape=True, contrast=1.0, depth=-1.0, fillColor='#2c7bb6', fillColorSpace='hex', fillRGB=array([ 44, 123, 182]), interpolate=True, lineColor=array([ 1.,  1.,  1.]), lineColorSpace='rgb', lineRGB=array([ 1.,  1.,  1.]), lineWidth=1, name='polygon_5', opacity=1.0, ori=array(0.0), pos=array([-0.3, -0.2]), size=array([ 0.5,  0.5]), units='height', vertices=ndarray(...), win=Window(...))
7.3221 	EXP 	Created text_5 = TextStim(alignHoriz='center', alignVert='center', antialias=True, autoLog=True, bold=False, color='black', colorSpace='named', contrast=1.0, depth=-2.0, flipHoriz=False, flipVert=False, font='Arial', fontFiles=[], height=0.1, italic=False, name='text_5', opacity=1.0, ori=0, pos=array([ 0. ,  0.6]), rgb=array([ 0.,  0.,  0.]), text=unicode(...), units=u'norm', win=Window(...), wrapWidth=1)
7.3226 	EXP 	Created text_6 = TextStim(alignHoriz='center', alignVert='center', antialias=True, autoLog=True, bold=False, color='black', colorSpace='named', contrast=1.0, depth=0.0, flipHoriz=False, flipVert=False, font='Arial', fontFiles=[], height=0.1, italic=False, name='text_6', opacity=1.0, ori=0, pos=array([ 0.,  0.]), rgb=array([ 0.,  0.,  0.]), text='', units=u'norm', win=Window(...), wrapWidth=1.5)
7.3231 	EXP 	Created text_2 = TextStim(alignHoriz='center', alignVert='center', antialias=True, autoLog=True, bold=False, color=u'black', colorSpace='named', contrast=1.0, depth=0.0, flipHoriz=False, flipVert=False, font=u'Arial', fontFiles=[], height=0.1, italic=False, name='text_2', opacity=1.0, ori=0, pos=array([ 0.,  0.]), rgb=array([ 0.,  0.,  0.]), text='', units=u'norm', win=Window(...), wrapWidth=1)
7.3236 	EXP 	Created text_9 = TextStim(alignHoriz='center', alignVert='center', antialias=True, autoLog=True, bold=False, color='black', colorSpace='named', contrast=1.0, depth=-2.0, flipHoriz=False, flipVert=False, font='Arial', fontFiles=[], height=0.1, italic=False, name='text_9', opacity=1.0, ori=0, pos=array([ 0. , -0.6]), rgb=array([ 0.,  0.,  0.]), text='', units=u'norm', win=Window(...), wrapWidth=1)
7.3241 	EXP 	Created text_same_practice = TextStim(alignHoriz='center', alignVert='center', antialias=True, autoLog=True, bold=False, color='black', colorSpace='named', contrast=1.0, depth=-3.0, flipHoriz=False, flipVert=False, font='Arial', fontFiles=[], height=0.1, italic=False, name='text_same_practice', opacity=1.0, ori=0, pos=array([ 0. , -0.8]), rgb=array([ 0.,  0.,  0.]), text='', units=u'norm', win=Window(...), wrapWidth=1)
7.3273 	EXP 	Created fixation = TextStim(alignHoriz='center', alignVert='center', antialias=True, autoLog=True, bold=False, color='black', colorSpace='named', contrast=1.0, depth=0.0, flipHoriz=False, flipVert=False, font='Arial', fontFiles=[], height=0.1, italic=False, name='fixation', opacity=1.0, ori=0, pos=array([ 0.,  0.]), rgb=array([ 0.,  0.,  0.]), text=u'+', units=u'norm', win=Window(...), wrapWidth=1)
7.3543 	EXP 	Created text_10 = TextStim(alignHoriz='center', alignVert='center', antialias=True, autoLog=True, bold=False, color='black', colorSpace='named', contrast=1.0, depth=0.0, flipHoriz=False, flipVert=False, font='Arial', fontFiles=[], height=0.1, italic=False, name='text_10', opacity=1.0, ori=0, pos=array([ 0.,  0.]), rgb=array([ 0.,  0.,  0.]), text=unicode(...), units=u'norm', win=Window(...), wrapWidth=1)
7.3651 	EXP 	Created unnamed TextStim = TextStim(alignHoriz='center', alignVert='center', antialias=True, autoLog=True, bold=False, color='black', colorSpace='named', contrast=1.0, depth=0, flipHoriz=False, flipVert=False, font='', fontFiles=[], height=0.1, italic=False, name='unnamed TextStim', opacity=1.0, ori=0.0, pos=array([ 0.,  0.]), rgb=array([ 0.,  0.,  0.]), text=u'Time for a short break.', units=u'norm', win=Window(...), wrapWidth=1)
7.3656 	EXP 	Created text_same = TextStim(alignHoriz='center', alignVert='center', antialias=True, autoLog=True, bold=False, color='black', colorSpace='named', contrast=1.0, depth=-2.0, flipHoriz=False, flipVert=False, font='Arial', fontFiles=[], height=0.1, italic=False, name='text_same', opacity=1.0, ori=0, pos=array([ 0. , -0.8]), rgb=array([ 0.,  0.,  0.]), text='', units=u'norm', win=Window(...), wrapWidth=1)
7.3676 	EXP 	Created fixation_2 = TextStim(alignHoriz='center', alignVert='center', antialias=True, autoLog=True, bold=False, color='black', colorSpace='named', contrast=1.0, depth=0.0, flipHoriz=False, flipVert=False, font='Arial', fontFiles=[], height=0.1, italic=False, name='fixation_2', opacity=1.0, ori=0, pos=array([ 0.,  0.]), rgb=array([ 0.,  0.,  0.]), text=u'+', units=u'norm', win=Window(...), wrapWidth=1)
7.3817 	EXP 	Created text = TextStim(alignHoriz='center', alignVert='center', antialias=True, autoLog=True, bold=False, color='black', colorSpace='named', contrast=1.0, depth=0.0, flipHoriz=False, flipVert=False, font='Arial', fontFiles=[], height=0.1, italic=False, name='text', opacity=1.0, ori=0, pos=array([ 0.,  0.]), rgb=array([ 0.,  0.,  0.]), text=unicode(...), units=u'norm', win=Window(...), wrapWidth=1)
7.3838 	EXP 	window1: blendMode = 'avg'
7.3995 	EXP 	text_4: autoDraw = True
7.4003 	EXP 	window1: blendMode = 'avg'
7.4169 	EXP 	window1: blendMode = 'avg'
7.4334 	EXP 	window1: blendMode = 'avg'
7.4503 	EXP 	window1: blendMode = 'avg'
7.4669 	EXP 	window1: blendMode = 'avg'
7.4877 	EXP 	window1: blendMode = 'avg'
7.5003 	EXP 	window1: blendMode = 'avg'
7.5170 	EXP 	window1: blendMode = 'avg'
7.5336 	EXP 	window1: blendMode = 'avg'
7.5506 	EXP 	window1: blendMode = 'avg'
7.5671 	EXP 	window1: blendMode = 'avg'
7.5837 	EXP 	window1: blendMode = 'avg'
7.6003 	EXP 	window1: blendMode = 'avg'
7.6171 	EXP 	window1: blendMode = 'avg'
7.6339 	EXP 	window1: blendMode = 'avg'
7.6505 	EXP 	window1: blendMode = 'avg'
7.6672 	EXP 	window1: blendMode = 'avg'
7.6838 	EXP 	window1: blendMode = 'avg'
7.7003 	EXP 	window1: blendMode = 'avg'
7.7170 	EXP 	window1: blendMode = 'avg'
7.7337 	EXP 	window1: blendMode = 'avg'
7.7504 	EXP 	window1: blendMode = 'avg'
7.7672 	EXP 	window1: blendMode = 'avg'
7.7838 	EXP 	window1: blendMode = 'avg'
7.8004 	EXP 	window1: blendMode = 'avg'
7.8171 	EXP 	window1: blendMode = 'avg'
7.8338 	EXP 	window1: blendMode = 'avg'
7.8504 	EXP 	window1: blendMode = 'avg'
7.8671 	EXP 	window1: blendMode = 'avg'
7.8837 	EXP 	window1: blendMode = 'avg'
7.9005 	EXP 	window1: blendMode = 'avg'
7.9173 	EXP 	window1: blendMode = 'avg'
7.9339 	EXP 	window1: blendMode = 'avg'
7.9506 	EXP 	window1: blendMode = 'avg'
7.9668 	DATA 	Keypress: d
7.9926 	EXP 	window1: blendMode = 'avg'
8.0021 	EXP 	text_4: autoDraw = False
8.0021 	EXP 	polygon_2: autoDraw = True
8.0021 	EXP 	polygon_3: autoDraw = True
8.0021 	EXP 	text_3: autoDraw = True
8.0030 	EXP 	window1: blendMode = 'avg'
8.0173 	EXP 	window1: blendMode = 'avg'
8.0342 	EXP 	window1: blendMode = 'avg'
8.0509 	EXP 	window1: blendMode = 'avg'
8.0675 	EXP 	window1: blendMode = 'avg'
8.0843 	EXP 	window1: blendMode = 'avg'
8.1009 	EXP 	window1: blendMode = 'avg'
8.1175 	EXP 	window1: blendMode = 'avg'
8.1360 	EXP 	window1: blendMode = 'avg'
8.1520 	EXP 	window1: blendMode = 'avg'
8.1681 	EXP 	window1: blendMode = 'avg'
8.1841 	EXP 	window1: blendMode = 'avg'
8.2010 	EXP 	window1: blendMode = 'avg'
8.2208 	EXP 	window1: blendMode = 'avg'
8.2344 	EXP 	window1: blendMode = 'avg'
8.2510 	EXP 	window1: blendMode = 'avg'
8.2685 	DATA 	Keypress: f
8.2696 	EXP 	window1: blendMode = 'avg'
8.2835 	EXP 	polygon_2: autoDraw = False
8.2835 	EXP 	polygon_3: autoDraw = False
8.2835 	EXP 	text_3: autoDraw = False
8.2835 	EXP 	polygon_4: autoDraw = True
8.2835 	EXP 	polygon_5: autoDraw = True
8.2835 	EXP 	text_5: autoDraw = True
8.2843 	EXP 	window1: blendMode = 'avg'
8.3010 	EXP 	window1: blendMode = 'avg'
8.3179 	EXP 	window1: blendMode = 'avg'
8.3346 	EXP 	window1: blendMode = 'avg'
8.3527 	EXP 	window1: blendMode = 'avg'
8.3678 	EXP 	window1: blendMode = 'avg'
8.3845 	EXP 	window1: blendMode = 'avg'
8.4012 	EXP 	window1: blendMode = 'avg'
8.4180 	EXP 	window1: blendMode = 'avg'
8.4346 	EXP 	window1: blendMode = 'avg'
8.4515 	EXP 	window1: blendMode = 'avg'
8.4689 	EXP 	window1: blendMode = 'avg'
8.4848 	EXP 	window1: blendMode = 'avg'
8.5011 	EXP 	window1: blendMode = 'avg'
8.5174 	DATA 	Keypress: d
8.5178 	EXP 	Created sequence: random, trialTypes=1, nReps=2, seed=None
8.5181 	EXP 	New trial (rep=0, index=0): None
8.5875 	EXP 	window1: blendMode = 'avg'
8.6006 	EXP 	polygon_4: autoDraw = False
8.6006 	EXP 	polygon_5: autoDraw = False
8.6006 	EXP 	text_5: autoDraw = False
8.6006 	EXP 	text_6: text = "Let's try a few for practice. You'll see pairs of shapes, with one shape on the screen at a time. Each shape will be BLUE or RED or ORANGE. Tell me if the two shapes are the SAME color, or DIFFERENT colors. For the first shape, just say 'GO.' Then, when it says 'Same/Different?' underneath, tell me whether you see the same color or a different color as the first shape."
8.6006 	EXP 	text_6: autoDraw = True
8.6012 	EXP 	window1: blendMode = 'avg'
8.6179 	EXP 	window1: blendMode = 'avg'
8.6346 	EXP 	window1: blendMode = 'avg'
8.6514 	EXP 	window1: blendMode = 'avg'
8.6684 	EXP 	window1: blendMode = 'avg'
8.6847 	EXP 	window1: blendMode = 'avg'
8.7013 	EXP 	window1: blendMode = 'avg'
8.7177 	DATA 	Keypress: f
8.7182 	EXP 	window1: blendMode = 'avg'
8.7348 	EXP 	window1: blendMode = 'avg'
8.7515 	EXP 	window1: blendMode = 'avg'
8.7682 	EXP 	window1: blendMode = 'avg'
8.7847 	EXP 	window1: blendMode = 'avg'
8.8017 	EXP 	window1: blendMode = 'avg'
8.8182 	EXP 	window1: blendMode = 'avg'
8.8350 	EXP 	window1: blendMode = 'avg'
8.8515 	EXP 	window1: blendMode = 'avg'
8.8733 	EXP 	window1: blendMode = 'avg'
8.8848 	EXP 	window1: blendMode = 'avg'
8.9015 	EXP 	window1: blendMode = 'avg'
8.9183 	EXP 	window1: blendMode = 'avg'
8.9350 	EXP 	window1: blendMode = 'avg'
8.9516 	EXP 	window1: blendMode = 'avg'
8.9684 	EXP 	window1: blendMode = 'avg'
8.9871 	EXP 	window1: blendMode = 'avg'
9.0015 	EXP 	window1: blendMode = 'avg'
9.0182 	EXP 	window1: blendMode = 'avg'
9.0349 	EXP 	window1: blendMode = 'avg'
9.0515 	EXP 	window1: blendMode = 'avg'
9.0683 	EXP 	window1: blendMode = 'avg'
9.0853 	EXP 	window1: blendMode = 'avg'
9.1017 	EXP 	window1: blendMode = 'avg'
9.1184 	EXP 	window1: blendMode = 'avg'
9.1351 	EXP 	window1: blendMode = 'avg'
9.1517 	EXP 	window1: blendMode = 'avg'
9.1684 	EXP 	window1: blendMode = 'avg'
9.1852 	EXP 	window1: blendMode = 'avg'
9.2018 	EXP 	window1: blendMode = 'avg'
9.2184 	EXP 	window1: blendMode = 'avg'
9.2350 	EXP 	window1: blendMode = 'avg'
9.2519 	EXP 	window1: blendMode = 'avg'
9.2685 	EXP 	window1: blendMode = 'avg'
9.2854 	EXP 	window1: blendMode = 'avg'
9.3021 	EXP 	window1: blendMode = 'avg'
9.3187 	EXP 	window1: blendMode = 'avg'
9.3353 	EXP 	window1: blendMode = 'avg'
9.3519 	EXP 	window1: blendMode = 'avg'
9.3687 	EXP 	window1: blendMode = 'avg'
9.3852 	EXP 	window1: blendMode = 'avg'
9.4019 	EXP 	window1: blendMode = 'avg'
9.4186 	EXP 	window1: blendMode = 'avg'
9.4353 	EXP 	window1: blendMode = 'avg'
9.4522 	EXP 	window1: blendMode = 'avg'
9.4722 	EXP 	window1: blendMode = 'avg'
9.4857 	EXP 	window1: blendMode = 'avg'
9.5022 	EXP 	window1: blendMode = 'avg'
9.5189 	EXP 	window1: blendMode = 'avg'
9.5354 	EXP 	window1: blendMode = 'avg'
9.5521 	EXP 	window1: blendMode = 'avg'
9.5692 	EXP 	window1: blendMode = 'avg'
9.5856 	EXP 	window1: blendMode = 'avg'
9.6022 	EXP 	window1: blendMode = 'avg'
9.6189 	EXP 	window1: blendMode = 'avg'
9.6356 	EXP 	window1: blendMode = 'avg'
9.6523 	EXP 	window1: blendMode = 'avg'
9.6690 	EXP 	window1: blendMode = 'avg'
9.6857 	EXP 	window1: blendMode = 'avg'
9.7024 	EXP 	window1: blendMode = 'avg'
9.7190 	EXP 	window1: blendMode = 'avg'
9.7359 	EXP 	window1: blendMode = 'avg'
9.7524 	EXP 	window1: blendMode = 'avg'
9.7691 	EXP 	window1: blendMode = 'avg'
9.7858 	EXP 	window1: blendMode = 'avg'
9.8025 	EXP 	window1: blendMode = 'avg'
9.8191 	EXP 	window1: blendMode = 'avg'
9.8358 	EXP 	window1: blendMode = 'avg'
9.8525 	EXP 	window1: blendMode = 'avg'
9.8690 	EXP 	window1: blendMode = 'avg'
9.8859 	EXP 	window1: blendMode = 'avg'
9.9024 	EXP 	window1: blendMode = 'avg'
9.9192 	EXP 	window1: blendMode = 'avg'
9.9380 	EXP 	window1: blendMode = 'avg'
9.9525 	EXP 	window1: blendMode = 'avg'
9.9693 	EXP 	window1: blendMode = 'avg'
9.9858 	EXP 	window1: blendMode = 'avg'
10.0025 	EXP 	window1: blendMode = 'avg'
10.0193 	EXP 	window1: blendMode = 'avg'
10.0360 	EXP 	window1: blendMode = 'avg'
10.0528 	EXP 	window1: blendMode = 'avg'
10.0694 	EXP 	window1: blendMode = 'avg'
10.0861 	EXP 	window1: blendMode = 'avg'
10.1027 	EXP 	window1: blendMode = 'avg'
10.1195 	EXP 	window1: blendMode = 'avg'
10.1362 	EXP 	window1: blendMode = 'avg'
10.1528 	EXP 	window1: blendMode = 'avg'
10.1695 	EXP 	window1: blendMode = 'avg'
10.1862 	EXP 	window1: blendMode = 'avg'
10.2030 	EXP 	window1: blendMode = 'avg'
10.2196 	EXP 	window1: blendMode = 'avg'
10.2363 	EXP 	window1: blendMode = 'avg'
10.2530 	EXP 	window1: blendMode = 'avg'
10.2696 	EXP 	window1: blendMode = 'avg'
10.2863 	EXP 	window1: blendMode = 'avg'
10.3029 	EXP 	window1: blendMode = 'avg'
10.3196 	EXP 	window1: blendMode = 'avg'
10.3362 	EXP 	window1: blendMode = 'avg'
10.3529 	EXP 	window1: blendMode = 'avg'
10.3697 	EXP 	window1: blendMode = 'avg'
10.3864 	EXP 	window1: blendMode = 'avg'
10.4031 	EXP 	window1: blendMode = 'avg'
10.4197 	EXP 	window1: blendMode = 'avg'
10.4365 	EXP 	window1: blendMode = 'avg'
10.4540 	EXP 	window1: blendMode = 'avg'
10.4699 	EXP 	window1: blendMode = 'avg'
10.4865 	EXP 	window1: blendMode = 'avg'
10.5033 	EXP 	window1: blendMode = 'avg'
10.5200 	EXP 	window1: blendMode = 'avg'
10.5366 	EXP 	window1: blendMode = 'avg'
10.5529 	DATA 	Keypress: d
10.5536 	EXP 	Created sequence: random, trialTypes=1, nReps=3, seed=None
10.5538 	EXP 	New trial (rep=0, index=0): None
10.5541 	EXP 	window1: blendMode = 'avg'
10.5693 	EXP 	text_6: autoDraw = False
10.5693 	EXP 	text_2: text = ''
10.5693 	EXP 	text_2: autoDraw = True
10.5696 	EXP 	window1: blendMode = 'avg'
10.5862 	EXP 	window1: blendMode = 'avg'
10.6030 	EXP 	window1: blendMode = 'avg'
10.6196 	EXP 	window1: blendMode = 'avg'
10.6363 	EXP 	window1: blendMode = 'avg'
10.6530 	EXP 	window1: blendMode = 'avg'
10.6697 	EXP 	window1: blendMode = 'avg'
10.6864 	EXP 	window1: blendMode = 'avg'
10.7030 	EXP 	window1: blendMode = 'avg'
10.7197 	EXP 	window1: blendMode = 'avg'
10.7364 	EXP 	window1: blendMode = 'avg'
10.7531 	EXP 	window1: blendMode = 'avg'
10.7698 	EXP 	window1: blendMode = 'avg'
10.7864 	EXP 	window1: blendMode = 'avg'
10.8031 	EXP 	window1: blendMode = 'avg'
10.8198 	EXP 	window1: blendMode = 'avg'
10.8365 	EXP 	window1: blendMode = 'avg'
10.8531 	EXP 	window1: blendMode = 'avg'
10.8698 	EXP 	window1: blendMode = 'avg'
10.8866 	EXP 	window1: blendMode = 'avg'
10.9033 	EXP 	window1: blendMode = 'avg'
10.9200 	EXP 	window1: blendMode = 'avg'
10.9366 	EXP 	window1: blendMode = 'avg'
10.9533 	EXP 	window1: blendMode = 'avg'
10.9700 	EXP 	window1: blendMode = 'avg'
10.9867 	EXP 	window1: blendMode = 'avg'
11.0034 	EXP 	window1: blendMode = 'avg'
11.0200 	EXP 	window1: blendMode = 'avg'
11.0367 	EXP 	window1: blendMode = 'avg'
11.0534 	EXP 	window1: blendMode = 'avg'
11.0701 	EXP 	window1: blendMode = 'avg'
11.0867 	EXP 	window1: blendMode = 'avg'
11.1034 	EXP 	window1: blendMode = 'avg'
11.1201 	EXP 	window1: blendMode = 'avg'
11.1368 	EXP 	window1: blendMode = 'avg'
11.1535 	EXP 	window1: blendMode = 'avg'
11.1702 	EXP 	window1: blendMode = 'avg'
11.1869 	EXP 	window1: blendMode = 'avg'
11.2036 	EXP 	window1: blendMode = 'avg'
11.2202 	EXP 	window1: blendMode = 'avg'
11.2369 	EXP 	window1: blendMode = 'avg'
11.2536 	EXP 	window1: blendMode = 'avg'
11.2702 	EXP 	window1: blendMode = 'avg'
11.2869 	EXP 	window1: blendMode = 'avg'
11.3036 	EXP 	window1: blendMode = 'avg'
11.3203 	EXP 	window1: blendMode = 'avg'
11.3370 	EXP 	window1: blendMode = 'avg'
11.3537 	EXP 	window1: blendMode = 'avg'
11.3704 	EXP 	window1: blendMode = 'avg'
11.3871 	EXP 	window1: blendMode = 'avg'
11.4038 	EXP 	window1: blendMode = 'avg'
11.4204 	EXP 	window1: blendMode = 'avg'
11.4372 	EXP 	window1: blendMode = 'avg'
11.4538 	EXP 	window1: blendMode = 'avg'
11.4706 	EXP 	window1: blendMode = 'avg'
11.4874 	EXP 	window1: blendMode = 'avg'
11.5051 	EXP 	window1: blendMode = 'avg'
11.5206 	EXP 	window1: blendMode = 'avg'
11.5373 	EXP 	window1: blendMode = 'avg'
11.5539 	EXP 	window1: blendMode = 'avg'
11.5706 	EXP 	window1: blendMode = 'avg'
11.5873 	EXP 	window1: blendMode = 'avg'
11.6040 	EXP 	window1: blendMode = 'avg'
11.6206 	EXP 	window1: blendMode = 'avg'
11.6373 	EXP 	window1: blendMode = 'avg'
11.6540 	EXP 	window1: blendMode = 'avg'
11.6707 	EXP 	window1: blendMode = 'avg'
11.6873 	EXP 	window1: blendMode = 'avg'
11.7041 	EXP 	window1: blendMode = 'avg'
11.7207 	EXP 	window1: blendMode = 'avg'
11.7374 	EXP 	window1: blendMode = 'avg'
11.7541 	EXP 	window1: blendMode = 'avg'
11.7708 	EXP 	window1: blendMode = 'avg'
11.7875 	EXP 	window1: blendMode = 'avg'
11.8041 	EXP 	window1: blendMode = 'avg'
11.8208 	EXP 	window1: blendMode = 'avg'
11.8375 	EXP 	window1: blendMode = 'avg'
11.8542 	EXP 	window1: blendMode = 'avg'
11.8709 	EXP 	window1: blendMode = 'avg'
11.8876 	EXP 	window1: blendMode = 'avg'
11.9046 	EXP 	window1: blendMode = 'avg'
11.9215 	EXP 	window1: blendMode = 'avg'
11.9382 	EXP 	window1: blendMode = 'avg'
11.9565 	EXP 	window1: blendMode = 'avg'
11.9715 	EXP 	window1: blendMode = 'avg'
11.9882 	EXP 	window1: blendMode = 'avg'
12.0049 	EXP 	window1: blendMode = 'avg'
12.0216 	EXP 	window1: blendMode = 'avg'
12.0383 	EXP 	window1: blendMode = 'avg'
12.0549 	EXP 	window1: blendMode = 'avg'
12.0716 	EXP 	window1: blendMode = 'avg'
12.0883 	EXP 	window1: blendMode = 'avg'
12.1051 	EXP 	window1: blendMode = 'avg'
12.1220 	EXP 	window1: blendMode = 'avg'
12.1386 	EXP 	window1: blendMode = 'avg'
12.1552 	EXP 	window1: blendMode = 'avg'
12.1719 	EXP 	window1: blendMode = 'avg'
12.1887 	EXP 	window1: blendMode = 'avg'
12.2053 	EXP 	window1: blendMode = 'avg'
12.2219 	EXP 	window1: blendMode = 'avg'
12.2386 	EXP 	window1: blendMode = 'avg'
12.2551 	EXP 	window1: blendMode = 'avg'
12.2717 	EXP 	window1: blendMode = 'avg'
12.2884 	EXP 	window1: blendMode = 'avg'
12.3051 	EXP 	window1: blendMode = 'avg'
12.3218 	EXP 	window1: blendMode = 'avg'
12.3385 	EXP 	window1: blendMode = 'avg'
12.3552 	EXP 	window1: blendMode = 'avg'
12.3782 	EXP 	window1: blendMode = 'avg'
12.3886 	EXP 	window1: blendMode = 'avg'
12.4053 	EXP 	window1: blendMode = 'avg'
12.4220 	EXP 	window1: blendMode = 'avg'
12.4386 	DATA 	Keypress: f
12.4389 	EXP 	window1: blendMode = 'avg'
12.4554 	EXP 	window1: blendMode = 'avg'
12.4743 	EXP 	window1: blendMode = 'avg'
12.4888 	EXP 	window1: blendMode = 'avg'
12.5093 	EXP 	window1: blendMode = 'avg'
12.5221 	EXP 	window1: blendMode = 'avg'
12.5387 	EXP 	window1: blendMode = 'avg'
12.5555 	EXP 	window1: blendMode = 'avg'
12.5721 	EXP 	window1: blendMode = 'avg'
12.5888 	EXP 	window1: blendMode = 'avg'
12.6055 	EXP 	window1: blendMode = 'avg'
12.6222 	EXP 	window1: blendMode = 'avg'
12.6389 	EXP 	window1: blendMode = 'avg'
12.6556 	EXP 	window1: blendMode = 'avg'
12.6722 	EXP 	window1: blendMode = 'avg'
12.6890 	EXP 	window1: blendMode = 'avg'
12.7056 	EXP 	window1: blendMode = 'avg'
12.7222 	EXP 	window1: blendMode = 'avg'
12.7389 	EXP 	window1: blendMode = 'avg'
12.7556 	EXP 	window1: blendMode = 'avg'
12.7723 	EXP 	window1: blendMode = 'avg'
12.7890 	EXP 	window1: blendMode = 'avg'
12.8057 	EXP 	window1: blendMode = 'avg'
12.8224 	EXP 	window1: blendMode = 'avg'
12.8390 	EXP 	window1: blendMode = 'avg'
12.8557 	EXP 	window1: blendMode = 'avg'
12.8724 	EXP 	window1: blendMode = 'avg'
12.8891 	EXP 	window1: blendMode = 'avg'
12.9058 	EXP 	window1: blendMode = 'avg'
12.9225 	EXP 	window1: blendMode = 'avg'
12.9392 	EXP 	window1: blendMode = 'avg'
12.9559 	EXP 	window1: blendMode = 'avg'
12.9725 	EXP 	window1: blendMode = 'avg'
12.9892 	EXP 	window1: blendMode = 'avg'
13.0060 	EXP 	window1: blendMode = 'avg'
13.0226 	EXP 	window1: blendMode = 'avg'
13.0392 	EXP 	window1: blendMode = 'avg'
13.0559 	EXP 	window1: blendMode = 'avg'
13.0728 	EXP 	window1: blendMode = 'avg'
13.0890 	EXP 	window1: blendMode = 'avg'
13.1059 	EXP 	window1: blendMode = 'avg'
13.1226 	EXP 	window1: blendMode = 'avg'
13.1393 	EXP 	window1: blendMode = 'avg'
13.1560 	EXP 	window1: blendMode = 'avg'
13.1728 	EXP 	window1: blendMode = 'avg'
13.1895 	DATA 	Keypress: d
13.1898 	EXP 	window1: blendMode = 'avg'
13.2062 	EXP 	window1: blendMode = 'avg'
13.2228 	EXP 	window1: blendMode = 'avg'
13.2394 	EXP 	window1: blendMode = 'avg'
13.2563 	EXP 	window1: blendMode = 'avg'
13.2729 	EXP 	window1: blendMode = 'avg'
13.2895 	EXP 	window1: blendMode = 'avg'
13.3063 	EXP 	window1: blendMode = 'avg'
13.3230 	EXP 	window1: blendMode = 'avg'
13.3396 	EXP 	window1: blendMode = 'avg'
13.3560 	EXP 	window1: blendMode = 'avg'
13.3729 	EXP 	window1: blendMode = 'avg'
13.3896 	EXP 	window1: blendMode = 'avg'
13.4063 	EXP 	window1: blendMode = 'avg'
13.4230 	EXP 	window1: blendMode = 'avg'
13.4394 	EXP 	window1: blendMode = 'avg'
13.4564 	EXP 	window1: blendMode = 'avg'
13.4730 	EXP 	window1: blendMode = 'avg'
13.4897 	DATA 	Keypress: f
13.4899 	EXP 	window1: blendMode = 'avg'
13.5073 	EXP 	window1: blendMode = 'avg'
13.5231 	EXP 	window1: blendMode = 'avg'
13.5398 	EXP 	window1: blendMode = 'avg'
13.5564 	EXP 	window1: blendMode = 'avg'
13.5732 	EXP 	window1: blendMode = 'avg'
13.5899 	EXP 	window1: blendMode = 'avg'
13.6064 	EXP 	window1: blendMode = 'avg'
13.6232 	EXP 	window1: blendMode = 'avg'
13.6399 	EXP 	window1: blendMode = 'avg'
13.6566 	EXP 	window1: blendMode = 'avg'
13.6733 	EXP 	window1: blendMode = 'avg'
13.6899 	EXP 	window1: blendMode = 'avg'
13.7066 	EXP 	window1: blendMode = 'avg'
13.7232 	EXP 	window1: blendMode = 'avg'
13.7400 	EXP 	window1: blendMode = 'avg'
13.7567 	DATA 	Keypress: d
13.7570 	EXP 	window1: blendMode = 'avg'
13.7733 	EXP 	window1: blendMode = 'avg'
13.7903 	EXP 	window1: blendMode = 'avg'
13.8067 	EXP 	window1: blendMode = 'avg'
13.8234 	EXP 	window1: blendMode = 'avg'
13.8402 	EXP 	window1: blendMode = 'avg'
13.8569 	EXP 	window1: blendMode = 'avg'
13.8735 	EXP 	window1: blendMode = 'avg'
13.8902 	EXP 	window1: blendMode = 'avg'
13.9068 	EXP 	window1: blendMode = 'avg'
13.9235 	EXP 	window1: blendMode = 'avg'
13.9403 	EXP 	window1: blendMode = 'avg'
13.9569 	EXP 	window1: blendMode = 'avg'
13.9735 	DATA 	Keypress: s
13.9737 	EXP 	window1: blendMode = 'avg'
13.9903 	EXP 	window1: blendMode = 'avg'
14.0069 	EXP 	window1: blendMode = 'avg'
14.0236 	EXP 	window1: blendMode = 'avg'
14.0403 	EXP 	window1: blendMode = 'avg'
14.0572 	EXP 	window1: blendMode = 'avg'
14.0737 	EXP 	window1: blendMode = 'avg'
14.0904 	EXP 	window1: blendMode = 'avg'
14.1070 	EXP 	window1: blendMode = 'avg'
14.1237 	EXP 	window1: blendMode = 'avg'
14.1403 	EXP 	window1: blendMode = 'avg'
14.1571 	EXP 	window1: blendMode = 'avg'
14.1738 	EXP 	window1: blendMode = 'avg'
14.1904 	DATA 	Keypress: a
14.1907 	EXP 	window1: blendMode = 'avg'
14.2071 	EXP 	window1: blendMode = 'avg'
14.2238 	EXP 	window1: blendMode = 'avg'
14.2406 	EXP 	window1: blendMode = 'avg'
14.2571 	EXP 	window1: blendMode = 'avg'
14.2739 	EXP 	window1: blendMode = 'avg'
14.2906 	EXP 	window1: blendMode = 'avg'
14.3074 	EXP 	window1: blendMode = 'avg'
14.3237 	EXP 	window1: blendMode = 'avg'
14.3409 	EXP 	window1: blendMode = 'avg'
14.3571 	EXP 	window1: blendMode = 'avg'
14.3740 	EXP 	window1: blendMode = 'avg'
14.3907 	EXP 	window1: blendMode = 'avg'
14.4083 	EXP 	window1: blendMode = 'avg'
14.4240 	EXP 	window1: blendMode = 'avg'
14.4408 	EXP 	window1: blendMode = 'avg'
14.4631 	EXP 	window1: blendMode = 'avg'
14.4741 	EXP 	window1: blendMode = 'avg'
14.4906 	EXP 	window1: blendMode = 'avg'
14.5074 	EXP 	window1: blendMode = 'avg'
14.5240 	EXP 	window1: blendMode = 'avg'
14.5407 	EXP 	window1: blendMode = 'avg'
14.5610 	EXP 	window1: blendMode = 'avg'
14.5741 	EXP 	window1: blendMode = 'avg'
14.5906 	EXP 	window1: blendMode = 'avg'
14.6076 	EXP 	window1: blendMode = 'avg'
14.6242 	EXP 	window1: blendMode = 'avg'
14.6410 	EXP 	window1: blendMode = 'avg'
14.6577 	EXP 	window1: blendMode = 'avg'
14.6742 	EXP 	window1: blendMode = 'avg'
14.6909 	DATA 	Keypress: d
14.6911 	EXP 	window1: blendMode = 'avg'
14.7076 	EXP 	window1: blendMode = 'avg'
14.7243 	EXP 	window1: blendMode = 'avg'
14.7409 	EXP 	window1: blendMode = 'avg'
14.7578 	EXP 	window1: blendMode = 'avg'
14.7744 	EXP 	window1: blendMode = 'avg'
14.7910 	EXP 	window1: blendMode = 'avg'
14.8078 	EXP 	window1: blendMode = 'avg'
14.8244 	EXP 	window1: blendMode = 'avg'
14.8412 	EXP 	window1: blendMode = 'avg'
14.8579 	EXP 	window1: blendMode = 'avg'
14.8745 	EXP 	window1: blendMode = 'avg'
14.8912 	EXP 	window1: blendMode = 'avg'
14.9079 	EXP 	window1: blendMode = 'avg'
14.9302 	DATA 	Keypress: f
14.9304 	EXP 	window1: blendMode = 'avg'
14.9412 	EXP 	window1: blendMode = 'avg'
14.9578 	EXP 	window1: blendMode = 'avg'
14.9745 	EXP 	window1: blendMode = 'avg'
14.9912 	EXP 	window1: blendMode = 'avg'
15.0079 	EXP 	window1: blendMode = 'avg'
15.0248 	EXP 	window1: blendMode = 'avg'
15.0413 	EXP 	window1: blendMode = 'avg'
15.0581 	EXP 	window1: blendMode = 'avg'
15.0747 	EXP 	window1: blendMode = 'avg'
15.0914 	EXP 	window1: blendMode = 'avg'
15.1080 	EXP 	window1: blendMode = 'avg'
15.1247 	EXP 	window1: blendMode = 'avg'
15.1414 	EXP 	window1: blendMode = 'avg'
15.1581 	EXP 	window1: blendMode = 'avg'
15.1748 	EXP 	window1: blendMode = 'avg'
15.1915 	EXP 	window1: blendMode = 'avg'
15.2082 	EXP 	window1: blendMode = 'avg'
15.2248 	EXP 	window1: blendMode = 'avg'
15.2415 	EXP 	window1: blendMode = 'avg'
15.2582 	EXP 	window1: blendMode = 'avg'
15.2755 	EXP 	window1: blendMode = 'avg'
15.2915 	EXP 	window1: blendMode = 'avg'
15.3083 	EXP 	window1: blendMode = 'avg'
15.3250 	EXP 	window1: blendMode = 'avg'
15.3416 	EXP 	window1: blendMode = 'avg'
15.3583 	EXP 	window1: blendMode = 'avg'
15.3750 	EXP 	window1: blendMode = 'avg'
15.3917 	EXP 	window1: blendMode = 'avg'
15.4084 	EXP 	window1: blendMode = 'avg'
15.4251 	EXP 	window1: blendMode = 'avg'
15.4417 	EXP 	window1: blendMode = 'avg'
15.4585 	EXP 	window1: blendMode = 'avg'
15.4641 	DATA 	Keypress: f
15.4755 	EXP 	window1: blendMode = 'avg'
15.4915 	EXP 	window1: blendMode = 'avg'
15.5082 	EXP 	window1: blendMode = 'avg'
15.5251 	EXP 	window1: blendMode = 'avg'
15.5419 	EXP 	window1: blendMode = 'avg'
15.5609 	EXP 	window1: blendMode = 'avg'
15.5752 	EXP 	window1: blendMode = 'avg'
15.5916 	EXP 	window1: blendMode = 'avg'
15.6086 	EXP 	window1: blendMode = 'avg'
15.6253 	EXP 	window1: blendMode = 'avg'
15.6420 	EXP 	window1: blendMode = 'avg'
15.6586 	EXP 	window1: blendMode = 'avg'
15.6753 	DATA 	Keypress: f
15.6755 	EXP 	window1: blendMode = 'avg'
15.6919 	EXP 	window1: blendMode = 'avg'
15.7087 	EXP 	window1: blendMode = 'avg'
15.7253 	EXP 	window1: blendMode = 'avg'
15.7421 	EXP 	window1: blendMode = 'avg'
15.7589 	EXP 	window1: blendMode = 'avg'
15.7753 	EXP 	window1: blendMode = 'avg'
15.7920 	EXP 	window1: blendMode = 'avg'
15.8088 	EXP 	window1: blendMode = 'avg'
15.8255 	EXP 	window1: blendMode = 'avg'
15.8421 	EXP 	window1: blendMode = 'avg'
15.8589 	EXP 	window1: blendMode = 'avg'
15.8755 	EXP 	window1: blendMode = 'avg'
15.8921 	EXP 	window1: blendMode = 'avg'
15.8926 	DATA 	Keypress: d
15.9088 	EXP 	window1: blendMode = 'avg'
15.9256 	EXP 	window1: blendMode = 'avg'
15.9422 	EXP 	window1: blendMode = 'avg'
15.9590 	EXP 	window1: blendMode = 'avg'
15.9756 	EXP 	window1: blendMode = 'avg'
15.9923 	EXP 	window1: blendMode = 'avg'
16.0089 	EXP 	window1: blendMode = 'avg'
16.0257 	EXP 	window1: blendMode = 'avg'
16.0424 	EXP 	window1: blendMode = 'avg'
16.0591 	EXP 	window1: blendMode = 'avg'
16.0757 	EXP 	window1: blendMode = 'avg'
16.0925 	EXP 	window1: blendMode = 'avg'
16.0929 	DATA 	Keypress: f
16.1091 	EXP 	window1: blendMode = 'avg'
16.1257 	EXP 	window1: blendMode = 'avg'
16.1425 	EXP 	window1: blendMode = 'avg'
16.1591 	EXP 	window1: blendMode = 'avg'
16.1757 	EXP 	window1: blendMode = 'avg'
16.1929 	EXP 	window1: blendMode = 'avg'
16.2091 	EXP 	window1: blendMode = 'avg'
16.2259 	EXP 	window1: blendMode = 'avg'
16.2426 	EXP 	window1: blendMode = 'avg'
16.2592 	EXP 	window1: blendMode = 'avg'
16.2758 	EXP 	window1: blendMode = 'avg'
16.2925 	EXP 	window1: blendMode = 'avg'
16.3092 	EXP 	window1: blendMode = 'avg'
16.3258 	DATA 	Keypress: d
16.3260 	EXP 	window1: blendMode = 'avg'
16.3425 	EXP 	window1: blendMode = 'avg'
16.3593 	EXP 	window1: blendMode = 'avg'
16.3761 	EXP 	window1: blendMode = 'avg'
16.3927 	EXP 	window1: blendMode = 'avg'
16.4094 	EXP 	window1: blendMode = 'avg'
16.4259 	EXP 	window1: blendMode = 'avg'
16.4427 	EXP 	window1: blendMode = 'avg'
16.4630 	EXP 	window1: blendMode = 'avg'
16.4761 	EXP 	window1: blendMode = 'avg'
16.4926 	EXP 	window1: blendMode = 'avg'
16.5095 	EXP 	window1: blendMode = 'avg'
16.5261 	DATA 	Keypress: a
16.5263 	EXP 	window1: blendMode = 'avg'
16.5428 	EXP 	window1: blendMode = 'avg'
16.5610 	EXP 	window1: blendMode = 'avg'
16.5762 	EXP 	window1: blendMode = 'avg'
16.5929 	EXP 	window1: blendMode = 'avg'
16.6097 	EXP 	window1: blendMode = 'avg'
16.6262 	EXP 	window1: blendMode = 'avg'
16.6430 	EXP 	window1: blendMode = 'avg'
16.6597 	EXP 	window1: blendMode = 'avg'
16.6763 	EXP 	window1: blendMode = 'avg'
16.6930 	EXP 	window1: blendMode = 'avg'
16.7096 	DATA 	Keypress: d
16.7099 	EXP 	window1: blendMode = 'avg'
16.7264 	EXP 	window1: blendMode = 'avg'
16.7430 	EXP 	window1: blendMode = 'avg'
16.7597 	EXP 	window1: blendMode = 'avg'
16.7764 	EXP 	window1: blendMode = 'avg'
16.7931 	EXP 	window1: blendMode = 'avg'
16.8097 	EXP 	window1: blendMode = 'avg'
16.8263 	EXP 	window1: blendMode = 'avg'
16.8431 	EXP 	window1: blendMode = 'avg'
16.8597 	EXP 	window1: blendMode = 'avg'
16.8764 	EXP 	window1: blendMode = 'avg'
16.8931 	DATA 	Keypress: f
16.8933 	EXP 	window1: blendMode = 'avg'
16.9098 	EXP 	window1: blendMode = 'avg'
16.9267 	EXP 	window1: blendMode = 'avg'
16.9432 	EXP 	window1: blendMode = 'avg'
16.9599 	EXP 	window1: blendMode = 'avg'
16.9767 	EXP 	window1: blendMode = 'avg'
16.9933 	EXP 	window1: blendMode = 'avg'
17.0102 	EXP 	window1: blendMode = 'avg'
17.0267 	EXP 	window1: blendMode = 'avg'
17.0434 	EXP 	window1: blendMode = 'avg'
17.0600 	EXP 	window1: blendMode = 'avg'
17.0767 	EXP 	window1: blendMode = 'avg'
17.0933 	EXP 	window1: blendMode = 'avg'
17.1100 	EXP 	window1: blendMode = 'avg'
17.1267 	DATA 	Keypress: d
17.1269 	EXP 	window1: blendMode = 'avg'
17.1434 	EXP 	window1: blendMode = 'avg'
17.1601 	EXP 	window1: blendMode = 'avg'
17.1766 	EXP 	window1: blendMode = 'avg'
17.1936 	EXP 	window1: blendMode = 'avg'
17.2099 	EXP 	window1: blendMode = 'avg'
17.2269 	EXP 	window1: blendMode = 'avg'
17.2435 	EXP 	window1: blendMode = 'avg'
17.2603 	EXP 	window1: blendMode = 'avg'
17.2768 	EXP 	window1: blendMode = 'avg'
17.2936 	EXP 	window1: blendMode = 'avg'
17.3102 	DATA 	Keypress: f
17.3105 	EXP 	window1: blendMode = 'avg'
17.3269 	EXP 	window1: blendMode = 'avg'
17.3437 	EXP 	window1: blendMode = 'avg'
17.3603 	EXP 	window1: blendMode = 'avg'
17.3771 	EXP 	window1: blendMode = 'avg'
17.3937 	EXP 	window1: blendMode = 'avg'
17.4113 	EXP 	window1: blendMode = 'avg'
17.4270 	EXP 	window1: blendMode = 'avg'
17.4437 	EXP 	window1: blendMode = 'avg'
17.4606 	EXP 	window1: blendMode = 'avg'
17.4771 	EXP 	window1: blendMode = 'avg'
17.4938 	EXP 	window1: blendMode = 'avg'
17.5105 	EXP 	window1: blendMode = 'avg'
17.5271 	DATA 	Keypress: d
17.5273 	EXP 	window1: blendMode = 'avg'
17.5438 	EXP 	window1: blendMode = 'avg'
17.5641 	EXP 	window1: blendMode = 'avg'
17.5772 	EXP 	window1: blendMode = 'avg'
17.5937 	EXP 	window1: blendMode = 'avg'
17.6106 	EXP 	window1: blendMode = 'avg'
17.6274 	EXP 	window1: blendMode = 'avg'
17.6440 	EXP 	window1: blendMode = 'avg'
17.6607 	EXP 	window1: blendMode = 'avg'
17.6776 	EXP 	window1: blendMode = 'avg'
17.6940 	EXP 	window1: blendMode = 'avg'
17.7107 	EXP 	window1: blendMode = 'avg'
17.7273 	EXP 	window1: blendMode = 'avg'
17.7440 	DATA 	Keypress: f
17.7442 	EXP 	window1: blendMode = 'avg'
17.7607 	EXP 	window1: blendMode = 'avg'
17.7774 	EXP 	window1: blendMode = 'avg'
17.7942 	EXP 	window1: blendMode = 'avg'
17.8108 	EXP 	window1: blendMode = 'avg'
17.8275 	EXP 	window1: blendMode = 'avg'
17.8443 	EXP 	window1: blendMode = 'avg'
17.8608 	EXP 	window1: blendMode = 'avg'
17.8775 	EXP 	window1: blendMode = 'avg'
17.8942 	EXP 	window1: blendMode = 'avg'
17.9109 	EXP 	window1: blendMode = 'avg'
17.9276 	DATA 	Keypress: space
17.9278 	EXP 	window1: blendMode = 'avg'
17.9443 	EXP 	window1: blendMode = 'avg'
17.9609 	EXP 	window1: blendMode = 'avg'
17.9776 	EXP 	window1: blendMode = 'avg'
17.9943 	EXP 	window1: blendMode = 'avg'
18.0110 	EXP 	window1: blendMode = 'avg'
18.0277 	EXP 	window1: blendMode = 'avg'
18.0444 	EXP 	window1: blendMode = 'avg'
18.0611 	EXP 	window1: blendMode = 'avg'
18.0777 	EXP 	window1: blendMode = 'avg'
18.0944 	EXP 	window1: blendMode = 'avg'
18.1111 	EXP 	window1: blendMode = 'avg'
18.1278 	EXP 	window1: blendMode = 'avg'
18.1445 	EXP 	window1: blendMode = 'avg'
18.1611 	EXP 	window1: blendMode = 'avg'
18.1778 	EXP 	window1: blendMode = 'avg'
18.1945 	EXP 	window1: blendMode = 'avg'
18.2111 	EXP 	window1: blendMode = 'avg'
18.2279 	EXP 	window1: blendMode = 'avg'
18.2445 	EXP 	window1: blendMode = 'avg'
18.2611 	EXP 	window1: blendMode = 'avg'
18.2778 	EXP 	window1: blendMode = 'avg'
18.2946 	EXP 	window1: blendMode = 'avg'
18.3113 	EXP 	window1: blendMode = 'avg'
18.3280 	EXP 	window1: blendMode = 'avg'
18.3447 	EXP 	window1: blendMode = 'avg'
18.3613 	EXP 	window1: blendMode = 'avg'
18.3780 	EXP 	window1: blendMode = 'avg'
18.3946 	DATA 	Keypress: f
18.3948 	EXP 	window1: blendMode = 'avg'
18.4119 	EXP 	window1: blendMode = 'avg'
18.4280 	EXP 	window1: blendMode = 'avg'
18.4448 	EXP 	window1: blendMode = 'avg'
18.4614 	EXP 	window1: blendMode = 'avg'
18.4782 	EXP 	window1: blendMode = 'avg'
18.4949 	EXP 	window1: blendMode = 'avg'
18.5114 	EXP 	window1: blendMode = 'avg'
18.5282 	EXP 	window1: blendMode = 'avg'
18.5448 	EXP 	window1: blendMode = 'avg'
18.5650 	EXP 	window1: blendMode = 'avg'
18.5782 	EXP 	window1: blendMode = 'avg'
18.5946 	EXP 	window1: blendMode = 'avg'
18.6116 	EXP 	window1: blendMode = 'avg'
18.6283 	EXP 	window1: blendMode = 'avg'
18.6449 	DATA 	Keypress: a
18.6451 	EXP 	window1: blendMode = 'avg'
18.6617 	EXP 	window1: blendMode = 'avg'
18.6783 	EXP 	window1: blendMode = 'avg'
18.6950 	EXP 	window1: blendMode = 'avg'
18.7117 	EXP 	window1: blendMode = 'avg'
18.7285 	EXP 	window1: blendMode = 'avg'
18.7451 	EXP 	window1: blendMode = 'avg'
18.7618 	EXP 	window1: blendMode = 'avg'
18.7782 	EXP 	window1: blendMode = 'avg'
18.7953 	EXP 	window1: blendMode = 'avg'
18.8119 	EXP 	window1: blendMode = 'avg'
18.8285 	EXP 	window1: blendMode = 'avg'
18.8452 	DATA 	Keypress: s
18.8454 	EXP 	window1: blendMode = 'avg'
18.8619 	EXP 	window1: blendMode = 'avg'
18.8786 	DATA 	Keypress: d
18.8788 	EXP 	window1: blendMode = 'avg'
18.8952 	EXP 	window1: blendMode = 'avg'
18.9121 	DATA 	Keypress: f
18.9123 	EXP 	window1: blendMode = 'avg'
18.9286 	EXP 	window1: blendMode = 'avg'
18.9454 	EXP 	window1: blendMode = 'avg'
18.9619 	EXP 	window1: blendMode = 'avg'
18.9786 	EXP 	window1: blendMode = 'avg'
18.9954 	EXP 	window1: blendMode = 'avg'
19.0120 	EXP 	window1: blendMode = 'avg'
19.0287 	EXP 	window1: blendMode = 'avg'
19.0453 	EXP 	window1: blendMode = 'avg'
19.0620 	EXP 	window1: blendMode = 'avg'
19.0788 	EXP 	window1: blendMode = 'avg'
19.0954 	EXP 	window1: blendMode = 'avg'
19.1122 	EXP 	window1: blendMode = 'avg'
19.1288 	EXP 	window1: blendMode = 'avg'
19.1455 	EXP 	window1: blendMode = 'avg'
19.1622 	EXP 	window1: blendMode = 'avg'
19.1789 	EXP 	window1: blendMode = 'avg'
19.1956 	EXP 	window1: blendMode = 'avg'
19.2123 	EXP 	window1: blendMode = 'avg'
19.2289 	EXP 	window1: blendMode = 'avg'
19.2456 	EXP 	window1: blendMode = 'avg'
19.2623 	EXP 	window1: blendMode = 'avg'
19.2790 	EXP 	window1: blendMode = 'avg'
19.2957 	EXP 	window1: blendMode = 'avg'
19.3124 	EXP 	window1: blendMode = 'avg'
19.3290 	EXP 	window1: blendMode = 'avg'
19.3457 	EXP 	window1: blendMode = 'avg'
19.3624 	EXP 	window1: blendMode = 'avg'
19.3790 	DATA 	Keypress: escape
