5.2999 	INFO 	Loaded monitor calibration from ['2015_02_18 17:00']
6.2373 	EXP 	Created window1 = Window(allowGUI=False, allowStencil=False, autoLog=True, bitsMode=UNKNOWN, blendMode='avg', color=array([ 0.4,  0.4,  0.4]), colorSpace='rgb', fullscr=UNKNOWN, gamma=None, lms=UNKNOWN, monitor=<psychopy.monitors.calibTools.Monitor object at 0x08BF2750>, multiSample=False, name='window1', numSamples=2, pos=[0, 0], screen=0, size=array([1920, 1080]), stereo=False, units=u'norm', useFBO=True, useRetina=False, viewOri=0.0, viewPos=None, viewScale=None, waitBlanking=True, winType='pyglet')
6.2373 	EXP 	window1: recordFrameIntervals = False
6.4037 	EXP 	window1: recordFrameIntervals = True
6.5874 	DEBUG 	Screen (0) actual frame rate measured at 59.91
6.5874 	EXP 	window1: recordFrameIntervals = False
6.7146 	EXP 	Created text_4 = TextStim(alignHoriz='center', alignVert='center', antialias=True, autoLog=True, bold=False, color='black', colorSpace='named', contrast=1.0, depth=0.0, flipHoriz=False, flipVert=False, font='Arial', fontFiles=[], height=0.1, italic=False, name='text_4', opacity=1.0, ori=0, pos=array([ 0.,  0.]), rgb=array([ 0.,  0.,  0.]), text=unicode(...), units=u'norm', win=Window(...), wrapWidth=1.5)
6.7334 	EXP 	Created polygon_2 = Polygon(autoDraw=False, autoLog=True, closeShape=True, contrast=1.0, depth=0.0, fillColor='#d7191c', fillColorSpace='hex', fillRGB=array([215,  25,  28]), interpolate=True, lineColor=array([ 1.,  1.,  1.]), lineColorSpace='rgb', lineRGB=array([ 1.,  1.,  1.]), lineWidth=1, name='polygon_2', opacity=1.0, ori=array(0.0), pos=array([-0.3, -0.2]), size=array([ 0.5,  0.5]), units='height', vertices=ndarray(...), win=Window(...))
6.7349 	EXP 	Created polygon_3 = ShapeStim(autoDraw=False, autoLog=True, closeShape=True, contrast=1.0, depth=-1.0, fillColor='#d7191c', fillColorSpace='hex', interpolate=True, lineColor=array([ 1.,  1.,  1.]), lineColorSpace='rgb', lineWidth=1, name='polygon_3', opacity=1.0, ori=array(0.0), pos=array([ 0.3, -0.2]), size=array([ 1.,  1.]), units='height', vertices=ndarray(...), win=Window(...), windingRule=None)
6.8184 	EXP 	Created text_3 = TextStim(alignHoriz='center', alignVert='center', antialias=True, autoLog=True, bold=False, color='black', colorSpace='named', contrast=1.0, depth=-2.0, flipHoriz=False, flipVert=False, font='Arial', fontFiles=[], height=0.1, italic=False, name='text_3', opacity=1.0, ori=0, pos=array([ 0. ,  0.6]), rgb=array([ 0.,  0.,  0.]), text=unicode(...), units='norm', win=Window(...), wrapWidth=1)
6.8230 	EXP 	Created polygon_4 = Polygon(autoDraw=False, autoLog=True, closeShape=True, contrast=1.0, depth=0.0, fillColor='#fdae61', fillColorSpace='hex', fillRGB=array([253, 174,  97]), interpolate=True, lineColor=array([ 1.,  1.,  1.]), lineColorSpace='rgb', lineRGB=array([ 1.,  1.,  1.]), lineWidth=1, name='polygon_4', opacity=1.0, ori=array(0.0), pos=array([ 0.3, -0.2]), size=array([ 0.5,  0.5]), units='height', vertices=ndarray(...), win=Window(...))
6.8244 	EXP 	Created polygon_5 = Polygon(autoDraw=False, autoLog=True, closeShape=True, contrast=1.0, depth=-1.0, fillColor='#2c7bb6', fillColorSpace='hex', fillRGB=array([ 44, 123, 182]), interpolate=True, lineColor=array([ 1.,  1.,  1.]), lineColorSpace='rgb', lineRGB=array([ 1.,  1.,  1.]), lineWidth=1, name='polygon_5', opacity=1.0, ori=array(0.0), pos=array([-0.3, -0.2]), size=array([ 0.5,  0.5]), units='height', vertices=ndarray(...), win=Window(...))
6.8691 	EXP 	Created text_5 = TextStim(alignHoriz='center', alignVert='center', antialias=True, autoLog=True, bold=False, color='black', colorSpace='named', contrast=1.0, depth=-2.0, flipHoriz=False, flipVert=False, font='Arial', fontFiles=[], height=0.1, italic=False, name='text_5', opacity=1.0, ori=0, pos=array([ 0. ,  0.6]), rgb=array([ 0.,  0.,  0.]), text=unicode(...), units=u'norm', win=Window(...), wrapWidth=1)
6.8696 	EXP 	Created text_6 = TextStim(alignHoriz='center', alignVert='center', antialias=True, autoLog=True, bold=False, color='black', colorSpace='named', contrast=1.0, depth=0.0, flipHoriz=False, flipVert=False, font='Arial', fontFiles=[], height=0.1, italic=False, name='text_6', opacity=1.0, ori=0, pos=array([ 0.,  0.]), rgb=array([ 0.,  0.,  0.]), text='', units=u'norm', win=Window(...), wrapWidth=1.5)
6.8705 	EXP 	Created text_2 = TextStim(alignHoriz='center', alignVert='center', antialias=True, autoLog=True, bold=False, color=u'black', colorSpace='named', contrast=1.0, depth=0.0, flipHoriz=False, flipVert=False, font=u'Arial', fontFiles=[], height=0.1, italic=False, name='text_2', opacity=1.0, ori=0, pos=array([ 0.,  0.]), rgb=array([ 0.,  0.,  0.]), text='', units=u'norm', win=Window(...), wrapWidth=1)
6.8711 	EXP 	Created text_9 = TextStim(alignHoriz='center', alignVert='center', antialias=True, autoLog=True, bold=False, color='black', colorSpace='named', contrast=1.0, depth=-2.0, flipHoriz=False, flipVert=False, font='Arial', fontFiles=[], height=0.1, italic=False, name='text_9', opacity=1.0, ori=0, pos=array([ 0. , -0.6]), rgb=array([ 0.,  0.,  0.]), text='', units=u'norm', win=Window(...), wrapWidth=1)
6.8718 	EXP 	Created text_same_practice = TextStim(alignHoriz='center', alignVert='center', antialias=True, autoLog=True, bold=False, color='black', colorSpace='named', contrast=1.0, depth=-3.0, flipHoriz=False, flipVert=False, font='Arial', fontFiles=[], height=0.1, italic=False, name='text_same_practice', opacity=1.0, ori=0, pos=array([ 0. , -0.8]), rgb=array([ 0.,  0.,  0.]), text='', units=u'norm', win=Window(...), wrapWidth=1)
6.8758 	EXP 	Created fixation = TextStim(alignHoriz='center', alignVert='center', antialias=True, autoLog=True, bold=False, color='black', colorSpace='named', contrast=1.0, depth=0.0, flipHoriz=False, flipVert=False, font='Arial', fontFiles=[], height=0.1, italic=False, name='fixation', opacity=1.0, ori=0, pos=array([ 0.,  0.]), rgb=array([ 0.,  0.,  0.]), text=u'+', units=u'norm', win=Window(...), wrapWidth=1)
6.9392 	EXP 	Created text_10 = TextStim(alignHoriz='center', alignVert='center', antialias=True, autoLog=True, bold=False, color='black', colorSpace='named', contrast=1.0, depth=0.0, flipHoriz=False, flipVert=False, font='Arial', fontFiles=[], height=0.1, italic=False, name='text_10', opacity=1.0, ori=0, pos=array([ 0.,  0.]), rgb=array([ 0.,  0.,  0.]), text=unicode(...), units=u'norm', win=Window(...), wrapWidth=1)
6.9587 	EXP 	Created unnamed TextStim = TextStim(alignHoriz='center', alignVert='center', antialias=True, autoLog=True, bold=False, color='black', colorSpace='named', contrast=1.0, depth=0, flipHoriz=False, flipVert=False, font='', fontFiles=[], height=0.1, italic=False, name='unnamed TextStim', opacity=1.0, ori=0.0, pos=array([ 0.,  0.]), rgb=array([ 0.,  0.,  0.]), text=u'Time for a short break.', units=u'norm', win=Window(...), wrapWidth=1)
6.9593 	EXP 	Created text_same = TextStim(alignHoriz='center', alignVert='center', antialias=True, autoLog=True, bold=False, color='black', colorSpace='named', contrast=1.0, depth=-2.0, flipHoriz=False, flipVert=False, font='Arial', fontFiles=[], height=0.1, italic=False, name='text_same', opacity=1.0, ori=0, pos=array([ 0. , -0.8]), rgb=array([ 0.,  0.,  0.]), text='', units=u'norm', win=Window(...), wrapWidth=1)
6.9620 	EXP 	Created fixation_2 = TextStim(alignHoriz='center', alignVert='center', antialias=True, autoLog=True, bold=False, color='black', colorSpace='named', contrast=1.0, depth=0.0, flipHoriz=False, flipVert=False, font='Arial', fontFiles=[], height=0.1, italic=False, name='fixation_2', opacity=1.0, ori=0, pos=array([ 0.,  0.]), rgb=array([ 0.,  0.,  0.]), text=u'+', units=u'norm', win=Window(...), wrapWidth=1)
6.9838 	EXP 	Created text = TextStim(alignHoriz='center', alignVert='center', antialias=True, autoLog=True, bold=False, color='black', colorSpace='named', contrast=1.0, depth=0.0, flipHoriz=False, flipVert=False, font='Arial', fontFiles=[], height=0.1, italic=False, name='text', opacity=1.0, ori=0, pos=array([ 0.,  0.]), rgb=array([ 0.,  0.,  0.]), text=unicode(...), units=u'norm', win=Window(...), wrapWidth=1)
6.9864 	EXP 	window1: blendMode = 'avg'
7.0048 	EXP 	text_4: autoDraw = True
7.0059 	EXP 	window1: blendMode = 'avg'
7.0217 	EXP 	window1: blendMode = 'avg'
7.0385 	EXP 	window1: blendMode = 'avg'
7.0555 	EXP 	window1: blendMode = 'avg'
7.0717 	EXP 	window1: blendMode = 'avg'
7.0907 	EXP 	window1: blendMode = 'avg'
7.1056 	EXP 	window1: blendMode = 'avg'
7.1219 	EXP 	window1: blendMode = 'avg'
7.1411 	EXP 	window1: blendMode = 'avg'
7.1559 	EXP 	window1: blendMode = 'avg'
7.1772 	EXP 	window1: blendMode = 'avg'
7.1890 	EXP 	window1: blendMode = 'avg'
7.2051 	EXP 	window1: blendMode = 'avg'
7.2231 	EXP 	window1: blendMode = 'avg'
7.2386 	EXP 	window1: blendMode = 'avg'
7.2554 	EXP 	window1: blendMode = 'avg'
7.2761 	EXP 	window1: blendMode = 'avg'
7.2894 	EXP 	window1: blendMode = 'avg'
7.3061 	EXP 	window1: blendMode = 'avg'
7.3223 	EXP 	window1: blendMode = 'avg'
7.3390 	EXP 	window1: blendMode = 'avg'
7.3556 	EXP 	window1: blendMode = 'avg'
7.3725 	EXP 	window1: blendMode = 'avg'
7.3893 	EXP 	window1: blendMode = 'avg'
7.4062 	EXP 	window1: blendMode = 'avg'
7.4227 	EXP 	window1: blendMode = 'avg'
7.4395 	EXP 	window1: blendMode = 'avg'
7.4564 	EXP 	window1: blendMode = 'avg'
7.4725 	EXP 	window1: blendMode = 'avg'
7.4893 	EXP 	window1: blendMode = 'avg'
7.5059 	EXP 	window1: blendMode = 'avg'
7.5237 	EXP 	window1: blendMode = 'avg'
7.5392 	EXP 	window1: blendMode = 'avg'
7.5562 	EXP 	window1: blendMode = 'avg'
7.5727 	EXP 	window1: blendMode = 'avg'
7.5894 	EXP 	window1: blendMode = 'avg'
7.6059 	EXP 	window1: blendMode = 'avg'
7.6225 	EXP 	window1: blendMode = 'avg'
7.6400 	EXP 	window1: blendMode = 'avg'
7.6569 	EXP 	window1: blendMode = 'avg'
7.6727 	EXP 	window1: blendMode = 'avg'
7.6898 	EXP 	window1: blendMode = 'avg'
7.7061 	EXP 	window1: blendMode = 'avg'
7.7239 	EXP 	window1: blendMode = 'avg'
7.7395 	EXP 	window1: blendMode = 'avg'
7.7561 	EXP 	window1: blendMode = 'avg'
7.7784 	EXP 	window1: blendMode = 'avg'
7.7894 	EXP 	window1: blendMode = 'avg'
7.8061 	EXP 	window1: blendMode = 'avg'
7.8227 	EXP 	window1: blendMode = 'avg'
7.8394 	EXP 	window1: blendMode = 'avg'
7.8562 	EXP 	window1: blendMode = 'avg'
7.8753 	EXP 	window1: blendMode = 'avg'
7.8898 	EXP 	window1: blendMode = 'avg'
7.9065 	EXP 	window1: blendMode = 'avg'
7.9226 	EXP 	window1: blendMode = 'avg'
7.9402 	EXP 	window1: blendMode = 'avg'
7.9565 	EXP 	window1: blendMode = 'avg'
7.9734 	EXP 	window1: blendMode = 'avg'
7.9907 	EXP 	window1: blendMode = 'avg'
8.0130 	EXP 	window1: blendMode = 'avg'
8.0227 	EXP 	window1: blendMode = 'avg'
8.0399 	EXP 	window1: blendMode = 'avg'
8.0565 	EXP 	window1: blendMode = 'avg'
8.0732 	EXP 	window1: blendMode = 'avg'
8.0900 	EXP 	window1: blendMode = 'avg'
8.1069 	EXP 	window1: blendMode = 'avg'
8.1230 	EXP 	window1: blendMode = 'avg'
8.1401 	EXP 	window1: blendMode = 'avg'
8.1565 	EXP 	window1: blendMode = 'avg'
8.1733 	EXP 	window1: blendMode = 'avg'
8.1900 	EXP 	window1: blendMode = 'avg'
8.2065 	EXP 	window1: blendMode = 'avg'
8.2237 	EXP 	window1: blendMode = 'avg'
8.2402 	EXP 	window1: blendMode = 'avg'
8.2571 	EXP 	window1: blendMode = 'avg'
8.2731 	EXP 	window1: blendMode = 'avg'
8.2901 	EXP 	window1: blendMode = 'avg'
8.3073 	EXP 	window1: blendMode = 'avg'
8.3234 	EXP 	window1: blendMode = 'avg'
8.3409 	EXP 	window1: blendMode = 'avg'
8.3572 	EXP 	window1: blendMode = 'avg'
8.3742 	EXP 	window1: blendMode = 'avg'
8.3908 	EXP 	window1: blendMode = 'avg'
8.4112 	EXP 	window1: blendMode = 'avg'
8.4298 	EXP 	window1: blendMode = 'avg'
8.4402 	EXP 	window1: blendMode = 'avg'
8.4566 	EXP 	window1: blendMode = 'avg'
8.4734 	EXP 	window1: blendMode = 'avg'
8.4900 	EXP 	window1: blendMode = 'avg'
8.5066 	EXP 	window1: blendMode = 'avg'
8.5233 	EXP 	window1: blendMode = 'avg'
8.5400 	EXP 	window1: blendMode = 'avg'
8.5566 	EXP 	window1: blendMode = 'avg'
8.5733 	EXP 	window1: blendMode = 'avg'
8.5923 	EXP 	window1: blendMode = 'avg'
8.6068 	EXP 	window1: blendMode = 'avg'
8.6234 	EXP 	window1: blendMode = 'avg'
8.6402 	EXP 	window1: blendMode = 'avg'
8.6568 	EXP 	window1: blendMode = 'avg'
8.6735 	EXP 	window1: blendMode = 'avg'
8.6900 	EXP 	window1: blendMode = 'avg'
8.7068 	EXP 	window1: blendMode = 'avg'
8.7255 	EXP 	window1: blendMode = 'avg'
8.7402 	EXP 	window1: blendMode = 'avg'
8.7566 	EXP 	window1: blendMode = 'avg'
8.7745 	EXP 	window1: blendMode = 'avg'
8.7910 	EXP 	window1: blendMode = 'avg'
8.8069 	EXP 	window1: blendMode = 'avg'
8.8236 	EXP 	window1: blendMode = 'avg'
8.8401 	EXP 	window1: blendMode = 'avg'
8.8568 	EXP 	window1: blendMode = 'avg'
8.8733 	EXP 	window1: blendMode = 'avg'
8.8904 	EXP 	window1: blendMode = 'avg'
8.9088 	EXP 	window1: blendMode = 'avg'
8.9233 	EXP 	window1: blendMode = 'avg'
8.9400 	EXP 	window1: blendMode = 'avg'
8.9567 	EXP 	window1: blendMode = 'avg'
8.9733 	EXP 	window1: blendMode = 'avg'
8.9900 	EXP 	window1: blendMode = 'avg'
9.0067 	EXP 	window1: blendMode = 'avg'
9.0232 	EXP 	window1: blendMode = 'avg'
9.0401 	EXP 	window1: blendMode = 'avg'
9.0572 	EXP 	window1: blendMode = 'avg'
9.0738 	EXP 	window1: blendMode = 'avg'
9.0905 	EXP 	window1: blendMode = 'avg'
9.1110 	EXP 	window1: blendMode = 'avg'
9.1239 	EXP 	window1: blendMode = 'avg'
9.1470 	EXP 	window1: blendMode = 'avg'
9.1585 	EXP 	window1: blendMode = 'avg'
9.1745 	EXP 	window1: blendMode = 'avg'
9.1931 	EXP 	window1: blendMode = 'avg'
9.2073 	EXP 	window1: blendMode = 'avg'
9.2237 	EXP 	window1: blendMode = 'avg'
9.2410 	EXP 	window1: blendMode = 'avg'
9.2582 	EXP 	window1: blendMode = 'avg'
9.2738 	EXP 	window1: blendMode = 'avg'
9.2904 	EXP 	window1: blendMode = 'avg'
9.3072 	EXP 	window1: blendMode = 'avg'
9.3239 	EXP 	window1: blendMode = 'avg'
9.3405 	EXP 	window1: blendMode = 'avg'
9.3572 	EXP 	window1: blendMode = 'avg'
9.3740 	EXP 	window1: blendMode = 'avg'
9.3907 	EXP 	window1: blendMode = 'avg'
9.4075 	EXP 	window1: blendMode = 'avg'
9.4241 	EXP 	window1: blendMode = 'avg'
9.4404 	EXP 	window1: blendMode = 'avg'
9.4584 	DATA 	Mouse: Left button down, pos=(1186,527)
9.4591 	EXP 	window1: blendMode = 'avg'
9.4742 	EXP 	window1: blendMode = 'avg'
9.4907 	EXP 	window1: blendMode = 'avg'
9.5068 	DATA 	Mouse:  Left button up, pos=(1186,527)
9.5074 	EXP 	window1: blendMode = 'avg'
9.5244 	EXP 	window1: blendMode = 'avg'
9.5410 	EXP 	window1: blendMode = 'avg'
9.5572 	EXP 	window1: blendMode = 'avg'
9.5741 	EXP 	window1: blendMode = 'avg'
9.5907 	EXP 	window1: blendMode = 'avg'
9.6074 	EXP 	window1: blendMode = 'avg'
9.6240 	EXP 	window1: blendMode = 'avg'
9.6406 	EXP 	window1: blendMode = 'avg'
9.6576 	EXP 	window1: blendMode = 'avg'
9.6738 	DATA 	Keypress: d
9.6974 	EXP 	window1: blendMode = 'avg'
9.7068 	EXP 	text_4: autoDraw = False
9.7068 	EXP 	polygon_2: autoDraw = True
9.7068 	EXP 	polygon_3: autoDraw = True
9.7068 	EXP 	text_3: autoDraw = True
9.7076 	EXP 	window1: blendMode = 'avg'
9.7242 	EXP 	window1: blendMode = 'avg'
9.7411 	EXP 	window1: blendMode = 'avg'
9.7576 	EXP 	window1: blendMode = 'avg'
9.7791 	EXP 	window1: blendMode = 'avg'
9.7935 	EXP 	window1: blendMode = 'avg'
9.8079 	EXP 	window1: blendMode = 'avg'
9.8245 	EXP 	window1: blendMode = 'avg'
9.8410 	EXP 	window1: blendMode = 'avg'
9.8609 	EXP 	window1: blendMode = 'avg'
9.8788 	EXP 	window1: blendMode = 'avg'
9.8946 	EXP 	window1: blendMode = 'avg'
9.9079 	EXP 	window1: blendMode = 'avg'
9.9273 	EXP 	window1: blendMode = 'avg'
9.9412 	EXP 	window1: blendMode = 'avg'
9.9579 	EXP 	window1: blendMode = 'avg'
9.9749 	EXP 	window1: blendMode = 'avg'
9.9906 	DATA 	Keypress: d
9.9918 	EXP 	window1: blendMode = 'avg'
10.0070 	EXP 	polygon_2: autoDraw = False
10.0070 	EXP 	polygon_3: autoDraw = False
10.0070 	EXP 	text_3: autoDraw = False
10.0070 	EXP 	polygon_4: autoDraw = True
10.0070 	EXP 	polygon_5: autoDraw = True
10.0070 	EXP 	text_5: autoDraw = True
10.0079 	EXP 	window1: blendMode = 'avg'
10.0246 	EXP 	window1: blendMode = 'avg'
10.0414 	EXP 	window1: blendMode = 'avg'
10.0579 	EXP 	window1: blendMode = 'avg'
10.0797 	EXP 	window1: blendMode = 'avg'
10.0911 	EXP 	window1: blendMode = 'avg'
10.1079 	EXP 	window1: blendMode = 'avg'
10.1247 	EXP 	window1: blendMode = 'avg'
10.1415 	EXP 	window1: blendMode = 'avg'
10.1580 	EXP 	window1: blendMode = 'avg'
10.1747 	EXP 	window1: blendMode = 'avg'
10.1913 	EXP 	window1: blendMode = 'avg'
10.2081 	EXP 	window1: blendMode = 'avg'
10.2242 	DATA 	Keypress: d
10.2247 	EXP 	Created sequence: random, trialTypes=1, nReps=2, seed=None
10.2249 	EXP 	New trial (rep=0, index=0): None
10.3032 	EXP 	window1: blendMode = 'avg'
10.3073 	EXP 	polygon_4: autoDraw = False
10.3073 	EXP 	polygon_5: autoDraw = False
10.3073 	EXP 	text_5: autoDraw = False
10.3073 	EXP 	text_6: text = "Let's try a few for practice. You'll see pairs of shapes, with one shape on the screen at a time. Each shape will be BLUE or RED or ORANGE. Tell me if the two shapes are the SAME color, or DIFFERENT colors. For the first shape, just say 'GO.' Then, when it says 'Same/Different?' underneath, tell me whether you see the same color or a different color as the first shape."
10.3073 	EXP 	text_6: autoDraw = True
10.3078 	EXP 	window1: blendMode = 'avg'
10.3247 	EXP 	window1: blendMode = 'avg'
10.3414 	EXP 	window1: blendMode = 'avg'
10.3581 	EXP 	window1: blendMode = 'avg'
10.3748 	EXP 	window1: blendMode = 'avg'
10.3914 	EXP 	window1: blendMode = 'avg'
10.4081 	EXP 	window1: blendMode = 'avg'
10.4290 	EXP 	window1: blendMode = 'avg'
10.4445 	EXP 	window1: blendMode = 'avg'
10.4581 	EXP 	window1: blendMode = 'avg'
10.4748 	EXP 	window1: blendMode = 'avg'
10.4915 	EXP 	window1: blendMode = 'avg'
10.5082 	EXP 	window1: blendMode = 'avg'
10.5249 	EXP 	window1: blendMode = 'avg'
10.5417 	EXP 	window1: blendMode = 'avg'
10.5583 	EXP 	window1: blendMode = 'avg'
10.5750 	EXP 	window1: blendMode = 'avg'
10.5916 	EXP 	window1: blendMode = 'avg'
10.6084 	EXP 	window1: blendMode = 'avg'
10.6250 	EXP 	window1: blendMode = 'avg'
10.6417 	EXP 	window1: blendMode = 'avg'
10.6585 	EXP 	window1: blendMode = 'avg'
10.6751 	EXP 	window1: blendMode = 'avg'
10.6917 	EXP 	window1: blendMode = 'avg'
10.7085 	EXP 	window1: blendMode = 'avg'
10.7251 	EXP 	window1: blendMode = 'avg'
10.7419 	EXP 	window1: blendMode = 'avg'
10.7585 	EXP 	window1: blendMode = 'avg'
10.7792 	EXP 	window1: blendMode = 'avg'
10.8009 	DATA 	Keypress: f
10.8014 	EXP 	window1: blendMode = 'avg'
10.8085 	EXP 	window1: blendMode = 'avg'
10.8251 	EXP 	window1: blendMode = 'avg'
10.8419 	EXP 	window1: blendMode = 'avg'
10.8586 	EXP 	window1: blendMode = 'avg'
10.8773 	EXP 	window1: blendMode = 'avg'
10.8923 	EXP 	window1: blendMode = 'avg'
10.9088 	EXP 	window1: blendMode = 'avg'
10.9258 	EXP 	window1: blendMode = 'avg'
10.9421 	EXP 	window1: blendMode = 'avg'
10.9588 	EXP 	window1: blendMode = 'avg'
10.9755 	EXP 	window1: blendMode = 'avg'
10.9921 	EXP 	window1: blendMode = 'avg'
11.0087 	EXP 	window1: blendMode = 'avg'
11.0253 	EXP 	window1: blendMode = 'avg'
11.0420 	EXP 	window1: blendMode = 'avg'
11.0586 	EXP 	window1: blendMode = 'avg'
11.0755 	EXP 	window1: blendMode = 'avg'
11.0922 	EXP 	window1: blendMode = 'avg'
11.1088 	EXP 	window1: blendMode = 'avg'
11.1256 	EXP 	window1: blendMode = 'avg'
11.1423 	EXP 	window1: blendMode = 'avg'
11.1426 	DATA 	Keypress: d
11.1590 	EXP 	Created sequence: random, trialTypes=1, nReps=3, seed=None
11.1592 	EXP 	New trial (rep=0, index=0): None
11.1608 	DEBUG 	Read csv file with pandas: Sequences//color_practice_1_1.csv
11.1611 	EXP 	Imported Sequences//color_practice_1_1.csv as conditions, 8 conditions, 2 params
11.1613 	EXP 	Created sequence: sequential, trialTypes=8, nReps=1, seed=None
11.1616 	EXP 	New trial (rep=0, index=0): {'color': u'#d7191c', 'answer': u'r'}
11.1781 	EXP 	Created unnamed Polygon = Polygon(autoDraw=True, autoLog=True, closeShape=True, contrast=1.0, depth=0, fillColor=u'#d7191c', fillColorSpace='hex', fillRGB=array([215,  25,  28]), interpolate=True, lineColor=array([ 1.,  1.,  1.]), lineColorSpace='rgb', lineRGB=array([ 1.,  1.,  1.]), lineWidth=1.5, name='unnamed Polygon', opacity=1.0, ori=array(0.0), pos=array([ 0.,  0.]), size=array([ 0.5,  0.5]), units='height', vertices=ndarray(...), win=Window(...))
11.1853 	EXP 	window1: blendMode = 'avg'
11.1855 	EXP 	window1: blendMode = 'avg'
11.2084 	EXP 	text_6: autoDraw = False
11.2084 	EXP 	text_2: autoDraw = False
11.2084 	EXP 	text_same_practice: text = ''
11.2084 	EXP 	text_9: autoDraw = True
11.2084 	EXP 	text_same_practice: autoDraw = True
11.2090 	EXP 	window1: blendMode = 'avg'
11.2091 	EXP 	window1: blendMode = 'avg'
11.2256 	EXP 	window1: blendMode = 'avg'
11.2257 	EXP 	window1: blendMode = 'avg'
11.2420 	EXP 	window1: blendMode = 'avg'
11.2421 	EXP 	window1: blendMode = 'avg'
11.2589 	EXP 	window1: blendMode = 'avg'
11.2590 	EXP 	window1: blendMode = 'avg'
11.2754 	EXP 	window1: blendMode = 'avg'
11.2755 	EXP 	window1: blendMode = 'avg'
11.2922 	EXP 	window1: blendMode = 'avg'
11.2923 	EXP 	window1: blendMode = 'avg'
11.3100 	EXP 	window1: blendMode = 'avg'
11.3101 	EXP 	window1: blendMode = 'avg'
11.3259 	EXP 	window1: blendMode = 'avg'
11.3260 	EXP 	window1: blendMode = 'avg'
11.3434 	EXP 	window1: blendMode = 'avg'
11.3435 	EXP 	window1: blendMode = 'avg'
11.3597 	EXP 	window1: blendMode = 'avg'
11.3598 	EXP 	window1: blendMode = 'avg'
11.3756 	EXP 	window1: blendMode = 'avg'
11.3757 	EXP 	window1: blendMode = 'avg'
11.3923 	EXP 	window1: blendMode = 'avg'
11.3924 	EXP 	window1: blendMode = 'avg'
11.4090 	EXP 	window1: blendMode = 'avg'
11.4091 	EXP 	window1: blendMode = 'avg'
11.4257 	EXP 	window1: blendMode = 'avg'
11.4258 	EXP 	window1: blendMode = 'avg'
11.4424 	EXP 	window1: blendMode = 'avg'
11.4425 	EXP 	window1: blendMode = 'avg'
11.4600 	EXP 	window1: blendMode = 'avg'
11.4601 	EXP 	window1: blendMode = 'avg'
11.4759 	EXP 	window1: blendMode = 'avg'
11.4761 	EXP 	window1: blendMode = 'avg'
11.4924 	EXP 	window1: blendMode = 'avg'
11.4925 	EXP 	window1: blendMode = 'avg'
11.5090 	EXP 	window1: blendMode = 'avg'
11.5091 	EXP 	window1: blendMode = 'avg'
11.5257 	EXP 	window1: blendMode = 'avg'
11.5258 	EXP 	window1: blendMode = 'avg'
11.5425 	EXP 	window1: blendMode = 'avg'
11.5426 	EXP 	window1: blendMode = 'avg'
11.5592 	EXP 	window1: blendMode = 'avg'
11.5593 	EXP 	window1: blendMode = 'avg'
11.5758 	EXP 	window1: blendMode = 'avg'
11.5759 	EXP 	window1: blendMode = 'avg'
11.5925 	EXP 	window1: blendMode = 'avg'
11.5926 	EXP 	window1: blendMode = 'avg'
11.6092 	EXP 	window1: blendMode = 'avg'
11.6093 	EXP 	window1: blendMode = 'avg'
11.6259 	EXP 	window1: blendMode = 'avg'
11.6260 	EXP 	window1: blendMode = 'avg'
11.6427 	EXP 	window1: blendMode = 'avg'
11.6428 	EXP 	window1: blendMode = 'avg'
11.6593 	EXP 	window1: blendMode = 'avg'
11.6594 	EXP 	window1: blendMode = 'avg'
11.6759 	EXP 	window1: blendMode = 'avg'
11.6760 	EXP 	window1: blendMode = 'avg'
11.6927 	EXP 	window1: blendMode = 'avg'
11.6928 	EXP 	window1: blendMode = 'avg'
11.7092 	EXP 	window1: blendMode = 'avg'
11.7093 	EXP 	window1: blendMode = 'avg'
11.7257 	DATA 	Keypress: f
11.7265 	EXP 	New trial (rep=0, index=1): {'color': u'#d7191c', 'answer': u'r'}
11.7327 	EXP 	Created unnamed Polygon = Polygon(autoDraw=True, autoLog=True, closeShape=True, contrast=1.0, depth=0, fillColor=u'#d7191c', fillColorSpace='hex', fillRGB=array([215,  25,  28]), interpolate=True, lineColor=array([ 1.,  1.,  1.]), lineColorSpace='rgb', lineRGB=array([ 1.,  1.,  1.]), lineWidth=1.5, name='unnamed Polygon', opacity=1.0, ori=array(0.0), pos=array([ 0.,  0.]), size=array([ 0.5,  0.5]), units='height', vertices=ndarray(...), win=Window(...))
11.7333 	EXP 	window1: blendMode = 'avg'
11.7336 	EXP 	window1: blendMode = 'avg'
11.7421 	EXP 	text_9: autoDraw = False
11.7421 	EXP 	text_same_practice: autoDraw = False
11.7421 	EXP 	unnamed Polygon: autoDraw = False
11.7421 	EXP 	fixation: autoDraw = False
11.7421 	EXP 	text_same_practice: text = 'SAME / DIFFERENT?'
11.7421 	EXP 	text_9: autoDraw = True
11.7421 	EXP 	text_same_practice: autoDraw = True
11.7427 	EXP 	window1: blendMode = 'avg'
11.7430 	EXP 	window1: blendMode = 'avg'
11.7594 	EXP 	window1: blendMode = 'avg'
11.7597 	EXP 	window1: blendMode = 'avg'
11.7781 	EXP 	window1: blendMode = 'avg'
11.7784 	EXP 	window1: blendMode = 'avg'
11.7929 	EXP 	window1: blendMode = 'avg'
11.7932 	EXP 	window1: blendMode = 'avg'
11.8103 	EXP 	window1: blendMode = 'avg'
11.8107 	EXP 	window1: blendMode = 'avg'
11.8271 	EXP 	window1: blendMode = 'avg'
11.8273 	EXP 	window1: blendMode = 'avg'
11.8428 	EXP 	window1: blendMode = 'avg'
11.8431 	EXP 	window1: blendMode = 'avg'
11.8595 	EXP 	window1: blendMode = 'avg'
11.8598 	EXP 	window1: blendMode = 'avg'
11.8762 	EXP 	window1: blendMode = 'avg'
11.8765 	EXP 	window1: blendMode = 'avg'
11.8929 	EXP 	window1: blendMode = 'avg'
11.8932 	EXP 	window1: blendMode = 'avg'
11.9095 	EXP 	window1: blendMode = 'avg'
11.9098 	EXP 	window1: blendMode = 'avg'
11.9260 	DATA 	Keypress: f
11.9272 	EXP 	window1: blendMode = 'avg'
11.9424 	EXP 	text_9: autoDraw = False
11.9424 	EXP 	text_same_practice: autoDraw = False
11.9424 	EXP 	unnamed Polygon: autoDraw = False
11.9424 	EXP 	fixation: autoDraw = True
11.9430 	EXP 	window1: blendMode = 'avg'
11.9596 	EXP 	window1: blendMode = 'avg'
11.9764 	EXP 	window1: blendMode = 'avg'
11.9930 	EXP 	window1: blendMode = 'avg'
12.0096 	EXP 	window1: blendMode = 'avg'
12.0263 	EXP 	window1: blendMode = 'avg'
12.0431 	EXP 	window1: blendMode = 'avg'
12.0598 	EXP 	window1: blendMode = 'avg'
12.0764 	EXP 	window1: blendMode = 'avg'
12.0928 	DATA 	Keypress: f
12.0933 	EXP 	window1: blendMode = 'avg'
12.1098 	EXP 	window1: blendMode = 'avg'
12.1268 	EXP 	window1: blendMode = 'avg'
12.1443 	EXP 	window1: blendMode = 'avg'
12.1598 	EXP 	window1: blendMode = 'avg'
12.1765 	EXP 	window1: blendMode = 'avg'
12.1931 	EXP 	window1: blendMode = 'avg'
12.2099 	EXP 	window1: blendMode = 'avg'
12.2265 	EXP 	window1: blendMode = 'avg'
12.2432 	EXP 	window1: blendMode = 'avg'
12.2599 	EXP 	window1: blendMode = 'avg'
12.2766 	EXP 	window1: blendMode = 'avg'
12.2932 	EXP 	window1: blendMode = 'avg'
12.3099 	EXP 	window1: blendMode = 'avg'
12.3266 	EXP 	window1: blendMode = 'avg'
12.3435 	EXP 	window1: blendMode = 'avg'
12.3602 	EXP 	window1: blendMode = 'avg'
12.3769 	EXP 	window1: blendMode = 'avg'
12.3933 	EXP 	window1: blendMode = 'avg'
12.4100 	EXP 	window1: blendMode = 'avg'
12.4268 	EXP 	window1: blendMode = 'avg'
12.4434 	EXP 	window1: blendMode = 'avg'
12.4602 	EXP 	window1: blendMode = 'avg'
12.4767 	EXP 	window1: blendMode = 'avg'
12.4935 	EXP 	window1: blendMode = 'avg'
12.5101 	EXP 	window1: blendMode = 'avg'
12.5268 	EXP 	window1: blendMode = 'avg'
12.5437 	EXP 	window1: blendMode = 'avg'
12.5602 	EXP 	window1: blendMode = 'avg'
12.5769 	EXP 	window1: blendMode = 'avg'
12.5936 	EXP 	window1: blendMode = 'avg'
12.6103 	EXP 	window1: blendMode = 'avg'
12.6270 	EXP 	window1: blendMode = 'avg'
12.6436 	EXP 	window1: blendMode = 'avg'
12.6602 	EXP 	window1: blendMode = 'avg'
12.6770 	EXP 	window1: blendMode = 'avg'
12.6937 	EXP 	window1: blendMode = 'avg'
12.7104 	EXP 	window1: blendMode = 'avg'
12.7271 	EXP 	window1: blendMode = 'avg'
12.7437 	EXP 	window1: blendMode = 'avg'
12.7605 	EXP 	window1: blendMode = 'avg'
12.7791 	EXP 	window1: blendMode = 'avg'
12.7938 	EXP 	window1: blendMode = 'avg'
12.8105 	EXP 	window1: blendMode = 'avg'
12.8271 	EXP 	window1: blendMode = 'avg'
12.8439 	EXP 	window1: blendMode = 'avg'
12.8604 	EXP 	window1: blendMode = 'avg'
12.8770 	EXP 	window1: blendMode = 'avg'
12.8937 	EXP 	window1: blendMode = 'avg'
12.9104 	EXP 	window1: blendMode = 'avg'
12.9272 	EXP 	window1: blendMode = 'avg'
12.9439 	EXP 	window1: blendMode = 'avg'
12.9608 	EXP 	window1: blendMode = 'avg'
12.9787 	EXP 	window1: blendMode = 'avg'
12.9940 	EXP 	window1: blendMode = 'avg'
13.0107 	EXP 	window1: blendMode = 'avg'
13.0272 	EXP 	window1: blendMode = 'avg'
13.0441 	EXP 	window1: blendMode = 'avg'
13.0607 	EXP 	window1: blendMode = 'avg'
13.0773 	EXP 	window1: blendMode = 'avg'
13.0941 	EXP 	window1: blendMode = 'avg'
13.1108 	EXP 	window1: blendMode = 'avg'
13.1276 	EXP 	window1: blendMode = 'avg'
13.1441 	EXP 	window1: blendMode = 'avg'
13.1609 	EXP 	window1: blendMode = 'avg'
13.1776 	EXP 	window1: blendMode = 'avg'
13.1943 	EXP 	window1: blendMode = 'avg'
13.2109 	EXP 	window1: blendMode = 'avg'
13.2276 	EXP 	window1: blendMode = 'avg'
13.2443 	EXP 	window1: blendMode = 'avg'
13.2610 	EXP 	window1: blendMode = 'avg'
13.2777 	EXP 	window1: blendMode = 'avg'
13.2944 	EXP 	window1: blendMode = 'avg'
13.3110 	EXP 	window1: blendMode = 'avg'
13.3278 	EXP 	window1: blendMode = 'avg'
13.3443 	EXP 	window1: blendMode = 'avg'
13.3610 	EXP 	window1: blendMode = 'avg'
13.3778 	EXP 	window1: blendMode = 'avg'
13.3944 	EXP 	window1: blendMode = 'avg'
13.4111 	EXP 	window1: blendMode = 'avg'
13.4278 	EXP 	window1: blendMode = 'avg'
13.4444 	EXP 	window1: blendMode = 'avg'
13.4611 	EXP 	window1: blendMode = 'avg'
13.4778 	EXP 	window1: blendMode = 'avg'
13.4945 	EXP 	window1: blendMode = 'avg'
13.5111 	EXP 	window1: blendMode = 'avg'
13.5278 	EXP 	window1: blendMode = 'avg'
13.5445 	EXP 	window1: blendMode = 'avg'
13.5611 	EXP 	window1: blendMode = 'avg'
13.5781 	EXP 	window1: blendMode = 'avg'
13.5946 	EXP 	window1: blendMode = 'avg'
13.6113 	EXP 	window1: blendMode = 'avg'
13.6280 	EXP 	window1: blendMode = 'avg'
13.6447 	EXP 	window1: blendMode = 'avg'
13.6613 	EXP 	window1: blendMode = 'avg'
13.6779 	EXP 	window1: blendMode = 'avg'
13.6946 	EXP 	window1: blendMode = 'avg'
13.7113 	EXP 	window1: blendMode = 'avg'
13.7281 	EXP 	window1: blendMode = 'avg'
13.7447 	EXP 	window1: blendMode = 'avg'
13.7615 	EXP 	window1: blendMode = 'avg'
13.7802 	EXP 	window1: blendMode = 'avg'
13.7949 	EXP 	window1: blendMode = 'avg'
13.8115 	EXP 	window1: blendMode = 'avg'
13.8281 	EXP 	window1: blendMode = 'avg'
13.8449 	EXP 	window1: blendMode = 'avg'
13.8616 	EXP 	window1: blendMode = 'avg'
13.8783 	EXP 	window1: blendMode = 'avg'
13.8950 	EXP 	window1: blendMode = 'avg'
13.9116 	EXP 	window1: blendMode = 'avg'
13.9281 	EXP 	New trial (rep=0, index=2): {'color': u'#fdae61', 'answer': u'o'}
13.9297 	EXP 	Created unnamed Polygon = Polygon(autoDraw=True, autoLog=True, closeShape=True, contrast=1.0, depth=0, fillColor=u'#fdae61', fillColorSpace='hex', fillRGB=array([253, 174,  97]), interpolate=True, lineColor=array([ 1.,  1.,  1.]), lineColorSpace='rgb', lineRGB=array([ 1.,  1.,  1.]), lineWidth=1.5, name='unnamed Polygon', opacity=1.0, ori=array(0.0), pos=array([ 0.,  0.]), size=array([ 0.5,  0.5]), units='height', vertices=ndarray(...), win=Window(...))
13.9303 	EXP 	window1: blendMode = 'avg'
13.9304 	EXP 	window1: blendMode = 'avg'
13.9444 	EXP 	fixation: autoDraw = False
13.9444 	EXP 	text_same_practice: text = ''
13.9444 	EXP 	text_9: autoDraw = True
13.9444 	EXP 	text_same_practice: autoDraw = True
13.9450 	EXP 	window1: blendMode = 'avg'
13.9451 	EXP 	window1: blendMode = 'avg'
13.9617 	EXP 	window1: blendMode = 'avg'
13.9618 	EXP 	window1: blendMode = 'avg'
13.9784 	EXP 	window1: blendMode = 'avg'
13.9785 	EXP 	window1: blendMode = 'avg'
13.9950 	EXP 	window1: blendMode = 'avg'
13.9951 	EXP 	window1: blendMode = 'avg'
14.0117 	EXP 	window1: blendMode = 'avg'
14.0118 	EXP 	window1: blendMode = 'avg'
14.0284 	EXP 	window1: blendMode = 'avg'
14.0285 	EXP 	window1: blendMode = 'avg'
14.0452 	EXP 	window1: blendMode = 'avg'
14.0453 	EXP 	window1: blendMode = 'avg'
14.0617 	EXP 	window1: blendMode = 'avg'
14.0618 	EXP 	window1: blendMode = 'avg'
14.0784 	EXP 	window1: blendMode = 'avg'
14.0785 	EXP 	window1: blendMode = 'avg'
14.0951 	EXP 	window1: blendMode = 'avg'
14.0952 	EXP 	window1: blendMode = 'avg'
14.1117 	EXP 	window1: blendMode = 'avg'
14.1118 	EXP 	window1: blendMode = 'avg'
14.1285 	EXP 	window1: blendMode = 'avg'
14.1286 	EXP 	window1: blendMode = 'avg'
14.1450 	EXP 	window1: blendMode = 'avg'
14.1451 	EXP 	window1: blendMode = 'avg'
14.1618 	EXP 	window1: blendMode = 'avg'
14.1619 	EXP 	window1: blendMode = 'avg'
14.1788 	EXP 	window1: blendMode = 'avg'
14.1789 	EXP 	window1: blendMode = 'avg'
14.1949 	DATA 	Keypress: f
14.1961 	EXP 	New trial (rep=0, index=3): {'color': u'#2c7bb6', 'answer': u'b'}
14.2031 	EXP 	Created unnamed Polygon = Polygon(autoDraw=True, autoLog=True, closeShape=True, contrast=1.0, depth=0, fillColor=u'#2c7bb6', fillColorSpace='hex', fillRGB=array([ 44, 123, 182]), interpolate=True, lineColor=array([ 1.,  1.,  1.]), lineColorSpace='rgb', lineRGB=array([ 1.,  1.,  1.]), lineWidth=1.5, name='unnamed Polygon', opacity=1.0, ori=array(0.0), pos=array([ 0.,  0.]), size=array([ 0.5,  0.5]), units='height', vertices=ndarray(...), win=Window(...))
14.2038 	EXP 	window1: blendMode = 'avg'
14.2042 	EXP 	window1: blendMode = 'avg'
14.2280 	EXP 	text_9: autoDraw = False
14.2280 	EXP 	text_same_practice: autoDraw = False
14.2280 	EXP 	unnamed Polygon: autoDraw = False
14.2280 	EXP 	fixation: autoDraw = False
14.2280 	EXP 	text_same_practice: text = 'SAME / DIFFERENT?'
14.2280 	EXP 	text_9: autoDraw = True
14.2280 	EXP 	text_same_practice: autoDraw = True
14.2286 	EXP 	window1: blendMode = 'avg'
14.2289 	EXP 	window1: blendMode = 'avg'
14.2453 	EXP 	window1: blendMode = 'avg'
14.2455 	EXP 	window1: blendMode = 'avg'
14.2621 	EXP 	window1: blendMode = 'avg'
14.2624 	EXP 	window1: blendMode = 'avg'
14.2785 	EXP 	window1: blendMode = 'avg'
14.2788 	EXP 	window1: blendMode = 'avg'
14.2952 	EXP 	window1: blendMode = 'avg'
14.2955 	EXP 	window1: blendMode = 'avg'
14.3120 	EXP 	window1: blendMode = 'avg'
14.3122 	EXP 	window1: blendMode = 'avg'
14.3283 	DATA 	Keypress: f
14.3292 	EXP 	window1: blendMode = 'avg'
14.3447 	EXP 	text_9: autoDraw = False
14.3447 	EXP 	text_same_practice: autoDraw = False
14.3447 	EXP 	unnamed Polygon: autoDraw = False
14.3447 	EXP 	fixation: autoDraw = True
14.3453 	EXP 	window1: blendMode = 'avg'
14.3621 	EXP 	window1: blendMode = 'avg'
14.3788 	EXP 	window1: blendMode = 'avg'
14.3955 	EXP 	window1: blendMode = 'avg'
14.4121 	EXP 	window1: blendMode = 'avg'
14.4288 	EXP 	window1: blendMode = 'avg'
14.4455 	EXP 	window1: blendMode = 'avg'
14.4626 	EXP 	window1: blendMode = 'avg'
14.4792 	EXP 	window1: blendMode = 'avg'
14.4960 	EXP 	window1: blendMode = 'avg'
14.5128 	EXP 	window1: blendMode = 'avg'
14.5295 	EXP 	window1: blendMode = 'avg'
14.5461 	EXP 	window1: blendMode = 'avg'
14.5628 	EXP 	window1: blendMode = 'avg'
14.5793 	EXP 	window1: blendMode = 'avg'
14.5962 	EXP 	window1: blendMode = 'avg'
14.6127 	EXP 	window1: blendMode = 'avg'
14.6294 	EXP 	window1: blendMode = 'avg'
14.6461 	EXP 	window1: blendMode = 'avg'
14.6629 	EXP 	window1: blendMode = 'avg'
14.6796 	EXP 	window1: blendMode = 'avg'
14.6963 	EXP 	window1: blendMode = 'avg'
14.7128 	EXP 	window1: blendMode = 'avg'
14.7296 	EXP 	window1: blendMode = 'avg'
14.7462 	EXP 	window1: blendMode = 'avg'
14.7630 	EXP 	window1: blendMode = 'avg'
14.7797 	EXP 	window1: blendMode = 'avg'
14.7963 	EXP 	window1: blendMode = 'avg'
14.8130 	EXP 	window1: blendMode = 'avg'
14.8298 	EXP 	window1: blendMode = 'avg'
14.8465 	EXP 	window1: blendMode = 'avg'
14.8631 	EXP 	window1: blendMode = 'avg'
14.8798 	EXP 	window1: blendMode = 'avg'
14.8965 	EXP 	window1: blendMode = 'avg'
14.9131 	EXP 	window1: blendMode = 'avg'
14.9298 	EXP 	window1: blendMode = 'avg'
14.9464 	EXP 	window1: blendMode = 'avg'
14.9631 	EXP 	window1: blendMode = 'avg'
14.9797 	EXP 	window1: blendMode = 'avg'
14.9965 	EXP 	window1: blendMode = 'avg'
15.0132 	EXP 	window1: blendMode = 'avg'
15.0299 	EXP 	window1: blendMode = 'avg'
15.0466 	EXP 	window1: blendMode = 'avg'
15.0633 	EXP 	window1: blendMode = 'avg'
15.0800 	EXP 	window1: blendMode = 'avg'
15.0966 	EXP 	window1: blendMode = 'avg'
15.1133 	EXP 	window1: blendMode = 'avg'
15.1300 	EXP 	window1: blendMode = 'avg'
15.1467 	EXP 	window1: blendMode = 'avg'
15.1633 	EXP 	window1: blendMode = 'avg'
15.1801 	EXP 	window1: blendMode = 'avg'
15.1967 	EXP 	window1: blendMode = 'avg'
15.2135 	EXP 	window1: blendMode = 'avg'
15.2301 	EXP 	window1: blendMode = 'avg'
15.2469 	EXP 	window1: blendMode = 'avg'
15.2634 	EXP 	window1: blendMode = 'avg'
15.2802 	EXP 	window1: blendMode = 'avg'
15.2969 	EXP 	window1: blendMode = 'avg'
15.3135 	EXP 	window1: blendMode = 'avg'
15.3302 	EXP 	window1: blendMode = 'avg'
15.3469 	EXP 	window1: blendMode = 'avg'
15.3636 	EXP 	window1: blendMode = 'avg'
15.3803 	EXP 	window1: blendMode = 'avg'
15.3969 	EXP 	window1: blendMode = 'avg'
15.4136 	EXP 	window1: blendMode = 'avg'
15.4304 	EXP 	window1: blendMode = 'avg'
15.4469 	EXP 	window1: blendMode = 'avg'
15.4637 	EXP 	window1: blendMode = 'avg'
15.4803 	EXP 	window1: blendMode = 'avg'
15.4969 	EXP 	window1: blendMode = 'avg'
15.5136 	EXP 	window1: blendMode = 'avg'
15.5303 	EXP 	window1: blendMode = 'avg'
15.5470 	EXP 	window1: blendMode = 'avg'
15.5636 	EXP 	window1: blendMode = 'avg'
15.5804 	EXP 	window1: blendMode = 'avg'
15.5971 	EXP 	window1: blendMode = 'avg'
15.6137 	EXP 	window1: blendMode = 'avg'
15.6305 	EXP 	window1: blendMode = 'avg'
15.6472 	EXP 	window1: blendMode = 'avg'
15.6638 	EXP 	window1: blendMode = 'avg'
15.6804 	EXP 	window1: blendMode = 'avg'
15.6973 	EXP 	window1: blendMode = 'avg'
15.7139 	EXP 	window1: blendMode = 'avg'
15.7307 	EXP 	window1: blendMode = 'avg'
15.7472 	EXP 	window1: blendMode = 'avg'
15.7640 	EXP 	window1: blendMode = 'avg'
15.7846 	EXP 	window1: blendMode = 'avg'
15.7974 	EXP 	window1: blendMode = 'avg'
15.8144 	EXP 	window1: blendMode = 'avg'
15.8307 	EXP 	window1: blendMode = 'avg'
15.8474 	EXP 	window1: blendMode = 'avg'
15.8640 	EXP 	window1: blendMode = 'avg'
15.8808 	EXP 	window1: blendMode = 'avg'
15.8973 	EXP 	window1: blendMode = 'avg'
15.9141 	EXP 	window1: blendMode = 'avg'
15.9308 	EXP 	window1: blendMode = 'avg'
15.9475 	EXP 	window1: blendMode = 'avg'
15.9642 	EXP 	window1: blendMode = 'avg'
15.9808 	EXP 	window1: blendMode = 'avg'
15.9985 	EXP 	window1: blendMode = 'avg'
16.0142 	EXP 	window1: blendMode = 'avg'
16.0310 	EXP 	window1: blendMode = 'avg'
16.0476 	EXP 	window1: blendMode = 'avg'
16.0640 	EXP 	window1: blendMode = 'avg'
16.0810 	EXP 	window1: blendMode = 'avg'
16.0976 	EXP 	window1: blendMode = 'avg'
16.1144 	EXP 	window1: blendMode = 'avg'
16.1311 	EXP 	window1: blendMode = 'avg'
16.1477 	EXP 	window1: blendMode = 'avg'
16.1643 	EXP 	window1: blendMode = 'avg'
16.1809 	EXP 	window1: blendMode = 'avg'
16.1976 	EXP 	window1: blendMode = 'avg'
16.2143 	EXP 	window1: blendMode = 'avg'
16.2308 	DATA 	Keypress: f
16.2312 	EXP 	window1: blendMode = 'avg'
16.2479 	EXP 	window1: blendMode = 'avg'
16.2645 	EXP 	window1: blendMode = 'avg'
16.2812 	EXP 	window1: blendMode = 'avg'
16.2978 	EXP 	window1: blendMode = 'avg'
16.3145 	EXP 	window1: blendMode = 'avg'
16.3310 	EXP 	New trial (rep=0, index=4): {'color': u'#2c7bb6', 'answer': u'b'}
16.3325 	EXP 	Created unnamed Polygon = Polygon(autoDraw=True, autoLog=True, closeShape=True, contrast=1.0, depth=0, fillColor=u'#2c7bb6', fillColorSpace='hex', fillRGB=array([ 44, 123, 182]), interpolate=True, lineColor=array([ 1.,  1.,  1.]), lineColorSpace='rgb', lineRGB=array([ 1.,  1.,  1.]), lineWidth=1.5, name='unnamed Polygon', opacity=1.0, ori=array(0.0), pos=array([ 0.,  0.]), size=array([ 0.5,  0.5]), units='height', vertices=ndarray(...), win=Window(...))
16.3330 	EXP 	window1: blendMode = 'avg'
16.3331 	EXP 	window1: blendMode = 'avg'
16.3471 	EXP 	fixation: autoDraw = False
16.3471 	EXP 	text_same_practice: text = ''
16.3471 	EXP 	text_9: autoDraw = True
16.3471 	EXP 	text_same_practice: autoDraw = True
16.3477 	EXP 	window1: blendMode = 'avg'
16.3478 	EXP 	window1: blendMode = 'avg'
16.3644 	EXP 	window1: blendMode = 'avg'
16.3645 	EXP 	window1: blendMode = 'avg'
16.3814 	EXP 	window1: blendMode = 'avg'
16.3815 	EXP 	window1: blendMode = 'avg'
16.3974 	DATA 	Keypress: f
16.3981 	EXP 	New trial (rep=0, index=5): {'color': u'#2c7bb6', 'answer': u'b'}
16.4044 	EXP 	Created unnamed Polygon = Polygon(autoDraw=True, autoLog=True, closeShape=True, contrast=1.0, depth=0, fillColor=u'#2c7bb6', fillColorSpace='hex', fillRGB=array([ 44, 123, 182]), interpolate=True, lineColor=array([ 1.,  1.,  1.]), lineColorSpace='rgb', lineRGB=array([ 1.,  1.,  1.]), lineWidth=1.5, name='unnamed Polygon', opacity=1.0, ori=array(0.0), pos=array([ 0.,  0.]), size=array([ 0.5,  0.5]), units='height', vertices=ndarray(...), win=Window(...))
16.4050 	EXP 	window1: blendMode = 'avg'
16.4124 	EXP 	window1: blendMode = 'avg'
16.4307 	EXP 	text_9: autoDraw = False
16.4307 	EXP 	text_same_practice: autoDraw = False
16.4307 	EXP 	unnamed Polygon: autoDraw = False
16.4307 	EXP 	fixation: autoDraw = False
16.4307 	EXP 	text_same_practice: text = 'SAME / DIFFERENT?'
16.4307 	EXP 	text_9: autoDraw = True
16.4307 	EXP 	text_same_practice: autoDraw = True
16.4314 	EXP 	window1: blendMode = 'avg'
16.4317 	EXP 	window1: blendMode = 'avg'
16.4479 	EXP 	window1: blendMode = 'avg'
16.4481 	EXP 	window1: blendMode = 'avg'
16.4645 	EXP 	window1: blendMode = 'avg'
16.4648 	EXP 	window1: blendMode = 'avg'
16.4814 	EXP 	window1: blendMode = 'avg'
16.4817 	EXP 	window1: blendMode = 'avg'
16.4980 	EXP 	window1: blendMode = 'avg'
16.4982 	EXP 	window1: blendMode = 'avg'
16.5148 	EXP 	window1: blendMode = 'avg'
16.5151 	EXP 	window1: blendMode = 'avg'
16.5316 	EXP 	window1: blendMode = 'avg'
16.5319 	EXP 	window1: blendMode = 'avg'
16.5482 	EXP 	window1: blendMode = 'avg'
16.5485 	EXP 	window1: blendMode = 'avg'
16.5649 	EXP 	window1: blendMode = 'avg'
16.5651 	EXP 	window1: blendMode = 'avg'
16.5816 	EXP 	window1: blendMode = 'avg'
16.5819 	EXP 	window1: blendMode = 'avg'
16.5979 	DATA 	Keypress: f
16.5989 	EXP 	window1: blendMode = 'avg'
16.6143 	EXP 	text_9: autoDraw = False
16.6143 	EXP 	text_same_practice: autoDraw = False
16.6143 	EXP 	unnamed Polygon: autoDraw = False
16.6143 	EXP 	fixation: autoDraw = True
16.6149 	EXP 	window1: blendMode = 'avg'
16.6317 	EXP 	window1: blendMode = 'avg'
16.6480 	EXP 	window1: blendMode = 'avg'
16.6650 	EXP 	window1: blendMode = 'avg'
16.6816 	EXP 	window1: blendMode = 'avg'
16.6982 	EXP 	window1: blendMode = 'avg'
16.7151 	EXP 	window1: blendMode = 'avg'
16.7329 	EXP 	window1: blendMode = 'avg'
16.7484 	EXP 	window1: blendMode = 'avg'
16.7648 	EXP 	window1: blendMode = 'avg'
16.7824 	EXP 	window1: blendMode = 'avg'
16.7984 	EXP 	window1: blendMode = 'avg'
16.8151 	EXP 	window1: blendMode = 'avg'
16.8317 	EXP 	window1: blendMode = 'avg'
16.8485 	EXP 	window1: blendMode = 'avg'
16.8652 	EXP 	window1: blendMode = 'avg'
16.8819 	EXP 	window1: blendMode = 'avg'
16.8985 	EXP 	window1: blendMode = 'avg'
16.9151 	EXP 	window1: blendMode = 'avg'
16.9319 	EXP 	window1: blendMode = 'avg'
16.9485 	EXP 	window1: blendMode = 'avg'
16.9652 	EXP 	window1: blendMode = 'avg'
16.9819 	EXP 	window1: blendMode = 'avg'
16.9986 	EXP 	window1: blendMode = 'avg'
17.0153 	EXP 	window1: blendMode = 'avg'
17.0320 	EXP 	window1: blendMode = 'avg'
17.0487 	EXP 	window1: blendMode = 'avg'
17.0654 	EXP 	window1: blendMode = 'avg'
17.0820 	EXP 	window1: blendMode = 'avg'
17.0986 	EXP 	window1: blendMode = 'avg'
17.1152 	EXP 	window1: blendMode = 'avg'
17.1320 	EXP 	window1: blendMode = 'avg'
17.1487 	EXP 	window1: blendMode = 'avg'
17.1655 	EXP 	window1: blendMode = 'avg'
17.1821 	EXP 	window1: blendMode = 'avg'
17.1988 	EXP 	window1: blendMode = 'avg'
17.2155 	EXP 	window1: blendMode = 'avg'
17.2321 	EXP 	window1: blendMode = 'avg'
17.2488 	EXP 	window1: blendMode = 'avg'
17.2655 	EXP 	window1: blendMode = 'avg'
17.2822 	EXP 	window1: blendMode = 'avg'
17.2988 	EXP 	window1: blendMode = 'avg'
17.3154 	EXP 	window1: blendMode = 'avg'
17.3331 	EXP 	window1: blendMode = 'avg'
17.3490 	EXP 	window1: blendMode = 'avg'
17.3658 	EXP 	window1: blendMode = 'avg'
17.3823 	EXP 	window1: blendMode = 'avg'
17.3990 	EXP 	window1: blendMode = 'avg'
17.4157 	EXP 	window1: blendMode = 'avg'
17.4359 	EXP 	window1: blendMode = 'avg'
17.4491 	EXP 	window1: blendMode = 'avg'
17.4655 	EXP 	window1: blendMode = 'avg'
17.4824 	EXP 	window1: blendMode = 'avg'
17.4990 	EXP 	window1: blendMode = 'avg'
17.5157 	EXP 	window1: blendMode = 'avg'
17.5323 	EXP 	window1: blendMode = 'avg'
17.5492 	EXP 	window1: blendMode = 'avg'
17.5658 	EXP 	window1: blendMode = 'avg'
17.5825 	EXP 	window1: blendMode = 'avg'
17.5991 	EXP 	window1: blendMode = 'avg'
17.6158 	EXP 	window1: blendMode = 'avg'
17.6325 	EXP 	window1: blendMode = 'avg'
17.6492 	EXP 	window1: blendMode = 'avg'
17.6658 	EXP 	window1: blendMode = 'avg'
17.6826 	EXP 	window1: blendMode = 'avg'
17.6992 	EXP 	window1: blendMode = 'avg'
17.7160 	EXP 	window1: blendMode = 'avg'
17.7326 	EXP 	window1: blendMode = 'avg'
17.7492 	EXP 	window1: blendMode = 'avg'
17.7660 	EXP 	window1: blendMode = 'avg'
17.7833 	EXP 	window1: blendMode = 'avg'
17.7994 	EXP 	window1: blendMode = 'avg'
17.8160 	EXP 	window1: blendMode = 'avg'
17.8328 	EXP 	window1: blendMode = 'avg'
17.8493 	EXP 	window1: blendMode = 'avg'
17.8661 	EXP 	window1: blendMode = 'avg'
17.8828 	EXP 	window1: blendMode = 'avg'
17.8994 	EXP 	window1: blendMode = 'avg'
17.9161 	EXP 	window1: blendMode = 'avg'
17.9328 	EXP 	window1: blendMode = 'avg'
17.9494 	EXP 	window1: blendMode = 'avg'
17.9661 	EXP 	window1: blendMode = 'avg'
17.9828 	EXP 	window1: blendMode = 'avg'
17.9995 	EXP 	window1: blendMode = 'avg'
18.0162 	EXP 	window1: blendMode = 'avg'
18.0330 	EXP 	window1: blendMode = 'avg'
18.0496 	EXP 	window1: blendMode = 'avg'
18.0662 	EXP 	window1: blendMode = 'avg'
18.0830 	EXP 	window1: blendMode = 'avg'
18.1015 	EXP 	window1: blendMode = 'avg'
18.1164 	EXP 	window1: blendMode = 'avg'
18.1327 	EXP 	window1: blendMode = 'avg'
18.1498 	EXP 	window1: blendMode = 'avg'
18.1665 	EXP 	window1: blendMode = 'avg'
18.1831 	EXP 	window1: blendMode = 'avg'
18.1998 	EXP 	window1: blendMode = 'avg'
18.2165 	EXP 	window1: blendMode = 'avg'
18.2332 	EXP 	window1: blendMode = 'avg'
18.2498 	EXP 	window1: blendMode = 'avg'
18.2665 	EXP 	window1: blendMode = 'avg'
18.2832 	EXP 	window1: blendMode = 'avg'
18.2999 	EXP 	window1: blendMode = 'avg'
18.3166 	EXP 	window1: blendMode = 'avg'
18.3332 	EXP 	window1: blendMode = 'avg'
18.3500 	EXP 	window1: blendMode = 'avg'
18.3666 	EXP 	window1: blendMode = 'avg'
18.3833 	EXP 	window1: blendMode = 'avg'
18.4000 	EXP 	window1: blendMode = 'avg'
18.4167 	EXP 	window1: blendMode = 'avg'
18.4334 	EXP 	window1: blendMode = 'avg'
18.4501 	EXP 	window1: blendMode = 'avg'
18.4668 	EXP 	window1: blendMode = 'avg'
18.4853 	EXP 	window1: blendMode = 'avg'
18.5001 	EXP 	window1: blendMode = 'avg'
18.5164 	EXP 	window1: blendMode = 'avg'
18.5337 	EXP 	window1: blendMode = 'avg'
18.5501 	EXP 	window1: blendMode = 'avg'
18.5667 	EXP 	window1: blendMode = 'avg'
18.5834 	EXP 	window1: blendMode = 'avg'
18.6000 	EXP 	New trial (rep=0, index=6): {'color': u'#fdae61', 'answer': u'o'}
18.6015 	EXP 	Created unnamed Polygon = Polygon(autoDraw=True, autoLog=True, closeShape=True, contrast=1.0, depth=0, fillColor=u'#fdae61', fillColorSpace='hex', fillRGB=array([253, 174,  97]), interpolate=True, lineColor=array([ 1.,  1.,  1.]), lineColorSpace='rgb', lineRGB=array([ 1.,  1.,  1.]), lineWidth=1.5, name='unnamed Polygon', opacity=1.0, ori=array(0.0), pos=array([ 0.,  0.]), size=array([ 0.5,  0.5]), units='height', vertices=ndarray(...), win=Window(...))
18.6021 	EXP 	window1: blendMode = 'avg'
18.6022 	EXP 	window1: blendMode = 'avg'
18.6160 	EXP 	fixation: autoDraw = False
18.6160 	EXP 	text_same_practice: text = ''
18.6160 	EXP 	text_9: autoDraw = True
18.6160 	EXP 	text_same_practice: autoDraw = True
18.6164 	EXP 	window1: blendMode = 'avg'
18.6165 	EXP 	window1: blendMode = 'avg'
18.6332 	EXP 	window1: blendMode = 'avg'
18.6333 	EXP 	window1: blendMode = 'avg'
18.6502 	EXP 	window1: blendMode = 'avg'
18.6503 	EXP 	window1: blendMode = 'avg'
18.6667 	EXP 	window1: blendMode = 'avg'
18.6668 	EXP 	window1: blendMode = 'avg'
18.6836 	EXP 	window1: blendMode = 'avg'
18.6837 	EXP 	window1: blendMode = 'avg'
18.7003 	EXP 	window1: blendMode = 'avg'
18.7004 	EXP 	window1: blendMode = 'avg'
18.7167 	EXP 	window1: blendMode = 'avg'
18.7169 	EXP 	window1: blendMode = 'avg'
18.7334 	EXP 	window1: blendMode = 'avg'
18.7335 	EXP 	window1: blendMode = 'avg'
18.7504 	EXP 	window1: blendMode = 'avg'
18.7505 	EXP 	window1: blendMode = 'avg'
18.7668 	EXP 	window1: blendMode = 'avg'
18.7669 	EXP 	window1: blendMode = 'avg'
18.7839 	EXP 	window1: blendMode = 'avg'
18.7840 	EXP 	window1: blendMode = 'avg'
18.8005 	EXP 	window1: blendMode = 'avg'
18.8006 	EXP 	window1: blendMode = 'avg'
18.8167 	EXP 	window1: blendMode = 'avg'
18.8168 	EXP 	window1: blendMode = 'avg'
18.8334 	EXP 	window1: blendMode = 'avg'
18.8335 	EXP 	window1: blendMode = 'avg'
18.8505 	EXP 	window1: blendMode = 'avg'
18.8506 	EXP 	window1: blendMode = 'avg'
18.8668 	EXP 	window1: blendMode = 'avg'
18.8669 	EXP 	window1: blendMode = 'avg'
18.8835 	DATA 	Keypress: f
18.8842 	EXP 	New trial (rep=0, index=7): {'color': u'#fdae61', 'answer': u'o'}
18.8908 	EXP 	Created unnamed Polygon = Polygon(autoDraw=True, autoLog=True, closeShape=True, contrast=1.0, depth=0, fillColor=u'#fdae61', fillColorSpace='hex', fillRGB=array([253, 174,  97]), interpolate=True, lineColor=array([ 1.,  1.,  1.]), lineColorSpace='rgb', lineRGB=array([ 1.,  1.,  1.]), lineWidth=1.5, name='unnamed Polygon', opacity=1.0, ori=array(0.0), pos=array([ 0.,  0.]), size=array([ 0.5,  0.5]), units='height', vertices=ndarray(...), win=Window(...))
18.8914 	EXP 	window1: blendMode = 'avg'
18.8918 	EXP 	window1: blendMode = 'avg'
18.8997 	EXP 	text_9: autoDraw = False
18.8997 	EXP 	text_same_practice: autoDraw = False
18.8997 	EXP 	unnamed Polygon: autoDraw = False
18.8997 	EXP 	fixation: autoDraw = False
18.8997 	EXP 	text_same_practice: text = 'SAME / DIFFERENT?'
18.8997 	EXP 	text_9: autoDraw = True
18.8997 	EXP 	text_same_practice: autoDraw = True
18.9002 	EXP 	window1: blendMode = 'avg'
18.9005 	EXP 	window1: blendMode = 'avg'
18.9171 	EXP 	window1: blendMode = 'avg'
18.9174 	EXP 	window1: blendMode = 'avg'
18.9340 	EXP 	window1: blendMode = 'avg'
18.9343 	EXP 	window1: blendMode = 'avg'
18.9506 	EXP 	window1: blendMode = 'avg'
18.9509 	EXP 	window1: blendMode = 'avg'
18.9672 	EXP 	window1: blendMode = 'avg'
18.9675 	EXP 	window1: blendMode = 'avg'
18.9840 	EXP 	window1: blendMode = 'avg'
18.9843 	EXP 	window1: blendMode = 'avg'
19.0003 	DATA 	Keypress: f
19.0013 	EXP 	window1: blendMode = 'avg'
19.0167 	EXP 	text_9: autoDraw = False
19.0167 	EXP 	text_same_practice: autoDraw = False
19.0167 	EXP 	unnamed Polygon: autoDraw = False
19.0167 	EXP 	fixation: autoDraw = True
19.0175 	EXP 	window1: blendMode = 'avg'
19.0341 	EXP 	window1: blendMode = 'avg'
19.0507 	EXP 	window1: blendMode = 'avg'
19.0673 	EXP 	window1: blendMode = 'avg'
19.0840 	EXP 	window1: blendMode = 'avg'
19.1009 	EXP 	window1: blendMode = 'avg'
19.1174 	EXP 	window1: blendMode = 'avg'
19.1341 	EXP 	window1: blendMode = 'avg'
19.1509 	EXP 	window1: blendMode = 'avg'
19.1673 	EXP 	window1: blendMode = 'avg'
19.1841 	EXP 	window1: blendMode = 'avg'
19.2008 	EXP 	window1: blendMode = 'avg'
19.2175 	EXP 	window1: blendMode = 'avg'
19.2342 	EXP 	window1: blendMode = 'avg'
19.2509 	EXP 	window1: blendMode = 'avg'
19.2674 	EXP 	window1: blendMode = 'avg'
19.2843 	EXP 	window1: blendMode = 'avg'
19.3009 	EXP 	window1: blendMode = 'avg'
19.3221 	EXP 	window1: blendMode = 'avg'
19.3342 	EXP 	window1: blendMode = 'avg'
19.3506 	EXP 	window1: blendMode = 'avg'
19.3678 	EXP 	window1: blendMode = 'avg'
19.3844 	EXP 	window1: blendMode = 'avg'
19.4010 	EXP 	window1: blendMode = 'avg'
19.4177 	EXP 	window1: blendMode = 'avg'
19.4344 	EXP 	window1: blendMode = 'avg'
19.4511 	EXP 	window1: blendMode = 'avg'
19.4678 	EXP 	window1: blendMode = 'avg'
19.4845 	EXP 	window1: blendMode = 'avg'
19.5011 	EXP 	window1: blendMode = 'avg'
19.5179 	EXP 	window1: blendMode = 'avg'
19.5349 	EXP 	window1: blendMode = 'avg'
19.5509 	EXP 	window1: blendMode = 'avg'
19.5679 	EXP 	window1: blendMode = 'avg'
19.5845 	EXP 	window1: blendMode = 'avg'
19.6009 	EXP 	window1: blendMode = 'avg'
19.6180 	EXP 	window1: blendMode = 'avg'
19.6346 	EXP 	window1: blendMode = 'avg'
19.6513 	EXP 	window1: blendMode = 'avg'
19.6721 	EXP 	window1: blendMode = 'avg'
19.6847 	EXP 	window1: blendMode = 'avg'
19.7010 	EXP 	window1: blendMode = 'avg'
19.7180 	EXP 	window1: blendMode = 'avg'
19.7347 	EXP 	window1: blendMode = 'avg'
19.7514 	EXP 	window1: blendMode = 'avg'
19.7680 	EXP 	window1: blendMode = 'avg'
19.7849 	EXP 	window1: blendMode = 'avg'
19.8015 	EXP 	window1: blendMode = 'avg'
19.8204 	EXP 	window1: blendMode = 'avg'
19.8347 	EXP 	window1: blendMode = 'avg'
19.8513 	EXP 	window1: blendMode = 'avg'
19.8682 	EXP 	window1: blendMode = 'avg'
19.8865 	EXP 	window1: blendMode = 'avg'
19.9015 	EXP 	window1: blendMode = 'avg'
19.9182 	EXP 	window1: blendMode = 'avg'
19.9349 	EXP 	window1: blendMode = 'avg'
19.9516 	EXP 	window1: blendMode = 'avg'
19.9683 	EXP 	window1: blendMode = 'avg'
19.9850 	EXP 	window1: blendMode = 'avg'
20.0016 	EXP 	window1: blendMode = 'avg'
20.0183 	EXP 	window1: blendMode = 'avg'
20.0350 	EXP 	window1: blendMode = 'avg'
20.0517 	EXP 	window1: blendMode = 'avg'
20.0682 	EXP 	window1: blendMode = 'avg'
20.0848 	EXP 	window1: blendMode = 'avg'
20.1016 	EXP 	window1: blendMode = 'avg'
20.1185 	EXP 	window1: blendMode = 'avg'
20.1351 	EXP 	window1: blendMode = 'avg'
20.1517 	EXP 	window1: blendMode = 'avg'
20.1685 	EXP 	window1: blendMode = 'avg'
20.1852 	EXP 	window1: blendMode = 'avg'
20.2018 	EXP 	window1: blendMode = 'avg'
20.2185 	EXP 	window1: blendMode = 'avg'
20.2352 	EXP 	window1: blendMode = 'avg'
20.2519 	EXP 	window1: blendMode = 'avg'
20.2685 	EXP 	window1: blendMode = 'avg'
20.2852 	EXP 	window1: blendMode = 'avg'
20.3019 	EXP 	window1: blendMode = 'avg'
20.3187 	EXP 	window1: blendMode = 'avg'
20.3353 	EXP 	window1: blendMode = 'avg'
20.3521 	EXP 	window1: blendMode = 'avg'
20.3687 	EXP 	window1: blendMode = 'avg'
20.3856 	EXP 	window1: blendMode = 'avg'
20.4021 	EXP 	window1: blendMode = 'avg'
20.4188 	EXP 	window1: blendMode = 'avg'
20.4355 	EXP 	window1: blendMode = 'avg'
20.4523 	EXP 	window1: blendMode = 'avg'
20.4689 	EXP 	window1: blendMode = 'avg'
20.4853 	EXP 	window1: blendMode = 'avg'
20.5025 	EXP 	window1: blendMode = 'avg'
20.5190 	EXP 	window1: blendMode = 'avg'
20.5356 	EXP 	window1: blendMode = 'avg'
20.5522 	EXP 	window1: blendMode = 'avg'
20.5689 	EXP 	window1: blendMode = 'avg'
20.5861 	EXP 	window1: blendMode = 'avg'
20.6023 	EXP 	window1: blendMode = 'avg'
20.6189 	EXP 	window1: blendMode = 'avg'
20.6356 	EXP 	window1: blendMode = 'avg'
20.6524 	EXP 	window1: blendMode = 'avg'
20.6689 	EXP 	window1: blendMode = 'avg'
20.6856 	EXP 	window1: blendMode = 'avg'
20.7025 	EXP 	window1: blendMode = 'avg'
20.7191 	EXP 	window1: blendMode = 'avg'
20.7358 	EXP 	window1: blendMode = 'avg'
20.7523 	EXP 	window1: blendMode = 'avg'
20.7691 	EXP 	window1: blendMode = 'avg'
20.7859 	EXP 	window1: blendMode = 'avg'
20.8024 	EXP 	window1: blendMode = 'avg'
20.8192 	EXP 	window1: blendMode = 'avg'
20.8358 	EXP 	window1: blendMode = 'avg'
20.8524 	EXP 	window1: blendMode = 'avg'
20.8692 	EXP 	window1: blendMode = 'avg'
20.8858 	EXP 	window1: blendMode = 'avg'
20.9027 	EXP 	window1: blendMode = 'avg'
20.9192 	EXP 	window1: blendMode = 'avg'
20.9359 	EXP 	window1: blendMode = 'avg'
20.9526 	EXP 	window1: blendMode = 'avg'
20.9693 	EXP 	window1: blendMode = 'avg'
20.9860 	EXP 	window1: blendMode = 'avg'
21.0240 	EXP 	New trial (rep=1, index=0): None
21.0392 	EXP 	window1: blendMode = 'avg'
21.0521 	EXP 	fixation: autoDraw = False
21.0521 	EXP 	text_2: text = 'Time for a short break.'
21.0521 	EXP 	text_2: autoDraw = True
21.0528 	EXP 	window1: blendMode = 'avg'
21.0692 	EXP 	window1: blendMode = 'avg'
21.0862 	EXP 	window1: blendMode = 'avg'
21.1041 	EXP 	window1: blendMode = 'avg'
21.1194 	EXP 	window1: blendMode = 'avg'
21.1391 	EXP 	window1: blendMode = 'avg'
21.1529 	EXP 	window1: blendMode = 'avg'
21.1692 	EXP 	window1: blendMode = 'avg'
21.1862 	EXP 	window1: blendMode = 'avg'
21.2029 	EXP 	window1: blendMode = 'avg'
21.2196 	EXP 	window1: blendMode = 'avg'
21.2362 	EXP 	window1: blendMode = 'avg'
21.2529 	EXP 	window1: blendMode = 'avg'
21.2696 	EXP 	window1: blendMode = 'avg'
21.2864 	EXP 	window1: blendMode = 'avg'
21.3029 	EXP 	window1: blendMode = 'avg'
21.3197 	EXP 	window1: blendMode = 'avg'
21.3364 	EXP 	window1: blendMode = 'avg'
21.3531 	EXP 	window1: blendMode = 'avg'
21.3698 	EXP 	window1: blendMode = 'avg'
21.3864 	EXP 	window1: blendMode = 'avg'
21.4031 	EXP 	window1: blendMode = 'avg'
21.4198 	EXP 	window1: blendMode = 'avg'
21.4366 	EXP 	window1: blendMode = 'avg'
21.4532 	EXP 	window1: blendMode = 'avg'
21.4699 	EXP 	window1: blendMode = 'avg'
21.4865 	EXP 	window1: blendMode = 'avg'
21.5032 	EXP 	window1: blendMode = 'avg'
21.5200 	EXP 	window1: blendMode = 'avg'
21.5365 	EXP 	window1: blendMode = 'avg'
21.5558 	EXP 	window1: blendMode = 'avg'
21.5698 	EXP 	window1: blendMode = 'avg'
21.5874 	EXP 	window1: blendMode = 'avg'
21.6053 	EXP 	window1: blendMode = 'avg'
21.6203 	EXP 	window1: blendMode = 'avg'
21.6363 	EXP 	window1: blendMode = 'avg'
21.6533 	EXP 	window1: blendMode = 'avg'
21.6700 	EXP 	window1: blendMode = 'avg'
21.6867 	EXP 	window1: blendMode = 'avg'
21.7035 	EXP 	window1: blendMode = 'avg'
21.7223 	EXP 	window1: blendMode = 'avg'
21.7367 	EXP 	window1: blendMode = 'avg'
21.7532 	EXP 	window1: blendMode = 'avg'
21.7702 	EXP 	window1: blendMode = 'avg'
21.7869 	EXP 	window1: blendMode = 'avg'
21.8035 	EXP 	window1: blendMode = 'avg'
21.8207 	EXP 	window1: blendMode = 'avg'
21.8369 	EXP 	window1: blendMode = 'avg'
21.8535 	EXP 	window1: blendMode = 'avg'
21.8703 	EXP 	window1: blendMode = 'avg'
21.8869 	EXP 	window1: blendMode = 'avg'
21.9035 	EXP 	window1: blendMode = 'avg'
21.9202 	EXP 	window1: blendMode = 'avg'
21.9370 	EXP 	window1: blendMode = 'avg'
21.9536 	EXP 	window1: blendMode = 'avg'
21.9702 	EXP 	window1: blendMode = 'avg'
21.9870 	EXP 	window1: blendMode = 'avg'
22.0038 	EXP 	window1: blendMode = 'avg'
22.0203 	EXP 	window1: blendMode = 'avg'
22.0371 	EXP 	window1: blendMode = 'avg'
22.0537 	EXP 	window1: blendMode = 'avg'
22.0704 	EXP 	window1: blendMode = 'avg'
22.0871 	EXP 	window1: blendMode = 'avg'
22.1038 	EXP 	window1: blendMode = 'avg'
22.1205 	EXP 	window1: blendMode = 'avg'
22.1372 	EXP 	window1: blendMode = 'avg'
22.1538 	EXP 	window1: blendMode = 'avg'
22.1706 	EXP 	window1: blendMode = 'avg'
22.1873 	EXP 	window1: blendMode = 'avg'
22.2040 	EXP 	window1: blendMode = 'avg'
22.2207 	EXP 	window1: blendMode = 'avg'
22.2372 	EXP 	window1: blendMode = 'avg'
22.2538 	EXP 	window1: blendMode = 'avg'
22.2706 	EXP 	window1: blendMode = 'avg'
22.2873 	EXP 	window1: blendMode = 'avg'
22.3039 	EXP 	window1: blendMode = 'avg'
22.3207 	EXP 	window1: blendMode = 'avg'
22.3373 	EXP 	window1: blendMode = 'avg'
22.3540 	EXP 	window1: blendMode = 'avg'
22.3708 	EXP 	window1: blendMode = 'avg'
22.3883 	EXP 	window1: blendMode = 'avg'
22.4041 	EXP 	window1: blendMode = 'avg'
22.4207 	EXP 	window1: blendMode = 'avg'
22.4375 	EXP 	window1: blendMode = 'avg'
22.4541 	EXP 	window1: blendMode = 'avg'
22.4708 	EXP 	window1: blendMode = 'avg'
22.4876 	EXP 	window1: blendMode = 'avg'
22.5042 	EXP 	window1: blendMode = 'avg'
22.5208 	EXP 	window1: blendMode = 'avg'
22.5374 	EXP 	window1: blendMode = 'avg'
22.5542 	EXP 	window1: blendMode = 'avg'
22.5708 	EXP 	window1: blendMode = 'avg'
22.5875 	EXP 	window1: blendMode = 'avg'
22.6042 	EXP 	window1: blendMode = 'avg'
22.6210 	EXP 	window1: blendMode = 'avg'
22.6377 	EXP 	window1: blendMode = 'avg'
22.6543 	EXP 	window1: blendMode = 'avg'
22.6711 	EXP 	window1: blendMode = 'avg'
22.6875 	EXP 	window1: blendMode = 'avg'
22.7043 	EXP 	window1: blendMode = 'avg'
22.7233 	EXP 	window1: blendMode = 'avg'
22.7377 	EXP 	window1: blendMode = 'avg'
22.7544 	EXP 	window1: blendMode = 'avg'
22.7712 	EXP 	window1: blendMode = 'avg'
22.7879 	EXP 	window1: blendMode = 'avg'
22.8045 	EXP 	window1: blendMode = 'avg'
22.8225 	EXP 	window1: blendMode = 'avg'
22.8378 	EXP 	window1: blendMode = 'avg'
22.8546 	EXP 	window1: blendMode = 'avg'
22.8713 	EXP 	window1: blendMode = 'avg'
22.8879 	EXP 	window1: blendMode = 'avg'
22.9045 	EXP 	window1: blendMode = 'avg'
22.9227 	EXP 	window1: blendMode = 'avg'
22.9380 	EXP 	window1: blendMode = 'avg'
22.9547 	EXP 	window1: blendMode = 'avg'
22.9713 	EXP 	window1: blendMode = 'avg'
22.9880 	EXP 	window1: blendMode = 'avg'
23.0047 	EXP 	window1: blendMode = 'avg'
23.0213 	EXP 	window1: blendMode = 'avg'
23.0380 	EXP 	window1: blendMode = 'avg'
23.0546 	EXP 	window1: blendMode = 'avg'
23.0715 	EXP 	window1: blendMode = 'avg'
23.0880 	EXP 	window1: blendMode = 'avg'
23.1048 	EXP 	window1: blendMode = 'avg'
23.1213 	EXP 	window1: blendMode = 'avg'
23.1382 	EXP 	window1: blendMode = 'avg'
23.1548 	EXP 	window1: blendMode = 'avg'
23.1715 	EXP 	window1: blendMode = 'avg'
23.1882 	EXP 	window1: blendMode = 'avg'
23.2050 	EXP 	window1: blendMode = 'avg'
23.2216 	EXP 	window1: blendMode = 'avg'
23.2383 	EXP 	window1: blendMode = 'avg'
23.2549 	EXP 	window1: blendMode = 'avg'
23.2717 	EXP 	window1: blendMode = 'avg'
23.2883 	EXP 	window1: blendMode = 'avg'
23.3050 	EXP 	window1: blendMode = 'avg'
23.3217 	EXP 	window1: blendMode = 'avg'
23.3383 	EXP 	window1: blendMode = 'avg'
23.3552 	EXP 	window1: blendMode = 'avg'
23.3718 	EXP 	window1: blendMode = 'avg'
23.3905 	EXP 	window1: blendMode = 'avg'
23.4053 	EXP 	window1: blendMode = 'avg'
23.4219 	EXP 	window1: blendMode = 'avg'
23.4385 	EXP 	window1: blendMode = 'avg'
23.4551 	EXP 	window1: blendMode = 'avg'
23.4718 	EXP 	window1: blendMode = 'avg'
23.4886 	EXP 	window1: blendMode = 'avg'
23.5052 	EXP 	window1: blendMode = 'avg'
23.5215 	DATA 	Keypress: d
23.5220 	EXP 	window1: blendMode = 'avg'
23.5385 	EXP 	window1: blendMode = 'avg'
23.5554 	EXP 	window1: blendMode = 'avg'
23.5720 	EXP 	window1: blendMode = 'avg'
23.5885 	EXP 	window1: blendMode = 'avg'
23.6053 	EXP 	window1: blendMode = 'avg'
23.6221 	EXP 	window1: blendMode = 'avg'
23.6389 	EXP 	window1: blendMode = 'avg'
23.6556 	EXP 	window1: blendMode = 'avg'
23.6720 	EXP 	window1: blendMode = 'avg'
23.6888 	EXP 	window1: blendMode = 'avg'
23.7054 	EXP 	window1: blendMode = 'avg'
23.7241 	EXP 	window1: blendMode = 'avg'
23.7425 	EXP 	window1: blendMode = 'avg'
23.7555 	EXP 	window1: blendMode = 'avg'
23.7721 	EXP 	window1: blendMode = 'avg'
23.7894 	EXP 	window1: blendMode = 'avg'
23.8056 	EXP 	window1: blendMode = 'avg'
23.8226 	EXP 	window1: blendMode = 'avg'
23.8388 	EXP 	window1: blendMode = 'avg'
23.8555 	EXP 	window1: blendMode = 'avg'
23.8722 	EXP 	window1: blendMode = 'avg'
23.8890 	EXP 	window1: blendMode = 'avg'
23.9057 	EXP 	window1: blendMode = 'avg'
23.9224 	EXP 	window1: blendMode = 'avg'
23.9391 	EXP 	window1: blendMode = 'avg'
23.9557 	EXP 	window1: blendMode = 'avg'
23.9723 	EXP 	window1: blendMode = 'avg'
23.9890 	EXP 	window1: blendMode = 'avg'
24.0057 	EXP 	window1: blendMode = 'avg'
24.0224 	EXP 	window1: blendMode = 'avg'
24.0391 	EXP 	window1: blendMode = 'avg'
24.0558 	EXP 	window1: blendMode = 'avg'
24.0725 	EXP 	window1: blendMode = 'avg'
24.0892 	EXP 	window1: blendMode = 'avg'
24.1059 	EXP 	window1: blendMode = 'avg'
24.1226 	EXP 	window1: blendMode = 'avg'
24.1393 	EXP 	window1: blendMode = 'avg'
24.1559 	EXP 	window1: blendMode = 'avg'
24.1726 	EXP 	window1: blendMode = 'avg'
24.1893 	EXP 	window1: blendMode = 'avg'
24.2056 	DATA 	Keypress: d
24.2061 	EXP 	window1: blendMode = 'avg'
24.2226 	EXP 	window1: blendMode = 'avg'
24.2394 	EXP 	window1: blendMode = 'avg'
24.2562 	EXP 	window1: blendMode = 'avg'
24.2727 	EXP 	window1: blendMode = 'avg'
24.2893 	EXP 	window1: blendMode = 'avg'
24.3061 	EXP 	window1: blendMode = 'avg'
24.3228 	EXP 	window1: blendMode = 'avg'
24.3391 	DATA 	Keypress: d
24.3398 	EXP 	window1: blendMode = 'avg'
24.3561 	EXP 	window1: blendMode = 'avg'
24.3728 	EXP 	window1: blendMode = 'avg'
24.3896 	EXP 	window1: blendMode = 'avg'
24.4062 	EXP 	window1: blendMode = 'avg'
24.4227 	EXP 	window1: blendMode = 'avg'
24.4398 	EXP 	window1: blendMode = 'avg'
24.4563 	EXP 	window1: blendMode = 'avg'
24.4744 	EXP 	window1: blendMode = 'avg'
24.4896 	EXP 	window1: blendMode = 'avg'
24.5063 	EXP 	window1: blendMode = 'avg'
24.5226 	DATA 	Keypress: d
24.5233 	EXP 	window1: blendMode = 'avg'
24.5398 	EXP 	window1: blendMode = 'avg'
24.5565 	EXP 	window1: blendMode = 'avg'
24.5731 	EXP 	window1: blendMode = 'avg'
24.5898 	EXP 	window1: blendMode = 'avg'
24.6064 	EXP 	window1: blendMode = 'avg'
24.6228 	EXP 	window1: blendMode = 'avg'
24.6394 	EXP 	window1: blendMode = 'avg'
24.6565 	EXP 	window1: blendMode = 'avg'
24.6730 	EXP 	window1: blendMode = 'avg'
24.6897 	EXP 	window1: blendMode = 'avg'
24.7063 	EXP 	window1: blendMode = 'avg'
24.7244 	EXP 	window1: blendMode = 'avg'
24.7400 	EXP 	window1: blendMode = 'avg'
24.7565 	EXP 	window1: blendMode = 'avg'
24.7732 	EXP 	window1: blendMode = 'avg'
24.7900 	EXP 	window1: blendMode = 'avg'
24.8066 	EXP 	window1: blendMode = 'avg'
24.8239 	EXP 	window1: blendMode = 'avg'
24.8400 	EXP 	window1: blendMode = 'avg'
24.8565 	EXP 	window1: blendMode = 'avg'
24.8731 	EXP 	window1: blendMode = 'avg'
24.8899 	EXP 	window1: blendMode = 'avg'
24.9065 	EXP 	window1: blendMode = 'avg'
24.9234 	EXP 	window1: blendMode = 'avg'
24.9400 	EXP 	window1: blendMode = 'avg'
24.9568 	EXP 	window1: blendMode = 'avg'
24.9734 	EXP 	window1: blendMode = 'avg'
24.9901 	EXP 	window1: blendMode = 'avg'
25.0069 	EXP 	window1: blendMode = 'avg'
25.0231 	DATA 	Keypress: f
25.0236 	EXP 	window1: blendMode = 'avg'
25.0401 	EXP 	window1: blendMode = 'avg'
25.0568 	EXP 	window1: blendMode = 'avg'
25.0735 	EXP 	window1: blendMode = 'avg'
25.0902 	EXP 	window1: blendMode = 'avg'
25.1069 	EXP 	window1: blendMode = 'avg'
25.1235 	EXP 	window1: blendMode = 'avg'
25.1402 	EXP 	window1: blendMode = 'avg'
25.1569 	EXP 	window1: blendMode = 'avg'
25.1736 	EXP 	window1: blendMode = 'avg'
25.1903 	EXP 	window1: blendMode = 'avg'
25.2069 	EXP 	window1: blendMode = 'avg'
25.2236 	EXP 	window1: blendMode = 'avg'
25.2404 	EXP 	window1: blendMode = 'avg'
25.2570 	EXP 	window1: blendMode = 'avg'
25.2736 	EXP 	window1: blendMode = 'avg'
25.2904 	EXP 	window1: blendMode = 'avg'
25.3070 	EXP 	window1: blendMode = 'avg'
25.3238 	EXP 	window1: blendMode = 'avg'
25.3405 	EXP 	window1: blendMode = 'avg'
25.3572 	EXP 	window1: blendMode = 'avg'
25.3741 	EXP 	window1: blendMode = 'avg'
25.3906 	EXP 	window1: blendMode = 'avg'
25.4071 	EXP 	window1: blendMode = 'avg'
25.4236 	DATA 	Keypress: a
25.4246 	EXP 	window1: blendMode = 'avg'
25.4404 	EXP 	window1: blendMode = 'avg'
25.4571 	EXP 	window1: blendMode = 'avg'
25.4735 	DATA 	Keypress: d
25.4740 	EXP 	window1: blendMode = 'avg'
25.4901 	DATA 	Keypress: s
25.4906 	EXP 	window1: blendMode = 'avg'
25.5072 	EXP 	window1: blendMode = 'avg'
25.5241 	EXP 	window1: blendMode = 'avg'
25.5402 	DATA 	Keypress: f
25.5408 	EXP 	window1: blendMode = 'avg'
25.5575 	EXP 	window1: blendMode = 'avg'
25.5740 	EXP 	window1: blendMode = 'avg'
25.5908 	EXP 	window1: blendMode = 'avg'
25.6075 	EXP 	window1: blendMode = 'avg'
25.6238 	EXP 	window1: blendMode = 'avg'
25.6407 	EXP 	window1: blendMode = 'avg'
25.6575 	EXP 	window1: blendMode = 'avg'
25.6742 	EXP 	window1: blendMode = 'avg'
25.6908 	EXP 	window1: blendMode = 'avg'
25.7076 	EXP 	window1: blendMode = 'avg'
25.7245 	EXP 	window1: blendMode = 'avg'
25.7408 	EXP 	window1: blendMode = 'avg'
25.7572 	DATA 	Keypress: escape
