0.6525 	INFO 	Loaded SoundDevice with PortAudio V19.6.0-devel, revision 396fe4b6699ae929d3a685b3ef8a7e97396139a4
0.6527 	INFO 	sound is using audioLib: sounddevice
1.5723 	WARNING 	Monitor specification not found. Creating a temporary one...
7.3022 	INFO 	Loaded monitor calibration from ['2018_11_02 16:01']
7.3058 	WARNING 	User requested fullscreen with size [1536  864], but screen is actually [3840, 2160]. Using actual size
10.5578 	WARNING 	Couldn't measure a consistent frame rate.
  - Is your graphics card set to sync to vertical blank?
  - Are you running other processes on your computer?

10.5582 	EXP 	Created window1 = Window(allowGUI=False, allowStencil=False, args=UNKNOWN, autoLog=True, bitsMode=UNKNOWN, blendMode='avg', color=array([ 0.4,  0.4,  0.4]), colorSpace='rgb', fullscr=UNKNOWN, gamma=None, kwargs=UNKNOWN, lms=UNKNOWN, monitor=<psychopy.monitors.calibTools.Monitor object at 0x1EF6D1F0>, multiSample=False, name='window1', numSamples=2, pos=[0, 0], screen=0, size=array([3840, 2160]), stereo=False, units=u'norm', useFBO=True, useRetina=False, viewOri=0.0, viewPos=None, viewScale=None, waitBlanking=True, winType=u'pyglet')
10.5582 	EXP 	window1: recordFrameIntervals = False
10.7690 	EXP 	window1: recordFrameIntervals = True
10.8281 	WARNING 	t of last frame was 20.10ms (=1/49)
10.8523 	WARNING 	t of last frame was 24.24ms (=1/41)
10.8913 	WARNING 	t of last frame was 20.06ms (=1/49)
10.9114 	WARNING 	t of last frame was 20.14ms (=1/49)
10.9357 	WARNING 	Multiple dropped frames have occurred - I'll stop bothering you about them!
12.8615 	WARNING 	Couldn't measure a consistent frame rate.
  - Is your graphics card set to sync to vertical blank?
  - Are you running other processes on your computer?

13.0393 	EXP 	Created text_4 = TextStim(alignHoriz='center', alignVert='center', antialias=True, autoLog=True, bold=False, color='black', colorSpace='named', contrast=1.0, depth=0.0, flipHoriz=False, flipVert=False, font='Arial', fontFiles=[], height=0.1, italic=False, name='text_4', opacity=1.0, ori=0, pos=array([ 0.,  0.]), rgb=array([ 0.,  0.,  0.]), text=newstr(...), units=u'norm', win=Window(...), wrapWidth=1.5)
13.0599 	EXP 	Created polygon_2 = Polygon(autoDraw=False, autoLog=True, closeShape=True, contrast=1.0, depth=0.0, fillColor='#d7191c', fillColorSpace='hex', fillRGB=array([215,  25,  28]), interpolate=True, lineColor=array([ 1.,  1.,  1.]), lineColorSpace='rgb', lineRGB=array([ 1.,  1.,  1.]), lineWidth=1, name='polygon_2', opacity=1.0, ori=array(0.0), pos=array([-0.3, -0.2]), size=array([ 0.5,  0.5]), units='height', vertices=ndarray(...), win=Window(...))
13.0611 	EXP 	Created polygon_3 = ShapeStim(autoDraw=False, autoLog=True, closeShape=True, contrast=1.0, depth=-1.0, fillColor='#d7191c', fillColorSpace='hex', interpolate=True, lineColor=array([ 1.,  1.,  1.]), lineColorSpace='rgb', lineWidth=1, name='polygon_3', opacity=1.0, ori=array(0.0), pos=array([ 0.3, -0.2]), size=array([ 1.,  1.]), units='height', vertices=ndarray(...), win=Window(...), windingRule=None)
13.2016 	EXP 	Created text_3 = TextStim(alignHoriz='center', alignVert='center', antialias=True, autoLog=True, bold=False, color='black', colorSpace='named', contrast=1.0, depth=-2.0, flipHoriz=False, flipVert=False, font='Arial', fontFiles=[], height=0.1, italic=False, name='text_3', opacity=1.0, ori=0, pos=array([ 0. ,  0.6]), rgb=array([ 0.,  0.,  0.]), text=newstr(...), units='norm', win=Window(...), wrapWidth=1)
13.2030 	EXP 	Created polygon_4 = Polygon(autoDraw=False, autoLog=True, closeShape=True, contrast=1.0, depth=0.0, fillColor='#fdae61', fillColorSpace='hex', fillRGB=array([253, 174,  97]), interpolate=True, lineColor=array([ 1.,  1.,  1.]), lineColorSpace='rgb', lineRGB=array([ 1.,  1.,  1.]), lineWidth=1, name='polygon_4', opacity=1.0, ori=array(0.0), pos=array([ 0.3, -0.2]), size=array([ 0.5,  0.5]), units='height', vertices=ndarray(...), win=Window(...))
13.2044 	EXP 	Created polygon_5 = Polygon(autoDraw=False, autoLog=True, closeShape=True, contrast=1.0, depth=-1.0, fillColor='#2c7bb6', fillColorSpace='hex', fillRGB=array([ 44, 123, 182]), interpolate=True, lineColor=array([ 1.,  1.,  1.]), lineColorSpace='rgb', lineRGB=array([ 1.,  1.,  1.]), lineWidth=1, name='polygon_5', opacity=1.0, ori=array(0.0), pos=array([-0.3, -0.2]), size=array([ 0.5,  0.5]), units='height', vertices=ndarray(...), win=Window(...))
13.3480 	EXP 	Created text_5 = TextStim(alignHoriz='center', alignVert='center', antialias=True, autoLog=True, bold=False, color='black', colorSpace='named', contrast=1.0, depth=-2.0, flipHoriz=False, flipVert=False, font='Arial', fontFiles=[], height=0.1, italic=False, name='text_5', opacity=1.0, ori=0, pos=array([ 0. ,  0.6]), rgb=array([ 0.,  0.,  0.]), text=newstr(...), units=u'norm', win=Window(...), wrapWidth=1)
13.3487 	EXP 	Created text_6 = TextStim(alignHoriz='center', alignVert='center', antialias=True, autoLog=True, bold=False, color='black', colorSpace='named', contrast=1.0, depth=0.0, flipHoriz=False, flipVert=False, font='Arial', fontFiles=[], height=0.1, italic=False, name='text_6', opacity=1.0, ori=0, pos=array([ 0.,  0.]), rgb=array([ 0.,  0.,  0.]), text='', units=u'norm', win=Window(...), wrapWidth=1.5)
13.3494 	EXP 	Created text_9 = TextStim(alignHoriz='center', alignVert='center', antialias=True, autoLog=True, bold=False, color='black', colorSpace='named', contrast=1.0, depth=-2.0, flipHoriz=False, flipVert=False, font='Arial', fontFiles=[], height=0.1, italic=False, name='text_9', opacity=1.0, ori=0, pos=array([ 0. , -0.6]), rgb=array([ 0.,  0.,  0.]), text='', units=u'norm', win=Window(...), wrapWidth=1)
13.3500 	EXP 	Created text_same_practice = TextStim(alignHoriz='center', alignVert='center', antialias=True, autoLog=True, bold=False, color='black', colorSpace='named', contrast=1.0, depth=-3.0, flipHoriz=False, flipVert=False, font='Arial', fontFiles=[], height=0.1, italic=False, name='text_same_practice', opacity=1.0, ori=0, pos=array([ 0. , -0.8]), rgb=array([ 0.,  0.,  0.]), text='', units=u'norm', win=Window(...), wrapWidth=1)
13.3554 	EXP 	Created fixation = TextStim(alignHoriz='center', alignVert='center', antialias=True, autoLog=True, bold=False, color='black', colorSpace='named', contrast=1.0, depth=0.0, flipHoriz=False, flipVert=False, font='Arial', fontFiles=[], height=0.1, italic=False, name='fixation', opacity=1.0, ori=0, pos=array([ 0.,  0.]), rgb=array([ 0.,  0.,  0.]), text='+', units=u'norm', win=Window(...), wrapWidth=1)
13.4724 	EXP 	Created text_10 = TextStim(alignHoriz='center', alignVert='center', antialias=True, autoLog=True, bold=False, color='black', colorSpace='named', contrast=1.0, depth=0.0, flipHoriz=False, flipVert=False, font='Arial', fontFiles=[], height=0.1, italic=False, name='text_10', opacity=1.0, ori=0, pos=array([ 0.,  0.]), rgb=array([ 0.,  0.,  0.]), text=newstr(...), units=u'norm', win=Window(...), wrapWidth=1)
13.5139 	EXP 	Created unnamed TextStim = TextStim(alignHoriz='center', alignVert='center', antialias=True, autoLog=True, bold=False, color='black', colorSpace='named', contrast=1.0, depth=0, flipHoriz=False, flipVert=False, font='', fontFiles=[], height=0.1, italic=False, name='unnamed TextStim', opacity=1.0, ori=0.0, pos=array([ 0.,  0.]), rgb=array([ 0.,  0.,  0.]), text='Ready for the next set?', units=u'norm', win=Window(...), wrapWidth=1)
13.5148 	EXP 	Created text_same = TextStim(alignHoriz='center', alignVert='center', antialias=True, autoLog=True, bold=False, color='black', colorSpace='named', contrast=1.0, depth=-2.0, flipHoriz=False, flipVert=False, font='Arial', fontFiles=[], height=0.1, italic=False, name='text_same', opacity=1.0, ori=0, pos=array([ 0. , -0.8]), rgb=array([ 0.,  0.,  0.]), text='', units=u'norm', win=Window(...), wrapWidth=1)
13.5187 	EXP 	Created fixation_2 = TextStim(alignHoriz='center', alignVert='center', antialias=True, autoLog=True, bold=False, color='black', colorSpace='named', contrast=1.0, depth=0.0, flipHoriz=False, flipVert=False, font='Arial', fontFiles=[], height=0.1, italic=False, name='fixation_2', opacity=1.0, ori=0, pos=array([ 0.,  0.]), rgb=array([ 0.,  0.,  0.]), text='+', units=u'norm', win=Window(...), wrapWidth=1)
13.5847 	EXP 	Created text = TextStim(alignHoriz='center', alignVert='center', antialias=True, autoLog=True, bold=False, color='black', colorSpace='named', contrast=1.0, depth=0.0, flipHoriz=False, flipVert=False, font='Arial', fontFiles=[], height=0.1, italic=False, name='text', opacity=1.0, ori=0, pos=array([ 0.,  0.]), rgb=array([ 0.,  0.,  0.]), text=newstr(...), units=u'norm', win=Window(...), wrapWidth=1)
13.6040 	EXP 	text_4: autoDraw = True
15.2445 	DATA 	Keypress: d
15.2862 	EXP 	text_4: autoDraw = False
15.2862 	EXP 	polygon_2: autoDraw = True
15.2862 	EXP 	polygon_3: autoDraw = True
15.2862 	EXP 	text_3: autoDraw = True
15.7522 	DATA 	Keypress: f
15.7731 	EXP 	polygon_2: autoDraw = False
15.7731 	EXP 	polygon_3: autoDraw = False
15.7731 	EXP 	text_3: autoDraw = False
15.7731 	EXP 	polygon_4: autoDraw = True
15.7731 	EXP 	polygon_5: autoDraw = True
15.7731 	EXP 	text_5: autoDraw = True
16.0100 	DATA 	Keypress: d
16.0108 	EXP 	Created sequence: random, trialTypes=1, nReps=2, seed=None
16.0113 	EXP 	New trial (rep=0, index=0): None
16.5064 	DATA 	Keypress: f
16.5205 	EXP 	polygon_4: autoDraw = False
16.5205 	EXP 	polygon_5: autoDraw = False
16.5205 	EXP 	text_5: autoDraw = False
16.5205 	EXP 	text_6: text = "Let's try a few for practice. You'll see pairs of shapes, with one shape on the screen at a time. Each shape will be BLUE or RED or ORANGE. Tell me if the two shapes are the SAME color, or DIFFERENT colors. For the first shape, just say 'GO.' Then, when it says 'Same/Different?' underneath, tell me whether you see the same color or a different color as the first shape [Experimenter: Press Green for SAME, Red for DIFFERENT]"
16.5205 	EXP 	text_6: autoDraw = True
17.0781 	DATA 	Keypress: d
17.0800 	DEBUG 	Read csv file with pandas: Sequences//color_practice_2.csv
17.0811 	DEBUG 	Clearing unnamed columns from Sequences//color_practice_2.csv
17.0816 	EXP 	Imported Sequences//color_practice_2.csv as conditions, 12 conditions, 2 params
17.0819 	EXP 	Created sequence: sequential, trialTypes=12, nReps=1, seed=None
17.0822 	EXP 	New trial (rep=0, index=0): OrderedDict([('color', u'#d7191c'), ('answer', u'r')])
17.1239 	EXP 	window1: mouseVisible = True
17.1275 	DEBUG 	Saving data for Arrows_VVA_Color ExperimentHandler
17.1404 	INFO 	saved data to C:\Users\smwei\Dropbox\Penn Post Doc\Arrows_VVA\data_Arrows_VVA_Color\1004_2018_Nov_02_1601.psydat
17.2437 	INFO 	saved data to u'C:\\Users\\smwei\\Dropbox\\Penn Post Doc\\Arrows_VVA\\data_Arrows_VVA_Color\\1004_2018_Nov_02_1601.csv'
