0.5187 	INFO 	Loaded SoundDevice with PortAudio V19.6.0-devel, revision 396fe4b6699ae929d3a685b3ef8a7e97396139a4
0.5188 	INFO 	sound is using audioLib: sounddevice
6.9424 	INFO 	Loaded monitor calibration from ['2018_11_02 14:40']
6.9476 	WARNING 	User requested fullscreen with size [1920 1080], but screen is actually [3840, 2160]. Using actual size
9.8112 	WARNING 	Couldn't measure a consistent frame rate.
  - Is your graphics card set to sync to vertical blank?
  - Are you running other processes on your computer?

9.8118 	EXP 	Created window1 = Window(allowGUI=False, allowStencil=False, args=UNKNOWN, autoLog=True, bitsMode=UNKNOWN, blendMode='avg', color=array([0.4, 0.4, 0.4]), colorSpace='rgb', fullscr=UNKNOWN, gamma=None, kwargs=UNKNOWN, lms=UNKNOWN, monitor=<psychopy.monitors.calibTools.Monitor object at 0x1A91A230>, multiSample=False, name='window1', numSamples=2, pos=[0.0, 0.0], screen=0, size=array([3840, 2160]), stereo=False, units='norm', useFBO=True, useRetina=False, viewOri=0.0, viewPos=None, viewScale=None, waitBlanking=True, winType='pyglet')
9.8119 	EXP 	window1: recordFrameIntervals = False
10.0031 	EXP 	window1: recordFrameIntervals = True
10.0944 	DEBUG 	Screen (0) actual frame rate measured at 54.85
10.0945 	EXP 	window1: recordFrameIntervals = True
10.2484 	EXP 	Created text_4 = TextStim(__class__=<class 'psychopy.visual.text.TextStim'>, alignHoriz='center', alignVert='center', antialias=True, autoLog=True, bold=False, color='black', colorSpace='named', contrast=1.0, depth=0.0, flipHoriz=False, flipVert=False, font='Arial', fontFiles=[], height=0.1, italic=False, name='text_4', opacity=1.0, ori=0, pos=array([0., 0.]), rgb=array([0., 0., 0.]), text=str(...), units='norm', win=Window(...), wrapWidth=1.5)
10.2761 	EXP 	Created polygon_2 = Polygon(__class__=<class 'psychopy.visual.polygon.Polygon'>, autoDraw=False, autoLog=True, closeShape=True, contrast=1.0, depth=0.0, fillColor='#d7191c', fillColorSpace='hex', fillRGB=array([215,  25,  28]), interpolate=True, lineColor=array([1., 1., 1.]), lineColorSpace='rgb', lineRGB=array([1., 1., 1.]), lineWidth=1, name='polygon_2', opacity=1.0, ori=array(0.), pos=array([-0.3, -0.2]), size=array([0.5, 0.5]), units='height', vertices=ndarray(...), win=Window(...))
10.2772 	EXP 	Created polygon_3 = ShapeStim(__class__=<class 'psychopy.visual.shape.ShapeStim'>, autoDraw=False, autoLog=True, closeShape=True, contrast=1.0, depth=-1.0, fillColor='#d7191c', fillColorSpace='hex', interpolate=True, lineColor=array([1., 1., 1.]), lineColorSpace='rgb', lineWidth=1, name='polygon_3', opacity=1.0, ori=array(0.), pos=array([ 0.3, -0.2]), size=array([1., 1.]), units='height', vertices=ndarray(...), win=Window(...), windingRule=None)
10.3540 	EXP 	Created text_3 = TextStim(__class__=<class 'psychopy.visual.text.TextStim'>, alignHoriz='center', alignVert='center', antialias=True, autoLog=True, bold=False, color='black', colorSpace='named', contrast=1.0, depth=-2.0, flipHoriz=False, flipVert=False, font='Arial', fontFiles=[], height=0.1, italic=False, name='text_3', opacity=1.0, ori=0, pos=array([0. , 0.6]), rgb=array([0., 0., 0.]), text=str(...), units='norm', win=Window(...), wrapWidth=1)
10.3553 	EXP 	Created polygon_4 = Polygon(__class__=<class 'psychopy.visual.polygon.Polygon'>, autoDraw=False, autoLog=True, closeShape=True, contrast=1.0, depth=0.0, fillColor='#fdae61', fillColorSpace='hex', fillRGB=array([253, 174,  97]), interpolate=True, lineColor=array([1., 1., 1.]), lineColorSpace='rgb', lineRGB=array([1., 1., 1.]), lineWidth=1, name='polygon_4', opacity=1.0, ori=array(0.), pos=array([ 0.3, -0.2]), size=array([0.5, 0.5]), units='height', vertices=ndarray(...), win=Window(...))
10.3565 	EXP 	Created polygon_5 = Polygon(__class__=<class 'psychopy.visual.polygon.Polygon'>, autoDraw=False, autoLog=True, closeShape=True, contrast=1.0, depth=-1.0, fillColor='#2c7bb6', fillColorSpace='hex', fillRGB=array([ 44, 123, 182]), interpolate=True, lineColor=array([1., 1., 1.]), lineColorSpace='rgb', lineRGB=array([1., 1., 1.]), lineWidth=1, name='polygon_5', opacity=1.0, ori=array(0.), pos=array([-0.3, -0.2]), size=array([0.5, 0.5]), units='height', vertices=ndarray(...), win=Window(...))
10.4319 	EXP 	Created text_5 = TextStim(__class__=<class 'psychopy.visual.text.TextStim'>, alignHoriz='center', alignVert='center', antialias=True, autoLog=True, bold=False, color='black', colorSpace='named', contrast=1.0, depth=-2.0, flipHoriz=False, flipVert=False, font='Arial', fontFiles=[], height=0.1, italic=False, name='text_5', opacity=1.0, ori=0, pos=array([0. , 0.6]), rgb=array([0., 0., 0.]), text=str(...), units='norm', win=Window(...), wrapWidth=1)
10.4325 	EXP 	Created text_6 = TextStim(__class__=<class 'psychopy.visual.text.TextStim'>, alignHoriz='center', alignVert='center', antialias=True, autoLog=True, bold=False, color='black', colorSpace='named', contrast=1.0, depth=0.0, flipHoriz=False, flipVert=False, font='Arial', fontFiles=[], height=0.1, italic=False, name='text_6', opacity=1.0, ori=0, pos=array([0., 0.]), rgb=array([0., 0., 0.]), text='', units='norm', win=Window(...), wrapWidth=1.5)
10.4331 	EXP 	Created text_9 = TextStim(__class__=<class 'psychopy.visual.text.TextStim'>, alignHoriz='center', alignVert='center', antialias=True, autoLog=True, bold=False, color='black', colorSpace='named', contrast=1.0, depth=-2.0, flipHoriz=False, flipVert=False, font='Arial', fontFiles=[], height=0.1, italic=False, name='text_9', opacity=1.0, ori=0, pos=array([ 0. , -0.6]), rgb=array([0., 0., 0.]), text='', units='norm', win=Window(...), wrapWidth=1)
10.4337 	EXP 	Created text_same_practice = TextStim(__class__=<class 'psychopy.visual.text.TextStim'>, alignHoriz='center', alignVert='center', antialias=True, autoLog=True, bold=False, color='black', colorSpace='named', contrast=1.0, depth=-3.0, flipHoriz=False, flipVert=False, font='Arial', fontFiles=[], height=0.1, italic=False, name='text_same_practice', opacity=1.0, ori=0, pos=array([ 0. , -0.8]), rgb=array([0., 0., 0.]), text='', units='norm', win=Window(...), wrapWidth=1)
10.4386 	EXP 	Created fixation = TextStim(__class__=<class 'psychopy.visual.text.TextStim'>, alignHoriz='center', alignVert='center', antialias=True, autoLog=True, bold=False, color='black', colorSpace='named', contrast=1.0, depth=0.0, flipHoriz=False, flipVert=False, font='Arial', fontFiles=[], height=0.1, italic=False, name='fixation', opacity=1.0, ori=0, pos=array([0., 0.]), rgb=array([0., 0., 0.]), text='+', units='norm', win=Window(...), wrapWidth=1)
10.5081 	EXP 	Created text_10 = TextStim(__class__=<class 'psychopy.visual.text.TextStim'>, alignHoriz='center', alignVert='center', antialias=True, autoLog=True, bold=False, color='black', colorSpace='named', contrast=1.0, depth=0.0, flipHoriz=False, flipVert=False, font='Arial', fontFiles=[], height=0.1, italic=False, name='text_10', opacity=1.0, ori=0, pos=array([0., 0.]), rgb=array([0., 0., 0.]), text=str(...), units='norm', win=Window(...), wrapWidth=1)
10.5363 	EXP 	Created unnamed TextStim = TextStim(__class__=<class 'psychopy.visual.text.TextStim'>, alignHoriz='center', alignVert='center', antialias=True, autoLog=True, bold=False, color='black', colorSpace='named', contrast=1.0, depth=0, flipHoriz=False, flipVert=False, font='', fontFiles=[], height=0.1, italic=False, name='unnamed TextStim', opacity=1.0, ori=0.0, pos=array([0., 0.]), rgb=array([0., 0., 0.]), text='Ready for the next set?', units='norm', win=Window(...), wrapWidth=1)
10.5370 	EXP 	Created text_same = TextStim(__class__=<class 'psychopy.visual.text.TextStim'>, alignHoriz='center', alignVert='center', antialias=True, autoLog=True, bold=False, color='black', colorSpace='named', contrast=1.0, depth=-2.0, flipHoriz=False, flipVert=False, font='Arial', fontFiles=[], height=0.1, italic=False, name='text_same', opacity=1.0, ori=0, pos=array([ 0. , -0.8]), rgb=array([0., 0., 0.]), text='', units='norm', win=Window(...), wrapWidth=1)
10.5397 	EXP 	Created fixation_2 = TextStim(__class__=<class 'psychopy.visual.text.TextStim'>, alignHoriz='center', alignVert='center', antialias=True, autoLog=True, bold=False, color='black', colorSpace='named', contrast=1.0, depth=0.0, flipHoriz=False, flipVert=False, font='Arial', fontFiles=[], height=0.1, italic=False, name='fixation_2', opacity=1.0, ori=0, pos=array([0., 0.]), rgb=array([0., 0., 0.]), text='+', units='norm', win=Window(...), wrapWidth=1)
10.5658 	EXP 	Created text = TextStim(__class__=<class 'psychopy.visual.text.TextStim'>, alignHoriz='center', alignVert='center', antialias=True, autoLog=True, bold=False, color='black', colorSpace='named', contrast=1.0, depth=0.0, flipHoriz=False, flipVert=False, font='Arial', fontFiles=[], height=0.1, italic=False, name='text', opacity=1.0, ori=0, pos=array([0., 0.]), rgb=array([0., 0., 0.]), text=str(...), units='norm', win=Window(...), wrapWidth=1)
10.5836 	WARNING 	t of last frame was 489.44ms (=1/2)
10.5836 	EXP 	text_4: autoDraw = True
10.6598 	WARNING 	t of last frame was 20.42ms (=1/48)
10.7024 	WARNING 	t of last frame was 23.34ms (=1/42)
10.8020 	WARNING 	t of last frame was 23.11ms (=1/43)
10.9020 	WARNING 	Multiple dropped frames have occurred - I'll stop bothering you about them!
10.9402 	DATA 	Keypress: d
10.9633 	EXP 	text_4: autoDraw = False
10.9633 	EXP 	polygon_2: autoDraw = True
10.9633 	EXP 	polygon_3: autoDraw = True
10.9633 	EXP 	text_3: autoDraw = True
11.5268 	DATA 	Keypress: f
11.5685 	EXP 	polygon_2: autoDraw = False
11.5685 	EXP 	polygon_3: autoDraw = False
11.5685 	EXP 	text_3: autoDraw = False
11.5685 	EXP 	polygon_4: autoDraw = True
11.5685 	EXP 	polygon_5: autoDraw = True
11.5685 	EXP 	text_5: autoDraw = True
11.8943 	DATA 	Keypress: d
11.8949 	EXP 	Created sequence: random, trialTypes=1, nReps=2, seed=None
11.8951 	EXP 	New trial (rep=0, index=0): None
12.2552 	EXP 	polygon_4: autoDraw = False
12.2552 	EXP 	polygon_5: autoDraw = False
12.2552 	EXP 	text_5: autoDraw = False
12.2552 	EXP 	text_6: text = "Let's try a few for practice. You'll see pairs of shapes, with one shape on the screen at a time. Each shape will be BLUE or RED or ORANGE. Tell me if the two shapes are the SAME color, or DIFFERENT colors. For the first shape, just say 'GO.' Then, when it says 'Same/Different?' underneath, tell me whether you see the same color or a different color as the first shape [Experimenter: Press Green for SAME, Red for DIFFERENT]"
12.2552 	EXP 	text_6: autoDraw = True
12.7855 	DATA 	Keypress: f
13.5135 	DATA 	Keypress: d
13.5450 	DEBUG 	Read csv file with pandas: Sequences//color_practice_2.csv
13.5465 	DEBUG 	Clearing unnamed columns from Sequences//color_practice_2.csv
13.5470 	EXP 	Imported Sequences//color_practice_2.csv as conditions, 12 conditions, 2 params
13.5472 	EXP 	Created sequence: sequential, trialTypes=12, nReps=1, seed=None
13.5475 	EXP 	New trial (rep=0, index=0): OrderedDict([('color', '#d7191c'), ('answer', 'r')])
13.5897 	EXP 	window1: mouseVisible = True
13.5920 	DEBUG 	Saving data for Arrows_VVA_Color ExperimentHandler
13.5951 	INFO 	saved data to C:\Users\smwei\Dropbox\Penn Post Doc\Arrows_VVA\data_Arrows_VVA_Color\1004_2018_Nov_02_1500.psydat
13.6830 	INFO 	saved data to 'C:\\Users\\smwei\\Dropbox\\Penn Post Doc\\Arrows_VVA\\data_Arrows_VVA_Color\\1004_2018_Nov_02_1500.csv'
