15.1884 	ERROR 	avbin.dll failed to load.
                     Try importing psychopy.visual as the first library
                     (before anything that uses scipy)
                     and make sure that avbin is installed.
27.9313 	INFO 	Loaded monitor calibration from ['2016_05_25 15:27']
30.8636 	EXP 	Created window1 = Window(allowGUI=False, allowStencil=False, autoLog=True, bitsMode=UNKNOWN, blendMode='avg', color=array([ 0.4,  0.4,  0.4]), colorSpace='rgb', fullscr=UNKNOWN, gamma=None, lms=UNKNOWN, monitor=<psychopy.monitors.calibTools.Monitor instance at 0x0B06C288>, name='window1', pos=[0, 0], screen=0, size=array([1920, 1080]), stereo=False, units=u'norm', useFBO=True, viewOri=0.0, viewPos=None, viewScale=None, waitBlanking=True, winType='pyglet')
30.8636 	EXP 	window1: recordFrameIntervals = False
31.0319 	EXP 	window1: recordFrameIntervals = True
31.2157 	DEBUG 	Screen (0) actual frame rate measured at 59.84
31.2157 	EXP 	window1: recordFrameIntervals = False
31.5068 	EXP 	Created text_4 = TextStim(alignHoriz='center', alignVert='center', antialias=True, autoLog=True, bold=False, color='black', colorSpace='named', contrast=1.0, depth=0.0, flipHoriz=False, flipVert=False, font='Arial', fontFiles=[], height=0.1, italic=False, name='text_4', opacity=1.0, ori=0, pos=array([ 0.,  0.]), rgb=array([ 0.,  0.,  0.]), text=unicode(...), units=u'norm', win=Window(...), wrapWidth=1.5)
31.5854 	EXP 	Created polygon_2 = Polygon(autoDraw=False, autoLog=True, closeShape=True, contrast=1.0, depth=0.0, fillColor='#d7191c', fillColorSpace='hex', fillRGB=array([215,  25,  28]), interpolate=True, lineColor=array([ 1.,  1.,  1.]), lineColorSpace='rgb', lineRGB=array([ 1.,  1.,  1.]), lineWidth=1, name='polygon_2', opacity=1.0, ori=array(0.0), pos=array([-0.3, -0.2]), size=array([ 0.5,  0.5]), units='height', vertices=ndarray(...), win=Window(...))
31.5878 	EXP 	Created polygon_3 = ShapeStim(autoDraw=False, autoLog=True, closeShape=True, contrast=1.0, depth=-1.0, fillColor='#d7191c', fillColorSpace='hex', fillRGB=array([215,  25,  28]), interpolate=True, lineColor=array([ 1.,  1.,  1.]), lineColorSpace='rgb', lineRGB=array([ 1.,  1.,  1.]), lineWidth=1, name='polygon_3', opacity=1.0, ori=array(0.0), pos=array([ 0.3, -0.2]), size=array([ 1.,  1.]), units='height', vertices=ndarray(...), win=Window(...))
31.6235 	EXP 	Created text_3 = TextStim(alignHoriz='center', alignVert='center', antialias=True, autoLog=True, bold=False, color='black', colorSpace='named', contrast=1.0, depth=-2.0, flipHoriz=False, flipVert=False, font='Arial', fontFiles=[], height=0.1, italic=False, name='text_3', opacity=1.0, ori=0, pos=array([ 0. ,  0.6]), rgb=array([ 0.,  0.,  0.]), text=unicode(...), units='norm', win=Window(...), wrapWidth=1)
31.6268 	EXP 	Created polygon_4 = Polygon(autoDraw=False, autoLog=True, closeShape=True, contrast=1.0, depth=0.0, fillColor='#fdae61', fillColorSpace='hex', fillRGB=array([253, 174,  97]), interpolate=True, lineColor=array([ 1.,  1.,  1.]), lineColorSpace='rgb', lineRGB=array([ 1.,  1.,  1.]), lineWidth=1, name='polygon_4', opacity=1.0, ori=array(0.0), pos=array([ 0.3, -0.2]), size=array([ 0.5,  0.5]), units='height', vertices=ndarray(...), win=Window(...))
31.6306 	EXP 	Created polygon_5 = Polygon(autoDraw=False, autoLog=True, closeShape=True, contrast=1.0, depth=-1.0, fillColor='#2c7bb6', fillColorSpace='hex', fillRGB=array([ 44, 123, 182]), interpolate=True, lineColor=array([ 1.,  1.,  1.]), lineColorSpace='rgb', lineRGB=array([ 1.,  1.,  1.]), lineWidth=1, name='polygon_5', opacity=1.0, ori=array(0.0), pos=array([-0.3, -0.2]), size=array([ 0.5,  0.5]), units='height', vertices=ndarray(...), win=Window(...))
31.6699 	EXP 	Created text_5 = TextStim(alignHoriz='center', alignVert='center', antialias=True, autoLog=True, bold=False, color='black', colorSpace='named', contrast=1.0, depth=-2.0, flipHoriz=False, flipVert=False, font='Arial', fontFiles=[], height=0.1, italic=False, name='text_5', opacity=1.0, ori=0, pos=array([ 0. ,  0.6]), rgb=array([ 0.,  0.,  0.]), text=unicode(...), units=u'norm', win=Window(...), wrapWidth=1)
31.6707 	EXP 	Created text_6 = TextStim(alignHoriz='center', alignVert='center', antialias=True, autoLog=True, bold=False, color='black', colorSpace='named', contrast=1.0, depth=0.0, flipHoriz=False, flipVert=False, font='Arial', fontFiles=[], height=0.1, italic=False, name='text_6', opacity=1.0, ori=0, pos=array([ 0.,  0.]), rgb=array([ 0.,  0.,  0.]), text='', units=u'norm', win=Window(...), wrapWidth=1.5)
31.6719 	EXP 	Created text_9 = TextStim(alignHoriz='center', alignVert='center', antialias=True, autoLog=True, bold=False, color='black', colorSpace='named', contrast=1.0, depth=-2.0, flipHoriz=False, flipVert=False, font='Arial', fontFiles=[], height=0.1, italic=False, name='text_9', opacity=1.0, ori=0, pos=array([ 0. , -0.6]), rgb=array([ 0.,  0.,  0.]), text='', units=u'norm', win=Window(...), wrapWidth=1)
31.6725 	EXP 	Created text_same_practice = TextStim(alignHoriz='center', alignVert='center', antialias=True, autoLog=True, bold=False, color='black', colorSpace='named', contrast=1.0, depth=-3.0, flipHoriz=False, flipVert=False, font='Arial', fontFiles=[], height=0.1, italic=False, name='text_same_practice', opacity=1.0, ori=0, pos=array([ 0. , -0.8]), rgb=array([ 0.,  0.,  0.]), text='', units=u'norm', win=Window(...), wrapWidth=1)
31.7087 	EXP 	Created text_10 = TextStim(alignHoriz='center', alignVert='center', antialias=True, autoLog=True, bold=False, color='black', colorSpace='named', contrast=1.0, depth=0.0, flipHoriz=False, flipVert=False, font='Arial', fontFiles=[], height=0.1, italic=False, name='text_10', opacity=1.0, ori=0, pos=array([ 0.,  0.]), rgb=array([ 0.,  0.,  0.]), text=unicode(...), units=u'norm', win=Window(...), wrapWidth=1)
31.7095 	EXP 	Created text_same = TextStim(alignHoriz='center', alignVert='center', antialias=True, autoLog=True, bold=False, color='black', colorSpace='named', contrast=1.0, depth=-2.0, flipHoriz=False, flipVert=False, font='Arial', fontFiles=[], height=0.1, italic=False, name='text_same', opacity=1.0, ori=0, pos=array([ 0. , -0.8]), rgb=array([ 0.,  0.,  0.]), text='', units=u'norm', win=Window(...), wrapWidth=1)
31.7275 	EXP 	Created text = TextStim(alignHoriz='center', alignVert='center', antialias=True, autoLog=True, bold=False, color='black', colorSpace='named', contrast=1.0, depth=0.0, flipHoriz=False, flipVert=False, font='Arial', fontFiles=[], height=0.1, italic=False, name='text', opacity=1.0, ori=0, pos=array([ 0.,  0.]), rgb=array([ 0.,  0.,  0.]), text=unicode(...), units=u'norm', win=Window(...), wrapWidth=1)
31.7502 	EXP 	text_4: autoDraw = True
65.9481 	DATA 	Keypress: d
66.1051 	EXP 	text_4: autoDraw = False
66.1051 	EXP 	polygon_2: autoDraw = True
66.1051 	EXP 	polygon_3: autoDraw = True
66.1051 	EXP 	text_3: autoDraw = True
67.5416 	DATA 	Keypress: f
67.5709 	EXP 	polygon_2: autoDraw = False
67.5709 	EXP 	polygon_3: autoDraw = False
67.5709 	EXP 	text_3: autoDraw = False
67.5709 	EXP 	polygon_4: autoDraw = True
67.5709 	EXP 	polygon_5: autoDraw = True
67.5709 	EXP 	text_5: autoDraw = True
68.1878 	DATA 	Keypress: a
68.1893 	EXP 	Created sequence: random, trialTypes=1, nReps=2, seed=None
68.1901 	EXP 	New trial (rep=0, index=0): None
68.4034 	EXP 	polygon_4: autoDraw = False
68.4034 	EXP 	polygon_5: autoDraw = False
68.4034 	EXP 	text_5: autoDraw = False
68.4034 	EXP 	text_6: text = "Let's try a few for practice. You'll see colors one at a time on the screen. They will be either BLUE or RED or ORANGE. Tell the experimenter if the color on the screen is the SAME or DIFFERENT from the color that you just saw. For the first stimulus, just say 'GO.' Then when it says 'Same?' underneath, tell the experimenter whether you see the same color or a different color [Experimenter: Press Green for SAME, Red for DIFFERENT]"
68.4034 	EXP 	text_6: autoDraw = True
68.9390 	DATA 	Keypress: d
68.9849 	EXP 	Imported Sequences\color_practice.xlsx as conditions, 9 conditions, 2 params
68.9915 	EXP 	Created sequence: random, trialTypes=9, nReps=2, seed=None
68.9919 	EXP 	New trial (rep=0, index=0): {u'color': u'#d7191c', u'answer': u'r'}
68.9951 	EXP 	Created unnamed Polygon = Polygon(autoDraw=True, autoLog=True, closeShape=True, contrast=1.0, depth=0, fillColor=u'#d7191c', fillColorSpace='hex', fillRGB=array([215,  25,  28]), interpolate=True, lineColor=array([ 1.,  1.,  1.]), lineColorSpace='rgb', lineRGB=array([ 1.,  1.,  1.]), lineWidth=1.5, name='unnamed Polygon', opacity=1.0, ori=array(0.0), pos=array([ 0.,  0.]), size=array([ 0.5,  0.5]), units='height', vertices=ndarray(...), win=Window(...))
69.0198 	EXP 	text_6: autoDraw = False
69.0198 	EXP 	text_same_practice: text = ''
69.0198 	EXP 	text_9: autoDraw = True
69.0198 	EXP 	text_same_practice: autoDraw = True
69.3561 	DATA 	Keypress: f
69.3594 	EXP 	New trial (rep=0, index=1): {u'color': u'#2c7bb6', u'answer': u'b'}
69.4280 	EXP 	Created unnamed Polygon = Polygon(autoDraw=True, autoLog=True, closeShape=True, contrast=1.0, depth=0, fillColor=u'#2c7bb6', fillColorSpace='hex', fillRGB=array([ 44, 123, 182]), interpolate=True, lineColor=array([ 1.,  1.,  1.]), lineColorSpace='rgb', lineRGB=array([ 1.,  1.,  1.]), lineWidth=1.5, name='unnamed Polygon', opacity=1.0, ori=array(0.0), pos=array([ 0.,  0.]), size=array([ 0.5,  0.5]), units='height', vertices=ndarray(...), win=Window(...))
69.4534 	EXP 	text_9: autoDraw = False
69.4534 	EXP 	text_same_practice: autoDraw = False
69.4534 	EXP 	unnamed Polygon: autoDraw = False
69.4534 	EXP 	text_same_practice: text = 'SAME?'
69.4534 	EXP 	text_9: autoDraw = True
69.4534 	EXP 	text_same_practice: autoDraw = True
69.7543 	DATA 	Keypress: a
69.7571 	EXP 	New trial (rep=0, index=2): {u'color': u'#2c7bb6', u'answer': u'b'}
69.7640 	EXP 	Created unnamed Polygon = Polygon(autoDraw=True, autoLog=True, closeShape=True, contrast=1.0, depth=0, fillColor=u'#2c7bb6', fillColorSpace='hex', fillRGB=array([ 44, 123, 182]), interpolate=True, lineColor=array([ 1.,  1.,  1.]), lineColorSpace='rgb', lineRGB=array([ 1.,  1.,  1.]), lineWidth=1.5, name='unnamed Polygon', opacity=1.0, ori=array(0.0), pos=array([ 0.,  0.]), size=array([ 0.5,  0.5]), units='height', vertices=ndarray(...), win=Window(...))
69.7876 	EXP 	text_9: autoDraw = False
69.7876 	EXP 	text_same_practice: autoDraw = False
69.7876 	EXP 	unnamed Polygon: autoDraw = False
69.7876 	EXP 	text_same_practice: text = ''
69.7876 	EXP 	text_9: autoDraw = True
69.7876 	EXP 	text_same_practice: autoDraw = True
70.3532 	DATA 	Keypress: f
70.3546 	EXP 	New trial (rep=0, index=3): {u'color': u'#d7191c', u'answer': u'r'}
70.3717 	EXP 	Created unnamed Polygon = Polygon(autoDraw=True, autoLog=True, closeShape=True, contrast=1.0, depth=0, fillColor=u'#d7191c', fillColorSpace='hex', fillRGB=array([215,  25,  28]), interpolate=True, lineColor=array([ 1.,  1.,  1.]), lineColorSpace='rgb', lineRGB=array([ 1.,  1.,  1.]), lineWidth=1.5, name='unnamed Polygon', opacity=1.0, ori=array(0.0), pos=array([ 0.,  0.]), size=array([ 0.5,  0.5]), units='height', vertices=ndarray(...), win=Window(...))
70.4028 	EXP 	text_9: autoDraw = False
70.4028 	EXP 	text_same_practice: autoDraw = False
70.4028 	EXP 	unnamed Polygon: autoDraw = False
70.4028 	EXP 	text_same_practice: text = 'SAME?'
70.4028 	EXP 	text_9: autoDraw = True
70.4028 	EXP 	text_same_practice: autoDraw = True
70.6868 	DATA 	Keypress: a
70.6884 	EXP 	New trial (rep=0, index=4): {u'color': u'#d7191c', u'answer': u'r'}
70.7072 	EXP 	Created unnamed Polygon = Polygon(autoDraw=True, autoLog=True, closeShape=True, contrast=1.0, depth=0, fillColor=u'#d7191c', fillColorSpace='hex', fillRGB=array([215,  25,  28]), interpolate=True, lineColor=array([ 1.,  1.,  1.]), lineColorSpace='rgb', lineRGB=array([ 1.,  1.,  1.]), lineWidth=1.5, name='unnamed Polygon', opacity=1.0, ori=array(0.0), pos=array([ 0.,  0.]), size=array([ 0.5,  0.5]), units='height', vertices=ndarray(...), win=Window(...))
70.7196 	EXP 	text_9: autoDraw = False
70.7196 	EXP 	text_same_practice: autoDraw = False
70.7196 	EXP 	unnamed Polygon: autoDraw = False
70.7196 	EXP 	text_same_practice: text = ''
70.7196 	EXP 	text_9: autoDraw = True
70.7196 	EXP 	text_same_practice: autoDraw = True
70.9534 	DATA 	Keypress: f
70.9541 	EXP 	New trial (rep=0, index=5): {u'color': u'#2c7bb6', u'answer': u'b'}
70.9598 	EXP 	Created unnamed Polygon = Polygon(autoDraw=True, autoLog=True, closeShape=True, contrast=1.0, depth=0, fillColor=u'#2c7bb6', fillColorSpace='hex', fillRGB=array([ 44, 123, 182]), interpolate=True, lineColor=array([ 1.,  1.,  1.]), lineColorSpace='rgb', lineRGB=array([ 1.,  1.,  1.]), lineWidth=1.5, name='unnamed Polygon', opacity=1.0, ori=array(0.0), pos=array([ 0.,  0.]), size=array([ 0.5,  0.5]), units='height', vertices=ndarray(...), win=Window(...))
70.9860 	EXP 	text_9: autoDraw = False
70.9860 	EXP 	text_same_practice: autoDraw = False
70.9860 	EXP 	unnamed Polygon: autoDraw = False
70.9860 	EXP 	text_same_practice: text = 'SAME?'
70.9860 	EXP 	text_9: autoDraw = True
70.9860 	EXP 	text_same_practice: autoDraw = True
71.2370 	DATA 	Keypress: a
71.2395 	EXP 	New trial (rep=0, index=6): {u'color': u'#fdae61', u'answer': u'o'}
71.2468 	EXP 	Created unnamed Polygon = Polygon(autoDraw=True, autoLog=True, closeShape=True, contrast=1.0, depth=0, fillColor=u'#fdae61', fillColorSpace='hex', fillRGB=array([253, 174,  97]), interpolate=True, lineColor=array([ 1.,  1.,  1.]), lineColorSpace='rgb', lineRGB=array([ 1.,  1.,  1.]), lineWidth=1.5, name='unnamed Polygon', opacity=1.0, ori=array(0.0), pos=array([ 0.,  0.]), size=array([ 0.5,  0.5]), units='height', vertices=ndarray(...), win=Window(...))
71.2698 	EXP 	text_9: autoDraw = False
71.2698 	EXP 	text_same_practice: autoDraw = False
71.2698 	EXP 	unnamed Polygon: autoDraw = False
71.2698 	EXP 	text_same_practice: text = ''
71.2698 	EXP 	text_9: autoDraw = True
71.2698 	EXP 	text_same_practice: autoDraw = True
71.5030 	DATA 	Keypress: f
71.5051 	EXP 	New trial (rep=0, index=7): {u'color': u'#fdae61', u'answer': u'o'}
71.5353 	EXP 	Created unnamed Polygon = Polygon(autoDraw=True, autoLog=True, closeShape=True, contrast=1.0, depth=0, fillColor=u'#fdae61', fillColorSpace='hex', fillRGB=array([253, 174,  97]), interpolate=True, lineColor=array([ 1.,  1.,  1.]), lineColorSpace='rgb', lineRGB=array([ 1.,  1.,  1.]), lineWidth=1.5, name='unnamed Polygon', opacity=1.0, ori=array(0.0), pos=array([ 0.,  0.]), size=array([ 0.5,  0.5]), units='height', vertices=ndarray(...), win=Window(...))
71.5523 	EXP 	text_9: autoDraw = False
71.5523 	EXP 	text_same_practice: autoDraw = False
71.5523 	EXP 	unnamed Polygon: autoDraw = False
71.5523 	EXP 	text_same_practice: text = 'SAME?'
71.5523 	EXP 	text_9: autoDraw = True
71.5523 	EXP 	text_same_practice: autoDraw = True
71.7865 	DATA 	Keypress: a
71.7874 	EXP 	New trial (rep=0, index=8): {u'color': u'#fdae61', u'answer': u'o'}
71.7898 	EXP 	Created unnamed Polygon = Polygon(autoDraw=True, autoLog=True, closeShape=True, contrast=1.0, depth=0, fillColor=u'#fdae61', fillColorSpace='hex', fillRGB=array([253, 174,  97]), interpolate=True, lineColor=array([ 1.,  1.,  1.]), lineColorSpace='rgb', lineRGB=array([ 1.,  1.,  1.]), lineWidth=1.5, name='unnamed Polygon', opacity=1.0, ori=array(0.0), pos=array([ 0.,  0.]), size=array([ 0.5,  0.5]), units='height', vertices=ndarray(...), win=Window(...))
71.8029 	EXP 	text_9: autoDraw = False
71.8029 	EXP 	text_same_practice: autoDraw = False
71.8029 	EXP 	unnamed Polygon: autoDraw = False
71.8029 	EXP 	text_same_practice: text = ''
71.8029 	EXP 	text_9: autoDraw = True
71.8029 	EXP 	text_same_practice: autoDraw = True
71.9861 	DATA 	Keypress: f
71.9869 	EXP 	New trial (rep=1, index=0): {u'color': u'#fdae61', u'answer': u'o'}
71.9925 	EXP 	Created unnamed Polygon = Polygon(autoDraw=True, autoLog=True, closeShape=True, contrast=1.0, depth=0, fillColor=u'#fdae61', fillColorSpace='hex', fillRGB=array([253, 174,  97]), interpolate=True, lineColor=array([ 1.,  1.,  1.]), lineColorSpace='rgb', lineRGB=array([ 1.,  1.,  1.]), lineWidth=1.5, name='unnamed Polygon', opacity=1.0, ori=array(0.0), pos=array([ 0.,  0.]), size=array([ 0.5,  0.5]), units='height', vertices=ndarray(...), win=Window(...))
72.0186 	EXP 	text_9: autoDraw = False
72.0186 	EXP 	text_same_practice: autoDraw = False
72.0186 	EXP 	unnamed Polygon: autoDraw = False
72.0186 	EXP 	text_same_practice: text = 'SAME?'
72.0186 	EXP 	text_9: autoDraw = True
72.0186 	EXP 	text_same_practice: autoDraw = True
72.2040 	DATA 	Keypress: a
72.2199 	EXP 	New trial (rep=1, index=1): {u'color': u'#2c7bb6', u'answer': u'b'}
72.2221 	EXP 	Created unnamed Polygon = Polygon(autoDraw=True, autoLog=True, closeShape=True, contrast=1.0, depth=0, fillColor=u'#2c7bb6', fillColorSpace='hex', fillRGB=array([ 44, 123, 182]), interpolate=True, lineColor=array([ 1.,  1.,  1.]), lineColorSpace='rgb', lineRGB=array([ 1.,  1.,  1.]), lineWidth=1.5, name='unnamed Polygon', opacity=1.0, ori=array(0.0), pos=array([ 0.,  0.]), size=array([ 0.5,  0.5]), units='height', vertices=ndarray(...), win=Window(...))
72.2356 	EXP 	text_9: autoDraw = False
72.2356 	EXP 	text_same_practice: autoDraw = False
72.2356 	EXP 	unnamed Polygon: autoDraw = False
72.2356 	EXP 	text_same_practice: text = ''
72.2356 	EXP 	text_9: autoDraw = True
72.2356 	EXP 	text_same_practice: autoDraw = True
72.4196 	DATA 	Keypress: f
72.4204 	EXP 	New trial (rep=1, index=2): {u'color': u'#fdae61', u'answer': u'o'}
72.4262 	EXP 	Created unnamed Polygon = Polygon(autoDraw=True, autoLog=True, closeShape=True, contrast=1.0, depth=0, fillColor=u'#fdae61', fillColorSpace='hex', fillRGB=array([253, 174,  97]), interpolate=True, lineColor=array([ 1.,  1.,  1.]), lineColorSpace='rgb', lineRGB=array([ 1.,  1.,  1.]), lineWidth=1.5, name='unnamed Polygon', opacity=1.0, ori=array(0.0), pos=array([ 0.,  0.]), size=array([ 0.5,  0.5]), units='height', vertices=ndarray(...), win=Window(...))
72.4522 	EXP 	text_9: autoDraw = False
72.4522 	EXP 	text_same_practice: autoDraw = False
72.4522 	EXP 	unnamed Polygon: autoDraw = False
72.4522 	EXP 	text_same_practice: text = 'SAME?'
72.4522 	EXP 	text_9: autoDraw = True
72.4522 	EXP 	text_same_practice: autoDraw = True
72.6364 	DATA 	Keypress: a
72.6373 	EXP 	New trial (rep=1, index=3): {u'color': u'#fdae61', u'answer': u'o'}
72.6396 	EXP 	Created unnamed Polygon = Polygon(autoDraw=True, autoLog=True, closeShape=True, contrast=1.0, depth=0, fillColor=u'#fdae61', fillColorSpace='hex', fillRGB=array([253, 174,  97]), interpolate=True, lineColor=array([ 1.,  1.,  1.]), lineColorSpace='rgb', lineRGB=array([ 1.,  1.,  1.]), lineWidth=1.5, name='unnamed Polygon', opacity=1.0, ori=array(0.0), pos=array([ 0.,  0.]), size=array([ 0.5,  0.5]), units='height', vertices=ndarray(...), win=Window(...))
72.6528 	EXP 	text_9: autoDraw = False
72.6528 	EXP 	text_same_practice: autoDraw = False
72.6528 	EXP 	unnamed Polygon: autoDraw = False
72.6528 	EXP 	text_same_practice: text = ''
72.6528 	EXP 	text_9: autoDraw = True
72.6528 	EXP 	text_same_practice: autoDraw = True
72.8357 	DATA 	Keypress: f
72.8365 	EXP 	New trial (rep=1, index=4): {u'color': u'#2c7bb6', u'answer': u'b'}
72.8421 	EXP 	Created unnamed Polygon = Polygon(autoDraw=True, autoLog=True, closeShape=True, contrast=1.0, depth=0, fillColor=u'#2c7bb6', fillColorSpace='hex', fillRGB=array([ 44, 123, 182]), interpolate=True, lineColor=array([ 1.,  1.,  1.]), lineColorSpace='rgb', lineRGB=array([ 1.,  1.,  1.]), lineWidth=1.5, name='unnamed Polygon', opacity=1.0, ori=array(0.0), pos=array([ 0.,  0.]), size=array([ 0.5,  0.5]), units='height', vertices=ndarray(...), win=Window(...))
72.8693 	EXP 	text_9: autoDraw = False
72.8693 	EXP 	text_same_practice: autoDraw = False
72.8693 	EXP 	unnamed Polygon: autoDraw = False
72.8693 	EXP 	text_same_practice: text = 'SAME?'
72.8693 	EXP 	text_9: autoDraw = True
72.8693 	EXP 	text_same_practice: autoDraw = True
73.0191 	DATA 	Keypress: a
73.0204 	EXP 	New trial (rep=1, index=5): {u'color': u'#d7191c', u'answer': u'r'}
73.0237 	EXP 	Created unnamed Polygon = Polygon(autoDraw=True, autoLog=True, closeShape=True, contrast=1.0, depth=0, fillColor=u'#d7191c', fillColorSpace='hex', fillRGB=array([215,  25,  28]), interpolate=True, lineColor=array([ 1.,  1.,  1.]), lineColorSpace='rgb', lineRGB=array([ 1.,  1.,  1.]), lineWidth=1.5, name='unnamed Polygon', opacity=1.0, ori=array(0.0), pos=array([ 0.,  0.]), size=array([ 0.5,  0.5]), units='height', vertices=ndarray(...), win=Window(...))
73.0520 	EXP 	text_9: autoDraw = False
73.0520 	EXP 	text_same_practice: autoDraw = False
73.0520 	EXP 	unnamed Polygon: autoDraw = False
73.0520 	EXP 	text_same_practice: text = ''
73.0520 	EXP 	text_9: autoDraw = True
73.0520 	EXP 	text_same_practice: autoDraw = True
73.2193 	DATA 	Keypress: f
73.2201 	EXP 	New trial (rep=1, index=6): {u'color': u'#d7191c', u'answer': u'r'}
73.2256 	EXP 	Created unnamed Polygon = Polygon(autoDraw=True, autoLog=True, closeShape=True, contrast=1.0, depth=0, fillColor=u'#d7191c', fillColorSpace='hex', fillRGB=array([215,  25,  28]), interpolate=True, lineColor=array([ 1.,  1.,  1.]), lineColorSpace='rgb', lineRGB=array([ 1.,  1.,  1.]), lineWidth=1.5, name='unnamed Polygon', opacity=1.0, ori=array(0.0), pos=array([ 0.,  0.]), size=array([ 0.5,  0.5]), units='height', vertices=ndarray(...), win=Window(...))
73.2509 	EXP 	text_9: autoDraw = False
73.2509 	EXP 	text_same_practice: autoDraw = False
73.2509 	EXP 	unnamed Polygon: autoDraw = False
73.2509 	EXP 	text_same_practice: text = 'SAME?'
73.2509 	EXP 	text_9: autoDraw = True
73.2509 	EXP 	text_same_practice: autoDraw = True
73.3855 	DATA 	Keypress: a
73.3879 	EXP 	New trial (rep=1, index=7): {u'color': u'#2c7bb6', u'answer': u'b'}
73.4267 	EXP 	Created unnamed Polygon = Polygon(autoDraw=True, autoLog=True, closeShape=True, contrast=1.0, depth=0, fillColor=u'#2c7bb6', fillColorSpace='hex', fillRGB=array([ 44, 123, 182]), interpolate=True, lineColor=array([ 1.,  1.,  1.]), lineColorSpace='rgb', lineRGB=array([ 1.,  1.,  1.]), lineWidth=1.5, name='unnamed Polygon', opacity=1.0, ori=array(0.0), pos=array([ 0.,  0.]), size=array([ 0.5,  0.5]), units='height', vertices=ndarray(...), win=Window(...))
73.4511 	EXP 	text_9: autoDraw = False
73.4511 	EXP 	text_same_practice: autoDraw = False
73.4511 	EXP 	unnamed Polygon: autoDraw = False
73.4511 	EXP 	text_same_practice: text = ''
73.4511 	EXP 	text_9: autoDraw = True
73.4511 	EXP 	text_same_practice: autoDraw = True
73.5689 	DATA 	Keypress: f
73.5714 	EXP 	New trial (rep=1, index=8): {u'color': u'#d7191c', u'answer': u'r'}
73.5893 	EXP 	Created unnamed Polygon = Polygon(autoDraw=True, autoLog=True, closeShape=True, contrast=1.0, depth=0, fillColor=u'#d7191c', fillColorSpace='hex', fillRGB=array([215,  25,  28]), interpolate=True, lineColor=array([ 1.,  1.,  1.]), lineColorSpace='rgb', lineRGB=array([ 1.,  1.,  1.]), lineWidth=1.5, name='unnamed Polygon', opacity=1.0, ori=array(0.0), pos=array([ 0.,  0.]), size=array([ 0.5,  0.5]), units='height', vertices=ndarray(...), win=Window(...))
73.6176 	EXP 	text_9: autoDraw = False
73.6176 	EXP 	text_same_practice: autoDraw = False
73.6176 	EXP 	unnamed Polygon: autoDraw = False
73.6176 	EXP 	text_same_practice: text = 'SAME?'
73.6176 	EXP 	text_9: autoDraw = True
73.6176 	EXP 	text_same_practice: autoDraw = True
73.7520 	DATA 	Keypress: a
73.9272 	EXP 	New trial (rep=1, index=0): None
73.9510 	DATA 	Keypress: f
73.9738 	EXP 	text_9: autoDraw = False
73.9738 	EXP 	text_same_practice: autoDraw = False
73.9738 	EXP 	unnamed Polygon: autoDraw = False
73.9738 	EXP 	text_6: text = 'Ok, before we practice one more time - do you have any questions about the task?'
73.9738 	EXP 	text_6: autoDraw = True
74.1243 	DATA 	Keypress: a
74.4413 	DATA 	Keypress: d
74.4523 	EXP 	Imported Sequences\color_practice.xlsx as conditions, 9 conditions, 2 params
74.4528 	EXP 	Created sequence: random, trialTypes=9, nReps=2, seed=None
74.4531 	EXP 	New trial (rep=0, index=0): {u'color': u'#d7191c', u'answer': u'r'}
74.4559 	EXP 	Created unnamed Polygon = Polygon(autoDraw=True, autoLog=True, closeShape=True, contrast=1.0, depth=0, fillColor=u'#d7191c', fillColorSpace='hex', fillRGB=array([215,  25,  28]), interpolate=True, lineColor=array([ 1.,  1.,  1.]), lineColorSpace='rgb', lineRGB=array([ 1.,  1.,  1.]), lineWidth=1.5, name='unnamed Polygon', opacity=1.0, ori=array(0.0), pos=array([ 0.,  0.]), size=array([ 0.5,  0.5]), units='height', vertices=ndarray(...), win=Window(...))
74.4729 	EXP 	text_6: autoDraw = False
74.4729 	EXP 	text_same_practice: text = ''
74.4729 	EXP 	text_9: autoDraw = True
74.4729 	EXP 	text_same_practice: autoDraw = True
74.6906 	DATA 	Keypress: f
74.6930 	EXP 	New trial (rep=0, index=1): {u'color': u'#2c7bb6', u'answer': u'b'}
74.7086 	EXP 	Created unnamed Polygon = Polygon(autoDraw=True, autoLog=True, closeShape=True, contrast=1.0, depth=0, fillColor=u'#2c7bb6', fillColorSpace='hex', fillRGB=array([ 44, 123, 182]), interpolate=True, lineColor=array([ 1.,  1.,  1.]), lineColorSpace='rgb', lineRGB=array([ 1.,  1.,  1.]), lineWidth=1.5, name='unnamed Polygon', opacity=1.0, ori=array(0.0), pos=array([ 0.,  0.]), size=array([ 0.5,  0.5]), units='height', vertices=ndarray(...), win=Window(...))
74.7403 	EXP 	text_9: autoDraw = False
74.7403 	EXP 	text_same_practice: autoDraw = False
74.7403 	EXP 	unnamed Polygon: autoDraw = False
74.7403 	EXP 	text_same_practice: text = 'SAME?'
74.7403 	EXP 	text_9: autoDraw = True
74.7403 	EXP 	text_same_practice: autoDraw = True
74.9091 	DATA 	Keypress: f
74.9127 	EXP 	New trial (rep=0, index=2): {u'color': u'#d7191c', u'answer': u'r'}
74.9209 	EXP 	Created unnamed Polygon = Polygon(autoDraw=True, autoLog=True, closeShape=True, contrast=1.0, depth=0, fillColor=u'#d7191c', fillColorSpace='hex', fillRGB=array([215,  25,  28]), interpolate=True, lineColor=array([ 1.,  1.,  1.]), lineColorSpace='rgb', lineRGB=array([ 1.,  1.,  1.]), lineWidth=1.5, name='unnamed Polygon', opacity=1.0, ori=array(0.0), pos=array([ 0.,  0.]), size=array([ 0.5,  0.5]), units='height', vertices=ndarray(...), win=Window(...))
74.9406 	EXP 	text_9: autoDraw = False
74.9406 	EXP 	text_same_practice: autoDraw = False
74.9406 	EXP 	unnamed Polygon: autoDraw = False
74.9406 	EXP 	text_same_practice: text = ''
74.9406 	EXP 	text_9: autoDraw = True
74.9406 	EXP 	text_same_practice: autoDraw = True
75.1238 	DATA 	Keypress: a
75.1250 	EXP 	New trial (rep=0, index=3): {u'color': u'#fdae61', u'answer': u'o'}
75.1687 	EXP 	Created unnamed Polygon = Polygon(autoDraw=True, autoLog=True, closeShape=True, contrast=1.0, depth=0, fillColor=u'#fdae61', fillColorSpace='hex', fillRGB=array([253, 174,  97]), interpolate=True, lineColor=array([ 1.,  1.,  1.]), lineColorSpace='rgb', lineRGB=array([ 1.,  1.,  1.]), lineWidth=1.5, name='unnamed Polygon', opacity=1.0, ori=array(0.0), pos=array([ 0.,  0.]), size=array([ 0.5,  0.5]), units='height', vertices=ndarray(...), win=Window(...))
75.1892 	EXP 	text_9: autoDraw = False
75.1892 	EXP 	text_same_practice: autoDraw = False
75.1892 	EXP 	unnamed Polygon: autoDraw = False
75.1892 	EXP 	text_same_practice: text = 'SAME?'
75.1892 	EXP 	text_9: autoDraw = True
75.1892 	EXP 	text_same_practice: autoDraw = True
75.2915 	DATA 	Keypress: f
75.2939 	EXP 	New trial (rep=0, index=4): {u'color': u'#2c7bb6', u'answer': u'b'}
75.3004 	EXP 	Created unnamed Polygon = Polygon(autoDraw=True, autoLog=True, closeShape=True, contrast=1.0, depth=0, fillColor=u'#2c7bb6', fillColorSpace='hex', fillRGB=array([ 44, 123, 182]), interpolate=True, lineColor=array([ 1.,  1.,  1.]), lineColorSpace='rgb', lineRGB=array([ 1.,  1.,  1.]), lineWidth=1.5, name='unnamed Polygon', opacity=1.0, ori=array(0.0), pos=array([ 0.,  0.]), size=array([ 0.5,  0.5]), units='height', vertices=ndarray(...), win=Window(...))
75.3237 	EXP 	text_9: autoDraw = False
75.3237 	EXP 	text_same_practice: autoDraw = False
75.3237 	EXP 	unnamed Polygon: autoDraw = False
75.3237 	EXP 	text_same_practice: text = ''
75.3237 	EXP 	text_9: autoDraw = True
75.3237 	EXP 	text_same_practice: autoDraw = True
75.4771 	DATA 	Keypress: f
75.4919 	EXP 	New trial (rep=0, index=5): {u'color': u'#fdae61', u'answer': u'o'}
75.5078 	EXP 	Created unnamed Polygon = Polygon(autoDraw=True, autoLog=True, closeShape=True, contrast=1.0, depth=0, fillColor=u'#fdae61', fillColorSpace='hex', fillRGB=array([253, 174,  97]), interpolate=True, lineColor=array([ 1.,  1.,  1.]), lineColorSpace='rgb', lineRGB=array([ 1.,  1.,  1.]), lineWidth=1.5, name='unnamed Polygon', opacity=1.0, ori=array(0.0), pos=array([ 0.,  0.]), size=array([ 0.5,  0.5]), units='height', vertices=ndarray(...), win=Window(...))
75.5399 	EXP 	text_9: autoDraw = False
75.5399 	EXP 	text_same_practice: autoDraw = False
75.5399 	EXP 	unnamed Polygon: autoDraw = False
75.5399 	EXP 	text_same_practice: text = 'SAME?'
75.5399 	EXP 	text_9: autoDraw = True
75.5399 	EXP 	text_same_practice: autoDraw = True
75.6586 	DATA 	Keypress: f
75.6612 	EXP 	New trial (rep=0, index=6): {u'color': u'#d7191c', u'answer': u'r'}
75.6910 	EXP 	Created unnamed Polygon = Polygon(autoDraw=True, autoLog=True, closeShape=True, contrast=1.0, depth=0, fillColor=u'#d7191c', fillColorSpace='hex', fillRGB=array([215,  25,  28]), interpolate=True, lineColor=array([ 1.,  1.,  1.]), lineColorSpace='rgb', lineRGB=array([ 1.,  1.,  1.]), lineWidth=1.5, name='unnamed Polygon', opacity=1.0, ori=array(0.0), pos=array([ 0.,  0.]), size=array([ 0.5,  0.5]), units='height', vertices=ndarray(...), win=Window(...))
75.7059 	EXP 	text_9: autoDraw = False
75.7059 	EXP 	text_same_practice: autoDraw = False
75.7059 	EXP 	unnamed Polygon: autoDraw = False
75.7059 	EXP 	text_same_practice: text = ''
75.7059 	EXP 	text_9: autoDraw = True
75.7059 	EXP 	text_same_practice: autoDraw = True
75.8589 	DATA 	Keypress: f
75.8623 	EXP 	New trial (rep=0, index=7): {u'color': u'#fdae61', u'answer': u'o'}
75.9763 	EXP 	Created unnamed Polygon = Polygon(autoDraw=True, autoLog=True, closeShape=True, contrast=1.0, depth=0, fillColor=u'#fdae61', fillColorSpace='hex', fillRGB=array([253, 174,  97]), interpolate=True, lineColor=array([ 1.,  1.,  1.]), lineColorSpace='rgb', lineRGB=array([ 1.,  1.,  1.]), lineWidth=1.5, name='unnamed Polygon', opacity=1.0, ori=array(0.0), pos=array([ 0.,  0.]), size=array([ 0.5,  0.5]), units='height', vertices=ndarray(...), win=Window(...))
75.9896 	EXP 	text_9: autoDraw = False
75.9896 	EXP 	text_same_practice: autoDraw = False
75.9896 	EXP 	unnamed Polygon: autoDraw = False
75.9896 	EXP 	text_same_practice: text = 'SAME?'
75.9896 	EXP 	text_9: autoDraw = True
75.9896 	EXP 	text_same_practice: autoDraw = True
76.0413 	DATA 	Keypress: f
76.0435 	EXP 	New trial (rep=0, index=8): {u'color': u'#2c7bb6', u'answer': u'b'}
76.0493 	EXP 	Created unnamed Polygon = Polygon(autoDraw=True, autoLog=True, closeShape=True, contrast=1.0, depth=0, fillColor=u'#2c7bb6', fillColorSpace='hex', fillRGB=array([ 44, 123, 182]), interpolate=True, lineColor=array([ 1.,  1.,  1.]), lineColorSpace='rgb', lineRGB=array([ 1.,  1.,  1.]), lineWidth=1.5, name='unnamed Polygon', opacity=1.0, ori=array(0.0), pos=array([ 0.,  0.]), size=array([ 0.5,  0.5]), units='height', vertices=ndarray(...), win=Window(...))
76.0731 	EXP 	text_9: autoDraw = False
76.0731 	EXP 	text_same_practice: autoDraw = False
76.0731 	EXP 	unnamed Polygon: autoDraw = False
76.0731 	EXP 	text_same_practice: text = ''
76.0731 	EXP 	text_9: autoDraw = True
76.0731 	EXP 	text_same_practice: autoDraw = True
76.2077 	DATA 	Keypress: f
76.2115 	EXP 	New trial (rep=1, index=0): {u'color': u'#fdae61', u'answer': u'o'}
76.2292 	EXP 	Created unnamed Polygon = Polygon(autoDraw=True, autoLog=True, closeShape=True, contrast=1.0, depth=0, fillColor=u'#fdae61', fillColorSpace='hex', fillRGB=array([253, 174,  97]), interpolate=True, lineColor=array([ 1.,  1.,  1.]), lineColorSpace='rgb', lineRGB=array([ 1.,  1.,  1.]), lineWidth=1.5, name='unnamed Polygon', opacity=1.0, ori=array(0.0), pos=array([ 0.,  0.]), size=array([ 0.5,  0.5]), units='height', vertices=ndarray(...), win=Window(...))
76.2562 	EXP 	text_9: autoDraw = False
76.2562 	EXP 	text_same_practice: autoDraw = False
76.2562 	EXP 	unnamed Polygon: autoDraw = False
76.2562 	EXP 	text_same_practice: text = 'SAME?'
76.2562 	EXP 	text_9: autoDraw = True
76.2562 	EXP 	text_same_practice: autoDraw = True
76.3741 	DATA 	Keypress: f
76.3765 	EXP 	New trial (rep=1, index=1): {u'color': u'#2c7bb6', u'answer': u'b'}
76.3848 	EXP 	Created unnamed Polygon = Polygon(autoDraw=True, autoLog=True, closeShape=True, contrast=1.0, depth=0, fillColor=u'#2c7bb6', fillColorSpace='hex', fillRGB=array([ 44, 123, 182]), interpolate=True, lineColor=array([ 1.,  1.,  1.]), lineColorSpace='rgb', lineRGB=array([ 1.,  1.,  1.]), lineWidth=1.5, name='unnamed Polygon', opacity=1.0, ori=array(0.0), pos=array([ 0.,  0.]), size=array([ 0.5,  0.5]), units='height', vertices=ndarray(...), win=Window(...))
76.4063 	EXP 	text_9: autoDraw = False
76.4063 	EXP 	text_same_practice: autoDraw = False
76.4063 	EXP 	unnamed Polygon: autoDraw = False
76.4063 	EXP 	text_same_practice: text = ''
76.4063 	EXP 	text_9: autoDraw = True
76.4063 	EXP 	text_same_practice: autoDraw = True
76.5405 	DATA 	Keypress: f
76.5429 	EXP 	New trial (rep=1, index=2): {u'color': u'#d7191c', u'answer': u'r'}
76.5608 	EXP 	Created unnamed Polygon = Polygon(autoDraw=True, autoLog=True, closeShape=True, contrast=1.0, depth=0, fillColor=u'#d7191c', fillColorSpace='hex', fillRGB=array([215,  25,  28]), interpolate=True, lineColor=array([ 1.,  1.,  1.]), lineColorSpace='rgb', lineRGB=array([ 1.,  1.,  1.]), lineWidth=1.5, name='unnamed Polygon', opacity=1.0, ori=array(0.0), pos=array([ 0.,  0.]), size=array([ 0.5,  0.5]), units='height', vertices=ndarray(...), win=Window(...))
76.5910 	EXP 	text_9: autoDraw = False
76.5910 	EXP 	text_same_practice: autoDraw = False
76.5910 	EXP 	unnamed Polygon: autoDraw = False
76.5910 	EXP 	text_same_practice: text = 'SAME?'
76.5910 	EXP 	text_9: autoDraw = True
76.5910 	EXP 	text_same_practice: autoDraw = True
76.7405 	DATA 	Keypress: f
76.7427 	EXP 	New trial (rep=1, index=3): {u'color': u'#fdae61', u'answer': u'o'}
76.7543 	EXP 	Created unnamed Polygon = Polygon(autoDraw=True, autoLog=True, closeShape=True, contrast=1.0, depth=0, fillColor=u'#fdae61', fillColorSpace='hex', fillRGB=array([253, 174,  97]), interpolate=True, lineColor=array([ 1.,  1.,  1.]), lineColorSpace='rgb', lineRGB=array([ 1.,  1.,  1.]), lineWidth=1.5, name='unnamed Polygon', opacity=1.0, ori=array(0.0), pos=array([ 0.,  0.]), size=array([ 0.5,  0.5]), units='height', vertices=ndarray(...), win=Window(...))
76.7728 	EXP 	text_9: autoDraw = False
76.7728 	EXP 	text_same_practice: autoDraw = False
76.7728 	EXP 	unnamed Polygon: autoDraw = False
76.7728 	EXP 	text_same_practice: text = ''
76.7728 	EXP 	text_9: autoDraw = True
76.7728 	EXP 	text_same_practice: autoDraw = True
76.9072 	DATA 	Keypress: f
76.9095 	EXP 	New trial (rep=1, index=4): {u'color': u'#2c7bb6', u'answer': u'b'}
76.9278 	EXP 	Created unnamed Polygon = Polygon(autoDraw=True, autoLog=True, closeShape=True, contrast=1.0, depth=0, fillColor=u'#2c7bb6', fillColorSpace='hex', fillRGB=array([ 44, 123, 182]), interpolate=True, lineColor=array([ 1.,  1.,  1.]), lineColorSpace='rgb', lineRGB=array([ 1.,  1.,  1.]), lineWidth=1.5, name='unnamed Polygon', opacity=1.0, ori=array(0.0), pos=array([ 0.,  0.]), size=array([ 0.5,  0.5]), units='height', vertices=ndarray(...), win=Window(...))
76.9562 	EXP 	text_9: autoDraw = False
76.9562 	EXP 	text_same_practice: autoDraw = False
76.9562 	EXP 	unnamed Polygon: autoDraw = False
76.9562 	EXP 	text_same_practice: text = 'SAME?'
76.9562 	EXP 	text_9: autoDraw = True
76.9562 	EXP 	text_same_practice: autoDraw = True
77.0742 	DATA 	Keypress: f
77.0768 	EXP 	New trial (rep=1, index=5): {u'color': u'#d7191c', u'answer': u'r'}
77.1184 	EXP 	Created unnamed Polygon = Polygon(autoDraw=True, autoLog=True, closeShape=True, contrast=1.0, depth=0, fillColor=u'#d7191c', fillColorSpace='hex', fillRGB=array([215,  25,  28]), interpolate=True, lineColor=array([ 1.,  1.,  1.]), lineColorSpace='rgb', lineRGB=array([ 1.,  1.,  1.]), lineWidth=1.5, name='unnamed Polygon', opacity=1.0, ori=array(0.0), pos=array([ 0.,  0.]), size=array([ 0.5,  0.5]), units='height', vertices=ndarray(...), win=Window(...))
77.1390 	EXP 	text_9: autoDraw = False
77.1390 	EXP 	text_same_practice: autoDraw = False
77.1390 	EXP 	unnamed Polygon: autoDraw = False
77.1390 	EXP 	text_same_practice: text = ''
77.1390 	EXP 	text_9: autoDraw = True
77.1390 	EXP 	text_same_practice: autoDraw = True
77.2242 	DATA 	Keypress: f
77.2263 	EXP 	New trial (rep=1, index=6): {u'color': u'#2c7bb6', u'answer': u'b'}
77.2462 	EXP 	Created unnamed Polygon = Polygon(autoDraw=True, autoLog=True, closeShape=True, contrast=1.0, depth=0, fillColor=u'#2c7bb6', fillColorSpace='hex', fillRGB=array([ 44, 123, 182]), interpolate=True, lineColor=array([ 1.,  1.,  1.]), lineColorSpace='rgb', lineRGB=array([ 1.,  1.,  1.]), lineWidth=1.5, name='unnamed Polygon', opacity=1.0, ori=array(0.0), pos=array([ 0.,  0.]), size=array([ 0.5,  0.5]), units='height', vertices=ndarray(...), win=Window(...))
77.2729 	EXP 	text_9: autoDraw = False
77.2729 	EXP 	text_same_practice: autoDraw = False
77.2729 	EXP 	unnamed Polygon: autoDraw = False
77.2729 	EXP 	text_same_practice: text = 'SAME?'
77.2729 	EXP 	text_9: autoDraw = True
77.2729 	EXP 	text_same_practice: autoDraw = True
77.3756 	DATA 	Keypress: f
77.3799 	EXP 	New trial (rep=1, index=7): {u'color': u'#d7191c', u'answer': u'r'}
77.3867 	EXP 	Created unnamed Polygon = Polygon(autoDraw=True, autoLog=True, closeShape=True, contrast=1.0, depth=0, fillColor=u'#d7191c', fillColorSpace='hex', fillRGB=array([215,  25,  28]), interpolate=True, lineColor=array([ 1.,  1.,  1.]), lineColorSpace='rgb', lineRGB=array([ 1.,  1.,  1.]), lineWidth=1.5, name='unnamed Polygon', opacity=1.0, ori=array(0.0), pos=array([ 0.,  0.]), size=array([ 0.5,  0.5]), units='height', vertices=ndarray(...), win=Window(...))
77.4058 	EXP 	text_9: autoDraw = False
77.4058 	EXP 	text_same_practice: autoDraw = False
77.4058 	EXP 	unnamed Polygon: autoDraw = False
77.4058 	EXP 	text_same_practice: text = ''
77.4058 	EXP 	text_9: autoDraw = True
77.4058 	EXP 	text_same_practice: autoDraw = True
77.5252 	DATA 	Keypress: f
77.5274 	EXP 	New trial (rep=1, index=8): {u'color': u'#fdae61', u'answer': u'o'}
77.5780 	EXP 	Created unnamed Polygon = Polygon(autoDraw=True, autoLog=True, closeShape=True, contrast=1.0, depth=0, fillColor=u'#fdae61', fillColorSpace='hex', fillRGB=array([253, 174,  97]), interpolate=True, lineColor=array([ 1.,  1.,  1.]), lineColorSpace='rgb', lineRGB=array([ 1.,  1.,  1.]), lineWidth=1.5, name='unnamed Polygon', opacity=1.0, ori=array(0.0), pos=array([ 0.,  0.]), size=array([ 0.5,  0.5]), units='height', vertices=ndarray(...), win=Window(...))
77.6057 	EXP 	text_9: autoDraw = False
77.6057 	EXP 	text_same_practice: autoDraw = False
77.6057 	EXP 	unnamed Polygon: autoDraw = False
77.6057 	EXP 	text_same_practice: text = 'SAME?'
77.6057 	EXP 	text_9: autoDraw = True
77.6057 	EXP 	text_same_practice: autoDraw = True
77.6909 	DATA 	Keypress: f
77.8093 	EXP 	text_9: autoDraw = False
77.8093 	EXP 	text_same_practice: autoDraw = False
77.8093 	EXP 	unnamed Polygon: autoDraw = False
77.8093 	EXP 	text_10: autoDraw = True
77.8446 	DATA 	Keypress: f
78.0104 	DATA 	Keypress: f
78.2259 	DATA 	Keypress: d
78.2353 	EXP 	Imported Sequences\color.xlsx as conditions, 63 conditions, 2 params
78.2358 	EXP 	Created sequence: random, trialTypes=63, nReps=2, seed=None
78.2361 	EXP 	New trial (rep=0, index=0): {u'color': u'#d7191c', u'answer': u'r'}
78.2381 	EXP 	Created unnamed Polygon = Polygon(autoDraw=True, autoLog=True, closeShape=True, contrast=1.0, depth=0, fillColor=u'#d7191c', fillColorSpace='hex', fillRGB=array([215,  25,  28]), interpolate=True, lineColor=array([ 1.,  1.,  1.]), lineColorSpace='rgb', lineRGB=array([ 1.,  1.,  1.]), lineWidth=1.5, name='unnamed Polygon', opacity=1.0, ori=array(0.0), pos=array([ 0.,  0.]), size=array([ 0.5,  0.5]), units='height', vertices=ndarray(...), win=Window(...))
78.2584 	EXP 	text_10: autoDraw = False
78.2584 	EXP 	text_same: text = ''
78.2584 	EXP 	text_same: autoDraw = True
78.5428 	DATA 	Keypress: f
78.5455 	EXP 	New trial (rep=0, index=1): {u'color': u'#2c7bb6', u'answer': u'b'}
78.5653 	EXP 	Created unnamed Polygon = Polygon(autoDraw=True, autoLog=True, closeShape=True, contrast=1.0, depth=0, fillColor=u'#2c7bb6', fillColorSpace='hex', fillRGB=array([ 44, 123, 182]), interpolate=True, lineColor=array([ 1.,  1.,  1.]), lineColorSpace='rgb', lineRGB=array([ 1.,  1.,  1.]), lineWidth=1.5, name='unnamed Polygon', opacity=1.0, ori=array(0.0), pos=array([ 0.,  0.]), size=array([ 0.5,  0.5]), units='height', vertices=ndarray(...), win=Window(...))
78.5920 	EXP 	text_same: autoDraw = False
78.5920 	EXP 	unnamed Polygon: autoDraw = False
78.5920 	EXP 	text_same: text = 'SAME?'
78.5920 	EXP 	text_same: autoDraw = True
78.6937 	DATA 	Keypress: f
78.6965 	EXP 	New trial (rep=0, index=2): {u'color': u'#2c7bb6', u'answer': u'b'}
78.7038 	EXP 	Created unnamed Polygon = Polygon(autoDraw=True, autoLog=True, closeShape=True, contrast=1.0, depth=0, fillColor=u'#2c7bb6', fillColorSpace='hex', fillRGB=array([ 44, 123, 182]), interpolate=True, lineColor=array([ 1.,  1.,  1.]), lineColorSpace='rgb', lineRGB=array([ 1.,  1.,  1.]), lineWidth=1.5, name='unnamed Polygon', opacity=1.0, ori=array(0.0), pos=array([ 0.,  0.]), size=array([ 0.5,  0.5]), units='height', vertices=ndarray(...), win=Window(...))
78.7260 	EXP 	text_same: autoDraw = False
78.7260 	EXP 	unnamed Polygon: autoDraw = False
78.7260 	EXP 	text_same: text = ''
78.7260 	EXP 	text_same: autoDraw = True
78.8426 	DATA 	Keypress: f
78.8444 	EXP 	New trial (rep=0, index=3): {u'color': u'#2c7bb6', u'answer': u'b'}
78.8758 	EXP 	Created unnamed Polygon = Polygon(autoDraw=True, autoLog=True, closeShape=True, contrast=1.0, depth=0, fillColor=u'#2c7bb6', fillColorSpace='hex', fillRGB=array([ 44, 123, 182]), interpolate=True, lineColor=array([ 1.,  1.,  1.]), lineColorSpace='rgb', lineRGB=array([ 1.,  1.,  1.]), lineWidth=1.5, name='unnamed Polygon', opacity=1.0, ori=array(0.0), pos=array([ 0.,  0.]), size=array([ 0.5,  0.5]), units='height', vertices=ndarray(...), win=Window(...))
78.8917 	EXP 	text_same: autoDraw = False
78.8917 	EXP 	unnamed Polygon: autoDraw = False
78.8917 	EXP 	text_same: text = 'SAME?'
78.8917 	EXP 	text_same: autoDraw = True
79.0099 	DATA 	Keypress: f
79.0123 	EXP 	New trial (rep=0, index=4): {u'color': u'#d7191c', u'answer': u'r'}
79.0190 	EXP 	Created unnamed Polygon = Polygon(autoDraw=True, autoLog=True, closeShape=True, contrast=1.0, depth=0, fillColor=u'#d7191c', fillColorSpace='hex', fillRGB=array([215,  25,  28]), interpolate=True, lineColor=array([ 1.,  1.,  1.]), lineColorSpace='rgb', lineRGB=array([ 1.,  1.,  1.]), lineWidth=1.5, name='unnamed Polygon', opacity=1.0, ori=array(0.0), pos=array([ 0.,  0.]), size=array([ 0.5,  0.5]), units='height', vertices=ndarray(...), win=Window(...))
79.0417 	EXP 	text_same: autoDraw = False
79.0417 	EXP 	unnamed Polygon: autoDraw = False
79.0417 	EXP 	text_same: text = ''
79.0417 	EXP 	text_same: autoDraw = True
79.1594 	DATA 	Keypress: f
79.1614 	EXP 	New trial (rep=0, index=5): {u'color': u'#fdae61', u'answer': u'o'}
79.1808 	EXP 	Created unnamed Polygon = Polygon(autoDraw=True, autoLog=True, closeShape=True, contrast=1.0, depth=0, fillColor=u'#fdae61', fillColorSpace='hex', fillRGB=array([253, 174,  97]), interpolate=True, lineColor=array([ 1.,  1.,  1.]), lineColorSpace='rgb', lineRGB=array([ 1.,  1.,  1.]), lineWidth=1.5, name='unnamed Polygon', opacity=1.0, ori=array(0.0), pos=array([ 0.,  0.]), size=array([ 0.5,  0.5]), units='height', vertices=ndarray(...), win=Window(...))
79.2135 	EXP 	text_same: autoDraw = False
79.2135 	EXP 	unnamed Polygon: autoDraw = False
79.2135 	EXP 	text_same: text = 'SAME?'
79.2135 	EXP 	text_same: autoDraw = True
79.3258 	DATA 	Keypress: f
79.3281 	EXP 	New trial (rep=0, index=6): {u'color': u'#d7191c', u'answer': u'r'}
79.3347 	EXP 	Created unnamed Polygon = Polygon(autoDraw=True, autoLog=True, closeShape=True, contrast=1.0, depth=0, fillColor=u'#d7191c', fillColorSpace='hex', fillRGB=array([215,  25,  28]), interpolate=True, lineColor=array([ 1.,  1.,  1.]), lineColorSpace='rgb', lineRGB=array([ 1.,  1.,  1.]), lineWidth=1.5, name='unnamed Polygon', opacity=1.0, ori=array(0.0), pos=array([ 0.,  0.]), size=array([ 0.5,  0.5]), units='height', vertices=ndarray(...), win=Window(...))
79.3584 	EXP 	text_same: autoDraw = False
79.3584 	EXP 	unnamed Polygon: autoDraw = False
79.3584 	EXP 	text_same: text = ''
79.3584 	EXP 	text_same: autoDraw = True
79.4759 	DATA 	Keypress: f
79.4780 	EXP 	New trial (rep=0, index=7): {u'color': u'#fdae61', u'answer': u'o'}
79.4963 	EXP 	Created unnamed Polygon = Polygon(autoDraw=True, autoLog=True, closeShape=True, contrast=1.0, depth=0, fillColor=u'#fdae61', fillColorSpace='hex', fillRGB=array([253, 174,  97]), interpolate=True, lineColor=array([ 1.,  1.,  1.]), lineColorSpace='rgb', lineRGB=array([ 1.,  1.,  1.]), lineWidth=1.5, name='unnamed Polygon', opacity=1.0, ori=array(0.0), pos=array([ 0.,  0.]), size=array([ 0.5,  0.5]), units='height', vertices=ndarray(...), win=Window(...))
79.5248 	EXP 	text_same: autoDraw = False
79.5248 	EXP 	unnamed Polygon: autoDraw = False
79.5248 	EXP 	text_same: text = 'SAME?'
79.5248 	EXP 	text_same: autoDraw = True
79.6262 	DATA 	Keypress: f
79.6288 	EXP 	New trial (rep=0, index=8): {u'color': u'#fdae61', u'answer': u'o'}
79.6684 	EXP 	Created unnamed Polygon = Polygon(autoDraw=True, autoLog=True, closeShape=True, contrast=1.0, depth=0, fillColor=u'#fdae61', fillColorSpace='hex', fillRGB=array([253, 174,  97]), interpolate=True, lineColor=array([ 1.,  1.,  1.]), lineColorSpace='rgb', lineRGB=array([ 1.,  1.,  1.]), lineWidth=1.5, name='unnamed Polygon', opacity=1.0, ori=array(0.0), pos=array([ 0.,  0.]), size=array([ 0.5,  0.5]), units='height', vertices=ndarray(...), win=Window(...))
79.6913 	EXP 	text_same: autoDraw = False
79.6913 	EXP 	unnamed Polygon: autoDraw = False
79.6913 	EXP 	text_same: text = ''
79.6913 	EXP 	text_same: autoDraw = True
79.7921 	DATA 	Keypress: f
79.7942 	EXP 	New trial (rep=0, index=9): {u'color': u'#2c7bb6', u'answer': u'b'}
79.8132 	EXP 	Created unnamed Polygon = Polygon(autoDraw=True, autoLog=True, closeShape=True, contrast=1.0, depth=0, fillColor=u'#2c7bb6', fillColorSpace='hex', fillRGB=array([ 44, 123, 182]), interpolate=True, lineColor=array([ 1.,  1.,  1.]), lineColorSpace='rgb', lineRGB=array([ 1.,  1.,  1.]), lineWidth=1.5, name='unnamed Polygon', opacity=1.0, ori=array(0.0), pos=array([ 0.,  0.]), size=array([ 0.5,  0.5]), units='height', vertices=ndarray(...), win=Window(...))
79.8420 	EXP 	text_same: autoDraw = False
79.8420 	EXP 	unnamed Polygon: autoDraw = False
79.8420 	EXP 	text_same: text = 'SAME?'
79.8420 	EXP 	text_same: autoDraw = True
79.9266 	DATA 	Keypress: f
79.9518 	EXP 	New trial (rep=0, index=10): {u'color': u'#d7191c', u'answer': u'r'}
79.9926 	EXP 	Created unnamed Polygon = Polygon(autoDraw=True, autoLog=True, closeShape=True, contrast=1.0, depth=0, fillColor=u'#d7191c', fillColorSpace='hex', fillRGB=array([215,  25,  28]), interpolate=True, lineColor=array([ 1.,  1.,  1.]), lineColorSpace='rgb', lineRGB=array([ 1.,  1.,  1.]), lineWidth=1.5, name='unnamed Polygon', opacity=1.0, ori=array(0.0), pos=array([ 0.,  0.]), size=array([ 0.5,  0.5]), units='height', vertices=ndarray(...), win=Window(...))
80.0077 	EXP 	text_same: autoDraw = False
80.0077 	EXP 	unnamed Polygon: autoDraw = False
80.0077 	EXP 	text_same: text = ''
80.0077 	EXP 	text_same: autoDraw = True
80.2258 	DATA 	Keypress: f
80.2279 	EXP 	New trial (rep=0, index=11): {u'color': u'#fdae61', u'answer': u'o'}
80.2453 	EXP 	Created unnamed Polygon = Polygon(autoDraw=True, autoLog=True, closeShape=True, contrast=1.0, depth=0, fillColor=u'#fdae61', fillColorSpace='hex', fillRGB=array([253, 174,  97]), interpolate=True, lineColor=array([ 1.,  1.,  1.]), lineColorSpace='rgb', lineRGB=array([ 1.,  1.,  1.]), lineWidth=1.5, name='unnamed Polygon', opacity=1.0, ori=array(0.0), pos=array([ 0.,  0.]), size=array([ 0.5,  0.5]), units='height', vertices=ndarray(...), win=Window(...))
80.2747 	EXP 	text_same: autoDraw = False
80.2747 	EXP 	unnamed Polygon: autoDraw = False
80.2747 	EXP 	text_same: text = 'SAME?'
80.2747 	EXP 	text_same: autoDraw = True
80.3926 	DATA 	Keypress: f
80.3951 	EXP 	New trial (rep=0, index=12): {u'color': u'#fdae61', u'answer': u'o'}
80.4020 	EXP 	Created unnamed Polygon = Polygon(autoDraw=True, autoLog=True, closeShape=True, contrast=1.0, depth=0, fillColor=u'#fdae61', fillColorSpace='hex', fillRGB=array([253, 174,  97]), interpolate=True, lineColor=array([ 1.,  1.,  1.]), lineColorSpace='rgb', lineRGB=array([ 1.,  1.,  1.]), lineWidth=1.5, name='unnamed Polygon', opacity=1.0, ori=array(0.0), pos=array([ 0.,  0.]), size=array([ 0.5,  0.5]), units='height', vertices=ndarray(...), win=Window(...))
80.4255 	EXP 	text_same: autoDraw = False
80.4255 	EXP 	unnamed Polygon: autoDraw = False
80.4255 	EXP 	text_same: text = ''
80.4255 	EXP 	text_same: autoDraw = True
80.5592 	DATA 	Keypress: f
80.5613 	EXP 	New trial (rep=0, index=13): {u'color': u'#fdae61', u'answer': u'o'}
80.5816 	EXP 	Created unnamed Polygon = Polygon(autoDraw=True, autoLog=True, closeShape=True, contrast=1.0, depth=0, fillColor=u'#fdae61', fillColorSpace='hex', fillRGB=array([253, 174,  97]), interpolate=True, lineColor=array([ 1.,  1.,  1.]), lineColorSpace='rgb', lineRGB=array([ 1.,  1.,  1.]), lineWidth=1.5, name='unnamed Polygon', opacity=1.0, ori=array(0.0), pos=array([ 0.,  0.]), size=array([ 0.5,  0.5]), units='height', vertices=ndarray(...), win=Window(...))
80.6078 	EXP 	text_same: autoDraw = False
80.6078 	EXP 	unnamed Polygon: autoDraw = False
80.6078 	EXP 	text_same: text = 'SAME?'
80.6078 	EXP 	text_same: autoDraw = True
80.7251 	DATA 	Keypress: f
80.7266 	EXP 	New trial (rep=0, index=14): {u'color': u'#2c7bb6', u'answer': u'b'}
80.7306 	EXP 	Created unnamed Polygon = Polygon(autoDraw=True, autoLog=True, closeShape=True, contrast=1.0, depth=0, fillColor=u'#2c7bb6', fillColorSpace='hex', fillRGB=array([ 44, 123, 182]), interpolate=True, lineColor=array([ 1.,  1.,  1.]), lineColorSpace='rgb', lineRGB=array([ 1.,  1.,  1.]), lineWidth=1.5, name='unnamed Polygon', opacity=1.0, ori=array(0.0), pos=array([ 0.,  0.]), size=array([ 0.5,  0.5]), units='height', vertices=ndarray(...), win=Window(...))
80.7588 	EXP 	text_same: autoDraw = False
80.7588 	EXP 	unnamed Polygon: autoDraw = False
80.7588 	EXP 	text_same: text = ''
80.7588 	EXP 	text_same: autoDraw = True
80.9086 	DATA 	Keypress: f
80.9100 	EXP 	New trial (rep=0, index=15): {u'color': u'#fdae61', u'answer': u'o'}
80.9223 	EXP 	Created unnamed Polygon = Polygon(autoDraw=True, autoLog=True, closeShape=True, contrast=1.0, depth=0, fillColor=u'#fdae61', fillColorSpace='hex', fillRGB=array([253, 174,  97]), interpolate=True, lineColor=array([ 1.,  1.,  1.]), lineColorSpace='rgb', lineRGB=array([ 1.,  1.,  1.]), lineWidth=1.5, name='unnamed Polygon', opacity=1.0, ori=array(0.0), pos=array([ 0.,  0.]), size=array([ 0.5,  0.5]), units='height', vertices=ndarray(...), win=Window(...))
80.9408 	EXP 	text_same: autoDraw = False
80.9408 	EXP 	unnamed Polygon: autoDraw = False
80.9408 	EXP 	text_same: text = 'SAME?'
80.9408 	EXP 	text_same: autoDraw = True
81.0581 	DATA 	Keypress: f
81.0603 	EXP 	New trial (rep=0, index=16): {u'color': u'#2c7bb6', u'answer': u'b'}
81.0646 	EXP 	Created unnamed Polygon = Polygon(autoDraw=True, autoLog=True, closeShape=True, contrast=1.0, depth=0, fillColor=u'#2c7bb6', fillColorSpace='hex', fillRGB=array([ 44, 123, 182]), interpolate=True, lineColor=array([ 1.,  1.,  1.]), lineColorSpace='rgb', lineRGB=array([ 1.,  1.,  1.]), lineWidth=1.5, name='unnamed Polygon', opacity=1.0, ori=array(0.0), pos=array([ 0.,  0.]), size=array([ 0.5,  0.5]), units='height', vertices=ndarray(...), win=Window(...))
81.0910 	EXP 	text_same: autoDraw = False
81.0910 	EXP 	unnamed Polygon: autoDraw = False
81.0910 	EXP 	text_same: text = ''
81.0910 	EXP 	text_same: autoDraw = True
81.2256 	DATA 	Keypress: f
81.2265 	EXP 	New trial (rep=0, index=17): {u'color': u'#2c7bb6', u'answer': u'b'}
81.2476 	EXP 	Created unnamed Polygon = Polygon(autoDraw=True, autoLog=True, closeShape=True, contrast=1.0, depth=0, fillColor=u'#2c7bb6', fillColorSpace='hex', fillRGB=array([ 44, 123, 182]), interpolate=True, lineColor=array([ 1.,  1.,  1.]), lineColorSpace='rgb', lineRGB=array([ 1.,  1.,  1.]), lineWidth=1.5, name='unnamed Polygon', opacity=1.0, ori=array(0.0), pos=array([ 0.,  0.]), size=array([ 0.5,  0.5]), units='height', vertices=ndarray(...), win=Window(...))
81.2749 	EXP 	text_same: autoDraw = False
81.2749 	EXP 	unnamed Polygon: autoDraw = False
81.2749 	EXP 	text_same: text = 'SAME?'
81.2749 	EXP 	text_same: autoDraw = True
81.3751 	DATA 	Keypress: f
81.3776 	EXP 	New trial (rep=0, index=18): {u'color': u'#2c7bb6', u'answer': u'b'}
81.3869 	EXP 	Created unnamed Polygon = Polygon(autoDraw=True, autoLog=True, closeShape=True, contrast=1.0, depth=0, fillColor=u'#2c7bb6', fillColorSpace='hex', fillRGB=array([ 44, 123, 182]), interpolate=True, lineColor=array([ 1.,  1.,  1.]), lineColorSpace='rgb', lineRGB=array([ 1.,  1.,  1.]), lineWidth=1.5, name='unnamed Polygon', opacity=1.0, ori=array(0.0), pos=array([ 0.,  0.]), size=array([ 0.5,  0.5]), units='height', vertices=ndarray(...), win=Window(...))
81.4071 	EXP 	text_same: autoDraw = False
81.4071 	EXP 	unnamed Polygon: autoDraw = False
81.4071 	EXP 	text_same: text = ''
81.4071 	EXP 	text_same: autoDraw = True
81.5249 	DATA 	Keypress: f
81.5269 	EXP 	New trial (rep=0, index=19): {u'color': u'#2c7bb6', u'answer': u'b'}
81.5449 	EXP 	Created unnamed Polygon = Polygon(autoDraw=True, autoLog=True, closeShape=True, contrast=1.0, depth=0, fillColor=u'#2c7bb6', fillColorSpace='hex', fillRGB=array([ 44, 123, 182]), interpolate=True, lineColor=array([ 1.,  1.,  1.]), lineColorSpace='rgb', lineRGB=array([ 1.,  1.,  1.]), lineWidth=1.5, name='unnamed Polygon', opacity=1.0, ori=array(0.0), pos=array([ 0.,  0.]), size=array([ 0.5,  0.5]), units='height', vertices=ndarray(...), win=Window(...))
81.5741 	EXP 	text_same: autoDraw = False
81.5741 	EXP 	unnamed Polygon: autoDraw = False
81.5741 	EXP 	text_same: text = 'SAME?'
81.5741 	EXP 	text_same: autoDraw = True
81.6916 	DATA 	Keypress: f
81.6929 	EXP 	New trial (rep=0, index=20): {u'color': u'#fdae61', u'answer': u'o'}
81.6971 	EXP 	Created unnamed Polygon = Polygon(autoDraw=True, autoLog=True, closeShape=True, contrast=1.0, depth=0, fillColor=u'#fdae61', fillColorSpace='hex', fillRGB=array([253, 174,  97]), interpolate=True, lineColor=array([ 1.,  1.,  1.]), lineColorSpace='rgb', lineRGB=array([ 1.,  1.,  1.]), lineWidth=1.5, name='unnamed Polygon', opacity=1.0, ori=array(0.0), pos=array([ 0.,  0.]), size=array([ 0.5,  0.5]), units='height', vertices=ndarray(...), win=Window(...))
81.7240 	EXP 	text_same: autoDraw = False
81.7240 	EXP 	unnamed Polygon: autoDraw = False
81.7240 	EXP 	text_same: text = ''
81.7240 	EXP 	text_same: autoDraw = True
81.8595 	DATA 	Keypress: f
81.8648 	EXP 	New trial (rep=0, index=21): {u'color': u'#2c7bb6', u'answer': u'b'}
81.8845 	EXP 	Created unnamed Polygon = Polygon(autoDraw=True, autoLog=True, closeShape=True, contrast=1.0, depth=0, fillColor=u'#2c7bb6', fillColorSpace='hex', fillRGB=array([ 44, 123, 182]), interpolate=True, lineColor=array([ 1.,  1.,  1.]), lineColorSpace='rgb', lineRGB=array([ 1.,  1.,  1.]), lineWidth=1.5, name='unnamed Polygon', opacity=1.0, ori=array(0.0), pos=array([ 0.,  0.]), size=array([ 0.5,  0.5]), units='height', vertices=ndarray(...), win=Window(...))
81.9070 	EXP 	text_same: autoDraw = False
81.9070 	EXP 	unnamed Polygon: autoDraw = False
81.9070 	EXP 	text_same: text = 'SAME?'
81.9070 	EXP 	text_same: autoDraw = True
82.0246 	DATA 	Keypress: f
82.0260 	EXP 	New trial (rep=0, index=22): {u'color': u'#2c7bb6', u'answer': u'b'}
82.0297 	EXP 	Created unnamed Polygon = Polygon(autoDraw=True, autoLog=True, closeShape=True, contrast=1.0, depth=0, fillColor=u'#2c7bb6', fillColorSpace='hex', fillRGB=array([ 44, 123, 182]), interpolate=True, lineColor=array([ 1.,  1.,  1.]), lineColorSpace='rgb', lineRGB=array([ 1.,  1.,  1.]), lineWidth=1.5, name='unnamed Polygon', opacity=1.0, ori=array(0.0), pos=array([ 0.,  0.]), size=array([ 0.5,  0.5]), units='height', vertices=ndarray(...), win=Window(...))
82.0574 	EXP 	text_same: autoDraw = False
82.0574 	EXP 	unnamed Polygon: autoDraw = False
82.0574 	EXP 	text_same: text = ''
82.0574 	EXP 	text_same: autoDraw = True
82.1745 	DATA 	Keypress: f
82.1757 	EXP 	New trial (rep=0, index=23): {u'color': u'#fdae61', u'answer': u'o'}
82.1856 	EXP 	Created unnamed Polygon = Polygon(autoDraw=True, autoLog=True, closeShape=True, contrast=1.0, depth=0, fillColor=u'#fdae61', fillColorSpace='hex', fillRGB=array([253, 174,  97]), interpolate=True, lineColor=array([ 1.,  1.,  1.]), lineColorSpace='rgb', lineRGB=array([ 1.,  1.,  1.]), lineWidth=1.5, name='unnamed Polygon', opacity=1.0, ori=array(0.0), pos=array([ 0.,  0.]), size=array([ 0.5,  0.5]), units='height', vertices=ndarray(...), win=Window(...))
82.2064 	EXP 	text_same: autoDraw = False
82.2064 	EXP 	unnamed Polygon: autoDraw = False
82.2064 	EXP 	text_same: text = 'SAME?'
82.2064 	EXP 	text_same: autoDraw = True
82.3416 	DATA 	Keypress: f
82.3463 	EXP 	New trial (rep=0, index=24): {u'color': u'#d7191c', u'answer': u'r'}
82.3601 	EXP 	Created unnamed Polygon = Polygon(autoDraw=True, autoLog=True, closeShape=True, contrast=1.0, depth=0, fillColor=u'#d7191c', fillColorSpace='hex', fillRGB=array([215,  25,  28]), interpolate=True, lineColor=array([ 1.,  1.,  1.]), lineColorSpace='rgb', lineRGB=array([ 1.,  1.,  1.]), lineWidth=1.5, name='unnamed Polygon', opacity=1.0, ori=array(0.0), pos=array([ 0.,  0.]), size=array([ 0.5,  0.5]), units='height', vertices=ndarray(...), win=Window(...))
82.3902 	EXP 	text_same: autoDraw = False
82.3902 	EXP 	unnamed Polygon: autoDraw = False
82.3902 	EXP 	text_same: text = ''
82.3902 	EXP 	text_same: autoDraw = True
82.6912 	DATA 	Keypress: escape
