22.3050 	INFO 	Loaded monitor calibration from ['2016_05_25 15:27']
25.6672 	EXP 	Created window1 = Window(allowGUI=False, allowStencil=False, autoLog=True, bitsMode=UNKNOWN, blendMode='avg', color=array([ 0.4,  0.4,  0.4]), colorSpace='rgb', fullscr=UNKNOWN, gamma=None, lms=UNKNOWN, monitor=<psychopy.monitors.calibTools.Monitor instance at 0x0532BAA8>, name='window1', pos=[0, 0], screen=0, size=array([1920, 1080]), stereo=False, units=u'norm', useFBO=True, viewOri=0.0, viewPos=None, viewScale=None, waitBlanking=True, winType='pyglet')
25.6672 	EXP 	window1: recordFrameIntervals = False
25.8317 	EXP 	window1: recordFrameIntervals = True
26.0164 	DEBUG 	Screen (0) actual frame rate measured at 59.72
26.0164 	EXP 	window1: recordFrameIntervals = False
26.5904 	EXP 	Created text_4 = TextStim(alignHoriz='center', alignVert='center', antialias=True, autoLog=True, bold=False, color='black', colorSpace='named', contrast=1.0, depth=0.0, flipHoriz=False, flipVert=False, font='Arial', fontFiles=[], height=0.1, italic=False, name='text_4', opacity=1.0, ori=0, pos=array([ 0.,  0.]), rgb=array([ 0.,  0.,  0.]), text=unicode(...), units=u'norm', win=Window(...), wrapWidth=1.5)
26.6706 	EXP 	Created polygon_2 = Polygon(autoDraw=False, autoLog=True, closeShape=True, contrast=1.0, depth=0.0, fillColor='#d7191c', fillColorSpace='hex', fillRGB=array([215,  25,  28]), interpolate=True, lineColor=array([ 1.,  1.,  1.]), lineColorSpace='rgb', lineRGB=array([ 1.,  1.,  1.]), lineWidth=1, name='polygon_2', opacity=1.0, ori=array(0.0), pos=array([-0.3,  0. ]), size=array([ 0.5,  0.5]), units=u'norm', vertices=ndarray(...), win=Window(...))
26.6742 	EXP 	Created polygon_3 = ShapeStim(autoDraw=False, autoLog=True, closeShape=True, contrast=1.0, depth=-1.0, fillColor='#d7191c', fillColorSpace='hex', fillRGB=array([215,  25,  28]), interpolate=True, lineColor=array([ 1.,  1.,  1.]), lineColorSpace='rgb', lineRGB=array([ 1.,  1.,  1.]), lineWidth=1, name='polygon_3', opacity=1.0, ori=array(0.0), pos=array([ 0.3,  0. ]), size=array([ 1.,  1.]), units=u'norm', vertices=ndarray(...), win=Window(...))
26.7225 	EXP 	Created text_3 = TextStim(alignHoriz='center', alignVert='center', antialias=True, autoLog=True, bold=False, color='black', colorSpace='named', contrast=1.0, depth=-2.0, flipHoriz=False, flipVert=False, font='Arial', fontFiles=[], height=0.1, italic=False, name='text_3', opacity=1.0, ori=0, pos=array([ 0. ,  0.6]), rgb=array([ 0.,  0.,  0.]), text=unicode(...), units='norm', win=Window(...), wrapWidth=1)
26.7247 	EXP 	Created polygon_4 = Polygon(autoDraw=False, autoLog=True, closeShape=True, contrast=1.0, depth=0.0, fillColor='#fdae61', fillColorSpace='hex', fillRGB=array([253, 174,  97]), interpolate=True, lineColor=array([ 1.,  1.,  1.]), lineColorSpace='rgb', lineRGB=array([ 1.,  1.,  1.]), lineWidth=1, name='polygon_4', opacity=1.0, ori=array(0.0), pos=array([ 0.3,  0. ]), size=array([ 0.5,  0.5]), units=u'norm', vertices=ndarray(...), win=Window(...))
26.7268 	EXP 	Created polygon_5 = Polygon(autoDraw=False, autoLog=True, closeShape=True, contrast=1.0, depth=-1.0, fillColor='#2c7bb6', fillColorSpace='hex', fillRGB=array([ 44, 123, 182]), interpolate=True, lineColor=array([ 1.,  1.,  1.]), lineColorSpace='rgb', lineRGB=array([ 1.,  1.,  1.]), lineWidth=1, name='polygon_5', opacity=1.0, ori=array(0.0), pos=array([-0.3,  0. ]), size=array([ 0.5,  0.5]), units=u'norm', vertices=ndarray(...), win=Window(...))
26.7655 	EXP 	Created text_5 = TextStim(alignHoriz='center', alignVert='center', antialias=True, autoLog=True, bold=False, color='black', colorSpace='named', contrast=1.0, depth=-2.0, flipHoriz=False, flipVert=False, font='Arial', fontFiles=[], height=0.1, italic=False, name='text_5', opacity=1.0, ori=0, pos=array([ 0. ,  0.6]), rgb=array([ 0.,  0.,  0.]), text=unicode(...), units=u'norm', win=Window(...), wrapWidth=1)
26.7664 	EXP 	Created text_6 = TextStim(alignHoriz='center', alignVert='center', antialias=True, autoLog=True, bold=False, color='black', colorSpace='named', contrast=1.0, depth=0.0, flipHoriz=False, flipVert=False, font='Arial', fontFiles=[], height=0.1, italic=False, name='text_6', opacity=1.0, ori=0, pos=array([ 0.,  0.]), rgb=array([ 0.,  0.,  0.]), text='', units=u'norm', win=Window(...), wrapWidth=1.5)
26.7673 	EXP 	Created text_9 = TextStim(alignHoriz='center', alignVert='center', antialias=True, autoLog=True, bold=False, color='black', colorSpace='named', contrast=1.0, depth=-2.0, flipHoriz=False, flipVert=False, font='Arial', fontFiles=[], height=0.1, italic=False, name='text_9', opacity=1.0, ori=0, pos=array([ 0. , -0.6]), rgb=array([ 0.,  0.,  0.]), text='', units=u'norm', win=Window(...), wrapWidth=1)
26.8078 	EXP 	Created text_10 = TextStim(alignHoriz='center', alignVert='center', antialias=True, autoLog=True, bold=False, color='black', colorSpace='named', contrast=1.0, depth=0.0, flipHoriz=False, flipVert=False, font='Arial', fontFiles=[], height=0.1, italic=False, name='text_10', opacity=1.0, ori=0, pos=array([ 0.,  0.]), rgb=array([ 0.,  0.,  0.]), text=unicode(...), units=u'norm', win=Window(...), wrapWidth=1)
26.8264 	EXP 	Created text = TextStim(alignHoriz='center', alignVert='center', antialias=True, autoLog=True, bold=False, color='black', colorSpace='named', contrast=1.0, depth=0.0, flipHoriz=False, flipVert=False, font='Arial', fontFiles=[], height=0.1, italic=False, name='text', opacity=1.0, ori=0, pos=array([ 0.,  0.]), rgb=array([ 0.,  0.,  0.]), text=unicode(...), units=u'norm', win=Window(...), wrapWidth=1)
26.8500 	EXP 	text_4: autoDraw = True
120.8177 	DATA 	Keypress: space
120.8662 	EXP 	text_4: autoDraw = False
120.8662 	EXP 	polygon_2: autoDraw = True
120.8662 	EXP 	polygon_3: autoDraw = True
120.8662 	EXP 	text_3: autoDraw = True
126.3792 	DATA 	Keypress: f
127.7281 	DATA 	Keypress: d
128.4609 	DATA 	Keypress: g
128.8296 	DATA 	Keypress: s
129.5794 	DATA 	Keypress: s
129.8272 	DATA 	Keypress: s
130.0458 	DATA 	Keypress: f
131.7928 	DATA 	Keypress: s
132.0592 	DATA 	Keypress: s
132.4924 	DATA 	Keypress: s
132.9423 	DATA 	Keypress: g
133.4250 	DATA 	Keypress: s
133.7415 	DATA 	Keypress: g
133.9416 	DATA 	Keypress: s
134.1409 	DATA 	Keypress: g
134.2940 	DATA 	Keypress: s
135.0080 	DATA 	Keypress: escape
