16.3843 	INFO 	Loaded monitor calibration from ['2013_02_18 13:37']
20.4520 	WARNING 	Couldn't measure a consistent frame rate.
  - Is your graphics card set to sync to vertical blank?
  - Are you running other processes on your computer?

20.4524 	EXP 	Created window1 = Window(allowGUI=False, allowStencil=False, autoLog=True, bitsMode=UNKNOWN, blendMode='avg', color=array([ 0.4,  0.4,  0.4]), colorSpace='rgb', fullscr=UNKNOWN, gamma=None, lms=UNKNOWN, monitor=<psychopy.monitors.calibTools.Monitor object at 0x085A6CF0>, multiSample=False, name='window1', numSamples=2, pos=[0, 0], screen=0, size=array([1600,  900]), stereo=False, units=u'norm', useFBO=True, useRetina=False, viewOri=0.0, viewPos=None, viewScale=None, waitBlanking=True, winType='pyglet')
20.4525 	EXP 	window1: recordFrameIntervals = False
20.8429 	EXP 	window1: recordFrameIntervals = True
20.8735 	WARNING 	t of last frame was 21.29ms (=1/46)
20.9156 	WARNING 	t of last frame was 42.07ms (=1/23)
20.9359 	WARNING 	t of last frame was 20.40ms (=1/49)
20.9578 	WARNING 	t of last frame was 21.87ms (=1/45)
20.9780 	WARNING 	Multiple dropped frames have occurred - I'll stop bothering you about them!
23.8574 	WARNING 	Couldn't measure a consistent frame rate.
  - Is your graphics card set to sync to vertical blank?
  - Are you running other processes on your computer?

24.1355 	EXP 	Created text_4 = TextStim(alignHoriz='center', alignVert='center', antialias=True, autoLog=True, bold=False, color='black', colorSpace='named', contrast=1.0, depth=0.0, flipHoriz=False, flipVert=False, font='Arial', fontFiles=[], height=0.1, italic=False, name='text_4', opacity=1.0, ori=0, pos=array([ 0.,  0.]), rgb=array([ 0.,  0.,  0.]), text=unicode(...), units=u'norm', win=Window(...), wrapWidth=1.5)
24.1363 	EXP 	Created text_6 = TextStim(alignHoriz='center', alignVert='center', antialias=True, autoLog=True, bold=False, color='black', colorSpace='named', contrast=1.0, depth=0.0, flipHoriz=False, flipVert=False, font='Arial', fontFiles=[], height=0.1, italic=False, name='text_6', opacity=1.0, ori=0, pos=array([ 0.,  0.]), rgb=array([ 0.,  0.,  0.]), text='', units=u'norm', win=Window(...), wrapWidth=1.5)
24.1371 	EXP 	Created text_9 = TextStim(alignHoriz='center', alignVert='center', antialias=True, autoLog=True, bold=False, color='black', colorSpace='named', contrast=1.0, depth=-1.0, flipHoriz=False, flipVert=False, font='Arial', fontFiles=[], height=0.1, italic=False, name='text_9', opacity=1.0, ori=0, pos=array([ 0. , -0.6]), rgb=array([ 0.,  0.,  0.]), text='', units=u'norm', win=Window(...), wrapWidth=1)
24.1411 	EXP 	Created image = ImageStim(autoLog=True, color=array([ 1.,  1.,  1.]), colorSpace='rgb', contrast=1.0, depth=-2.0, flipHoriz=False, flipVert=False, image='sin', interpolate=True, mask=None, maskParams=None, name='image', opacity=1.0, ori=0.0, pos=array([ 0.,  0.]), size=array([ 0.67,  0.67]), texRes=128, units='height', win=Window(...))
24.1419 	EXP 	Created text_same_practice = TextStim(alignHoriz='center', alignVert='center', antialias=True, autoLog=True, bold=False, color='black', colorSpace='named', contrast=1.0, depth=-3.0, flipHoriz=False, flipVert=False, font='Arial', fontFiles=[], height=0.1, italic=False, name='text_same_practice', opacity=1.0, ori=0, pos=array([ 0. , -0.8]), rgb=array([ 0.,  0.,  0.]), text='', units=u'norm', win=Window(...), wrapWidth=1)
24.1474 	EXP 	Created text_2 = TextStim(alignHoriz='center', alignVert='center', antialias=True, autoLog=True, bold=False, color='black', colorSpace='named', contrast=1.0, depth=0.0, flipHoriz=False, flipVert=False, font='Arial', fontFiles=[], height=0.1, italic=False, name='text_2', opacity=1.0, ori=0, pos=array([ 0.,  0.]), rgb=array([ 0.,  0.,  0.]), text=u'+', units=u'norm', win=Window(...), wrapWidth=1)
24.1481 	EXP 	Created text_11 = TextStim(alignHoriz='center', alignVert='center', antialias=True, autoLog=True, bold=False, color='black', colorSpace='named', contrast=1.0, depth=-1.0, flipHoriz=False, flipVert=False, font='Arial', fontFiles=[], height=0.1, italic=False, name='text_11', opacity=1.0, ori=0, pos=array([ 0. , -0.6]), rgb=array([ 0.,  0.,  0.]), text='', units=u'norm', win=Window(...), wrapWidth=1)
24.1504 	EXP 	Created image_3 = ImageStim(autoLog=True, color=array([ 1.,  1.,  1.]), colorSpace='rgb', contrast=1.0, depth=-2.0, flipHoriz=False, flipVert=False, image='sin', interpolate=True, mask=None, maskParams=None, name='image_3', opacity=1.0, ori=0.0, pos=array([ 0.,  0.]), size=array([ 1.        ,  1.77777778]), texRes=128, units=u'norm', win=Window(...))
24.1511 	EXP 	Created text_same_practice_2 = TextStim(alignHoriz='center', alignVert='center', antialias=True, autoLog=True, bold=False, color='black', colorSpace='named', contrast=1.0, depth=-3.0, flipHoriz=False, flipVert=False, font='Arial', fontFiles=[], height=0.1, italic=False, name='text_same_practice_2', opacity=1.0, ori=0, pos=array([ 0. , -0.8]), rgb=array([ 0.,  0.,  0.]), text='', units=u'norm', win=Window(...), wrapWidth=1)
24.1553 	EXP 	Created text_2 = TextStim(alignHoriz='center', alignVert='center', antialias=True, autoLog=True, bold=False, color='black', colorSpace='named', contrast=1.0, depth=0.0, flipHoriz=False, flipVert=False, font='Arial', fontFiles=[], height=0.1, italic=False, name='text_2', opacity=1.0, ori=0, pos=array([ 0.,  0.]), rgb=array([ 0.,  0.,  0.]), text=u'+', units=u'norm', win=Window(...), wrapWidth=1)
24.1572 	EXP 	Created text_12 = TextStim(alignHoriz='center', alignVert='center', antialias=True, autoLog=True, bold=False, color='black', colorSpace='named', contrast=1.0, depth=-1.0, flipHoriz=False, flipVert=False, font='Arial', fontFiles=[], height=0.1, italic=False, name='text_12', opacity=1.0, ori=0, pos=array([ 0. , -0.6]), rgb=array([ 0.,  0.,  0.]), text='', units=u'norm', win=Window(...), wrapWidth=1)
24.1634 	EXP 	Created image_4 = ImageStim(autoLog=True, color=array([ 1.,  1.,  1.]), colorSpace='rgb', contrast=1.0, depth=-2.0, flipHoriz=False, flipVert=False, image='sin', interpolate=True, mask=None, maskParams=None, name='image_4', opacity=1.0, ori=0.0, pos=array([ 0.,  0.]), size=array([ 1.        ,  1.77777778]), texRes=128, units=u'norm', win=Window(...))
24.1650 	EXP 	Created text_same_practice_3 = TextStim(alignHoriz='center', alignVert='center', antialias=True, autoLog=True, bold=False, color='black', colorSpace='named', contrast=1.0, depth=-3.0, flipHoriz=False, flipVert=False, font='Arial', fontFiles=[], height=0.1, italic=False, name='text_same_practice_3', opacity=1.0, ori=0, pos=array([ 0. , -0.8]), rgb=array([ 0.,  0.,  0.]), text='', units=u'norm', win=Window(...), wrapWidth=1)
24.1915 	EXP 	Created text_10 = TextStim(alignHoriz='center', alignVert='center', antialias=True, autoLog=True, bold=False, color='black', colorSpace='named', contrast=1.0, depth=0.0, flipHoriz=False, flipVert=False, font='Arial', fontFiles=[], height=0.1, italic=False, name='text_10', opacity=1.0, ori=0, pos=array([ 0.,  0.]), rgb=array([ 0.,  0.,  0.]), text=unicode(...), units=u'norm', win=Window(...), wrapWidth=1)
24.1938 	EXP 	Created image_2 = ImageStim(autoLog=True, color=array([ 1.,  1.,  1.]), colorSpace='rgb', contrast=1.0, depth=-1.0, flipHoriz=False, flipVert=False, image='sin', interpolate=True, mask=None, maskParams=None, name='image_2', opacity=1.0, ori=0.0, pos=array([ 0.,  0.]), size=array([ 0.75,  1.  ]), texRes=128, units='norm', win=Window(...))
24.1996 	EXP 	Created unnamed TextStim = TextStim(alignHoriz='center', alignVert='center', antialias=True, autoLog=True, bold=False, color='black', colorSpace='named', contrast=1.0, depth=0, flipHoriz=False, flipVert=False, font='', fontFiles=[], height=0.1, italic=False, name='unnamed TextStim', opacity=1.0, ori=0.0, pos=array([ 0.,  0.]), rgb=array([ 0.,  0.,  0.]), text=u'+', units=u'norm', win=Window(...), wrapWidth=1)
24.2007 	EXP 	Created text_same = TextStim(alignHoriz='center', alignVert='center', antialias=True, autoLog=True, bold=False, color=u'black', colorSpace='named', contrast=1.0, depth=-3.0, flipHoriz=False, flipVert=False, font=u'Arial', fontFiles=[], height=0.1, italic=False, name='text_same', opacity=1.0, ori=0, pos=array([ 0. ,  0.8]), rgb=array([ 0.,  0.,  0.]), text='', units=u'norm', win=Window(...), wrapWidth=1)
24.2156 	EXP 	Created text = TextStim(alignHoriz='center', alignVert='center', antialias=True, autoLog=True, bold=False, color='black', colorSpace='named', contrast=1.0, depth=0.0, flipHoriz=False, flipVert=False, font='Arial', fontFiles=[], height=0.1, italic=False, name='text', opacity=1.0, ori=0, pos=array([ 0.,  0.]), rgb=array([ 0.,  0.,  0.]), text=unicode(...), units=u'norm', win=Window(...), wrapWidth=1)
24.2188 	EXP 	window1: blendMode = 'avg'
24.2511 	EXP 	text_4: autoDraw = True
24.2517 	EXP 	window1: blendMode = 'avg'
24.2821 	EXP 	window1: blendMode = 'avg'
24.3130 	DATA 	Keypress: d
24.3136 	EXP 	Created sequence: random, trialTypes=1, nReps=2, seed=None
24.3139 	EXP 	New trial (rep=0, index=0): None
24.3966 	EXP 	window1: blendMode = 'avg'
24.4181 	EXP 	text_4: autoDraw = False
24.4181 	EXP 	text_6: text = "Let's try a few for practice. You'll see spatial directions one at a time on the screen. They will be either LEFT or RIGHT or AHEAD. Tell the experimenter if the spatial direction on the screen is the SAME or DIFFERENT from the spatial direction that you just saw. For the first stimulus, just say 'GO.' Then when it says 'Same?' underneath, tell the experimenter whether you see the same direction or a different direction"
24.4181 	EXP 	text_6: autoDraw = True
24.4191 	EXP 	window1: blendMode = 'avg'
24.4423 	EXP 	window1: blendMode = 'avg'
24.4622 	EXP 	window1: blendMode = 'avg'
24.4824 	EXP 	window1: blendMode = 'avg'
24.5040 	EXP 	window1: blendMode = 'avg'
24.5241 	EXP 	window1: blendMode = 'avg'
24.5528 	EXP 	window1: blendMode = 'avg'
24.5837 	EXP 	window1: blendMode = 'avg'
24.6043 	EXP 	window1: blendMode = 'avg'
24.6245 	EXP 	window1: blendMode = 'avg'
24.6531 	EXP 	window1: blendMode = 'avg'
24.6843 	EXP 	window1: blendMode = 'avg'
24.7042 	EXP 	window1: blendMode = 'avg'
24.7339 	EXP 	window1: blendMode = 'avg'
24.7651 	EXP 	window1: blendMode = 'avg'
24.7964 	EXP 	window1: blendMode = 'avg'
24.8276 	EXP 	window1: blendMode = 'avg'
24.8591 	EXP 	window1: blendMode = 'avg'
24.8887 	EXP 	window1: blendMode = 'avg'
24.9087 	EXP 	window1: blendMode = 'avg'
24.9494 	EXP 	window1: blendMode = 'avg'
24.9694 	EXP 	window1: blendMode = 'avg'
24.9895 	EXP 	window1: blendMode = 'avg'
25.0214 	EXP 	window1: blendMode = 'avg'
25.0535 	EXP 	window1: blendMode = 'avg'
25.0802 	EXP 	window1: blendMode = 'avg'
25.1114 	EXP 	window1: blendMode = 'avg'
25.1423 	EXP 	window1: blendMode = 'avg'
25.1736 	EXP 	window1: blendMode = 'avg'
25.2049 	EXP 	window1: blendMode = 'avg'
25.2357 	DATA 	Keypress: s
25.2576 	DEBUG 	Read excel file with pandas: Extra_Stimuli//practice_order_WHI_image.xlsx
25.2586 	EXP 	Imported Extra_Stimuli//practice_order_WHI_image.xlsx as conditions, 9 conditions, 5 params
25.2590 	EXP 	Created sequence: random, trialTypes=9, nReps=1, seed=None
25.2594 	EXP 	New trial (rep=0, index=0): {'Stimulus_Practice': u'ahead_image_3_WHI.jpg', 'Direction': u'ahead', 'Number': 3, 'Background': u'_WHI', 'Format': u'image'}
25.2952 	EXP 	window1: blendMode = 'avg'
25.2997 	EXP 	window1: blendMode = 'avg'
25.3292 	EXP 	text_6: autoDraw = False
25.3292 	EXP 	image: image = u'Extra_Stimuli//ahead_image_3_WHI.jpg'
25.3292 	EXP 	text_same_practice: text = ''
25.3292 	EXP 	text_9: autoDraw = True
25.3292 	EXP 	image: autoDraw = True
25.3292 	EXP 	text_same_practice: autoDraw = True
25.3300 	EXP 	window1: blendMode = 'avg'
25.3303 	EXP 	window1: blendMode = 'avg'
25.3616 	EXP 	window1: blendMode = 'avg'
25.3622 	EXP 	window1: blendMode = 'avg'
25.3931 	EXP 	window1: blendMode = 'avg'
25.3934 	EXP 	window1: blendMode = 'avg'
25.4142 	EXP 	window1: blendMode = 'avg'
25.4145 	EXP 	window1: blendMode = 'avg'
25.4410 	EXP 	window1: blendMode = 'avg'
25.4414 	EXP 	window1: blendMode = 'avg'
25.4605 	EXP 	window1: blendMode = 'avg'
25.4607 	EXP 	window1: blendMode = 'avg'
25.4819 	EXP 	window1: blendMode = 'avg'
25.4822 	EXP 	window1: blendMode = 'avg'
25.5022 	EXP 	window1: blendMode = 'avg'
25.5025 	EXP 	window1: blendMode = 'avg'
25.5224 	EXP 	window1: blendMode = 'avg'
25.5227 	EXP 	window1: blendMode = 'avg'
25.5520 	EXP 	window1: blendMode = 'avg'
25.5522 	EXP 	window1: blendMode = 'avg'
25.5838 	EXP 	window1: blendMode = 'avg'
25.5842 	EXP 	window1: blendMode = 'avg'
25.6039 	EXP 	window1: blendMode = 'avg'
25.6042 	EXP 	window1: blendMode = 'avg'
25.6241 	EXP 	window1: blendMode = 'avg'
25.6247 	EXP 	window1: blendMode = 'avg'
25.6533 	EXP 	window1: blendMode = 'avg'
25.6536 	EXP 	window1: blendMode = 'avg'
25.6846 	EXP 	window1: blendMode = 'avg'
25.6850 	EXP 	window1: blendMode = 'avg'
25.7056 	EXP 	window1: blendMode = 'avg'
25.7060 	EXP 	window1: blendMode = 'avg'
25.8275 	EXP 	window1: blendMode = 'avg'
25.8277 	EXP 	window1: blendMode = 'avg'
25.8588 	EXP 	window1: blendMode = 'avg'
25.8590 	EXP 	window1: blendMode = 'avg'
25.8841 	EXP 	window1: blendMode = 'avg'
25.8844 	EXP 	window1: blendMode = 'avg'
25.9044 	EXP 	window1: blendMode = 'avg'
25.9048 	EXP 	window1: blendMode = 'avg'
25.9245 	EXP 	window1: blendMode = 'avg'
25.9250 	EXP 	window1: blendMode = 'avg'
25.9661 	EXP 	window1: blendMode = 'avg'
25.9663 	EXP 	window1: blendMode = 'avg'
25.9866 	EXP 	window1: blendMode = 'avg'
25.9871 	EXP 	window1: blendMode = 'avg'
26.0335 	EXP 	window1: blendMode = 'avg'
26.0338 	EXP 	window1: blendMode = 'avg'
26.0756 	EXP 	window1: blendMode = 'avg'
26.0759 	EXP 	window1: blendMode = 'avg'
26.1065 	EXP 	window1: blendMode = 'avg'
26.1069 	EXP 	window1: blendMode = 'avg'
26.1267 	EXP 	window1: blendMode = 'avg'
26.1272 	EXP 	window1: blendMode = 'avg'
26.1588 	EXP 	window1: blendMode = 'avg'
26.1590 	EXP 	window1: blendMode = 'avg'
26.1900 	EXP 	window1: blendMode = 'avg'
26.1903 	EXP 	window1: blendMode = 'avg'
26.2214 	EXP 	window1: blendMode = 'avg'
26.2218 	EXP 	window1: blendMode = 'avg'
26.2529 	EXP 	window1: blendMode = 'avg'
26.2532 	EXP 	window1: blendMode = 'avg'
26.3543 	EXP 	window1: blendMode = 'avg'
26.3550 	EXP 	window1: blendMode = 'avg'
26.3780 	EXP 	window1: blendMode = 'avg'
26.3783 	EXP 	window1: blendMode = 'avg'
26.4167 	EXP 	window1: blendMode = 'avg'
26.4170 	EXP 	window1: blendMode = 'avg'
26.4364 	EXP 	window1: blendMode = 'avg'
26.4368 	EXP 	window1: blendMode = 'avg'
26.4581 	EXP 	window1: blendMode = 'avg'
26.4583 	EXP 	window1: blendMode = 'avg'
26.4993 	EXP 	window1: blendMode = 'avg'
26.4995 	EXP 	window1: blendMode = 'avg'
26.5193 	EXP 	window1: blendMode = 'avg'
26.5196 	EXP 	window1: blendMode = 'avg'
26.5389 	EXP 	window1: blendMode = 'avg'
26.5392 	EXP 	window1: blendMode = 'avg'
26.5659 	EXP 	window1: blendMode = 'avg'
26.5662 	EXP 	window1: blendMode = 'avg'
26.5874 	EXP 	window1: blendMode = 'avg'
26.5876 	EXP 	window1: blendMode = 'avg'
26.6080 	EXP 	window1: blendMode = 'avg'
26.6085 	EXP 	window1: blendMode = 'avg'
26.6281 	EXP 	window1: blendMode = 'avg'
26.6288 	EXP 	window1: blendMode = 'avg'
26.6567 	EXP 	window1: blendMode = 'avg'
26.6571 	EXP 	window1: blendMode = 'avg'
26.6881 	EXP 	window1: blendMode = 'avg'
26.6886 	EXP 	window1: blendMode = 'avg'
26.7080 	EXP 	window1: blendMode = 'avg'
26.7085 	EXP 	window1: blendMode = 'avg'
26.7321 	EXP 	window1: blendMode = 'avg'
26.7324 	EXP 	window1: blendMode = 'avg'
26.7635 	EXP 	window1: blendMode = 'avg'
26.7637 	EXP 	window1: blendMode = 'avg'
26.7946 	EXP 	window1: blendMode = 'avg'
26.7949 	EXP 	window1: blendMode = 'avg'
26.8246 	EXP 	window1: blendMode = 'avg'
26.8248 	EXP 	window1: blendMode = 'avg'
26.8559 	EXP 	window1: blendMode = 'avg'
26.8561 	EXP 	window1: blendMode = 'avg'
26.8837 	EXP 	window1: blendMode = 'avg'
26.8840 	EXP 	window1: blendMode = 'avg'
26.9042 	EXP 	window1: blendMode = 'avg'
26.9045 	EXP 	window1: blendMode = 'avg'
26.9247 	EXP 	window1: blendMode = 'avg'
26.9251 	EXP 	window1: blendMode = 'avg'
26.9443 	EXP 	window1: blendMode = 'avg'
26.9447 	EXP 	window1: blendMode = 'avg'
26.9862 	EXP 	window1: blendMode = 'avg'
26.9864 	EXP 	window1: blendMode = 'avg'
27.0330 	EXP 	window1: blendMode = 'avg'
27.0333 	EXP 	window1: blendMode = 'avg'
27.0749 	DATA 	Keypress: f
27.0765 	EXP 	New trial (rep=0, index=1): {'Stimulus_Practice': u'right_image_1_WHI.jpg', 'Direction': u'right', 'Number': 1, 'Background': u'_WHI', 'Format': u'image'}
27.1252 	EXP 	window1: blendMode = 'avg'
27.1262 	EXP 	window1: blendMode = 'avg'
27.1413 	EXP 	text_9: autoDraw = False
27.1413 	EXP 	image: autoDraw = False
27.1413 	EXP 	text_same_practice: autoDraw = False
27.1413 	EXP 	image: image = u'Extra_Stimuli//right_image_1_WHI.jpg'
27.1413 	EXP 	text_same_practice: text = 'SAME?'
27.1413 	EXP 	text_9: autoDraw = True
27.1413 	EXP 	image: autoDraw = True
27.1413 	EXP 	text_same_practice: autoDraw = True
27.1419 	EXP 	window1: blendMode = 'avg'
27.1423 	EXP 	window1: blendMode = 'avg'
27.1729 	EXP 	window1: blendMode = 'avg'
27.1733 	EXP 	window1: blendMode = 'avg'
27.2041 	EXP 	window1: blendMode = 'avg'
27.2045 	EXP 	window1: blendMode = 'avg'
27.2354 	EXP 	window1: blendMode = 'avg'
27.2358 	EXP 	window1: blendMode = 'avg'
27.2672 	EXP 	window1: blendMode = 'avg'
27.2678 	EXP 	window1: blendMode = 'avg'
27.2979 	EXP 	window1: blendMode = 'avg'
27.2983 	EXP 	window1: blendMode = 'avg'
27.3292 	EXP 	window1: blendMode = 'avg'
27.3295 	EXP 	window1: blendMode = 'avg'
27.3605 	EXP 	window1: blendMode = 'avg'
27.3611 	EXP 	window1: blendMode = 'avg'
27.3840 	EXP 	window1: blendMode = 'avg'
27.3844 	EXP 	window1: blendMode = 'avg'
27.4043 	EXP 	window1: blendMode = 'avg'
27.4048 	EXP 	window1: blendMode = 'avg'
27.4242 	EXP 	window1: blendMode = 'avg'
27.4247 	EXP 	window1: blendMode = 'avg'
27.4449 	EXP 	window1: blendMode = 'avg'
27.4455 	EXP 	window1: blendMode = 'avg'
27.4650 	EXP 	window1: blendMode = 'avg'
27.4656 	EXP 	window1: blendMode = 'avg'
27.4974 	EXP 	window1: blendMode = 'avg'
27.4978 	EXP 	window1: blendMode = 'avg'
27.5328 	EXP 	window1: blendMode = 'avg'
27.5333 	EXP 	window1: blendMode = 'avg'
27.5757 	EXP 	window1: blendMode = 'avg'
27.5764 	EXP 	window1: blendMode = 'avg'
27.5985 	EXP 	window1: blendMode = 'avg'
27.5990 	EXP 	window1: blendMode = 'avg'
27.6182 	EXP 	window1: blendMode = 'avg'
27.6187 	EXP 	window1: blendMode = 'avg'
27.6384 	EXP 	window1: blendMode = 'avg'
27.6388 	EXP 	window1: blendMode = 'avg'
27.6580 	EXP 	window1: blendMode = 'avg'
27.6584 	EXP 	window1: blendMode = 'avg'
27.6887 	EXP 	window1: blendMode = 'avg'
27.6891 	EXP 	window1: blendMode = 'avg'
27.7089 	EXP 	window1: blendMode = 'avg'
27.7092 	EXP 	window1: blendMode = 'avg'
27.7328 	EXP 	window1: blendMode = 'avg'
27.7334 	EXP 	window1: blendMode = 'avg'
27.7641 	EXP 	window1: blendMode = 'avg'
27.7645 	EXP 	window1: blendMode = 'avg'
27.7951 	EXP 	window1: blendMode = 'avg'
27.7955 	EXP 	window1: blendMode = 'avg'
27.8263 	EXP 	window1: blendMode = 'avg'
27.8267 	EXP 	window1: blendMode = 'avg'
27.8580 	EXP 	window1: blendMode = 'avg'
27.8587 	EXP 	window1: blendMode = 'avg'
27.8842 	EXP 	window1: blendMode = 'avg'
27.8848 	EXP 	window1: blendMode = 'avg'
27.9038 	EXP 	window1: blendMode = 'avg'
27.9043 	EXP 	window1: blendMode = 'avg'
27.9244 	EXP 	window1: blendMode = 'avg'
27.9250 	EXP 	window1: blendMode = 'avg'
27.9446 	EXP 	window1: blendMode = 'avg'
27.9453 	EXP 	window1: blendMode = 'avg'
27.9662 	EXP 	window1: blendMode = 'avg'
27.9666 	EXP 	window1: blendMode = 'avg'
28.0070 	EXP 	window1: blendMode = 'avg'
28.0074 	EXP 	window1: blendMode = 'avg'
28.0266 	EXP 	window1: blendMode = 'avg'
28.0270 	EXP 	window1: blendMode = 'avg'
28.0520 	EXP 	window1: blendMode = 'avg'
28.0524 	EXP 	window1: blendMode = 'avg'
28.0956 	DATA 	Keypress: d
28.0964 	EXP 	window1: blendMode = 'avg'
28.0972 	EXP 	window1: blendMode = 'avg'
28.1264 	EXP 	window1: blendMode = 'avg'
28.1268 	EXP 	window1: blendMode = 'avg'
28.1577 	EXP 	window1: blendMode = 'avg'
28.1582 	EXP 	window1: blendMode = 'avg'
28.1888 	EXP 	window1: blendMode = 'avg'
28.1892 	EXP 	window1: blendMode = 'avg'
28.2205 	EXP 	window1: blendMode = 'avg'
28.2209 	EXP 	window1: blendMode = 'avg'
28.2514 	EXP 	window1: blendMode = 'avg'
28.2518 	EXP 	window1: blendMode = 'avg'
28.2827 	EXP 	window1: blendMode = 'avg'
28.2830 	EXP 	window1: blendMode = 'avg'
28.3138 	EXP 	window1: blendMode = 'avg'
28.3142 	EXP 	window1: blendMode = 'avg'
28.3451 	EXP 	window1: blendMode = 'avg'
28.3455 	EXP 	window1: blendMode = 'avg'
28.3802 	EXP 	window1: blendMode = 'avg'
28.3807 	EXP 	window1: blendMode = 'avg'
28.4021 	EXP 	window1: blendMode = 'avg'
28.4027 	EXP 	window1: blendMode = 'avg'
28.4220 	EXP 	window1: blendMode = 'avg'
28.4225 	EXP 	window1: blendMode = 'avg'
28.4422 	EXP 	window1: blendMode = 'avg'
28.4429 	EXP 	window1: blendMode = 'avg'
28.4624 	EXP 	window1: blendMode = 'avg'
28.4628 	EXP 	window1: blendMode = 'avg'
28.4839 	DATA 	Keypress: a
28.4847 	EXP 	New trial (rep=0, index=2): {'Stimulus_Practice': u'right_image_3_WHI.jpg', 'Direction': u'right', 'Number': 3, 'Background': u'_WHI', 'Format': u'image'}
28.5175 	EXP 	window1: blendMode = 'avg'
28.5177 	EXP 	window1: blendMode = 'avg'
28.5425 	EXP 	text_9: autoDraw = False
28.5425 	EXP 	image: autoDraw = False
28.5425 	EXP 	text_same_practice: autoDraw = False
28.5425 	EXP 	image: image = u'Extra_Stimuli//right_image_3_WHI.jpg'
28.5425 	EXP 	text_same_practice: text = ''
28.5425 	EXP 	text_9: autoDraw = True
28.5425 	EXP 	image: autoDraw = True
28.5425 	EXP 	text_same_practice: autoDraw = True
28.5430 	EXP 	window1: blendMode = 'avg'
28.5432 	EXP 	window1: blendMode = 'avg'
28.5713 	EXP 	window1: blendMode = 'avg'
28.5718 	EXP 	window1: blendMode = 'avg'
28.5947 	EXP 	window1: blendMode = 'avg'
28.5950 	EXP 	window1: blendMode = 'avg'
28.6142 	EXP 	window1: blendMode = 'avg'
28.6145 	EXP 	window1: blendMode = 'avg'
28.7275 	EXP 	window1: blendMode = 'avg'
28.7279 	EXP 	window1: blendMode = 'avg'
28.8272 	EXP 	window1: blendMode = 'avg'
28.8274 	EXP 	window1: blendMode = 'avg'
28.8565 	EXP 	window1: blendMode = 'avg'
28.8569 	EXP 	window1: blendMode = 'avg'
28.9003 	EXP 	window1: blendMode = 'avg'
28.9006 	EXP 	window1: blendMode = 'avg'
28.9235 	EXP 	window1: blendMode = 'avg'
28.9239 	EXP 	window1: blendMode = 'avg'
28.9437 	EXP 	window1: blendMode = 'avg'
28.9440 	EXP 	window1: blendMode = 'avg'
28.9615 	EXP 	window1: blendMode = 'avg'
28.9619 	EXP 	window1: blendMode = 'avg'
28.9847 	EXP 	window1: blendMode = 'avg'
28.9849 	EXP 	window1: blendMode = 'avg'
29.0169 	EXP 	window1: blendMode = 'avg'
29.0171 	EXP 	window1: blendMode = 'avg'
29.0499 	EXP 	window1: blendMode = 'avg'
29.0502 	EXP 	window1: blendMode = 'avg'
29.0920 	EXP 	window1: blendMode = 'avg'
29.0925 	EXP 	window1: blendMode = 'avg'
29.1225 	DATA 	Keypress: f
29.1234 	EXP 	New trial (rep=0, index=3): {'Stimulus_Practice': u'ahead_image_2_WHI.jpg', 'Direction': u'ahead', 'Number': 2, 'Background': u'_WHI', 'Format': u'image'}
29.1674 	EXP 	window1: blendMode = 'avg'
29.1681 	EXP 	window1: blendMode = 'avg'
29.1849 	EXP 	text_9: autoDraw = False
29.1849 	EXP 	image: autoDraw = False
29.1849 	EXP 	text_same_practice: autoDraw = False
29.1849 	EXP 	image: image = u'Extra_Stimuli//ahead_image_2_WHI.jpg'
29.1849 	EXP 	text_same_practice: text = 'SAME?'
29.1849 	EXP 	text_9: autoDraw = True
29.1849 	EXP 	image: autoDraw = True
29.1849 	EXP 	text_same_practice: autoDraw = True
29.1857 	EXP 	window1: blendMode = 'avg'
29.1861 	EXP 	window1: blendMode = 'avg'
29.2164 	EXP 	window1: blendMode = 'avg'
29.2167 	EXP 	window1: blendMode = 'avg'
29.2477 	EXP 	window1: blendMode = 'avg'
29.2481 	EXP 	window1: blendMode = 'avg'
29.3685 	EXP 	window1: blendMode = 'avg'
29.3694 	EXP 	window1: blendMode = 'avg'
29.3794 	EXP 	window1: blendMode = 'avg'
29.3800 	EXP 	window1: blendMode = 'avg'
29.4129 	EXP 	window1: blendMode = 'avg'
29.4136 	EXP 	window1: blendMode = 'avg'
29.4328 	EXP 	window1: blendMode = 'avg'
29.4333 	EXP 	window1: blendMode = 'avg'
29.4531 	EXP 	window1: blendMode = 'avg'
29.4537 	EXP 	window1: blendMode = 'avg'
29.4738 	EXP 	window1: blendMode = 'avg'
29.4742 	EXP 	window1: blendMode = 'avg'
29.4937 	EXP 	window1: blendMode = 'avg'
29.4943 	EXP 	window1: blendMode = 'avg'
29.5183 	EXP 	window1: blendMode = 'avg'
29.5186 	EXP 	window1: blendMode = 'avg'
29.5414 	EXP 	window1: blendMode = 'avg'
29.5418 	EXP 	window1: blendMode = 'avg'
29.5838 	EXP 	window1: blendMode = 'avg'
29.5845 	EXP 	window1: blendMode = 'avg'
29.6037 	EXP 	window1: blendMode = 'avg'
29.6045 	EXP 	window1: blendMode = 'avg'
29.6250 	EXP 	window1: blendMode = 'avg'
29.6259 	EXP 	window1: blendMode = 'avg'
29.6528 	EXP 	window1: blendMode = 'avg'
29.6531 	EXP 	window1: blendMode = 'avg'
29.6869 	EXP 	window1: blendMode = 'avg'
29.6875 	EXP 	window1: blendMode = 'avg'
29.7083 	EXP 	window1: blendMode = 'avg'
29.7088 	EXP 	window1: blendMode = 'avg'
29.7324 	EXP 	window1: blendMode = 'avg'
29.7327 	EXP 	window1: blendMode = 'avg'
29.7640 	EXP 	window1: blendMode = 'avg'
29.7646 	EXP 	window1: blendMode = 'avg'
29.7949 	DATA 	Keypress: a
29.7957 	EXP 	New trial (rep=0, index=4): {'Stimulus_Practice': u'left_image_3_WHI.jpg', 'Direction': u'left', 'Number': 3, 'Background': u'_WHI', 'Format': u'image'}
29.8296 	EXP 	window1: blendMode = 'avg'
29.8298 	EXP 	window1: blendMode = 'avg'
29.8559 	EXP 	text_9: autoDraw = False
29.8559 	EXP 	image: autoDraw = False
29.8559 	EXP 	text_same_practice: autoDraw = False
29.8559 	EXP 	image: image = u'Extra_Stimuli//left_image_3_WHI.jpg'
29.8559 	EXP 	text_same_practice: text = ''
29.8559 	EXP 	text_9: autoDraw = True
29.8559 	EXP 	image: autoDraw = True
29.8559 	EXP 	text_same_practice: autoDraw = True
29.8566 	EXP 	window1: blendMode = 'avg'
29.8569 	EXP 	window1: blendMode = 'avg'
29.8807 	EXP 	window1: blendMode = 'avg'
29.8811 	EXP 	window1: blendMode = 'avg'
29.9000 	EXP 	window1: blendMode = 'avg'
29.9003 	EXP 	window1: blendMode = 'avg'
29.9207 	EXP 	window1: blendMode = 'avg'
29.9211 	EXP 	window1: blendMode = 'avg'
29.9407 	EXP 	window1: blendMode = 'avg'
29.9411 	EXP 	window1: blendMode = 'avg'
29.9607 	EXP 	window1: blendMode = 'avg'
29.9610 	EXP 	window1: blendMode = 'avg'
29.9820 	EXP 	window1: blendMode = 'avg'
29.9822 	EXP 	window1: blendMode = 'avg'
30.0295 	EXP 	window1: blendMode = 'avg'
30.0298 	EXP 	window1: blendMode = 'avg'
30.0721 	EXP 	window1: blendMode = 'avg'
30.0725 	EXP 	window1: blendMode = 'avg'
30.1029 	DATA 	Keypress: f
30.1043 	EXP 	New trial (rep=0, index=5): {'Stimulus_Practice': u'left_image_2_WHI.jpg', 'Direction': u'left', 'Number': 2, 'Background': u'_WHI', 'Format': u'image'}
30.1460 	EXP 	window1: blendMode = 'avg'
30.1470 	EXP 	window1: blendMode = 'avg'
30.1651 	EXP 	text_9: autoDraw = False
30.1651 	EXP 	image: autoDraw = False
30.1651 	EXP 	text_same_practice: autoDraw = False
30.1651 	EXP 	image: image = u'Extra_Stimuli//left_image_2_WHI.jpg'
30.1651 	EXP 	text_same_practice: text = 'SAME?'
30.1651 	EXP 	text_9: autoDraw = True
30.1651 	EXP 	image: autoDraw = True
30.1651 	EXP 	text_same_practice: autoDraw = True
30.1660 	EXP 	window1: blendMode = 'avg'
30.1666 	EXP 	window1: blendMode = 'avg'
30.1968 	EXP 	window1: blendMode = 'avg'
30.1972 	EXP 	window1: blendMode = 'avg'
30.2278 	EXP 	window1: blendMode = 'avg'
30.2281 	EXP 	window1: blendMode = 'avg'
30.2506 	EXP 	window1: blendMode = 'avg'
30.2511 	EXP 	window1: blendMode = 'avg'
30.2790 	EXP 	window1: blendMode = 'avg'
30.2794 	EXP 	window1: blendMode = 'avg'
30.3103 	EXP 	window1: blendMode = 'avg'
30.3106 	EXP 	window1: blendMode = 'avg'
30.3415 	EXP 	window1: blendMode = 'avg'
30.3419 	EXP 	window1: blendMode = 'avg'
30.3799 	EXP 	window1: blendMode = 'avg'
30.3805 	EXP 	window1: blendMode = 'avg'
30.3995 	EXP 	window1: blendMode = 'avg'
30.3999 	EXP 	window1: blendMode = 'avg'
30.4200 	EXP 	window1: blendMode = 'avg'
30.4206 	EXP 	window1: blendMode = 'avg'
30.4401 	EXP 	window1: blendMode = 'avg'
30.4407 	EXP 	window1: blendMode = 'avg'
30.4604 	EXP 	window1: blendMode = 'avg'
30.4608 	EXP 	window1: blendMode = 'avg'
30.4814 	EXP 	window1: blendMode = 'avg'
30.4818 	EXP 	window1: blendMode = 'avg'
30.5015 	DATA 	Keypress: a
30.5023 	EXP 	New trial (rep=0, index=6): {'Stimulus_Practice': u'ahead_image_1_WHI.jpg', 'Direction': u'ahead', 'Number': 1, 'Background': u'_WHI', 'Format': u'image'}
30.5345 	EXP 	window1: blendMode = 'avg'
30.5348 	EXP 	window1: blendMode = 'avg'
30.5600 	EXP 	text_9: autoDraw = False
30.5600 	EXP 	image: autoDraw = False
30.5600 	EXP 	text_same_practice: autoDraw = False
30.5600 	EXP 	image: image = u'Extra_Stimuli//ahead_image_1_WHI.jpg'
30.5600 	EXP 	text_same_practice: text = ''
30.5600 	EXP 	text_9: autoDraw = True
30.5600 	EXP 	image: autoDraw = True
30.5600 	EXP 	text_same_practice: autoDraw = True
30.5608 	EXP 	window1: blendMode = 'avg'
30.5612 	EXP 	window1: blendMode = 'avg'
30.5865 	EXP 	window1: blendMode = 'avg'
30.5870 	EXP 	window1: blendMode = 'avg'
30.6058 	EXP 	window1: blendMode = 'avg'
30.6065 	EXP 	window1: blendMode = 'avg'
30.6258 	EXP 	window1: blendMode = 'avg'
30.6262 	EXP 	window1: blendMode = 'avg'
30.6528 	EXP 	window1: blendMode = 'avg'
30.6530 	EXP 	window1: blendMode = 'avg'
30.6842 	EXP 	window1: blendMode = 'avg'
30.6844 	EXP 	window1: blendMode = 'avg'
30.7044 	EXP 	window1: blendMode = 'avg'
30.7047 	EXP 	window1: blendMode = 'avg'
30.7321 	EXP 	window1: blendMode = 'avg'
30.7324 	EXP 	window1: blendMode = 'avg'
30.7637 	EXP 	window1: blendMode = 'avg'
30.7640 	EXP 	window1: blendMode = 'avg'
30.7945 	DATA 	Keypress: f
30.7953 	EXP 	New trial (rep=0, index=7): {'Stimulus_Practice': u'left_image_1_WHI.jpg', 'Direction': u'left', 'Number': 1, 'Background': u'_WHI', 'Format': u'image'}
30.8324 	EXP 	window1: blendMode = 'avg'
30.8331 	EXP 	window1: blendMode = 'avg'
30.8569 	EXP 	text_9: autoDraw = False
30.8569 	EXP 	image: autoDraw = False
30.8569 	EXP 	text_same_practice: autoDraw = False
30.8569 	EXP 	image: image = u'Extra_Stimuli//left_image_1_WHI.jpg'
30.8569 	EXP 	text_same_practice: text = 'SAME?'
30.8569 	EXP 	text_9: autoDraw = True
30.8569 	EXP 	image: autoDraw = True
30.8569 	EXP 	text_same_practice: autoDraw = True
30.8575 	EXP 	window1: blendMode = 'avg'
30.8582 	EXP 	window1: blendMode = 'avg'
30.8900 	EXP 	window1: blendMode = 'avg'
30.8908 	EXP 	window1: blendMode = 'avg'
30.9169 	EXP 	window1: blendMode = 'avg'
30.9173 	EXP 	window1: blendMode = 'avg'
30.9377 	EXP 	window1: blendMode = 'avg'
30.9382 	EXP 	window1: blendMode = 'avg'
30.9579 	EXP 	window1: blendMode = 'avg'
30.9584 	EXP 	window1: blendMode = 'avg'
30.9794 	EXP 	window1: blendMode = 'avg'
30.9799 	EXP 	window1: blendMode = 'avg'
30.9992 	EXP 	window1: blendMode = 'avg'
30.9996 	EXP 	window1: blendMode = 'avg'
31.0200 	EXP 	window1: blendMode = 'avg'
31.0204 	EXP 	window1: blendMode = 'avg'
31.0658 	EXP 	window1: blendMode = 'avg'
31.0662 	EXP 	window1: blendMode = 'avg'
31.1080 	EXP 	window1: blendMode = 'avg'
31.1086 	EXP 	window1: blendMode = 'avg'
31.1388 	EXP 	window1: blendMode = 'avg'
31.1392 	EXP 	window1: blendMode = 'avg'
31.1705 	EXP 	window1: blendMode = 'avg'
31.1712 	EXP 	window1: blendMode = 'avg'
31.2013 	EXP 	window1: blendMode = 'avg'
31.2018 	EXP 	window1: blendMode = 'avg'
31.2326 	DATA 	Keypress: a
31.2334 	EXP 	New trial (rep=0, index=8): {'Stimulus_Practice': u'right_image_2_WHI.jpg', 'Direction': u'right', 'Number': 2, 'Background': u'_WHI', 'Format': u'image'}
31.2687 	EXP 	window1: blendMode = 'avg'
31.2692 	EXP 	window1: blendMode = 'avg'
31.3784 	EXP 	text_9: autoDraw = False
31.3784 	EXP 	image: autoDraw = False
31.3784 	EXP 	text_same_practice: autoDraw = False
31.3784 	EXP 	image: image = u'Extra_Stimuli//right_image_2_WHI.jpg'
31.3784 	EXP 	text_same_practice: text = ''
31.3784 	EXP 	text_9: autoDraw = True
31.3784 	EXP 	image: autoDraw = True
31.3784 	EXP 	text_same_practice: autoDraw = True
31.3791 	EXP 	window1: blendMode = 'avg'
31.3796 	EXP 	window1: blendMode = 'avg'
31.4164 	EXP 	window1: blendMode = 'avg'
31.4168 	EXP 	window1: blendMode = 'avg'
31.4364 	EXP 	window1: blendMode = 'avg'
31.4369 	EXP 	window1: blendMode = 'avg'
31.4567 	EXP 	window1: blendMode = 'avg'
31.4570 	EXP 	window1: blendMode = 'avg'
31.4767 	EXP 	window1: blendMode = 'avg'
31.4770 	EXP 	window1: blendMode = 'avg'
31.4976 	EXP 	window1: blendMode = 'avg'
31.4978 	EXP 	window1: blendMode = 'avg'
31.5181 	EXP 	window1: blendMode = 'avg'
31.5183 	EXP 	window1: blendMode = 'avg'
31.5410 	DATA 	Keypress: a
31.5753 	EXP 	window1: blendMode = 'avg'
31.6139 	EXP 	text_9: autoDraw = False
31.6139 	EXP 	image: autoDraw = False
31.6139 	EXP 	text_same_practice: autoDraw = False
31.6139 	EXP 	text_2: autoDraw = True
31.6149 	EXP 	window1: blendMode = 'avg'
31.6467 	EXP 	window1: blendMode = 'avg'
31.6672 	EXP 	window1: blendMode = 'avg'
31.6867 	EXP 	window1: blendMode = 'avg'
31.7075 	EXP 	window1: blendMode = 'avg'
31.7274 	EXP 	window1: blendMode = 'avg'
31.7471 	EXP 	window1: blendMode = 'avg'
31.7778 	EXP 	window1: blendMode = 'avg'
31.8090 	EXP 	window1: blendMode = 'avg'
31.8404 	EXP 	window1: blendMode = 'avg'
31.8764 	EXP 	window1: blendMode = 'avg'
31.8989 	EXP 	window1: blendMode = 'avg'
31.9191 	EXP 	window1: blendMode = 'avg'
31.9390 	EXP 	window1: blendMode = 'avg'
31.9595 	EXP 	window1: blendMode = 'avg'
31.9794 	EXP 	window1: blendMode = 'avg'
32.0008 	EXP 	window1: blendMode = 'avg'
32.0194 	EXP 	window1: blendMode = 'avg'
32.0638 	EXP 	window1: blendMode = 'avg'
32.0953 	EXP 	window1: blendMode = 'avg'
32.1260 	EXP 	window1: blendMode = 'avg'
32.2289 	EXP 	window1: blendMode = 'avg'
32.2507 	EXP 	window1: blendMode = 'avg'
32.2821 	EXP 	window1: blendMode = 'avg'
32.3133 	EXP 	window1: blendMode = 'avg'
32.3456 	EXP 	window1: blendMode = 'avg'
32.3768 	EXP 	window1: blendMode = 'avg'
32.4003 	EXP 	window1: blendMode = 'avg'
32.4215 	EXP 	window1: blendMode = 'avg'
32.4412 	EXP 	window1: blendMode = 'avg'
32.4613 	EXP 	window1: blendMode = 'avg'
32.4814 	EXP 	window1: blendMode = 'avg'
32.5034 	EXP 	window1: blendMode = 'avg'
32.5230 	EXP 	window1: blendMode = 'avg'
32.5548 	EXP 	window1: blendMode = 'avg'
32.5752 	EXP 	window1: blendMode = 'avg'
32.5966 	EXP 	window1: blendMode = 'avg'
32.6167 	EXP 	window1: blendMode = 'avg'
32.6367 	EXP 	window1: blendMode = 'avg'
32.6565 	EXP 	window1: blendMode = 'avg'
32.6765 	EXP 	window1: blendMode = 'avg'
32.6965 	EXP 	window1: blendMode = 'avg'
32.7175 	EXP 	window1: blendMode = 'avg'
32.7508 	EXP 	window1: blendMode = 'avg'
32.8751 	DATA 	Keypress: f
32.8758 	DATA 	Keypress: d
32.8893 	DEBUG 	Read excel file with pandas: Extra_Stimuli//practice_order_WHI_schema.xlsx
32.8909 	EXP 	Imported Extra_Stimuli//practice_order_WHI_schema.xlsx as conditions, 9 conditions, 5 params
32.8916 	EXP 	Created sequence: random, trialTypes=9, nReps=1, seed=None
32.8924 	EXP 	New trial (rep=0, index=0): {'Stimulus_Practice': u'ahead_schema_1_WHI.jpg', 'Direction': u'ahead', 'Number': 1, 'Background': u'_WHI', 'Format': u'schema'}
32.9282 	EXP 	window1: blendMode = 'avg'
32.9305 	EXP 	window1: blendMode = 'avg'
32.9588 	EXP 	text_2: autoDraw = False
32.9588 	EXP 	image_3: image = u'Extra_Stimuli//ahead_schema_1_WHI.jpg'
32.9588 	EXP 	text_same_practice_2: text = ''
32.9588 	EXP 	text_11: autoDraw = True
32.9588 	EXP 	image_3: autoDraw = True
32.9588 	EXP 	text_same_practice_2: autoDraw = True
32.9594 	EXP 	window1: blendMode = 'avg'
32.9597 	EXP 	window1: blendMode = 'avg'
32.9797 	EXP 	window1: blendMode = 'avg'
32.9802 	EXP 	window1: blendMode = 'avg'
32.9999 	EXP 	window1: blendMode = 'avg'
33.0003 	EXP 	window1: blendMode = 'avg'
33.0198 	EXP 	window1: blendMode = 'avg'
33.0202 	EXP 	window1: blendMode = 'avg'
33.0403 	EXP 	window1: blendMode = 'avg'
33.0406 	EXP 	window1: blendMode = 'avg'
33.0715 	EXP 	window1: blendMode = 'avg'
33.0718 	EXP 	window1: blendMode = 'avg'
33.1031 	EXP 	window1: blendMode = 'avg'
33.1036 	EXP 	window1: blendMode = 'avg'
33.1340 	EXP 	window1: blendMode = 'avg'
33.1342 	EXP 	window1: blendMode = 'avg'
33.2520 	EXP 	window1: blendMode = 'avg'
33.2526 	EXP 	window1: blendMode = 'avg'
33.2668 	EXP 	window1: blendMode = 'avg'
33.2672 	EXP 	window1: blendMode = 'avg'
33.2975 	EXP 	window1: blendMode = 'avg'
33.2980 	EXP 	window1: blendMode = 'avg'
33.3286 	EXP 	window1: blendMode = 'avg'
33.3289 	EXP 	window1: blendMode = 'avg'
33.3717 	EXP 	window1: blendMode = 'avg'
33.3722 	EXP 	window1: blendMode = 'avg'
33.3955 	EXP 	window1: blendMode = 'avg'
33.3960 	EXP 	window1: blendMode = 'avg'
33.4161 	EXP 	window1: blendMode = 'avg'
33.4165 	EXP 	window1: blendMode = 'avg'
33.4364 	EXP 	window1: blendMode = 'avg'
33.4368 	EXP 	window1: blendMode = 'avg'
33.4564 	EXP 	window1: blendMode = 'avg'
33.4568 	EXP 	window1: blendMode = 'avg'
33.4768 	EXP 	window1: blendMode = 'avg'
33.4772 	EXP 	window1: blendMode = 'avg'
33.5079 	DATA 	Keypress: f
33.5094 	EXP 	New trial (rep=0, index=1): {'Stimulus_Practice': u'left_schema_3_WHI.jpg', 'Direction': u'left', 'Number': 3, 'Background': u'_WHI', 'Format': u'schema'}
33.5400 	EXP 	window1: blendMode = 'avg'
33.5407 	EXP 	window1: blendMode = 'avg'
33.5675 	EXP 	text_11: autoDraw = False
33.5675 	EXP 	image_3: autoDraw = False
33.5675 	EXP 	text_same_practice_2: autoDraw = False
33.5675 	EXP 	image_3: image = u'Extra_Stimuli//left_schema_3_WHI.jpg'
33.5675 	EXP 	text_same_practice_2: text = 'SAME?'
33.5675 	EXP 	text_11: autoDraw = True
33.5675 	EXP 	image_3: autoDraw = True
33.5675 	EXP 	text_same_practice_2: autoDraw = True
33.5686 	EXP 	window1: blendMode = 'avg'
33.5692 	EXP 	window1: blendMode = 'avg'
33.5978 	EXP 	window1: blendMode = 'avg'
33.5984 	EXP 	window1: blendMode = 'avg'
33.6182 	EXP 	window1: blendMode = 'avg'
33.6188 	EXP 	window1: blendMode = 'avg'
33.6379 	EXP 	window1: blendMode = 'avg'
33.6384 	EXP 	window1: blendMode = 'avg'
33.6693 	EXP 	window1: blendMode = 'avg'
33.6698 	EXP 	window1: blendMode = 'avg'
33.6892 	EXP 	window1: blendMode = 'avg'
33.6897 	EXP 	window1: blendMode = 'avg'
33.7329 	EXP 	window1: blendMode = 'avg'
33.7335 	EXP 	window1: blendMode = 'avg'
33.7664 	EXP 	window1: blendMode = 'avg'
33.7668 	EXP 	window1: blendMode = 'avg'
33.7982 	EXP 	window1: blendMode = 'avg'
33.7989 	EXP 	window1: blendMode = 'avg'
33.8600 	EXP 	window1: blendMode = 'avg'
33.8606 	EXP 	window1: blendMode = 'avg'
33.8691 	EXP 	window1: blendMode = 'avg'
33.8698 	EXP 	window1: blendMode = 'avg'
33.8919 	EXP 	window1: blendMode = 'avg'
33.8926 	EXP 	window1: blendMode = 'avg'
33.9121 	EXP 	window1: blendMode = 'avg'
33.9127 	EXP 	window1: blendMode = 'avg'
33.9321 	EXP 	window1: blendMode = 'avg'
33.9327 	EXP 	window1: blendMode = 'avg'
33.9520 	EXP 	window1: blendMode = 'avg'
33.9524 	EXP 	window1: blendMode = 'avg'
33.9739 	EXP 	window1: blendMode = 'avg'
33.9743 	EXP 	window1: blendMode = 'avg'
34.0034 	DATA 	Keypress: a
34.0044 	EXP 	New trial (rep=0, index=2): {'Stimulus_Practice': u'ahead_schema_3_WHI.jpg', 'Direction': u'ahead', 'Number': 3, 'Background': u'_WHI', 'Format': u'schema'}
34.0271 	EXP 	window1: blendMode = 'avg'
34.0274 	EXP 	window1: blendMode = 'avg'
34.0641 	EXP 	text_11: autoDraw = False
34.0641 	EXP 	image_3: autoDraw = False
34.0641 	EXP 	text_same_practice_2: autoDraw = False
34.0641 	EXP 	image_3: image = u'Extra_Stimuli//ahead_schema_3_WHI.jpg'
34.0641 	EXP 	text_same_practice_2: text = ''
34.0641 	EXP 	text_11: autoDraw = True
34.0641 	EXP 	image_3: autoDraw = True
34.0641 	EXP 	text_same_practice_2: autoDraw = True
34.0649 	EXP 	window1: blendMode = 'avg'
34.0653 	EXP 	window1: blendMode = 'avg'
34.0958 	EXP 	window1: blendMode = 'avg'
34.0961 	EXP 	window1: blendMode = 'avg'
34.1269 	EXP 	window1: blendMode = 'avg'
34.1273 	EXP 	window1: blendMode = 'avg'
34.2517 	EXP 	window1: blendMode = 'avg'
34.2519 	EXP 	window1: blendMode = 'avg'
34.2831 	DATA 	Keypress: f
34.2841 	EXP 	New trial (rep=0, index=3): {'Stimulus_Practice': u'left_schema_1_WHI.jpg', 'Direction': u'left', 'Number': 1, 'Background': u'_WHI', 'Format': u'schema'}
34.3098 	EXP 	window1: blendMode = 'avg'
34.3106 	EXP 	window1: blendMode = 'avg'
34.3297 	EXP 	text_11: autoDraw = False
34.3297 	EXP 	image_3: autoDraw = False
34.3297 	EXP 	text_same_practice_2: autoDraw = False
34.3297 	EXP 	image_3: image = u'Extra_Stimuli//left_schema_1_WHI.jpg'
34.3297 	EXP 	text_same_practice_2: text = 'SAME?'
34.3297 	EXP 	text_11: autoDraw = True
34.3297 	EXP 	image_3: autoDraw = True
34.3297 	EXP 	text_same_practice_2: autoDraw = True
34.3302 	EXP 	window1: blendMode = 'avg'
34.3306 	EXP 	window1: blendMode = 'avg'
34.3627 	EXP 	window1: blendMode = 'avg'
34.3633 	EXP 	window1: blendMode = 'avg'
34.3999 	EXP 	window1: blendMode = 'avg'
34.4003 	EXP 	window1: blendMode = 'avg'
34.4208 	EXP 	window1: blendMode = 'avg'
34.4213 	EXP 	window1: blendMode = 'avg'
34.4408 	EXP 	window1: blendMode = 'avg'
34.4412 	EXP 	window1: blendMode = 'avg'
34.4609 	EXP 	window1: blendMode = 'avg'
34.4613 	EXP 	window1: blendMode = 'avg'
34.4827 	EXP 	window1: blendMode = 'avg'
34.4830 	EXP 	window1: blendMode = 'avg'
34.5030 	EXP 	window1: blendMode = 'avg'
34.5033 	EXP 	window1: blendMode = 'avg'
34.5228 	EXP 	window1: blendMode = 'avg'
34.5233 	EXP 	window1: blendMode = 'avg'
34.5553 	EXP 	window1: blendMode = 'avg'
34.5557 	EXP 	window1: blendMode = 'avg'
34.5763 	DATA 	Keypress: a
34.5773 	EXP 	New trial (rep=0, index=4): {'Stimulus_Practice': u'ahead_schema_2_WHI.jpg', 'Direction': u'ahead', 'Number': 2, 'Background': u'_WHI', 'Format': u'schema'}
34.6077 	EXP 	window1: blendMode = 'avg'
34.6081 	EXP 	window1: blendMode = 'avg'
34.6364 	EXP 	text_11: autoDraw = False
34.6364 	EXP 	image_3: autoDraw = False
34.6364 	EXP 	text_same_practice_2: autoDraw = False
34.6364 	EXP 	image_3: image = u'Extra_Stimuli//ahead_schema_2_WHI.jpg'
34.6364 	EXP 	text_same_practice_2: text = ''
34.6364 	EXP 	text_11: autoDraw = True
34.6364 	EXP 	image_3: autoDraw = True
34.6364 	EXP 	text_same_practice_2: autoDraw = True
34.6370 	EXP 	window1: blendMode = 'avg'
34.6372 	EXP 	window1: blendMode = 'avg'
34.7473 	EXP 	window1: blendMode = 'avg'
34.7476 	EXP 	window1: blendMode = 'avg'
34.8480 	DATA 	Keypress: f
34.8496 	EXP 	New trial (rep=0, index=5): {'Stimulus_Practice': u'right_schema_2_WHI.jpg', 'Direction': u'right', 'Number': 2, 'Background': u'_WHI', 'Format': u'schema'}
34.8899 	EXP 	window1: blendMode = 'avg'
34.8916 	EXP 	window1: blendMode = 'avg'
34.9204 	EXP 	text_11: autoDraw = False
34.9204 	EXP 	image_3: autoDraw = False
34.9204 	EXP 	text_same_practice_2: autoDraw = False
34.9204 	EXP 	image_3: image = u'Extra_Stimuli//right_schema_2_WHI.jpg'
34.9204 	EXP 	text_same_practice_2: text = 'SAME?'
34.9204 	EXP 	text_11: autoDraw = True
34.9204 	EXP 	image_3: autoDraw = True
34.9204 	EXP 	text_same_practice_2: autoDraw = True
34.9212 	EXP 	window1: blendMode = 'avg'
34.9216 	EXP 	window1: blendMode = 'avg'
34.9411 	EXP 	window1: blendMode = 'avg'
34.9417 	EXP 	window1: blendMode = 'avg'
34.9608 	EXP 	window1: blendMode = 'avg'
34.9612 	EXP 	window1: blendMode = 'avg'
34.9828 	EXP 	window1: blendMode = 'avg'
34.9831 	EXP 	window1: blendMode = 'avg'
35.0030 	EXP 	window1: blendMode = 'avg'
35.0034 	EXP 	window1: blendMode = 'avg'
35.0211 	EXP 	window1: blendMode = 'avg'
35.0214 	EXP 	window1: blendMode = 'avg'
35.0573 	DATA 	Keypress: a
35.0580 	EXP 	New trial (rep=0, index=6): {'Stimulus_Practice': u'right_schema_3_WHI.jpg', 'Direction': u'right', 'Number': 3, 'Background': u'_WHI', 'Format': u'schema'}
35.0821 	EXP 	window1: blendMode = 'avg'
35.0826 	EXP 	window1: blendMode = 'avg'
35.1071 	EXP 	text_11: autoDraw = False
35.1071 	EXP 	image_3: autoDraw = False
35.1071 	EXP 	text_same_practice_2: autoDraw = False
35.1071 	EXP 	image_3: image = u'Extra_Stimuli//right_schema_3_WHI.jpg'
35.1071 	EXP 	text_same_practice_2: text = ''
35.1071 	EXP 	text_11: autoDraw = True
35.1071 	EXP 	image_3: autoDraw = True
35.1071 	EXP 	text_same_practice_2: autoDraw = True
35.1079 	EXP 	window1: blendMode = 'avg'
35.1091 	EXP 	window1: blendMode = 'avg'
35.1389 	EXP 	window1: blendMode = 'avg'
35.1392 	EXP 	window1: blendMode = 'avg'
35.2547 	DATA 	Keypress: f
35.2560 	EXP 	New trial (rep=0, index=7): {'Stimulus_Practice': u'left_schema_2_WHI.jpg', 'Direction': u'left', 'Number': 2, 'Background': u'_WHI', 'Format': u'schema'}
35.2914 	EXP 	window1: blendMode = 'avg'
35.2922 	EXP 	window1: blendMode = 'avg'
35.2929 	DATA 	Keypress: a
35.3574 	EXP 	text_11: autoDraw = False
35.3574 	EXP 	image_3: autoDraw = False
35.3574 	EXP 	text_same_practice_2: autoDraw = False
35.3574 	EXP 	image_3: image = u'Extra_Stimuli//left_schema_2_WHI.jpg'
35.3574 	EXP 	text_same_practice_2: text = 'SAME?'
35.3574 	EXP 	text_11: autoDraw = True
35.3574 	EXP 	image_3: autoDraw = True
35.3574 	EXP 	text_same_practice_2: autoDraw = True
35.3592 	EXP 	New trial (rep=0, index=8): {'Stimulus_Practice': u'right_schema_1_WHI.jpg', 'Direction': u'right', 'Number': 1, 'Background': u'_WHI', 'Format': u'schema'}
35.3896 	EXP 	window1: blendMode = 'avg'
35.3900 	EXP 	window1: blendMode = 'avg'
35.4320 	EXP 	text_11: autoDraw = False
35.4320 	EXP 	image_3: autoDraw = False
35.4320 	EXP 	text_same_practice_2: autoDraw = False
35.4320 	EXP 	image_3: image = u'Extra_Stimuli//right_schema_1_WHI.jpg'
35.4320 	EXP 	text_same_practice_2: text = ''
35.4320 	EXP 	text_11: autoDraw = True
35.4320 	EXP 	image_3: autoDraw = True
35.4320 	EXP 	text_same_practice_2: autoDraw = True
35.4325 	DATA 	Keypress: f
35.4745 	EXP 	window1: blendMode = 'avg'
35.5024 	EXP 	text_11: autoDraw = False
35.5024 	EXP 	image_3: autoDraw = False
35.5024 	EXP 	text_same_practice_2: autoDraw = False
35.5024 	EXP 	text_2: autoDraw = True
35.5034 	EXP 	window1: blendMode = 'avg'
35.5234 	EXP 	window1: blendMode = 'avg'
35.5435 	DATA 	Keypress: a
35.5443 	EXP 	window1: blendMode = 'avg'
35.5759 	EXP 	window1: blendMode = 'avg'
35.6008 	EXP 	window1: blendMode = 'avg'
35.6212 	EXP 	window1: blendMode = 'avg'
35.7322 	EXP 	window1: blendMode = 'avg'
35.7404 	EXP 	window1: blendMode = 'avg'
35.7622 	EXP 	window1: blendMode = 'avg'
35.7936 	EXP 	window1: blendMode = 'avg'
35.8245 	EXP 	window1: blendMode = 'avg'
35.8559 	EXP 	window1: blendMode = 'avg'
35.8876 	DATA 	Keypress: escape
