8.0222 	INFO 	Loaded monitor calibration from ['2013_02_18 13:37']
16.5895 	WARNING 	Couldn't measure a consistent frame rate.
  - Is your graphics card set to sync to vertical blank?
  - Are you running other processes on your computer?

16.5900 	EXP 	Created window1 = Window(allowGUI=False, allowStencil=False, autoLog=True, bitsMode=UNKNOWN, blendMode='avg', color=array([ 0.4,  0.4,  0.4]), colorSpace='rgb', fullscr=UNKNOWN, gamma=None, lms=UNKNOWN, monitor=<psychopy.monitors.calibTools.Monitor object at 0x08F08D90>, multiSample=False, name='window1', numSamples=2, pos=[0, 0], screen=0, size=array([1600,  900]), stereo=False, units=u'norm', useFBO=True, useRetina=False, viewOri=0.0, viewPos=None, viewScale=None, waitBlanking=True, winType='pyglet')
16.5900 	EXP 	window1: recordFrameIntervals = False
16.8757 	EXP 	window1: recordFrameIntervals = True
16.9153 	WARNING 	t of last frame was 20.05ms (=1/49)
16.9398 	WARNING 	t of last frame was 24.46ms (=1/40)
16.9842 	WARNING 	t of last frame was 44.48ms (=1/22)
17.0277 	WARNING 	t of last frame was 43.46ms (=1/23)
17.0587 	WARNING 	Multiple dropped frames have occurred - I'll stop bothering you about them!
19.9974 	WARNING 	Couldn't measure a consistent frame rate.
  - Is your graphics card set to sync to vertical blank?
  - Are you running other processes on your computer?

20.2144 	EXP 	Created text_4 = TextStim(alignHoriz='center', alignVert='center', antialias=True, autoLog=True, bold=False, color='black', colorSpace='named', contrast=1.0, depth=0.0, flipHoriz=False, flipVert=False, font='Arial', fontFiles=[], height=0.1, italic=False, name='text_4', opacity=1.0, ori=0, pos=array([ 0.,  0.]), rgb=array([ 0.,  0.,  0.]), text=unicode(...), units=u'norm', win=Window(...), wrapWidth=1.5)
20.2156 	EXP 	Created text_6 = TextStim(alignHoriz='center', alignVert='center', antialias=True, autoLog=True, bold=False, color='black', colorSpace='named', contrast=1.0, depth=0.0, flipHoriz=False, flipVert=False, font='Arial', fontFiles=[], height=0.1, italic=False, name='text_6', opacity=1.0, ori=0, pos=array([ 0.,  0.]), rgb=array([ 0.,  0.,  0.]), text='', units=u'norm', win=Window(...), wrapWidth=1.5)
20.2167 	EXP 	Created text_9 = TextStim(alignHoriz='center', alignVert='center', antialias=True, autoLog=True, bold=False, color='black', colorSpace='named', contrast=1.0, depth=-1.0, flipHoriz=False, flipVert=False, font='Arial', fontFiles=[], height=0.1, italic=False, name='text_9', opacity=1.0, ori=0, pos=array([ 0. , -0.6]), rgb=array([ 0.,  0.,  0.]), text='', units=u'norm', win=Window(...), wrapWidth=1)
20.2214 	EXP 	Created image = ImageStim(autoLog=True, color=array([ 1.,  1.,  1.]), colorSpace='rgb', contrast=1.0, depth=-2.0, flipHoriz=False, flipVert=False, image='sin', interpolate=True, mask=None, maskParams=None, name='image', opacity=1.0, ori=0.0, pos=array([ 0.,  0.]), size=array([ 0.67,  0.67]), texRes=128, units='height', win=Window(...))
20.2222 	EXP 	Created text_same_practice = TextStim(alignHoriz='center', alignVert='center', antialias=True, autoLog=True, bold=False, color='black', colorSpace='named', contrast=1.0, depth=-3.0, flipHoriz=False, flipVert=False, font='Arial', fontFiles=[], height=0.1, italic=False, name='text_same_practice', opacity=1.0, ori=0, pos=array([ 0. , -0.8]), rgb=array([ 0.,  0.,  0.]), text='', units=u'norm', win=Window(...), wrapWidth=1)
20.2273 	EXP 	Created text_2 = TextStim(alignHoriz='center', alignVert='center', antialias=True, autoLog=True, bold=False, color='black', colorSpace='named', contrast=1.0, depth=0.0, flipHoriz=False, flipVert=False, font='Arial', fontFiles=[], height=0.1, italic=False, name='text_2', opacity=1.0, ori=0, pos=array([ 0.,  0.]), rgb=array([ 0.,  0.,  0.]), text=u'+', units=u'norm', win=Window(...), wrapWidth=1)
20.2280 	EXP 	Created text_11 = TextStim(alignHoriz='center', alignVert='center', antialias=True, autoLog=True, bold=False, color='black', colorSpace='named', contrast=1.0, depth=-1.0, flipHoriz=False, flipVert=False, font='Arial', fontFiles=[], height=0.1, italic=False, name='text_11', opacity=1.0, ori=0, pos=array([ 0. , -0.6]), rgb=array([ 0.,  0.,  0.]), text='', units=u'norm', win=Window(...), wrapWidth=1)
20.2303 	EXP 	Created image_3 = ImageStim(autoLog=True, color=array([ 1.,  1.,  1.]), colorSpace='rgb', contrast=1.0, depth=-2.0, flipHoriz=False, flipVert=False, image='sin', interpolate=True, mask=None, maskParams=None, name='image_3', opacity=1.0, ori=0.0, pos=array([ 0.,  0.]), size=array([ 0.67,  0.67]), texRes=128, units='height', win=Window(...))
20.2311 	EXP 	Created text_same_practice_2 = TextStim(alignHoriz='center', alignVert='center', antialias=True, autoLog=True, bold=False, color='black', colorSpace='named', contrast=1.0, depth=-3.0, flipHoriz=False, flipVert=False, font='Arial', fontFiles=[], height=0.1, italic=False, name='text_same_practice_2', opacity=1.0, ori=0, pos=array([ 0. , -0.8]), rgb=array([ 0.,  0.,  0.]), text='', units=u'norm', win=Window(...), wrapWidth=1)
20.2342 	EXP 	Created text_2 = TextStim(alignHoriz='center', alignVert='center', antialias=True, autoLog=True, bold=False, color='black', colorSpace='named', contrast=1.0, depth=0.0, flipHoriz=False, flipVert=False, font='Arial', fontFiles=[], height=0.1, italic=False, name='text_2', opacity=1.0, ori=0, pos=array([ 0.,  0.]), rgb=array([ 0.,  0.,  0.]), text=u'+', units=u'norm', win=Window(...), wrapWidth=1)
20.2350 	EXP 	Created text_12 = TextStim(alignHoriz='center', alignVert='center', antialias=True, autoLog=True, bold=False, color='black', colorSpace='named', contrast=1.0, depth=-1.0, flipHoriz=False, flipVert=False, font='Arial', fontFiles=[], height=0.1, italic=False, name='text_12', opacity=1.0, ori=0, pos=array([ 0. , -0.6]), rgb=array([ 0.,  0.,  0.]), text='', units=u'norm', win=Window(...), wrapWidth=1)
20.2373 	EXP 	Created image_4 = ImageStim(autoLog=True, color=array([ 1.,  1.,  1.]), colorSpace='rgb', contrast=1.0, depth=-2.0, flipHoriz=False, flipVert=False, image='sin', interpolate=True, mask=None, maskParams=None, name='image_4', opacity=1.0, ori=0.0, pos=array([ 0.,  0.]), size=array([ 0.67,  0.67]), texRes=128, units='height', win=Window(...))
20.2381 	EXP 	Created text_same_practice_3 = TextStim(alignHoriz='center', alignVert='center', antialias=True, autoLog=True, bold=False, color='black', colorSpace='named', contrast=1.0, depth=-3.0, flipHoriz=False, flipVert=False, font='Arial', fontFiles=[], height=0.1, italic=False, name='text_same_practice_3', opacity=1.0, ori=0, pos=array([ 0. , -0.8]), rgb=array([ 0.,  0.,  0.]), text='', units=u'norm', win=Window(...), wrapWidth=1)
20.2610 	EXP 	Created text_10 = TextStim(alignHoriz='center', alignVert='center', antialias=True, autoLog=True, bold=False, color='black', colorSpace='named', contrast=1.0, depth=0.0, flipHoriz=False, flipVert=False, font='Arial', fontFiles=[], height=0.1, italic=False, name='text_10', opacity=1.0, ori=0, pos=array([ 0.,  0.]), rgb=array([ 0.,  0.,  0.]), text=unicode(...), units=u'norm', win=Window(...), wrapWidth=1)
20.2633 	EXP 	Created image_2 = ImageStim(autoLog=True, color=array([ 1.,  1.,  1.]), colorSpace='rgb', contrast=1.0, depth=-1.0, flipHoriz=False, flipVert=False, image='sin', interpolate=True, mask=None, maskParams=None, name='image_2', opacity=1.0, ori=0.0, pos=array([ 0.,  0.]), size=array([ 0.67,  0.67]), texRes=128, units='height', win=Window(...))
20.2688 	EXP 	Created unnamed TextStim = TextStim(alignHoriz='center', alignVert='center', antialias=True, autoLog=True, bold=False, color='black', colorSpace='named', contrast=1.0, depth=0, flipHoriz=False, flipVert=False, font='', fontFiles=[], height=0.1, italic=False, name='unnamed TextStim', opacity=1.0, ori=0.0, pos=array([ 0.,  0.]), rgb=array([ 0.,  0.,  0.]), text=u'+', units=u'norm', win=Window(...), wrapWidth=1)
20.2696 	EXP 	Created text_same = TextStim(alignHoriz='center', alignVert='center', antialias=True, autoLog=True, bold=False, color=u'black', colorSpace='named', contrast=1.0, depth=-3.0, flipHoriz=False, flipVert=False, font=u'Arial', fontFiles=[], height=0.1, italic=False, name='text_same', opacity=1.0, ori=0, pos=array([ 0. , -0.8]), rgb=array([ 0.,  0.,  0.]), text='', units=u'norm', win=Window(...), wrapWidth=1)
20.2814 	EXP 	Created text = TextStim(alignHoriz='center', alignVert='center', antialias=True, autoLog=True, bold=False, color='black', colorSpace='named', contrast=1.0, depth=0.0, flipHoriz=False, flipVert=False, font='Arial', fontFiles=[], height=0.1, italic=False, name='text', opacity=1.0, ori=0, pos=array([ 0.,  0.]), rgb=array([ 0.,  0.,  0.]), text=unicode(...), units=u'norm', win=Window(...), wrapWidth=1)
20.2843 	EXP 	window1: blendMode = 'avg'
20.3020 	EXP 	text_4: autoDraw = True
20.3029 	EXP 	window1: blendMode = 'avg'
20.3342 	EXP 	window1: blendMode = 'avg'
20.3583 	EXP 	window1: blendMode = 'avg'
20.3791 	EXP 	window1: blendMode = 'avg'
20.3989 	EXP 	window1: blendMode = 'avg'
20.4191 	EXP 	window1: blendMode = 'avg'
20.4413 	EXP 	window1: blendMode = 'avg'
20.4616 	EXP 	window1: blendMode = 'avg'
20.4930 	EXP 	window1: blendMode = 'avg'
20.5234 	EXP 	window1: blendMode = 'avg'
20.5500 	EXP 	window1: blendMode = 'avg'
20.5811 	EXP 	window1: blendMode = 'avg'
20.6123 	EXP 	window1: blendMode = 'avg'
20.6435 	EXP 	window1: blendMode = 'avg'
20.6747 	EXP 	window1: blendMode = 'avg'
20.7060 	DATA 	Keypress: d
20.7070 	EXP 	Created sequence: random, trialTypes=1, nReps=2, seed=None
20.7075 	EXP 	New trial (rep=0, index=0): None
20.7873 	EXP 	window1: blendMode = 'avg'
20.8276 	EXP 	text_4: autoDraw = False
20.8276 	EXP 	text_6: text = "Let's try a few for practice. You'll see spatial directions one at a time on the screen. They will be either LEFT or RIGHT or AHEAD. Tell the experimenter if the spatial direction on the screen is the SAME or DIFFERENT from the spatial direction that you just saw. For the first stimulus, just say 'GO.' Then when it says 'Same?' underneath, tell the experimenter whether you see the same direction or a different direction"
20.8276 	EXP 	text_6: autoDraw = True
20.8286 	EXP 	window1: blendMode = 'avg'
20.8511 	EXP 	window1: blendMode = 'avg'
20.8710 	EXP 	window1: blendMode = 'avg'
20.9102 	EXP 	window1: blendMode = 'avg'
20.9381 	EXP 	window1: blendMode = 'avg'
20.9775 	EXP 	window1: blendMode = 'avg'
20.9963 	EXP 	window1: blendMode = 'avg'
21.0180 	DATA 	Keypress: s
21.0431 	DEBUG 	Read excel file with pandas: Extra_Stimuli//practice_order_WHI_schema.xlsx
21.0441 	EXP 	Imported Extra_Stimuli//practice_order_WHI_schema.xlsx as conditions, 9 conditions, 5 params
21.0445 	EXP 	Created sequence: random, trialTypes=9, nReps=1, seed=None
21.0450 	EXP 	New trial (rep=0, index=0): {'Stimulus_Practice': u'right_schema_3_WHI.jpg', 'Direction': u'right', 'Number': 3, 'Background': u'_WHI', 'Format': u'schema'}
21.0697 	EXP 	window1: blendMode = 'avg'
21.0738 	EXP 	window1: blendMode = 'avg'
21.1827 	EXP 	text_6: autoDraw = False
21.1827 	EXP 	image: image = u'Extra_Stimuli//right_schema_3_WHI.jpg'
21.1827 	EXP 	text_same_practice: text = ''
21.1827 	EXP 	text_9: autoDraw = True
21.1827 	EXP 	image: autoDraw = True
21.1827 	EXP 	text_same_practice: autoDraw = True
21.1839 	EXP 	window1: blendMode = 'avg'
21.1843 	EXP 	window1: blendMode = 'avg'
21.2056 	EXP 	window1: blendMode = 'avg'
21.2059 	EXP 	window1: blendMode = 'avg'
21.2370 	EXP 	window1: blendMode = 'avg'
21.2373 	EXP 	window1: blendMode = 'avg'
21.2671 	EXP 	window1: blendMode = 'avg'
21.2675 	EXP 	window1: blendMode = 'avg'
21.2991 	EXP 	window1: blendMode = 'avg'
21.2994 	EXP 	window1: blendMode = 'avg'
21.3306 	EXP 	window1: blendMode = 'avg'
21.3309 	EXP 	window1: blendMode = 'avg'
21.3584 	EXP 	window1: blendMode = 'avg'
21.3587 	EXP 	window1: blendMode = 'avg'
21.3789 	DATA 	Keypress: f
21.3804 	EXP 	New trial (rep=0, index=1): {'Stimulus_Practice': u'ahead_schema_3_WHI.jpg', 'Direction': u'ahead', 'Number': 3, 'Background': u'_WHI', 'Format': u'schema'}
21.4102 	EXP 	window1: blendMode = 'avg'
21.4111 	EXP 	window1: blendMode = 'avg'
21.4185 	EXP 	text_9: autoDraw = False
21.4185 	EXP 	image: autoDraw = False
21.4185 	EXP 	text_same_practice: autoDraw = False
21.4185 	EXP 	image: image = u'Extra_Stimuli//ahead_schema_3_WHI.jpg'
21.4185 	EXP 	text_same_practice: text = 'SAME?'
21.4185 	EXP 	text_9: autoDraw = True
21.4185 	EXP 	image: autoDraw = True
21.4185 	EXP 	text_same_practice: autoDraw = True
21.4191 	EXP 	window1: blendMode = 'avg'
21.4195 	EXP 	window1: blendMode = 'avg'
21.4406 	EXP 	window1: blendMode = 'avg'
21.4410 	EXP 	window1: blendMode = 'avg'
21.4614 	EXP 	window1: blendMode = 'avg'
21.4618 	EXP 	window1: blendMode = 'avg'
21.5055 	EXP 	window1: blendMode = 'avg'
21.5060 	EXP 	window1: blendMode = 'avg'
21.5480 	EXP 	window1: blendMode = 'avg'
21.5488 	EXP 	window1: blendMode = 'avg'
21.5785 	EXP 	window1: blendMode = 'avg'
21.5789 	EXP 	window1: blendMode = 'avg'
21.6102 	EXP 	window1: blendMode = 'avg'
21.6110 	EXP 	window1: blendMode = 'avg'
21.7130 	EXP 	window1: blendMode = 'avg'
21.7136 	EXP 	window1: blendMode = 'avg'
21.7350 	EXP 	window1: blendMode = 'avg'
21.7354 	EXP 	window1: blendMode = 'avg'
21.7559 	EXP 	window1: blendMode = 'avg'
21.7564 	EXP 	window1: blendMode = 'avg'
21.7790 	EXP 	window1: blendMode = 'avg'
21.7795 	EXP 	window1: blendMode = 'avg'
21.8106 	EXP 	window1: blendMode = 'avg'
21.8113 	EXP 	window1: blendMode = 'avg'
21.8478 	EXP 	window1: blendMode = 'avg'
21.8482 	EXP 	window1: blendMode = 'avg'
21.8681 	EXP 	window1: blendMode = 'avg'
21.8687 	EXP 	window1: blendMode = 'avg'
21.8878 	EXP 	window1: blendMode = 'avg'
21.8883 	EXP 	window1: blendMode = 'avg'
21.9088 	EXP 	window1: blendMode = 'avg'
21.9093 	EXP 	window1: blendMode = 'avg'
21.9501 	DATA 	Keypress: a
21.9511 	EXP 	New trial (rep=0, index=2): {'Stimulus_Practice': u'left_schema_1_WHI.jpg', 'Direction': u'left', 'Number': 1, 'Background': u'_WHI', 'Format': u'schema'}
21.9731 	EXP 	window1: blendMode = 'avg'
21.9734 	EXP 	window1: blendMode = 'avg'
21.9882 	EXP 	text_9: autoDraw = False
21.9882 	EXP 	image: autoDraw = False
21.9882 	EXP 	text_same_practice: autoDraw = False
21.9882 	EXP 	image: image = u'Extra_Stimuli//left_schema_1_WHI.jpg'
21.9882 	EXP 	text_same_practice: text = ''
21.9882 	EXP 	text_9: autoDraw = True
21.9882 	EXP 	image: autoDraw = True
21.9882 	EXP 	text_same_practice: autoDraw = True
21.9887 	EXP 	window1: blendMode = 'avg'
21.9889 	EXP 	window1: blendMode = 'avg'
22.0242 	EXP 	window1: blendMode = 'avg'
22.0244 	EXP 	window1: blendMode = 'avg'
22.0556 	EXP 	window1: blendMode = 'avg'
22.0561 	EXP 	window1: blendMode = 'avg'
22.0885 	EXP 	window1: blendMode = 'avg'
22.0888 	EXP 	window1: blendMode = 'avg'
22.1199 	EXP 	window1: blendMode = 'avg'
22.1203 	EXP 	window1: blendMode = 'avg'
22.1512 	EXP 	window1: blendMode = 'avg'
22.1516 	EXP 	window1: blendMode = 'avg'
22.1824 	EXP 	window1: blendMode = 'avg'
22.1826 	EXP 	window1: blendMode = 'avg'
22.2137 	EXP 	window1: blendMode = 'avg'
22.2140 	EXP 	window1: blendMode = 'avg'
22.2449 	EXP 	window1: blendMode = 'avg'
22.2452 	EXP 	window1: blendMode = 'avg'
22.2761 	DATA 	Keypress: f
22.2770 	EXP 	New trial (rep=0, index=3): {'Stimulus_Practice': u'left_schema_2_WHI.jpg', 'Direction': u'left', 'Number': 2, 'Background': u'_WHI', 'Format': u'schema'}
22.3055 	EXP 	window1: blendMode = 'avg'
22.3063 	EXP 	window1: blendMode = 'avg'
22.3251 	EXP 	text_9: autoDraw = False
22.3251 	EXP 	image: autoDraw = False
22.3251 	EXP 	text_same_practice: autoDraw = False
22.3251 	EXP 	image: image = u'Extra_Stimuli//left_schema_2_WHI.jpg'
22.3251 	EXP 	text_same_practice: text = 'SAME?'
22.3251 	EXP 	text_9: autoDraw = True
22.3251 	EXP 	image: autoDraw = True
22.3251 	EXP 	text_same_practice: autoDraw = True
22.3263 	EXP 	window1: blendMode = 'avg'
22.3273 	EXP 	window1: blendMode = 'avg'
22.3458 	EXP 	window1: blendMode = 'avg'
22.3465 	EXP 	window1: blendMode = 'avg'
22.3644 	EXP 	window1: blendMode = 'avg'
22.3650 	EXP 	window1: blendMode = 'avg'
22.3844 	EXP 	window1: blendMode = 'avg'
22.3850 	EXP 	window1: blendMode = 'avg'
22.4042 	EXP 	window1: blendMode = 'avg'
22.4047 	EXP 	window1: blendMode = 'avg'
22.4247 	EXP 	window1: blendMode = 'avg'
22.4253 	EXP 	window1: blendMode = 'avg'
22.4572 	EXP 	window1: blendMode = 'avg'
22.4575 	EXP 	window1: blendMode = 'avg'
22.4878 	EXP 	window1: blendMode = 'avg'
22.4883 	EXP 	window1: blendMode = 'avg'
22.5152 	DATA 	Keypress: a
22.5165 	EXP 	New trial (rep=0, index=4): {'Stimulus_Practice': u'right_schema_1_WHI.jpg', 'Direction': u'right', 'Number': 1, 'Background': u'_WHI', 'Format': u'schema'}
22.5513 	EXP 	window1: blendMode = 'avg'
22.5517 	EXP 	window1: blendMode = 'avg'
22.5769 	EXP 	text_9: autoDraw = False
22.5769 	EXP 	image: autoDraw = False
22.5769 	EXP 	text_same_practice: autoDraw = False
22.5769 	EXP 	image: image = u'Extra_Stimuli//right_schema_1_WHI.jpg'
22.5769 	EXP 	text_same_practice: text = ''
22.5769 	EXP 	text_9: autoDraw = True
22.5769 	EXP 	image: autoDraw = True
22.5769 	EXP 	text_same_practice: autoDraw = True
22.5780 	EXP 	window1: blendMode = 'avg'
22.5782 	EXP 	window1: blendMode = 'avg'
22.6088 	EXP 	window1: blendMode = 'avg'
22.6092 	EXP 	window1: blendMode = 'avg'
22.6400 	EXP 	window1: blendMode = 'avg'
22.6403 	EXP 	window1: blendMode = 'avg'
22.6711 	EXP 	window1: blendMode = 'avg'
22.6714 	EXP 	window1: blendMode = 'avg'
22.7024 	EXP 	window1: blendMode = 'avg'
22.7027 	EXP 	window1: blendMode = 'avg'
22.7337 	DATA 	Keypress: f
22.7349 	EXP 	New trial (rep=0, index=5): {'Stimulus_Practice': u'right_schema_2_WHI.jpg', 'Direction': u'right', 'Number': 2, 'Background': u'_WHI', 'Format': u'schema'}
22.7621 	EXP 	window1: blendMode = 'avg'
22.7628 	EXP 	window1: blendMode = 'avg'
22.7801 	EXP 	text_9: autoDraw = False
22.7801 	EXP 	image: autoDraw = False
22.7801 	EXP 	text_same_practice: autoDraw = False
22.7801 	EXP 	image: image = u'Extra_Stimuli//right_schema_2_WHI.jpg'
22.7801 	EXP 	text_same_practice: text = 'SAME?'
22.7801 	EXP 	text_9: autoDraw = True
22.7801 	EXP 	image: autoDraw = True
22.7801 	EXP 	text_same_practice: autoDraw = True
22.7806 	EXP 	window1: blendMode = 'avg'
22.7812 	EXP 	window1: blendMode = 'avg'
22.8238 	EXP 	window1: blendMode = 'avg'
22.8243 	EXP 	window1: blendMode = 'avg'
22.8439 	EXP 	window1: blendMode = 'avg'
22.8443 	EXP 	window1: blendMode = 'avg'
22.8642 	EXP 	window1: blendMode = 'avg'
22.8648 	EXP 	window1: blendMode = 'avg'
22.8847 	EXP 	window1: blendMode = 'avg'
22.8854 	EXP 	window1: blendMode = 'avg'
22.9046 	EXP 	window1: blendMode = 'avg'
22.9051 	EXP 	window1: blendMode = 'avg'
22.9394 	EXP 	window1: blendMode = 'avg'
22.9398 	EXP 	window1: blendMode = 'avg'
22.9732 	DATA 	Keypress: a
22.9742 	EXP 	New trial (rep=0, index=6): {'Stimulus_Practice': u'left_schema_3_WHI.jpg', 'Direction': u'left', 'Number': 3, 'Background': u'_WHI', 'Format': u'schema'}
23.0002 	EXP 	window1: blendMode = 'avg'
23.0006 	EXP 	window1: blendMode = 'avg'
23.0178 	EXP 	text_9: autoDraw = False
23.0178 	EXP 	image: autoDraw = False
23.0178 	EXP 	text_same_practice: autoDraw = False
23.0178 	EXP 	image: image = u'Extra_Stimuli//left_schema_3_WHI.jpg'
23.0178 	EXP 	text_same_practice: text = ''
23.0178 	EXP 	text_9: autoDraw = True
23.0178 	EXP 	image: autoDraw = True
23.0178 	EXP 	text_same_practice: autoDraw = True
23.0184 	EXP 	window1: blendMode = 'avg'
23.0186 	EXP 	window1: blendMode = 'avg'
23.0496 	EXP 	window1: blendMode = 'avg'
23.0500 	EXP 	window1: blendMode = 'avg'
23.0804 	EXP 	window1: blendMode = 'avg'
23.0808 	EXP 	window1: blendMode = 'avg'
23.2054 	EXP 	window1: blendMode = 'avg'
23.2056 	EXP 	window1: blendMode = 'avg'
23.2371 	EXP 	window1: blendMode = 'avg'
23.2375 	EXP 	window1: blendMode = 'avg'
23.2681 	DATA 	Keypress: f
23.2690 	EXP 	New trial (rep=0, index=7): {'Stimulus_Practice': u'ahead_schema_2_WHI.jpg', 'Direction': u'ahead', 'Number': 2, 'Background': u'_WHI', 'Format': u'schema'}
23.2981 	EXP 	window1: blendMode = 'avg'
23.2992 	EXP 	window1: blendMode = 'avg'
23.3075 	EXP 	text_9: autoDraw = False
23.3075 	EXP 	image: autoDraw = False
23.3075 	EXP 	text_same_practice: autoDraw = False
23.3075 	EXP 	image: image = u'Extra_Stimuli//ahead_schema_2_WHI.jpg'
23.3075 	EXP 	text_same_practice: text = 'SAME?'
23.3075 	EXP 	text_9: autoDraw = True
23.3075 	EXP 	image: autoDraw = True
23.3075 	EXP 	text_same_practice: autoDraw = True
23.3081 	EXP 	window1: blendMode = 'avg'
23.3086 	EXP 	window1: blendMode = 'avg'
23.3291 	EXP 	window1: blendMode = 'avg'
23.3297 	EXP 	window1: blendMode = 'avg'
23.3589 	EXP 	window1: blendMode = 'avg'
23.3595 	EXP 	window1: blendMode = 'avg'
23.3795 	EXP 	window1: blendMode = 'avg'
23.3803 	EXP 	window1: blendMode = 'avg'
23.4048 	EXP 	window1: blendMode = 'avg'
23.4052 	EXP 	window1: blendMode = 'avg'
23.4409 	EXP 	window1: blendMode = 'avg'
23.4413 	EXP 	window1: blendMode = 'avg'
23.4652 	EXP 	window1: blendMode = 'avg'
23.4656 	EXP 	window1: blendMode = 'avg'
23.4920 	EXP 	window1: blendMode = 'avg'
23.4924 	EXP 	window1: blendMode = 'avg'
23.5251 	EXP 	window1: blendMode = 'avg'
23.5255 	EXP 	window1: blendMode = 'avg'
23.5519 	EXP 	window1: blendMode = 'avg'
23.5526 	EXP 	window1: blendMode = 'avg'
23.5829 	EXP 	window1: blendMode = 'avg'
23.5833 	EXP 	window1: blendMode = 'avg'
23.6139 	EXP 	window1: blendMode = 'avg'
23.6145 	EXP 	window1: blendMode = 'avg'
23.6452 	DATA 	Keypress: a
23.6459 	EXP 	New trial (rep=0, index=8): {'Stimulus_Practice': u'ahead_schema_1_WHI.jpg', 'Direction': u'ahead', 'Number': 1, 'Background': u'_WHI', 'Format': u'schema'}
23.6973 	EXP 	window1: blendMode = 'avg'
23.7050 	EXP 	text_9: autoDraw = False
23.7050 	EXP 	image: autoDraw = False
23.7050 	EXP 	text_same_practice: autoDraw = False
23.7050 	EXP 	image: image = u'Extra_Stimuli//ahead_schema_1_WHI.jpg'
23.7050 	EXP 	text_9: autoDraw = False
23.7050 	EXP 	image: autoDraw = False
23.7050 	EXP 	text_same_practice: autoDraw = False
23.7050 	EXP 	text_2: autoDraw = True
23.7059 	EXP 	window1: blendMode = 'avg'
23.7293 	EXP 	window1: blendMode = 'avg'
23.7609 	EXP 	window1: blendMode = 'avg'
23.7812 	EXP 	window1: blendMode = 'avg'
23.8238 	EXP 	window1: blendMode = 'avg'
23.8451 	EXP 	window1: blendMode = 'avg'
23.8655 	EXP 	window1: blendMode = 'avg'
23.8893 	EXP 	window1: blendMode = 'avg'
23.9091 	EXP 	window1: blendMode = 'avg'
23.9379 	EXP 	window1: blendMode = 'avg'
23.9734 	EXP 	window1: blendMode = 'avg'
23.9931 	EXP 	window1: blendMode = 'avg'
24.0125 	EXP 	window1: blendMode = 'avg'
24.0503 	EXP 	window1: blendMode = 'avg'
24.0815 	EXP 	window1: blendMode = 'avg'
24.1126 	EXP 	window1: blendMode = 'avg'
24.1438 	EXP 	window1: blendMode = 'avg'
24.1749 	EXP 	window1: blendMode = 'avg'
24.2052 	EXP 	window1: blendMode = 'avg'
24.2366 	EXP 	window1: blendMode = 'avg'
24.2678 	EXP 	window1: blendMode = 'avg'
24.2994 	EXP 	window1: blendMode = 'avg'
24.3310 	EXP 	window1: blendMode = 'avg'
24.3589 	EXP 	window1: blendMode = 'avg'
24.3795 	EXP 	window1: blendMode = 'avg'
24.4042 	EXP 	window1: blendMode = 'avg'
24.4399 	EXP 	window1: blendMode = 'avg'
24.4600 	EXP 	window1: blendMode = 'avg'
24.5040 	EXP 	window1: blendMode = 'avg'
24.5473 	EXP 	window1: blendMode = 'avg'
24.5782 	EXP 	window1: blendMode = 'avg'
24.6097 	EXP 	window1: blendMode = 'avg'
24.6406 	EXP 	window1: blendMode = 'avg'
24.6719 	EXP 	window1: blendMode = 'avg'
24.7036 	EXP 	window1: blendMode = 'avg'
24.7345 	EXP 	window1: blendMode = 'avg'
24.7656 	EXP 	window1: blendMode = 'avg'
24.7971 	EXP 	window1: blendMode = 'avg'
24.8202 	EXP 	window1: blendMode = 'avg'
24.8448 	EXP 	window1: blendMode = 'avg'
24.8651 	EXP 	window1: blendMode = 'avg'
24.8844 	EXP 	window1: blendMode = 'avg'
24.9043 	EXP 	window1: blendMode = 'avg'
24.9243 	EXP 	window1: blendMode = 'avg'
24.9571 	EXP 	window1: blendMode = 'avg'
24.9754 	EXP 	window1: blendMode = 'avg'
24.9952 	EXP 	window1: blendMode = 'avg'
25.0183 	EXP 	window1: blendMode = 'avg'
25.0490 	EXP 	window1: blendMode = 'avg'
25.0801 	EXP 	window1: blendMode = 'avg'
25.1116 	EXP 	window1: blendMode = 'avg'
25.1426 	EXP 	window1: blendMode = 'avg'
25.1740 	EXP 	window1: blendMode = 'avg'
25.2049 	DATA 	Keypress: d
25.2132 	DEBUG 	Read excel file with pandas: Extra_Stimuli//practice_order_WHI_word.xlsx
25.2142 	EXP 	Imported Extra_Stimuli//practice_order_WHI_word.xlsx as conditions, 9 conditions, 5 params
25.2145 	EXP 	Created sequence: random, trialTypes=9, nReps=1, seed=None
25.2150 	EXP 	New trial (rep=0, index=0): {'Stimulus_Practice': u'left_word_2_WHI.jpg', 'Direction': u'left', 'Number': 2, 'Background': u'_WHI', 'Format': u'word'}
25.2373 	EXP 	window1: blendMode = 'avg'
25.2397 	EXP 	window1: blendMode = 'avg'
25.2673 	EXP 	text_2: autoDraw = False
25.2673 	EXP 	image_3: image = u'Extra_Stimuli//left_word_2_WHI.jpg'
25.2673 	EXP 	text_same_practice_2: text = ''
25.2673 	EXP 	text_11: autoDraw = True
25.2673 	EXP 	image_3: autoDraw = True
25.2673 	EXP 	text_same_practice_2: autoDraw = True
25.2682 	EXP 	window1: blendMode = 'avg'
25.2685 	EXP 	window1: blendMode = 'avg'
25.3023 	EXP 	window1: blendMode = 'avg'
25.3027 	EXP 	window1: blendMode = 'avg'
25.3407 	EXP 	window1: blendMode = 'avg'
25.3410 	EXP 	window1: blendMode = 'avg'
25.3608 	EXP 	window1: blendMode = 'avg'
25.3610 	EXP 	window1: blendMode = 'avg'
25.3809 	EXP 	window1: blendMode = 'avg'
25.3813 	EXP 	window1: blendMode = 'avg'
25.4012 	EXP 	window1: blendMode = 'avg'
25.4015 	EXP 	window1: blendMode = 'avg'
25.4223 	EXP 	window1: blendMode = 'avg'
25.4225 	EXP 	window1: blendMode = 'avg'
25.4540 	EXP 	window1: blendMode = 'avg'
25.4543 	EXP 	window1: blendMode = 'avg'
25.4849 	EXP 	window1: blendMode = 'avg'
25.4852 	EXP 	window1: blendMode = 'avg'
25.5117 	EXP 	window1: blendMode = 'avg'
25.5121 	EXP 	window1: blendMode = 'avg'
25.5426 	EXP 	window1: blendMode = 'avg'
25.5429 	EXP 	window1: blendMode = 'avg'
25.5738 	EXP 	window1: blendMode = 'avg'
25.5741 	EXP 	window1: blendMode = 'avg'
25.6055 	EXP 	window1: blendMode = 'avg'
25.6059 	EXP 	window1: blendMode = 'avg'
25.6364 	EXP 	window1: blendMode = 'avg'
25.6367 	EXP 	window1: blendMode = 'avg'
25.6676 	DATA 	Keypress: f
25.6723 	EXP 	New trial (rep=0, index=1): {'Stimulus_Practice': u'right_word_1_WHI.jpg', 'Direction': u'right', 'Number': 1, 'Background': u'_WHI', 'Format': u'word'}
25.6995 	EXP 	window1: blendMode = 'avg'
25.7002 	EXP 	window1: blendMode = 'avg'
25.7297 	EXP 	text_11: autoDraw = False
25.7297 	EXP 	image_3: autoDraw = False
25.7297 	EXP 	text_same_practice_2: autoDraw = False
25.7297 	EXP 	image_3: image = u'Extra_Stimuli//right_word_1_WHI.jpg'
25.7297 	EXP 	text_same_practice_2: text = 'SAME?'
25.7297 	EXP 	text_11: autoDraw = True
25.7297 	EXP 	image_3: autoDraw = True
25.7297 	EXP 	text_same_practice_2: autoDraw = True
25.7302 	EXP 	window1: blendMode = 'avg'
25.7306 	EXP 	window1: blendMode = 'avg'
25.7617 	EXP 	window1: blendMode = 'avg'
25.7621 	EXP 	window1: blendMode = 'avg'
25.7927 	EXP 	window1: blendMode = 'avg'
25.7931 	EXP 	window1: blendMode = 'avg'
25.8206 	EXP 	window1: blendMode = 'avg'
25.8212 	EXP 	window1: blendMode = 'avg'
25.8598 	EXP 	window1: blendMode = 'avg'
25.8603 	EXP 	window1: blendMode = 'avg'
25.8804 	EXP 	window1: blendMode = 'avg'
25.8810 	EXP 	window1: blendMode = 'avg'
25.9000 	EXP 	window1: blendMode = 'avg'
25.9005 	EXP 	window1: blendMode = 'avg'
25.9223 	EXP 	window1: blendMode = 'avg'
25.9227 	EXP 	window1: blendMode = 'avg'
25.9690 	DATA 	Keypress: a
25.9700 	EXP 	New trial (rep=0, index=2): {'Stimulus_Practice': u'right_word_2_WHI.jpg', 'Direction': u'right', 'Number': 2, 'Background': u'_WHI', 'Format': u'word'}
25.9931 	EXP 	window1: blendMode = 'avg'
25.9934 	EXP 	window1: blendMode = 'avg'
26.0173 	EXP 	text_11: autoDraw = False
26.0173 	EXP 	image_3: autoDraw = False
26.0173 	EXP 	text_same_practice_2: autoDraw = False
26.0173 	EXP 	image_3: image = u'Extra_Stimuli//right_word_2_WHI.jpg'
26.0173 	EXP 	text_same_practice_2: text = ''
26.0173 	EXP 	text_11: autoDraw = True
26.0173 	EXP 	image_3: autoDraw = True
26.0173 	EXP 	text_same_practice_2: autoDraw = True
26.0181 	EXP 	window1: blendMode = 'avg'
26.0185 	EXP 	window1: blendMode = 'avg'
26.0492 	EXP 	window1: blendMode = 'avg'
26.0495 	EXP 	window1: blendMode = 'avg'
26.0801 	EXP 	window1: blendMode = 'avg'
26.0804 	EXP 	window1: blendMode = 'avg'
26.2052 	DATA 	Keypress: f
26.2060 	EXP 	New trial (rep=0, index=3): {'Stimulus_Practice': u'left_word_3_WHI.jpg', 'Direction': u'left', 'Number': 3, 'Background': u'_WHI', 'Format': u'word'}
26.2334 	EXP 	window1: blendMode = 'avg'
26.2342 	EXP 	window1: blendMode = 'avg'
26.2517 	EXP 	text_11: autoDraw = False
26.2517 	EXP 	image_3: autoDraw = False
26.2517 	EXP 	text_same_practice_2: autoDraw = False
26.2517 	EXP 	image_3: image = u'Extra_Stimuli//left_word_3_WHI.jpg'
26.2517 	EXP 	text_same_practice_2: text = 'SAME?'
26.2517 	EXP 	text_11: autoDraw = True
26.2517 	EXP 	image_3: autoDraw = True
26.2517 	EXP 	text_same_practice_2: autoDraw = True
26.2522 	EXP 	window1: blendMode = 'avg'
26.2526 	EXP 	window1: blendMode = 'avg'
26.2836 	EXP 	window1: blendMode = 'avg'
26.2841 	EXP 	window1: blendMode = 'avg'
26.3144 	EXP 	window1: blendMode = 'avg'
26.3148 	EXP 	window1: blendMode = 'avg'
26.3420 	EXP 	window1: blendMode = 'avg'
26.3424 	EXP 	window1: blendMode = 'avg'
26.3629 	EXP 	window1: blendMode = 'avg'
26.3635 	EXP 	window1: blendMode = 'avg'
26.3829 	EXP 	window1: blendMode = 'avg'
26.3833 	EXP 	window1: blendMode = 'avg'
26.4041 	EXP 	window1: blendMode = 'avg'
26.4045 	EXP 	window1: blendMode = 'avg'
26.4245 	DATA 	Keypress: a
26.4253 	EXP 	New trial (rep=0, index=4): {'Stimulus_Practice': u'ahead_word_2_WHI.jpg', 'Direction': u'ahead', 'Number': 2, 'Background': u'_WHI', 'Format': u'word'}
26.4482 	EXP 	window1: blendMode = 'avg'
26.4484 	EXP 	window1: blendMode = 'avg'
26.4872 	EXP 	text_11: autoDraw = False
26.4872 	EXP 	image_3: autoDraw = False
26.4872 	EXP 	text_same_practice_2: autoDraw = False
26.4872 	EXP 	image_3: image = u'Extra_Stimuli//ahead_word_2_WHI.jpg'
26.4872 	EXP 	text_same_practice_2: text = ''
26.4872 	EXP 	text_11: autoDraw = True
26.4872 	EXP 	image_3: autoDraw = True
26.4872 	EXP 	text_same_practice_2: autoDraw = True
26.4890 	EXP 	window1: blendMode = 'avg'
26.4892 	EXP 	window1: blendMode = 'avg'
26.5315 	EXP 	window1: blendMode = 'avg'
26.5319 	EXP 	window1: blendMode = 'avg'
26.5621 	EXP 	window1: blendMode = 'avg'
26.5624 	EXP 	window1: blendMode = 'avg'
26.5937 	EXP 	window1: blendMode = 'avg'
26.5941 	EXP 	window1: blendMode = 'avg'
26.7935 	DATA 	Keypress: f
26.7957 	EXP 	New trial (rep=0, index=5): {'Stimulus_Practice': u'ahead_word_1_WHI.jpg', 'Direction': u'ahead', 'Number': 1, 'Background': u'_WHI', 'Format': u'word'}
26.8371 	DATA 	Keypress: a
26.8378 	EXP 	window1: blendMode = 'avg'
26.8389 	EXP 	window1: blendMode = 'avg'
26.8594 	EXP 	text_11: autoDraw = False
26.8594 	EXP 	image_3: autoDraw = False
26.8594 	EXP 	text_same_practice_2: autoDraw = False
26.8594 	EXP 	image_3: image = u'Extra_Stimuli//ahead_word_1_WHI.jpg'
26.8594 	EXP 	text_same_practice_2: text = 'SAME?'
26.8594 	EXP 	text_11: autoDraw = True
26.8594 	EXP 	image_3: autoDraw = True
26.8594 	EXP 	text_same_practice_2: autoDraw = True
26.8599 	EXP 	window1: blendMode = 'avg'
26.8603 	EXP 	window1: blendMode = 'avg'
26.8809 	EXP 	window1: blendMode = 'avg'
26.8816 	EXP 	window1: blendMode = 'avg'
26.9010 	EXP 	window1: blendMode = 'avg'
26.9017 	EXP 	window1: blendMode = 'avg'
26.9221 	EXP 	window1: blendMode = 'avg'
26.9225 	EXP 	window1: blendMode = 'avg'
26.9695 	EXP 	window1: blendMode = 'avg'
26.9699 	EXP 	window1: blendMode = 'avg'
26.9881 	EXP 	window1: blendMode = 'avg'
26.9887 	EXP 	window1: blendMode = 'avg'
27.0203 	EXP 	window1: blendMode = 'avg'
27.0210 	EXP 	window1: blendMode = 'avg'
27.0520 	EXP 	window1: blendMode = 'avg'
27.0526 	EXP 	window1: blendMode = 'avg'
27.0818 	EXP 	window1: blendMode = 'avg'
27.0823 	EXP 	window1: blendMode = 'avg'
27.1128 	EXP 	window1: blendMode = 'avg'
27.1133 	EXP 	window1: blendMode = 'avg'
27.1439 	EXP 	window1: blendMode = 'avg'
27.1443 	EXP 	window1: blendMode = 'avg'
27.1754 	EXP 	window1: blendMode = 'avg'
27.1760 	EXP 	window1: blendMode = 'avg'
27.2208 	EXP 	window1: blendMode = 'avg'
27.2212 	EXP 	window1: blendMode = 'avg'
27.2520 	EXP 	window1: blendMode = 'avg'
27.2524 	EXP 	window1: blendMode = 'avg'
27.2833 	EXP 	window1: blendMode = 'avg'
27.2837 	EXP 	window1: blendMode = 'avg'
27.3154 	DATA 	Keypress: f
27.3169 	EXP 	New trial (rep=0, index=6): {'Stimulus_Practice': u'ahead_word_3_WHI.jpg', 'Direction': u'ahead', 'Number': 3, 'Background': u'_WHI', 'Format': u'word'}
27.3431 	EXP 	window1: blendMode = 'avg'
27.3434 	EXP 	window1: blendMode = 'avg'
27.3594 	EXP 	text_11: autoDraw = False
27.3594 	EXP 	image_3: autoDraw = False
27.3594 	EXP 	text_same_practice_2: autoDraw = False
27.3594 	EXP 	image_3: image = u'Extra_Stimuli//ahead_word_3_WHI.jpg'
27.3594 	EXP 	text_same_practice_2: text = ''
27.3594 	EXP 	text_11: autoDraw = True
27.3594 	EXP 	image_3: autoDraw = True
27.3594 	EXP 	text_same_practice_2: autoDraw = True
27.3602 	EXP 	window1: blendMode = 'avg'
27.3606 	EXP 	window1: blendMode = 'avg'
27.3831 	EXP 	window1: blendMode = 'avg'
27.3835 	EXP 	window1: blendMode = 'avg'
27.4028 	EXP 	window1: blendMode = 'avg'
27.4032 	EXP 	window1: blendMode = 'avg'
27.4222 	EXP 	window1: blendMode = 'avg'
27.4225 	EXP 	window1: blendMode = 'avg'
27.4519 	EXP 	window1: blendMode = 'avg'
27.4522 	EXP 	window1: blendMode = 'avg'
27.4827 	EXP 	window1: blendMode = 'avg'
27.4830 	EXP 	window1: blendMode = 'avg'
27.5113 	EXP 	window1: blendMode = 'avg'
27.5117 	EXP 	window1: blendMode = 'avg'
27.5424 	EXP 	window1: blendMode = 'avg'
27.5429 	EXP 	window1: blendMode = 'avg'
27.5738 	EXP 	window1: blendMode = 'avg'
27.5742 	EXP 	window1: blendMode = 'avg'
27.6049 	EXP 	window1: blendMode = 'avg'
27.6052 	EXP 	window1: blendMode = 'avg'
27.6364 	EXP 	window1: blendMode = 'avg'
27.6368 	EXP 	window1: blendMode = 'avg'
27.6672 	EXP 	window1: blendMode = 'avg'
27.6675 	EXP 	window1: blendMode = 'avg'
27.6987 	EXP 	window1: blendMode = 'avg'
27.6991 	EXP 	window1: blendMode = 'avg'
27.7302 	DATA 	Keypress: a
27.7316 	EXP 	New trial (rep=0, index=7): {'Stimulus_Practice': u'right_word_3_WHI.jpg', 'Direction': u'right', 'Number': 3, 'Background': u'_WHI', 'Format': u'word'}
27.7661 	EXP 	window1: blendMode = 'avg'
27.7668 	EXP 	window1: blendMode = 'avg'
27.7917 	EXP 	text_11: autoDraw = False
27.7917 	EXP 	image_3: autoDraw = False
27.7917 	EXP 	text_same_practice_2: autoDraw = False
27.7917 	EXP 	image_3: image = u'Extra_Stimuli//right_word_3_WHI.jpg'
27.7917 	EXP 	text_same_practice_2: text = 'SAME?'
27.7917 	EXP 	text_11: autoDraw = True
27.7917 	EXP 	image_3: autoDraw = True
27.7917 	EXP 	text_same_practice_2: autoDraw = True
27.7924 	EXP 	window1: blendMode = 'avg'
27.7929 	EXP 	window1: blendMode = 'avg'
27.8155 	EXP 	window1: blendMode = 'avg'
27.8160 	EXP 	window1: blendMode = 'avg'
27.8360 	EXP 	window1: blendMode = 'avg'
27.8367 	EXP 	window1: blendMode = 'avg'
27.8559 	EXP 	window1: blendMode = 'avg'
27.8563 	EXP 	window1: blendMode = 'avg'
27.8771 	EXP 	window1: blendMode = 'avg'
27.8777 	EXP 	window1: blendMode = 'avg'
27.8975 	EXP 	window1: blendMode = 'avg'
27.8981 	EXP 	window1: blendMode = 'avg'
27.9171 	EXP 	window1: blendMode = 'avg'
27.9175 	EXP 	window1: blendMode = 'avg'
27.9396 	EXP 	window1: blendMode = 'avg'
27.9401 	EXP 	window1: blendMode = 'avg'
27.9651 	EXP 	window1: blendMode = 'avg'
27.9654 	EXP 	window1: blendMode = 'avg'
27.9853 	EXP 	window1: blendMode = 'avg'
27.9858 	EXP 	window1: blendMode = 'avg'
28.0200 	EXP 	window1: blendMode = 'avg'
28.0211 	EXP 	window1: blendMode = 'avg'
28.0508 	EXP 	window1: blendMode = 'avg'
28.0512 	EXP 	window1: blendMode = 'avg'
28.0819 	DATA 	Keypress: f
28.0830 	EXP 	New trial (rep=0, index=8): {'Stimulus_Practice': u'left_word_1_WHI.jpg', 'Direction': u'left', 'Number': 1, 'Background': u'_WHI', 'Format': u'word'}
28.1085 	EXP 	window1: blendMode = 'avg'
28.1087 	EXP 	window1: blendMode = 'avg'
28.1284 	EXP 	text_11: autoDraw = False
28.1284 	EXP 	image_3: autoDraw = False
28.1284 	EXP 	text_same_practice_2: autoDraw = False
28.1284 	EXP 	image_3: image = u'Extra_Stimuli//left_word_1_WHI.jpg'
28.1284 	EXP 	text_same_practice_2: text = ''
28.1284 	EXP 	text_11: autoDraw = True
28.1284 	EXP 	image_3: autoDraw = True
28.1284 	EXP 	text_same_practice_2: autoDraw = True
28.1292 	EXP 	window1: blendMode = 'avg'
28.1295 	EXP 	window1: blendMode = 'avg'
28.1601 	EXP 	window1: blendMode = 'avg'
28.1605 	EXP 	window1: blendMode = 'avg'
28.1913 	EXP 	window1: blendMode = 'avg'
28.1916 	EXP 	window1: blendMode = 'avg'
28.2228 	EXP 	window1: blendMode = 'avg'
28.2231 	EXP 	window1: blendMode = 'avg'
28.2537 	EXP 	window1: blendMode = 'avg'
28.2540 	EXP 	window1: blendMode = 'avg'
28.2853 	EXP 	window1: blendMode = 'avg'
28.2857 	EXP 	window1: blendMode = 'avg'
28.3159 	EXP 	window1: blendMode = 'avg'
28.3163 	EXP 	window1: blendMode = 'avg'
28.3361 	EXP 	window1: blendMode = 'avg'
28.3364 	EXP 	window1: blendMode = 'avg'
28.3560 	EXP 	window1: blendMode = 'avg'
28.3564 	EXP 	window1: blendMode = 'avg'
28.3762 	EXP 	window1: blendMode = 'avg'
28.3765 	EXP 	window1: blendMode = 'avg'
28.3977 	EXP 	window1: blendMode = 'avg'
28.3981 	EXP 	window1: blendMode = 'avg'
28.4214 	EXP 	window1: blendMode = 'avg'
28.4217 	EXP 	window1: blendMode = 'avg'
28.4655 	EXP 	window1: blendMode = 'avg'
28.4657 	EXP 	window1: blendMode = 'avg'
28.5076 	EXP 	window1: blendMode = 'avg'
28.5080 	EXP 	window1: blendMode = 'avg'
28.5382 	EXP 	window1: blendMode = 'avg'
28.5385 	EXP 	window1: blendMode = 'avg'
28.5696 	EXP 	window1: blendMode = 'avg'
28.5700 	EXP 	window1: blendMode = 'avg'
28.7687 	EXP 	window1: blendMode = 'avg'
28.7692 	EXP 	window1: blendMode = 'avg'
28.7888 	EXP 	window1: blendMode = 'avg'
28.7890 	EXP 	window1: blendMode = 'avg'
28.8222 	EXP 	window1: blendMode = 'avg'
28.8224 	EXP 	window1: blendMode = 'avg'
28.8426 	EXP 	window1: blendMode = 'avg'
28.8430 	EXP 	window1: blendMode = 'avg'
28.8633 	EXP 	window1: blendMode = 'avg'
28.8638 	EXP 	window1: blendMode = 'avg'
28.8838 	EXP 	window1: blendMode = 'avg'
28.8842 	EXP 	window1: blendMode = 'avg'
28.9040 	EXP 	window1: blendMode = 'avg'
28.9043 	EXP 	window1: blendMode = 'avg'
28.9460 	DATA 	Keypress: f
28.9939 	EXP 	window1: blendMode = 'avg'
29.0193 	EXP 	text_11: autoDraw = False
29.0193 	EXP 	image_3: autoDraw = False
29.0193 	EXP 	text_same_practice_2: autoDraw = False
29.0193 	EXP 	text_2: autoDraw = True
29.0206 	EXP 	window1: blendMode = 'avg'
29.0518 	EXP 	window1: blendMode = 'avg'
29.0828 	EXP 	window1: blendMode = 'avg'
29.2099 	DATA 	Keypress: escape
