8.6638 	INFO 	Loaded monitor calibration from ['2013_02_18 13:37']
17.3353 	WARNING 	Couldn't measure a consistent frame rate.
  - Is your graphics card set to sync to vertical blank?
  - Are you running other processes on your computer?

17.3360 	EXP 	Created window1 = Window(allowGUI=False, allowStencil=False, autoLog=True, bitsMode=UNKNOWN, blendMode='avg', color=array([ 0.4,  0.4,  0.4]), colorSpace='rgb', fullscr=UNKNOWN, gamma=None, lms=UNKNOWN, monitor=<psychopy.monitors.calibTools.Monitor object at 0x08558D50>, multiSample=False, name='window1', numSamples=2, pos=[0, 0], screen=0, size=array([1600,  900]), stereo=False, units=u'norm', useFBO=True, useRetina=False, viewOri=0.0, viewPos=None, viewScale=None, waitBlanking=True, winType='pyglet')
17.3361 	EXP 	window1: recordFrameIntervals = False
17.6816 	EXP 	window1: recordFrameIntervals = True
17.7268 	WARNING 	t of last frame was 22.11ms (=1/45)
17.7470 	WARNING 	t of last frame was 20.24ms (=1/49)
17.7671 	WARNING 	t of last frame was 20.09ms (=1/49)
17.8290 	WARNING 	t of last frame was 43.59ms (=1/22)
17.8712 	WARNING 	Multiple dropped frames have occurred - I'll stop bothering you about them!
20.1286 	DEBUG 	Screen (0) actual frame rate measured at 32.01
20.1287 	EXP 	window1: recordFrameIntervals = True
20.3194 	EXP 	Created text_4 = TextStim(alignHoriz='center', alignVert='center', antialias=True, autoLog=True, bold=False, color='black', colorSpace='named', contrast=1.0, depth=0.0, flipHoriz=False, flipVert=False, font='Arial', fontFiles=[], height=0.1, italic=False, name='text_4', opacity=1.0, ori=0, pos=array([ 0.,  0.]), rgb=array([ 0.,  0.,  0.]), text=unicode(...), units=u'norm', win=Window(...), wrapWidth=1.5)
20.3201 	EXP 	Created text_6 = TextStim(alignHoriz='center', alignVert='center', antialias=True, autoLog=True, bold=False, color='black', colorSpace='named', contrast=1.0, depth=0.0, flipHoriz=False, flipVert=False, font='Arial', fontFiles=[], height=0.1, italic=False, name='text_6', opacity=1.0, ori=0, pos=array([ 0.,  0.]), rgb=array([ 0.,  0.,  0.]), text='', units=u'norm', win=Window(...), wrapWidth=1.5)
20.3208 	EXP 	Created text_9 = TextStim(alignHoriz='center', alignVert='center', antialias=True, autoLog=True, bold=False, color='black', colorSpace='named', contrast=1.0, depth=-1.0, flipHoriz=False, flipVert=False, font='Arial', fontFiles=[], height=0.1, italic=False, name='text_9', opacity=1.0, ori=0, pos=array([ 0. , -0.6]), rgb=array([ 0.,  0.,  0.]), text='', units=u'norm', win=Window(...), wrapWidth=1)
20.3244 	EXP 	Created image = ImageStim(autoLog=True, color=array([ 1.,  1.,  1.]), colorSpace='rgb', contrast=1.0, depth=-2.0, flipHoriz=False, flipVert=False, image='sin', interpolate=True, mask=None, maskParams=None, name='image', opacity=1.0, ori=0.0, pos=array([ 0.,  0.]), size=array([ 1600.,   900.]), texRes=128, units='height', win=Window(...))
20.3252 	EXP 	Created text_same_practice = TextStim(alignHoriz='center', alignVert='center', antialias=True, autoLog=True, bold=False, color='black', colorSpace='named', contrast=1.0, depth=-3.0, flipHoriz=False, flipVert=False, font='Arial', fontFiles=[], height=0.1, italic=False, name='text_same_practice', opacity=1.0, ori=0, pos=array([ 0. , -0.8]), rgb=array([ 0.,  0.,  0.]), text='', units=u'norm', win=Window(...), wrapWidth=1)
20.3300 	EXP 	Created text_2 = TextStim(alignHoriz='center', alignVert='center', antialias=True, autoLog=True, bold=False, color='black', colorSpace='named', contrast=1.0, depth=0.0, flipHoriz=False, flipVert=False, font='Arial', fontFiles=[], height=0.1, italic=False, name='text_2', opacity=1.0, ori=0, pos=array([ 0.,  0.]), rgb=array([ 0.,  0.,  0.]), text=u'+', units=u'norm', win=Window(...), wrapWidth=1)
20.3307 	EXP 	Created text_11 = TextStim(alignHoriz='center', alignVert='center', antialias=True, autoLog=True, bold=False, color='black', colorSpace='named', contrast=1.0, depth=-1.0, flipHoriz=False, flipVert=False, font='Arial', fontFiles=[], height=0.1, italic=False, name='text_11', opacity=1.0, ori=0, pos=array([ 0. , -0.6]), rgb=array([ 0.,  0.,  0.]), text='', units=u'norm', win=Window(...), wrapWidth=1)
20.3327 	EXP 	Created image_3 = ImageStim(autoLog=True, color=array([ 1.,  1.,  1.]), colorSpace='rgb', contrast=1.0, depth=-2.0, flipHoriz=False, flipVert=False, image='sin', interpolate=True, mask=None, maskParams=None, name='image_3', opacity=1.0, ori=0.0, pos=array([ 0.,  0.]), size=array([ 1.        ,  1.77777778]), texRes=128, units=u'norm', win=Window(...))
20.3334 	EXP 	Created text_same_practice_2 = TextStim(alignHoriz='center', alignVert='center', antialias=True, autoLog=True, bold=False, color='black', colorSpace='named', contrast=1.0, depth=-3.0, flipHoriz=False, flipVert=False, font='Arial', fontFiles=[], height=0.1, italic=False, name='text_same_practice_2', opacity=1.0, ori=0, pos=array([ 0. , -0.8]), rgb=array([ 0.,  0.,  0.]), text='', units=u'norm', win=Window(...), wrapWidth=1)
20.3361 	EXP 	Created text_2 = TextStim(alignHoriz='center', alignVert='center', antialias=True, autoLog=True, bold=False, color='black', colorSpace='named', contrast=1.0, depth=0.0, flipHoriz=False, flipVert=False, font='Arial', fontFiles=[], height=0.1, italic=False, name='text_2', opacity=1.0, ori=0, pos=array([ 0.,  0.]), rgb=array([ 0.,  0.,  0.]), text=u'+', units=u'norm', win=Window(...), wrapWidth=1)
20.3368 	EXP 	Created text_12 = TextStim(alignHoriz='center', alignVert='center', antialias=True, autoLog=True, bold=False, color='black', colorSpace='named', contrast=1.0, depth=-1.0, flipHoriz=False, flipVert=False, font='Arial', fontFiles=[], height=0.1, italic=False, name='text_12', opacity=1.0, ori=0, pos=array([ 0. , -0.6]), rgb=array([ 0.,  0.,  0.]), text='', units=u'norm', win=Window(...), wrapWidth=1)
20.3387 	EXP 	Created image_4 = ImageStim(autoLog=True, color=array([ 1.,  1.,  1.]), colorSpace='rgb', contrast=1.0, depth=-2.0, flipHoriz=False, flipVert=False, image='sin', interpolate=True, mask=None, maskParams=None, name='image_4', opacity=1.0, ori=0.0, pos=array([ 0.,  0.]), size=array([ 1.        ,  1.77777778]), texRes=128, units=u'norm', win=Window(...))
20.3394 	EXP 	Created text_same_practice_3 = TextStim(alignHoriz='center', alignVert='center', antialias=True, autoLog=True, bold=False, color='black', colorSpace='named', contrast=1.0, depth=-3.0, flipHoriz=False, flipVert=False, font='Arial', fontFiles=[], height=0.1, italic=False, name='text_same_practice_3', opacity=1.0, ori=0, pos=array([ 0. , -0.8]), rgb=array([ 0.,  0.,  0.]), text='', units=u'norm', win=Window(...), wrapWidth=1)
20.3773 	EXP 	Created text_10 = TextStim(alignHoriz='center', alignVert='center', antialias=True, autoLog=True, bold=False, color='black', colorSpace='named', contrast=1.0, depth=0.0, flipHoriz=False, flipVert=False, font='Arial', fontFiles=[], height=0.1, italic=False, name='text_10', opacity=1.0, ori=0, pos=array([ 0.,  0.]), rgb=array([ 0.,  0.,  0.]), text=unicode(...), units=u'norm', win=Window(...), wrapWidth=1)
20.3802 	EXP 	Created image_2 = ImageStim(autoLog=True, color=array([ 1.,  1.,  1.]), colorSpace='rgb', contrast=1.0, depth=-1.0, flipHoriz=False, flipVert=False, image='sin', interpolate=True, mask=None, maskParams=None, name='image_2', opacity=1.0, ori=0.0, pos=array([ 0.,  0.]), size=array([ 0.75,  1.  ]), texRes=128, units='norm', win=Window(...))
20.3863 	EXP 	Created unnamed TextStim = TextStim(alignHoriz='center', alignVert='center', antialias=True, autoLog=True, bold=False, color='black', colorSpace='named', contrast=1.0, depth=0, flipHoriz=False, flipVert=False, font='', fontFiles=[], height=0.1, italic=False, name='unnamed TextStim', opacity=1.0, ori=0.0, pos=array([ 0.,  0.]), rgb=array([ 0.,  0.,  0.]), text=u'+', units=u'norm', win=Window(...), wrapWidth=1)
20.3872 	EXP 	Created text_same = TextStim(alignHoriz='center', alignVert='center', antialias=True, autoLog=True, bold=False, color=u'black', colorSpace='named', contrast=1.0, depth=-3.0, flipHoriz=False, flipVert=False, font=u'Arial', fontFiles=[], height=0.1, italic=False, name='text_same', opacity=1.0, ori=0, pos=array([ 0. ,  0.8]), rgb=array([ 0.,  0.,  0.]), text='', units=u'norm', win=Window(...), wrapWidth=1)
20.3995 	EXP 	Created text = TextStim(alignHoriz='center', alignVert='center', antialias=True, autoLog=True, bold=False, color='black', colorSpace='named', contrast=1.0, depth=0.0, flipHoriz=False, flipVert=False, font='Arial', fontFiles=[], height=0.1, italic=False, name='text', opacity=1.0, ori=0, pos=array([ 0.,  0.]), rgb=array([ 0.,  0.,  0.]), text=unicode(...), units=u'norm', win=Window(...), wrapWidth=1)
20.4015 	EXP 	window1: blendMode = 'avg'
20.4080 	EXP 	text_4: autoDraw = True
20.4086 	EXP 	window1: blendMode = 'avg'
20.4372 	EXP 	window1: blendMode = 'avg'
20.4684 	EXP 	window1: blendMode = 'avg'
20.4996 	EXP 	window1: blendMode = 'avg'
20.5196 	EXP 	window1: blendMode = 'avg'
20.5402 	EXP 	window1: blendMode = 'avg'
20.5746 	EXP 	window1: blendMode = 'avg'
20.6057 	EXP 	window1: blendMode = 'avg'
20.6257 	EXP 	window1: blendMode = 'avg'
20.6604 	EXP 	window1: blendMode = 'avg'
20.6806 	EXP 	window1: blendMode = 'avg'
20.7001 	EXP 	window1: blendMode = 'avg'
20.7435 	EXP 	window1: blendMode = 'avg'
20.7898 	EXP 	window1: blendMode = 'avg'
20.8311 	DATA 	Keypress: d
20.8321 	EXP 	Created sequence: random, trialTypes=1, nReps=2, seed=None
20.8326 	EXP 	New trial (rep=0, index=0): None
20.9211 	EXP 	window1: blendMode = 'avg'
20.9383 	EXP 	text_4: autoDraw = False
20.9383 	EXP 	text_6: text = "Let's try a few for practice. You'll see spatial directions one at a time on the screen. They will be either LEFT or RIGHT or AHEAD. Tell the experimenter if the spatial direction on the screen is the SAME or DIFFERENT from the spatial direction that you just saw. For the first stimulus, just say 'GO.' Then when it says 'Same?' underneath, tell the experimenter whether you see the same direction or a different direction"
20.9383 	EXP 	text_6: autoDraw = True
20.9395 	EXP 	window1: blendMode = 'avg'
20.9704 	EXP 	window1: blendMode = 'avg'
21.0018 	EXP 	window1: blendMode = 'avg'
21.0327 	EXP 	window1: blendMode = 'avg'
21.0640 	EXP 	window1: blendMode = 'avg'
21.0955 	EXP 	window1: blendMode = 'avg'
21.1266 	EXP 	window1: blendMode = 'avg'
21.1665 	EXP 	window1: blendMode = 'avg'
21.1875 	EXP 	window1: blendMode = 'avg'
21.2075 	EXP 	window1: blendMode = 'avg'
21.2320 	EXP 	window1: blendMode = 'avg'
21.2705 	EXP 	window1: blendMode = 'avg'
21.3017 	EXP 	window1: blendMode = 'avg'
21.3312 	EXP 	window1: blendMode = 'avg'
21.3594 	DATA 	Keypress: d
21.3832 	DEBUG 	Read excel file with pandas: Extra_Stimuli//practice_order_WHI_word.xlsx
21.3843 	EXP 	Imported Extra_Stimuli//practice_order_WHI_word.xlsx as conditions, 9 conditions, 5 params
21.3846 	EXP 	Created sequence: random, trialTypes=9, nReps=1, seed=None
21.3851 	EXP 	New trial (rep=0, index=0): {'Stimulus_Practice': u'ahead_word_2_WHI.jpg', 'Direction': u'ahead', 'Number': 2, 'Background': u'_WHI', 'Format': u'word'}
21.4114 	EXP 	window1: blendMode = 'avg'
21.4161 	EXP 	window1: blendMode = 'avg'
21.5286 	EXP 	text_6: autoDraw = False
21.5286 	EXP 	image: image = u'Extra_Stimuli//ahead_word_2_WHI.jpg'
21.5286 	EXP 	text_same_practice: text = ''
21.5286 	EXP 	text_9: autoDraw = True
21.5286 	EXP 	image: autoDraw = True
21.5286 	EXP 	text_same_practice: autoDraw = True
21.6246 	DATA 	Keypress: s
21.6257 	EXP 	window1: blendMode = 'avg'
21.6261 	EXP 	window1: blendMode = 'avg'
21.6566 	EXP 	window1: blendMode = 'avg'
21.6569 	EXP 	window1: blendMode = 'avg'
21.6765 	EXP 	window1: blendMode = 'avg'
21.6767 	EXP 	window1: blendMode = 'avg'
21.6971 	EXP 	window1: blendMode = 'avg'
21.6975 	EXP 	window1: blendMode = 'avg'
21.7175 	EXP 	window1: blendMode = 'avg'
21.7179 	EXP 	window1: blendMode = 'avg'
21.7519 	EXP 	window1: blendMode = 'avg'
21.7521 	EXP 	window1: blendMode = 'avg'
21.7860 	EXP 	window1: blendMode = 'avg'
21.7862 	EXP 	window1: blendMode = 'avg'
21.8277 	EXP 	window1: blendMode = 'avg'
21.8281 	EXP 	window1: blendMode = 'avg'
21.8587 	EXP 	window1: blendMode = 'avg'
21.8591 	EXP 	window1: blendMode = 'avg'
21.8896 	EXP 	window1: blendMode = 'avg'
21.8899 	EXP 	window1: blendMode = 'avg'
21.9210 	EXP 	window1: blendMode = 'avg'
21.9213 	EXP 	window1: blendMode = 'avg'
21.9523 	EXP 	window1: blendMode = 'avg'
21.9527 	EXP 	window1: blendMode = 'avg'
21.9835 	EXP 	window1: blendMode = 'avg'
21.9839 	EXP 	window1: blendMode = 'avg'
22.1037 	EXP 	window1: blendMode = 'avg'
22.1041 	EXP 	window1: blendMode = 'avg'
22.1266 	EXP 	window1: blendMode = 'avg'
22.1268 	EXP 	window1: blendMode = 'avg'
22.1667 	EXP 	window1: blendMode = 'avg'
22.1670 	EXP 	window1: blendMode = 'avg'
22.1874 	EXP 	window1: blendMode = 'avg'
22.1878 	EXP 	window1: blendMode = 'avg'
22.2076 	EXP 	window1: blendMode = 'avg'
22.2079 	EXP 	window1: blendMode = 'avg'
22.2272 	EXP 	window1: blendMode = 'avg'
22.2275 	EXP 	window1: blendMode = 'avg'
22.2522 	EXP 	window1: blendMode = 'avg'
22.2525 	EXP 	window1: blendMode = 'avg'
22.2866 	EXP 	window1: blendMode = 'avg'
22.2868 	EXP 	window1: blendMode = 'avg'
22.3185 	EXP 	window1: blendMode = 'avg'
22.3187 	EXP 	window1: blendMode = 'avg'
22.3603 	EXP 	window1: blendMode = 'avg'
22.3608 	EXP 	window1: blendMode = 'avg'
22.3922 	EXP 	window1: blendMode = 'avg'
22.3925 	EXP 	window1: blendMode = 'avg'
22.4215 	EXP 	window1: blendMode = 'avg'
22.4219 	EXP 	window1: blendMode = 'avg'
22.4524 	EXP 	window1: blendMode = 'avg'
22.4527 	EXP 	window1: blendMode = 'avg'
22.4839 	EXP 	window1: blendMode = 'avg'
22.4843 	EXP 	window1: blendMode = 'avg'
22.5043 	EXP 	window1: blendMode = 'avg'
22.5048 	EXP 	window1: blendMode = 'avg'
22.5243 	EXP 	window1: blendMode = 'avg'
22.5245 	EXP 	window1: blendMode = 'avg'
22.5445 	EXP 	window1: blendMode = 'avg'
22.5448 	EXP 	window1: blendMode = 'avg'
22.5759 	EXP 	window1: blendMode = 'avg'
22.5762 	EXP 	window1: blendMode = 'avg'
22.6073 	EXP 	window1: blendMode = 'avg'
22.6075 	EXP 	window1: blendMode = 'avg'
22.6292 	EXP 	window1: blendMode = 'avg'
22.6296 	EXP 	window1: blendMode = 'avg'
22.6564 	EXP 	window1: blendMode = 'avg'
22.6566 	EXP 	window1: blendMode = 'avg'
22.6765 	EXP 	window1: blendMode = 'avg'
22.6767 	EXP 	window1: blendMode = 'avg'
22.6968 	EXP 	window1: blendMode = 'avg'
22.6973 	EXP 	window1: blendMode = 'avg'
22.7173 	EXP 	window1: blendMode = 'avg'
22.7176 	EXP 	window1: blendMode = 'avg'
22.7369 	EXP 	window1: blendMode = 'avg'
22.7373 	EXP 	window1: blendMode = 'avg'
22.7848 	DATA 	Keypress: f
22.7860 	EXP 	New trial (rep=0, index=1): {'Stimulus_Practice': u'left_word_2_WHI.jpg', 'Direction': u'left', 'Number': 2, 'Background': u'_WHI', 'Format': u'word'}
22.8137 	EXP 	window1: blendMode = 'avg'
22.8149 	EXP 	window1: blendMode = 'avg'
22.8580 	EXP 	text_9: autoDraw = False
22.8580 	EXP 	image: autoDraw = False
22.8580 	EXP 	text_same_practice: autoDraw = False
22.8580 	EXP 	image: image = u'Extra_Stimuli//left_word_2_WHI.jpg'
22.8580 	EXP 	text_same_practice: text = 'SAME?'
22.8580 	EXP 	text_9: autoDraw = True
22.8580 	EXP 	image: autoDraw = True
22.8580 	EXP 	text_same_practice: autoDraw = True
22.8592 	EXP 	window1: blendMode = 'avg'
22.8596 	EXP 	window1: blendMode = 'avg'
22.8905 	EXP 	window1: blendMode = 'avg'
22.8911 	EXP 	window1: blendMode = 'avg'
22.9212 	EXP 	window1: blendMode = 'avg'
22.9217 	EXP 	window1: blendMode = 'avg'
22.9521 	EXP 	window1: blendMode = 'avg'
22.9525 	EXP 	window1: blendMode = 'avg'
22.9835 	EXP 	window1: blendMode = 'avg'
22.9840 	EXP 	window1: blendMode = 'avg'
23.0147 	EXP 	window1: blendMode = 'avg'
23.0151 	EXP 	window1: blendMode = 'avg'
23.0462 	EXP 	window1: blendMode = 'avg'
23.0468 	EXP 	window1: blendMode = 'avg'
23.0771 	EXP 	window1: blendMode = 'avg'
23.0775 	EXP 	window1: blendMode = 'avg'
23.1084 	EXP 	window1: blendMode = 'avg'
23.1088 	EXP 	window1: blendMode = 'avg'
23.1360 	EXP 	window1: blendMode = 'avg'
23.1363 	EXP 	window1: blendMode = 'avg'
23.1562 	EXP 	window1: blendMode = 'avg'
23.1566 	EXP 	window1: blendMode = 'avg'
23.1763 	EXP 	window1: blendMode = 'avg'
23.1768 	EXP 	window1: blendMode = 'avg'
23.1968 	EXP 	window1: blendMode = 'avg'
23.1974 	EXP 	window1: blendMode = 'avg'
23.2166 	EXP 	window1: blendMode = 'avg'
23.2171 	EXP 	window1: blendMode = 'avg'
23.2379 	EXP 	window1: blendMode = 'avg'
23.2383 	EXP 	window1: blendMode = 'avg'
23.2579 	DATA 	Keypress: a
23.2589 	EXP 	New trial (rep=0, index=2): {'Stimulus_Practice': u'ahead_word_3_WHI.jpg', 'Direction': u'ahead', 'Number': 3, 'Background': u'_WHI', 'Format': u'word'}
23.2856 	EXP 	window1: blendMode = 'avg'
23.2859 	EXP 	window1: blendMode = 'avg'
23.2976 	EXP 	text_9: autoDraw = False
23.2976 	EXP 	image: autoDraw = False
23.2976 	EXP 	text_same_practice: autoDraw = False
23.2976 	EXP 	image: image = u'Extra_Stimuli//ahead_word_3_WHI.jpg'
23.2976 	EXP 	text_same_practice: text = ''
23.2976 	EXP 	text_9: autoDraw = True
23.2976 	EXP 	image: autoDraw = True
23.2976 	EXP 	text_same_practice: autoDraw = True
23.2981 	EXP 	window1: blendMode = 'avg'
23.2984 	EXP 	window1: blendMode = 'avg'
23.3282 	EXP 	window1: blendMode = 'avg'
23.3288 	EXP 	window1: blendMode = 'avg'
23.3591 	EXP 	window1: blendMode = 'avg'
23.3594 	EXP 	window1: blendMode = 'avg'
23.3899 	EXP 	window1: blendMode = 'avg'
23.3902 	EXP 	window1: blendMode = 'avg'
23.4930 	EXP 	window1: blendMode = 'avg'
23.4935 	EXP 	window1: blendMode = 'avg'
23.5944 	EXP 	window1: blendMode = 'avg'
23.5948 	EXP 	window1: blendMode = 'avg'
23.6142 	EXP 	window1: blendMode = 'avg'
23.6144 	EXP 	window1: blendMode = 'avg'
23.6346 	EXP 	window1: blendMode = 'avg'
23.6350 	EXP 	window1: blendMode = 'avg'
23.6544 	EXP 	window1: blendMode = 'avg'
23.6548 	EXP 	window1: blendMode = 'avg'
23.6744 	DATA 	Keypress: f
23.6757 	EXP 	New trial (rep=0, index=3): {'Stimulus_Practice': u'right_word_3_WHI.jpg', 'Direction': u'right', 'Number': 3, 'Background': u'_WHI', 'Format': u'word'}
23.7067 	EXP 	window1: blendMode = 'avg'
23.7075 	EXP 	window1: blendMode = 'avg'
23.7345 	EXP 	text_9: autoDraw = False
23.7345 	EXP 	image: autoDraw = False
23.7345 	EXP 	text_same_practice: autoDraw = False
23.7345 	EXP 	image: image = u'Extra_Stimuli//right_word_3_WHI.jpg'
23.7345 	EXP 	text_same_practice: text = 'SAME?'
23.7345 	EXP 	text_9: autoDraw = True
23.7345 	EXP 	image: autoDraw = True
23.7345 	EXP 	text_same_practice: autoDraw = True
23.7350 	EXP 	window1: blendMode = 'avg'
23.7354 	EXP 	window1: blendMode = 'avg'
23.7562 	EXP 	window1: blendMode = 'avg'
23.7565 	EXP 	window1: blendMode = 'avg'
23.7748 	EXP 	window1: blendMode = 'avg'
23.7754 	EXP 	window1: blendMode = 'avg'
23.7949 	EXP 	window1: blendMode = 'avg'
23.7954 	EXP 	window1: blendMode = 'avg'
23.8217 	EXP 	window1: blendMode = 'avg'
23.8221 	EXP 	window1: blendMode = 'avg'
23.8639 	EXP 	window1: blendMode = 'avg'
23.8646 	EXP 	window1: blendMode = 'avg'
23.8873 	EXP 	window1: blendMode = 'avg'
23.8877 	EXP 	window1: blendMode = 'avg'
23.9184 	EXP 	window1: blendMode = 'avg'
23.9190 	EXP 	window1: blendMode = 'avg'
23.9496 	EXP 	window1: blendMode = 'avg'
23.9503 	EXP 	window1: blendMode = 'avg'
23.9808 	EXP 	window1: blendMode = 'avg'
23.9811 	EXP 	window1: blendMode = 'avg'
24.0120 	EXP 	window1: blendMode = 'avg'
24.0124 	EXP 	window1: blendMode = 'avg'
24.0432 	EXP 	window1: blendMode = 'avg'
24.0436 	EXP 	window1: blendMode = 'avg'
24.0745 	EXP 	window1: blendMode = 'avg'
24.0749 	EXP 	window1: blendMode = 'avg'
24.1057 	DATA 	Keypress: a
24.1065 	EXP 	New trial (rep=0, index=4): {'Stimulus_Practice': u'left_word_3_WHI.jpg', 'Direction': u'left', 'Number': 3, 'Background': u'_WHI', 'Format': u'word'}
24.1292 	EXP 	window1: blendMode = 'avg'
24.1295 	EXP 	window1: blendMode = 'avg'
24.1555 	EXP 	text_9: autoDraw = False
24.1555 	EXP 	image: autoDraw = False
24.1555 	EXP 	text_same_practice: autoDraw = False
24.1555 	EXP 	image: image = u'Extra_Stimuli//left_word_3_WHI.jpg'
24.1555 	EXP 	text_same_practice: text = ''
24.1555 	EXP 	text_9: autoDraw = True
24.1555 	EXP 	image: autoDraw = True
24.1555 	EXP 	text_same_practice: autoDraw = True
24.1560 	EXP 	window1: blendMode = 'avg'
24.1563 	EXP 	window1: blendMode = 'avg'
24.1772 	EXP 	window1: blendMode = 'avg'
24.1776 	EXP 	window1: blendMode = 'avg'
24.1967 	EXP 	window1: blendMode = 'avg'
24.1970 	EXP 	window1: blendMode = 'avg'
24.2165 	EXP 	window1: blendMode = 'avg'
24.2168 	EXP 	window1: blendMode = 'avg'
24.2372 	EXP 	window1: blendMode = 'avg'
24.2376 	EXP 	window1: blendMode = 'avg'
24.2689 	EXP 	window1: blendMode = 'avg'
24.2691 	EXP 	window1: blendMode = 'avg'
24.2892 	EXP 	window1: blendMode = 'avg'
24.2894 	EXP 	window1: blendMode = 'avg'
24.3122 	EXP 	window1: blendMode = 'avg'
24.3126 	EXP 	window1: blendMode = 'avg'
24.3436 	EXP 	window1: blendMode = 'avg'
24.3440 	EXP 	window1: blendMode = 'avg'
24.3742 	EXP 	window1: blendMode = 'avg'
24.3746 	EXP 	window1: blendMode = 'avg'
24.4053 	EXP 	window1: blendMode = 'avg'
24.4055 	EXP 	window1: blendMode = 'avg'
24.4367 	EXP 	window1: blendMode = 'avg'
24.4370 	EXP 	window1: blendMode = 'avg'
24.4679 	EXP 	window1: blendMode = 'avg'
24.4682 	EXP 	window1: blendMode = 'avg'
24.4992 	EXP 	window1: blendMode = 'avg'
24.4995 	EXP 	window1: blendMode = 'avg'
24.6105 	DATA 	Keypress: escape
10.9434 	INFO 	Loaded monitor calibration from ['2013_02_18 13:37']
13.1733 	EXP 	Created window1 = Window(allowGUI=False, allowStencil=False, autoLog=True, bitsMode=UNKNOWN, blendMode='avg', color=array([ 0.4,  0.4,  0.4]), colorSpace='rgb', fullscr=UNKNOWN, gamma=None, lms=UNKNOWN, monitor=<psychopy.monitors.calibTools.Monitor object at 0x08357D10>, multiSample=False, name='window1', numSamples=2, pos=[0, 0], screen=0, size=array([1600,  900]), stereo=False, units=u'norm', useFBO=True, useRetina=False, viewOri=0.0, viewPos=None, viewScale=None, waitBlanking=True, winType='pyglet')
13.1733 	EXP 	window1: recordFrameIntervals = False
13.4241 	EXP 	window1: recordFrameIntervals = True
13.5690 	WARNING 	t of last frame was 114.06ms (=1/8)
13.8379 	WARNING 	t of last frame was 44.77ms (=1/22)
14.2168 	WARNING 	t of last frame was 42.27ms (=1/23)
14.6842 	WARNING 	t of last frame was 45.19ms (=1/22)
14.7655 	WARNING 	Multiple dropped frames have occurred - I'll stop bothering you about them!
15.6532 	DATA 	Keypress: d
16.2795 	WARNING 	Couldn't measure a consistent frame rate.
  - Is your graphics card set to sync to vertical blank?
  - Are you running other processes on your computer?

16.4705 	EXP 	Created text_4 = TextStim(alignHoriz='center', alignVert='center', antialias=True, autoLog=True, bold=False, color='black', colorSpace='named', contrast=1.0, depth=0.0, flipHoriz=False, flipVert=False, font='Arial', fontFiles=[], height=0.1, italic=False, name='text_4', opacity=1.0, ori=0, pos=array([ 0.,  0.]), rgb=array([ 0.,  0.,  0.]), text=unicode(...), units=u'norm', win=Window(...), wrapWidth=1.5)
16.4713 	EXP 	Created text_6 = TextStim(alignHoriz='center', alignVert='center', antialias=True, autoLog=True, bold=False, color='black', colorSpace='named', contrast=1.0, depth=0.0, flipHoriz=False, flipVert=False, font='Arial', fontFiles=[], height=0.1, italic=False, name='text_6', opacity=1.0, ori=0, pos=array([ 0.,  0.]), rgb=array([ 0.,  0.,  0.]), text='', units=u'norm', win=Window(...), wrapWidth=1.5)
16.4720 	EXP 	Created text_9 = TextStim(alignHoriz='center', alignVert='center', antialias=True, autoLog=True, bold=False, color='black', colorSpace='named', contrast=1.0, depth=-1.0, flipHoriz=False, flipVert=False, font='Arial', fontFiles=[], height=0.1, italic=False, name='text_9', opacity=1.0, ori=0, pos=array([ 0. , -0.6]), rgb=array([ 0.,  0.,  0.]), text='', units=u'norm', win=Window(...), wrapWidth=1)
16.4759 	EXP 	Created image = ImageStim(autoLog=True, color=array([ 1.,  1.,  1.]), colorSpace='rgb', contrast=1.0, depth=-2.0, flipHoriz=False, flipVert=False, image='sin', interpolate=True, mask=None, maskParams=None, name='image', opacity=1.0, ori=0.0, pos=array([ 0.,  0.]), size=array([ 8. ,  4.5]), texRes=128, units='height', win=Window(...))
16.4767 	EXP 	Created text_same_practice = TextStim(alignHoriz='center', alignVert='center', antialias=True, autoLog=True, bold=False, color='black', colorSpace='named', contrast=1.0, depth=-3.0, flipHoriz=False, flipVert=False, font='Arial', fontFiles=[], height=0.1, italic=False, name='text_same_practice', opacity=1.0, ori=0, pos=array([ 0. , -0.8]), rgb=array([ 0.,  0.,  0.]), text='', units=u'norm', win=Window(...), wrapWidth=1)
16.4843 	EXP 	Created text_2 = TextStim(alignHoriz='center', alignVert='center', antialias=True, autoLog=True, bold=False, color='black', colorSpace='named', contrast=1.0, depth=0.0, flipHoriz=False, flipVert=False, font='Arial', fontFiles=[], height=0.1, italic=False, name='text_2', opacity=1.0, ori=0, pos=array([ 0.,  0.]), rgb=array([ 0.,  0.,  0.]), text=u'+', units=u'norm', win=Window(...), wrapWidth=1)
16.4859 	EXP 	Created text_11 = TextStim(alignHoriz='center', alignVert='center', antialias=True, autoLog=True, bold=False, color='black', colorSpace='named', contrast=1.0, depth=-1.0, flipHoriz=False, flipVert=False, font='Arial', fontFiles=[], height=0.1, italic=False, name='text_11', opacity=1.0, ori=0, pos=array([ 0. , -0.6]), rgb=array([ 0.,  0.,  0.]), text='', units=u'norm', win=Window(...), wrapWidth=1)
16.4897 	EXP 	Created image_3 = ImageStim(autoLog=True, color=array([ 1.,  1.,  1.]), colorSpace='rgb', contrast=1.0, depth=-2.0, flipHoriz=False, flipVert=False, image='sin', interpolate=True, mask=None, maskParams=None, name='image_3', opacity=1.0, ori=0.0, pos=array([ 0.,  0.]), size=array([ 1.        ,  1.77777778]), texRes=128, units=u'norm', win=Window(...))
16.4913 	EXP 	Created text_same_practice_2 = TextStim(alignHoriz='center', alignVert='center', antialias=True, autoLog=True, bold=False, color='black', colorSpace='named', contrast=1.0, depth=-3.0, flipHoriz=False, flipVert=False, font='Arial', fontFiles=[], height=0.1, italic=False, name='text_same_practice_2', opacity=1.0, ori=0, pos=array([ 0. , -0.8]), rgb=array([ 0.,  0.,  0.]), text='', units=u'norm', win=Window(...), wrapWidth=1)
16.4967 	EXP 	Created text_2 = TextStim(alignHoriz='center', alignVert='center', antialias=True, autoLog=True, bold=False, color='black', colorSpace='named', contrast=1.0, depth=0.0, flipHoriz=False, flipVert=False, font='Arial', fontFiles=[], height=0.1, italic=False, name='text_2', opacity=1.0, ori=0, pos=array([ 0.,  0.]), rgb=array([ 0.,  0.,  0.]), text=u'+', units=u'norm', win=Window(...), wrapWidth=1)
16.4983 	EXP 	Created text_12 = TextStim(alignHoriz='center', alignVert='center', antialias=True, autoLog=True, bold=False, color='black', colorSpace='named', contrast=1.0, depth=-1.0, flipHoriz=False, flipVert=False, font='Arial', fontFiles=[], height=0.1, italic=False, name='text_12', opacity=1.0, ori=0, pos=array([ 0. , -0.6]), rgb=array([ 0.,  0.,  0.]), text='', units=u'norm', win=Window(...), wrapWidth=1)
16.5023 	EXP 	Created image_4 = ImageStim(autoLog=True, color=array([ 1.,  1.,  1.]), colorSpace='rgb', contrast=1.0, depth=-2.0, flipHoriz=False, flipVert=False, image='sin', interpolate=True, mask=None, maskParams=None, name='image_4', opacity=1.0, ori=0.0, pos=array([ 0.,  0.]), size=array([ 1.        ,  1.77777778]), texRes=128, units=u'norm', win=Window(...))
16.5039 	EXP 	Created text_same_practice_3 = TextStim(alignHoriz='center', alignVert='center', antialias=True, autoLog=True, bold=False, color='black', colorSpace='named', contrast=1.0, depth=-3.0, flipHoriz=False, flipVert=False, font='Arial', fontFiles=[], height=0.1, italic=False, name='text_same_practice_3', opacity=1.0, ori=0, pos=array([ 0. , -0.8]), rgb=array([ 0.,  0.,  0.]), text='', units=u'norm', win=Window(...), wrapWidth=1)
16.5278 	EXP 	Created text_10 = TextStim(alignHoriz='center', alignVert='center', antialias=True, autoLog=True, bold=False, color='black', colorSpace='named', contrast=1.0, depth=0.0, flipHoriz=False, flipVert=False, font='Arial', fontFiles=[], height=0.1, italic=False, name='text_10', opacity=1.0, ori=0, pos=array([ 0.,  0.]), rgb=array([ 0.,  0.,  0.]), text=unicode(...), units=u'norm', win=Window(...), wrapWidth=1)
16.5301 	EXP 	Created image_2 = ImageStim(autoLog=True, color=array([ 1.,  1.,  1.]), colorSpace='rgb', contrast=1.0, depth=-1.0, flipHoriz=False, flipVert=False, image='sin', interpolate=True, mask=None, maskParams=None, name='image_2', opacity=1.0, ori=0.0, pos=array([ 0.,  0.]), size=array([ 0.75,  1.  ]), texRes=128, units='norm', win=Window(...))
16.5357 	EXP 	Created unnamed TextStim = TextStim(alignHoriz='center', alignVert='center', antialias=True, autoLog=True, bold=False, color='black', colorSpace='named', contrast=1.0, depth=0, flipHoriz=False, flipVert=False, font='', fontFiles=[], height=0.1, italic=False, name='unnamed TextStim', opacity=1.0, ori=0.0, pos=array([ 0.,  0.]), rgb=array([ 0.,  0.,  0.]), text=u'+', units=u'norm', win=Window(...), wrapWidth=1)
16.5365 	EXP 	Created text_same = TextStim(alignHoriz='center', alignVert='center', antialias=True, autoLog=True, bold=False, color=u'black', colorSpace='named', contrast=1.0, depth=-3.0, flipHoriz=False, flipVert=False, font=u'Arial', fontFiles=[], height=0.1, italic=False, name='text_same', opacity=1.0, ori=0, pos=array([ 0. ,  0.8]), rgb=array([ 0.,  0.,  0.]), text='', units=u'norm', win=Window(...), wrapWidth=1)
16.5534 	EXP 	Created text = TextStim(alignHoriz='center', alignVert='center', antialias=True, autoLog=True, bold=False, color='black', colorSpace='named', contrast=1.0, depth=0.0, flipHoriz=False, flipVert=False, font='Arial', fontFiles=[], height=0.1, italic=False, name='text', opacity=1.0, ori=0, pos=array([ 0.,  0.]), rgb=array([ 0.,  0.,  0.]), text=unicode(...), units=u'norm', win=Window(...), wrapWidth=1)
16.5572 	EXP 	window1: blendMode = 'avg'
16.5912 	EXP 	text_4: autoDraw = True
16.5918 	EXP 	window1: blendMode = 'avg'
16.6113 	EXP 	window1: blendMode = 'avg'
16.6314 	EXP 	window1: blendMode = 'avg'
16.6523 	EXP 	window1: blendMode = 'avg'
16.6813 	EXP 	window1: blendMode = 'avg'
16.7072 	EXP 	window1: blendMode = 'avg'
16.7295 	EXP 	window1: blendMode = 'avg'
16.7516 	EXP 	window1: blendMode = 'avg'
16.7891 	EXP 	window1: blendMode = 'avg'
16.8344 	EXP 	window1: blendMode = 'avg'
16.8765 	EXP 	window1: blendMode = 'avg'
16.9081 	EXP 	window1: blendMode = 'avg'
16.9307 	EXP 	window1: blendMode = 'avg'
17.0447 	DATA 	Keypress: d
17.0456 	EXP 	Created sequence: random, trialTypes=1, nReps=2, seed=None
17.0459 	EXP 	New trial (rep=0, index=0): None
17.1160 	EXP 	window1: blendMode = 'avg'
17.1532 	EXP 	text_4: autoDraw = False
17.1532 	EXP 	text_6: text = "Let's try a few for practice. You'll see spatial directions one at a time on the screen. They will be either LEFT or RIGHT or AHEAD. Tell the experimenter if the spatial direction on the screen is the SAME or DIFFERENT from the spatial direction that you just saw. For the first stimulus, just say 'GO.' Then when it says 'Same?' underneath, tell the experimenter whether you see the same direction or a different direction"
17.1532 	EXP 	text_6: autoDraw = True
17.1539 	EXP 	window1: blendMode = 'avg'
17.1855 	EXP 	window1: blendMode = 'avg'
17.2181 	EXP 	window1: blendMode = 'avg'
17.2388 	EXP 	window1: blendMode = 'avg'
17.2599 	EXP 	window1: blendMode = 'avg'
17.2805 	EXP 	window1: blendMode = 'avg'
17.3006 	EXP 	window1: blendMode = 'avg'
17.3193 	EXP 	window1: blendMode = 'avg'
17.3666 	EXP 	window1: blendMode = 'avg'
17.4086 	EXP 	window1: blendMode = 'avg'
17.4295 	EXP 	window1: blendMode = 'avg'
17.4497 	EXP 	window1: blendMode = 'avg'
17.6591 	EXP 	window1: blendMode = 'avg'
17.6598 	DATA 	Keypress: s
17.6952 	DEBUG 	Read excel file with pandas: Extra_Stimuli//practice_order_WHI_image.xlsx
17.6962 	EXP 	Imported Extra_Stimuli//practice_order_WHI_image.xlsx as conditions, 9 conditions, 5 params
17.6966 	EXP 	Created sequence: random, trialTypes=9, nReps=1, seed=None
17.6971 	EXP 	New trial (rep=0, index=0): {'Stimulus_Practice': u'left_image_2_WHI.jpg', 'Direction': u'left', 'Number': 2, 'Background': u'_WHI', 'Format': u'image'}
17.7376 	EXP 	window1: blendMode = 'avg'
17.7416 	EXP 	window1: blendMode = 'avg'
17.7516 	EXP 	text_6: autoDraw = False
17.7516 	EXP 	image: image = u'Extra_Stimuli//left_image_2_WHI.jpg'
17.7516 	EXP 	text_same_practice: text = ''
17.7516 	EXP 	text_9: autoDraw = True
17.7516 	EXP 	image: autoDraw = True
17.7516 	EXP 	text_same_practice: autoDraw = True
17.7525 	EXP 	window1: blendMode = 'avg'
17.7528 	EXP 	window1: blendMode = 'avg'
17.7866 	EXP 	window1: blendMode = 'avg'
17.7868 	EXP 	window1: blendMode = 'avg'
17.8176 	EXP 	window1: blendMode = 'avg'
17.8178 	EXP 	window1: blendMode = 'avg'
17.8493 	EXP 	window1: blendMode = 'avg'
17.8497 	EXP 	window1: blendMode = 'avg'
17.8764 	EXP 	window1: blendMode = 'avg'
17.8768 	EXP 	window1: blendMode = 'avg'
17.9072 	EXP 	window1: blendMode = 'avg'
17.9075 	EXP 	window1: blendMode = 'avg'
17.9274 	EXP 	window1: blendMode = 'avg'
17.9277 	EXP 	window1: blendMode = 'avg'
17.9474 	EXP 	window1: blendMode = 'avg'
17.9477 	EXP 	window1: blendMode = 'avg'
17.9710 	EXP 	window1: blendMode = 'avg'
17.9713 	EXP 	window1: blendMode = 'avg'
18.0019 	EXP 	window1: blendMode = 'avg'
18.0021 	EXP 	window1: blendMode = 'avg'
18.0331 	EXP 	window1: blendMode = 'avg'
18.0333 	EXP 	window1: blendMode = 'avg'
18.0557 	EXP 	window1: blendMode = 'avg'
18.0561 	EXP 	window1: blendMode = 'avg'
18.0762 	EXP 	window1: blendMode = 'avg'
18.0764 	EXP 	window1: blendMode = 'avg'
18.0962 	EXP 	window1: blendMode = 'avg'
18.0965 	EXP 	window1: blendMode = 'avg'
18.1265 	EXP 	window1: blendMode = 'avg'
18.1267 	EXP 	window1: blendMode = 'avg'
18.1531 	EXP 	window1: blendMode = 'avg'
18.1534 	EXP 	window1: blendMode = 'avg'
18.1820 	EXP 	window1: blendMode = 'avg'
18.1824 	EXP 	window1: blendMode = 'avg'
18.1939 	EXP 	window1: blendMode = 'avg'
18.1945 	EXP 	window1: blendMode = 'avg'
18.2215 	EXP 	window1: blendMode = 'avg'
18.2217 	EXP 	window1: blendMode = 'avg'
18.2414 	EXP 	window1: blendMode = 'avg'
18.2418 	EXP 	window1: blendMode = 'avg'
18.2618 	EXP 	window1: blendMode = 'avg'
18.2623 	EXP 	window1: blendMode = 'avg'
18.2816 	EXP 	window1: blendMode = 'avg'
18.2820 	EXP 	window1: blendMode = 'avg'
18.3297 	EXP 	window1: blendMode = 'avg'
18.3299 	EXP 	window1: blendMode = 'avg'
18.3729 	EXP 	window1: blendMode = 'avg'
18.3735 	EXP 	window1: blendMode = 'avg'
18.4037 	EXP 	window1: blendMode = 'avg'
18.4040 	EXP 	window1: blendMode = 'avg'
18.4237 	EXP 	window1: blendMode = 'avg'
18.4241 	EXP 	window1: blendMode = 'avg'
18.4434 	EXP 	window1: blendMode = 'avg'
18.4436 	EXP 	window1: blendMode = 'avg'
18.4716 	EXP 	window1: blendMode = 'avg'
18.4719 	EXP 	window1: blendMode = 'avg'
18.5029 	EXP 	window1: blendMode = 'avg'
18.5032 	EXP 	window1: blendMode = 'avg'
18.5341 	EXP 	window1: blendMode = 'avg'
18.5344 	EXP 	window1: blendMode = 'avg'
18.5652 	EXP 	window1: blendMode = 'avg'
18.5655 	EXP 	window1: blendMode = 'avg'
18.5967 	EXP 	window1: blendMode = 'avg'
18.5971 	EXP 	window1: blendMode = 'avg'
18.6268 	EXP 	window1: blendMode = 'avg'
18.6271 	EXP 	window1: blendMode = 'avg'
18.6465 	EXP 	window1: blendMode = 'avg'
18.6468 	EXP 	window1: blendMode = 'avg'
18.6665 	EXP 	window1: blendMode = 'avg'
18.6668 	EXP 	window1: blendMode = 'avg'
18.6868 	EXP 	window1: blendMode = 'avg'
18.6870 	EXP 	window1: blendMode = 'avg'
18.7070 	EXP 	window1: blendMode = 'avg'
18.7073 	EXP 	window1: blendMode = 'avg'
18.7268 	EXP 	window1: blendMode = 'avg'
18.7272 	EXP 	window1: blendMode = 'avg'
18.7626 	DATA 	Keypress: f
18.7639 	EXP 	New trial (rep=0, index=1): {'Stimulus_Practice': u'left_image_1_WHI.jpg', 'Direction': u'left', 'Number': 1, 'Background': u'_WHI', 'Format': u'image'}
18.8000 	EXP 	window1: blendMode = 'avg'
18.8006 	EXP 	window1: blendMode = 'avg'
18.8295 	EXP 	text_9: autoDraw = False
18.8295 	EXP 	image: autoDraw = False
18.8295 	EXP 	text_same_practice: autoDraw = False
18.8295 	EXP 	image: image = u'Extra_Stimuli//left_image_1_WHI.jpg'
18.8295 	EXP 	text_same_practice: text = 'SAME?'
18.8295 	EXP 	text_9: autoDraw = True
18.8295 	EXP 	image: autoDraw = True
18.8295 	EXP 	text_same_practice: autoDraw = True
18.8305 	EXP 	window1: blendMode = 'avg'
18.8309 	EXP 	window1: blendMode = 'avg'
18.8564 	EXP 	window1: blendMode = 'avg'
18.8568 	EXP 	window1: blendMode = 'avg'
18.8879 	EXP 	window1: blendMode = 'avg'
18.8886 	EXP 	window1: blendMode = 'avg'
18.9187 	EXP 	window1: blendMode = 'avg'
18.9191 	EXP 	window1: blendMode = 'avg'
18.9405 	EXP 	window1: blendMode = 'avg'
18.9410 	EXP 	window1: blendMode = 'avg'
19.0433 	EXP 	window1: blendMode = 'avg'
19.0437 	EXP 	window1: blendMode = 'avg'
19.0605 	EXP 	window1: blendMode = 'avg'
19.0609 	EXP 	window1: blendMode = 'avg'
19.0909 	EXP 	window1: blendMode = 'avg'
19.0913 	EXP 	window1: blendMode = 'avg'
19.1220 	EXP 	window1: blendMode = 'avg'
19.1224 	EXP 	window1: blendMode = 'avg'
19.1534 	DATA 	Keypress: a
19.1541 	EXP 	New trial (rep=0, index=2): {'Stimulus_Practice': u'ahead_image_3_WHI.jpg', 'Direction': u'ahead', 'Number': 3, 'Background': u'_WHI', 'Format': u'image'}
19.1943 	EXP 	window1: blendMode = 'avg'
19.1948 	EXP 	window1: blendMode = 'avg'
19.2203 	EXP 	text_9: autoDraw = False
19.2203 	EXP 	image: autoDraw = False
19.2203 	EXP 	text_same_practice: autoDraw = False
19.2203 	EXP 	image: image = u'Extra_Stimuli//ahead_image_3_WHI.jpg'
19.2203 	EXP 	text_same_practice: text = ''
19.2203 	EXP 	text_9: autoDraw = True
19.2203 	EXP 	image: autoDraw = True
19.2203 	EXP 	text_same_practice: autoDraw = True
19.2208 	EXP 	window1: blendMode = 'avg'
19.2211 	EXP 	window1: blendMode = 'avg'
19.2422 	EXP 	window1: blendMode = 'avg'
19.2425 	EXP 	window1: blendMode = 'avg'
19.2616 	EXP 	window1: blendMode = 'avg'
19.2620 	EXP 	window1: blendMode = 'avg'
19.2824 	EXP 	window1: blendMode = 'avg'
19.2826 	EXP 	window1: blendMode = 'avg'
19.3131 	EXP 	window1: blendMode = 'avg'
19.3133 	EXP 	window1: blendMode = 'avg'
19.3457 	EXP 	window1: blendMode = 'avg'
19.3459 	EXP 	window1: blendMode = 'avg'
19.3725 	EXP 	window1: blendMode = 'avg'
19.3729 	EXP 	window1: blendMode = 'avg'
19.4034 	EXP 	window1: blendMode = 'avg'
19.4037 	EXP 	window1: blendMode = 'avg'
19.4351 	EXP 	window1: blendMode = 'avg'
19.4353 	EXP 	window1: blendMode = 'avg'
19.4547 	EXP 	window1: blendMode = 'avg'
19.4550 	EXP 	window1: blendMode = 'avg'
19.4892 	EXP 	window1: blendMode = 'avg'
19.4894 	EXP 	window1: blendMode = 'avg'
19.5204 	DATA 	Keypress: f
19.5212 	EXP 	New trial (rep=0, index=3): {'Stimulus_Practice': u'right_image_1_WHI.jpg', 'Direction': u'right', 'Number': 1, 'Background': u'_WHI', 'Format': u'image'}
19.5676 	EXP 	window1: blendMode = 'avg'
19.5683 	EXP 	window1: blendMode = 'avg'
19.5824 	EXP 	text_9: autoDraw = False
19.5824 	EXP 	image: autoDraw = False
19.5824 	EXP 	text_same_practice: autoDraw = False
19.5824 	EXP 	image: image = u'Extra_Stimuli//right_image_1_WHI.jpg'
19.5824 	EXP 	text_same_practice: text = 'SAME?'
19.5824 	EXP 	text_9: autoDraw = True
19.5824 	EXP 	image: autoDraw = True
19.5824 	EXP 	text_same_practice: autoDraw = True
19.5829 	EXP 	window1: blendMode = 'avg'
19.5833 	EXP 	window1: blendMode = 'avg'
19.6150 	EXP 	window1: blendMode = 'avg'
19.6157 	EXP 	window1: blendMode = 'avg'
19.6342 	EXP 	window1: blendMode = 'avg'
19.6346 	EXP 	window1: blendMode = 'avg'
19.6542 	EXP 	window1: blendMode = 'avg'
19.6546 	EXP 	window1: blendMode = 'avg'
19.6772 	EXP 	window1: blendMode = 'avg'
19.6778 	EXP 	window1: blendMode = 'avg'
19.6969 	EXP 	window1: blendMode = 'avg'
19.6976 	EXP 	window1: blendMode = 'avg'
19.7174 	EXP 	window1: blendMode = 'avg'
19.7181 	EXP 	window1: blendMode = 'avg'
19.7595 	EXP 	window1: blendMode = 'avg'
19.7603 	EXP 	window1: blendMode = 'avg'
19.7806 	EXP 	window1: blendMode = 'avg'
19.7810 	EXP 	window1: blendMode = 'avg'
19.8262 	EXP 	window1: blendMode = 'avg'
19.8266 	EXP 	window1: blendMode = 'avg'
19.8682 	DATA 	Keypress: a
19.8696 	EXP 	New trial (rep=0, index=4): {'Stimulus_Practice': u'right_image_2_WHI.jpg', 'Direction': u'right', 'Number': 2, 'Background': u'_WHI', 'Format': u'image'}
19.9089 	EXP 	window1: blendMode = 'avg'
19.9091 	EXP 	window1: blendMode = 'avg'
19.9299 	EXP 	text_9: autoDraw = False
19.9299 	EXP 	image: autoDraw = False
19.9299 	EXP 	text_same_practice: autoDraw = False
19.9299 	EXP 	image: image = u'Extra_Stimuli//right_image_2_WHI.jpg'
19.9299 	EXP 	text_same_practice: text = ''
19.9299 	EXP 	text_9: autoDraw = True
19.9299 	EXP 	image: autoDraw = True
19.9299 	EXP 	text_same_practice: autoDraw = True
19.9310 	EXP 	window1: blendMode = 'avg'
19.9313 	EXP 	window1: blendMode = 'avg'
20.0510 	EXP 	window1: blendMode = 'avg'
20.0513 	EXP 	window1: blendMode = 'avg'
20.0709 	EXP 	window1: blendMode = 'avg'
20.0714 	EXP 	window1: blendMode = 'avg'
20.1054 	EXP 	window1: blendMode = 'avg'
20.1057 	EXP 	window1: blendMode = 'avg'
20.1367 	DATA 	Keypress: f
20.1375 	EXP 	New trial (rep=0, index=5): {'Stimulus_Practice': u'left_image_3_WHI.jpg', 'Direction': u'left', 'Number': 3, 'Background': u'_WHI', 'Format': u'image'}
20.1809 	EXP 	window1: blendMode = 'avg'
20.1822 	EXP 	window1: blendMode = 'avg'
20.2006 	EXP 	text_9: autoDraw = False
20.2006 	EXP 	image: autoDraw = False
20.2006 	EXP 	text_same_practice: autoDraw = False
20.2006 	EXP 	image: image = u'Extra_Stimuli//left_image_3_WHI.jpg'
20.2006 	EXP 	text_same_practice: text = 'SAME?'
20.2006 	EXP 	text_9: autoDraw = True
20.2006 	EXP 	image: autoDraw = True
20.2006 	EXP 	text_same_practice: autoDraw = True
20.2018 	EXP 	window1: blendMode = 'avg'
20.2024 	EXP 	window1: blendMode = 'avg'
20.2217 	EXP 	window1: blendMode = 'avg'
20.2223 	EXP 	window1: blendMode = 'avg'
20.2421 	EXP 	window1: blendMode = 'avg'
20.2426 	EXP 	window1: blendMode = 'avg'
20.2626 	EXP 	window1: blendMode = 'avg'
20.2631 	EXP 	window1: blendMode = 'avg'
20.2823 	EXP 	window1: blendMode = 'avg'
20.2831 	EXP 	window1: blendMode = 'avg'
20.3023 	EXP 	window1: blendMode = 'avg'
20.3027 	EXP 	window1: blendMode = 'avg'
20.3349 	EXP 	window1: blendMode = 'avg'
20.3353 	EXP 	window1: blendMode = 'avg'
20.3658 	EXP 	window1: blendMode = 'avg'
20.3661 	EXP 	window1: blendMode = 'avg'
20.3926 	EXP 	window1: blendMode = 'avg'
20.3932 	EXP 	window1: blendMode = 'avg'
20.4233 	DATA 	Keypress: a
20.4242 	EXP 	New trial (rep=0, index=6): {'Stimulus_Practice': u'ahead_image_1_WHI.jpg', 'Direction': u'ahead', 'Number': 1, 'Background': u'_WHI', 'Format': u'image'}
20.4600 	EXP 	window1: blendMode = 'avg'
20.4604 	EXP 	window1: blendMode = 'avg'
20.5631 	EXP 	text_9: autoDraw = False
20.5631 	EXP 	image: autoDraw = False
20.5631 	EXP 	text_same_practice: autoDraw = False
20.5631 	EXP 	image: image = u'Extra_Stimuli//ahead_image_1_WHI.jpg'
20.5631 	EXP 	text_same_practice: text = ''
20.5631 	EXP 	text_9: autoDraw = True
20.5631 	EXP 	image: autoDraw = True
20.5631 	EXP 	text_same_practice: autoDraw = True
20.5642 	EXP 	window1: blendMode = 'avg'
20.5647 	EXP 	window1: blendMode = 'avg'
20.5840 	EXP 	window1: blendMode = 'avg'
20.5845 	EXP 	window1: blendMode = 'avg'
20.6097 	EXP 	window1: blendMode = 'avg'
20.6101 	EXP 	window1: blendMode = 'avg'
20.6293 	EXP 	window1: blendMode = 'avg'
20.6295 	EXP 	window1: blendMode = 'avg'
20.6492 	EXP 	window1: blendMode = 'avg'
20.6495 	EXP 	window1: blendMode = 'avg'
20.6766 	DATA 	Keypress: f
20.6774 	EXP 	New trial (rep=0, index=7): {'Stimulus_Practice': u'ahead_image_2_WHI.jpg', 'Direction': u'ahead', 'Number': 2, 'Background': u'_WHI', 'Format': u'image'}
20.7217 	EXP 	window1: blendMode = 'avg'
20.7227 	EXP 	window1: blendMode = 'avg'
20.7583 	EXP 	text_9: autoDraw = False
20.7583 	EXP 	image: autoDraw = False
20.7583 	EXP 	text_same_practice: autoDraw = False
20.7583 	EXP 	image: image = u'Extra_Stimuli//ahead_image_2_WHI.jpg'
20.7583 	EXP 	text_same_practice: text = 'SAME?'
20.7583 	EXP 	text_9: autoDraw = True
20.7583 	EXP 	image: autoDraw = True
20.7583 	EXP 	text_same_practice: autoDraw = True
20.7593 	EXP 	window1: blendMode = 'avg'
20.7598 	EXP 	window1: blendMode = 'avg'
20.7787 	EXP 	window1: blendMode = 'avg'
20.7790 	EXP 	window1: blendMode = 'avg'
20.8258 	EXP 	window1: blendMode = 'avg'
20.8262 	EXP 	window1: blendMode = 'avg'
20.8683 	EXP 	window1: blendMode = 'avg'
20.8689 	EXP 	window1: blendMode = 'avg'
20.8992 	EXP 	window1: blendMode = 'avg'
20.8998 	EXP 	window1: blendMode = 'avg'
20.9317 	EXP 	window1: blendMode = 'avg'
20.9324 	EXP 	window1: blendMode = 'avg'
20.9616 	DATA 	Keypress: a
20.9627 	EXP 	New trial (rep=0, index=8): {'Stimulus_Practice': u'right_image_3_WHI.jpg', 'Direction': u'right', 'Number': 3, 'Background': u'_WHI', 'Format': u'image'}
20.9970 	EXP 	window1: blendMode = 'avg'
20.9973 	EXP 	window1: blendMode = 'avg'
21.0239 	EXP 	text_9: autoDraw = False
21.0239 	EXP 	image: autoDraw = False
21.0239 	EXP 	text_same_practice: autoDraw = False
21.0239 	EXP 	image: image = u'Extra_Stimuli//right_image_3_WHI.jpg'
21.0239 	EXP 	text_same_practice: text = ''
21.0239 	EXP 	text_9: autoDraw = True
21.0239 	EXP 	image: autoDraw = True
21.0239 	EXP 	text_same_practice: autoDraw = True
21.0457 	EXP 	window1: blendMode = 'avg'
21.0460 	EXP 	window1: blendMode = 'avg'
21.0714 	EXP 	window1: blendMode = 'avg'
21.0717 	EXP 	window1: blendMode = 'avg'
21.0910 	EXP 	window1: blendMode = 'avg'
21.0913 	EXP 	window1: blendMode = 'avg'
21.1110 	EXP 	window1: blendMode = 'avg'
21.1113 	EXP 	window1: blendMode = 'avg'
21.1449 	EXP 	window1: blendMode = 'avg'
21.1452 	EXP 	window1: blendMode = 'avg'
21.1768 	EXP 	window1: blendMode = 'avg'
21.1771 	EXP 	window1: blendMode = 'avg'
21.1968 	DATA 	Keypress: f
21.2327 	EXP 	window1: blendMode = 'avg'
21.2578 	EXP 	text_9: autoDraw = False
21.2578 	EXP 	image: autoDraw = False
21.2578 	EXP 	text_same_practice: autoDraw = False
21.2578 	EXP 	text_2: autoDraw = True
21.2586 	EXP 	window1: blendMode = 'avg'
21.2790 	EXP 	window1: blendMode = 'avg'
21.3007 	EXP 	window1: blendMode = 'avg'
21.3251 	EXP 	window1: blendMode = 'avg'
21.3686 	EXP 	window1: blendMode = 'avg'
21.3998 	EXP 	window1: blendMode = 'avg'
21.4312 	DATA 	Keypress: a
21.4320 	EXP 	window1: blendMode = 'avg'
21.5406 	EXP 	window1: blendMode = 'avg'
21.6574 	EXP 	window1: blendMode = 'avg'
21.7015 	DATA 	Keypress: f
21.7022 	EXP 	window1: blendMode = 'avg'
21.7220 	EXP 	window1: blendMode = 'avg'
21.7624 	EXP 	window1: blendMode = 'avg'
21.7825 	EXP 	window1: blendMode = 'avg'
21.8036 	EXP 	window1: blendMode = 'avg'
21.8365 	EXP 	window1: blendMode = 'avg'
21.8774 	EXP 	window1: blendMode = 'avg'
21.9089 	EXP 	window1: blendMode = 'avg'
21.9395 	EXP 	window1: blendMode = 'avg'
21.9705 	EXP 	window1: blendMode = 'avg'
22.0017 	EXP 	window1: blendMode = 'avg'
22.0329 	EXP 	window1: blendMode = 'avg'
22.0639 	DATA 	Keypress: d
22.0805 	DEBUG 	Read excel file with pandas: Extra_Stimuli//practice_order_WHI_schema.xlsx
22.0814 	EXP 	Imported Extra_Stimuli//practice_order_WHI_schema.xlsx as conditions, 9 conditions, 5 params
22.0818 	EXP 	Created sequence: random, trialTypes=9, nReps=1, seed=None
22.0823 	EXP 	New trial (rep=0, index=0): {'Stimulus_Practice': u'ahead_schema_2_WHI.jpg', 'Direction': u'ahead', 'Number': 2, 'Background': u'_WHI', 'Format': u'schema'}
22.1086 	EXP 	window1: blendMode = 'avg'
22.1124 	EXP 	window1: blendMode = 'avg'
22.1236 	EXP 	text_2: autoDraw = False
22.1236 	EXP 	image_3: image = u'Extra_Stimuli//ahead_schema_2_WHI.jpg'
22.1236 	EXP 	text_same_practice_2: text = ''
22.1236 	EXP 	text_11: autoDraw = True
22.1236 	EXP 	image_3: autoDraw = True
22.1236 	EXP 	text_same_practice_2: autoDraw = True
22.1244 	EXP 	window1: blendMode = 'avg'
22.1248 	EXP 	window1: blendMode = 'avg'
22.1495 	EXP 	window1: blendMode = 'avg'
22.1499 	EXP 	window1: blendMode = 'avg'
22.1727 	EXP 	window1: blendMode = 'avg'
22.1730 	EXP 	window1: blendMode = 'avg'
22.1981 	EXP 	window1: blendMode = 'avg'
22.1985 	EXP 	window1: blendMode = 'avg'
22.2183 	EXP 	window1: blendMode = 'avg'
22.2188 	EXP 	window1: blendMode = 'avg'
22.2575 	EXP 	window1: blendMode = 'avg'
22.2579 	EXP 	window1: blendMode = 'avg'
22.2776 	EXP 	window1: blendMode = 'avg'
22.2780 	EXP 	window1: blendMode = 'avg'
22.3088 	EXP 	window1: blendMode = 'avg'
22.3092 	EXP 	window1: blendMode = 'avg'
22.3402 	EXP 	window1: blendMode = 'avg'
22.3406 	EXP 	window1: blendMode = 'avg'
22.3683 	EXP 	window1: blendMode = 'avg'
22.3687 	EXP 	window1: blendMode = 'avg'
22.3991 	EXP 	window1: blendMode = 'avg'
22.3995 	EXP 	window1: blendMode = 'avg'
22.4304 	DATA 	Keypress: f
22.4321 	EXP 	New trial (rep=0, index=1): {'Stimulus_Practice': u'right_schema_3_WHI.jpg', 'Direction': u'right', 'Number': 3, 'Background': u'_WHI', 'Format': u'schema'}
22.4645 	EXP 	window1: blendMode = 'avg'
22.4654 	EXP 	window1: blendMode = 'avg'
22.4923 	EXP 	text_11: autoDraw = False
22.4923 	EXP 	image_3: autoDraw = False
22.4923 	EXP 	text_same_practice_2: autoDraw = False
22.4923 	EXP 	image_3: image = u'Extra_Stimuli//right_schema_3_WHI.jpg'
22.4923 	EXP 	text_same_practice_2: text = 'SAME?'
22.4923 	EXP 	text_11: autoDraw = True
22.4923 	EXP 	image_3: autoDraw = True
22.4923 	EXP 	text_same_practice_2: autoDraw = True
22.4928 	EXP 	window1: blendMode = 'avg'
22.4932 	EXP 	window1: blendMode = 'avg'
22.5244 	EXP 	window1: blendMode = 'avg'
22.5248 	EXP 	window1: blendMode = 'avg'
22.5553 	EXP 	window1: blendMode = 'avg'
22.5558 	EXP 	window1: blendMode = 'avg'
22.5865 	EXP 	window1: blendMode = 'avg'
22.5869 	EXP 	window1: blendMode = 'avg'
22.6065 	EXP 	window1: blendMode = 'avg'
22.6069 	EXP 	window1: blendMode = 'avg'
22.6265 	EXP 	window1: blendMode = 'avg'
22.6269 	EXP 	window1: blendMode = 'avg'
22.6465 	EXP 	window1: blendMode = 'avg'
22.6469 	EXP 	window1: blendMode = 'avg'
22.6738 	EXP 	window1: blendMode = 'avg'
22.6742 	EXP 	window1: blendMode = 'avg'
22.6942 	EXP 	window1: blendMode = 'avg'
22.6948 	EXP 	window1: blendMode = 'avg'
22.7144 	EXP 	window1: blendMode = 'avg'
22.7151 	EXP 	window1: blendMode = 'avg'
22.7351 	EXP 	window1: blendMode = 'avg'
22.7359 	EXP 	window1: blendMode = 'avg'
22.7596 	EXP 	window1: blendMode = 'avg'
22.7600 	EXP 	window1: blendMode = 'avg'
22.7928 	EXP 	window1: blendMode = 'avg'
22.7932 	EXP 	window1: blendMode = 'avg'
22.8215 	EXP 	window1: blendMode = 'avg'
22.8222 	EXP 	window1: blendMode = 'avg'
22.8644 	EXP 	window1: blendMode = 'avg'
22.8651 	EXP 	window1: blendMode = 'avg'
22.8953 	DATA 	Keypress: a
22.8962 	EXP 	New trial (rep=0, index=2): {'Stimulus_Practice': u'left_schema_3_WHI.jpg', 'Direction': u'left', 'Number': 3, 'Background': u'_WHI', 'Format': u'schema'}
22.9202 	EXP 	window1: blendMode = 'avg'
22.9206 	EXP 	window1: blendMode = 'avg'
22.9419 	EXP 	text_11: autoDraw = False
22.9419 	EXP 	image_3: autoDraw = False
22.9419 	EXP 	text_same_practice_2: autoDraw = False
22.9419 	EXP 	image_3: image = u'Extra_Stimuli//left_schema_3_WHI.jpg'
22.9419 	EXP 	text_same_practice_2: text = ''
22.9419 	EXP 	text_11: autoDraw = True
22.9419 	EXP 	image_3: autoDraw = True
22.9419 	EXP 	text_same_practice_2: autoDraw = True
22.9427 	EXP 	window1: blendMode = 'avg'
22.9431 	EXP 	window1: blendMode = 'avg'
22.9739 	EXP 	window1: blendMode = 'avg'
22.9744 	EXP 	window1: blendMode = 'avg'
23.0048 	EXP 	window1: blendMode = 'avg'
23.0051 	EXP 	window1: blendMode = 'avg'
23.0357 	EXP 	window1: blendMode = 'avg'
23.0360 	EXP 	window1: blendMode = 'avg'
23.0669 	EXP 	window1: blendMode = 'avg'
23.0672 	EXP 	window1: blendMode = 'avg'
23.0982 	EXP 	window1: blendMode = 'avg'
23.0985 	EXP 	window1: blendMode = 'avg'
23.1202 	EXP 	window1: blendMode = 'avg'
23.1204 	EXP 	window1: blendMode = 'avg'
23.1404 	EXP 	window1: blendMode = 'avg'
23.1407 	EXP 	window1: blendMode = 'avg'
23.1730 	DATA 	Keypress: f
23.1743 	EXP 	New trial (rep=0, index=3): {'Stimulus_Practice': u'ahead_schema_3_WHI.jpg', 'Direction': u'ahead', 'Number': 3, 'Background': u'_WHI', 'Format': u'schema'}
23.2038 	EXP 	window1: blendMode = 'avg'
23.2045 	EXP 	window1: blendMode = 'avg'
23.2326 	EXP 	text_11: autoDraw = False
23.2326 	EXP 	image_3: autoDraw = False
23.2326 	EXP 	text_same_practice_2: autoDraw = False
23.2326 	EXP 	image_3: image = u'Extra_Stimuli//ahead_schema_3_WHI.jpg'
23.2326 	EXP 	text_same_practice_2: text = 'SAME?'
23.2326 	EXP 	text_11: autoDraw = True
23.2326 	EXP 	image_3: autoDraw = True
23.2326 	EXP 	text_same_practice_2: autoDraw = True
23.2332 	EXP 	window1: blendMode = 'avg'
23.2338 	EXP 	window1: blendMode = 'avg'
23.2531 	EXP 	window1: blendMode = 'avg'
23.2535 	EXP 	window1: blendMode = 'avg'
23.2754 	EXP 	window1: blendMode = 'avg'
23.2759 	EXP 	window1: blendMode = 'avg'
23.3062 	EXP 	window1: blendMode = 'avg'
23.3066 	EXP 	window1: blendMode = 'avg'
23.3366 	EXP 	window1: blendMode = 'avg'
23.3371 	EXP 	window1: blendMode = 'avg'
23.3643 	EXP 	window1: blendMode = 'avg'
23.3649 	EXP 	window1: blendMode = 'avg'
23.3955 	EXP 	window1: blendMode = 'avg'
23.3961 	EXP 	window1: blendMode = 'avg'
23.4264 	EXP 	window1: blendMode = 'avg'
23.4268 	EXP 	window1: blendMode = 'avg'
23.4577 	DATA 	Keypress: a
23.4588 	EXP 	New trial (rep=0, index=4): {'Stimulus_Practice': u'ahead_schema_1_WHI.jpg', 'Direction': u'ahead', 'Number': 1, 'Background': u'_WHI', 'Format': u'schema'}
23.4919 	EXP 	window1: blendMode = 'avg'
23.4923 	EXP 	window1: blendMode = 'avg'
23.5200 	EXP 	text_11: autoDraw = False
23.5200 	EXP 	image_3: autoDraw = False
23.5200 	EXP 	text_same_practice_2: autoDraw = False
23.5200 	EXP 	image_3: image = u'Extra_Stimuli//ahead_schema_1_WHI.jpg'
23.5200 	EXP 	text_same_practice_2: text = ''
23.5200 	EXP 	text_11: autoDraw = True
23.5200 	EXP 	image_3: autoDraw = True
23.5200 	EXP 	text_same_practice_2: autoDraw = True
23.5206 	EXP 	window1: blendMode = 'avg'
23.5209 	EXP 	window1: blendMode = 'avg'
23.5521 	EXP 	window1: blendMode = 'avg'
23.5524 	EXP 	window1: blendMode = 'avg'
23.5829 	EXP 	window1: blendMode = 'avg'
23.5832 	EXP 	window1: blendMode = 'avg'
23.6143 	EXP 	window1: blendMode = 'avg'
23.6148 	EXP 	window1: blendMode = 'avg'
23.6342 	EXP 	window1: blendMode = 'avg'
23.6346 	EXP 	window1: blendMode = 'avg'
23.6542 	EXP 	window1: blendMode = 'avg'
23.6545 	EXP 	window1: blendMode = 'avg'
23.6747 	EXP 	window1: blendMode = 'avg'
23.6751 	EXP 	window1: blendMode = 'avg'
23.6965 	EXP 	window1: blendMode = 'avg'
23.6969 	EXP 	window1: blendMode = 'avg'
23.7161 	DATA 	Keypress: f
23.7173 	EXP 	New trial (rep=0, index=5): {'Stimulus_Practice': u'left_schema_2_WHI.jpg', 'Direction': u'left', 'Number': 2, 'Background': u'_WHI', 'Format': u'schema'}
23.7476 	EXP 	window1: blendMode = 'avg'
23.7499 	EXP 	window1: blendMode = 'avg'
23.7906 	EXP 	text_11: autoDraw = False
23.7906 	EXP 	image_3: autoDraw = False
23.7906 	EXP 	text_same_practice_2: autoDraw = False
23.7906 	EXP 	image_3: image = u'Extra_Stimuli//left_schema_2_WHI.jpg'
23.7906 	EXP 	text_same_practice_2: text = 'SAME?'
23.7906 	EXP 	text_11: autoDraw = True
23.7906 	EXP 	image_3: autoDraw = True
23.7906 	EXP 	text_same_practice_2: autoDraw = True
23.7913 	EXP 	window1: blendMode = 'avg'
23.7919 	EXP 	window1: blendMode = 'avg'
23.8329 	EXP 	window1: blendMode = 'avg'
23.8333 	EXP 	window1: blendMode = 'avg'
23.8649 	EXP 	window1: blendMode = 'avg'
23.8655 	EXP 	window1: blendMode = 'avg'
23.8953 	EXP 	window1: blendMode = 'avg'
23.8957 	EXP 	window1: blendMode = 'avg'
23.9272 	EXP 	window1: blendMode = 'avg'
23.9276 	EXP 	window1: blendMode = 'avg'
23.9579 	EXP 	window1: blendMode = 'avg'
23.9585 	EXP 	window1: blendMode = 'avg'
23.9890 	DATA 	Keypress: a
23.9898 	EXP 	New trial (rep=0, index=6): {'Stimulus_Practice': u'left_schema_1_WHI.jpg', 'Direction': u'left', 'Number': 1, 'Background': u'_WHI', 'Format': u'schema'}
24.0120 	EXP 	window1: blendMode = 'avg'
24.0122 	EXP 	window1: blendMode = 'avg'
24.0288 	EXP 	text_11: autoDraw = False
24.0288 	EXP 	image_3: autoDraw = False
24.0288 	EXP 	text_same_practice_2: autoDraw = False
24.0288 	EXP 	image_3: image = u'Extra_Stimuli//left_schema_1_WHI.jpg'
24.0288 	EXP 	text_same_practice_2: text = ''
24.0288 	EXP 	text_11: autoDraw = True
24.0288 	EXP 	image_3: autoDraw = True
24.0288 	EXP 	text_same_practice_2: autoDraw = True
24.0292 	EXP 	window1: blendMode = 'avg'
24.0295 	EXP 	window1: blendMode = 'avg'
24.1465 	EXP 	window1: blendMode = 'avg'
24.1469 	EXP 	window1: blendMode = 'avg'
24.1655 	EXP 	window1: blendMode = 'avg'
24.1658 	EXP 	window1: blendMode = 'avg'
24.2000 	EXP 	window1: blendMode = 'avg'
24.2003 	EXP 	window1: blendMode = 'avg'
24.2211 	EXP 	window1: blendMode = 'avg'
24.2216 	EXP 	window1: blendMode = 'avg'
24.2412 	EXP 	window1: blendMode = 'avg'
24.2417 	EXP 	window1: blendMode = 'avg'
24.2613 	EXP 	window1: blendMode = 'avg'
24.2618 	EXP 	window1: blendMode = 'avg'
24.2821 	EXP 	window1: blendMode = 'avg'
24.2824 	EXP 	window1: blendMode = 'avg'
24.3012 	DATA 	Keypress: f
24.3026 	EXP 	New trial (rep=0, index=7): {'Stimulus_Practice': u'right_schema_1_WHI.jpg', 'Direction': u'right', 'Number': 1, 'Background': u'_WHI', 'Format': u'schema'}
24.3278 	EXP 	window1: blendMode = 'avg'
24.3286 	EXP 	window1: blendMode = 'avg'
24.3482 	EXP 	text_11: autoDraw = False
24.3482 	EXP 	image_3: autoDraw = False
24.3482 	EXP 	text_same_practice_2: autoDraw = False
24.3482 	EXP 	image_3: image = u'Extra_Stimuli//right_schema_1_WHI.jpg'
24.3482 	EXP 	text_same_practice_2: text = 'SAME?'
24.3482 	EXP 	text_11: autoDraw = True
24.3482 	EXP 	image_3: autoDraw = True
24.3482 	EXP 	text_same_practice_2: autoDraw = True
24.3487 	EXP 	window1: blendMode = 'avg'
24.3492 	EXP 	window1: blendMode = 'avg'
24.3922 	EXP 	window1: blendMode = 'avg'
24.3928 	EXP 	window1: blendMode = 'avg'
24.4239 	EXP 	window1: blendMode = 'avg'
24.4245 	EXP 	window1: blendMode = 'avg'
24.4553 	EXP 	window1: blendMode = 'avg'
24.4560 	EXP 	window1: blendMode = 'avg'
24.4861 	EXP 	window1: blendMode = 'avg'
24.4865 	EXP 	window1: blendMode = 'avg'
24.5175 	EXP 	window1: blendMode = 'avg'
24.5180 	EXP 	window1: blendMode = 'avg'
24.5487 	EXP 	window1: blendMode = 'avg'
24.5492 	EXP 	window1: blendMode = 'avg'
24.5798 	EXP 	window1: blendMode = 'avg'
24.5802 	EXP 	window1: blendMode = 'avg'
24.6259 	EXP 	window1: blendMode = 'avg'
24.6265 	EXP 	window1: blendMode = 'avg'
24.6475 	EXP 	window1: blendMode = 'avg'
24.6479 	EXP 	window1: blendMode = 'avg'
24.6677 	EXP 	window1: blendMode = 'avg'
24.6682 	EXP 	window1: blendMode = 'avg'
24.6929 	EXP 	window1: blendMode = 'avg'
24.6935 	EXP 	window1: blendMode = 'avg'
24.7132 	DATA 	Keypress: a
24.7146 	EXP 	New trial (rep=0, index=8): {'Stimulus_Practice': u'right_schema_2_WHI.jpg', 'Direction': u'right', 'Number': 2, 'Background': u'_WHI', 'Format': u'schema'}
24.7374 	EXP 	window1: blendMode = 'avg'
24.7379 	EXP 	window1: blendMode = 'avg'
24.7547 	EXP 	text_11: autoDraw = False
24.7547 	EXP 	image_3: autoDraw = False
24.7547 	EXP 	text_same_practice_2: autoDraw = False
24.7547 	EXP 	image_3: image = u'Extra_Stimuli//right_schema_2_WHI.jpg'
24.7547 	EXP 	text_same_practice_2: text = ''
24.7547 	EXP 	text_11: autoDraw = True
24.7547 	EXP 	image_3: autoDraw = True
24.7547 	EXP 	text_same_practice_2: autoDraw = True
24.7553 	EXP 	window1: blendMode = 'avg'
24.7558 	EXP 	window1: blendMode = 'avg'
24.7752 	EXP 	window1: blendMode = 'avg'
24.7756 	EXP 	window1: blendMode = 'avg'
24.8228 	EXP 	window1: blendMode = 'avg'
24.8230 	EXP 	window1: blendMode = 'avg'
24.8645 	EXP 	window1: blendMode = 'avg'
24.8651 	EXP 	window1: blendMode = 'avg'
24.8955 	EXP 	window1: blendMode = 'avg'
24.8959 	EXP 	window1: blendMode = 'avg'
24.9263 	EXP 	window1: blendMode = 'avg'
24.9265 	EXP 	window1: blendMode = 'avg'
24.9576 	EXP 	window1: blendMode = 'avg'
24.9578 	EXP 	window1: blendMode = 'avg'
24.9890 	EXP 	window1: blendMode = 'avg'
24.9893 	EXP 	window1: blendMode = 'avg'
25.0200 	EXP 	window1: blendMode = 'avg'
25.0204 	EXP 	window1: blendMode = 'avg'
25.0513 	EXP 	window1: blendMode = 'avg'
25.0515 	EXP 	window1: blendMode = 'avg'
25.0825 	DATA 	Keypress: d
25.0829 	EXP 	window1: blendMode = 'avg'
25.0831 	EXP 	window1: blendMode = 'avg'
25.1138 	EXP 	window1: blendMode = 'avg'
25.1140 	EXP 	window1: blendMode = 'avg'
25.1457 	EXP 	window1: blendMode = 'avg'
25.1461 	EXP 	window1: blendMode = 'avg'
25.1693 	EXP 	window1: blendMode = 'avg'
25.1696 	EXP 	window1: blendMode = 'avg'
25.1903 	EXP 	window1: blendMode = 'avg'
25.1906 	EXP 	window1: blendMode = 'avg'
25.2101 	EXP 	window1: blendMode = 'avg'
25.2105 	EXP 	window1: blendMode = 'avg'
25.2516 	EXP 	window1: blendMode = 'avg'
25.2518 	EXP 	window1: blendMode = 'avg'
25.2722 	EXP 	window1: blendMode = 'avg'
25.2725 	EXP 	window1: blendMode = 'avg'
25.3167 	EXP 	window1: blendMode = 'avg'
25.3171 	EXP 	window1: blendMode = 'avg'
25.3604 	EXP 	window1: blendMode = 'avg'
25.3608 	EXP 	window1: blendMode = 'avg'
25.3913 	EXP 	window1: blendMode = 'avg'
25.3916 	EXP 	window1: blendMode = 'avg'
25.4225 	EXP 	window1: blendMode = 'avg'
25.4233 	EXP 	window1: blendMode = 'avg'
25.5481 	DATA 	Keypress: f
25.6119 	EXP 	window1: blendMode = 'avg'
25.6271 	EXP 	text_11: autoDraw = False
25.6271 	EXP 	image_3: autoDraw = False
25.6271 	EXP 	text_same_practice_2: autoDraw = False
25.6271 	EXP 	text_2: autoDraw = True
25.6284 	EXP 	window1: blendMode = 'avg'
25.6484 	EXP 	window1: blendMode = 'avg'
25.6727 	EXP 	window1: blendMode = 'avg'
25.6935 	EXP 	window1: blendMode = 'avg'
25.7136 	EXP 	window1: blendMode = 'avg'
25.7335 	EXP 	window1: blendMode = 'avg'
25.7661 	EXP 	window1: blendMode = 'avg'
25.7877 	EXP 	window1: blendMode = 'avg'
25.8078 	EXP 	window1: blendMode = 'avg'
25.8541 	EXP 	window1: blendMode = 'avg'
25.8965 	EXP 	window1: blendMode = 'avg'
25.9274 	EXP 	window1: blendMode = 'avg'
25.9587 	EXP 	window1: blendMode = 'avg'
25.9900 	EXP 	window1: blendMode = 'avg'
26.0210 	EXP 	window1: blendMode = 'avg'
26.0523 	EXP 	window1: blendMode = 'avg'
26.1649 	DATA 	Keypress: escape
