14.1818 	INFO 	Loaded monitor calibration from ['2013_02_18 13:37']
20.2193 	EXP 	Created window1 = Window(allowGUI=False, allowStencil=False, autoLog=True, bitsMode=UNKNOWN, blendMode='avg', color=array([ 0.4,  0.4,  0.4]), colorSpace='rgb', fullscr=UNKNOWN, gamma=None, lms=UNKNOWN, monitor=<psychopy.monitors.calibTools.Monitor object at 0x082A3D30>, multiSample=False, name='window1', numSamples=2, pos=[0, 0], screen=0, size=array([1600,  900]), stereo=False, units=u'norm', useFBO=True, useRetina=False, viewOri=0.0, viewPos=None, viewScale=None, waitBlanking=True, winType='pyglet')
20.2194 	EXP 	window1: recordFrameIntervals = False
20.5889 	EXP 	window1: recordFrameIntervals = True
20.7338 	WARNING 	t of last frame was 45.13ms (=1/22)
20.8157 	WARNING 	t of last frame was 38.97ms (=1/25)
21.0879 	WARNING 	t of last frame was 100.79ms (=1/9)
21.6606 	WARNING 	t of last frame was 197.56ms (=1/5)
21.7312 	WARNING 	Multiple dropped frames have occurred - I'll stop bothering you about them!
23.9440 	WARNING 	Couldn't measure a consistent frame rate.
  - Is your graphics card set to sync to vertical blank?
  - Are you running other processes on your computer?

24.1378 	EXP 	Created text_4 = TextStim(alignHoriz='center', alignVert='center', antialias=True, autoLog=True, bold=False, color='black', colorSpace='named', contrast=1.0, depth=0.0, flipHoriz=False, flipVert=False, font='Arial', fontFiles=[], height=0.1, italic=False, name='text_4', opacity=1.0, ori=0, pos=array([ 0.,  0.]), rgb=array([ 0.,  0.,  0.]), text=unicode(...), units=u'norm', win=Window(...), wrapWidth=1.5)
24.1386 	EXP 	Created text_6 = TextStim(alignHoriz='center', alignVert='center', antialias=True, autoLog=True, bold=False, color='black', colorSpace='named', contrast=1.0, depth=0.0, flipHoriz=False, flipVert=False, font='Arial', fontFiles=[], height=0.1, italic=False, name='text_6', opacity=1.0, ori=0, pos=array([ 0.,  0.]), rgb=array([ 0.,  0.,  0.]), text='', units=u'norm', win=Window(...), wrapWidth=1.5)
24.1393 	EXP 	Created text_9 = TextStim(alignHoriz='center', alignVert='center', antialias=True, autoLog=True, bold=False, color='black', colorSpace='named', contrast=1.0, depth=-1.0, flipHoriz=False, flipVert=False, font='Arial', fontFiles=[], height=0.1, italic=False, name='text_9', opacity=1.0, ori=0, pos=array([ 0. , -0.6]), rgb=array([ 0.,  0.,  0.]), text='', units=u'norm', win=Window(...), wrapWidth=1)
24.1665 	EXP 	Created image = ImageStim(autoLog=True, color=array([ 1.,  1.,  1.]), colorSpace='rgb', contrast=1.0, depth=-2.0, flipHoriz=False, flipVert=False, image='sin', interpolate=True, mask=None, maskParams=None, name='image', opacity=1.0, ori=0.0, pos=array([ 0.,  0.]), size=array([ 0.75,  1.  ]), texRes=128, units='norm', win=Window(...))
24.1674 	EXP 	Created text_same_practice = TextStim(alignHoriz='center', alignVert='center', antialias=True, autoLog=True, bold=False, color='black', colorSpace='named', contrast=1.0, depth=-3.0, flipHoriz=False, flipVert=False, font='Arial', fontFiles=[], height=0.1, italic=False, name='text_same_practice', opacity=1.0, ori=0, pos=array([ 0. , -0.8]), rgb=array([ 0.,  0.,  0.]), text='', units=u'norm', win=Window(...), wrapWidth=1)
24.1725 	EXP 	Created text_2 = TextStim(alignHoriz='center', alignVert='center', antialias=True, autoLog=True, bold=False, color='black', colorSpace='named', contrast=1.0, depth=0.0, flipHoriz=False, flipVert=False, font='Arial', fontFiles=[], height=0.1, italic=False, name='text_2', opacity=1.0, ori=0, pos=array([ 0.,  0.]), rgb=array([ 0.,  0.,  0.]), text=u'+', units=u'norm', win=Window(...), wrapWidth=1)
24.1734 	EXP 	Created text_11 = TextStim(alignHoriz='center', alignVert='center', antialias=True, autoLog=True, bold=False, color='black', colorSpace='named', contrast=1.0, depth=-1.0, flipHoriz=False, flipVert=False, font='Arial', fontFiles=[], height=0.1, italic=False, name='text_11', opacity=1.0, ori=0, pos=array([ 0. , -0.6]), rgb=array([ 0.,  0.,  0.]), text='', units=u'norm', win=Window(...), wrapWidth=1)
24.1758 	EXP 	Created image_3 = ImageStim(autoLog=True, color=array([ 1.,  1.,  1.]), colorSpace='rgb', contrast=1.0, depth=-2.0, flipHoriz=False, flipVert=False, image='sin', interpolate=True, mask=None, maskParams=None, name='image_3', opacity=1.0, ori=0.0, pos=array([ 0.,  0.]), size=array([ 1.        ,  1.77777778]), texRes=128, units=u'norm', win=Window(...))
24.1766 	EXP 	Created text_same_practice_2 = TextStim(alignHoriz='center', alignVert='center', antialias=True, autoLog=True, bold=False, color='black', colorSpace='named', contrast=1.0, depth=-3.0, flipHoriz=False, flipVert=False, font='Arial', fontFiles=[], height=0.1, italic=False, name='text_same_practice_2', opacity=1.0, ori=0, pos=array([ 0. , -0.8]), rgb=array([ 0.,  0.,  0.]), text='', units=u'norm', win=Window(...), wrapWidth=1)
24.1809 	EXP 	Created text_2 = TextStim(alignHoriz='center', alignVert='center', antialias=True, autoLog=True, bold=False, color='black', colorSpace='named', contrast=1.0, depth=0.0, flipHoriz=False, flipVert=False, font='Arial', fontFiles=[], height=0.1, italic=False, name='text_2', opacity=1.0, ori=0, pos=array([ 0.,  0.]), rgb=array([ 0.,  0.,  0.]), text=u'+', units=u'norm', win=Window(...), wrapWidth=1)
24.1819 	EXP 	Created text_12 = TextStim(alignHoriz='center', alignVert='center', antialias=True, autoLog=True, bold=False, color='black', colorSpace='named', contrast=1.0, depth=-1.0, flipHoriz=False, flipVert=False, font='Arial', fontFiles=[], height=0.1, italic=False, name='text_12', opacity=1.0, ori=0, pos=array([ 0. , -0.6]), rgb=array([ 0.,  0.,  0.]), text='', units=u'norm', win=Window(...), wrapWidth=1)
24.1847 	EXP 	Created image_4 = ImageStim(autoLog=True, color=array([ 1.,  1.,  1.]), colorSpace='rgb', contrast=1.0, depth=-2.0, flipHoriz=False, flipVert=False, image='sin', interpolate=True, mask=None, maskParams=None, name='image_4', opacity=1.0, ori=0.0, pos=array([ 0.,  0.]), size=array([ 1.        ,  1.77777778]), texRes=128, units=u'norm', win=Window(...))
24.1861 	EXP 	Created text_same_practice_3 = TextStim(alignHoriz='center', alignVert='center', antialias=True, autoLog=True, bold=False, color='black', colorSpace='named', contrast=1.0, depth=-3.0, flipHoriz=False, flipVert=False, font='Arial', fontFiles=[], height=0.1, italic=False, name='text_same_practice_3', opacity=1.0, ori=0, pos=array([ 0. , -0.8]), rgb=array([ 0.,  0.,  0.]), text='', units=u'norm', win=Window(...), wrapWidth=1)
24.2124 	EXP 	Created text_10 = TextStim(alignHoriz='center', alignVert='center', antialias=True, autoLog=True, bold=False, color='black', colorSpace='named', contrast=1.0, depth=0.0, flipHoriz=False, flipVert=False, font='Arial', fontFiles=[], height=0.1, italic=False, name='text_10', opacity=1.0, ori=0, pos=array([ 0.,  0.]), rgb=array([ 0.,  0.,  0.]), text=unicode(...), units=u'norm', win=Window(...), wrapWidth=1)
24.2147 	EXP 	Created image_2 = ImageStim(autoLog=True, color=array([ 1.,  1.,  1.]), colorSpace='rgb', contrast=1.0, depth=-1.0, flipHoriz=False, flipVert=False, image='sin', interpolate=True, mask=None, maskParams=None, name='image_2', opacity=1.0, ori=0.0, pos=array([ 0.,  0.]), size=array([ 0.75,  1.  ]), texRes=128, units='norm', win=Window(...))
24.2232 	EXP 	Created unnamed TextStim = TextStim(alignHoriz='center', alignVert='center', antialias=True, autoLog=True, bold=False, color='black', colorSpace='named', contrast=1.0, depth=0, flipHoriz=False, flipVert=False, font='', fontFiles=[], height=0.1, italic=False, name='unnamed TextStim', opacity=1.0, ori=0.0, pos=array([ 0.,  0.]), rgb=array([ 0.,  0.,  0.]), text=u'+', units=u'norm', win=Window(...), wrapWidth=1)
24.2246 	EXP 	Created text_same = TextStim(alignHoriz='center', alignVert='center', antialias=True, autoLog=True, bold=False, color=u'black', colorSpace='named', contrast=1.0, depth=-3.0, flipHoriz=False, flipVert=False, font=u'Arial', fontFiles=[], height=0.1, italic=False, name='text_same', opacity=1.0, ori=0, pos=array([ 0. ,  0.8]), rgb=array([ 0.,  0.,  0.]), text='', units=u'norm', win=Window(...), wrapWidth=1)
24.2391 	EXP 	Created text = TextStim(alignHoriz='center', alignVert='center', antialias=True, autoLog=True, bold=False, color='black', colorSpace='named', contrast=1.0, depth=0.0, flipHoriz=False, flipVert=False, font='Arial', fontFiles=[], height=0.1, italic=False, name='text', opacity=1.0, ori=0, pos=array([ 0.,  0.]), rgb=array([ 0.,  0.,  0.]), text=unicode(...), units=u'norm', win=Window(...), wrapWidth=1)
24.2426 	EXP 	window1: blendMode = 'avg'
24.2760 	EXP 	text_4: autoDraw = True
24.2769 	EXP 	window1: blendMode = 'avg'
24.2966 	EXP 	window1: blendMode = 'avg'
24.3166 	EXP 	window1: blendMode = 'avg'
24.3357 	EXP 	window1: blendMode = 'avg'
24.3679 	EXP 	window1: blendMode = 'avg'
24.3985 	EXP 	window1: blendMode = 'avg'
24.4261 	EXP 	window1: blendMode = 'avg'
24.4568 	EXP 	window1: blendMode = 'avg'
24.4885 	EXP 	window1: blendMode = 'avg'
24.5917 	EXP 	window1: blendMode = 'avg'
24.5990 	EXP 	window1: blendMode = 'avg'
24.6939 	EXP 	window1: blendMode = 'avg'
24.7151 	EXP 	window1: blendMode = 'avg'
24.7462 	EXP 	window1: blendMode = 'avg'
24.7665 	EXP 	window1: blendMode = 'avg'
24.7919 	EXP 	window1: blendMode = 'avg'
24.8170 	EXP 	window1: blendMode = 'avg'
24.8551 	EXP 	window1: blendMode = 'avg'
24.8821 	EXP 	window1: blendMode = 'avg'
24.9136 	EXP 	window1: blendMode = 'avg'
24.9456 	EXP 	window1: blendMode = 'avg'
24.9747 	DATA 	Keypress: space
24.9755 	EXP 	window1: blendMode = 'avg'
25.0062 	EXP 	window1: blendMode = 'avg'
25.0373 	EXP 	window1: blendMode = 'avg'
25.0690 	EXP 	window1: blendMode = 'avg'
25.1140 	EXP 	window1: blendMode = 'avg'
25.1453 	EXP 	window1: blendMode = 'avg'
25.1767 	EXP 	window1: blendMode = 'avg'
25.2031 	EXP 	window1: blendMode = 'avg'
25.2219 	EXP 	window1: blendMode = 'avg'
25.2424 	EXP 	window1: blendMode = 'avg'
25.2625 	EXP 	window1: blendMode = 'avg'
25.2834 	EXP 	window1: blendMode = 'avg'
25.3040 	EXP 	window1: blendMode = 'avg'
25.3352 	EXP 	window1: blendMode = 'avg'
25.3650 	EXP 	window1: blendMode = 'avg'
25.3947 	EXP 	window1: blendMode = 'avg'
25.4255 	EXP 	window1: blendMode = 'avg'
25.4569 	EXP 	window1: blendMode = 'avg'
25.4878 	EXP 	window1: blendMode = 'avg'
25.5196 	EXP 	window1: blendMode = 'avg'
25.5389 	EXP 	window1: blendMode = 'avg'
25.5596 	EXP 	window1: blendMode = 'avg'
25.5803 	EXP 	window1: blendMode = 'avg'
25.6005 	EXP 	window1: blendMode = 'avg'
25.6203 	EXP 	window1: blendMode = 'avg'
25.6404 	EXP 	window1: blendMode = 'avg'
25.6754 	EXP 	window1: blendMode = 'avg'
25.7020 	EXP 	window1: blendMode = 'avg'
25.7218 	EXP 	window1: blendMode = 'avg'
25.7420 	EXP 	window1: blendMode = 'avg'
25.7624 	EXP 	window1: blendMode = 'avg'
25.7831 	DATA 	Keypress: d
25.7838 	EXP 	Created sequence: random, trialTypes=1, nReps=2, seed=None
25.7841 	EXP 	New trial (rep=0, index=0): None
25.8496 	EXP 	window1: blendMode = 'avg'
25.8648 	EXP 	text_4: autoDraw = False
25.8648 	EXP 	text_6: text = "Let's try a few for practice. You'll see spatial directions one at a time on the screen. They will be either LEFT or RIGHT or AHEAD. Tell the experimenter if the spatial direction on the screen is the SAME or DIFFERENT from the spatial direction that you just saw. For the first stimulus, just say 'GO.' Then when it says 'Same?' underneath, tell the experimenter whether you see the same direction or a different direction"
25.8648 	EXP 	text_6: autoDraw = True
25.8656 	EXP 	window1: blendMode = 'avg'
25.8937 	EXP 	window1: blendMode = 'avg'
25.9245 	EXP 	window1: blendMode = 'avg'
25.9564 	EXP 	window1: blendMode = 'avg'
25.9872 	EXP 	window1: blendMode = 'avg'
26.0183 	EXP 	window1: blendMode = 'avg'
26.0496 	EXP 	window1: blendMode = 'avg'
26.1639 	EXP 	window1: blendMode = 'avg'
26.1904 	EXP 	window1: blendMode = 'avg'
26.2342 	EXP 	window1: blendMode = 'avg'
26.2549 	EXP 	window1: blendMode = 'avg'
26.2747 	EXP 	window1: blendMode = 'avg'
26.2950 	DATA 	Keypress: d
26.3125 	DEBUG 	Read excel file with pandas: Extra_Stimuli//practice_order_WHI_schema.xlsx
26.3134 	EXP 	Imported Extra_Stimuli//practice_order_WHI_schema.xlsx as conditions, 9 conditions, 5 params
26.3138 	EXP 	Created sequence: random, trialTypes=9, nReps=1, seed=None
26.3142 	EXP 	New trial (rep=0, index=0): {'Stimulus_Practice': u'right_schema_2_WHI.jpg', 'Direction': u'right', 'Number': 2, 'Background': u'_WHI', 'Format': u'schema'}
26.3374 	EXP 	window1: blendMode = 'avg'
26.3410 	EXP 	window1: blendMode = 'avg'
26.3674 	EXP 	text_6: autoDraw = False
26.3674 	EXP 	image: image = u'Extra_Stimuli//right_schema_2_WHI.jpg'
26.3674 	EXP 	text_same_practice: text = ''
26.3674 	EXP 	text_9: autoDraw = True
26.3674 	EXP 	image: autoDraw = True
26.3674 	EXP 	text_same_practice: autoDraw = True
26.3683 	EXP 	window1: blendMode = 'avg'
26.3685 	EXP 	window1: blendMode = 'avg'
26.3970 	EXP 	window1: blendMode = 'avg'
26.3974 	EXP 	window1: blendMode = 'avg'
26.4254 	EXP 	window1: blendMode = 'avg'
26.4258 	EXP 	window1: blendMode = 'avg'
26.4562 	EXP 	window1: blendMode = 'avg'
26.4564 	EXP 	window1: blendMode = 'avg'
26.4875 	EXP 	window1: blendMode = 'avg'
26.4878 	EXP 	window1: blendMode = 'avg'
26.5890 	EXP 	window1: blendMode = 'avg'
26.5894 	EXP 	window1: blendMode = 'avg'
26.6086 	EXP 	window1: blendMode = 'avg'
26.6089 	EXP 	window1: blendMode = 'avg'
26.6285 	EXP 	window1: blendMode = 'avg'
26.6287 	EXP 	window1: blendMode = 'avg'
26.6486 	EXP 	window1: blendMode = 'avg'
26.6489 	EXP 	window1: blendMode = 'avg'
26.6686 	EXP 	window1: blendMode = 'avg'
26.6688 	EXP 	window1: blendMode = 'avg'
26.6886 	EXP 	window1: blendMode = 'avg'
26.6888 	EXP 	window1: blendMode = 'avg'
26.7220 	EXP 	window1: blendMode = 'avg'
26.7224 	EXP 	window1: blendMode = 'avg'
26.7443 	EXP 	window1: blendMode = 'avg'
26.7445 	EXP 	window1: blendMode = 'avg'
26.7644 	EXP 	window1: blendMode = 'avg'
26.7647 	EXP 	window1: blendMode = 'avg'
26.7848 	EXP 	window1: blendMode = 'avg'
26.7851 	EXP 	window1: blendMode = 'avg'
26.8058 	EXP 	window1: blendMode = 'avg'
26.8061 	EXP 	window1: blendMode = 'avg'
26.8265 	EXP 	window1: blendMode = 'avg'
26.8268 	EXP 	window1: blendMode = 'avg'
26.8512 	EXP 	window1: blendMode = 'avg'
26.8514 	EXP 	window1: blendMode = 'avg'
26.8933 	EXP 	window1: blendMode = 'avg'
26.8937 	EXP 	window1: blendMode = 'avg'
26.9241 	EXP 	window1: blendMode = 'avg'
26.9244 	EXP 	window1: blendMode = 'avg'
26.9553 	EXP 	window1: blendMode = 'avg'
26.9556 	EXP 	window1: blendMode = 'avg'
27.1528 	EXP 	window1: blendMode = 'avg'
27.1531 	EXP 	window1: blendMode = 'avg'
27.1744 	EXP 	window1: blendMode = 'avg'
27.1747 	EXP 	window1: blendMode = 'avg'
27.2067 	EXP 	window1: blendMode = 'avg'
27.2070 	EXP 	window1: blendMode = 'avg'
27.2345 	EXP 	window1: blendMode = 'avg'
27.2350 	EXP 	window1: blendMode = 'avg'
27.2550 	EXP 	window1: blendMode = 'avg'
27.2554 	EXP 	window1: blendMode = 'avg'
27.2752 	EXP 	window1: blendMode = 'avg'
27.2756 	EXP 	window1: blendMode = 'avg'
27.2969 	EXP 	window1: blendMode = 'avg'
27.2971 	EXP 	window1: blendMode = 'avg'
27.3167 	EXP 	window1: blendMode = 'avg'
27.3169 	EXP 	window1: blendMode = 'avg'
27.3354 	EXP 	window1: blendMode = 'avg'
27.3356 	EXP 	window1: blendMode = 'avg'
27.3682 	EXP 	window1: blendMode = 'avg'
27.3684 	EXP 	window1: blendMode = 'avg'
27.4107 	EXP 	window1: blendMode = 'avg'
27.4109 	EXP 	window1: blendMode = 'avg'
27.4421 	EXP 	window1: blendMode = 'avg'
27.4426 	EXP 	window1: blendMode = 'avg'
27.4730 	EXP 	window1: blendMode = 'avg'
27.4733 	EXP 	window1: blendMode = 'avg'
27.5042 	EXP 	window1: blendMode = 'avg'
27.5046 	EXP 	window1: blendMode = 'avg'
27.5284 	EXP 	window1: blendMode = 'avg'
27.5288 	EXP 	window1: blendMode = 'avg'
27.5487 	EXP 	window1: blendMode = 'avg'
27.5491 	EXP 	window1: blendMode = 'avg'
27.5683 	EXP 	window1: blendMode = 'avg'
27.5685 	EXP 	window1: blendMode = 'avg'
27.5883 	EXP 	window1: blendMode = 'avg'
27.5886 	EXP 	window1: blendMode = 'avg'
27.6084 	EXP 	window1: blendMode = 'avg'
27.6086 	EXP 	window1: blendMode = 'avg'
27.7323 	EXP 	window1: blendMode = 'avg'
27.7327 	EXP 	window1: blendMode = 'avg'
27.7525 	EXP 	window1: blendMode = 'avg'
27.7528 	EXP 	window1: blendMode = 'avg'
27.7775 	EXP 	window1: blendMode = 'avg'
27.7780 	EXP 	window1: blendMode = 'avg'
27.8144 	EXP 	window1: blendMode = 'avg'
27.8146 	EXP 	window1: blendMode = 'avg'
27.8346 	EXP 	window1: blendMode = 'avg'
27.8349 	EXP 	window1: blendMode = 'avg'
27.8794 	EXP 	window1: blendMode = 'avg'
27.8797 	EXP 	window1: blendMode = 'avg'
27.9214 	EXP 	window1: blendMode = 'avg'
27.9218 	EXP 	window1: blendMode = 'avg'
27.9530 	EXP 	window1: blendMode = 'avg'
27.9533 	EXP 	window1: blendMode = 'avg'
27.9729 	EXP 	window1: blendMode = 'avg'
27.9733 	EXP 	window1: blendMode = 'avg'
28.0037 	EXP 	window1: blendMode = 'avg'
28.0040 	EXP 	window1: blendMode = 'avg'
28.0349 	EXP 	window1: blendMode = 'avg'
28.0352 	EXP 	window1: blendMode = 'avg'
28.0662 	EXP 	window1: blendMode = 'avg'
28.0664 	EXP 	window1: blendMode = 'avg'
28.0976 	EXP 	window1: blendMode = 'avg'
28.0980 	EXP 	window1: blendMode = 'avg'
28.2200 	EXP 	window1: blendMode = 'avg'
28.2205 	EXP 	window1: blendMode = 'avg'
28.2401 	EXP 	window1: blendMode = 'avg'
28.2404 	EXP 	window1: blendMode = 'avg'
28.2604 	EXP 	window1: blendMode = 'avg'
28.2608 	EXP 	window1: blendMode = 'avg'
28.2808 	EXP 	window1: blendMode = 'avg'
28.2810 	EXP 	window1: blendMode = 'avg'
28.3018 	EXP 	window1: blendMode = 'avg'
28.3020 	EXP 	window1: blendMode = 'avg'
28.3224 	EXP 	window1: blendMode = 'avg'
28.3226 	EXP 	window1: blendMode = 'avg'
28.3671 	EXP 	window1: blendMode = 'avg'
28.3674 	EXP 	window1: blendMode = 'avg'
28.3924 	EXP 	window1: blendMode = 'avg'
28.3928 	EXP 	window1: blendMode = 'avg'
28.4256 	DATA 	Keypress: f
28.4274 	EXP 	New trial (rep=0, index=1): {'Stimulus_Practice': u'right_schema_1_WHI.jpg', 'Direction': u'right', 'Number': 1, 'Background': u'_WHI', 'Format': u'schema'}
28.4592 	EXP 	window1: blendMode = 'avg'
28.4598 	EXP 	window1: blendMode = 'avg'
28.4873 	EXP 	text_9: autoDraw = False
28.4873 	EXP 	image: autoDraw = False
28.4873 	EXP 	text_same_practice: autoDraw = False
28.4873 	EXP 	image: image = u'Extra_Stimuli//right_schema_1_WHI.jpg'
28.4873 	EXP 	text_same_practice: text = 'SAME?'
28.4873 	EXP 	text_9: autoDraw = True
28.4873 	EXP 	image: autoDraw = True
28.4873 	EXP 	text_same_practice: autoDraw = True
28.4882 	EXP 	window1: blendMode = 'avg'
28.4890 	EXP 	window1: blendMode = 'avg'
28.6161 	EXP 	window1: blendMode = 'avg'
28.6165 	EXP 	window1: blendMode = 'avg'
28.6361 	EXP 	window1: blendMode = 'avg'
28.6366 	EXP 	window1: blendMode = 'avg'
28.6589 	EXP 	window1: blendMode = 'avg'
28.6593 	EXP 	window1: blendMode = 'avg'
28.6982 	EXP 	window1: blendMode = 'avg'
28.6988 	EXP 	window1: blendMode = 'avg'
28.7180 	EXP 	window1: blendMode = 'avg'
28.7185 	EXP 	window1: blendMode = 'avg'
28.7379 	EXP 	window1: blendMode = 'avg'
28.7384 	EXP 	window1: blendMode = 'avg'
28.7580 	EXP 	window1: blendMode = 'avg'
28.7585 	EXP 	window1: blendMode = 'avg'
28.7786 	EXP 	window1: blendMode = 'avg'
28.7791 	EXP 	window1: blendMode = 'avg'
28.7983 	EXP 	window1: blendMode = 'avg'
28.7987 	EXP 	window1: blendMode = 'avg'
28.8185 	EXP 	window1: blendMode = 'avg'
28.8189 	EXP 	window1: blendMode = 'avg'
28.8454 	EXP 	window1: blendMode = 'avg'
28.8458 	EXP 	window1: blendMode = 'avg'
28.8892 	EXP 	window1: blendMode = 'avg'
28.8903 	EXP 	window1: blendMode = 'avg'
28.9098 	EXP 	window1: blendMode = 'avg'
28.9108 	EXP 	window1: blendMode = 'avg'
28.9406 	EXP 	window1: blendMode = 'avg'
28.9412 	EXP 	window1: blendMode = 'avg'
28.9716 	DATA 	Keypress: d
28.9721 	EXP 	window1: blendMode = 'avg'
28.9727 	EXP 	window1: blendMode = 'avg'
29.0026 	EXP 	window1: blendMode = 'avg'
29.0030 	EXP 	window1: blendMode = 'avg'
29.0228 	EXP 	window1: blendMode = 'avg'
29.0232 	EXP 	window1: blendMode = 'avg'
29.0428 	EXP 	window1: blendMode = 'avg'
29.0432 	EXP 	window1: blendMode = 'avg'
29.0771 	EXP 	window1: blendMode = 'avg'
29.0776 	EXP 	window1: blendMode = 'avg'
29.1075 	EXP 	window1: blendMode = 'avg'
29.1079 	EXP 	window1: blendMode = 'avg'
29.1392 	EXP 	window1: blendMode = 'avg'
29.1399 	EXP 	window1: blendMode = 'avg'
29.1702 	EXP 	window1: blendMode = 'avg'
29.1708 	EXP 	window1: blendMode = 'avg'
29.1980 	EXP 	window1: blendMode = 'avg'
29.1985 	EXP 	window1: blendMode = 'avg'
29.2179 	EXP 	window1: blendMode = 'avg'
29.2185 	EXP 	window1: blendMode = 'avg'
29.2381 	EXP 	window1: blendMode = 'avg'
29.2386 	EXP 	window1: blendMode = 'avg'
29.2583 	EXP 	window1: blendMode = 'avg'
29.2588 	EXP 	window1: blendMode = 'avg'
29.2782 	EXP 	window1: blendMode = 'avg'
29.2786 	EXP 	window1: blendMode = 'avg'
29.2995 	EXP 	window1: blendMode = 'avg'
29.2999 	EXP 	window1: blendMode = 'avg'
29.3312 	EXP 	window1: blendMode = 'avg'
29.3317 	EXP 	window1: blendMode = 'avg'
29.3626 	EXP 	window1: blendMode = 'avg'
29.3630 	EXP 	window1: blendMode = 'avg'
29.3899 	EXP 	window1: blendMode = 'avg'
29.3905 	EXP 	window1: blendMode = 'avg'
29.4094 	EXP 	window1: blendMode = 'avg'
29.4099 	EXP 	window1: blendMode = 'avg'
29.4405 	EXP 	window1: blendMode = 'avg'
29.4409 	EXP 	window1: blendMode = 'avg'
29.5564 	EXP 	window1: blendMode = 'avg'
29.5571 	EXP 	window1: blendMode = 'avg'
29.5805 	EXP 	window1: blendMode = 'avg'
29.5810 	EXP 	window1: blendMode = 'avg'
29.6119 	EXP 	window1: blendMode = 'avg'
29.6125 	EXP 	window1: blendMode = 'avg'
29.6321 	EXP 	window1: blendMode = 'avg'
29.6325 	EXP 	window1: blendMode = 'avg'
29.6521 	EXP 	window1: blendMode = 'avg'
29.6525 	EXP 	window1: blendMode = 'avg'
29.6841 	EXP 	window1: blendMode = 'avg'
29.6845 	EXP 	window1: blendMode = 'avg'
29.7177 	DATA 	Keypress: f
29.7186 	EXP 	New trial (rep=0, index=2): {'Stimulus_Practice': u'ahead_schema_1_WHI.jpg', 'Direction': u'ahead', 'Number': 1, 'Background': u'_WHI', 'Format': u'schema'}
29.7436 	EXP 	window1: blendMode = 'avg'
29.7442 	EXP 	window1: blendMode = 'avg'
29.7583 	EXP 	text_9: autoDraw = False
29.7583 	EXP 	image: autoDraw = False
29.7583 	EXP 	text_same_practice: autoDraw = False
29.7583 	EXP 	image: image = u'Extra_Stimuli//ahead_schema_1_WHI.jpg'
29.7583 	EXP 	text_same_practice: text = ''
29.7583 	EXP 	text_9: autoDraw = True
29.7583 	EXP 	image: autoDraw = True
29.7583 	EXP 	text_same_practice: autoDraw = True
29.7589 	EXP 	window1: blendMode = 'avg'
29.7593 	EXP 	window1: blendMode = 'avg'
29.7804 	EXP 	window1: blendMode = 'avg'
29.7806 	EXP 	window1: blendMode = 'avg'
29.8010 	EXP 	window1: blendMode = 'avg'
29.8012 	EXP 	window1: blendMode = 'avg'
29.8210 	EXP 	window1: blendMode = 'avg'
29.8213 	EXP 	window1: blendMode = 'avg'
29.8668 	EXP 	window1: blendMode = 'avg'
29.8670 	EXP 	window1: blendMode = 'avg'
29.9093 	EXP 	window1: blendMode = 'avg'
29.9096 	EXP 	window1: blendMode = 'avg'
29.9401 	EXP 	window1: blendMode = 'avg'
29.9404 	EXP 	window1: blendMode = 'avg'
29.9714 	EXP 	window1: blendMode = 'avg'
29.9717 	EXP 	window1: blendMode = 'avg'
30.1693 	EXP 	window1: blendMode = 'avg'
30.1696 	EXP 	window1: blendMode = 'avg'
30.1898 	EXP 	window1: blendMode = 'avg'
30.1902 	EXP 	window1: blendMode = 'avg'
30.2180 	EXP 	window1: blendMode = 'avg'
30.2183 	EXP 	window1: blendMode = 'avg'
30.2413 	EXP 	window1: blendMode = 'avg'
30.2417 	EXP 	window1: blendMode = 'avg'
30.2613 	DATA 	Keypress: f
30.2624 	EXP 	New trial (rep=0, index=3): {'Stimulus_Practice': u'left_schema_1_WHI.jpg', 'Direction': u'left', 'Number': 1, 'Background': u'_WHI', 'Format': u'schema'}
30.2920 	EXP 	window1: blendMode = 'avg'
30.2927 	EXP 	window1: blendMode = 'avg'
30.3201 	EXP 	text_9: autoDraw = False
30.3201 	EXP 	image: autoDraw = False
30.3201 	EXP 	text_same_practice: autoDraw = False
30.3201 	EXP 	image: image = u'Extra_Stimuli//left_schema_1_WHI.jpg'
30.3201 	EXP 	text_same_practice: text = 'SAME?'
30.3201 	EXP 	text_9: autoDraw = True
30.3201 	EXP 	image: autoDraw = True
30.3201 	EXP 	text_same_practice: autoDraw = True
30.3207 	EXP 	window1: blendMode = 'avg'
30.3211 	EXP 	window1: blendMode = 'avg'
30.3518 	EXP 	window1: blendMode = 'avg'
30.3522 	EXP 	window1: blendMode = 'avg'
30.3808 	EXP 	window1: blendMode = 'avg'
30.3812 	EXP 	window1: blendMode = 'avg'
30.4092 	EXP 	window1: blendMode = 'avg'
30.4096 	EXP 	window1: blendMode = 'avg'
30.4406 	EXP 	window1: blendMode = 'avg'
30.4411 	EXP 	window1: blendMode = 'avg'
30.4713 	EXP 	window1: blendMode = 'avg'
30.4719 	EXP 	window1: blendMode = 'avg'
30.6712 	EXP 	window1: blendMode = 'avg'
30.6716 	EXP 	window1: blendMode = 'avg'
30.7028 	EXP 	window1: blendMode = 'avg'
30.7034 	EXP 	window1: blendMode = 'avg'
30.7387 	DATA 	Keypress: s
30.7395 	EXP 	window1: blendMode = 'avg'
30.7403 	EXP 	window1: blendMode = 'avg'
30.7590 	EXP 	window1: blendMode = 'avg'
30.7597 	EXP 	window1: blendMode = 'avg'
30.7813 	EXP 	window1: blendMode = 'avg'
30.7817 	EXP 	window1: blendMode = 'avg'
30.8197 	EXP 	window1: blendMode = 'avg'
30.8202 	EXP 	window1: blendMode = 'avg'
30.8438 	EXP 	window1: blendMode = 'avg'
30.8441 	EXP 	window1: blendMode = 'avg'
30.8679 	EXP 	window1: blendMode = 'avg'
30.8683 	EXP 	window1: blendMode = 'avg'
30.9096 	EXP 	window1: blendMode = 'avg'
30.9102 	EXP 	window1: blendMode = 'avg'
30.9404 	EXP 	window1: blendMode = 'avg'
30.9408 	EXP 	window1: blendMode = 'avg'
30.9743 	EXP 	window1: blendMode = 'avg'
30.9748 	EXP 	window1: blendMode = 'avg'
31.0055 	EXP 	window1: blendMode = 'avg'
31.0061 	EXP 	window1: blendMode = 'avg'
31.0366 	EXP 	window1: blendMode = 'avg'
31.0370 	EXP 	window1: blendMode = 'avg'
31.0680 	EXP 	window1: blendMode = 'avg'
31.0684 	EXP 	window1: blendMode = 'avg'
31.1102 	EXP 	window1: blendMode = 'avg'
31.1106 	EXP 	window1: blendMode = 'avg'
31.1291 	EXP 	window1: blendMode = 'avg'
31.1295 	EXP 	window1: blendMode = 'avg'
31.1606 	DATA 	Keypress: f
31.1615 	EXP 	New trial (rep=0, index=4): {'Stimulus_Practice': u'left_schema_2_WHI.jpg', 'Direction': u'left', 'Number': 2, 'Background': u'_WHI', 'Format': u'schema'}
31.1842 	EXP 	window1: blendMode = 'avg'
31.1844 	EXP 	window1: blendMode = 'avg'
31.2134 	EXP 	text_9: autoDraw = False
31.2134 	EXP 	image: autoDraw = False
31.2134 	EXP 	text_same_practice: autoDraw = False
31.2134 	EXP 	image: image = u'Extra_Stimuli//left_schema_2_WHI.jpg'
31.2134 	EXP 	text_same_practice: text = ''
31.2134 	EXP 	text_9: autoDraw = True
31.2134 	EXP 	image: autoDraw = True
31.2134 	EXP 	text_same_practice: autoDraw = True
31.2149 	EXP 	window1: blendMode = 'avg'
31.2154 	EXP 	window1: blendMode = 'avg'
31.2334 	EXP 	window1: blendMode = 'avg'
31.2337 	EXP 	window1: blendMode = 'avg'
31.2541 	EXP 	window1: blendMode = 'avg'
31.2544 	EXP 	window1: blendMode = 'avg'
31.2740 	EXP 	window1: blendMode = 'avg'
31.2744 	EXP 	window1: blendMode = 'avg'
31.2944 	EXP 	window1: blendMode = 'avg'
31.2946 	EXP 	window1: blendMode = 'avg'
31.3268 	EXP 	window1: blendMode = 'avg'
31.3271 	EXP 	window1: blendMode = 'avg'
31.3586 	EXP 	window1: blendMode = 'avg'
31.3588 	EXP 	window1: blendMode = 'avg'
31.3859 	EXP 	window1: blendMode = 'avg'
31.3863 	EXP 	window1: blendMode = 'avg'
31.4073 	EXP 	window1: blendMode = 'avg'
31.4077 	EXP 	window1: blendMode = 'avg'
31.4273 	EXP 	window1: blendMode = 'avg'
31.4277 	EXP 	window1: blendMode = 'avg'
31.5444 	EXP 	window1: blendMode = 'avg'
31.5447 	EXP 	window1: blendMode = 'avg'
31.6428 	DATA 	Keypress: a
31.6442 	EXP 	New trial (rep=0, index=5): {'Stimulus_Practice': u'left_schema_3_WHI.jpg', 'Direction': u'left', 'Number': 3, 'Background': u'_WHI', 'Format': u'schema'}
31.6784 	EXP 	window1: blendMode = 'avg'
31.6794 	EXP 	window1: blendMode = 'avg'
31.7175 	EXP 	text_9: autoDraw = False
31.7175 	EXP 	image: autoDraw = False
31.7175 	EXP 	text_same_practice: autoDraw = False
31.7175 	EXP 	image: image = u'Extra_Stimuli//left_schema_3_WHI.jpg'
31.7175 	EXP 	text_same_practice: text = 'SAME?'
31.7175 	EXP 	text_9: autoDraw = True
31.7175 	EXP 	image: autoDraw = True
31.7175 	EXP 	text_same_practice: autoDraw = True
31.7182 	EXP 	window1: blendMode = 'avg'
31.7188 	EXP 	window1: blendMode = 'avg'
31.7390 	EXP 	window1: blendMode = 'avg'
31.7395 	EXP 	window1: blendMode = 'avg'
31.7586 	EXP 	window1: blendMode = 'avg'
31.7590 	EXP 	window1: blendMode = 'avg'
31.7788 	EXP 	window1: blendMode = 'avg'
31.7792 	EXP 	window1: blendMode = 'avg'
31.8007 	EXP 	window1: blendMode = 'avg'
31.8011 	EXP 	window1: blendMode = 'avg'
31.8212 	EXP 	window1: blendMode = 'avg'
31.8216 	EXP 	window1: blendMode = 'avg'
31.8522 	EXP 	window1: blendMode = 'avg'
31.8526 	EXP 	window1: blendMode = 'avg'
31.8811 	EXP 	window1: blendMode = 'avg'
31.8815 	EXP 	window1: blendMode = 'avg'
31.9094 	EXP 	window1: blendMode = 'avg'
31.9098 	EXP 	window1: blendMode = 'avg'
31.9402 	EXP 	window1: blendMode = 'avg'
31.9407 	EXP 	window1: blendMode = 'avg'
31.9716 	EXP 	window1: blendMode = 'avg'
31.9721 	EXP 	window1: blendMode = 'avg'
32.0027 	EXP 	window1: blendMode = 'avg'
32.0031 	EXP 	window1: blendMode = 'avg'
32.0340 	EXP 	window1: blendMode = 'avg'
32.0344 	EXP 	window1: blendMode = 'avg'
32.0657 	EXP 	window1: blendMode = 'avg'
32.0663 	EXP 	window1: blendMode = 'avg'
32.1805 	DATA 	Keypress: f
32.1821 	EXP 	New trial (rep=0, index=6): {'Stimulus_Practice': u'ahead_schema_2_WHI.jpg', 'Direction': u'ahead', 'Number': 2, 'Background': u'_WHI', 'Format': u'schema'}
32.2107 	EXP 	window1: blendMode = 'avg'
32.2112 	EXP 	window1: blendMode = 'avg'
32.2444 	EXP 	text_9: autoDraw = False
32.2444 	EXP 	image: autoDraw = False
32.2444 	EXP 	text_same_practice: autoDraw = False
32.2444 	EXP 	image: image = u'Extra_Stimuli//ahead_schema_2_WHI.jpg'
32.2444 	EXP 	text_same_practice: text = ''
32.2444 	EXP 	text_9: autoDraw = True
32.2444 	EXP 	image: autoDraw = True
32.2444 	EXP 	text_same_practice: autoDraw = True
32.2452 	EXP 	window1: blendMode = 'avg'
32.2455 	EXP 	window1: blendMode = 'avg'
32.2654 	EXP 	window1: blendMode = 'avg'
32.2659 	EXP 	window1: blendMode = 'avg'
32.2853 	EXP 	window1: blendMode = 'avg'
32.2856 	EXP 	window1: blendMode = 'avg'
32.3054 	EXP 	window1: blendMode = 'avg'
32.3058 	EXP 	window1: blendMode = 'avg'
32.3512 	EXP 	window1: blendMode = 'avg'
32.3514 	EXP 	window1: blendMode = 'avg'
32.3931 	EXP 	window1: blendMode = 'avg'
32.3935 	EXP 	window1: blendMode = 'avg'
32.4266 	EXP 	window1: blendMode = 'avg'
32.4272 	EXP 	window1: blendMode = 'avg'
32.4574 	DATA 	Keypress: a
32.4583 	EXP 	New trial (rep=0, index=7): {'Stimulus_Practice': u'ahead_schema_3_WHI.jpg', 'Direction': u'ahead', 'Number': 3, 'Background': u'_WHI', 'Format': u'schema'}
32.4851 	EXP 	window1: blendMode = 'avg'
32.4861 	EXP 	window1: blendMode = 'avg'
32.5041 	EXP 	text_9: autoDraw = False
32.5041 	EXP 	image: autoDraw = False
32.5041 	EXP 	text_same_practice: autoDraw = False
32.5041 	EXP 	image: image = u'Extra_Stimuli//ahead_schema_3_WHI.jpg'
32.5041 	EXP 	text_same_practice: text = 'SAME?'
32.5041 	EXP 	text_9: autoDraw = True
32.5041 	EXP 	image: autoDraw = True
32.5041 	EXP 	text_same_practice: autoDraw = True
32.5606 	EXP 	window1: blendMode = 'avg'
32.5612 	EXP 	window1: blendMode = 'avg'
32.5950 	EXP 	window1: blendMode = 'avg'
32.5954 	EXP 	window1: blendMode = 'avg'
32.6150 	EXP 	window1: blendMode = 'avg'
32.6154 	EXP 	window1: blendMode = 'avg'
32.6350 	EXP 	window1: blendMode = 'avg'
32.6354 	EXP 	window1: blendMode = 'avg'
32.6605 	EXP 	window1: blendMode = 'avg'
32.6609 	EXP 	window1: blendMode = 'avg'
32.6938 	EXP 	window1: blendMode = 'avg'
32.6944 	EXP 	window1: blendMode = 'avg'
32.7135 	EXP 	window1: blendMode = 'avg'
32.7139 	EXP 	window1: blendMode = 'avg'
32.7337 	DATA 	Keypress: f
32.7349 	EXP 	New trial (rep=0, index=8): {'Stimulus_Practice': u'right_schema_3_WHI.jpg', 'Direction': u'right', 'Number': 3, 'Background': u'_WHI', 'Format': u'schema'}
32.7621 	EXP 	window1: blendMode = 'avg'
32.7626 	EXP 	window1: blendMode = 'avg'
32.7749 	EXP 	text_9: autoDraw = False
32.7749 	EXP 	image: autoDraw = False
32.7749 	EXP 	text_same_practice: autoDraw = False
32.7749 	EXP 	image: image = u'Extra_Stimuli//right_schema_3_WHI.jpg'
32.7749 	EXP 	text_same_practice: text = ''
32.7749 	EXP 	text_9: autoDraw = True
32.7749 	EXP 	image: autoDraw = True
32.7749 	EXP 	text_same_practice: autoDraw = True
32.7755 	EXP 	window1: blendMode = 'avg'
32.7757 	EXP 	window1: blendMode = 'avg'
32.7959 	EXP 	window1: blendMode = 'avg'
32.7961 	EXP 	window1: blendMode = 'avg'
32.8270 	EXP 	window1: blendMode = 'avg'
32.8273 	EXP 	window1: blendMode = 'avg'
32.8474 	EXP 	window1: blendMode = 'avg'
32.8476 	EXP 	window1: blendMode = 'avg'
32.8682 	EXP 	window1: blendMode = 'avg'
32.8686 	EXP 	window1: blendMode = 'avg'
32.8997 	EXP 	window1: blendMode = 'avg'
32.9001 	EXP 	window1: blendMode = 'avg'
32.9260 	EXP 	window1: blendMode = 'avg'
32.9263 	EXP 	window1: blendMode = 'avg'
32.9573 	EXP 	window1: blendMode = 'avg'
32.9576 	EXP 	window1: blendMode = 'avg'
32.9884 	DATA 	Keypress: a
33.0218 	EXP 	window1: blendMode = 'avg'
33.0280 	EXP 	text_9: autoDraw = False
33.0280 	EXP 	image: autoDraw = False
33.0280 	EXP 	text_same_practice: autoDraw = False
33.0280 	EXP 	text_2: autoDraw = True
33.0289 	EXP 	window1: blendMode = 'avg'
33.0513 	EXP 	window1: blendMode = 'avg'
33.0826 	EXP 	window1: blendMode = 'avg'
33.1142 	EXP 	window1: blendMode = 'avg'
33.1452 	EXP 	window1: blendMode = 'avg'
33.1899 	EXP 	window1: blendMode = 'avg'
33.2145 	EXP 	window1: blendMode = 'avg'
33.2358 	EXP 	window1: blendMode = 'avg'
33.2560 	EXP 	window1: blendMode = 'avg'
33.2773 	DATA 	Keypress: f
33.2780 	EXP 	window1: blendMode = 'avg'
33.2980 	EXP 	window1: blendMode = 'avg'
33.3272 	EXP 	window1: blendMode = 'avg'
33.3567 	EXP 	window1: blendMode = 'avg'
33.3858 	EXP 	window1: blendMode = 'avg'
33.4055 	EXP 	window1: blendMode = 'avg'
33.4266 	EXP 	window1: blendMode = 'avg'
33.5442 	EXP 	window1: blendMode = 'avg'
33.6478 	EXP 	window1: blendMode = 'avg'
33.6761 	EXP 	window1: blendMode = 'avg'
33.7184 	DATA 	Keypress: d
33.7301 	DEBUG 	Read excel file with pandas: Extra_Stimuli//practice_order_WHI_word.xlsx
33.7318 	EXP 	Imported Extra_Stimuli//practice_order_WHI_word.xlsx as conditions, 9 conditions, 5 params
33.7325 	EXP 	Created sequence: random, trialTypes=9, nReps=1, seed=None
33.7337 	EXP 	New trial (rep=0, index=0): {'Stimulus_Practice': u'left_word_2_WHI.jpg', 'Direction': u'left', 'Number': 2, 'Background': u'_WHI', 'Format': u'word'}
33.7629 	EXP 	window1: blendMode = 'avg'
33.7654 	EXP 	window1: blendMode = 'avg'
33.7823 	EXP 	text_2: autoDraw = False
33.7823 	EXP 	image_3: image = u'Extra_Stimuli//left_word_2_WHI.jpg'
33.7823 	EXP 	text_same_practice_2: text = ''
33.7823 	EXP 	text_11: autoDraw = True
33.7823 	EXP 	image_3: autoDraw = True
33.7823 	EXP 	text_same_practice_2: autoDraw = True
33.7830 	EXP 	window1: blendMode = 'avg'
33.7834 	EXP 	window1: blendMode = 'avg'
33.8198 	EXP 	window1: blendMode = 'avg'
33.8200 	EXP 	window1: blendMode = 'avg'
33.8651 	EXP 	window1: blendMode = 'avg'
33.8654 	EXP 	window1: blendMode = 'avg'
33.9092 	EXP 	window1: blendMode = 'avg'
33.9097 	EXP 	window1: blendMode = 'avg'
33.9421 	EXP 	window1: blendMode = 'avg'
33.9423 	EXP 	window1: blendMode = 'avg'
33.9741 	EXP 	window1: blendMode = 'avg'
33.9746 	EXP 	window1: blendMode = 'avg'
34.0053 	EXP 	window1: blendMode = 'avg'
34.0057 	EXP 	window1: blendMode = 'avg'
34.0368 	EXP 	window1: blendMode = 'avg'
34.0372 	EXP 	window1: blendMode = 'avg'
34.0676 	EXP 	window1: blendMode = 'avg'
34.0679 	EXP 	window1: blendMode = 'avg'
34.1913 	DATA 	Keypress: f
34.1934 	EXP 	New trial (rep=0, index=1): {'Stimulus_Practice': u'right_word_3_WHI.jpg', 'Direction': u'right', 'Number': 3, 'Background': u'_WHI', 'Format': u'word'}
34.2304 	EXP 	window1: blendMode = 'avg'
34.2311 	EXP 	window1: blendMode = 'avg'
34.2751 	EXP 	text_11: autoDraw = False
34.2751 	EXP 	image_3: autoDraw = False
34.2751 	EXP 	text_same_practice_2: autoDraw = False
34.2751 	EXP 	image_3: image = u'Extra_Stimuli//right_word_3_WHI.jpg'
34.2751 	EXP 	text_same_practice_2: text = 'SAME?'
34.2751 	EXP 	text_11: autoDraw = True
34.2751 	EXP 	image_3: autoDraw = True
34.2751 	EXP 	text_same_practice_2: autoDraw = True
34.2767 	EXP 	window1: blendMode = 'avg'
34.2772 	EXP 	window1: blendMode = 'avg'
34.2957 	EXP 	window1: blendMode = 'avg'
34.2963 	EXP 	window1: blendMode = 'avg'
34.3160 	EXP 	window1: blendMode = 'avg'
34.3167 	EXP 	window1: blendMode = 'avg'
34.3631 	EXP 	window1: blendMode = 'avg'
34.3635 	EXP 	window1: blendMode = 'avg'
34.4056 	EXP 	window1: blendMode = 'avg'
34.4062 	EXP 	window1: blendMode = 'avg'
34.4277 	EXP 	window1: blendMode = 'avg'
34.4282 	EXP 	window1: blendMode = 'avg'
34.4587 	EXP 	window1: blendMode = 'avg'
34.4593 	EXP 	window1: blendMode = 'avg'
34.5790 	EXP 	window1: blendMode = 'avg'
34.5796 	EXP 	window1: blendMode = 'avg'
34.6021 	EXP 	window1: blendMode = 'avg'
34.6027 	EXP 	window1: blendMode = 'avg'
34.6220 	EXP 	window1: blendMode = 'avg'
34.6226 	EXP 	window1: blendMode = 'avg'
34.6396 	EXP 	window1: blendMode = 'avg'
34.6401 	EXP 	window1: blendMode = 'avg'
34.6619 	EXP 	window1: blendMode = 'avg'
34.6622 	EXP 	window1: blendMode = 'avg'
34.6819 	EXP 	window1: blendMode = 'avg'
34.6823 	EXP 	window1: blendMode = 'avg'
34.7099 	EXP 	window1: blendMode = 'avg'
34.7106 	EXP 	window1: blendMode = 'avg'
34.7300 	EXP 	window1: blendMode = 'avg'
34.7304 	EXP 	window1: blendMode = 'avg'
34.7497 	EXP 	window1: blendMode = 'avg'
34.7502 	EXP 	window1: blendMode = 'avg'
34.7702 	EXP 	window1: blendMode = 'avg'
34.7708 	EXP 	window1: blendMode = 'avg'
34.7902 	EXP 	window1: blendMode = 'avg'
34.7906 	EXP 	window1: blendMode = 'avg'
34.8229 	EXP 	window1: blendMode = 'avg'
34.8232 	EXP 	window1: blendMode = 'avg'
34.8445 	EXP 	window1: blendMode = 'avg'
34.8450 	EXP 	window1: blendMode = 'avg'
34.8658 	EXP 	window1: blendMode = 'avg'
34.8664 	EXP 	window1: blendMode = 'avg'
34.8974 	EXP 	window1: blendMode = 'avg'
34.8982 	EXP 	window1: blendMode = 'avg'
34.9282 	EXP 	window1: blendMode = 'avg'
34.9287 	EXP 	window1: blendMode = 'avg'
34.9598 	EXP 	window1: blendMode = 'avg'
34.9604 	EXP 	window1: blendMode = 'avg'
34.9908 	EXP 	window1: blendMode = 'avg'
34.9914 	EXP 	window1: blendMode = 'avg'
35.0217 	EXP 	window1: blendMode = 'avg'
35.0221 	EXP 	window1: blendMode = 'avg'
35.0532 	EXP 	window1: blendMode = 'avg'
35.0536 	EXP 	window1: blendMode = 'avg'
35.0847 	EXP 	window1: blendMode = 'avg'
35.0853 	EXP 	window1: blendMode = 'avg'
35.1201 	EXP 	window1: blendMode = 'avg'
35.1209 	EXP 	window1: blendMode = 'avg'
35.1508 	EXP 	window1: blendMode = 'avg'
35.1514 	EXP 	window1: blendMode = 'avg'
35.1897 	EXP 	window1: blendMode = 'avg'
35.1904 	EXP 	window1: blendMode = 'avg'
35.2098 	EXP 	window1: blendMode = 'avg'
35.2105 	EXP 	window1: blendMode = 'avg'
35.2298 	EXP 	window1: blendMode = 'avg'
35.2305 	EXP 	window1: blendMode = 'avg'
35.2499 	EXP 	window1: blendMode = 'avg'
35.2506 	EXP 	window1: blendMode = 'avg'
35.2704 	EXP 	window1: blendMode = 'avg'
35.2711 	EXP 	window1: blendMode = 'avg'
35.2904 	EXP 	window1: blendMode = 'avg'
35.2908 	EXP 	window1: blendMode = 'avg'
35.3212 	EXP 	window1: blendMode = 'avg'
35.3215 	EXP 	window1: blendMode = 'avg'
35.3524 	EXP 	window1: blendMode = 'avg'
35.3528 	EXP 	window1: blendMode = 'avg'
35.3831 	EXP 	window1: blendMode = 'avg'
35.3840 	EXP 	window1: blendMode = 'avg'
35.4125 	EXP 	window1: blendMode = 'avg'
35.4132 	EXP 	window1: blendMode = 'avg'
35.4437 	EXP 	window1: blendMode = 'avg'
35.4443 	EXP 	window1: blendMode = 'avg'
35.5556 	EXP 	window1: blendMode = 'avg'
35.5564 	EXP 	window1: blendMode = 'avg'
35.6902 	EXP 	window1: blendMode = 'avg'
35.6907 	EXP 	window1: blendMode = 'avg'
35.7182 	EXP 	window1: blendMode = 'avg'
35.7186 	EXP 	window1: blendMode = 'avg'
35.7393 	EXP 	window1: blendMode = 'avg'
35.7401 	EXP 	window1: blendMode = 'avg'
35.7591 	EXP 	window1: blendMode = 'avg'
35.7597 	EXP 	window1: blendMode = 'avg'
35.7792 	EXP 	window1: blendMode = 'avg'
35.7796 	EXP 	window1: blendMode = 'avg'
35.8009 	EXP 	window1: blendMode = 'avg'
35.8013 	EXP 	window1: blendMode = 'avg'
35.8212 	EXP 	window1: blendMode = 'avg'
35.8217 	EXP 	window1: blendMode = 'avg'
35.8672 	EXP 	window1: blendMode = 'avg'
35.8675 	EXP 	window1: blendMode = 'avg'
35.9094 	EXP 	window1: blendMode = 'avg'
35.9100 	EXP 	window1: blendMode = 'avg'
35.9294 	EXP 	window1: blendMode = 'avg'
35.9301 	EXP 	window1: blendMode = 'avg'
35.9596 	EXP 	window1: blendMode = 'avg'
35.9600 	EXP 	window1: blendMode = 'avg'
36.0797 	EXP 	window1: blendMode = 'avg'
36.0803 	EXP 	window1: blendMode = 'avg'
36.0998 	EXP 	window1: blendMode = 'avg'
36.1002 	EXP 	window1: blendMode = 'avg'
36.1197 	EXP 	window1: blendMode = 'avg'
36.1201 	EXP 	window1: blendMode = 'avg'
36.1508 	EXP 	window1: blendMode = 'avg'
36.1512 	EXP 	window1: blendMode = 'avg'
36.1857 	EXP 	window1: blendMode = 'avg'
36.1861 	EXP 	window1: blendMode = 'avg'
36.2060 	EXP 	window1: blendMode = 'avg'
36.2065 	EXP 	window1: blendMode = 'avg'
36.2261 	DATA 	Keypress: a
36.2271 	EXP 	New trial (rep=0, index=2): {'Stimulus_Practice': u'right_word_1_WHI.jpg', 'Direction': u'right', 'Number': 1, 'Background': u'_WHI', 'Format': u'word'}
36.2525 	EXP 	window1: blendMode = 'avg'
36.2529 	EXP 	window1: blendMode = 'avg'
36.2661 	EXP 	text_11: autoDraw = False
36.2661 	EXP 	image_3: autoDraw = False
36.2661 	EXP 	text_same_practice_2: autoDraw = False
36.2661 	EXP 	image_3: image = u'Extra_Stimuli//right_word_1_WHI.jpg'
36.2661 	EXP 	text_same_practice_2: text = ''
36.2661 	EXP 	text_11: autoDraw = True
36.2661 	EXP 	image_3: autoDraw = True
36.2661 	EXP 	text_same_practice_2: autoDraw = True
36.2668 	EXP 	window1: blendMode = 'avg'
36.2672 	EXP 	window1: blendMode = 'avg'
36.2871 	EXP 	window1: blendMode = 'avg'
36.2875 	EXP 	window1: blendMode = 'avg'
36.3178 	EXP 	window1: blendMode = 'avg'
36.3181 	EXP 	window1: blendMode = 'avg'
36.3503 	EXP 	window1: blendMode = 'avg'
36.3505 	EXP 	window1: blendMode = 'avg'
36.3769 	EXP 	window1: blendMode = 'avg'
36.3773 	EXP 	window1: blendMode = 'avg'
36.4081 	EXP 	window1: blendMode = 'avg'
36.4084 	EXP 	window1: blendMode = 'avg'
36.4308 	EXP 	window1: blendMode = 'avg'
36.4310 	EXP 	window1: blendMode = 'avg'
36.4601 	DATA 	Keypress: f
36.4612 	EXP 	New trial (rep=0, index=3): {'Stimulus_Practice': u'left_word_3_WHI.jpg', 'Direction': u'left', 'Number': 3, 'Background': u'_WHI', 'Format': u'word'}
36.4920 	EXP 	window1: blendMode = 'avg'
36.4930 	EXP 	window1: blendMode = 'avg'
36.5226 	EXP 	text_11: autoDraw = False
36.5226 	EXP 	image_3: autoDraw = False
36.5226 	EXP 	text_same_practice_2: autoDraw = False
36.5226 	EXP 	image_3: image = u'Extra_Stimuli//left_word_3_WHI.jpg'
36.5226 	EXP 	text_same_practice_2: text = 'SAME?'
36.5226 	EXP 	text_11: autoDraw = True
36.5226 	EXP 	image_3: autoDraw = True
36.5226 	EXP 	text_same_practice_2: autoDraw = True
36.5233 	EXP 	window1: blendMode = 'avg'
36.5239 	EXP 	window1: blendMode = 'avg'
36.5429 	EXP 	window1: blendMode = 'avg'
36.5433 	EXP 	window1: blendMode = 'avg'
36.6763 	EXP 	window1: blendMode = 'avg'
36.6768 	EXP 	window1: blendMode = 'avg'
36.7182 	DATA 	Keypress: a
36.7191 	EXP 	New trial (rep=0, index=4): {'Stimulus_Practice': u'ahead_word_3_WHI.jpg', 'Direction': u'ahead', 'Number': 3, 'Background': u'_WHI', 'Format': u'word'}
36.7449 	EXP 	window1: blendMode = 'avg'
36.7453 	EXP 	window1: blendMode = 'avg'
36.7589 	EXP 	text_11: autoDraw = False
36.7589 	EXP 	image_3: autoDraw = False
36.7589 	EXP 	text_same_practice_2: autoDraw = False
36.7589 	EXP 	image_3: image = u'Extra_Stimuli//ahead_word_3_WHI.jpg'
36.7589 	EXP 	text_same_practice_2: text = ''
36.7589 	EXP 	text_11: autoDraw = True
36.7589 	EXP 	image_3: autoDraw = True
36.7589 	EXP 	text_same_practice_2: autoDraw = True
36.7596 	EXP 	window1: blendMode = 'avg'
36.7600 	EXP 	window1: blendMode = 'avg'
36.7803 	EXP 	window1: blendMode = 'avg'
36.7808 	EXP 	window1: blendMode = 'avg'
36.8214 	EXP 	window1: blendMode = 'avg'
36.8217 	EXP 	window1: blendMode = 'avg'
36.8664 	DATA 	Keypress: f
36.8673 	EXP 	New trial (rep=0, index=5): {'Stimulus_Practice': u'ahead_word_1_WHI.jpg', 'Direction': u'ahead', 'Number': 1, 'Background': u'_WHI', 'Format': u'word'}
36.8956 	EXP 	window1: blendMode = 'avg'
36.8966 	EXP 	window1: blendMode = 'avg'
36.9051 	EXP 	text_11: autoDraw = False
36.9051 	EXP 	image_3: autoDraw = False
36.9051 	EXP 	text_same_practice_2: autoDraw = False
36.9051 	EXP 	image_3: image = u'Extra_Stimuli//ahead_word_1_WHI.jpg'
36.9051 	EXP 	text_same_practice_2: text = 'SAME?'
36.9051 	EXP 	text_11: autoDraw = True
36.9051 	EXP 	image_3: autoDraw = True
36.9051 	EXP 	text_same_practice_2: autoDraw = True
36.9057 	EXP 	window1: blendMode = 'avg'
36.9063 	EXP 	window1: blendMode = 'avg'
36.9294 	EXP 	window1: blendMode = 'avg'
36.9300 	EXP 	window1: blendMode = 'avg'
36.9613 	DATA 	Keypress: a
36.9626 	EXP 	New trial (rep=0, index=6): {'Stimulus_Practice': u'right_word_2_WHI.jpg', 'Direction': u'right', 'Number': 2, 'Background': u'_WHI', 'Format': u'word'}
36.9916 	EXP 	window1: blendMode = 'avg'
36.9919 	EXP 	window1: blendMode = 'avg'
37.0005 	EXP 	text_11: autoDraw = False
37.0005 	EXP 	image_3: autoDraw = False
37.0005 	EXP 	text_same_practice_2: autoDraw = False
37.0005 	EXP 	image_3: image = u'Extra_Stimuli//right_word_2_WHI.jpg'
37.0005 	EXP 	text_same_practice_2: text = ''
37.0005 	EXP 	text_11: autoDraw = True
37.0005 	EXP 	image_3: autoDraw = True
37.0005 	EXP 	text_same_practice_2: autoDraw = True
37.0009 	EXP 	window1: blendMode = 'avg'
37.0012 	EXP 	window1: blendMode = 'avg'
37.0214 	EXP 	window1: blendMode = 'avg'
37.0217 	EXP 	window1: blendMode = 'avg'
37.0526 	EXP 	window1: blendMode = 'avg'
37.0528 	EXP 	window1: blendMode = 'avg'
37.0839 	DATA 	Keypress: f
37.0849 	EXP 	New trial (rep=0, index=7): {'Stimulus_Practice': u'ahead_word_2_WHI.jpg', 'Direction': u'ahead', 'Number': 2, 'Background': u'_WHI', 'Format': u'word'}
37.1128 	EXP 	window1: blendMode = 'avg'
37.1135 	EXP 	window1: blendMode = 'avg'
37.1293 	EXP 	text_11: autoDraw = False
37.1293 	EXP 	image_3: autoDraw = False
37.1293 	EXP 	text_same_practice_2: autoDraw = False
37.1293 	EXP 	image_3: image = u'Extra_Stimuli//ahead_word_2_WHI.jpg'
37.1293 	EXP 	text_same_practice_2: text = 'SAME?'
37.1293 	EXP 	text_11: autoDraw = True
37.1293 	EXP 	image_3: autoDraw = True
37.1293 	EXP 	text_same_practice_2: autoDraw = True
37.1301 	EXP 	window1: blendMode = 'avg'
37.1307 	EXP 	window1: blendMode = 'avg'
37.1608 	EXP 	window1: blendMode = 'avg'
37.1612 	EXP 	window1: blendMode = 'avg'
37.1853 	DATA 	Keypress: a
37.1861 	EXP 	New trial (rep=0, index=8): {'Stimulus_Practice': u'left_word_1_WHI.jpg', 'Direction': u'left', 'Number': 1, 'Background': u'_WHI', 'Format': u'word'}
37.2092 	EXP 	window1: blendMode = 'avg'
37.2097 	EXP 	window1: blendMode = 'avg'
37.2254 	EXP 	text_11: autoDraw = False
37.2254 	EXP 	image_3: autoDraw = False
37.2254 	EXP 	text_same_practice_2: autoDraw = False
37.2254 	EXP 	image_3: image = u'Extra_Stimuli//left_word_1_WHI.jpg'
37.2254 	EXP 	text_same_practice_2: text = ''
37.2254 	EXP 	text_11: autoDraw = True
37.2254 	EXP 	image_3: autoDraw = True
37.2254 	EXP 	text_same_practice_2: autoDraw = True
37.2264 	EXP 	window1: blendMode = 'avg'
37.2268 	EXP 	window1: blendMode = 'avg'
37.2457 	EXP 	window1: blendMode = 'avg'
37.2459 	EXP 	window1: blendMode = 'avg'
37.2664 	EXP 	window1: blendMode = 'avg'
37.2667 	EXP 	window1: blendMode = 'avg'
37.2861 	DATA 	Keypress: f
37.3344 	EXP 	window1: blendMode = 'avg'
37.3480 	EXP 	text_11: autoDraw = False
37.3480 	EXP 	image_3: autoDraw = False
37.3480 	EXP 	text_same_practice_2: autoDraw = False
37.3480 	EXP 	text_2: autoDraw = True
37.3489 	EXP 	window1: blendMode = 'avg'
37.3773 	EXP 	window1: blendMode = 'avg'
37.4085 	DATA 	Keypress: a
37.4092 	EXP 	window1: blendMode = 'avg'
37.4302 	EXP 	window1: blendMode = 'avg'
37.5454 	DATA 	Keypress: f
37.5465 	EXP 	window1: blendMode = 'avg'
37.5611 	EXP 	window1: blendMode = 'avg'
37.5810 	EXP 	window1: blendMode = 'avg'
37.6005 	EXP 	window1: blendMode = 'avg'
37.6205 	DATA 	Keypress: a
37.6211 	EXP 	window1: blendMode = 'avg'
37.6405 	EXP 	window1: blendMode = 'avg'
37.6863 	EXP 	window1: blendMode = 'avg'
37.7053 	EXP 	window1: blendMode = 'avg'
37.7259 	EXP 	window1: blendMode = 'avg'
37.7461 	EXP 	window1: blendMode = 'avg'
37.7671 	EXP 	window1: blendMode = 'avg'
37.7861 	EXP 	window1: blendMode = 'avg'
37.8177 	EXP 	window1: blendMode = 'avg'
37.8495 	EXP 	window1: blendMode = 'avg'
37.8775 	EXP 	window1: blendMode = 'avg'
37.9086 	EXP 	window1: blendMode = 'avg'
37.9295 	EXP 	window1: blendMode = 'avg'
38.0447 	DATA 	Keypress: d
38.0456 	EXP 	window1: blendMode = 'avg'
38.1763 	DEBUG 	Read excel file with pandas: Extra_Stimuli//practice_order_WHI_image.xlsx
38.1775 	EXP 	Imported Extra_Stimuli//practice_order_WHI_image.xlsx as conditions, 9 conditions, 5 params
38.1780 	EXP 	Created sequence: random, trialTypes=9, nReps=1, seed=None
38.1786 	EXP 	New trial (rep=0, index=0): {'Stimulus_Practice': u'right_image_2_WHI.jpg', 'Direction': u'right', 'Number': 2, 'Background': u'_WHI', 'Format': u'image'}
38.2192 	EXP 	window1: blendMode = 'avg'
38.2229 	EXP 	window1: blendMode = 'avg'
38.2589 	EXP 	text_2: autoDraw = False
38.2589 	EXP 	image_4: image = u'Extra_Stimuli//right_image_2_WHI.jpg'
38.2589 	EXP 	text_same_practice_3: text = ''
38.2589 	EXP 	text_12: autoDraw = True
38.2589 	EXP 	image_4: autoDraw = True
38.2589 	EXP 	text_same_practice_3: autoDraw = True
38.2594 	EXP 	window1: blendMode = 'avg'
38.2597 	EXP 	window1: blendMode = 'avg'
38.2816 	EXP 	window1: blendMode = 'avg'
38.2819 	EXP 	window1: blendMode = 'avg'
38.2997 	EXP 	window1: blendMode = 'avg'
38.3000 	EXP 	window1: blendMode = 'avg'
38.3205 	EXP 	window1: blendMode = 'avg'
38.3209 	EXP 	window1: blendMode = 'avg'
38.3656 	EXP 	window1: blendMode = 'avg'
38.3658 	EXP 	window1: blendMode = 'avg'
38.4095 	EXP 	window1: blendMode = 'avg'
38.4100 	EXP 	window1: blendMode = 'avg'
38.4306 	EXP 	window1: blendMode = 'avg'
38.4310 	EXP 	window1: blendMode = 'avg'
38.4615 	EXP 	window1: blendMode = 'avg'
38.4619 	EXP 	window1: blendMode = 'avg'
38.5793 	EXP 	window1: blendMode = 'avg'
38.5798 	EXP 	window1: blendMode = 'avg'
38.7024 	EXP 	window1: blendMode = 'avg'
38.7028 	EXP 	window1: blendMode = 'avg'
38.7228 	EXP 	window1: blendMode = 'avg'
38.7232 	EXP 	window1: blendMode = 'avg'
38.7426 	EXP 	window1: blendMode = 'avg'
38.7429 	EXP 	window1: blendMode = 'avg'
38.7629 	EXP 	window1: blendMode = 'avg'
38.7632 	EXP 	window1: blendMode = 'avg'
38.7838 	EXP 	window1: blendMode = 'avg'
38.7841 	EXP 	window1: blendMode = 'avg'
38.8164 	EXP 	window1: blendMode = 'avg'
38.8166 	EXP 	window1: blendMode = 'avg'
38.8511 	EXP 	window1: blendMode = 'avg'
38.8514 	EXP 	window1: blendMode = 'avg'
38.8936 	EXP 	window1: blendMode = 'avg'
38.8939 	EXP 	window1: blendMode = 'avg'
38.9142 	EXP 	window1: blendMode = 'avg'
38.9146 	EXP 	window1: blendMode = 'avg'
38.9463 	EXP 	window1: blendMode = 'avg'
38.9466 	EXP 	window1: blendMode = 'avg'
38.9776 	EXP 	window1: blendMode = 'avg'
38.9780 	EXP 	window1: blendMode = 'avg'
39.0087 	EXP 	window1: blendMode = 'avg'
39.0090 	EXP 	window1: blendMode = 'avg'
39.0400 	EXP 	window1: blendMode = 'avg'
39.0403 	EXP 	window1: blendMode = 'avg'
39.1580 	DATA 	Keypress: f
39.1600 	EXP 	New trial (rep=0, index=1): {'Stimulus_Practice': u'ahead_image_2_WHI.jpg', 'Direction': u'ahead', 'Number': 2, 'Background': u'_WHI', 'Format': u'image'}
39.2081 	EXP 	window1: blendMode = 'avg'
39.2090 	EXP 	window1: blendMode = 'avg'
39.2441 	EXP 	text_12: autoDraw = False
39.2441 	EXP 	image_4: autoDraw = False
39.2441 	EXP 	text_same_practice_3: autoDraw = False
39.2441 	EXP 	image_4: image = u'Extra_Stimuli//ahead_image_2_WHI.jpg'
39.2441 	EXP 	text_same_practice_3: text = 'SAME?'
39.2441 	EXP 	text_12: autoDraw = True
39.2441 	EXP 	image_4: autoDraw = True
39.2441 	EXP 	text_same_practice_3: autoDraw = True
39.2446 	EXP 	window1: blendMode = 'avg'
39.2450 	EXP 	window1: blendMode = 'avg'
39.2661 	EXP 	window1: blendMode = 'avg'
39.2665 	EXP 	window1: blendMode = 'avg'
39.2848 	EXP 	window1: blendMode = 'avg'
39.2852 	EXP 	window1: blendMode = 'avg'
39.3050 	EXP 	window1: blendMode = 'avg'
39.3055 	EXP 	window1: blendMode = 'avg'
39.3500 	EXP 	window1: blendMode = 'avg'
39.3504 	EXP 	window1: blendMode = 'avg'
39.3933 	EXP 	window1: blendMode = 'avg'
39.3938 	EXP 	window1: blendMode = 'avg'
39.4243 	EXP 	window1: blendMode = 'avg'
39.4248 	EXP 	window1: blendMode = 'avg'
39.4561 	EXP 	window1: blendMode = 'avg'
39.4567 	EXP 	window1: blendMode = 'avg'
39.4870 	EXP 	window1: blendMode = 'avg'
39.4876 	EXP 	window1: blendMode = 'avg'
39.5185 	EXP 	window1: blendMode = 'avg'
39.5191 	EXP 	window1: blendMode = 'avg'
39.5380 	EXP 	window1: blendMode = 'avg'
39.5385 	EXP 	window1: blendMode = 'avg'
39.5579 	EXP 	window1: blendMode = 'avg'
39.5585 	EXP 	window1: blendMode = 'avg'
39.5803 	EXP 	window1: blendMode = 'avg'
39.5808 	EXP 	window1: blendMode = 'avg'
39.6845 	EXP 	window1: blendMode = 'avg'
39.6851 	EXP 	window1: blendMode = 'avg'
39.7221 	EXP 	window1: blendMode = 'avg'
39.7226 	EXP 	window1: blendMode = 'avg'
39.7423 	DATA 	Keypress: a
39.7434 	EXP 	New trial (rep=0, index=2): {'Stimulus_Practice': u'left_image_2_WHI.jpg', 'Direction': u'left', 'Number': 2, 'Background': u'_WHI', 'Format': u'image'}
39.7904 	EXP 	window1: blendMode = 'avg'
39.7907 	EXP 	window1: blendMode = 'avg'
39.8305 	EXP 	text_12: autoDraw = False
39.8305 	EXP 	image_4: autoDraw = False
39.8305 	EXP 	text_same_practice_3: autoDraw = False
39.8305 	EXP 	image_4: image = u'Extra_Stimuli//left_image_2_WHI.jpg'
39.8305 	EXP 	text_same_practice_3: text = ''
39.8305 	EXP 	text_12: autoDraw = True
39.8305 	EXP 	image_4: autoDraw = True
39.8305 	EXP 	text_same_practice_3: autoDraw = True
39.8310 	EXP 	window1: blendMode = 'avg'
39.8312 	EXP 	window1: blendMode = 'avg'
39.8733 	EXP 	window1: blendMode = 'avg'
39.8737 	EXP 	window1: blendMode = 'avg'
39.9043 	DATA 	Keypress: f
39.9057 	EXP 	New trial (rep=0, index=3): {'Stimulus_Practice': u'left_image_3_WHI.jpg', 'Direction': u'left', 'Number': 3, 'Background': u'_WHI', 'Format': u'image'}
39.9493 	EXP 	window1: blendMode = 'avg'
39.9501 	EXP 	window1: blendMode = 'avg'
40.0684 	EXP 	text_12: autoDraw = False
40.0684 	EXP 	image_4: autoDraw = False
40.0684 	EXP 	text_same_practice_3: autoDraw = False
40.0684 	EXP 	image_4: image = u'Extra_Stimuli//left_image_3_WHI.jpg'
40.0684 	EXP 	text_same_practice_3: text = 'SAME?'
40.0684 	EXP 	text_12: autoDraw = True
40.0684 	EXP 	image_4: autoDraw = True
40.0684 	EXP 	text_same_practice_3: autoDraw = True
40.0694 	DATA 	Keypress: a
40.0709 	EXP 	New trial (rep=0, index=4): {'Stimulus_Practice': u'left_image_1_WHI.jpg', 'Direction': u'left', 'Number': 1, 'Background': u'_WHI', 'Format': u'image'}
40.1252 	EXP 	window1: blendMode = 'avg'
40.1256 	EXP 	window1: blendMode = 'avg'
40.1625 	EXP 	text_12: autoDraw = False
40.1625 	EXP 	image_4: autoDraw = False
40.1625 	EXP 	text_same_practice_3: autoDraw = False
40.1625 	EXP 	image_4: image = u'Extra_Stimuli//left_image_1_WHI.jpg'
40.1625 	EXP 	text_same_practice_3: text = ''
40.1625 	EXP 	text_12: autoDraw = True
40.1625 	EXP 	image_4: autoDraw = True
40.1625 	EXP 	text_same_practice_3: autoDraw = True
40.1634 	DATA 	Keypress: f
40.1647 	EXP 	New trial (rep=0, index=5): {'Stimulus_Practice': u'ahead_image_1_WHI.jpg', 'Direction': u'ahead', 'Number': 1, 'Background': u'_WHI', 'Format': u'image'}
40.2111 	EXP 	window1: blendMode = 'avg'
40.2122 	EXP 	window1: blendMode = 'avg'
40.2230 	EXP 	text_12: autoDraw = False
40.2230 	EXP 	image_4: autoDraw = False
40.2230 	EXP 	text_same_practice_3: autoDraw = False
40.2230 	EXP 	image_4: image = u'Extra_Stimuli//ahead_image_1_WHI.jpg'
40.2230 	EXP 	text_same_practice_3: text = 'SAME?'
40.2230 	EXP 	text_12: autoDraw = True
40.2230 	EXP 	image_4: autoDraw = True
40.2230 	EXP 	text_same_practice_3: autoDraw = True
40.2237 	EXP 	window1: blendMode = 'avg'
40.2244 	EXP 	window1: blendMode = 'avg'
40.2437 	EXP 	window1: blendMode = 'avg'
40.2445 	EXP 	window1: blendMode = 'avg'
40.2641 	EXP 	window1: blendMode = 'avg'
40.2652 	EXP 	window1: blendMode = 'avg'
40.2848 	EXP 	window1: blendMode = 'avg'
40.2856 	EXP 	window1: blendMode = 'avg'
40.3039 	DATA 	Keypress: a
40.3049 	EXP 	New trial (rep=0, index=6): {'Stimulus_Practice': u'right_image_1_WHI.jpg', 'Direction': u'right', 'Number': 1, 'Background': u'_WHI', 'Format': u'image'}
40.3380 	EXP 	window1: blendMode = 'avg'
40.3383 	EXP 	window1: blendMode = 'avg'
40.3642 	EXP 	text_12: autoDraw = False
40.3642 	EXP 	image_4: autoDraw = False
40.3642 	EXP 	text_same_practice_3: autoDraw = False
40.3642 	EXP 	image_4: image = u'Extra_Stimuli//right_image_1_WHI.jpg'
40.3642 	EXP 	text_same_practice_3: text = ''
40.3642 	EXP 	text_12: autoDraw = True
40.3642 	EXP 	image_4: autoDraw = True
40.3642 	EXP 	text_same_practice_3: autoDraw = True
40.3648 	EXP 	window1: blendMode = 'avg'
40.3652 	EXP 	window1: blendMode = 'avg'
40.3929 	EXP 	window1: blendMode = 'avg'
40.3933 	EXP 	window1: blendMode = 'avg'
40.4245 	EXP 	window1: blendMode = 'avg'
40.4252 	EXP 	window1: blendMode = 'avg'
40.4548 	DATA 	Keypress: f
40.4560 	EXP 	New trial (rep=0, index=7): {'Stimulus_Practice': u'right_image_3_WHI.jpg', 'Direction': u'right', 'Number': 3, 'Background': u'_WHI', 'Format': u'image'}
40.4951 	EXP 	window1: blendMode = 'avg'
40.4957 	EXP 	window1: blendMode = 'avg'
40.5173 	EXP 	text_12: autoDraw = False
40.5173 	EXP 	image_4: autoDraw = False
40.5173 	EXP 	text_same_practice_3: autoDraw = False
40.5173 	EXP 	image_4: image = u'Extra_Stimuli//right_image_3_WHI.jpg'
40.5173 	EXP 	text_same_practice_3: text = 'SAME?'
40.5173 	EXP 	text_12: autoDraw = True
40.5173 	EXP 	image_4: autoDraw = True
40.5173 	EXP 	text_same_practice_3: autoDraw = True
40.5181 	EXP 	window1: blendMode = 'avg'
40.5187 	EXP 	window1: blendMode = 'avg'
40.5378 	EXP 	window1: blendMode = 'avg'
40.5384 	EXP 	window1: blendMode = 'avg'
40.5588 	DATA 	Keypress: a
40.5601 	EXP 	New trial (rep=0, index=8): {'Stimulus_Practice': u'ahead_image_3_WHI.jpg', 'Direction': u'ahead', 'Number': 3, 'Background': u'_WHI', 'Format': u'image'}
40.5974 	EXP 	window1: blendMode = 'avg'
40.5977 	EXP 	window1: blendMode = 'avg'
40.6182 	EXP 	text_12: autoDraw = False
40.6182 	EXP 	image_4: autoDraw = False
40.6182 	EXP 	text_same_practice_3: autoDraw = False
40.6182 	EXP 	image_4: image = u'Extra_Stimuli//ahead_image_3_WHI.jpg'
40.6182 	EXP 	text_same_practice_3: text = ''
40.6182 	EXP 	text_12: autoDraw = True
40.6182 	EXP 	image_4: autoDraw = True
40.6182 	EXP 	text_same_practice_3: autoDraw = True
40.6187 	EXP 	window1: blendMode = 'avg'
40.6189 	EXP 	window1: blendMode = 'avg'
40.6385 	EXP 	window1: blendMode = 'avg'
40.6388 	EXP 	window1: blendMode = 'avg'
40.6593 	EXP 	window1: blendMode = 'avg'
40.6596 	EXP 	window1: blendMode = 'avg'
40.6816 	EXP 	window1: blendMode = 'avg'
40.6819 	EXP 	window1: blendMode = 'avg'
40.7021 	DATA 	Keypress: f
40.7701 	EXP 	New trial (rep=1, index=0): None
40.7996 	EXP 	window1: blendMode = 'avg'
40.8287 	EXP 	text_12: autoDraw = False
40.8287 	EXP 	image_4: autoDraw = False
40.8287 	EXP 	text_same_practice_3: autoDraw = False
40.8287 	EXP 	text_6: text = 'Ok, before we practice one more time - do you have any questions about the task?'
40.8287 	EXP 	text_6: autoDraw = True
40.8298 	DATA 	Keypress: a
40.8307 	EXP 	window1: blendMode = 'avg'
40.8733 	EXP 	window1: blendMode = 'avg'
40.9045 	EXP 	window1: blendMode = 'avg'
40.9284 	EXP 	window1: blendMode = 'avg'
40.9580 	DATA 	Keypress: f
40.9589 	EXP 	window1: blendMode = 'avg'
40.9896 	EXP 	window1: blendMode = 'avg'
41.0203 	EXP 	window1: blendMode = 'avg'
41.0517 	DATA 	Keypress: a
41.0523 	EXP 	window1: blendMode = 'avg'
41.0830 	EXP 	window1: blendMode = 'avg'
41.1143 	EXP 	window1: blendMode = 'avg'
41.1458 	EXP 	window1: blendMode = 'avg'
41.1782 	EXP 	window1: blendMode = 'avg'
41.2038 	EXP 	window1: blendMode = 'avg'
41.2258 	EXP 	window1: blendMode = 'avg'
41.2451 	EXP 	window1: blendMode = 'avg'
41.2649 	EXP 	window1: blendMode = 'avg'
41.2849 	EXP 	window1: blendMode = 'avg'
41.3049 	EXP 	window1: blendMode = 'avg'
41.3497 	EXP 	window1: blendMode = 'avg'
41.3739 	DATA 	Keypress: d
41.3862 	DEBUG 	Read excel file with pandas: Extra_Stimuli//practice_order_WHI_schema.xlsx
41.3879 	EXP 	Imported Extra_Stimuli//practice_order_WHI_schema.xlsx as conditions, 9 conditions, 5 params
41.3886 	EXP 	Created sequence: random, trialTypes=9, nReps=1, seed=None
41.3895 	EXP 	New trial (rep=0, index=0): {'Stimulus_Practice': u'right_schema_3_WHI.jpg', 'Direction': u'right', 'Number': 3, 'Background': u'_WHI', 'Format': u'schema'}
41.4224 	EXP 	window1: blendMode = 'avg'
41.4241 	EXP 	window1: blendMode = 'avg'
41.4422 	EXP 	text_6: autoDraw = False
41.4422 	EXP 	image: image = u'Extra_Stimuli//right_schema_3_WHI.jpg'
41.4422 	EXP 	text_same_practice: text = ''
41.4422 	EXP 	text_9: autoDraw = True
41.4422 	EXP 	image: autoDraw = True
41.4422 	EXP 	text_same_practice: autoDraw = True
41.4428 	EXP 	window1: blendMode = 'avg'
41.4433 	EXP 	window1: blendMode = 'avg'
41.4740 	EXP 	window1: blendMode = 'avg'
41.4743 	EXP 	window1: blendMode = 'avg'
41.5048 	EXP 	window1: blendMode = 'avg'
41.5051 	EXP 	window1: blendMode = 'avg'
41.5249 	EXP 	window1: blendMode = 'avg'
41.5253 	EXP 	window1: blendMode = 'avg'
41.5453 	EXP 	window1: blendMode = 'avg'
41.5457 	EXP 	window1: blendMode = 'avg'
41.5801 	EXP 	window1: blendMode = 'avg'
41.5804 	EXP 	window1: blendMode = 'avg'
41.6112 	EXP 	window1: blendMode = 'avg'
41.6114 	EXP 	window1: blendMode = 'avg'
41.6314 	EXP 	window1: blendMode = 'avg'
41.6318 	EXP 	window1: blendMode = 'avg'
41.6600 	EXP 	window1: blendMode = 'avg'
41.6604 	EXP 	window1: blendMode = 'avg'
41.6980 	EXP 	window1: blendMode = 'avg'
41.6983 	EXP 	window1: blendMode = 'avg'
41.7185 	EXP 	window1: blendMode = 'avg'
41.7189 	EXP 	window1: blendMode = 'avg'
41.7385 	EXP 	window1: blendMode = 'avg'
41.7389 	EXP 	window1: blendMode = 'avg'
41.7590 	EXP 	window1: blendMode = 'avg'
41.7595 	EXP 	window1: blendMode = 'avg'
41.7789 	EXP 	window1: blendMode = 'avg'
41.7793 	EXP 	window1: blendMode = 'avg'
41.8111 	EXP 	window1: blendMode = 'avg'
41.8113 	EXP 	window1: blendMode = 'avg'
41.8423 	EXP 	window1: blendMode = 'avg'
41.8425 	EXP 	window1: blendMode = 'avg'
41.8690 	EXP 	window1: blendMode = 'avg'
41.8693 	EXP 	window1: blendMode = 'avg'
41.9001 	EXP 	window1: blendMode = 'avg'
41.9003 	EXP 	window1: blendMode = 'avg'
41.9204 	EXP 	window1: blendMode = 'avg'
41.9207 	EXP 	window1: blendMode = 'avg'
41.9443 	EXP 	window1: blendMode = 'avg'
41.9445 	EXP 	window1: blendMode = 'avg'
41.9754 	DATA 	Keypress: f
41.9763 	EXP 	New trial (rep=0, index=1): {'Stimulus_Practice': u'ahead_schema_1_WHI.jpg', 'Direction': u'ahead', 'Number': 1, 'Background': u'_WHI', 'Format': u'schema'}
42.0027 	EXP 	window1: blendMode = 'avg'
42.0036 	EXP 	window1: blendMode = 'avg'
42.0221 	EXP 	text_9: autoDraw = False
42.0221 	EXP 	image: autoDraw = False
42.0221 	EXP 	text_same_practice: autoDraw = False
42.0221 	EXP 	image: image = u'Extra_Stimuli//ahead_schema_1_WHI.jpg'
42.0221 	EXP 	text_same_practice: text = 'SAME?'
42.0221 	EXP 	text_9: autoDraw = True
42.0221 	EXP 	image: autoDraw = True
42.0221 	EXP 	text_same_practice: autoDraw = True
42.0225 	EXP 	window1: blendMode = 'avg'
42.0229 	EXP 	window1: blendMode = 'avg'
42.0536 	EXP 	window1: blendMode = 'avg'
42.0540 	EXP 	window1: blendMode = 'avg'
42.0852 	EXP 	window1: blendMode = 'avg'
42.0856 	EXP 	window1: blendMode = 'avg'
42.1401 	EXP 	window1: blendMode = 'avg'
42.1405 	EXP 	window1: blendMode = 'avg'
42.1639 	EXP 	window1: blendMode = 'avg'
42.1643 	EXP 	window1: blendMode = 'avg'
42.2020 	EXP 	window1: blendMode = 'avg'
42.2024 	EXP 	window1: blendMode = 'avg'
42.2228 	EXP 	window1: blendMode = 'avg'
42.2234 	EXP 	window1: blendMode = 'avg'
42.2428 	EXP 	window1: blendMode = 'avg'
42.2434 	EXP 	window1: blendMode = 'avg'
42.2631 	EXP 	window1: blendMode = 'avg'
42.2637 	EXP 	window1: blendMode = 'avg'
42.2829 	EXP 	window1: blendMode = 'avg'
42.2833 	EXP 	window1: blendMode = 'avg'
42.3047 	EXP 	window1: blendMode = 'avg'
42.3051 	EXP 	window1: blendMode = 'avg'
42.3349 	EXP 	window1: blendMode = 'avg'
42.3355 	EXP 	window1: blendMode = 'avg'
42.3649 	EXP 	window1: blendMode = 'avg'
42.3652 	EXP 	window1: blendMode = 'avg'
42.3933 	EXP 	window1: blendMode = 'avg'
42.3939 	EXP 	window1: blendMode = 'avg'
42.4242 	EXP 	window1: blendMode = 'avg'
42.4247 	EXP 	window1: blendMode = 'avg'
42.4442 	EXP 	window1: blendMode = 'avg'
42.4447 	EXP 	window1: blendMode = 'avg'
42.5622 	EXP 	window1: blendMode = 'avg'
42.5630 	EXP 	window1: blendMode = 'avg'
42.5793 	EXP 	window1: blendMode = 'avg'
42.5797 	EXP 	window1: blendMode = 'avg'
42.6106 	EXP 	window1: blendMode = 'avg'
42.6111 	EXP 	window1: blendMode = 'avg'
42.6310 	EXP 	window1: blendMode = 'avg'
42.6314 	EXP 	window1: blendMode = 'avg'
42.6597 	EXP 	window1: blendMode = 'avg'
42.6601 	EXP 	window1: blendMode = 'avg'
42.6985 	EXP 	window1: blendMode = 'avg'
42.6991 	EXP 	window1: blendMode = 'avg'
42.7207 	EXP 	window1: blendMode = 'avg'
42.7211 	EXP 	window1: blendMode = 'avg'
42.7412 	EXP 	window1: blendMode = 'avg'
42.7419 	EXP 	window1: blendMode = 'avg'
42.7616 	EXP 	window1: blendMode = 'avg'
42.7622 	EXP 	window1: blendMode = 'avg'
42.7922 	EXP 	window1: blendMode = 'avg'
42.7926 	EXP 	window1: blendMode = 'avg'
42.8256 	EXP 	window1: blendMode = 'avg'
42.8260 	EXP 	window1: blendMode = 'avg'
42.8689 	EXP 	window1: blendMode = 'avg'
42.8696 	EXP 	window1: blendMode = 'avg'
42.9037 	EXP 	window1: blendMode = 'avg'
42.9043 	EXP 	window1: blendMode = 'avg'
42.9236 	EXP 	window1: blendMode = 'avg'
42.9243 	EXP 	window1: blendMode = 'avg'
42.9450 	EXP 	window1: blendMode = 'avg'
42.9454 	EXP 	window1: blendMode = 'avg'
43.0556 	EXP 	window1: blendMode = 'avg'
43.0565 	EXP 	window1: blendMode = 'avg'
43.0839 	EXP 	window1: blendMode = 'avg'
43.0844 	EXP 	window1: blendMode = 'avg'
43.1140 	EXP 	window1: blendMode = 'avg'
43.1147 	EXP 	window1: blendMode = 'avg'
43.1465 	EXP 	window1: blendMode = 'avg'
43.1471 	EXP 	window1: blendMode = 'avg'
43.1782 	EXP 	window1: blendMode = 'avg'
43.1794 	EXP 	window1: blendMode = 'avg'
43.1981 	EXP 	window1: blendMode = 'avg'
43.1992 	EXP 	window1: blendMode = 'avg'
43.2188 	EXP 	window1: blendMode = 'avg'
43.2197 	EXP 	window1: blendMode = 'avg'
43.2380 	EXP 	window1: blendMode = 'avg'
43.2389 	EXP 	window1: blendMode = 'avg'
43.2584 	EXP 	window1: blendMode = 'avg'
43.2594 	EXP 	window1: blendMode = 'avg'
43.2780 	EXP 	window1: blendMode = 'avg'
43.2786 	EXP 	window1: blendMode = 'avg'
43.3107 	EXP 	window1: blendMode = 'avg'
43.3111 	EXP 	window1: blendMode = 'avg'
43.3404 	EXP 	window1: blendMode = 'avg'
43.3408 	EXP 	window1: blendMode = 'avg'
43.3691 	EXP 	window1: blendMode = 'avg'
43.3696 	EXP 	window1: blendMode = 'avg'
43.4000 	EXP 	window1: blendMode = 'avg'
43.4004 	EXP 	window1: blendMode = 'avg'
43.4203 	EXP 	window1: blendMode = 'avg'
43.4212 	EXP 	window1: blendMode = 'avg'
43.5357 	EXP 	window1: blendMode = 'avg'
43.5363 	EXP 	window1: blendMode = 'avg'
43.6594 	EXP 	window1: blendMode = 'avg'
43.6600 	EXP 	window1: blendMode = 'avg'
43.7022 	EXP 	window1: blendMode = 'avg'
43.7027 	EXP 	window1: blendMode = 'avg'
43.7254 	EXP 	window1: blendMode = 'avg'
43.7260 	EXP 	window1: blendMode = 'avg'
43.7455 	EXP 	window1: blendMode = 'avg'
43.7459 	EXP 	window1: blendMode = 'avg'
43.7656 	EXP 	window1: blendMode = 'avg'
43.7660 	EXP 	window1: blendMode = 'avg'
43.7875 	EXP 	window1: blendMode = 'avg'
43.7879 	EXP 	window1: blendMode = 'avg'
43.8076 	EXP 	window1: blendMode = 'avg'
43.8080 	EXP 	window1: blendMode = 'avg'
43.8514 	EXP 	window1: blendMode = 'avg'
43.8518 	EXP 	window1: blendMode = 'avg'
43.8934 	EXP 	window1: blendMode = 'avg'
43.8941 	EXP 	window1: blendMode = 'avg'
43.9244 	EXP 	window1: blendMode = 'avg'
43.9250 	EXP 	window1: blendMode = 'avg'
43.9469 	EXP 	window1: blendMode = 'avg'
43.9474 	EXP 	window1: blendMode = 'avg'
44.0638 	EXP 	window1: blendMode = 'avg'
44.0645 	EXP 	window1: blendMode = 'avg'
44.0872 	EXP 	window1: blendMode = 'avg'
44.0876 	EXP 	window1: blendMode = 'avg'
44.1161 	EXP 	window1: blendMode = 'avg'
44.1165 	EXP 	window1: blendMode = 'avg'
44.1473 	EXP 	window1: blendMode = 'avg'
44.1477 	EXP 	window1: blendMode = 'avg'
44.1740 	EXP 	window1: blendMode = 'avg'
44.1746 	EXP 	window1: blendMode = 'avg'
44.1980 	EXP 	window1: blendMode = 'avg'
44.1986 	EXP 	window1: blendMode = 'avg'
44.2180 	EXP 	window1: blendMode = 'avg'
44.2185 	EXP 	window1: blendMode = 'avg'
44.2385 	EXP 	window1: blendMode = 'avg'
44.2391 	EXP 	window1: blendMode = 'avg'
44.2582 	EXP 	window1: blendMode = 'avg'
44.2587 	EXP 	window1: blendMode = 'avg'
44.2800 	EXP 	window1: blendMode = 'avg'
44.2804 	EXP 	window1: blendMode = 'avg'
44.3112 	EXP 	window1: blendMode = 'avg'
44.3116 	EXP 	window1: blendMode = 'avg'
44.3407 	EXP 	window1: blendMode = 'avg'
44.3411 	EXP 	window1: blendMode = 'avg'
44.3674 	EXP 	window1: blendMode = 'avg'
44.3680 	EXP 	window1: blendMode = 'avg'
44.3982 	EXP 	window1: blendMode = 'avg'
44.3986 	EXP 	window1: blendMode = 'avg'
44.4296 	EXP 	window1: blendMode = 'avg'
44.4302 	EXP 	window1: blendMode = 'avg'
44.4608 	EXP 	window1: blendMode = 'avg'
44.4614 	EXP 	window1: blendMode = 'avg'
44.4921 	EXP 	window1: blendMode = 'avg'
44.4925 	EXP 	window1: blendMode = 'avg'
44.5237 	DATA 	Keypress: escape
