8.4382 	INFO 	Loaded monitor calibration from ['2013_02_18 13:37']
12.8157 	WARNING 	Couldn't measure a consistent frame rate.
  - Is your graphics card set to sync to vertical blank?
  - Are you running other processes on your computer?

12.8164 	EXP 	Created window1 = Window(allowGUI=False, allowStencil=False, autoLog=True, bitsMode=UNKNOWN, blendMode='avg', color=array([ 0.4,  0.4,  0.4]), colorSpace='rgb', fullscr=UNKNOWN, gamma=None, lms=UNKNOWN, monitor=<psychopy.monitors.calibTools.Monitor object at 0x08447D50>, multiSample=False, name='window1', numSamples=2, pos=[0, 0], screen=0, size=array([1600,  900]), stereo=False, units=u'norm', useFBO=True, useRetina=False, viewOri=0.0, viewPos=None, viewScale=None, waitBlanking=True, winType='pyglet')
12.8165 	EXP 	window1: recordFrameIntervals = False
13.0741 	EXP 	window1: recordFrameIntervals = True
13.1142 	WARNING 	t of last frame was 20.10ms (=1/49)
13.1576 	WARNING 	t of last frame was 23.37ms (=1/42)
13.1832 	WARNING 	t of last frame was 25.67ms (=1/38)
13.2142 	WARNING 	t of last frame was 30.99ms (=1/32)
13.2453 	WARNING 	Multiple dropped frames have occurred - I'll stop bothering you about them!
16.1831 	WARNING 	Couldn't measure a consistent frame rate.
  - Is your graphics card set to sync to vertical blank?
  - Are you running other processes on your computer?

16.4050 	EXP 	Created text_4 = TextStim(alignHoriz='center', alignVert='center', antialias=True, autoLog=True, bold=False, color='black', colorSpace='named', contrast=1.0, depth=0.0, flipHoriz=False, flipVert=False, font='Arial', fontFiles=[], height=0.1, italic=False, name='text_4', opacity=1.0, ori=0, pos=array([ 0.,  0.]), rgb=array([ 0.,  0.,  0.]), text=unicode(...), units=u'norm', win=Window(...), wrapWidth=1.5)
16.4058 	EXP 	Created text_6 = TextStim(alignHoriz='center', alignVert='center', antialias=True, autoLog=True, bold=False, color='black', colorSpace='named', contrast=1.0, depth=0.0, flipHoriz=False, flipVert=False, font='Arial', fontFiles=[], height=0.1, italic=False, name='text_6', opacity=1.0, ori=0, pos=array([ 0.,  0.]), rgb=array([ 0.,  0.,  0.]), text='', units=u'norm', win=Window(...), wrapWidth=1.5)
16.4065 	EXP 	Created text_9 = TextStim(alignHoriz='center', alignVert='center', antialias=True, autoLog=True, bold=False, color='black', colorSpace='named', contrast=1.0, depth=-1.0, flipHoriz=False, flipVert=False, font='Arial', fontFiles=[], height=0.1, italic=False, name='text_9', opacity=1.0, ori=0, pos=array([ 0. , -0.6]), rgb=array([ 0.,  0.,  0.]), text='', units=u'norm', win=Window(...), wrapWidth=1)
16.4575 	EXP 	Created image = ImageStim(autoLog=True, color=array([ 1.,  1.,  1.]), colorSpace='rgb', contrast=1.0, depth=-2.0, flipHoriz=False, flipVert=False, image='sin', interpolate=True, mask=None, maskParams=None, name='image', opacity=1.0, ori=0.0, pos=array([ 0.,  0.]), size=array([ 0.67,  0.67]), texRes=128, units='height', win=Window(...))
16.4590 	EXP 	Created text_same_practice = TextStim(alignHoriz='center', alignVert='center', antialias=True, autoLog=True, bold=False, color='black', colorSpace='named', contrast=1.0, depth=-3.0, flipHoriz=False, flipVert=False, font='Arial', fontFiles=[], height=0.1, italic=False, name='text_same_practice', opacity=1.0, ori=0, pos=array([ 0. , -0.8]), rgb=array([ 0.,  0.,  0.]), text='', units=u'norm', win=Window(...), wrapWidth=1)
16.4668 	EXP 	Created text_2 = TextStim(alignHoriz='center', alignVert='center', antialias=True, autoLog=True, bold=False, color='black', colorSpace='named', contrast=1.0, depth=0.0, flipHoriz=False, flipVert=False, font='Arial', fontFiles=[], height=0.1, italic=False, name='text_2', opacity=1.0, ori=0, pos=array([ 0.,  0.]), rgb=array([ 0.,  0.,  0.]), text=u'+', units=u'norm', win=Window(...), wrapWidth=1)
16.4677 	EXP 	Created text_11 = TextStim(alignHoriz='center', alignVert='center', antialias=True, autoLog=True, bold=False, color='black', colorSpace='named', contrast=1.0, depth=-1.0, flipHoriz=False, flipVert=False, font='Arial', fontFiles=[], height=0.1, italic=False, name='text_11', opacity=1.0, ori=0, pos=array([ 0. , -0.6]), rgb=array([ 0.,  0.,  0.]), text='', units=u'norm', win=Window(...), wrapWidth=1)
16.4701 	EXP 	Created image_3 = ImageStim(autoLog=True, color=array([ 1.,  1.,  1.]), colorSpace='rgb', contrast=1.0, depth=-2.0, flipHoriz=False, flipVert=False, image='sin', interpolate=True, mask=None, maskParams=None, name='image_3', opacity=1.0, ori=0.0, pos=array([ 0.,  0.]), size=array([ 0.67,  0.67]), texRes=128, units='height', win=Window(...))
16.4709 	EXP 	Created text_same_practice_2 = TextStim(alignHoriz='center', alignVert='center', antialias=True, autoLog=True, bold=False, color='black', colorSpace='named', contrast=1.0, depth=-3.0, flipHoriz=False, flipVert=False, font='Arial', fontFiles=[], height=0.1, italic=False, name='text_same_practice_2', opacity=1.0, ori=0, pos=array([ 0. , -0.8]), rgb=array([ 0.,  0.,  0.]), text='', units=u'norm', win=Window(...), wrapWidth=1)
16.4750 	EXP 	Created text_2 = TextStim(alignHoriz='center', alignVert='center', antialias=True, autoLog=True, bold=False, color='black', colorSpace='named', contrast=1.0, depth=0.0, flipHoriz=False, flipVert=False, font='Arial', fontFiles=[], height=0.1, italic=False, name='text_2', opacity=1.0, ori=0, pos=array([ 0.,  0.]), rgb=array([ 0.,  0.,  0.]), text=u'+', units=u'norm', win=Window(...), wrapWidth=1)
16.4761 	EXP 	Created text_12 = TextStim(alignHoriz='center', alignVert='center', antialias=True, autoLog=True, bold=False, color='black', colorSpace='named', contrast=1.0, depth=-1.0, flipHoriz=False, flipVert=False, font='Arial', fontFiles=[], height=0.1, italic=False, name='text_12', opacity=1.0, ori=0, pos=array([ 0. , -0.6]), rgb=array([ 0.,  0.,  0.]), text='', units=u'norm', win=Window(...), wrapWidth=1)
16.4797 	EXP 	Created image_4 = ImageStim(autoLog=True, color=array([ 1.,  1.,  1.]), colorSpace='rgb', contrast=1.0, depth=-2.0, flipHoriz=False, flipVert=False, image='sin', interpolate=True, mask=None, maskParams=None, name='image_4', opacity=1.0, ori=0.0, pos=array([ 0.,  0.]), size=array([ 0.67,  0.67]), texRes=128, units='height', win=Window(...))
16.4810 	EXP 	Created text_same_practice_3 = TextStim(alignHoriz='center', alignVert='center', antialias=True, autoLog=True, bold=False, color='black', colorSpace='named', contrast=1.0, depth=-3.0, flipHoriz=False, flipVert=False, font='Arial', fontFiles=[], height=0.1, italic=False, name='text_same_practice_3', opacity=1.0, ori=0, pos=array([ 0. , -0.8]), rgb=array([ 0.,  0.,  0.]), text='', units=u'norm', win=Window(...), wrapWidth=1)
16.5070 	EXP 	Created text_10 = TextStim(alignHoriz='center', alignVert='center', antialias=True, autoLog=True, bold=False, color='black', colorSpace='named', contrast=1.0, depth=0.0, flipHoriz=False, flipVert=False, font='Arial', fontFiles=[], height=0.1, italic=False, name='text_10', opacity=1.0, ori=0, pos=array([ 0.,  0.]), rgb=array([ 0.,  0.,  0.]), text=unicode(...), units=u'norm', win=Window(...), wrapWidth=1)
16.5093 	EXP 	Created image_2 = ImageStim(autoLog=True, color=array([ 1.,  1.,  1.]), colorSpace='rgb', contrast=1.0, depth=-1.0, flipHoriz=False, flipVert=False, image='sin', interpolate=True, mask=None, maskParams=None, name='image_2', opacity=1.0, ori=0.0, pos=array([ 0.,  0.]), size=array([ 0.67,  0.67]), texRes=128, units='height', win=Window(...))
16.5161 	EXP 	Created unnamed TextStim = TextStim(alignHoriz='center', alignVert='center', antialias=True, autoLog=True, bold=False, color='black', colorSpace='named', contrast=1.0, depth=0, flipHoriz=False, flipVert=False, font='', fontFiles=[], height=0.1, italic=False, name='unnamed TextStim', opacity=1.0, ori=0.0, pos=array([ 0.,  0.]), rgb=array([ 0.,  0.,  0.]), text=u'+', units=u'norm', win=Window(...), wrapWidth=1)
16.5172 	EXP 	Created text_same = TextStim(alignHoriz='center', alignVert='center', antialias=True, autoLog=True, bold=False, color=u'black', colorSpace='named', contrast=1.0, depth=-3.0, flipHoriz=False, flipVert=False, font=u'Arial', fontFiles=[], height=0.1, italic=False, name='text_same', opacity=1.0, ori=0, pos=array([ 0. , -0.8]), rgb=array([ 0.,  0.,  0.]), text='', units=u'norm', win=Window(...), wrapWidth=1)
16.5316 	EXP 	Created text = TextStim(alignHoriz='center', alignVert='center', antialias=True, autoLog=True, bold=False, color='black', colorSpace='named', contrast=1.0, depth=0.0, flipHoriz=False, flipVert=False, font='Arial', fontFiles=[], height=0.1, italic=False, name='text', opacity=1.0, ori=0, pos=array([ 0.,  0.]), rgb=array([ 0.,  0.,  0.]), text=unicode(...), units=u'norm', win=Window(...), wrapWidth=1)
16.5342 	EXP 	window1: blendMode = 'avg'
16.5541 	EXP 	text_4: autoDraw = True
16.5553 	EXP 	window1: blendMode = 'avg'
16.5743 	EXP 	window1: blendMode = 'avg'
16.5940 	EXP 	window1: blendMode = 'avg'
16.6143 	EXP 	window1: blendMode = 'avg'
16.6342 	EXP 	window1: blendMode = 'avg'
16.6637 	EXP 	window1: blendMode = 'avg'
16.6871 	EXP 	window1: blendMode = 'avg'
16.7072 	EXP 	window1: blendMode = 'avg'
16.8222 	EXP 	window1: blendMode = 'avg'
16.8545 	EXP 	window1: blendMode = 'avg'
16.8857 	EXP 	window1: blendMode = 'avg'
16.9171 	EXP 	window1: blendMode = 'avg'
16.9482 	EXP 	window1: blendMode = 'avg'
16.9687 	EXP 	window1: blendMode = 'avg'
16.9929 	EXP 	window1: blendMode = 'avg'
17.0137 	EXP 	window1: blendMode = 'avg'
17.0331 	EXP 	window1: blendMode = 'avg'
17.0550 	EXP 	window1: blendMode = 'avg'
17.0753 	EXP 	window1: blendMode = 'avg'
17.0936 	EXP 	window1: blendMode = 'avg'
17.1399 	DATA 	Keypress: d
17.1405 	EXP 	Created sequence: random, trialTypes=1, nReps=2, seed=None
17.1408 	EXP 	New trial (rep=0, index=0): None
17.2301 	EXP 	window1: blendMode = 'avg'
17.2436 	EXP 	text_4: autoDraw = False
17.2436 	EXP 	text_6: text = "Let's try a few for practice. You'll see spatial directions one at a time on the screen. They will be either LEFT or RIGHT or AHEAD. Tell the experimenter if the spatial direction on the screen is the SAME or DIFFERENT from the spatial direction that you just saw. For the first stimulus, just say 'GO.' Then when it says 'Same?' underneath, tell the experimenter whether you see the same direction or a different direction"
17.2436 	EXP 	text_6: autoDraw = True
17.2443 	EXP 	window1: blendMode = 'avg'
17.4472 	EXP 	window1: blendMode = 'avg'
17.4696 	EXP 	window1: blendMode = 'avg'
17.5132 	EXP 	window1: blendMode = 'avg'
17.5497 	EXP 	window1: blendMode = 'avg'
17.5699 	EXP 	window1: blendMode = 'avg'
17.5884 	EXP 	window1: blendMode = 'avg'
17.6092 	EXP 	window1: blendMode = 'avg'
17.6292 	EXP 	window1: blendMode = 'avg'
17.6612 	EXP 	window1: blendMode = 'avg'
17.6915 	EXP 	window1: blendMode = 'avg'
17.7113 	EXP 	window1: blendMode = 'avg'
17.8184 	EXP 	window1: blendMode = 'avg'
17.8194 	DATA 	Keypress: s
17.9409 	DEBUG 	Read excel file with pandas: Extra_Stimuli//practice_order_WHI_word.xlsx
17.9420 	EXP 	Imported Extra_Stimuli//practice_order_WHI_word.xlsx as conditions, 9 conditions, 5 params
17.9424 	EXP 	Created sequence: random, trialTypes=9, nReps=1, seed=None
17.9429 	EXP 	New trial (rep=0, index=0): {'Stimulus_Practice': u'left_word_2_WHI.jpg', 'Direction': u'left', 'Number': 2, 'Background': u'_WHI', 'Format': u'word'}
17.9696 	EXP 	window1: blendMode = 'avg'
17.9733 	EXP 	window1: blendMode = 'avg'
18.0115 	EXP 	text_6: autoDraw = False
18.0115 	EXP 	image: image = u'Extra_Stimuli//left_word_2_WHI.jpg'
18.0115 	EXP 	text_same_practice: text = ''
18.0115 	EXP 	text_9: autoDraw = True
18.0115 	EXP 	image: autoDraw = True
18.0115 	EXP 	text_same_practice: autoDraw = True
18.0122 	EXP 	window1: blendMode = 'avg'
18.0125 	EXP 	window1: blendMode = 'avg'
18.0339 	EXP 	window1: blendMode = 'avg'
18.0343 	EXP 	window1: blendMode = 'avg'
18.0523 	EXP 	window1: blendMode = 'avg'
18.0526 	EXP 	window1: blendMode = 'avg'
18.0738 	EXP 	window1: blendMode = 'avg'
18.0741 	EXP 	window1: blendMode = 'avg'
18.0944 	EXP 	window1: blendMode = 'avg'
18.0947 	EXP 	window1: blendMode = 'avg'
18.1254 	EXP 	window1: blendMode = 'avg'
18.1257 	EXP 	window1: blendMode = 'avg'
18.1546 	EXP 	window1: blendMode = 'avg'
18.1549 	EXP 	window1: blendMode = 'avg'
18.1831 	EXP 	window1: blendMode = 'avg'
18.1834 	EXP 	window1: blendMode = 'avg'
18.2139 	EXP 	window1: blendMode = 'avg'
18.2142 	EXP 	window1: blendMode = 'avg'
18.2451 	EXP 	window1: blendMode = 'avg'
18.2455 	EXP 	window1: blendMode = 'avg'
18.2764 	EXP 	window1: blendMode = 'avg'
18.2767 	EXP 	window1: blendMode = 'avg'
18.3076 	EXP 	window1: blendMode = 'avg'
18.3079 	EXP 	window1: blendMode = 'avg'
18.3389 	EXP 	window1: blendMode = 'avg'
18.3391 	EXP 	window1: blendMode = 'avg'
18.4585 	EXP 	window1: blendMode = 'avg'
18.4589 	EXP 	window1: blendMode = 'avg'
18.4797 	EXP 	window1: blendMode = 'avg'
18.4801 	EXP 	window1: blendMode = 'avg'
18.4996 	EXP 	window1: blendMode = 'avg'
18.4999 	EXP 	window1: blendMode = 'avg'
18.5197 	EXP 	window1: blendMode = 'avg'
18.5201 	EXP 	window1: blendMode = 'avg'
18.5401 	EXP 	window1: blendMode = 'avg'
18.5406 	EXP 	window1: blendMode = 'avg'
18.5603 	EXP 	window1: blendMode = 'avg'
18.5606 	EXP 	window1: blendMode = 'avg'
18.5915 	EXP 	window1: blendMode = 'avg'
18.5918 	EXP 	window1: blendMode = 'avg'
18.6126 	EXP 	window1: blendMode = 'avg'
18.6129 	EXP 	window1: blendMode = 'avg'
18.6316 	EXP 	window1: blendMode = 'avg'
18.6319 	EXP 	window1: blendMode = 'avg'
18.6530 	EXP 	window1: blendMode = 'avg'
18.6535 	EXP 	window1: blendMode = 'avg'
18.6841 	EXP 	window1: blendMode = 'avg'
18.6845 	EXP 	window1: blendMode = 'avg'
18.7044 	EXP 	window1: blendMode = 'avg'
18.7050 	EXP 	window1: blendMode = 'avg'
18.7059 	DATA 	Keypress: f
18.7301 	EXP 	New trial (rep=0, index=1): {'Stimulus_Practice': u'left_word_1_WHI.jpg', 'Direction': u'left', 'Number': 1, 'Background': u'_WHI', 'Format': u'word'}
18.7566 	EXP 	window1: blendMode = 'avg'
18.7574 	EXP 	window1: blendMode = 'avg'
18.7762 	EXP 	text_9: autoDraw = False
18.7762 	EXP 	image: autoDraw = False
18.7762 	EXP 	text_same_practice: autoDraw = False
18.7762 	EXP 	image: image = u'Extra_Stimuli//left_word_1_WHI.jpg'
18.7762 	EXP 	text_same_practice: text = 'SAME?'
18.7762 	EXP 	text_9: autoDraw = True
18.7762 	EXP 	image: autoDraw = True
18.7762 	EXP 	text_same_practice: autoDraw = True
18.7769 	EXP 	window1: blendMode = 'avg'
18.7773 	EXP 	window1: blendMode = 'avg'
18.8078 	EXP 	window1: blendMode = 'avg'
18.8083 	EXP 	window1: blendMode = 'avg'
18.8388 	EXP 	window1: blendMode = 'avg'
18.8392 	EXP 	window1: blendMode = 'avg'
18.8700 	EXP 	window1: blendMode = 'avg'
18.8704 	EXP 	window1: blendMode = 'avg'
18.9014 	EXP 	window1: blendMode = 'avg'
18.9018 	EXP 	window1: blendMode = 'avg'
18.9326 	EXP 	window1: blendMode = 'avg'
18.9330 	EXP 	window1: blendMode = 'avg'
18.9601 	EXP 	window1: blendMode = 'avg'
18.9608 	EXP 	window1: blendMode = 'avg'
18.9794 	EXP 	window1: blendMode = 'avg'
18.9799 	EXP 	window1: blendMode = 'avg'
18.9996 	EXP 	window1: blendMode = 'avg'
19.0002 	EXP 	window1: blendMode = 'avg'
19.0196 	EXP 	window1: blendMode = 'avg'
19.0202 	EXP 	window1: blendMode = 'avg'
19.0400 	EXP 	window1: blendMode = 'avg'
19.0405 	EXP 	window1: blendMode = 'avg'
19.0612 	EXP 	window1: blendMode = 'avg'
19.0616 	EXP 	window1: blendMode = 'avg'
19.0805 	EXP 	window1: blendMode = 'avg'
19.0812 	EXP 	window1: blendMode = 'avg'
19.1109 	EXP 	window1: blendMode = 'avg'
19.1113 	EXP 	window1: blendMode = 'avg'
19.1447 	EXP 	window1: blendMode = 'avg'
19.1453 	EXP 	window1: blendMode = 'avg'
19.1715 	EXP 	window1: blendMode = 'avg'
19.1722 	EXP 	window1: blendMode = 'avg'
19.2025 	EXP 	window1: blendMode = 'avg'
19.2030 	EXP 	window1: blendMode = 'avg'
19.2336 	EXP 	window1: blendMode = 'avg'
19.2343 	EXP 	window1: blendMode = 'avg'
19.2647 	EXP 	window1: blendMode = 'avg'
19.2653 	EXP 	window1: blendMode = 'avg'
19.2959 	EXP 	window1: blendMode = 'avg'
19.2964 	EXP 	window1: blendMode = 'avg'
19.3273 	EXP 	window1: blendMode = 'avg'
19.3278 	EXP 	window1: blendMode = 'avg'
19.3584 	EXP 	window1: blendMode = 'avg'
19.3589 	EXP 	window1: blendMode = 'avg'
19.3897 	EXP 	window1: blendMode = 'avg'
19.3901 	EXP 	window1: blendMode = 'avg'
19.4210 	EXP 	window1: blendMode = 'avg'
19.4214 	EXP 	window1: blendMode = 'avg'
19.4553 	EXP 	window1: blendMode = 'avg'
19.4559 	EXP 	window1: blendMode = 'avg'
19.4800 	EXP 	window1: blendMode = 'avg'
19.4805 	EXP 	window1: blendMode = 'avg'
19.4999 	EXP 	window1: blendMode = 'avg'
19.5003 	EXP 	window1: blendMode = 'avg'
19.5200 	EXP 	window1: blendMode = 'avg'
19.5205 	EXP 	window1: blendMode = 'avg'
19.5406 	EXP 	window1: blendMode = 'avg'
19.5413 	EXP 	window1: blendMode = 'avg'
19.5601 	EXP 	window1: blendMode = 'avg'
19.5606 	EXP 	window1: blendMode = 'avg'
19.5807 	EXP 	window1: blendMode = 'avg'
19.5811 	EXP 	window1: blendMode = 'avg'
19.6020 	EXP 	window1: blendMode = 'avg'
19.6025 	EXP 	window1: blendMode = 'avg'
19.6210 	EXP 	window1: blendMode = 'avg'
19.6215 	EXP 	window1: blendMode = 'avg'
19.6532 	EXP 	window1: blendMode = 'avg'
19.6538 	EXP 	window1: blendMode = 'avg'
19.6839 	EXP 	window1: blendMode = 'avg'
19.6844 	EXP 	window1: blendMode = 'avg'
19.7039 	DATA 	Keypress: a
19.7051 	EXP 	New trial (rep=0, index=2): {'Stimulus_Practice': u'left_word_3_WHI.jpg', 'Direction': u'left', 'Number': 3, 'Background': u'_WHI', 'Format': u'word'}
19.7307 	EXP 	window1: blendMode = 'avg'
19.7309 	EXP 	window1: blendMode = 'avg'
19.7532 	EXP 	text_9: autoDraw = False
19.7532 	EXP 	image: autoDraw = False
19.7532 	EXP 	text_same_practice: autoDraw = False
19.7532 	EXP 	image: image = u'Extra_Stimuli//left_word_3_WHI.jpg'
19.7532 	EXP 	text_same_practice: text = ''
19.7532 	EXP 	text_9: autoDraw = True
19.7532 	EXP 	image: autoDraw = True
19.7532 	EXP 	text_same_practice: autoDraw = True
19.7538 	EXP 	window1: blendMode = 'avg'
19.7541 	EXP 	window1: blendMode = 'avg'
19.7846 	EXP 	window1: blendMode = 'avg'
19.7849 	EXP 	window1: blendMode = 'avg'
19.8162 	EXP 	window1: blendMode = 'avg'
19.8165 	EXP 	window1: blendMode = 'avg'
19.9263 	EXP 	window1: blendMode = 'avg'
19.9267 	EXP 	window1: blendMode = 'avg'
19.9581 	EXP 	window1: blendMode = 'avg'
19.9584 	EXP 	window1: blendMode = 'avg'
19.9938 	EXP 	window1: blendMode = 'avg'
19.9942 	EXP 	window1: blendMode = 'avg'
20.0154 	EXP 	window1: blendMode = 'avg'
20.0159 	EXP 	window1: blendMode = 'avg'
20.0352 	EXP 	window1: blendMode = 'avg'
20.0356 	EXP 	window1: blendMode = 'avg'
20.0569 	EXP 	window1: blendMode = 'avg'
20.0572 	EXP 	window1: blendMode = 'avg'
20.0769 	EXP 	window1: blendMode = 'avg'
20.0772 	EXP 	window1: blendMode = 'avg'
20.0973 	EXP 	window1: blendMode = 'avg'
20.0975 	EXP 	window1: blendMode = 'avg'
20.1399 	EXP 	window1: blendMode = 'avg'
20.1402 	EXP 	window1: blendMode = 'avg'
20.1837 	EXP 	window1: blendMode = 'avg'
20.1842 	EXP 	window1: blendMode = 'avg'
20.2286 	DATA 	Keypress: f
20.2296 	EXP 	New trial (rep=0, index=3): {'Stimulus_Practice': u'right_word_1_WHI.jpg', 'Direction': u'right', 'Number': 1, 'Background': u'_WHI', 'Format': u'word'}
20.2575 	EXP 	window1: blendMode = 'avg'
20.2585 	EXP 	window1: blendMode = 'avg'
20.2752 	EXP 	text_9: autoDraw = False
20.2752 	EXP 	image: autoDraw = False
20.2752 	EXP 	text_same_practice: autoDraw = False
20.2752 	EXP 	image: image = u'Extra_Stimuli//right_word_1_WHI.jpg'
20.2752 	EXP 	text_same_practice: text = 'SAME?'
20.2752 	EXP 	text_9: autoDraw = True
20.2752 	EXP 	image: autoDraw = True
20.2752 	EXP 	text_same_practice: autoDraw = True
20.2758 	EXP 	window1: blendMode = 'avg'
20.2764 	EXP 	window1: blendMode = 'avg'
20.3065 	EXP 	window1: blendMode = 'avg'
20.3070 	EXP 	window1: blendMode = 'avg'
20.3382 	EXP 	window1: blendMode = 'avg'
20.3387 	EXP 	window1: blendMode = 'avg'
20.3727 	EXP 	window1: blendMode = 'avg'
20.3731 	EXP 	window1: blendMode = 'avg'
20.4037 	EXP 	window1: blendMode = 'avg'
20.4041 	EXP 	window1: blendMode = 'avg'
20.4353 	EXP 	window1: blendMode = 'avg'
20.4358 	EXP 	window1: blendMode = 'avg'
20.4572 	EXP 	window1: blendMode = 'avg'
20.4577 	EXP 	window1: blendMode = 'avg'
20.4777 	EXP 	window1: blendMode = 'avg'
20.4784 	EXP 	window1: blendMode = 'avg'
20.4980 	EXP 	window1: blendMode = 'avg'
20.4987 	EXP 	window1: blendMode = 'avg'
20.5179 	EXP 	window1: blendMode = 'avg'
20.5184 	EXP 	window1: blendMode = 'avg'
20.5409 	EXP 	window1: blendMode = 'avg'
20.5414 	EXP 	window1: blendMode = 'avg'
20.5726 	EXP 	window1: blendMode = 'avg'
20.5734 	EXP 	window1: blendMode = 'avg'
20.5926 	EXP 	window1: blendMode = 'avg'
20.5936 	EXP 	window1: blendMode = 'avg'
20.6125 	EXP 	window1: blendMode = 'avg'
20.6132 	EXP 	window1: blendMode = 'avg'
20.6330 	EXP 	window1: blendMode = 'avg'
20.6342 	EXP 	window1: blendMode = 'avg'
20.6662 	EXP 	window1: blendMode = 'avg'
20.6668 	EXP 	window1: blendMode = 'avg'
20.6862 	EXP 	window1: blendMode = 'avg'
20.6869 	EXP 	window1: blendMode = 'avg'
20.7063 	EXP 	window1: blendMode = 'avg'
20.7068 	EXP 	window1: blendMode = 'avg'
20.7296 	EXP 	window1: blendMode = 'avg'
20.7303 	EXP 	window1: blendMode = 'avg'
20.9161 	DATA 	Keypress: a
20.9179 	EXP 	New trial (rep=0, index=4): {'Stimulus_Practice': u'right_word_2_WHI.jpg', 'Direction': u'right', 'Number': 2, 'Background': u'_WHI', 'Format': u'word'}
20.9499 	EXP 	window1: blendMode = 'avg'
20.9527 	EXP 	window1: blendMode = 'avg'
20.9822 	EXP 	text_9: autoDraw = False
20.9822 	EXP 	image: autoDraw = False
20.9822 	EXP 	text_same_practice: autoDraw = False
20.9822 	EXP 	image: image = u'Extra_Stimuli//right_word_2_WHI.jpg'
20.9822 	EXP 	text_same_practice: text = ''
20.9822 	EXP 	text_9: autoDraw = True
20.9822 	EXP 	image: autoDraw = True
20.9822 	EXP 	text_same_practice: autoDraw = True
20.9828 	EXP 	window1: blendMode = 'avg'
20.9831 	EXP 	window1: blendMode = 'avg'
21.0030 	EXP 	window1: blendMode = 'avg'
21.0034 	EXP 	window1: blendMode = 'avg'
21.0229 	EXP 	window1: blendMode = 'avg'
21.0232 	EXP 	window1: blendMode = 'avg'
21.0443 	EXP 	window1: blendMode = 'avg'
21.0446 	EXP 	window1: blendMode = 'avg'
21.0649 	EXP 	window1: blendMode = 'avg'
21.0652 	EXP 	window1: blendMode = 'avg'
21.0952 	EXP 	window1: blendMode = 'avg'
21.0957 	EXP 	window1: blendMode = 'avg'
21.1267 	EXP 	window1: blendMode = 'avg'
21.1270 	EXP 	window1: blendMode = 'avg'
21.1554 	EXP 	window1: blendMode = 'avg'
21.1559 	EXP 	window1: blendMode = 'avg'
21.1862 	EXP 	window1: blendMode = 'avg'
21.1865 	EXP 	window1: blendMode = 'avg'
21.2174 	EXP 	window1: blendMode = 'avg'
21.2179 	EXP 	window1: blendMode = 'avg'
21.2485 	EXP 	window1: blendMode = 'avg'
21.2488 	EXP 	window1: blendMode = 'avg'
21.2798 	EXP 	window1: blendMode = 'avg'
21.2801 	EXP 	window1: blendMode = 'avg'
21.3110 	EXP 	window1: blendMode = 'avg'
21.3113 	EXP 	window1: blendMode = 'avg'
21.3423 	EXP 	window1: blendMode = 'avg'
21.3426 	EXP 	window1: blendMode = 'avg'
21.3734 	DATA 	Keypress: f
21.3743 	EXP 	New trial (rep=0, index=5): {'Stimulus_Practice': u'ahead_word_3_WHI.jpg', 'Direction': u'ahead', 'Number': 3, 'Background': u'_WHI', 'Format': u'word'}
21.4000 	EXP 	window1: blendMode = 'avg'
21.4006 	EXP 	window1: blendMode = 'avg'
21.4200 	EXP 	text_9: autoDraw = False
21.4200 	EXP 	image: autoDraw = False
21.4200 	EXP 	text_same_practice: autoDraw = False
21.4200 	EXP 	image: image = u'Extra_Stimuli//ahead_word_3_WHI.jpg'
21.4200 	EXP 	text_same_practice: text = 'SAME?'
21.4200 	EXP 	text_9: autoDraw = True
21.4200 	EXP 	image: autoDraw = True
21.4200 	EXP 	text_same_practice: autoDraw = True
21.4206 	EXP 	window1: blendMode = 'avg'
21.4210 	EXP 	window1: blendMode = 'avg'
21.4561 	EXP 	window1: blendMode = 'avg'
21.4568 	EXP 	window1: blendMode = 'avg'
21.4778 	EXP 	window1: blendMode = 'avg'
21.4783 	EXP 	window1: blendMode = 'avg'
21.5163 	EXP 	window1: blendMode = 'avg'
21.5172 	EXP 	window1: blendMode = 'avg'
21.5363 	EXP 	window1: blendMode = 'avg'
21.5370 	EXP 	window1: blendMode = 'avg'
21.5571 	EXP 	window1: blendMode = 'avg'
21.5576 	EXP 	window1: blendMode = 'avg'
21.5881 	EXP 	window1: blendMode = 'avg'
21.5888 	EXP 	window1: blendMode = 'avg'
21.6091 	EXP 	window1: blendMode = 'avg'
21.6095 	EXP 	window1: blendMode = 'avg'
21.6280 	EXP 	window1: blendMode = 'avg'
21.6286 	EXP 	window1: blendMode = 'avg'
21.6519 	EXP 	window1: blendMode = 'avg'
21.6526 	EXP 	window1: blendMode = 'avg'
21.6831 	EXP 	window1: blendMode = 'avg'
21.6836 	EXP 	window1: blendMode = 'avg'
21.7034 	EXP 	window1: blendMode = 'avg'
21.7041 	EXP 	window1: blendMode = 'avg'
21.7314 	EXP 	window1: blendMode = 'avg'
21.7321 	EXP 	window1: blendMode = 'avg'
21.7557 	EXP 	window1: blendMode = 'avg'
21.7562 	EXP 	window1: blendMode = 'avg'
21.7873 	EXP 	window1: blendMode = 'avg'
21.7879 	EXP 	window1: blendMode = 'avg'
21.8185 	EXP 	window1: blendMode = 'avg'
21.8195 	EXP 	window1: blendMode = 'avg'
21.8496 	EXP 	window1: blendMode = 'avg'
21.8501 	EXP 	window1: blendMode = 'avg'
21.8811 	EXP 	window1: blendMode = 'avg'
21.8817 	EXP 	window1: blendMode = 'avg'
21.9122 	EXP 	window1: blendMode = 'avg'
21.9129 	EXP 	window1: blendMode = 'avg'
21.9433 	EXP 	window1: blendMode = 'avg'
21.9439 	EXP 	window1: blendMode = 'avg'
21.9845 	DATA 	Keypress: a
21.9864 	EXP 	New trial (rep=0, index=6): {'Stimulus_Practice': u'ahead_word_1_WHI.jpg', 'Direction': u'ahead', 'Number': 1, 'Background': u'_WHI', 'Format': u'word'}
22.0149 	EXP 	window1: blendMode = 'avg'
22.0153 	EXP 	window1: blendMode = 'avg'
22.0246 	EXP 	text_9: autoDraw = False
22.0246 	EXP 	image: autoDraw = False
22.0246 	EXP 	text_same_practice: autoDraw = False
22.0246 	EXP 	image: image = u'Extra_Stimuli//ahead_word_1_WHI.jpg'
22.0246 	EXP 	text_same_practice: text = ''
22.0246 	EXP 	text_9: autoDraw = True
22.0246 	EXP 	image: autoDraw = True
22.0246 	EXP 	text_same_practice: autoDraw = True
22.0254 	EXP 	window1: blendMode = 'avg'
22.0258 	EXP 	window1: blendMode = 'avg'
22.0466 	EXP 	window1: blendMode = 'avg'
22.0470 	EXP 	window1: blendMode = 'avg'
22.0663 	EXP 	window1: blendMode = 'avg'
22.0666 	EXP 	window1: blendMode = 'avg'
22.0881 	EXP 	window1: blendMode = 'avg'
22.0884 	EXP 	window1: blendMode = 'avg'
22.1329 	EXP 	window1: blendMode = 'avg'
22.1332 	EXP 	window1: blendMode = 'avg'
22.1752 	EXP 	window1: blendMode = 'avg'
22.1756 	EXP 	window1: blendMode = 'avg'
22.2060 	EXP 	window1: blendMode = 'avg'
22.2063 	EXP 	window1: blendMode = 'avg'
22.2263 	EXP 	window1: blendMode = 'avg'
22.2268 	EXP 	window1: blendMode = 'avg'
22.3430 	EXP 	window1: blendMode = 'avg'
22.3433 	EXP 	window1: blendMode = 'avg'
22.4437 	DATA 	Keypress: f
22.4453 	EXP 	New trial (rep=0, index=7): {'Stimulus_Practice': u'ahead_word_2_WHI.jpg', 'Direction': u'ahead', 'Number': 2, 'Background': u'_WHI', 'Format': u'word'}
22.4786 	EXP 	window1: blendMode = 'avg'
22.4794 	EXP 	window1: blendMode = 'avg'
22.5116 	EXP 	text_9: autoDraw = False
22.5116 	EXP 	image: autoDraw = False
22.5116 	EXP 	text_same_practice: autoDraw = False
22.5116 	EXP 	image: image = u'Extra_Stimuli//ahead_word_2_WHI.jpg'
22.5116 	EXP 	text_same_practice: text = 'SAME?'
22.5116 	EXP 	text_9: autoDraw = True
22.5116 	EXP 	image: autoDraw = True
22.5116 	EXP 	text_same_practice: autoDraw = True
22.5122 	EXP 	window1: blendMode = 'avg'
22.5126 	EXP 	window1: blendMode = 'avg'
22.5323 	EXP 	window1: blendMode = 'avg'
22.5330 	EXP 	window1: blendMode = 'avg'
22.5523 	EXP 	window1: blendMode = 'avg'
22.5527 	EXP 	window1: blendMode = 'avg'
22.5840 	EXP 	window1: blendMode = 'avg'
22.5844 	EXP 	window1: blendMode = 'avg'
22.6047 	EXP 	window1: blendMode = 'avg'
22.6055 	EXP 	window1: blendMode = 'avg'
22.6249 	EXP 	window1: blendMode = 'avg'
22.6260 	EXP 	window1: blendMode = 'avg'
22.6442 	EXP 	window1: blendMode = 'avg'
22.6450 	EXP 	window1: blendMode = 'avg'
22.6645 	EXP 	window1: blendMode = 'avg'
22.6655 	EXP 	window1: blendMode = 'avg'
22.6845 	EXP 	window1: blendMode = 'avg'
22.6853 	EXP 	window1: blendMode = 'avg'
22.7042 	EXP 	window1: blendMode = 'avg'
22.7051 	EXP 	window1: blendMode = 'avg'
22.7292 	EXP 	window1: blendMode = 'avg'
22.7297 	EXP 	window1: blendMode = 'avg'
22.7604 	EXP 	window1: blendMode = 'avg'
22.7608 	EXP 	window1: blendMode = 'avg'
22.7918 	EXP 	window1: blendMode = 'avg'
22.7924 	EXP 	window1: blendMode = 'avg'
22.8233 	EXP 	window1: blendMode = 'avg'
22.8241 	EXP 	window1: blendMode = 'avg'
22.9249 	EXP 	window1: blendMode = 'avg'
22.9255 	EXP 	window1: blendMode = 'avg'
22.9491 	EXP 	window1: blendMode = 'avg'
22.9496 	EXP 	window1: blendMode = 'avg'
22.9762 	EXP 	window1: blendMode = 'avg'
22.9766 	EXP 	window1: blendMode = 'avg'
22.9967 	DATA 	Keypress: a
22.9980 	EXP 	New trial (rep=0, index=8): {'Stimulus_Practice': u'right_word_3_WHI.jpg', 'Direction': u'right', 'Number': 3, 'Background': u'_WHI', 'Format': u'word'}
23.0238 	EXP 	window1: blendMode = 'avg'
23.0245 	EXP 	window1: blendMode = 'avg'
23.0366 	EXP 	text_9: autoDraw = False
23.0366 	EXP 	image: autoDraw = False
23.0366 	EXP 	text_same_practice: autoDraw = False
23.0366 	EXP 	image: image = u'Extra_Stimuli//right_word_3_WHI.jpg'
23.0366 	EXP 	text_9: autoDraw = True
23.0366 	EXP 	image: autoDraw = True
23.0366 	EXP 	text_same_practice: autoDraw = True
23.0376 	EXP 	window1: blendMode = 'avg'
23.0380 	EXP 	window1: blendMode = 'avg'
23.0586 	EXP 	window1: blendMode = 'avg'
23.0590 	EXP 	window1: blendMode = 'avg'
23.0790 	EXP 	window1: blendMode = 'avg'
23.0794 	EXP 	window1: blendMode = 'avg'
23.1245 	EXP 	window1: blendMode = 'avg'
23.1250 	EXP 	window1: blendMode = 'avg'
23.1672 	EXP 	window1: blendMode = 'avg'
23.1679 	EXP 	window1: blendMode = 'avg'
23.1980 	EXP 	window1: blendMode = 'avg'
23.1985 	EXP 	window1: blendMode = 'avg'
23.2266 	EXP 	window1: blendMode = 'avg'
23.2275 	EXP 	window1: blendMode = 'avg'
23.3485 	EXP 	window1: blendMode = 'avg'
23.3490 	EXP 	window1: blendMode = 'avg'
23.3564 	EXP 	window1: blendMode = 'avg'
23.3569 	EXP 	window1: blendMode = 'avg'
23.4545 	EXP 	window1: blendMode = 'avg'
23.4552 	EXP 	window1: blendMode = 'avg'
23.4919 	EXP 	window1: blendMode = 'avg'
23.4926 	EXP 	window1: blendMode = 'avg'
23.5119 	EXP 	window1: blendMode = 'avg'
23.5123 	EXP 	window1: blendMode = 'avg'
23.5322 	EXP 	window1: blendMode = 'avg'
23.5328 	EXP 	window1: blendMode = 'avg'
23.5520 	EXP 	window1: blendMode = 'avg'
23.5524 	EXP 	window1: blendMode = 'avg'
23.5844 	EXP 	window1: blendMode = 'avg'
23.5848 	EXP 	window1: blendMode = 'avg'
23.6053 	EXP 	window1: blendMode = 'avg'
23.6057 	EXP 	window1: blendMode = 'avg'
23.6249 	EXP 	window1: blendMode = 'avg'
23.6258 	EXP 	window1: blendMode = 'avg'
23.6553 	EXP 	window1: blendMode = 'avg'
23.6559 	EXP 	window1: blendMode = 'avg'
23.6868 	EXP 	window1: blendMode = 'avg'
23.6879 	EXP 	window1: blendMode = 'avg'
23.7069 	EXP 	window1: blendMode = 'avg'
23.7077 	EXP 	window1: blendMode = 'avg'
23.7297 	EXP 	window1: blendMode = 'avg'
23.7303 	EXP 	window1: blendMode = 'avg'
23.7607 	EXP 	window1: blendMode = 'avg'
23.7611 	EXP 	window1: blendMode = 'avg'
23.7923 	EXP 	window1: blendMode = 'avg'
23.7928 	EXP 	window1: blendMode = 'avg'
23.9188 	EXP 	window1: blendMode = 'avg'
23.9196 	EXP 	window1: blendMode = 'avg'
23.9486 	EXP 	window1: blendMode = 'avg'
23.9495 	EXP 	window1: blendMode = 'avg'
23.9761 	EXP 	window1: blendMode = 'avg'
23.9766 	EXP 	window1: blendMode = 'avg'
23.9971 	EXP 	window1: blendMode = 'avg'
23.9978 	EXP 	window1: blendMode = 'avg'
24.0174 	EXP 	window1: blendMode = 'avg'
24.0180 	EXP 	window1: blendMode = 'avg'
24.0385 	EXP 	window1: blendMode = 'avg'
24.0389 	EXP 	window1: blendMode = 'avg'
24.0571 	EXP 	window1: blendMode = 'avg'
24.0578 	EXP 	window1: blendMode = 'avg'
24.0773 	EXP 	window1: blendMode = 'avg'
24.0779 	EXP 	window1: blendMode = 'avg'
24.1248 	EXP 	window1: blendMode = 'avg'
24.1252 	EXP 	window1: blendMode = 'avg'
24.1673 	EXP 	window1: blendMode = 'avg'
24.1679 	EXP 	window1: blendMode = 'avg'
24.1980 	EXP 	window1: blendMode = 'avg'
24.1985 	EXP 	window1: blendMode = 'avg'
24.2296 	EXP 	window1: blendMode = 'avg'
24.2306 	EXP 	window1: blendMode = 'avg'
24.2605 	EXP 	window1: blendMode = 'avg'
24.2611 	EXP 	window1: blendMode = 'avg'
24.2918 	EXP 	window1: blendMode = 'avg'
24.2922 	EXP 	window1: blendMode = 'avg'
24.3229 	EXP 	window1: blendMode = 'avg'
24.3233 	EXP 	window1: blendMode = 'avg'
24.3543 	EXP 	window1: blendMode = 'avg'
24.3548 	EXP 	window1: blendMode = 'avg'
24.3854 	EXP 	window1: blendMode = 'avg'
24.3858 	EXP 	window1: blendMode = 'avg'
24.4167 	EXP 	window1: blendMode = 'avg'
24.4172 	EXP 	window1: blendMode = 'avg'
24.4520 	EXP 	window1: blendMode = 'avg'
24.4527 	EXP 	window1: blendMode = 'avg'
24.4720 	EXP 	window1: blendMode = 'avg'
24.4726 	EXP 	window1: blendMode = 'avg'
24.4919 	EXP 	window1: blendMode = 'avg'
24.4926 	EXP 	window1: blendMode = 'avg'
24.5126 	EXP 	window1: blendMode = 'avg'
24.5133 	EXP 	window1: blendMode = 'avg'
24.5334 	EXP 	window1: blendMode = 'avg'
24.5344 	EXP 	window1: blendMode = 'avg'
24.5536 	EXP 	window1: blendMode = 'avg'
24.5545 	EXP 	window1: blendMode = 'avg'
24.5737 	EXP 	window1: blendMode = 'avg'
24.5743 	EXP 	window1: blendMode = 'avg'
24.5935 	EXP 	window1: blendMode = 'avg'
24.5942 	EXP 	window1: blendMode = 'avg'
24.6139 	EXP 	window1: blendMode = 'avg'
24.6145 	EXP 	window1: blendMode = 'avg'
24.6369 	EXP 	window1: blendMode = 'avg'
24.6373 	EXP 	window1: blendMode = 'avg'
24.6572 	EXP 	window1: blendMode = 'avg'
24.6579 	EXP 	window1: blendMode = 'avg'
24.6856 	EXP 	window1: blendMode = 'avg'
24.6862 	EXP 	window1: blendMode = 'avg'
24.7059 	EXP 	window1: blendMode = 'avg'
24.7066 	EXP 	window1: blendMode = 'avg'
24.9094 	EXP 	window1: blendMode = 'avg'
24.9100 	EXP 	window1: blendMode = 'avg'
24.9439 	EXP 	window1: blendMode = 'avg'
24.9443 	EXP 	window1: blendMode = 'avg'
24.9759 	EXP 	window1: blendMode = 'avg'
24.9763 	EXP 	window1: blendMode = 'avg'
24.9991 	EXP 	window1: blendMode = 'avg'
24.9997 	EXP 	window1: blendMode = 'avg'
25.0191 	EXP 	window1: blendMode = 'avg'
25.0196 	EXP 	window1: blendMode = 'avg'
25.0394 	EXP 	window1: blendMode = 'avg'
25.0399 	EXP 	window1: blendMode = 'avg'
25.0612 	EXP 	window1: blendMode = 'avg'
25.0617 	EXP 	window1: blendMode = 'avg'
25.0813 	EXP 	window1: blendMode = 'avg'
25.0817 	EXP 	window1: blendMode = 'avg'
25.1100 	EXP 	window1: blendMode = 'avg'
25.1104 	EXP 	window1: blendMode = 'avg'
25.1390 	EXP 	window1: blendMode = 'avg'
25.1394 	EXP 	window1: blendMode = 'avg'
25.1672 	EXP 	window1: blendMode = 'avg'
25.1678 	EXP 	window1: blendMode = 'avg'
25.1980 	EXP 	window1: blendMode = 'avg'
25.1985 	EXP 	window1: blendMode = 'avg'
25.2293 	EXP 	window1: blendMode = 'avg'
25.2300 	EXP 	window1: blendMode = 'avg'
25.3329 	EXP 	window1: blendMode = 'avg'
25.3335 	EXP 	window1: blendMode = 'avg'
25.3543 	EXP 	window1: blendMode = 'avg'
25.3549 	EXP 	window1: blendMode = 'avg'
25.3855 	EXP 	window1: blendMode = 'avg'
25.3859 	EXP 	window1: blendMode = 'avg'
25.4168 	EXP 	window1: blendMode = 'avg'
25.4173 	EXP 	window1: blendMode = 'avg'
25.4483 	EXP 	window1: blendMode = 'avg'
25.4489 	EXP 	window1: blendMode = 'avg'
25.4678 	EXP 	window1: blendMode = 'avg'
25.4684 	EXP 	window1: blendMode = 'avg'
25.4876 	EXP 	window1: blendMode = 'avg'
25.4881 	EXP 	window1: blendMode = 'avg'
25.5128 	EXP 	window1: blendMode = 'avg'
25.5134 	EXP 	window1: blendMode = 'avg'
25.5505 	EXP 	window1: blendMode = 'avg'
25.5509 	EXP 	window1: blendMode = 'avg'
25.5800 	EXP 	window1: blendMode = 'avg'
25.5805 	EXP 	window1: blendMode = 'avg'
25.6080 	EXP 	window1: blendMode = 'avg'
25.6084 	EXP 	window1: blendMode = 'avg'
25.6270 	EXP 	window1: blendMode = 'avg'
25.6277 	EXP 	window1: blendMode = 'avg'
25.6518 	EXP 	window1: blendMode = 'avg'
25.6525 	EXP 	window1: blendMode = 'avg'
25.6832 	EXP 	window1: blendMode = 'avg'
25.6839 	EXP 	window1: blendMode = 'avg'
25.7026 	EXP 	window1: blendMode = 'avg'
25.7032 	EXP 	window1: blendMode = 'avg'
25.8073 	EXP 	window1: blendMode = 'avg'
25.8079 	EXP 	window1: blendMode = 'avg'
25.8281 	EXP 	window1: blendMode = 'avg'
25.8285 	EXP 	window1: blendMode = 'avg'
25.8593 	EXP 	window1: blendMode = 'avg'
25.8598 	EXP 	window1: blendMode = 'avg'
25.8906 	EXP 	window1: blendMode = 'avg'
25.8910 	EXP 	window1: blendMode = 'avg'
25.9223 	EXP 	window1: blendMode = 'avg'
25.9228 	EXP 	window1: blendMode = 'avg'
25.9543 	EXP 	window1: blendMode = 'avg'
25.9548 	EXP 	window1: blendMode = 'avg'
25.9762 	EXP 	window1: blendMode = 'avg'
25.9767 	EXP 	window1: blendMode = 'avg'
25.9969 	EXP 	window1: blendMode = 'avg'
25.9978 	EXP 	window1: blendMode = 'avg'
26.0174 	EXP 	window1: blendMode = 'avg'
26.0181 	EXP 	window1: blendMode = 'avg'
26.0369 	EXP 	window1: blendMode = 'avg'
26.0373 	EXP 	window1: blendMode = 'avg'
26.0585 	EXP 	window1: blendMode = 'avg'
26.0591 	EXP 	window1: blendMode = 'avg'
26.0787 	EXP 	window1: blendMode = 'avg'
26.0793 	EXP 	window1: blendMode = 'avg'
26.1250 	EXP 	window1: blendMode = 'avg'
26.1255 	EXP 	window1: blendMode = 'avg'
26.1671 	EXP 	window1: blendMode = 'avg'
26.1676 	EXP 	window1: blendMode = 'avg'
26.1982 	EXP 	window1: blendMode = 'avg'
26.1987 	EXP 	window1: blendMode = 'avg'
26.2263 	EXP 	window1: blendMode = 'avg'
26.2268 	EXP 	window1: blendMode = 'avg'
26.3475 	EXP 	window1: blendMode = 'avg'
26.3482 	EXP 	window1: blendMode = 'avg'
26.3667 	EXP 	window1: blendMode = 'avg'
26.3671 	EXP 	window1: blendMode = 'avg'
26.3980 	EXP 	window1: blendMode = 'avg'
26.3985 	EXP 	window1: blendMode = 'avg'
26.4316 	EXP 	window1: blendMode = 'avg'
26.4320 	EXP 	window1: blendMode = 'avg'
26.4681 	EXP 	window1: blendMode = 'avg'
26.4688 	EXP 	window1: blendMode = 'avg'
26.4880 	EXP 	window1: blendMode = 'avg'
26.4887 	EXP 	window1: blendMode = 'avg'
26.5130 	EXP 	window1: blendMode = 'avg'
26.5137 	EXP 	window1: blendMode = 'avg'
26.5489 	EXP 	window1: blendMode = 'avg'
26.5495 	EXP 	window1: blendMode = 'avg'
26.5804 	EXP 	window1: blendMode = 'avg'
26.5812 	EXP 	window1: blendMode = 'avg'
26.6112 	EXP 	window1: blendMode = 'avg'
26.6116 	EXP 	window1: blendMode = 'avg'
26.6328 	EXP 	window1: blendMode = 'avg'
26.6334 	EXP 	window1: blendMode = 'avg'
26.6503 	EXP 	window1: blendMode = 'avg'
26.6511 	EXP 	window1: blendMode = 'avg'
26.6705 	EXP 	window1: blendMode = 'avg'
26.6711 	EXP 	window1: blendMode = 'avg'
26.6905 	EXP 	window1: blendMode = 'avg'
26.6911 	EXP 	window1: blendMode = 'avg'
26.8033 	EXP 	window1: blendMode = 'avg'
26.8043 	EXP 	window1: blendMode = 'avg'
26.8389 	EXP 	window1: blendMode = 'avg'
26.8393 	EXP 	window1: blendMode = 'avg'
26.8701 	EXP 	window1: blendMode = 'avg'
26.8706 	EXP 	window1: blendMode = 'avg'
26.9016 	DATA 	Keypress: f
26.9372 	EXP 	window1: blendMode = 'avg'
26.9760 	EXP 	text_9: autoDraw = False
26.9760 	EXP 	image: autoDraw = False
26.9760 	EXP 	text_same_practice: autoDraw = False
26.9760 	EXP 	text_2: autoDraw = True
26.9772 	EXP 	window1: blendMode = 'avg'
26.9974 	EXP 	window1: blendMode = 'avg'
27.0175 	EXP 	window1: blendMode = 'avg'
27.0383 	EXP 	window1: blendMode = 'avg'
27.0583 	EXP 	window1: blendMode = 'avg'
27.0780 	EXP 	window1: blendMode = 'avg'
27.1246 	EXP 	window1: blendMode = 'avg'
27.1674 	EXP 	window1: blendMode = 'avg'
27.1980 	EXP 	window1: blendMode = 'avg'
27.2293 	EXP 	window1: blendMode = 'avg'
27.3323 	EXP 	window1: blendMode = 'avg'
27.3541 	EXP 	window1: blendMode = 'avg'
27.3860 	EXP 	window1: blendMode = 'avg'
27.4168 	EXP 	window1: blendMode = 'avg'
27.4441 	EXP 	window1: blendMode = 'avg'
27.4681 	EXP 	window1: blendMode = 'avg'
27.4909 	EXP 	window1: blendMode = 'avg'
27.5093 	EXP 	window1: blendMode = 'avg'
27.5294 	EXP 	window1: blendMode = 'avg'
27.5525 	EXP 	window1: blendMode = 'avg'
27.5965 	EXP 	window1: blendMode = 'avg'
27.6158 	EXP 	window1: blendMode = 'avg'
27.6515 	EXP 	window1: blendMode = 'avg'
27.6825 	EXP 	window1: blendMode = 'avg'
27.7028 	EXP 	window1: blendMode = 'avg'
27.8138 	EXP 	window1: blendMode = 'avg'
27.8397 	EXP 	window1: blendMode = 'avg'
27.8705 	EXP 	window1: blendMode = 'avg'
27.9018 	EXP 	window1: blendMode = 'avg'
27.9438 	EXP 	window1: blendMode = 'avg'
27.9640 	EXP 	window1: blendMode = 'avg'
27.9843 	EXP 	window1: blendMode = 'avg'
28.0252 	EXP 	window1: blendMode = 'avg'
28.0461 	EXP 	window1: blendMode = 'avg'
28.0760 	EXP 	window1: blendMode = 'avg'
28.1071 	EXP 	window1: blendMode = 'avg'
28.1351 	EXP 	window1: blendMode = 'avg'
28.1659 	EXP 	window1: blendMode = 'avg'
28.1971 	EXP 	window1: blendMode = 'avg'
28.2285 	EXP 	window1: blendMode = 'avg'
28.2595 	EXP 	window1: blendMode = 'avg'
28.2908 	EXP 	window1: blendMode = 'avg'
28.3224 	EXP 	window1: blendMode = 'avg'
28.3536 	EXP 	window1: blendMode = 'avg'
28.3845 	EXP 	window1: blendMode = 'avg'
28.4158 	EXP 	window1: blendMode = 'avg'
28.4436 	EXP 	window1: blendMode = 'avg'
28.4636 	EXP 	window1: blendMode = 'avg'
28.4839 	EXP 	window1: blendMode = 'avg'
28.5042 	EXP 	window1: blendMode = 'avg'
28.5245 	EXP 	window1: blendMode = 'avg'
28.5457 	EXP 	window1: blendMode = 'avg'
28.5755 	EXP 	window1: blendMode = 'avg'
28.5964 	EXP 	window1: blendMode = 'avg'
28.6168 	EXP 	window1: blendMode = 'avg'
28.6373 	EXP 	window1: blendMode = 'avg'
28.6674 	EXP 	window1: blendMode = 'avg'
28.6876 	EXP 	window1: blendMode = 'avg'
28.8047 	EXP 	window1: blendMode = 'avg'
28.9047 	EXP 	window1: blendMode = 'avg'
28.9363 	EXP 	window1: blendMode = 'avg'
28.9766 	EXP 	window1: blendMode = 'avg'
28.9985 	EXP 	window1: blendMode = 'avg'
29.0200 	EXP 	window1: blendMode = 'avg'
29.0592 	EXP 	window1: blendMode = 'avg'
29.0804 	EXP 	window1: blendMode = 'avg'
29.1257 	EXP 	window1: blendMode = 'avg'
29.1678 	EXP 	window1: blendMode = 'avg'
29.1984 	EXP 	window1: blendMode = 'avg'
29.2291 	EXP 	window1: blendMode = 'avg'
29.3313 	EXP 	window1: blendMode = 'avg'
29.4483 	EXP 	window1: blendMode = 'avg'
29.4957 	EXP 	window1: blendMode = 'avg'
29.5152 	EXP 	window1: blendMode = 'avg'
29.5365 	EXP 	window1: blendMode = 'avg'
29.5560 	EXP 	window1: blendMode = 'avg'
29.5872 	EXP 	window1: blendMode = 'avg'
29.6066 	EXP 	window1: blendMode = 'avg'
29.6271 	EXP 	window1: blendMode = 'avg'
29.6516 	EXP 	window1: blendMode = 'avg'
29.6826 	EXP 	window1: blendMode = 'avg'
29.7025 	EXP 	window1: blendMode = 'avg'
29.9150 	EXP 	window1: blendMode = 'avg'
29.9487 	EXP 	window1: blendMode = 'avg'
29.9766 	EXP 	window1: blendMode = 'avg'
29.9973 	EXP 	window1: blendMode = 'avg'
30.0375 	EXP 	window1: blendMode = 'avg'
30.0576 	EXP 	window1: blendMode = 'avg'
30.0788 	EXP 	window1: blendMode = 'avg'
30.1246 	EXP 	window1: blendMode = 'avg'
30.1673 	EXP 	window1: blendMode = 'avg'
30.1985 	EXP 	window1: blendMode = 'avg'
30.2292 	EXP 	window1: blendMode = 'avg'
30.2603 	DATA 	Keypress: d
30.2682 	DEBUG 	Read excel file with pandas: Extra_Stimuli//practice_order_WHI_image.xlsx
30.2691 	EXP 	Imported Extra_Stimuli//practice_order_WHI_image.xlsx as conditions, 9 conditions, 5 params
30.2695 	EXP 	Created sequence: random, trialTypes=9, nReps=1, seed=None
30.2700 	EXP 	New trial (rep=0, index=0): {'Stimulus_Practice': u'left_image_3_WHI.jpg', 'Direction': u'left', 'Number': 3, 'Background': u'_WHI', 'Format': u'image'}
30.3036 	EXP 	window1: blendMode = 'avg'
30.3060 	EXP 	window1: blendMode = 'avg'
30.3227 	EXP 	text_2: autoDraw = False
30.3227 	EXP 	image_3: image = u'Extra_Stimuli//left_image_3_WHI.jpg'
30.3227 	EXP 	text_same_practice_2: text = ''
30.3227 	EXP 	text_11: autoDraw = True
30.3227 	EXP 	image_3: autoDraw = True
30.3227 	EXP 	text_same_practice_2: autoDraw = True
30.3232 	EXP 	window1: blendMode = 'avg'
30.3235 	EXP 	window1: blendMode = 'avg'
30.4398 	EXP 	window1: blendMode = 'avg'
30.4406 	EXP 	window1: blendMode = 'avg'
30.4625 	EXP 	window1: blendMode = 'avg'
30.4628 	EXP 	window1: blendMode = 'avg'
30.4857 	EXP 	window1: blendMode = 'avg'
30.4862 	EXP 	window1: blendMode = 'avg'
30.5058 	EXP 	window1: blendMode = 'avg'
30.5062 	EXP 	window1: blendMode = 'avg'
30.5458 	EXP 	window1: blendMode = 'avg'
30.5461 	EXP 	window1: blendMode = 'avg'
30.5806 	EXP 	window1: blendMode = 'avg'
30.5810 	EXP 	window1: blendMode = 'avg'
30.6011 	EXP 	window1: blendMode = 'avg'
30.6015 	EXP 	window1: blendMode = 'avg'
30.6210 	EXP 	window1: blendMode = 'avg'
30.6215 	EXP 	window1: blendMode = 'avg'
30.6558 	EXP 	window1: blendMode = 'avg'
30.6561 	EXP 	window1: blendMode = 'avg'
30.6764 	EXP 	window1: blendMode = 'avg'
30.6768 	EXP 	window1: blendMode = 'avg'
30.6962 	EXP 	window1: blendMode = 'avg'
30.6967 	EXP 	window1: blendMode = 'avg'
30.8185 	EXP 	window1: blendMode = 'avg'
30.8189 	EXP 	window1: blendMode = 'avg'
30.8393 	EXP 	window1: blendMode = 'avg'
30.8398 	EXP 	window1: blendMode = 'avg'
30.8702 	EXP 	window1: blendMode = 'avg'
30.8705 	EXP 	window1: blendMode = 'avg'
30.9018 	EXP 	window1: blendMode = 'avg'
30.9022 	EXP 	window1: blendMode = 'avg'
30.9400 	EXP 	window1: blendMode = 'avg'
30.9405 	EXP 	window1: blendMode = 'avg'
30.9598 	EXP 	window1: blendMode = 'avg'
30.9603 	EXP 	window1: blendMode = 'avg'
30.9796 	EXP 	window1: blendMode = 'avg'
30.9800 	EXP 	window1: blendMode = 'avg'
30.9998 	EXP 	window1: blendMode = 'avg'
31.0002 	EXP 	window1: blendMode = 'avg'
31.0415 	EXP 	window1: blendMode = 'avg'
31.0420 	EXP 	window1: blendMode = 'avg'
31.0726 	EXP 	window1: blendMode = 'avg'
31.0729 	EXP 	window1: blendMode = 'avg'
31.1034 	EXP 	window1: blendMode = 'avg'
31.1038 	EXP 	window1: blendMode = 'avg'
31.1232 	EXP 	window1: blendMode = 'avg'
31.1238 	EXP 	window1: blendMode = 'avg'
31.1551 	EXP 	window1: blendMode = 'avg'
31.1556 	EXP 	window1: blendMode = 'avg'
31.1859 	EXP 	window1: blendMode = 'avg'
31.1862 	EXP 	window1: blendMode = 'avg'
31.2171 	EXP 	window1: blendMode = 'avg'
31.2174 	EXP 	window1: blendMode = 'avg'
31.2482 	EXP 	window1: blendMode = 'avg'
31.2486 	EXP 	window1: blendMode = 'avg'
31.2800 	EXP 	window1: blendMode = 'avg'
31.2804 	EXP 	window1: blendMode = 'avg'
31.3107 	EXP 	window1: blendMode = 'avg'
31.3110 	EXP 	window1: blendMode = 'avg'
31.4231 	EXP 	window1: blendMode = 'avg'
31.4236 	EXP 	window1: blendMode = 'avg'
31.4593 	EXP 	window1: blendMode = 'avg'
31.4596 	EXP 	window1: blendMode = 'avg'
31.4797 	EXP 	window1: blendMode = 'avg'
31.4800 	EXP 	window1: blendMode = 'avg'
31.4997 	EXP 	window1: blendMode = 'avg'
31.5002 	EXP 	window1: blendMode = 'avg'
31.5199 	EXP 	window1: blendMode = 'avg'
31.5202 	EXP 	window1: blendMode = 'avg'
31.5403 	EXP 	window1: blendMode = 'avg'
31.5406 	EXP 	window1: blendMode = 'avg'
31.5729 	EXP 	window1: blendMode = 'avg'
31.5731 	EXP 	window1: blendMode = 'avg'
31.6028 	EXP 	window1: blendMode = 'avg'
31.6032 	EXP 	window1: blendMode = 'avg'
31.6231 	EXP 	window1: blendMode = 'avg'
31.6235 	EXP 	window1: blendMode = 'avg'
31.6509 	EXP 	window1: blendMode = 'avg'
31.6513 	EXP 	window1: blendMode = 'avg'
31.6818 	EXP 	window1: blendMode = 'avg'
31.6821 	EXP 	window1: blendMode = 'avg'
31.7016 	DATA 	Keypress: f
31.7027 	EXP 	New trial (rep=0, index=1): {'Stimulus_Practice': u'ahead_image_1_WHI.jpg', 'Direction': u'ahead', 'Number': 1, 'Background': u'_WHI', 'Format': u'image'}
31.7375 	EXP 	window1: blendMode = 'avg'
31.7384 	EXP 	window1: blendMode = 'avg'
31.7756 	EXP 	text_11: autoDraw = False
31.7756 	EXP 	image_3: autoDraw = False
31.7756 	EXP 	text_same_practice_2: autoDraw = False
31.7756 	EXP 	image_3: image = u'Extra_Stimuli//ahead_image_1_WHI.jpg'
31.7756 	EXP 	text_same_practice_2: text = 'SAME?'
31.7756 	EXP 	text_11: autoDraw = True
31.7756 	EXP 	image_3: autoDraw = True
31.7756 	EXP 	text_same_practice_2: autoDraw = True
31.7761 	EXP 	window1: blendMode = 'avg'
31.7765 	EXP 	window1: blendMode = 'avg'
31.8073 	EXP 	window1: blendMode = 'avg'
31.8078 	EXP 	window1: blendMode = 'avg'
31.8388 	EXP 	window1: blendMode = 'avg'
31.8393 	EXP 	window1: blendMode = 'avg'
31.8593 	EXP 	window1: blendMode = 'avg'
31.8598 	EXP 	window1: blendMode = 'avg'
31.8792 	EXP 	window1: blendMode = 'avg'
31.8797 	EXP 	window1: blendMode = 'avg'
31.8992 	EXP 	window1: blendMode = 'avg'
31.8997 	EXP 	window1: blendMode = 'avg'
31.9194 	EXP 	window1: blendMode = 'avg'
31.9200 	EXP 	window1: blendMode = 'avg'
31.9398 	EXP 	window1: blendMode = 'avg'
31.9405 	EXP 	window1: blendMode = 'avg'
31.9607 	EXP 	window1: blendMode = 'avg'
31.9614 	EXP 	window1: blendMode = 'avg'
31.9804 	EXP 	window1: blendMode = 'avg'
31.9811 	EXP 	window1: blendMode = 'avg'
32.0007 	EXP 	window1: blendMode = 'avg'
32.0014 	EXP 	window1: blendMode = 'avg'
32.0209 	EXP 	window1: blendMode = 'avg'
32.0216 	EXP 	window1: blendMode = 'avg'
32.0433 	EXP 	window1: blendMode = 'avg'
32.0437 	EXP 	window1: blendMode = 'avg'
32.0746 	EXP 	window1: blendMode = 'avg'
32.0752 	EXP 	window1: blendMode = 'avg'
32.1063 	DATA 	Keypress: a
32.1075 	EXP 	New trial (rep=0, index=2): {'Stimulus_Practice': u'left_image_1_WHI.jpg', 'Direction': u'left', 'Number': 1, 'Background': u'_WHI', 'Format': u'image'}
32.1489 	EXP 	window1: blendMode = 'avg'
32.1503 	EXP 	window1: blendMode = 'avg'
32.1793 	EXP 	text_11: autoDraw = False
32.1793 	EXP 	image_3: autoDraw = False
32.1793 	EXP 	text_same_practice_2: autoDraw = False
32.1793 	EXP 	image_3: image = u'Extra_Stimuli//left_image_1_WHI.jpg'
32.1793 	EXP 	text_same_practice_2: text = ''
32.1793 	EXP 	text_11: autoDraw = True
32.1793 	EXP 	image_3: autoDraw = True
32.1793 	EXP 	text_same_practice_2: autoDraw = True
32.1799 	EXP 	window1: blendMode = 'avg'
32.1801 	EXP 	window1: blendMode = 'avg'
32.3012 	EXP 	window1: blendMode = 'avg'
32.3016 	EXP 	window1: blendMode = 'avg'
32.3215 	EXP 	window1: blendMode = 'avg'
32.3218 	EXP 	window1: blendMode = 'avg'
32.3526 	DATA 	Keypress: f
32.3535 	EXP 	New trial (rep=0, index=3): {'Stimulus_Practice': u'right_image_3_WHI.jpg', 'Direction': u'right', 'Number': 3, 'Background': u'_WHI', 'Format': u'image'}
32.3926 	EXP 	window1: blendMode = 'avg'
32.3934 	EXP 	window1: blendMode = 'avg'
32.4152 	EXP 	text_11: autoDraw = False
32.4152 	EXP 	image_3: autoDraw = False
32.4152 	EXP 	text_same_practice_2: autoDraw = False
32.4152 	EXP 	image_3: image = u'Extra_Stimuli//right_image_3_WHI.jpg'
32.4152 	EXP 	text_same_practice_2: text = 'SAME?'
32.4152 	EXP 	text_11: autoDraw = True
32.4152 	EXP 	image_3: autoDraw = True
32.4152 	EXP 	text_same_practice_2: autoDraw = True
32.4159 	EXP 	window1: blendMode = 'avg'
32.4166 	EXP 	window1: blendMode = 'avg'
32.4530 	EXP 	window1: blendMode = 'avg'
32.4534 	EXP 	window1: blendMode = 'avg'
32.4809 	EXP 	window1: blendMode = 'avg'
32.4814 	EXP 	window1: blendMode = 'avg'
32.5008 	EXP 	window1: blendMode = 'avg'
32.5014 	EXP 	window1: blendMode = 'avg'
32.5212 	EXP 	window1: blendMode = 'avg'
32.5216 	EXP 	window1: blendMode = 'avg'
32.5411 	EXP 	window1: blendMode = 'avg'
32.5415 	EXP 	window1: blendMode = 'avg'
32.5625 	EXP 	window1: blendMode = 'avg'
32.5629 	EXP 	window1: blendMode = 'avg'
32.6083 	EXP 	window1: blendMode = 'avg'
32.6090 	EXP 	window1: blendMode = 'avg'
32.6280 	EXP 	window1: blendMode = 'avg'
32.6287 	EXP 	window1: blendMode = 'avg'
32.6293 	DATA 	Keypress: a
32.6582 	EXP 	New trial (rep=0, index=4): {'Stimulus_Practice': u'ahead_image_2_WHI.jpg', 'Direction': u'ahead', 'Number': 2, 'Background': u'_WHI', 'Format': u'image'}
32.6999 	EXP 	window1: blendMode = 'avg'
32.7003 	EXP 	window1: blendMode = 'avg'
32.7296 	EXP 	text_11: autoDraw = False
32.7296 	EXP 	image_3: autoDraw = False
32.7296 	EXP 	text_same_practice_2: autoDraw = False
32.7296 	EXP 	image_3: image = u'Extra_Stimuli//ahead_image_2_WHI.jpg'
32.7296 	EXP 	text_same_practice_2: text = ''
32.7296 	EXP 	text_11: autoDraw = True
32.7296 	EXP 	image_3: autoDraw = True
32.7296 	EXP 	text_same_practice_2: autoDraw = True
32.8004 	EXP 	window1: blendMode = 'avg'
32.8009 	EXP 	window1: blendMode = 'avg'
32.8238 	EXP 	window1: blendMode = 'avg'
32.8242 	EXP 	window1: blendMode = 'avg'
32.8549 	EXP 	window1: blendMode = 'avg'
32.8552 	EXP 	window1: blendMode = 'avg'
32.8862 	DATA 	Keypress: f
32.8870 	EXP 	New trial (rep=0, index=5): {'Stimulus_Practice': u'right_image_2_WHI.jpg', 'Direction': u'right', 'Number': 2, 'Background': u'_WHI', 'Format': u'image'}
32.9287 	EXP 	window1: blendMode = 'avg'
32.9298 	EXP 	window1: blendMode = 'avg'
32.9589 	EXP 	text_11: autoDraw = False
32.9589 	EXP 	image_3: autoDraw = False
32.9589 	EXP 	text_same_practice_2: autoDraw = False
32.9589 	EXP 	image_3: image = u'Extra_Stimuli//right_image_2_WHI.jpg'
32.9589 	EXP 	text_same_practice_2: text = 'SAME?'
32.9589 	EXP 	text_11: autoDraw = True
32.9589 	EXP 	image_3: autoDraw = True
32.9589 	EXP 	text_same_practice_2: autoDraw = True
32.9596 	EXP 	window1: blendMode = 'avg'
32.9601 	EXP 	window1: blendMode = 'avg'
32.9801 	EXP 	window1: blendMode = 'avg'
32.9808 	EXP 	window1: blendMode = 'avg'
32.9997 	EXP 	window1: blendMode = 'avg'
33.0002 	EXP 	window1: blendMode = 'avg'
33.0200 	EXP 	window1: blendMode = 'avg'
33.0207 	EXP 	window1: blendMode = 'avg'
33.0419 	EXP 	window1: blendMode = 'avg'
33.0423 	EXP 	window1: blendMode = 'avg'
33.0621 	EXP 	window1: blendMode = 'avg'
33.0626 	EXP 	window1: blendMode = 'avg'
33.0871 	EXP 	window1: blendMode = 'avg'
33.0875 	EXP 	window1: blendMode = 'avg'
33.1308 	DATA 	Keypress: a
33.1323 	EXP 	New trial (rep=0, index=6): {'Stimulus_Practice': u'right_image_1_WHI.jpg', 'Direction': u'right', 'Number': 1, 'Background': u'_WHI', 'Format': u'image'}
33.1706 	EXP 	window1: blendMode = 'avg'
33.1709 	EXP 	window1: blendMode = 'avg'
33.1924 	EXP 	text_11: autoDraw = False
33.1924 	EXP 	image_3: autoDraw = False
33.1924 	EXP 	text_same_practice_2: autoDraw = False
33.1924 	EXP 	image_3: image = u'Extra_Stimuli//right_image_1_WHI.jpg'
33.1924 	EXP 	text_same_practice_2: text = ''
33.1924 	EXP 	text_11: autoDraw = True
33.1924 	EXP 	image_3: autoDraw = True
33.1924 	EXP 	text_same_practice_2: autoDraw = True
33.1934 	EXP 	window1: blendMode = 'avg'
33.1941 	EXP 	window1: blendMode = 'avg'
33.2245 	EXP 	window1: blendMode = 'avg'
33.2248 	EXP 	window1: blendMode = 'avg'
33.2552 	EXP 	window1: blendMode = 'avg'
33.2555 	EXP 	window1: blendMode = 'avg'
33.2866 	EXP 	window1: blendMode = 'avg'
33.2869 	EXP 	window1: blendMode = 'avg'
33.3178 	EXP 	window1: blendMode = 'avg'
33.3181 	EXP 	window1: blendMode = 'avg'
33.3492 	EXP 	window1: blendMode = 'avg'
33.3495 	EXP 	window1: blendMode = 'avg'
33.3803 	DATA 	Keypress: f
33.3812 	EXP 	New trial (rep=0, index=7): {'Stimulus_Practice': u'ahead_image_3_WHI.jpg', 'Direction': u'ahead', 'Number': 3, 'Background': u'_WHI', 'Format': u'image'}
33.4193 	EXP 	window1: blendMode = 'avg'
33.4205 	EXP 	window1: blendMode = 'avg'
33.4550 	EXP 	text_11: autoDraw = False
33.4550 	EXP 	image_3: autoDraw = False
33.4550 	EXP 	text_same_practice_2: autoDraw = False
33.4550 	EXP 	image_3: image = u'Extra_Stimuli//ahead_image_3_WHI.jpg'
33.4550 	EXP 	text_same_practice_2: text = 'SAME?'
33.4550 	EXP 	text_11: autoDraw = True
33.4550 	EXP 	image_3: autoDraw = True
33.4550 	EXP 	text_same_practice_2: autoDraw = True
33.4561 	EXP 	window1: blendMode = 'avg'
33.4567 	EXP 	window1: blendMode = 'avg'
33.4759 	EXP 	window1: blendMode = 'avg'
33.4768 	EXP 	window1: blendMode = 'avg'
33.4962 	EXP 	window1: blendMode = 'avg'
33.4972 	EXP 	window1: blendMode = 'avg'
33.5160 	EXP 	window1: blendMode = 'avg'
33.5168 	EXP 	window1: blendMode = 'avg'
33.5363 	EXP 	window1: blendMode = 'avg'
33.5370 	EXP 	window1: blendMode = 'avg'
33.5682 	EXP 	window1: blendMode = 'avg'
33.5686 	EXP 	window1: blendMode = 'avg'
33.5891 	EXP 	window1: blendMode = 'avg'
33.5895 	EXP 	window1: blendMode = 'avg'
33.6077 	DATA 	Keypress: a
33.6085 	EXP 	New trial (rep=0, index=8): {'Stimulus_Practice': u'left_image_2_WHI.jpg', 'Direction': u'left', 'Number': 2, 'Background': u'_WHI', 'Format': u'image'}
33.6573 	EXP 	window1: blendMode = 'avg'
33.6577 	EXP 	window1: blendMode = 'avg'
33.6817 	EXP 	text_11: autoDraw = False
33.6817 	EXP 	image_3: autoDraw = False
33.6817 	EXP 	text_same_practice_2: autoDraw = False
33.6817 	EXP 	image_3: image = u'Extra_Stimuli//left_image_2_WHI.jpg'
33.6817 	EXP 	text_same_practice_2: text = ''
33.6817 	EXP 	text_11: autoDraw = True
33.6817 	EXP 	image_3: autoDraw = True
33.6817 	EXP 	text_same_practice_2: autoDraw = True
33.6823 	EXP 	window1: blendMode = 'avg'
33.6826 	EXP 	window1: blendMode = 'avg'
33.7027 	EXP 	window1: blendMode = 'avg'
33.7031 	EXP 	window1: blendMode = 'avg'
33.8263 	EXP 	window1: blendMode = 'avg'
33.8266 	EXP 	window1: blendMode = 'avg'
33.8572 	EXP 	window1: blendMode = 'avg'
33.8575 	EXP 	window1: blendMode = 'avg'
33.8885 	EXP 	window1: blendMode = 'avg'
33.8891 	EXP 	window1: blendMode = 'avg'
33.9205 	EXP 	window1: blendMode = 'avg'
33.9209 	EXP 	window1: blendMode = 'avg'
33.9554 	EXP 	window1: blendMode = 'avg'
33.9558 	EXP 	window1: blendMode = 'avg'
33.9753 	EXP 	window1: blendMode = 'avg'
33.9756 	EXP 	window1: blendMode = 'avg'
33.9958 	EXP 	window1: blendMode = 'avg'
33.9962 	EXP 	window1: blendMode = 'avg'
34.0158 	EXP 	window1: blendMode = 'avg'
34.0161 	EXP 	window1: blendMode = 'avg'
34.0360 	EXP 	window1: blendMode = 'avg'
34.0365 	EXP 	window1: blendMode = 'avg'
34.0686 	DATA 	Keypress: f
34.1113 	EXP 	window1: blendMode = 'avg'
34.1418 	EXP 	text_11: autoDraw = False
34.1418 	EXP 	image_3: autoDraw = False
34.1418 	EXP 	text_same_practice_2: autoDraw = False
34.1418 	EXP 	text_2: autoDraw = True
34.1429 	EXP 	window1: blendMode = 'avg'
34.1747 	EXP 	window1: blendMode = 'avg'
34.2051 	EXP 	window1: blendMode = 'avg'
34.2368 	EXP 	window1: blendMode = 'avg'
34.2672 	EXP 	window1: blendMode = 'avg'
34.2990 	EXP 	window1: blendMode = 'avg'
34.4157 	EXP 	window1: blendMode = 'avg'
34.4357 	EXP 	window1: blendMode = 'avg'
34.4555 	EXP 	window1: blendMode = 'avg'
34.4759 	EXP 	window1: blendMode = 'avg'
34.4961 	EXP 	window1: blendMode = 'avg'
34.5165 	EXP 	window1: blendMode = 'avg'
34.5376 	EXP 	window1: blendMode = 'avg'
34.5689 	EXP 	window1: blendMode = 'avg'
34.5879 	EXP 	window1: blendMode = 'avg'
34.6080 	EXP 	window1: blendMode = 'avg'
34.6286 	EXP 	window1: blendMode = 'avg'
34.6483 	EXP 	window1: blendMode = 'avg'
34.6686 	EXP 	window1: blendMode = 'avg'
34.6885 	EXP 	window1: blendMode = 'avg'
34.7081 	DATA 	Keypress: escape
