11.7941 	INFO 	Loaded monitor calibration from ['2016_05_25 15:27']
15.5118 	EXP 	Created window1 = Window(allowGUI=False, allowStencil=False, autoLog=True, bitsMode=UNKNOWN, blendMode='avg', color=array([ 0.4,  0.4,  0.4]), colorSpace='rgb', fullscr=UNKNOWN, gamma=None, lms=UNKNOWN, monitor=<psychopy.monitors.calibTools.Monitor instance at 0x05529D28>, name='window1', pos=[0, 0], screen=0, size=array([1920, 1080]), stereo=False, units=u'norm', useFBO=True, viewOri=0.0, viewPos=None, viewScale=None, waitBlanking=True, winType='pyglet')
15.5119 	EXP 	window1: recordFrameIntervals = False
15.6268 	DATA 	Keypress: d
15.6755 	EXP 	window1: recordFrameIntervals = True
15.8596 	DEBUG 	Screen (0) actual frame rate measured at 59.81
15.8597 	EXP 	window1: recordFrameIntervals = False
16.0709 	EXP 	Created text_4 = TextStim(alignHoriz='center', alignVert='center', antialias=True, autoLog=True, bold=False, color='black', colorSpace='named', contrast=1.0, depth=0.0, flipHoriz=False, flipVert=False, font='Arial', fontFiles=[], height=0.1, italic=False, name='text_4', opacity=1.0, ori=0, pos=array([ 0.,  0.]), rgb=array([ 0.,  0.,  0.]), text=unicode(...), units=u'norm', win=Window(...), wrapWidth=1.5)
16.0716 	EXP 	Created text_6 = TextStim(alignHoriz='center', alignVert='center', antialias=True, autoLog=True, bold=False, color='black', colorSpace='named', contrast=1.0, depth=0.0, flipHoriz=False, flipVert=False, font='Arial', fontFiles=[], height=0.1, italic=False, name='text_6', opacity=1.0, ori=0, pos=array([ 0.,  0.]), rgb=array([ 0.,  0.,  0.]), text='', units=u'norm', win=Window(...), wrapWidth=1.5)
16.0723 	EXP 	Created text_9 = TextStim(alignHoriz='center', alignVert='center', antialias=True, autoLog=True, bold=False, color='black', colorSpace='named', contrast=1.0, depth=-1.0, flipHoriz=False, flipVert=False, font='Arial', fontFiles=[], height=0.1, italic=False, name='text_9', opacity=1.0, ori=0, pos=array([ 0. , -0.6]), rgb=array([ 0.,  0.,  0.]), text='', units=u'norm', win=Window(...), wrapWidth=1)
16.0755 	EXP 	Created image = ImageStim(autoLog=True, color=array([ 1.,  1.,  1.]), colorSpace='rgb', contrast=1.0, depth=-2.0, flipHoriz=False, flipVert=False, image='sin', interpolate=True, mask=None, maskParams=None, name='image', opacity=1.0, ori=0.0, pos=array([ 0.,  0.]), size=array([ 0.67,  0.67]), texRes=128, units='height', win=Window(...))
16.0762 	EXP 	Created text_same_practice = TextStim(alignHoriz='center', alignVert='center', antialias=True, autoLog=True, bold=False, color='black', colorSpace='named', contrast=1.0, depth=-3.0, flipHoriz=False, flipVert=False, font='Arial', fontFiles=[], height=0.1, italic=False, name='text_same_practice', opacity=1.0, ori=0, pos=array([ 0. , -0.8]), rgb=array([ 0.,  0.,  0.]), text='', units=u'norm', win=Window(...), wrapWidth=1)
16.0803 	EXP 	Created text_2 = TextStim(alignHoriz='center', alignVert='center', antialias=True, autoLog=True, bold=False, color='black', colorSpace='named', contrast=1.0, depth=0.0, flipHoriz=False, flipVert=False, font='Arial', fontFiles=[], height=0.1, italic=False, name='text_2', opacity=1.0, ori=0, pos=array([ 0.,  0.]), rgb=array([ 0.,  0.,  0.]), text=u'+', units=u'norm', win=Window(...), wrapWidth=1)
16.0810 	EXP 	Created text_11 = TextStim(alignHoriz='center', alignVert='center', antialias=True, autoLog=True, bold=False, color='black', colorSpace='named', contrast=1.0, depth=-1.0, flipHoriz=False, flipVert=False, font='Arial', fontFiles=[], height=0.1, italic=False, name='text_11', opacity=1.0, ori=0, pos=array([ 0. , -0.6]), rgb=array([ 0.,  0.,  0.]), text='', units=u'norm', win=Window(...), wrapWidth=1)
16.0832 	EXP 	Created image_3 = ImageStim(autoLog=True, color=array([ 1.,  1.,  1.]), colorSpace='rgb', contrast=1.0, depth=-2.0, flipHoriz=False, flipVert=False, image='sin', interpolate=True, mask=None, maskParams=None, name='image_3', opacity=1.0, ori=0.0, pos=array([ 0.,  0.]), size=array([ 0.67,  0.67]), texRes=128, units='height', win=Window(...))
16.0839 	EXP 	Created text_same_practice_2 = TextStim(alignHoriz='center', alignVert='center', antialias=True, autoLog=True, bold=False, color='black', colorSpace='named', contrast=1.0, depth=-3.0, flipHoriz=False, flipVert=False, font='Arial', fontFiles=[], height=0.1, italic=False, name='text_same_practice_2', opacity=1.0, ori=0, pos=array([ 0. , -0.8]), rgb=array([ 0.,  0.,  0.]), text='', units=u'norm', win=Window(...), wrapWidth=1)
16.0925 	EXP 	Created text_2 = TextStim(alignHoriz='center', alignVert='center', antialias=True, autoLog=True, bold=False, color='black', colorSpace='named', contrast=1.0, depth=0.0, flipHoriz=False, flipVert=False, font='Arial', fontFiles=[], height=0.1, italic=False, name='text_2', opacity=1.0, ori=0, pos=array([ 0.,  0.]), rgb=array([ 0.,  0.,  0.]), text=u'+', units=u'norm', win=Window(...), wrapWidth=1)
16.0932 	EXP 	Created text_12 = TextStim(alignHoriz='center', alignVert='center', antialias=True, autoLog=True, bold=False, color='black', colorSpace='named', contrast=1.0, depth=-1.0, flipHoriz=False, flipVert=False, font='Arial', fontFiles=[], height=0.1, italic=False, name='text_12', opacity=1.0, ori=0, pos=array([ 0. , -0.6]), rgb=array([ 0.,  0.,  0.]), text='', units=u'norm', win=Window(...), wrapWidth=1)
16.0957 	EXP 	Created image_4 = ImageStim(autoLog=True, color=array([ 1.,  1.,  1.]), colorSpace='rgb', contrast=1.0, depth=-2.0, flipHoriz=False, flipVert=False, image='sin', interpolate=True, mask=None, maskParams=None, name='image_4', opacity=1.0, ori=0.0, pos=array([ 0.,  0.]), size=array([ 0.67,  0.67]), texRes=128, units='height', win=Window(...))
16.0964 	EXP 	Created text_same_practice_3 = TextStim(alignHoriz='center', alignVert='center', antialias=True, autoLog=True, bold=False, color='black', colorSpace='named', contrast=1.0, depth=-3.0, flipHoriz=False, flipVert=False, font='Arial', fontFiles=[], height=0.1, italic=False, name='text_same_practice_3', opacity=1.0, ori=0, pos=array([ 0. , -0.8]), rgb=array([ 0.,  0.,  0.]), text='', units=u'norm', win=Window(...), wrapWidth=1)
16.1210 	EXP 	Created text_10 = TextStim(alignHoriz='center', alignVert='center', antialias=True, autoLog=True, bold=False, color='black', colorSpace='named', contrast=1.0, depth=0.0, flipHoriz=False, flipVert=False, font='Arial', fontFiles=[], height=0.1, italic=False, name='text_10', opacity=1.0, ori=0, pos=array([ 0.,  0.]), rgb=array([ 0.,  0.,  0.]), text=unicode(...), units=u'norm', win=Window(...), wrapWidth=1)
16.1233 	EXP 	Created image_2 = ImageStim(autoLog=True, color=array([ 1.,  1.,  1.]), colorSpace='rgb', contrast=1.0, depth=-1.0, flipHoriz=False, flipVert=False, image='sin', interpolate=True, mask=None, maskParams=None, name='image_2', opacity=1.0, ori=0.0, pos=array([ 0.,  0.]), size=array([ 0.67,  0.67]), texRes=128, units='height', win=Window(...))
16.1275 	EXP 	Created unnamed TextStim = TextStim(alignHoriz='center', alignVert='center', antialias=True, autoLog=True, bold=False, color='black', colorSpace='named', contrast=1.0, depth=0, flipHoriz=False, flipVert=False, font='', fontFiles=[], height=0.1, italic=False, name='unnamed TextStim', opacity=1.0, ori=0.0, pos=array([ 0.,  0.]), rgb=array([ 0.,  0.,  0.]), text=u'+', units=u'norm', win=Window(...), wrapWidth=1)
16.1282 	EXP 	Created text_same = TextStim(alignHoriz='center', alignVert='center', antialias=True, autoLog=True, bold=False, color='black', colorSpace='named', contrast=1.0, depth=-3.0, flipHoriz=False, flipVert=False, font='Arial', fontFiles=[], height=0.1, italic=False, name='text_same', opacity=1.0, ori=0, pos=array([ 0. , -0.8]), rgb=array([ 0.,  0.,  0.]), text='', units=u'norm', win=Window(...), wrapWidth=1)
16.1372 	EXP 	Created text = TextStim(alignHoriz='center', alignVert='center', antialias=True, autoLog=True, bold=False, color='black', colorSpace='named', contrast=1.0, depth=0.0, flipHoriz=False, flipVert=False, font='Arial', fontFiles=[], height=0.1, italic=False, name='text', opacity=1.0, ori=0, pos=array([ 0.,  0.]), rgb=array([ 0.,  0.,  0.]), text=unicode(...), units=u'norm', win=Window(...), wrapWidth=1)
16.1603 	EXP 	text_4: autoDraw = True
19.1240 	DATA 	Keypress: d
19.1253 	EXP 	Created sequence: random, trialTypes=1, nReps=2, seed=None
19.1261 	EXP 	New trial (rep=0, index=0): None
19.2728 	EXP 	text_4: autoDraw = False
19.2728 	EXP 	text_6: text = "Let's try a few for practice. You'll see spatial directions one at a time on the screen. They will be either LEFT or RIGHT or AHEAD. Tell the experimenter if the spatial direction on the screen is the SAME or DIFFERENT from the spatial direction that you just saw. For the first stimulus, just say 'GO.' Then when it says 'Same?' underneath, tell the experimenter whether you see the same direction or a different direction"
19.2728 	EXP 	text_6: autoDraw = True
19.5738 	DATA 	Keypress: d
19.6088 	EXP 	Imported Extra_Stimuli//practice_order_WHI_schema.xlsx as conditions, 9 conditions, 5 params
19.6094 	EXP 	Created sequence: random, trialTypes=9, nReps=1, seed=None
19.6102 	EXP 	New trial (rep=0, index=0): {u'Stimulus_Practice': u'left_schema_1_WHI.jpg', u'Direction': u'left', u'Number': 1, u'Background': u'_WHI', u'Format': u'schema'}
19.7227 	EXP 	text_6: autoDraw = False
19.7227 	EXP 	image: image = u'Extra_Stimuli//left_schema_1_WHI.jpg'
19.7227 	EXP 	text_same_practice: text = ''
19.7227 	EXP 	text_9: autoDraw = True
19.7227 	EXP 	image: autoDraw = True
19.7227 	EXP 	text_same_practice: autoDraw = True
20.0073 	DATA 	Keypress: f
20.0095 	EXP 	New trial (rep=0, index=1): {u'Stimulus_Practice': u'right_schema_3_WHI.jpg', u'Direction': u'right', u'Number': 3, u'Background': u'_WHI', u'Format': u'schema'}
20.1061 	EXP 	text_9: autoDraw = False
20.1061 	EXP 	image: autoDraw = False
20.1061 	EXP 	text_same_practice: autoDraw = False
20.1061 	EXP 	image: image = u'Extra_Stimuli//right_schema_3_WHI.jpg'
20.1061 	EXP 	text_same_practice: text = 'SAME?'
20.1061 	EXP 	text_9: autoDraw = True
20.1061 	EXP 	image: autoDraw = True
20.1061 	EXP 	text_same_practice: autoDraw = True
20.3918 	DATA 	Keypress: a
20.3936 	EXP 	New trial (rep=0, index=2): {u'Stimulus_Practice': u'left_schema_3_WHI.jpg', u'Direction': u'left', u'Number': 3, u'Background': u'_WHI', u'Format': u'schema'}
20.4896 	EXP 	text_9: autoDraw = False
20.4896 	EXP 	image: autoDraw = False
20.4896 	EXP 	text_same_practice: autoDraw = False
20.4896 	EXP 	image: image = u'Extra_Stimuli//left_schema_3_WHI.jpg'
20.4896 	EXP 	text_same_practice: text = ''
20.4896 	EXP 	text_9: autoDraw = True
20.4896 	EXP 	image: autoDraw = True
20.4896 	EXP 	text_same_practice: autoDraw = True
20.7067 	DATA 	Keypress: f
20.7085 	EXP 	New trial (rep=0, index=3): {u'Stimulus_Practice': u'ahead_schema_1_WHI.jpg', u'Direction': u'ahead', u'Number': 1, u'Background': u'_WHI', u'Format': u'schema'}
20.8057 	EXP 	text_9: autoDraw = False
20.8057 	EXP 	image: autoDraw = False
20.8057 	EXP 	text_same_practice: autoDraw = False
20.8057 	EXP 	image: image = u'Extra_Stimuli//ahead_schema_1_WHI.jpg'
20.8057 	EXP 	text_same_practice: text = 'SAME?'
20.8057 	EXP 	text_9: autoDraw = True
20.8057 	EXP 	image: autoDraw = True
20.8057 	EXP 	text_same_practice: autoDraw = True
21.0068 	DATA 	Keypress: a
21.0086 	EXP 	New trial (rep=0, index=4): {u'Stimulus_Practice': u'right_schema_2_WHI.jpg', u'Direction': u'right', u'Number': 2, u'Background': u'_WHI', u'Format': u'schema'}
21.0887 	EXP 	text_9: autoDraw = False
21.0887 	EXP 	image: autoDraw = False
21.0887 	EXP 	text_same_practice: autoDraw = False
21.0887 	EXP 	image: image = u'Extra_Stimuli//right_schema_2_WHI.jpg'
21.0887 	EXP 	text_same_practice: text = ''
21.0887 	EXP 	text_9: autoDraw = True
21.0887 	EXP 	image: autoDraw = True
21.0887 	EXP 	text_same_practice: autoDraw = True
21.2901 	DATA 	Keypress: f
21.2919 	EXP 	New trial (rep=0, index=5): {u'Stimulus_Practice': u'right_schema_1_WHI.jpg', u'Direction': u'right', u'Number': 1, u'Background': u'_WHI', u'Format': u'schema'}
21.3717 	EXP 	text_9: autoDraw = False
21.3717 	EXP 	image: autoDraw = False
21.3717 	EXP 	text_same_practice: autoDraw = False
21.3717 	EXP 	image: image = u'Extra_Stimuli//right_schema_1_WHI.jpg'
21.3717 	EXP 	text_same_practice: text = 'SAME?'
21.3717 	EXP 	text_9: autoDraw = True
21.3717 	EXP 	image: autoDraw = True
21.3717 	EXP 	text_same_practice: autoDraw = True
21.6231 	DATA 	Keypress: a
21.6249 	EXP 	New trial (rep=0, index=6): {u'Stimulus_Practice': u'ahead_schema_2_WHI.jpg', u'Direction': u'ahead', u'Number': 2, u'Background': u'_WHI', u'Format': u'schema'}
21.7053 	EXP 	text_9: autoDraw = False
21.7053 	EXP 	image: autoDraw = False
21.7053 	EXP 	text_same_practice: autoDraw = False
21.7053 	EXP 	image: image = u'Extra_Stimuli//ahead_schema_2_WHI.jpg'
21.7053 	EXP 	text_same_practice: text = ''
21.7053 	EXP 	text_9: autoDraw = True
21.7053 	EXP 	image: autoDraw = True
21.7053 	EXP 	text_same_practice: autoDraw = True
21.9561 	DATA 	Keypress: f
21.9579 	EXP 	New trial (rep=0, index=7): {u'Stimulus_Practice': u'ahead_schema_3_WHI.jpg', u'Direction': u'ahead', u'Number': 3, u'Background': u'_WHI', u'Format': u'schema'}
22.0382 	EXP 	text_9: autoDraw = False
22.0382 	EXP 	image: autoDraw = False
22.0382 	EXP 	text_same_practice: autoDraw = False
22.0382 	EXP 	image: image = u'Extra_Stimuli//ahead_schema_3_WHI.jpg'
22.0382 	EXP 	text_same_practice: text = 'SAME?'
22.0382 	EXP 	text_9: autoDraw = True
22.0382 	EXP 	image: autoDraw = True
22.0382 	EXP 	text_same_practice: autoDraw = True
22.3227 	DATA 	Keypress: a
22.3246 	EXP 	New trial (rep=0, index=8): {u'Stimulus_Practice': u'left_schema_2_WHI.jpg', u'Direction': u'left', u'Number': 2, u'Background': u'_WHI', u'Format': u'schema'}
22.4049 	EXP 	text_9: autoDraw = False
22.4049 	EXP 	image: autoDraw = False
22.4049 	EXP 	text_same_practice: autoDraw = False
22.4049 	EXP 	image: image = u'Extra_Stimuli//left_schema_2_WHI.jpg'
22.4049 	EXP 	text_9: autoDraw = True
22.4049 	EXP 	image: autoDraw = True
22.4049 	EXP 	text_same_practice: autoDraw = True
23.2554 	DATA 	Keypress: a
23.3379 	EXP 	text_9: autoDraw = False
23.3379 	EXP 	image: autoDraw = False
23.3379 	EXP 	text_same_practice: autoDraw = False
23.3379 	EXP 	text_2: autoDraw = True
23.9717 	DATA 	Keypress: escape
16.6434 	INFO 	Loaded monitor calibration from ['2016_05_25 15:27']
17.8412 	EXP 	Created window1 = Window(allowGUI=False, allowStencil=False, autoLog=True, bitsMode=UNKNOWN, blendMode='avg', color=array([ 0.4,  0.4,  0.4]), colorSpace='rgb', fullscr=UNKNOWN, gamma=None, lms=UNKNOWN, monitor=<psychopy.monitors.calibTools.Monitor instance at 0x055A5D28>, name='window1', pos=[0, 0], screen=0, size=array([1920, 1080]), stereo=False, units=u'norm', useFBO=True, viewOri=0.0, viewPos=None, viewScale=None, waitBlanking=True, winType='pyglet')
17.8413 	EXP 	window1: recordFrameIntervals = False
18.0060 	EXP 	window1: recordFrameIntervals = True
18.1891 	DEBUG 	Screen (0) actual frame rate measured at 60.19
18.1892 	EXP 	window1: recordFrameIntervals = False
18.3961 	EXP 	Created text_4 = TextStim(alignHoriz='center', alignVert='center', antialias=True, autoLog=True, bold=False, color='black', colorSpace='named', contrast=1.0, depth=0.0, flipHoriz=False, flipVert=False, font='Arial', fontFiles=[], height=0.1, italic=False, name='text_4', opacity=1.0, ori=0, pos=array([ 0.,  0.]), rgb=array([ 0.,  0.,  0.]), text=unicode(...), units=u'norm', win=Window(...), wrapWidth=1.5)
18.3968 	EXP 	Created text_6 = TextStim(alignHoriz='center', alignVert='center', antialias=True, autoLog=True, bold=False, color='black', colorSpace='named', contrast=1.0, depth=0.0, flipHoriz=False, flipVert=False, font='Arial', fontFiles=[], height=0.1, italic=False, name='text_6', opacity=1.0, ori=0, pos=array([ 0.,  0.]), rgb=array([ 0.,  0.,  0.]), text='', units=u'norm', win=Window(...), wrapWidth=1.5)
18.3974 	EXP 	Created text_9 = TextStim(alignHoriz='center', alignVert='center', antialias=True, autoLog=True, bold=False, color='black', colorSpace='named', contrast=1.0, depth=-1.0, flipHoriz=False, flipVert=False, font='Arial', fontFiles=[], height=0.1, italic=False, name='text_9', opacity=1.0, ori=0, pos=array([ 0. , -0.6]), rgb=array([ 0.,  0.,  0.]), text='', units=u'norm', win=Window(...), wrapWidth=1)
18.4008 	EXP 	Created image = ImageStim(autoLog=True, color=array([ 1.,  1.,  1.]), colorSpace='rgb', contrast=1.0, depth=-2.0, flipHoriz=False, flipVert=False, image='sin', interpolate=True, mask=None, maskParams=None, name='image', opacity=1.0, ori=0.0, pos=array([ 0.,  0.]), size=array([ 0.67,  0.67]), texRes=128, units='height', win=Window(...))
18.4015 	EXP 	Created text_same_practice = TextStim(alignHoriz='center', alignVert='center', antialias=True, autoLog=True, bold=False, color='black', colorSpace='named', contrast=1.0, depth=-3.0, flipHoriz=False, flipVert=False, font='Arial', fontFiles=[], height=0.1, italic=False, name='text_same_practice', opacity=1.0, ori=0, pos=array([ 0. , -0.8]), rgb=array([ 0.,  0.,  0.]), text='', units=u'norm', win=Window(...), wrapWidth=1)
18.4055 	EXP 	Created text_2 = TextStim(alignHoriz='center', alignVert='center', antialias=True, autoLog=True, bold=False, color='black', colorSpace='named', contrast=1.0, depth=0.0, flipHoriz=False, flipVert=False, font='Arial', fontFiles=[], height=0.1, italic=False, name='text_2', opacity=1.0, ori=0, pos=array([ 0.,  0.]), rgb=array([ 0.,  0.,  0.]), text=u'+', units=u'norm', win=Window(...), wrapWidth=1)
18.4062 	EXP 	Created text_11 = TextStim(alignHoriz='center', alignVert='center', antialias=True, autoLog=True, bold=False, color='black', colorSpace='named', contrast=1.0, depth=-1.0, flipHoriz=False, flipVert=False, font='Arial', fontFiles=[], height=0.1, italic=False, name='text_11', opacity=1.0, ori=0, pos=array([ 0. , -0.6]), rgb=array([ 0.,  0.,  0.]), text='', units=u'norm', win=Window(...), wrapWidth=1)
18.4085 	EXP 	Created image_3 = ImageStim(autoLog=True, color=array([ 1.,  1.,  1.]), colorSpace='rgb', contrast=1.0, depth=-2.0, flipHoriz=False, flipVert=False, image='sin', interpolate=True, mask=None, maskParams=None, name='image_3', opacity=1.0, ori=0.0, pos=array([ 0.,  0.]), size=array([ 0.67,  0.67]), texRes=128, units='height', win=Window(...))
18.4092 	EXP 	Created text_same_practice_2 = TextStim(alignHoriz='center', alignVert='center', antialias=True, autoLog=True, bold=False, color='black', colorSpace='named', contrast=1.0, depth=-3.0, flipHoriz=False, flipVert=False, font='Arial', fontFiles=[], height=0.1, italic=False, name='text_same_practice_2', opacity=1.0, ori=0, pos=array([ 0. , -0.8]), rgb=array([ 0.,  0.,  0.]), text='', units=u'norm', win=Window(...), wrapWidth=1)
18.4178 	EXP 	Created text_2 = TextStim(alignHoriz='center', alignVert='center', antialias=True, autoLog=True, bold=False, color='black', colorSpace='named', contrast=1.0, depth=0.0, flipHoriz=False, flipVert=False, font='Arial', fontFiles=[], height=0.1, italic=False, name='text_2', opacity=1.0, ori=0, pos=array([ 0.,  0.]), rgb=array([ 0.,  0.,  0.]), text=u'+', units=u'norm', win=Window(...), wrapWidth=1)
18.4185 	EXP 	Created text_12 = TextStim(alignHoriz='center', alignVert='center', antialias=True, autoLog=True, bold=False, color='black', colorSpace='named', contrast=1.0, depth=-1.0, flipHoriz=False, flipVert=False, font='Arial', fontFiles=[], height=0.1, italic=False, name='text_12', opacity=1.0, ori=0, pos=array([ 0. , -0.6]), rgb=array([ 0.,  0.,  0.]), text='', units=u'norm', win=Window(...), wrapWidth=1)
18.4210 	EXP 	Created image_4 = ImageStim(autoLog=True, color=array([ 1.,  1.,  1.]), colorSpace='rgb', contrast=1.0, depth=-2.0, flipHoriz=False, flipVert=False, image='sin', interpolate=True, mask=None, maskParams=None, name='image_4', opacity=1.0, ori=0.0, pos=array([ 0.,  0.]), size=array([ 0.67,  0.67]), texRes=128, units='height', win=Window(...))
18.4217 	EXP 	Created text_same_practice_3 = TextStim(alignHoriz='center', alignVert='center', antialias=True, autoLog=True, bold=False, color='black', colorSpace='named', contrast=1.0, depth=-3.0, flipHoriz=False, flipVert=False, font='Arial', fontFiles=[], height=0.1, italic=False, name='text_same_practice_3', opacity=1.0, ori=0, pos=array([ 0. , -0.8]), rgb=array([ 0.,  0.,  0.]), text='', units=u'norm', win=Window(...), wrapWidth=1)
18.4465 	EXP 	Created text_10 = TextStim(alignHoriz='center', alignVert='center', antialias=True, autoLog=True, bold=False, color='black', colorSpace='named', contrast=1.0, depth=0.0, flipHoriz=False, flipVert=False, font='Arial', fontFiles=[], height=0.1, italic=False, name='text_10', opacity=1.0, ori=0, pos=array([ 0.,  0.]), rgb=array([ 0.,  0.,  0.]), text=unicode(...), units=u'norm', win=Window(...), wrapWidth=1)
18.4487 	EXP 	Created image_2 = ImageStim(autoLog=True, color=array([ 1.,  1.,  1.]), colorSpace='rgb', contrast=1.0, depth=-1.0, flipHoriz=False, flipVert=False, image='sin', interpolate=True, mask=None, maskParams=None, name='image_2', opacity=1.0, ori=0.0, pos=array([ 0.,  0.]), size=array([ 0.67,  0.67]), texRes=128, units='height', win=Window(...))
18.4534 	EXP 	Created unnamed TextStim = TextStim(alignHoriz='center', alignVert='center', antialias=True, autoLog=True, bold=False, color='black', colorSpace='named', contrast=1.0, depth=0, flipHoriz=False, flipVert=False, font='', fontFiles=[], height=0.1, italic=False, name='unnamed TextStim', opacity=1.0, ori=0.0, pos=array([ 0.,  0.]), rgb=array([ 0.,  0.,  0.]), text=u'+', units=u'norm', win=Window(...), wrapWidth=1)
18.4540 	EXP 	Created text_same = TextStim(alignHoriz='center', alignVert='center', antialias=True, autoLog=True, bold=False, color='black', colorSpace='named', contrast=1.0, depth=-3.0, flipHoriz=False, flipVert=False, font='Arial', fontFiles=[], height=0.1, italic=False, name='text_same', opacity=1.0, ori=0, pos=array([ 0. , -0.8]), rgb=array([ 0.,  0.,  0.]), text='', units=u'norm', win=Window(...), wrapWidth=1)
18.4631 	EXP 	Created text = TextStim(alignHoriz='center', alignVert='center', antialias=True, autoLog=True, bold=False, color='black', colorSpace='named', contrast=1.0, depth=0.0, flipHoriz=False, flipVert=False, font='Arial', fontFiles=[], height=0.1, italic=False, name='text', opacity=1.0, ori=0, pos=array([ 0.,  0.]), rgb=array([ 0.,  0.,  0.]), text=unicode(...), units=u'norm', win=Window(...), wrapWidth=1)
18.4903 	EXP 	text_4: autoDraw = True
18.8560 	DATA 	Keypress: d
18.8573 	EXP 	Created sequence: random, trialTypes=1, nReps=2, seed=None
18.8581 	EXP 	New trial (rep=0, index=0): None
18.9876 	EXP 	text_4: autoDraw = False
18.9876 	EXP 	text_6: text = "Let's try a few for practice. You'll see spatial directions one at a time on the screen. They will be either LEFT or RIGHT or AHEAD. Tell the experimenter if the spatial direction on the screen is the SAME or DIFFERENT from the spatial direction that you just saw. For the first stimulus, just say 'GO.' Then when it says 'Same?' underneath, tell the experimenter whether you see the same direction or a different direction"
18.9876 	EXP 	text_6: autoDraw = True
19.2388 	DATA 	Keypress: s
19.2896 	EXP 	Imported Extra_Stimuli//practice_order_WHI_image.xlsx as conditions, 9 conditions, 5 params
19.2902 	EXP 	Created sequence: random, trialTypes=9, nReps=1, seed=None
19.2909 	EXP 	New trial (rep=0, index=0): {u'Stimulus_Practice': u'right_image_3_WHI.jpg', u'Direction': u'right', u'Number': 3, u'Background': u'_WHI', u'Format': u'image'}
19.4206 	EXP 	text_6: autoDraw = False
19.4206 	EXP 	image: image = u'Extra_Stimuli//right_image_3_WHI.jpg'
19.4206 	EXP 	text_same_practice: text = ''
19.4206 	EXP 	text_9: autoDraw = True
19.4206 	EXP 	image: autoDraw = True
19.4206 	EXP 	text_same_practice: autoDraw = True
19.7233 	DATA 	Keypress: f
19.7259 	EXP 	New trial (rep=0, index=1): {u'Stimulus_Practice': u'right_image_2_WHI.jpg', u'Direction': u'right', u'Number': 2, u'Background': u'_WHI', u'Format': u'image'}
19.8206 	EXP 	text_9: autoDraw = False
19.8206 	EXP 	image: autoDraw = False
19.8206 	EXP 	text_same_practice: autoDraw = False
19.8206 	EXP 	image: image = u'Extra_Stimuli//right_image_2_WHI.jpg'
19.8206 	EXP 	text_same_practice: text = 'SAME?'
19.8206 	EXP 	text_9: autoDraw = True
19.8206 	EXP 	image: autoDraw = True
19.8206 	EXP 	text_same_practice: autoDraw = True
20.1548 	DATA 	Keypress: a
20.1568 	EXP 	New trial (rep=0, index=2): {u'Stimulus_Practice': u'left_image_3_WHI.jpg', u'Direction': u'left', u'Number': 3, u'Background': u'_WHI', u'Format': u'image'}
20.2872 	EXP 	text_9: autoDraw = False
20.2872 	EXP 	image: autoDraw = False
20.2872 	EXP 	text_same_practice: autoDraw = False
20.2872 	EXP 	image: image = u'Extra_Stimuli//left_image_3_WHI.jpg'
20.2872 	EXP 	text_same_practice: text = ''
20.2872 	EXP 	text_9: autoDraw = True
20.2872 	EXP 	image: autoDraw = True
20.2872 	EXP 	text_same_practice: autoDraw = True
20.4715 	DATA 	Keypress: f
20.4733 	EXP 	New trial (rep=0, index=3): {u'Stimulus_Practice': u'ahead_image_2_WHI.jpg', u'Direction': u'ahead', u'Number': 2, u'Background': u'_WHI', u'Format': u'image'}
20.5868 	EXP 	text_9: autoDraw = False
20.5868 	EXP 	image: autoDraw = False
20.5868 	EXP 	text_same_practice: autoDraw = False
20.5868 	EXP 	image: image = u'Extra_Stimuli//ahead_image_2_WHI.jpg'
20.5868 	EXP 	text_same_practice: text = 'SAME?'
20.5868 	EXP 	text_9: autoDraw = True
20.5868 	EXP 	image: autoDraw = True
20.5868 	EXP 	text_same_practice: autoDraw = True
20.7380 	DATA 	Keypress: a
20.7398 	EXP 	New trial (rep=0, index=4): {u'Stimulus_Practice': u'left_image_1_WHI.jpg', u'Direction': u'left', u'Number': 1, u'Background': u'_WHI', u'Format': u'image'}
20.8366 	EXP 	text_9: autoDraw = False
20.8366 	EXP 	image: autoDraw = False
20.8366 	EXP 	text_same_practice: autoDraw = False
20.8366 	EXP 	image: image = u'Extra_Stimuli//left_image_1_WHI.jpg'
20.8366 	EXP 	text_same_practice: text = ''
20.8366 	EXP 	text_9: autoDraw = True
20.8366 	EXP 	image: autoDraw = True
20.8366 	EXP 	text_same_practice: autoDraw = True
21.0211 	DATA 	Keypress: f
21.0230 	EXP 	New trial (rep=0, index=5): {u'Stimulus_Practice': u'ahead_image_1_WHI.jpg', u'Direction': u'ahead', u'Number': 1, u'Background': u'_WHI', u'Format': u'image'}
21.1365 	EXP 	text_9: autoDraw = False
21.1365 	EXP 	image: autoDraw = False
21.1365 	EXP 	text_same_practice: autoDraw = False
21.1365 	EXP 	image: image = u'Extra_Stimuli//ahead_image_1_WHI.jpg'
21.1365 	EXP 	text_same_practice: text = 'SAME?'
21.1365 	EXP 	text_9: autoDraw = True
21.1365 	EXP 	image: autoDraw = True
21.1365 	EXP 	text_same_practice: autoDraw = True
21.3379 	DATA 	Keypress: a
21.3398 	EXP 	New trial (rep=0, index=6): {u'Stimulus_Practice': u'right_image_1_WHI.jpg', u'Direction': u'right', u'Number': 1, u'Background': u'_WHI', u'Format': u'image'}
21.4866 	EXP 	text_9: autoDraw = False
21.4866 	EXP 	image: autoDraw = False
21.4866 	EXP 	text_same_practice: autoDraw = False
21.4866 	EXP 	image: image = u'Extra_Stimuli//right_image_1_WHI.jpg'
21.4866 	EXP 	text_same_practice: text = ''
21.4866 	EXP 	text_9: autoDraw = True
21.4866 	EXP 	image: autoDraw = True
21.4866 	EXP 	text_same_practice: autoDraw = True
21.8207 	DATA 	Keypress: f
21.8231 	EXP 	New trial (rep=0, index=7): {u'Stimulus_Practice': u'left_image_2_WHI.jpg', u'Direction': u'left', u'Number': 2, u'Background': u'_WHI', u'Format': u'image'}
21.9861 	EXP 	text_9: autoDraw = False
21.9861 	EXP 	image: autoDraw = False
21.9861 	EXP 	text_same_practice: autoDraw = False
21.9861 	EXP 	image: image = u'Extra_Stimuli//left_image_2_WHI.jpg'
21.9861 	EXP 	text_9: autoDraw = True
21.9861 	EXP 	image: autoDraw = True
21.9861 	EXP 	text_same_practice: autoDraw = True
25.2689 	DATA 	Keypress: a
25.3980 	EXP 	text_9: autoDraw = False
25.3980 	EXP 	image: autoDraw = False
25.3980 	EXP 	text_same_practice: autoDraw = False
25.3980 	EXP 	text_2: autoDraw = True
26.1655 	DATA 	Keypress: escape
