18.7879 	INFO 	Loaded monitor calibration from ['2016_05_25 15:27']
23.2180 	WARNING 	Couldn't measure a consistent frame rate.
  - Is your graphics card set to sync to vertical blank?
  - Are you running other processes on your computer?

23.2199 	EXP 	Created window1 = Window(allowGUI=False, allowStencil=False, autoLog=True, bitsMode=UNKNOWN, blendMode='avg', color=array([ 0.4,  0.4,  0.4]), colorSpace='rgb', fullscr=UNKNOWN, gamma=None, lms=UNKNOWN, monitor=<psychopy.monitors.calibTools.Monitor instance at 0x050E5DC8>, name='window1', pos=[0, 0], screen=0, size=array([1920, 1080]), stereo=False, units=u'norm', useFBO=True, viewOri=0.0, viewPos=None, viewScale=None, waitBlanking=True, winType='pyglet')
23.2200 	EXP 	window1: recordFrameIntervals = False
23.3848 	EXP 	window1: recordFrameIntervals = True
23.5685 	DEBUG 	Screen (0) actual frame rate measured at 59.97
23.5686 	EXP 	window1: recordFrameIntervals = True
23.7812 	EXP 	Created text_4 = TextStim(alignHoriz='center', alignVert='center', antialias=True, autoLog=True, bold=False, color='black', colorSpace='named', contrast=1.0, depth=0.0, flipHoriz=False, flipVert=False, font='Arial', fontFiles=[], height=0.1, italic=False, name='text_4', opacity=1.0, ori=0, pos=array([ 0.,  0.]), rgb=array([ 0.,  0.,  0.]), text=unicode(...), units=u'norm', win=Window(...), wrapWidth=1.5)
23.7819 	EXP 	Created text_6 = TextStim(alignHoriz='center', alignVert='center', antialias=True, autoLog=True, bold=False, color='black', colorSpace='named', contrast=1.0, depth=0.0, flipHoriz=False, flipVert=False, font='Arial', fontFiles=[], height=0.1, italic=False, name='text_6', opacity=1.0, ori=0, pos=array([ 0.,  0.]), rgb=array([ 0.,  0.,  0.]), text='', units=u'norm', win=Window(...), wrapWidth=1.5)
23.7826 	EXP 	Created text_9 = TextStim(alignHoriz='center', alignVert='center', antialias=True, autoLog=True, bold=False, color='black', colorSpace='named', contrast=1.0, depth=-1.0, flipHoriz=False, flipVert=False, font='Arial', fontFiles=[], height=0.1, italic=False, name='text_9', opacity=1.0, ori=0, pos=array([ 0. , -0.6]), rgb=array([ 0.,  0.,  0.]), text='', units=u'norm', win=Window(...), wrapWidth=1)
23.7858 	EXP 	Created image = ImageStim(autoLog=True, color=array([ 1.,  1.,  1.]), colorSpace='rgb', contrast=1.0, depth=-2.0, flipHoriz=False, flipVert=False, image='sin', interpolate=True, mask=None, maskParams=None, name='image', opacity=1.0, ori=0.0, pos=array([ 0.,  0.]), size=array([ 0.67,  0.67]), texRes=128, units='height', win=Window(...))
23.7865 	EXP 	Created text_same_practice = TextStim(alignHoriz='center', alignVert='center', antialias=True, autoLog=True, bold=False, color='black', colorSpace='named', contrast=1.0, depth=-3.0, flipHoriz=False, flipVert=False, font='Arial', fontFiles=[], height=0.1, italic=False, name='text_same_practice', opacity=1.0, ori=0, pos=array([ 0. , -0.8]), rgb=array([ 0.,  0.,  0.]), text='', units=u'norm', win=Window(...), wrapWidth=1)
23.7906 	EXP 	Created text_2 = TextStim(alignHoriz='center', alignVert='center', antialias=True, autoLog=True, bold=False, color='black', colorSpace='named', contrast=1.0, depth=0.0, flipHoriz=False, flipVert=False, font='Arial', fontFiles=[], height=0.1, italic=False, name='text_2', opacity=1.0, ori=0, pos=array([ 0.,  0.]), rgb=array([ 0.,  0.,  0.]), text=u'+', units=u'norm', win=Window(...), wrapWidth=1)
23.7913 	EXP 	Created text_11 = TextStim(alignHoriz='center', alignVert='center', antialias=True, autoLog=True, bold=False, color='black', colorSpace='named', contrast=1.0, depth=-1.0, flipHoriz=False, flipVert=False, font='Arial', fontFiles=[], height=0.1, italic=False, name='text_11', opacity=1.0, ori=0, pos=array([ 0. , -0.6]), rgb=array([ 0.,  0.,  0.]), text='', units=u'norm', win=Window(...), wrapWidth=1)
23.7935 	EXP 	Created image_3 = ImageStim(autoLog=True, color=array([ 1.,  1.,  1.]), colorSpace='rgb', contrast=1.0, depth=-2.0, flipHoriz=False, flipVert=False, image='sin', interpolate=True, mask=None, maskParams=None, name='image_3', opacity=1.0, ori=0.0, pos=array([ 0.,  0.]), size=array([ 0.67,  0.67]), texRes=128, units='height', win=Window(...))
23.7942 	EXP 	Created text_same_practice_2 = TextStim(alignHoriz='center', alignVert='center', antialias=True, autoLog=True, bold=False, color='black', colorSpace='named', contrast=1.0, depth=-3.0, flipHoriz=False, flipVert=False, font='Arial', fontFiles=[], height=0.1, italic=False, name='text_same_practice_2', opacity=1.0, ori=0, pos=array([ 0. , -0.8]), rgb=array([ 0.,  0.,  0.]), text='', units=u'norm', win=Window(...), wrapWidth=1)
23.8032 	EXP 	Created text_2 = TextStim(alignHoriz='center', alignVert='center', antialias=True, autoLog=True, bold=False, color='black', colorSpace='named', contrast=1.0, depth=0.0, flipHoriz=False, flipVert=False, font='Arial', fontFiles=[], height=0.1, italic=False, name='text_2', opacity=1.0, ori=0, pos=array([ 0.,  0.]), rgb=array([ 0.,  0.,  0.]), text=u'+', units=u'norm', win=Window(...), wrapWidth=1)
23.8039 	EXP 	Created text_12 = TextStim(alignHoriz='center', alignVert='center', antialias=True, autoLog=True, bold=False, color='black', colorSpace='named', contrast=1.0, depth=-1.0, flipHoriz=False, flipVert=False, font='Arial', fontFiles=[], height=0.1, italic=False, name='text_12', opacity=1.0, ori=0, pos=array([ 0. , -0.6]), rgb=array([ 0.,  0.,  0.]), text='', units=u'norm', win=Window(...), wrapWidth=1)
23.8064 	EXP 	Created image_4 = ImageStim(autoLog=True, color=array([ 1.,  1.,  1.]), colorSpace='rgb', contrast=1.0, depth=-2.0, flipHoriz=False, flipVert=False, image='sin', interpolate=True, mask=None, maskParams=None, name='image_4', opacity=1.0, ori=0.0, pos=array([ 0.,  0.]), size=array([ 0.67,  0.67]), texRes=128, units='height', win=Window(...))
23.8071 	EXP 	Created text_same_practice_3 = TextStim(alignHoriz='center', alignVert='center', antialias=True, autoLog=True, bold=False, color='black', colorSpace='named', contrast=1.0, depth=-3.0, flipHoriz=False, flipVert=False, font='Arial', fontFiles=[], height=0.1, italic=False, name='text_same_practice_3', opacity=1.0, ori=0, pos=array([ 0. , -0.8]), rgb=array([ 0.,  0.,  0.]), text='', units=u'norm', win=Window(...), wrapWidth=1)
23.8317 	EXP 	Created text_10 = TextStim(alignHoriz='center', alignVert='center', antialias=True, autoLog=True, bold=False, color='black', colorSpace='named', contrast=1.0, depth=0.0, flipHoriz=False, flipVert=False, font='Arial', fontFiles=[], height=0.1, italic=False, name='text_10', opacity=1.0, ori=0, pos=array([ 0.,  0.]), rgb=array([ 0.,  0.,  0.]), text=unicode(...), units=u'norm', win=Window(...), wrapWidth=1)
23.8339 	EXP 	Created image_2 = ImageStim(autoLog=True, color=array([ 1.,  1.,  1.]), colorSpace='rgb', contrast=1.0, depth=-1.0, flipHoriz=False, flipVert=False, image='sin', interpolate=True, mask=None, maskParams=None, name='image_2', opacity=1.0, ori=0.0, pos=array([ 0.,  0.]), size=array([ 0.67,  0.67]), texRes=128, units='height', win=Window(...))
24.1887 	EXP 	Created unnamed TextStim = TextStim(alignHoriz='center', alignVert='center', antialias=True, autoLog=True, bold=False, color='black', colorSpace='named', contrast=1.0, depth=0, flipHoriz=False, flipVert=False, font='', fontFiles=[], height=2, italic=False, name='unnamed TextStim', opacity=1.0, ori=0.0, pos=array([ 0.,  0.]), rgb=array([ 0.,  0.,  0.]), text=u'+', units=u'norm', win=Window(...), wrapWidth=1)
24.1894 	EXP 	Created text_same = TextStim(alignHoriz='center', alignVert='center', antialias=True, autoLog=True, bold=False, color=u'black', colorSpace='named', contrast=1.0, depth=-3.0, flipHoriz=False, flipVert=False, font=u'Arial', fontFiles=[], height=0.1, italic=False, name='text_same', opacity=1.0, ori=0, pos=array([ 0. , -0.8]), rgb=array([ 0.,  0.,  0.]), text='', units=u'norm', win=Window(...), wrapWidth=1)
24.1989 	EXP 	Created text = TextStim(alignHoriz='center', alignVert='center', antialias=True, autoLog=True, bold=False, color='black', colorSpace='named', contrast=1.0, depth=0.0, flipHoriz=False, flipVert=False, font='Arial', fontFiles=[], height=0.1, italic=False, name='text', opacity=1.0, ori=0, pos=array([ 0.,  0.]), rgb=array([ 0.,  0.,  0.]), text=unicode(...), units=u'norm', win=Window(...), wrapWidth=1)
24.2248 	WARNING 	t of last frame was 656.65ms (=1/1)
24.2248 	EXP 	text_4: autoDraw = True
24.5733 	DATA 	Keypress: d
24.5746 	EXP 	Created sequence: random, trialTypes=1, nReps=2, seed=None
24.5754 	EXP 	New trial (rep=0, index=0): None
24.7056 	WARNING 	t of last frame was 132.81ms (=1/7)
24.7056 	EXP 	text_4: autoDraw = False
24.7056 	EXP 	text_6: text = "Let's try a few for practice. You'll see spatial directions one at a time on the screen. They will be either LEFT or RIGHT or AHEAD. Tell the experimenter if the spatial direction on the screen is the SAME or DIFFERENT from the spatial direction that you just saw. For the first stimulus, just say 'GO.' Then when it says 'Same?' underneath, tell the experimenter whether you see the same direction or a different direction"
24.7056 	EXP 	text_6: autoDraw = True
24.7279 	WARNING 	t of last frame was 22.24ms (=1/44)
25.0453 	DATA 	Keypress: s
25.0977 	EXP 	Imported Extra_Stimuli//practice_order_WHI_image.xlsx as conditions, 9 conditions, 5 params
25.0983 	EXP 	Created sequence: random, trialTypes=9, nReps=1, seed=None
25.0990 	EXP 	New trial (rep=0, index=0): {u'Stimulus_Practice': u'left_image_2_WHI.jpg', u'Direction': u'left', u'Number': 2, u'Background': u'_WHI', u'Format': u'image'}
25.2106 	WARNING 	t of last frame was 165.79ms (=1/6)
25.2106 	EXP 	text_6: autoDraw = False
25.2106 	EXP 	image: image = u'Extra_Stimuli//left_image_2_WHI.jpg'
25.2106 	EXP 	text_same_practice: text = ''
25.2106 	EXP 	text_9: autoDraw = True
25.2106 	EXP 	image: autoDraw = True
25.2106 	EXP 	text_same_practice: autoDraw = True
25.5110 	WARNING 	Multiple dropped frames have occurred - I'll stop bothering you about them!
25.9951 	DATA 	Keypress: f
25.9975 	EXP 	New trial (rep=0, index=1): {u'Stimulus_Practice': u'ahead_image_1_WHI.jpg', u'Direction': u'ahead', u'Number': 1, u'Background': u'_WHI', u'Format': u'image'}
26.1104 	EXP 	text_9: autoDraw = False
26.1104 	EXP 	image: autoDraw = False
26.1104 	EXP 	text_same_practice: autoDraw = False
26.1104 	EXP 	image: image = u'Extra_Stimuli//ahead_image_1_WHI.jpg'
26.1104 	EXP 	text_same_practice: text = 'SAME / DIFFERENT?'
26.1104 	EXP 	text_9: autoDraw = True
26.1104 	EXP 	image: autoDraw = True
26.1104 	EXP 	text_same_practice: autoDraw = True
27.1611 	DATA 	Keypress: a
27.1629 	EXP 	New trial (rep=0, index=2): {u'Stimulus_Practice': u'ahead_image_2_WHI.jpg', u'Direction': u'ahead', u'Number': 2, u'Background': u'_WHI', u'Format': u'image'}
27.2768 	EXP 	text_9: autoDraw = False
27.2768 	EXP 	image: autoDraw = False
27.2768 	EXP 	text_same_practice: autoDraw = False
27.2768 	EXP 	image: image = u'Extra_Stimuli//ahead_image_2_WHI.jpg'
27.2768 	EXP 	text_same_practice: text = ''
27.2768 	EXP 	text_9: autoDraw = True
27.2768 	EXP 	image: autoDraw = True
27.2768 	EXP 	text_same_practice: autoDraw = True
27.3620 	DATA 	Keypress: f
27.3787 	EXP 	New trial (rep=0, index=3): {u'Stimulus_Practice': u'ahead_image_3_WHI.jpg', u'Direction': u'ahead', u'Number': 3, u'Background': u'_WHI', u'Format': u'image'}
27.4931 	EXP 	text_9: autoDraw = False
27.4931 	EXP 	image: autoDraw = False
27.4931 	EXP 	text_same_practice: autoDraw = False
27.4931 	EXP 	image: image = u'Extra_Stimuli//ahead_image_3_WHI.jpg'
27.4931 	EXP 	text_same_practice: text = 'SAME / DIFFERENT?'
27.4931 	EXP 	text_9: autoDraw = True
27.4931 	EXP 	image: autoDraw = True
27.4931 	EXP 	text_same_practice: autoDraw = True
27.4934 	DATA 	Keypress: a
27.4941 	EXP 	New trial (rep=0, index=4): {u'Stimulus_Practice': u'right_image_3_WHI.jpg', u'Direction': u'right', u'Number': 3, u'Background': u'_WHI', u'Format': u'image'}
27.5596 	EXP 	text_9: autoDraw = False
27.5596 	EXP 	image: autoDraw = False
27.5596 	EXP 	text_same_practice: autoDraw = False
27.5596 	EXP 	image: image = u'Extra_Stimuli//right_image_3_WHI.jpg'
27.5596 	EXP 	text_same_practice: text = ''
27.5596 	EXP 	text_9: autoDraw = True
27.5596 	EXP 	image: autoDraw = True
27.5596 	EXP 	text_same_practice: autoDraw = True
27.5775 	DATA 	Keypress: f
27.5795 	EXP 	New trial (rep=0, index=5): {u'Stimulus_Practice': u'right_image_1_WHI.jpg', u'Direction': u'right', u'Number': 1, u'Background': u'_WHI', u'Format': u'image'}
27.6927 	EXP 	text_9: autoDraw = False
27.6927 	EXP 	image: autoDraw = False
27.6927 	EXP 	text_same_practice: autoDraw = False
27.6927 	EXP 	image: image = u'Extra_Stimuli//right_image_1_WHI.jpg'
27.6927 	EXP 	text_same_practice: text = 'SAME / DIFFERENT?'
27.6927 	EXP 	text_9: autoDraw = True
27.6927 	EXP 	image: autoDraw = True
27.6927 	EXP 	text_same_practice: autoDraw = True
27.7272 	DATA 	Keypress: a
27.7292 	EXP 	New trial (rep=0, index=6): {u'Stimulus_Practice': u'right_image_2_WHI.jpg', u'Direction': u'right', u'Number': 2, u'Background': u'_WHI', u'Format': u'image'}
27.8021 	DATA 	Keypress: f
27.8263 	EXP 	text_9: autoDraw = False
27.8263 	EXP 	image: autoDraw = False
27.8263 	EXP 	text_same_practice: autoDraw = False
27.8263 	EXP 	image: image = u'Extra_Stimuli//right_image_2_WHI.jpg'
27.8263 	EXP 	text_same_practice: text = ''
27.8263 	EXP 	text_9: autoDraw = True
27.8263 	EXP 	image: autoDraw = True
27.8263 	EXP 	text_same_practice: autoDraw = True
27.9104 	DATA 	Keypress: a
27.9122 	EXP 	New trial (rep=0, index=7): {u'Stimulus_Practice': u'left_image_3_WHI.jpg', u'Direction': u'left', u'Number': 3, u'Background': u'_WHI', u'Format': u'image'}
28.0261 	EXP 	text_9: autoDraw = False
28.0261 	EXP 	image: autoDraw = False
28.0261 	EXP 	text_same_practice: autoDraw = False
28.0261 	EXP 	image: image = u'Extra_Stimuli//left_image_3_WHI.jpg'
28.0261 	EXP 	text_same_practice: text = 'SAME / DIFFERENT?'
28.0261 	EXP 	text_9: autoDraw = True
28.0261 	EXP 	image: autoDraw = True
28.0261 	EXP 	text_same_practice: autoDraw = True
28.0264 	DATA 	Keypress: f
28.0766 	EXP 	text_9: autoDraw = False
28.0766 	EXP 	image: autoDraw = False
28.0766 	EXP 	text_same_practice: autoDraw = False
28.0766 	EXP 	text_2: autoDraw = True
28.1104 	DATA 	Keypress: a
28.2443 	DATA 	Keypress: f
28.3283 	DATA 	Keypress: a
28.5435 	DATA 	Keypress: d
28.5672 	EXP 	Imported Extra_Stimuli//practice_order_WHI_word.xlsx as conditions, 9 conditions, 5 params
28.5682 	EXP 	Created sequence: random, trialTypes=9, nReps=1, seed=None
28.5693 	EXP 	New trial (rep=0, index=0): {u'Stimulus_Practice': u'left_word_3_WHI.jpg', u'Direction': u'left', u'Number': 3, u'Background': u'_WHI', u'Format': u'word'}
28.6823 	EXP 	text_2: autoDraw = False
28.6823 	EXP 	image_3: image = u'Extra_Stimuli//left_word_3_WHI.jpg'
28.6823 	EXP 	text_same_practice_2: text = ''
28.6823 	EXP 	text_11: autoDraw = True
28.6823 	EXP 	image_3: autoDraw = True
28.6823 	EXP 	text_same_practice_2: autoDraw = True
28.7444 	DATA 	Keypress: f
28.7466 	EXP 	New trial (rep=0, index=1): {u'Stimulus_Practice': u'right_word_2_WHI.jpg', u'Direction': u'right', u'Number': 2, u'Background': u'_WHI', u'Format': u'word'}
28.8423 	EXP 	text_11: autoDraw = False
28.8423 	EXP 	image_3: autoDraw = False
28.8423 	EXP 	text_same_practice_2: autoDraw = False
28.8423 	EXP 	image_3: image = u'Extra_Stimuli//right_word_2_WHI.jpg'
28.8423 	EXP 	text_same_practice_2: text = 'SAME / DIFFERENT?'
28.8423 	EXP 	text_11: autoDraw = True
28.8423 	EXP 	image_3: autoDraw = True
28.8423 	EXP 	text_same_practice_2: autoDraw = True
28.9103 	DATA 	Keypress: a
28.9121 	EXP 	New trial (rep=0, index=2): {u'Stimulus_Practice': u'left_word_1_WHI.jpg', u'Direction': u'left', u'Number': 1, u'Background': u'_WHI', u'Format': u'word'}
28.9927 	EXP 	text_11: autoDraw = False
28.9927 	EXP 	image_3: autoDraw = False
28.9927 	EXP 	text_same_practice_2: autoDraw = False
28.9927 	EXP 	image_3: image = u'Extra_Stimuli//left_word_1_WHI.jpg'
28.9927 	EXP 	text_same_practice_2: text = ''
28.9927 	EXP 	text_11: autoDraw = True
28.9927 	EXP 	image_3: autoDraw = True
28.9927 	EXP 	text_same_practice_2: autoDraw = True
28.9931 	DATA 	Keypress: f
28.9946 	EXP 	New trial (rep=0, index=3): {u'Stimulus_Practice': u'right_word_1_WHI.jpg', u'Direction': u'right', u'Number': 1, u'Background': u'_WHI', u'Format': u'word'}
29.0765 	EXP 	text_11: autoDraw = False
29.0765 	EXP 	image_3: autoDraw = False
29.0765 	EXP 	text_same_practice_2: autoDraw = False
29.0765 	EXP 	image_3: image = u'Extra_Stimuli//right_word_1_WHI.jpg'
29.0765 	EXP 	text_same_practice_2: text = 'SAME / DIFFERENT?'
29.0765 	EXP 	text_11: autoDraw = True
29.0765 	EXP 	image_3: autoDraw = True
29.0765 	EXP 	text_same_practice_2: autoDraw = True
29.1099 	DATA 	Keypress: a
29.1105 	EXP 	New trial (rep=0, index=4): {u'Stimulus_Practice': u'ahead_word_3_WHI.jpg', u'Direction': u'ahead', u'Number': 3, u'Background': u'_WHI', u'Format': u'word'}
29.1596 	EXP 	text_11: autoDraw = False
29.1596 	EXP 	image_3: autoDraw = False
29.1596 	EXP 	text_same_practice_2: autoDraw = False
29.1596 	EXP 	image_3: image = u'Extra_Stimuli//ahead_word_3_WHI.jpg'
29.1596 	EXP 	text_same_practice_2: text = ''
29.1596 	EXP 	text_11: autoDraw = True
29.1596 	EXP 	image_3: autoDraw = True
29.1596 	EXP 	text_same_practice_2: autoDraw = True
29.1771 	DATA 	Keypress: f
29.1782 	EXP 	New trial (rep=0, index=5): {u'Stimulus_Practice': u'right_word_3_WHI.jpg', u'Direction': u'right', u'Number': 3, u'Background': u'_WHI', u'Format': u'word'}
29.2257 	EXP 	text_11: autoDraw = False
29.2257 	EXP 	image_3: autoDraw = False
29.2257 	EXP 	text_same_practice_2: autoDraw = False
29.2257 	EXP 	image_3: image = u'Extra_Stimuli//right_word_3_WHI.jpg'
29.2257 	EXP 	text_same_practice_2: text = 'SAME / DIFFERENT?'
29.2257 	EXP 	text_11: autoDraw = True
29.2257 	EXP 	image_3: autoDraw = True
29.2257 	EXP 	text_same_practice_2: autoDraw = True
29.2935 	DATA 	Keypress: a
29.2942 	EXP 	New trial (rep=0, index=6): {u'Stimulus_Practice': u'ahead_word_2_WHI.jpg', u'Direction': u'ahead', u'Number': 2, u'Background': u'_WHI', u'Format': u'word'}
29.3420 	EXP 	text_11: autoDraw = False
29.3420 	EXP 	image_3: autoDraw = False
29.3420 	EXP 	text_same_practice_2: autoDraw = False
29.3420 	EXP 	image_3: image = u'Extra_Stimuli//ahead_word_2_WHI.jpg'
29.3420 	EXP 	text_same_practice_2: text = ''
29.3420 	EXP 	text_11: autoDraw = True
29.3420 	EXP 	image_3: autoDraw = True
29.3420 	EXP 	text_same_practice_2: autoDraw = True
29.4102 	DATA 	Keypress: f
29.4122 	EXP 	New trial (rep=0, index=7): {u'Stimulus_Practice': u'ahead_word_1_WHI.jpg', u'Direction': u'ahead', u'Number': 1, u'Background': u'_WHI', u'Format': u'word'}
29.4882 	DATA 	Keypress: a
29.5086 	EXP 	text_11: autoDraw = False
29.5086 	EXP 	image_3: autoDraw = False
29.5086 	EXP 	text_same_practice_2: autoDraw = False
29.5086 	EXP 	image_3: image = u'Extra_Stimuli//ahead_word_1_WHI.jpg'
29.5086 	EXP 	text_same_practice_2: text = 'SAME / DIFFERENT?'
29.5086 	EXP 	text_11: autoDraw = True
29.5086 	EXP 	image_3: autoDraw = True
29.5086 	EXP 	text_same_practice_2: autoDraw = True
29.7265 	DATA 	Keypress: a
29.8421 	EXP 	text_11: autoDraw = False
29.8421 	EXP 	image_3: autoDraw = False
29.8421 	EXP 	text_same_practice_2: autoDraw = False
29.8421 	EXP 	text_2: autoDraw = True
29.8423 	DATA 	Keypress: d
29.8501 	EXP 	Imported Extra_Stimuli//practice_order_WHI_schema.xlsx as conditions, 9 conditions, 5 params
29.8504 	EXP 	Created sequence: random, trialTypes=9, nReps=1, seed=None
29.8508 	EXP 	New trial (rep=0, index=0): {u'Stimulus_Practice': u'left_schema_1_WHI.jpg', u'Direction': u'left', u'Number': 1, u'Background': u'_WHI', u'Format': u'schema'}
29.9249 	EXP 	text_2: autoDraw = False
29.9249 	EXP 	image_4: image = u'Extra_Stimuli//left_schema_1_WHI.jpg'
29.9249 	EXP 	text_same_practice_3: text = ''
29.9249 	EXP 	text_12: autoDraw = True
29.9249 	EXP 	image_4: autoDraw = True
29.9249 	EXP 	text_same_practice_3: autoDraw = True
30.0431 	DATA 	Keypress: f
30.0453 	EXP 	New trial (rep=0, index=1): {u'Stimulus_Practice': u'right_schema_3_WHI.jpg', u'Direction': u'right', u'Number': 3, u'Background': u'_WHI', u'Format': u'schema'}
30.1406 	DATA 	Keypress: a
30.1583 	EXP 	text_12: autoDraw = False
30.1583 	EXP 	image_4: autoDraw = False
30.1583 	EXP 	text_same_practice_3: autoDraw = False
30.1583 	EXP 	image_4: image = u'Extra_Stimuli//right_schema_3_WHI.jpg'
30.1583 	EXP 	text_same_practice_3: text = 'SAME / DIFFERENT?'
30.1583 	EXP 	text_12: autoDraw = True
30.1583 	EXP 	image_4: autoDraw = True
30.1583 	EXP 	text_same_practice_3: autoDraw = True
30.2431 	DATA 	Keypress: f
30.2449 	EXP 	New trial (rep=0, index=2): {u'Stimulus_Practice': u'ahead_schema_1_WHI.jpg', u'Direction': u'ahead', u'Number': 1, u'Background': u'_WHI', u'Format': u'schema'}
30.3082 	EXP 	text_12: autoDraw = False
30.3082 	EXP 	image_4: autoDraw = False
30.3082 	EXP 	text_same_practice_3: autoDraw = False
30.3082 	EXP 	image_4: image = u'Extra_Stimuli//ahead_schema_1_WHI.jpg'
30.3082 	EXP 	text_same_practice_3: text = ''
30.3082 	EXP 	text_12: autoDraw = True
30.3082 	EXP 	image_4: autoDraw = True
30.3082 	EXP 	text_same_practice_3: autoDraw = True
30.3483 	DATA 	Keypress: a
30.3511 	EXP 	New trial (rep=0, index=3): {u'Stimulus_Practice': u'right_schema_2_WHI.jpg', u'Direction': u'right', u'Number': 2, u'Background': u'_WHI', u'Format': u'schema'}
30.4247 	EXP 	text_12: autoDraw = False
30.4247 	EXP 	image_4: autoDraw = False
30.4247 	EXP 	text_same_practice_3: autoDraw = False
30.4247 	EXP 	image_4: image = u'Extra_Stimuli//right_schema_2_WHI.jpg'
30.4247 	EXP 	text_same_practice_3: text = 'SAME / DIFFERENT?'
30.4247 	EXP 	text_12: autoDraw = True
30.4247 	EXP 	image_4: autoDraw = True
30.4247 	EXP 	text_same_practice_3: autoDraw = True
30.4428 	DATA 	Keypress: f
30.4610 	EXP 	New trial (rep=0, index=4): {u'Stimulus_Practice': u'ahead_schema_3_WHI.jpg', u'Direction': u'ahead', u'Number': 3, u'Background': u'_WHI', u'Format': u'schema'}
30.5251 	EXP 	text_12: autoDraw = False
30.5251 	EXP 	image_4: autoDraw = False
30.5251 	EXP 	text_same_practice_3: autoDraw = False
30.5251 	EXP 	image_4: image = u'Extra_Stimuli//ahead_schema_3_WHI.jpg'
30.5251 	EXP 	text_same_practice_3: text = ''
30.5251 	EXP 	text_12: autoDraw = True
30.5251 	EXP 	image_4: autoDraw = True
30.5251 	EXP 	text_same_practice_3: autoDraw = True
30.5254 	DATA 	Keypress: a
30.5264 	EXP 	New trial (rep=0, index=5): {u'Stimulus_Practice': u'left_schema_3_WHI.jpg', u'Direction': u'left', u'Number': 3, u'Background': u'_WHI', u'Format': u'schema'}
30.5912 	EXP 	text_12: autoDraw = False
30.5912 	EXP 	image_4: autoDraw = False
30.5912 	EXP 	text_same_practice_3: autoDraw = False
30.5912 	EXP 	image_4: image = u'Extra_Stimuli//left_schema_3_WHI.jpg'
30.5912 	EXP 	text_same_practice_3: text = 'SAME / DIFFERENT?'
30.5912 	EXP 	text_12: autoDraw = True
30.5912 	EXP 	image_4: autoDraw = True
30.5912 	EXP 	text_same_practice_3: autoDraw = True
30.6428 	DATA 	Keypress: f
30.6447 	EXP 	New trial (rep=0, index=6): {u'Stimulus_Practice': u'left_schema_2_WHI.jpg', u'Direction': u'left', u'Number': 2, u'Background': u'_WHI', u'Format': u'schema'}
30.7249 	EXP 	text_12: autoDraw = False
30.7249 	EXP 	image_4: autoDraw = False
30.7249 	EXP 	text_same_practice_3: autoDraw = False
30.7249 	EXP 	image_4: image = u'Extra_Stimuli//left_schema_2_WHI.jpg'
30.7249 	EXP 	text_same_practice_3: text = ''
30.7249 	EXP 	text_12: autoDraw = True
30.7249 	EXP 	image_4: autoDraw = True
30.7249 	EXP 	text_same_practice_3: autoDraw = True
30.7253 	DATA 	Keypress: a
30.7266 	EXP 	New trial (rep=0, index=7): {u'Stimulus_Practice': u'ahead_schema_2_WHI.jpg', u'Direction': u'ahead', u'Number': 2, u'Background': u'_WHI', u'Format': u'schema'}
30.7914 	EXP 	text_12: autoDraw = False
30.7914 	EXP 	image_4: autoDraw = False
30.7914 	EXP 	text_same_practice_3: autoDraw = False
30.7914 	EXP 	image_4: image = u'Extra_Stimuli//ahead_schema_2_WHI.jpg'
30.7914 	EXP 	text_same_practice_3: text = 'SAME / DIFFERENT?'
30.7914 	EXP 	text_12: autoDraw = True
30.7914 	EXP 	image_4: autoDraw = True
30.7914 	EXP 	text_same_practice_3: autoDraw = True
30.8422 	DATA 	Keypress: f
30.9123 	EXP 	New trial (rep=1, index=0): None
30.9318 	DATA 	Keypress: a
30.9579 	EXP 	text_12: autoDraw = False
30.9579 	EXP 	image_4: autoDraw = False
30.9579 	EXP 	text_same_practice_3: autoDraw = False
30.9579 	EXP 	text_6: text = 'Ok, before we practice one more time - do you have any questions about the task?'
30.9579 	EXP 	text_6: autoDraw = True
31.0096 	DATA 	Keypress: f
31.0937 	DATA 	Keypress: a
31.2921 	DATA 	Keypress: d
31.2924 	DATA 	Keypress: f
31.3166 	EXP 	Imported Extra_Stimuli//practice_order_WHI_image.xlsx as conditions, 9 conditions, 5 params
31.3175 	EXP 	Created sequence: random, trialTypes=9, nReps=1, seed=None
31.3187 	EXP 	New trial (rep=0, index=0): {u'Stimulus_Practice': u'right_image_2_WHI.jpg', u'Direction': u'right', u'Number': 2, u'Background': u'_WHI', u'Format': u'image'}
31.3908 	EXP 	text_6: autoDraw = False
31.3908 	EXP 	image: image = u'Extra_Stimuli//right_image_2_WHI.jpg'
31.3908 	EXP 	text_same_practice: text = ''
31.3908 	EXP 	text_9: autoDraw = True
31.3908 	EXP 	image: autoDraw = True
31.3908 	EXP 	text_same_practice: autoDraw = True
31.6085 	DATA 	Keypress: f
31.6108 	EXP 	New trial (rep=0, index=1): {u'Stimulus_Practice': u'left_image_3_WHI.jpg', u'Direction': u'left', u'Number': 3, u'Background': u'_WHI', u'Format': u'image'}
31.7064 	DATA 	Keypress: a
31.7243 	EXP 	text_9: autoDraw = False
31.7243 	EXP 	image: autoDraw = False
31.7243 	EXP 	text_same_practice: autoDraw = False
31.7243 	EXP 	image: image = u'Extra_Stimuli//left_image_3_WHI.jpg'
31.7243 	EXP 	text_same_practice: text = 'SAME / DIFFERENT?'
31.7243 	EXP 	text_9: autoDraw = True
31.7243 	EXP 	image: autoDraw = True
31.7243 	EXP 	text_same_practice: autoDraw = True
31.7918 	DATA 	Keypress: f
31.7937 	EXP 	New trial (rep=0, index=2): {u'Stimulus_Practice': u'left_image_1_WHI.jpg', u'Direction': u'left', u'Number': 1, u'Background': u'_WHI', u'Format': u'image'}
31.8697 	DATA 	Keypress: a
31.8907 	EXP 	text_9: autoDraw = False
31.8907 	EXP 	image: autoDraw = False
31.8907 	EXP 	text_same_practice: autoDraw = False
31.8907 	EXP 	image: image = u'Extra_Stimuli//left_image_1_WHI.jpg'
31.8907 	EXP 	text_same_practice: text = ''
31.8907 	EXP 	text_9: autoDraw = True
31.8907 	EXP 	image: autoDraw = True
31.8907 	EXP 	text_same_practice: autoDraw = True
32.0753 	DATA 	Keypress: a
32.0771 	EXP 	New trial (rep=0, index=3): {u'Stimulus_Practice': u'ahead_image_3_WHI.jpg', u'Direction': u'ahead', u'Number': 3, u'Background': u'_WHI', u'Format': u'image'}
32.1741 	EXP 	text_9: autoDraw = False
32.1741 	EXP 	image: autoDraw = False
32.1741 	EXP 	text_same_practice: autoDraw = False
32.1741 	EXP 	image: image = u'Extra_Stimuli//ahead_image_3_WHI.jpg'
32.1741 	EXP 	text_same_practice: text = 'SAME / DIFFERENT?'
32.1741 	EXP 	text_9: autoDraw = True
32.1741 	EXP 	image: autoDraw = True
32.1741 	EXP 	text_same_practice: autoDraw = True
32.1914 	DATA 	Keypress: f
32.1932 	EXP 	New trial (rep=0, index=4): {u'Stimulus_Practice': u'right_image_1_WHI.jpg', u'Direction': u'right', u'Number': 1, u'Background': u'_WHI', u'Format': u'image'}
32.2903 	EXP 	text_9: autoDraw = False
32.2903 	EXP 	image: autoDraw = False
32.2903 	EXP 	text_same_practice: autoDraw = False
32.2903 	EXP 	image: image = u'Extra_Stimuli//right_image_1_WHI.jpg'
32.2903 	EXP 	text_same_practice: text = ''
32.2903 	EXP 	text_9: autoDraw = True
32.2903 	EXP 	image: autoDraw = True
32.2903 	EXP 	text_same_practice: autoDraw = True
32.2906 	DATA 	Keypress: a
32.2914 	EXP 	New trial (rep=0, index=5): {u'Stimulus_Practice': u'ahead_image_1_WHI.jpg', u'Direction': u'ahead', u'Number': 1, u'Background': u'_WHI', u'Format': u'image'}
32.3570 	EXP 	text_9: autoDraw = False
32.3570 	EXP 	image: autoDraw = False
32.3570 	EXP 	text_same_practice: autoDraw = False
32.3570 	EXP 	image: image = u'Extra_Stimuli//ahead_image_1_WHI.jpg'
32.3570 	EXP 	text_same_practice: text = 'SAME / DIFFERENT?'
32.3570 	EXP 	text_9: autoDraw = True
32.3570 	EXP 	image: autoDraw = True
32.3570 	EXP 	text_same_practice: autoDraw = True
32.3746 	DATA 	Keypress: f
32.3753 	EXP 	New trial (rep=0, index=6): {u'Stimulus_Practice': u'left_image_2_WHI.jpg', u'Direction': u'left', u'Number': 2, u'Background': u'_WHI', u'Format': u'image'}
32.4514 	DATA 	Keypress: a
32.4738 	EXP 	text_9: autoDraw = False
32.4738 	EXP 	image: autoDraw = False
32.4738 	EXP 	text_same_practice: autoDraw = False
32.4738 	EXP 	image: image = u'Extra_Stimuli//left_image_2_WHI.jpg'
32.4738 	EXP 	text_same_practice: text = ''
32.4738 	EXP 	text_9: autoDraw = True
32.4738 	EXP 	image: autoDraw = True
32.4738 	EXP 	text_same_practice: autoDraw = True
32.6250 	DATA 	Keypress: a
32.6268 	EXP 	New trial (rep=0, index=7): {u'Stimulus_Practice': u'right_image_3_WHI.jpg', u'Direction': u'right', u'Number': 3, u'Background': u'_WHI', u'Format': u'image'}
32.7403 	EXP 	text_9: autoDraw = False
32.7403 	EXP 	image: autoDraw = False
32.7403 	EXP 	text_same_practice: autoDraw = False
32.7403 	EXP 	image: image = u'Extra_Stimuli//right_image_3_WHI.jpg'
32.7403 	EXP 	text_same_practice: text = 'SAME / DIFFERENT?'
32.7403 	EXP 	text_9: autoDraw = True
32.7403 	EXP 	image: autoDraw = True
32.7403 	EXP 	text_same_practice: autoDraw = True
32.7748 	DATA 	Keypress: f
32.9194 	DATA 	Keypress: a
32.9316 	EXP 	text_9: autoDraw = False
32.9316 	EXP 	image: autoDraw = False
32.9316 	EXP 	text_same_practice: autoDraw = False
32.9316 	EXP 	text_2: autoDraw = True
33.0497 	DATA 	Keypress: f
33.1322 	DATA 	Keypress: a
33.2490 	DATA 	Keypress: f
33.3329 	DATA 	Keypress: d
33.3568 	EXP 	Imported Extra_Stimuli//practice_order_WHI_schema.xlsx as conditions, 9 conditions, 5 params
33.3577 	EXP 	Created sequence: random, trialTypes=9, nReps=1, seed=None
33.3589 	EXP 	New trial (rep=0, index=0): {u'Stimulus_Practice': u'ahead_schema_1_WHI.jpg', u'Direction': u'ahead', u'Number': 1, u'Background': u'_WHI', u'Format': u'schema'}
33.4141 	EXP 	text_2: autoDraw = False
33.4141 	EXP 	image_3: image = u'Extra_Stimuli//ahead_schema_1_WHI.jpg'
33.4141 	EXP 	text_same_practice_2: text = ''
33.4141 	EXP 	text_11: autoDraw = True
33.4141 	EXP 	image_3: autoDraw = True
33.4141 	EXP 	text_same_practice_2: autoDraw = True
33.4989 	DATA 	Keypress: f
33.5011 	EXP 	New trial (rep=0, index=1): {u'Stimulus_Practice': u'left_schema_3_WHI.jpg', u'Direction': u'left', u'Number': 3, u'Background': u'_WHI', u'Format': u'schema'}
33.5975 	EXP 	text_11: autoDraw = False
33.5975 	EXP 	image_3: autoDraw = False
33.5975 	EXP 	text_same_practice_2: autoDraw = False
33.5975 	EXP 	image_3: image = u'Extra_Stimuli//left_schema_3_WHI.jpg'
33.5975 	EXP 	text_same_practice_2: text = 'SAME / DIFFERENT?'
33.5975 	EXP 	text_11: autoDraw = True
33.5975 	EXP 	image_3: autoDraw = True
33.5975 	EXP 	text_same_practice_2: autoDraw = True
33.5978 	DATA 	Keypress: a
33.5989 	EXP 	New trial (rep=0, index=2): {u'Stimulus_Practice': u'left_schema_2_WHI.jpg', u'Direction': u'left', u'Number': 2, u'Background': u'_WHI', u'Format': u'schema'}
33.6644 	EXP 	text_11: autoDraw = False
33.6644 	EXP 	image_3: autoDraw = False
33.6644 	EXP 	text_same_practice_2: autoDraw = False
33.6644 	EXP 	image_3: image = u'Extra_Stimuli//left_schema_2_WHI.jpg'
33.6644 	EXP 	text_same_practice_2: text = ''
33.6644 	EXP 	text_11: autoDraw = True
33.6644 	EXP 	image_3: autoDraw = True
33.6644 	EXP 	text_same_practice_2: autoDraw = True
33.7650 	DATA 	Keypress: a
33.7835 	EXP 	New trial (rep=0, index=3): {u'Stimulus_Practice': u'ahead_schema_3_WHI.jpg', u'Direction': u'ahead', u'Number': 3, u'Background': u'_WHI', u'Format': u'schema'}
33.8648 	EXP 	text_11: autoDraw = False
33.8648 	EXP 	image_3: autoDraw = False
33.8648 	EXP 	text_same_practice_2: autoDraw = False
33.8648 	EXP 	image_3: image = u'Extra_Stimuli//ahead_schema_3_WHI.jpg'
33.8648 	EXP 	text_same_practice_2: text = 'SAME / DIFFERENT?'
33.8648 	EXP 	text_11: autoDraw = True
33.8648 	EXP 	image_3: autoDraw = True
33.8648 	EXP 	text_same_practice_2: autoDraw = True
33.8651 	DATA 	Keypress: f
33.8658 	EXP 	New trial (rep=0, index=4): {u'Stimulus_Practice': u'left_schema_1_WHI.jpg', u'Direction': u'left', u'Number': 1, u'Background': u'_WHI', u'Format': u'schema'}
33.9137 	EXP 	text_11: autoDraw = False
33.9137 	EXP 	image_3: autoDraw = False
33.9137 	EXP 	text_same_practice_2: autoDraw = False
33.9137 	EXP 	image_3: image = u'Extra_Stimuli//left_schema_1_WHI.jpg'
33.9137 	EXP 	text_same_practice_2: text = ''
33.9137 	EXP 	text_11: autoDraw = True
33.9137 	EXP 	image_3: autoDraw = True
33.9137 	EXP 	text_same_practice_2: autoDraw = True
33.9650 	DATA 	Keypress: a
33.9668 	EXP 	New trial (rep=0, index=5): {u'Stimulus_Practice': u'right_schema_3_WHI.jpg', u'Direction': u'right', u'Number': 3, u'Background': u'_WHI', u'Format': u'schema'}
34.0643 	EXP 	text_11: autoDraw = False
34.0643 	EXP 	image_3: autoDraw = False
34.0643 	EXP 	text_same_practice_2: autoDraw = False
34.0643 	EXP 	image_3: image = u'Extra_Stimuli//right_schema_3_WHI.jpg'
34.0643 	EXP 	text_same_practice_2: text = 'SAME / DIFFERENT?'
34.0643 	EXP 	text_11: autoDraw = True
34.0643 	EXP 	image_3: autoDraw = True
34.0643 	EXP 	text_same_practice_2: autoDraw = True
34.0649 	DATA 	Keypress: f
34.0667 	EXP 	New trial (rep=0, index=6): {u'Stimulus_Practice': u'ahead_schema_2_WHI.jpg', u'Direction': u'ahead', u'Number': 2, u'Background': u'_WHI', u'Format': u'schema'}
34.1302 	EXP 	text_11: autoDraw = False
34.1302 	EXP 	image_3: autoDraw = False
34.1302 	EXP 	text_same_practice_2: autoDraw = False
34.1302 	EXP 	image_3: image = u'Extra_Stimuli//ahead_schema_2_WHI.jpg'
34.1302 	EXP 	text_same_practice_2: text = ''
34.1302 	EXP 	text_11: autoDraw = True
34.1302 	EXP 	image_3: autoDraw = True
34.1302 	EXP 	text_same_practice_2: autoDraw = True
34.1481 	DATA 	Keypress: a
34.1499 	EXP 	New trial (rep=0, index=7): {u'Stimulus_Practice': u'right_schema_1_WHI.jpg', u'Direction': u'right', u'Number': 1, u'Background': u'_WHI', u'Format': u'schema'}
34.2243 	DATA 	Keypress: f
34.2470 	EXP 	text_11: autoDraw = False
34.2470 	EXP 	image_3: autoDraw = False
34.2470 	EXP 	text_same_practice_2: autoDraw = False
34.2470 	EXP 	image_3: image = u'Extra_Stimuli//right_schema_1_WHI.jpg'
34.2470 	EXP 	text_same_practice_2: text = 'SAME / DIFFERENT?'
34.2470 	EXP 	text_11: autoDraw = True
34.2470 	EXP 	image_3: autoDraw = True
34.2470 	EXP 	text_same_practice_2: autoDraw = True
34.3335 	DATA 	Keypress: a
34.4962 	DATA 	Keypress: f
34.5137 	EXP 	text_11: autoDraw = False
34.5137 	EXP 	image_3: autoDraw = False
34.5137 	EXP 	text_same_practice_2: autoDraw = False
34.5137 	EXP 	text_2: autoDraw = True
34.5311 	DATA 	Keypress: a
34.6318 	DATA 	Keypress: f
34.7158 	DATA 	Keypress: a
34.8477 	DATA 	Keypress: d
34.8718 	EXP 	Imported Extra_Stimuli//practice_order_WHI_word.xlsx as conditions, 9 conditions, 5 params
34.8728 	EXP 	Created sequence: random, trialTypes=9, nReps=1, seed=None
34.8739 	EXP 	New trial (rep=0, index=0): {u'Stimulus_Practice': u'ahead_word_2_WHI.jpg', u'Direction': u'ahead', u'Number': 2, u'Background': u'_WHI', u'Format': u'word'}
34.9466 	EXP 	text_2: autoDraw = False
34.9466 	EXP 	image_4: image = u'Extra_Stimuli//ahead_word_2_WHI.jpg'
34.9466 	EXP 	text_same_practice_3: text = ''
34.9466 	EXP 	text_12: autoDraw = True
34.9466 	EXP 	image_4: autoDraw = True
34.9466 	EXP 	text_same_practice_3: autoDraw = True
34.9646 	DATA 	Keypress: f
34.9669 	EXP 	New trial (rep=0, index=1): {u'Stimulus_Practice': u'right_word_2_WHI.jpg', u'Direction': u'right', u'Number': 2, u'Background': u'_WHI', u'Format': u'word'}
35.0634 	EXP 	text_12: autoDraw = False
35.0634 	EXP 	image_4: autoDraw = False
35.0634 	EXP 	text_same_practice_3: autoDraw = False
35.0634 	EXP 	image_4: image = u'Extra_Stimuli//right_word_2_WHI.jpg'
35.0634 	EXP 	text_same_practice_3: text = 'SAME / DIFFERENT?'
35.0634 	EXP 	text_12: autoDraw = True
35.0634 	EXP 	image_4: autoDraw = True
35.0634 	EXP 	text_same_practice_3: autoDraw = True
35.0637 	DATA 	Keypress: a
35.0644 	EXP 	New trial (rep=0, index=2): {u'Stimulus_Practice': u'left_word_1_WHI.jpg', u'Direction': u'left', u'Number': 1, u'Background': u'_WHI', u'Format': u'word'}
35.1132 	EXP 	text_12: autoDraw = False
35.1132 	EXP 	image_4: autoDraw = False
35.1132 	EXP 	text_same_practice_3: autoDraw = False
35.1132 	EXP 	image_4: image = u'Extra_Stimuli//left_word_1_WHI.jpg'
35.1132 	EXP 	text_same_practice_3: text = ''
35.1132 	EXP 	text_12: autoDraw = True
35.1132 	EXP 	image_4: autoDraw = True
35.1132 	EXP 	text_same_practice_3: autoDraw = True
35.1647 	DATA 	Keypress: f
35.1665 	EXP 	New trial (rep=0, index=3): {u'Stimulus_Practice': u'left_word_2_WHI.jpg', u'Direction': u'left', u'Number': 2, u'Background': u'_WHI', u'Format': u'word'}
35.2637 	EXP 	text_12: autoDraw = False
35.2637 	EXP 	image_4: autoDraw = False
35.2637 	EXP 	text_same_practice_3: autoDraw = False
35.2637 	EXP 	image_4: image = u'Extra_Stimuli//left_word_2_WHI.jpg'
35.2637 	EXP 	text_same_practice_3: text = 'SAME / DIFFERENT?'
35.2637 	EXP 	text_12: autoDraw = True
35.2637 	EXP 	image_4: autoDraw = True
35.2637 	EXP 	text_same_practice_3: autoDraw = True
35.2643 	DATA 	Keypress: a
35.2658 	EXP 	New trial (rep=0, index=4): {u'Stimulus_Practice': u'right_word_1_WHI.jpg', u'Direction': u'right', u'Number': 1, u'Background': u'_WHI', u'Format': u'word'}
35.3297 	EXP 	text_12: autoDraw = False
35.3297 	EXP 	image_4: autoDraw = False
35.3297 	EXP 	text_same_practice_3: autoDraw = False
35.3297 	EXP 	image_4: image = u'Extra_Stimuli//right_word_1_WHI.jpg'
35.3297 	EXP 	text_same_practice_3: text = ''
35.3297 	EXP 	text_12: autoDraw = True
35.3297 	EXP 	image_4: autoDraw = True
35.3297 	EXP 	text_same_practice_3: autoDraw = True
35.3303 	DATA 	Keypress: f
35.3312 	EXP 	New trial (rep=0, index=5): {u'Stimulus_Practice': u'ahead_word_3_WHI.jpg', u'Direction': u'ahead', u'Number': 3, u'Background': u'_WHI', u'Format': u'word'}
35.3963 	EXP 	text_12: autoDraw = False
35.3963 	EXP 	image_4: autoDraw = False
35.3963 	EXP 	text_same_practice_3: autoDraw = False
35.3963 	EXP 	image_4: image = u'Extra_Stimuli//ahead_word_3_WHI.jpg'
35.3963 	EXP 	text_same_practice_3: text = 'SAME / DIFFERENT?'
35.3963 	EXP 	text_12: autoDraw = True
35.3963 	EXP 	image_4: autoDraw = True
35.3963 	EXP 	text_same_practice_3: autoDraw = True
35.4309 	DATA 	Keypress: a
35.4327 	EXP 	New trial (rep=0, index=6): {u'Stimulus_Practice': u'left_word_3_WHI.jpg', u'Direction': u'left', u'Number': 3, u'Background': u'_WHI', u'Format': u'word'}
35.5133 	EXP 	text_12: autoDraw = False
35.5133 	EXP 	image_4: autoDraw = False
35.5133 	EXP 	text_same_practice_3: autoDraw = False
35.5133 	EXP 	image_4: image = u'Extra_Stimuli//left_word_3_WHI.jpg'
35.5133 	EXP 	text_same_practice_3: text = ''
35.5133 	EXP 	text_12: autoDraw = True
35.5133 	EXP 	image_4: autoDraw = True
35.5133 	EXP 	text_same_practice_3: autoDraw = True
35.5310 	DATA 	Keypress: f
35.5328 	EXP 	New trial (rep=0, index=7): {u'Stimulus_Practice': u'right_word_3_WHI.jpg', u'Direction': u'right', u'Number': 3, u'Background': u'_WHI', u'Format': u'word'}
35.6130 	EXP 	text_12: autoDraw = False
35.6130 	EXP 	image_4: autoDraw = False
35.6130 	EXP 	text_same_practice_3: autoDraw = False
35.6130 	EXP 	image_4: image = u'Extra_Stimuli//right_word_3_WHI.jpg'
35.6130 	EXP 	text_same_practice_3: text = 'SAME / DIFFERENT?'
35.6130 	EXP 	text_12: autoDraw = True
35.6130 	EXP 	image_4: autoDraw = True
35.6130 	EXP 	text_same_practice_3: autoDraw = True
35.6133 	DATA 	Keypress: a
35.7219 	DATA 	Keypress: f
35.7466 	EXP 	text_12: autoDraw = False
35.7466 	EXP 	image_4: autoDraw = False
35.7466 	EXP 	text_same_practice_3: autoDraw = False
35.7466 	EXP 	text_10: autoDraw = True
35.7968 	DATA 	Keypress: a
35.9138 	DATA 	Keypress: f
36.0154 	DATA 	Keypress: a
36.2807 	DATA 	Keypress: d
36.3108 	EXP 	Imported Sequences//1002vva_within_whi_order.csv as conditions, 360 conditions, 4 params
36.3140 	EXP 	Created sequence: sequential, trialTypes=360, nReps=1, seed=None
36.3147 	EXP 	New trial (rep=0, index=0): {'Stimulus': u'right_schema_8_WHI.jpg', 'direction': u'right', 'number': 8, 'format': u'schema'}
36.3968 	EXP 	text_10: autoDraw = False
36.3968 	EXP 	image_2: image = u'21_Stimuli//right_schema_8_WHI.jpg'
36.3968 	EXP 	text_same: text = ''
36.3968 	EXP 	image_2: autoDraw = True
36.3968 	EXP 	text_same: autoDraw = True
36.5476 	DATA 	Keypress: f
36.5503 	EXP 	New trial (rep=0, index=1): {'Stimulus': u'right_schema_15_WHI.jpg', 'direction': u'right', 'number': 15, 'format': u'schema'}
36.6624 	EXP 	image_2: autoDraw = False
36.6624 	EXP 	text_same: autoDraw = False
36.6624 	EXP 	image_2: image = u'21_Stimuli//right_schema_15_WHI.jpg'
36.6624 	EXP 	text_same: text = 'SAME / DIFFERENT?'
36.6624 	EXP 	image_2: autoDraw = True
36.6624 	EXP 	text_same: autoDraw = True
36.6800 	DATA 	Keypress: a
36.6815 	EXP 	New trial (rep=0, index=2): {'Stimulus': u'ahead_schema_11_WHI.jpg', 'direction': u'ahead', 'number': 11, 'format': u'schema'}
36.7626 	EXP 	image_2: autoDraw = False
36.7626 	EXP 	text_same: autoDraw = False
36.7626 	EXP 	image_2: image = u'21_Stimuli//ahead_schema_11_WHI.jpg'
36.7626 	EXP 	text_same: text = ''
36.7626 	EXP 	image_2: autoDraw = True
36.7626 	EXP 	text_same: autoDraw = True
36.7631 	DATA 	Keypress: f
36.7647 	EXP 	New trial (rep=0, index=3): {'Stimulus': u'left_schema_13_WHI.jpg', 'direction': u'left', 'number': 13, 'format': u'schema'}
36.8622 	EXP 	image_2: autoDraw = False
36.8622 	EXP 	text_same: autoDraw = False
36.8622 	EXP 	image_2: image = u'21_Stimuli//left_schema_13_WHI.jpg'
36.8622 	EXP 	text_same: text = 'SAME / DIFFERENT?'
36.8622 	EXP 	image_2: autoDraw = True
36.8622 	EXP 	text_same: autoDraw = True
36.8971 	DATA 	Keypress: a
36.8992 	EXP 	New trial (rep=0, index=4): {'Stimulus': u'ahead_schema_1_WHI.jpg', 'direction': u'ahead', 'number': 1, 'format': u'schema'}
36.9957 	EXP 	image_2: autoDraw = False
36.9957 	EXP 	text_same: autoDraw = False
36.9957 	EXP 	image_2: image = u'21_Stimuli//ahead_schema_1_WHI.jpg'
36.9957 	EXP 	text_same: text = ''
36.9957 	EXP 	image_2: autoDraw = True
36.9957 	EXP 	text_same: autoDraw = True
37.0146 	DATA 	Keypress: f
37.0163 	EXP 	New trial (rep=0, index=5): {'Stimulus': u'right_schema_13_WHI.jpg', 'direction': u'right', 'number': 13, 'format': u'schema'}
37.1121 	EXP 	image_2: autoDraw = False
37.1121 	EXP 	text_same: autoDraw = False
37.1121 	EXP 	image_2: image = u'21_Stimuli//right_schema_13_WHI.jpg'
37.1121 	EXP 	text_same: text = 'SAME / DIFFERENT?'
37.1121 	EXP 	image_2: autoDraw = True
37.1121 	EXP 	text_same: autoDraw = True
37.1124 	DATA 	Keypress: a
37.1132 	EXP 	New trial (rep=0, index=6): {'Stimulus': u'left_schema_16_WHI.jpg', 'direction': u'left', 'number': 16, 'format': u'schema'}
37.1621 	EXP 	image_2: autoDraw = False
37.1621 	EXP 	text_same: autoDraw = False
37.1621 	EXP 	image_2: image = u'21_Stimuli//left_schema_16_WHI.jpg'
37.1621 	EXP 	text_same: text = ''
37.1621 	EXP 	image_2: autoDraw = True
37.1621 	EXP 	text_same: autoDraw = True
37.1973 	DATA 	Keypress: f
37.1992 	EXP 	New trial (rep=0, index=7): {'Stimulus': u'ahead_schema_4_WHI.jpg', 'direction': u'ahead', 'number': 4, 'format': u'schema'}
37.2953 	EXP 	image_2: autoDraw = False
37.2953 	EXP 	text_same: autoDraw = False
37.2953 	EXP 	image_2: image = u'21_Stimuli//ahead_schema_4_WHI.jpg'
37.2953 	EXP 	text_same: text = 'SAME / DIFFERENT?'
37.2953 	EXP 	image_2: autoDraw = True
37.2953 	EXP 	text_same: autoDraw = True
37.2955 	DATA 	Keypress: a
37.2963 	EXP 	New trial (rep=0, index=8): {'Stimulus': u'ahead_schema_6_WHI.jpg', 'direction': u'ahead', 'number': 6, 'format': u'schema'}
37.3452 	EXP 	image_2: autoDraw = False
37.3452 	EXP 	text_same: autoDraw = False
37.3452 	EXP 	image_2: image = u'21_Stimuli//ahead_schema_6_WHI.jpg'
37.3452 	EXP 	text_same: text = ''
37.3452 	EXP 	image_2: autoDraw = True
37.3452 	EXP 	text_same: autoDraw = True
37.3791 	DATA 	Keypress: f
37.3798 	EXP 	New trial (rep=0, index=9): {'Stimulus': u'left_schema_6_WHI.jpg', 'direction': u'left', 'number': 6, 'format': u'schema'}
37.4620 	EXP 	image_2: autoDraw = False
37.4620 	EXP 	text_same: autoDraw = False
37.4620 	EXP 	image_2: image = u'21_Stimuli//left_schema_6_WHI.jpg'
37.4620 	EXP 	text_same: text = 'SAME / DIFFERENT?'
37.4620 	EXP 	image_2: autoDraw = True
37.4620 	EXP 	text_same: autoDraw = True
37.4799 	DATA 	Keypress: a
37.4820 	EXP 	New trial (rep=0, index=10): {'Stimulus': u'ahead_schema_13_WHI.jpg', 'direction': u'ahead', 'number': 13, 'format': u'schema'}
37.5618 	EXP 	image_2: autoDraw = False
37.5618 	EXP 	text_same: autoDraw = False
37.5618 	EXP 	image_2: image = u'21_Stimuli//ahead_schema_13_WHI.jpg'
37.5618 	EXP 	text_same: text = ''
37.5618 	EXP 	image_2: autoDraw = True
37.5618 	EXP 	text_same: autoDraw = True
37.5621 	DATA 	Keypress: f
37.5628 	EXP 	New trial (rep=0, index=11): {'Stimulus': u'right_schema_6_WHI.jpg', 'direction': u'right', 'number': 6, 'format': u'schema'}
37.6118 	EXP 	image_2: autoDraw = False
37.6118 	EXP 	text_same: autoDraw = False
37.6118 	EXP 	image_2: image = u'21_Stimuli//right_schema_6_WHI.jpg'
37.6118 	EXP 	text_same: text = 'SAME / DIFFERENT?'
37.6118 	EXP 	image_2: autoDraw = True
37.6118 	EXP 	text_same: autoDraw = True
37.6963 	DATA 	Keypress: a
37.6982 	EXP 	New trial (rep=0, index=12): {'Stimulus': u'left_schema_10_WHI.jpg', 'direction': u'left', 'number': 10, 'format': u'schema'}
37.7789 	EXP 	image_2: autoDraw = False
37.7789 	EXP 	text_same: autoDraw = False
37.7789 	EXP 	image_2: image = u'21_Stimuli//left_schema_10_WHI.jpg'
37.7789 	EXP 	text_same: text = ''
37.7789 	EXP 	image_2: autoDraw = True
37.7789 	EXP 	text_same: autoDraw = True
37.7793 	DATA 	Keypress: f
37.7803 	EXP 	New trial (rep=0, index=13): {'Stimulus': u'right_schema_21_WHI.jpg', 'direction': u'right', 'number': 21, 'format': u'schema'}
37.8450 	EXP 	image_2: autoDraw = False
37.8450 	EXP 	text_same: autoDraw = False
37.8450 	EXP 	image_2: image = u'21_Stimuli//right_schema_21_WHI.jpg'
37.8450 	EXP 	text_same: text = 'SAME / DIFFERENT?'
37.8450 	EXP 	image_2: autoDraw = True
37.8450 	EXP 	text_same: autoDraw = True
37.9803 	DATA 	Keypress: f
37.9825 	EXP 	New trial (rep=0, index=14): {'Stimulus': u'ahead_schema_20_WHI.jpg', 'direction': u'ahead', 'number': 20, 'format': u'schema'}
38.0616 	EXP 	image_2: autoDraw = False
38.0616 	EXP 	text_same: autoDraw = False
38.0616 	EXP 	image_2: image = u'21_Stimuli//ahead_schema_20_WHI.jpg'
38.0616 	EXP 	text_same: text = ''
38.0616 	EXP 	image_2: autoDraw = True
38.0616 	EXP 	text_same: autoDraw = True
38.0622 	DATA 	Keypress: a
38.0633 	EXP 	New trial (rep=0, index=15): {'Stimulus': u'left_schema_9_WHI.jpg', 'direction': u'left', 'number': 9, 'format': u'schema'}
38.1282 	EXP 	image_2: autoDraw = False
38.1282 	EXP 	text_same: autoDraw = False
38.1282 	EXP 	image_2: image = u'21_Stimuli//left_schema_9_WHI.jpg'
38.1282 	EXP 	text_same: text = 'SAME / DIFFERENT?'
38.1282 	EXP 	image_2: autoDraw = True
38.1282 	EXP 	text_same: autoDraw = True
38.1623 	DATA 	Keypress: f
38.1631 	EXP 	New trial (rep=0, index=16): {'Stimulus': u'ahead_schema_3_WHI.jpg', 'direction': u'ahead', 'number': 3, 'format': u'schema'}
38.2452 	EXP 	image_2: autoDraw = False
38.2452 	EXP 	text_same: autoDraw = False
38.2452 	EXP 	image_2: image = u'21_Stimuli//ahead_schema_3_WHI.jpg'
38.2452 	EXP 	text_same: text = ''
38.2452 	EXP 	image_2: autoDraw = True
38.2452 	EXP 	text_same: autoDraw = True
38.2800 	DATA 	Keypress: a
38.2818 	EXP 	New trial (rep=0, index=17): {'Stimulus': u'right_schema_20_WHI.jpg', 'direction': u'right', 'number': 20, 'format': u'schema'}
38.3784 	EXP 	image_2: autoDraw = False
38.3784 	EXP 	text_same: autoDraw = False
38.3784 	EXP 	image_2: image = u'21_Stimuli//right_schema_20_WHI.jpg'
38.3784 	EXP 	text_same: text = 'SAME / DIFFERENT?'
38.3784 	EXP 	image_2: autoDraw = True
38.3784 	EXP 	text_same: autoDraw = True
38.4135 	DATA 	Keypress: f
38.4156 	EXP 	New trial (rep=0, index=18): {'Stimulus': u'left_schema_5_WHI.jpg', 'direction': u'left', 'number': 5, 'format': u'schema'}
38.4949 	EXP 	image_2: autoDraw = False
38.4949 	EXP 	text_same: autoDraw = False
38.4949 	EXP 	image_2: image = u'21_Stimuli//left_schema_5_WHI.jpg'
38.4949 	EXP 	text_same: text = ''
38.4949 	EXP 	image_2: autoDraw = True
38.4949 	EXP 	text_same: autoDraw = True
38.5300 	DATA 	Keypress: a
38.5318 	EXP 	New trial (rep=0, index=19): {'Stimulus': u'left_schema_18_WHI.jpg', 'direction': u'left', 'number': 18, 'format': u'schema'}
38.6281 	EXP 	image_2: autoDraw = False
38.6281 	EXP 	text_same: autoDraw = False
38.6281 	EXP 	image_2: image = u'21_Stimuli//left_schema_18_WHI.jpg'
38.6281 	EXP 	text_same: text = 'SAME / DIFFERENT?'
38.6281 	EXP 	image_2: autoDraw = True
38.6281 	EXP 	text_same: autoDraw = True
38.6850 	DATA 	Keypress: f
38.7170 	EXP 	image_2: autoDraw = False
38.7170 	EXP 	text_same: autoDraw = False
38.7859 	DATA 	Keypress: a
42.1665 	DATA 	Keypress: escape
43.4407 	DATA 	Mouse: Left button down, pos=(512,799)
43.5126 	DATA 	Mouse:  Left button up, pos=(512,799)
44.0417 	DATA 	Keypress: escape
44.1639 	DATA 	Keypress: escape
44.5477 	DATA 	Keypress: d
44.5482 	EXP 	New trial (rep=0, index=20): {'Stimulus': u'right_word_11_WHI.jpg', 'direction': u'right', 'number': 11, 'format': u'word'}
44.5860 	EXP 	image_2: image = u'21_Stimuli//right_word_11_WHI.jpg'
44.5860 	EXP 	text_same: text = ''
44.5860 	EXP 	image_2: autoDraw = True
44.5860 	EXP 	text_same: autoDraw = True
44.8703 	DATA 	Keypress: quoteleft
44.8706 	DATA 	Keypress: escape
