8.7257 	INFO 	Loaded monitor calibration from ['2016_05_25 15:27']
11.4006 	EXP 	Created window1 = Window(allowGUI=False, allowStencil=False, autoLog=True, bitsMode=UNKNOWN, blendMode='avg', color=array([ 0.4,  0.4,  0.4]), colorSpace='rgb', fullscr=UNKNOWN, gamma=None, lms=UNKNOWN, monitor=<psychopy.monitors.calibTools.Monitor instance at 0x0513EDC8>, name='window1', pos=[0, 0], screen=0, size=array([1920, 1080]), stereo=False, units=u'norm', useFBO=True, viewOri=0.0, viewPos=None, viewScale=None, waitBlanking=True, winType='pyglet')
11.4007 	EXP 	window1: recordFrameIntervals = False
11.5817 	EXP 	window1: recordFrameIntervals = True
11.7652 	DEBUG 	Screen (0) actual frame rate measured at 60.03
11.7653 	EXP 	window1: recordFrameIntervals = False
11.9772 	EXP 	Created text_4 = TextStim(alignHoriz='center', alignVert='center', antialias=True, autoLog=True, bold=False, color='black', colorSpace='named', contrast=1.0, depth=0.0, flipHoriz=False, flipVert=False, font='Arial', fontFiles=[], height=0.1, italic=False, name='text_4', opacity=1.0, ori=0, pos=array([ 0.,  0.]), rgb=array([ 0.,  0.,  0.]), text=unicode(...), units=u'norm', win=Window(...), wrapWidth=1.5)
11.9779 	EXP 	Created text_6 = TextStim(alignHoriz='center', alignVert='center', antialias=True, autoLog=True, bold=False, color='black', colorSpace='named', contrast=1.0, depth=0.0, flipHoriz=False, flipVert=False, font='Arial', fontFiles=[], height=0.1, italic=False, name='text_6', opacity=1.0, ori=0, pos=array([ 0.,  0.]), rgb=array([ 0.,  0.,  0.]), text='', units=u'norm', win=Window(...), wrapWidth=1.5)
11.9786 	EXP 	Created text_9 = TextStim(alignHoriz='center', alignVert='center', antialias=True, autoLog=True, bold=False, color='black', colorSpace='named', contrast=1.0, depth=-1.0, flipHoriz=False, flipVert=False, font='Arial', fontFiles=[], height=0.1, italic=False, name='text_9', opacity=1.0, ori=0, pos=array([ 0. , -0.6]), rgb=array([ 0.,  0.,  0.]), text='', units=u'norm', win=Window(...), wrapWidth=1)
11.9820 	EXP 	Created image = ImageStim(autoLog=True, color=array([ 1.,  1.,  1.]), colorSpace='rgb', contrast=1.0, depth=-2.0, flipHoriz=False, flipVert=False, image='sin', interpolate=True, mask=None, maskParams=None, name='image', opacity=1.0, ori=0.0, pos=array([ 0.,  0.]), size=array([ 0.67,  0.67]), texRes=128, units='height', win=Window(...))
11.9827 	EXP 	Created text_same_practice = TextStim(alignHoriz='center', alignVert='center', antialias=True, autoLog=True, bold=False, color='black', colorSpace='named', contrast=1.0, depth=-3.0, flipHoriz=False, flipVert=False, font='Arial', fontFiles=[], height=0.1, italic=False, name='text_same_practice', opacity=1.0, ori=0, pos=array([ 0. , -0.8]), rgb=array([ 0.,  0.,  0.]), text='', units=u'norm', win=Window(...), wrapWidth=1)
11.9868 	EXP 	Created text_2 = TextStim(alignHoriz='center', alignVert='center', antialias=True, autoLog=True, bold=False, color='black', colorSpace='named', contrast=1.0, depth=0.0, flipHoriz=False, flipVert=False, font='Arial', fontFiles=[], height=0.1, italic=False, name='text_2', opacity=1.0, ori=0, pos=array([ 0.,  0.]), rgb=array([ 0.,  0.,  0.]), text=u'+', units=u'norm', win=Window(...), wrapWidth=1)
11.9875 	EXP 	Created text_11 = TextStim(alignHoriz='center', alignVert='center', antialias=True, autoLog=True, bold=False, color='black', colorSpace='named', contrast=1.0, depth=-1.0, flipHoriz=False, flipVert=False, font='Arial', fontFiles=[], height=0.1, italic=False, name='text_11', opacity=1.0, ori=0, pos=array([ 0. , -0.6]), rgb=array([ 0.,  0.,  0.]), text='', units=u'norm', win=Window(...), wrapWidth=1)
11.9897 	EXP 	Created image_3 = ImageStim(autoLog=True, color=array([ 1.,  1.,  1.]), colorSpace='rgb', contrast=1.0, depth=-2.0, flipHoriz=False, flipVert=False, image='sin', interpolate=True, mask=None, maskParams=None, name='image_3', opacity=1.0, ori=0.0, pos=array([ 0.,  0.]), size=array([ 0.67,  0.67]), texRes=128, units='height', win=Window(...))
11.9905 	EXP 	Created text_same_practice_2 = TextStim(alignHoriz='center', alignVert='center', antialias=True, autoLog=True, bold=False, color='black', colorSpace='named', contrast=1.0, depth=-3.0, flipHoriz=False, flipVert=False, font='Arial', fontFiles=[], height=0.1, italic=False, name='text_same_practice_2', opacity=1.0, ori=0, pos=array([ 0. , -0.8]), rgb=array([ 0.,  0.,  0.]), text='', units=u'norm', win=Window(...), wrapWidth=1)
11.9991 	EXP 	Created text_2 = TextStim(alignHoriz='center', alignVert='center', antialias=True, autoLog=True, bold=False, color='black', colorSpace='named', contrast=1.0, depth=0.0, flipHoriz=False, flipVert=False, font='Arial', fontFiles=[], height=0.1, italic=False, name='text_2', opacity=1.0, ori=0, pos=array([ 0.,  0.]), rgb=array([ 0.,  0.,  0.]), text=u'+', units=u'norm', win=Window(...), wrapWidth=1)
11.9998 	EXP 	Created text_12 = TextStim(alignHoriz='center', alignVert='center', antialias=True, autoLog=True, bold=False, color='black', colorSpace='named', contrast=1.0, depth=-1.0, flipHoriz=False, flipVert=False, font='Arial', fontFiles=[], height=0.1, italic=False, name='text_12', opacity=1.0, ori=0, pos=array([ 0. , -0.6]), rgb=array([ 0.,  0.,  0.]), text='', units=u'norm', win=Window(...), wrapWidth=1)
12.0022 	EXP 	Created image_4 = ImageStim(autoLog=True, color=array([ 1.,  1.,  1.]), colorSpace='rgb', contrast=1.0, depth=-2.0, flipHoriz=False, flipVert=False, image='sin', interpolate=True, mask=None, maskParams=None, name='image_4', opacity=1.0, ori=0.0, pos=array([ 0.,  0.]), size=array([ 0.67,  0.67]), texRes=128, units='height', win=Window(...))
12.0029 	EXP 	Created text_same_practice_3 = TextStim(alignHoriz='center', alignVert='center', antialias=True, autoLog=True, bold=False, color='black', colorSpace='named', contrast=1.0, depth=-3.0, flipHoriz=False, flipVert=False, font='Arial', fontFiles=[], height=0.1, italic=False, name='text_same_practice_3', opacity=1.0, ori=0, pos=array([ 0. , -0.8]), rgb=array([ 0.,  0.,  0.]), text='', units=u'norm', win=Window(...), wrapWidth=1)
12.0273 	EXP 	Created text_10 = TextStim(alignHoriz='center', alignVert='center', antialias=True, autoLog=True, bold=False, color='black', colorSpace='named', contrast=1.0, depth=0.0, flipHoriz=False, flipVert=False, font='Arial', fontFiles=[], height=0.1, italic=False, name='text_10', opacity=1.0, ori=0, pos=array([ 0.,  0.]), rgb=array([ 0.,  0.,  0.]), text=unicode(...), units=u'norm', win=Window(...), wrapWidth=1)
12.0295 	EXP 	Created image_2 = ImageStim(autoLog=True, color=array([ 1.,  1.,  1.]), colorSpace='rgb', contrast=1.0, depth=-1.0, flipHoriz=False, flipVert=False, image='sin', interpolate=True, mask=None, maskParams=None, name='image_2', opacity=1.0, ori=0.0, pos=array([ 0.,  0.]), size=array([ 0.67,  0.67]), texRes=128, units='height', win=Window(...))
12.0573 	EXP 	Created unnamed TextStim = TextStim(alignHoriz='center', alignVert='center', antialias=True, autoLog=True, bold=False, color='black', colorSpace='named', contrast=1.0, depth=0, flipHoriz=False, flipVert=False, font='', fontFiles=[], height=0.5, italic=False, name='unnamed TextStim', opacity=1.0, ori=0.0, pos=array([ 0.,  0.]), rgb=array([ 0.,  0.,  0.]), text=u'+', units=u'norm', win=Window(...), wrapWidth=1)
12.0580 	EXP 	Created text_same = TextStim(alignHoriz='center', alignVert='center', antialias=True, autoLog=True, bold=False, color=u'black', colorSpace='named', contrast=1.0, depth=-3.0, flipHoriz=False, flipVert=False, font=u'Arial', fontFiles=[], height=0.1, italic=False, name='text_same', opacity=1.0, ori=0, pos=array([ 0. , -0.8]), rgb=array([ 0.,  0.,  0.]), text='', units=u'norm', win=Window(...), wrapWidth=1)
12.0670 	EXP 	Created text = TextStim(alignHoriz='center', alignVert='center', antialias=True, autoLog=True, bold=False, color='black', colorSpace='named', contrast=1.0, depth=0.0, flipHoriz=False, flipVert=False, font='Arial', fontFiles=[], height=0.1, italic=False, name='text', opacity=1.0, ori=0, pos=array([ 0.,  0.]), rgb=array([ 0.,  0.,  0.]), text=unicode(...), units=u'norm', win=Window(...), wrapWidth=1)
12.0825 	EXP 	text_4: autoDraw = True
12.6485 	DATA 	Keypress: d
12.6498 	EXP 	Created sequence: random, trialTypes=1, nReps=2, seed=None
12.6506 	EXP 	New trial (rep=0, index=0): None
12.7536 	DATA 	Keypress: s
12.7798 	EXP 	text_4: autoDraw = False
12.7798 	EXP 	text_6: text = "Let's try a few for practice. You'll see spatial directions one at a time on the screen. They will be either LEFT or RIGHT or AHEAD. Tell the experimenter if the spatial direction on the screen is the SAME or DIFFERENT from the spatial direction that you just saw. For the first stimulus, just say 'GO.' Then when it says 'Same?' underneath, tell the experimenter whether you see the same direction or a different direction"
12.7798 	EXP 	text_6: autoDraw = True
12.8151 	DATA 	Keypress: d
12.8618 	EXP 	Imported Extra_Stimuli//practice_order_WHI_image.xlsx as conditions, 9 conditions, 5 params
12.8625 	EXP 	Created sequence: random, trialTypes=9, nReps=1, seed=None
12.8632 	EXP 	New trial (rep=0, index=0): {u'Stimulus_Practice': u'left_image_3_WHI.jpg', u'Direction': u'left', u'Number': 3, u'Background': u'_WHI', u'Format': u'image'}
12.9617 	DATA 	Keypress: s
12.9797 	EXP 	text_6: autoDraw = False
12.9797 	EXP 	image: image = u'Extra_Stimuli//left_image_3_WHI.jpg'
12.9797 	EXP 	text_same_practice: text = ''
12.9797 	EXP 	text_9: autoDraw = True
12.9797 	EXP 	image: autoDraw = True
12.9797 	EXP 	text_same_practice: autoDraw = True
12.9970 	DATA 	Keypress: d
13.1475 	DATA 	Keypress: s
13.2144 	DATA 	Keypress: d
13.3661 	DATA 	Keypress: s
13.4812 	DATA 	Keypress: d
13.6641 	DATA 	Keypress: s
13.8980 	DATA 	Keypress: d
14.1304 	DATA 	Keypress: s
14.3472 	DATA 	Keypress: d
14.5805 	DATA 	Keypress: f
14.5830 	EXP 	New trial (rep=0, index=1): {u'Stimulus_Practice': u'left_image_2_WHI.jpg', u'Direction': u'left', u'Number': 2, u'Background': u'_WHI', u'Format': u'image'}
14.6955 	EXP 	text_9: autoDraw = False
14.6955 	EXP 	image: autoDraw = False
14.6955 	EXP 	text_same_practice: autoDraw = False
14.6955 	EXP 	image: image = u'Extra_Stimuli//left_image_2_WHI.jpg'
14.6955 	EXP 	text_same_practice: text = 'SAME / DIFFERENT?'
14.6955 	EXP 	text_9: autoDraw = True
14.6955 	EXP 	image: autoDraw = True
14.6955 	EXP 	text_same_practice: autoDraw = True
14.9299 	DATA 	Keypress: a
14.9317 	EXP 	New trial (rep=0, index=2): {u'Stimulus_Practice': u'right_image_1_WHI.jpg', u'Direction': u'right', u'Number': 1, u'Background': u'_WHI', u'Format': u'image'}
15.0188 	DATA 	Keypress: f
15.0454 	EXP 	text_9: autoDraw = False
15.0454 	EXP 	image: autoDraw = False
15.0454 	EXP 	text_same_practice: autoDraw = False
15.0454 	EXP 	image: image = u'Extra_Stimuli//right_image_1_WHI.jpg'
15.0454 	EXP 	text_same_practice: text = ''
15.0454 	EXP 	text_9: autoDraw = True
15.0454 	EXP 	image: autoDraw = True
15.0454 	EXP 	text_same_practice: autoDraw = True
15.1137 	DATA 	Keypress: a
15.1156 	EXP 	New trial (rep=0, index=3): {u'Stimulus_Practice': u'right_image_2_WHI.jpg', u'Direction': u'right', u'Number': 2, u'Background': u'_WHI', u'Format': u'image'}
15.2285 	EXP 	text_9: autoDraw = False
15.2285 	EXP 	image: autoDraw = False
15.2285 	EXP 	text_same_practice: autoDraw = False
15.2285 	EXP 	image: image = u'Extra_Stimuli//right_image_2_WHI.jpg'
15.2285 	EXP 	text_same_practice: text = 'SAME / DIFFERENT?'
15.2285 	EXP 	text_9: autoDraw = True
15.2285 	EXP 	image: autoDraw = True
15.2285 	EXP 	text_same_practice: autoDraw = True
15.2288 	DATA 	Keypress: f
15.2296 	EXP 	New trial (rep=0, index=4): {u'Stimulus_Practice': u'left_image_1_WHI.jpg', u'Direction': u'left', u'Number': 1, u'Background': u'_WHI', u'Format': u'image'}
15.2953 	EXP 	text_9: autoDraw = False
15.2953 	EXP 	image: autoDraw = False
15.2953 	EXP 	text_same_practice: autoDraw = False
15.2953 	EXP 	image: image = u'Extra_Stimuli//left_image_1_WHI.jpg'
15.2953 	EXP 	text_same_practice: text = ''
15.2953 	EXP 	text_9: autoDraw = True
15.2953 	EXP 	image: autoDraw = True
15.2953 	EXP 	text_same_practice: autoDraw = True
15.3128 	DATA 	Keypress: a
15.3147 	EXP 	New trial (rep=0, index=5): {u'Stimulus_Practice': u'right_image_3_WHI.jpg', u'Direction': u'right', u'Number': 3, u'Background': u'_WHI', u'Format': u'image'}
15.4034 	DATA 	Keypress: f
15.4286 	EXP 	text_9: autoDraw = False
15.4286 	EXP 	image: autoDraw = False
15.4286 	EXP 	text_same_practice: autoDraw = False
15.4286 	EXP 	image: image = u'Extra_Stimuli//right_image_3_WHI.jpg'
15.4286 	EXP 	text_same_practice: text = 'SAME / DIFFERENT?'
15.4286 	EXP 	text_9: autoDraw = True
15.4286 	EXP 	image: autoDraw = True
15.4286 	EXP 	text_same_practice: autoDraw = True
15.5132 	DATA 	Keypress: a
15.5150 	EXP 	New trial (rep=0, index=6): {u'Stimulus_Practice': u'ahead_image_2_WHI.jpg', u'Direction': u'ahead', u'Number': 2, u'Background': u'_WHI', u'Format': u'image'}
15.6120 	EXP 	text_9: autoDraw = False
15.6120 	EXP 	image: autoDraw = False
15.6120 	EXP 	text_same_practice: autoDraw = False
15.6120 	EXP 	image: image = u'Extra_Stimuli//ahead_image_2_WHI.jpg'
15.6120 	EXP 	text_same_practice: text = ''
15.6120 	EXP 	text_9: autoDraw = True
15.6120 	EXP 	image: autoDraw = True
15.6120 	EXP 	text_same_practice: autoDraw = True
15.6290 	DATA 	Keypress: f
15.6297 	EXP 	New trial (rep=0, index=7): {u'Stimulus_Practice': u'ahead_image_3_WHI.jpg', u'Direction': u'ahead', u'Number': 3, u'Background': u'_WHI', u'Format': u'image'}
15.7119 	EXP 	text_9: autoDraw = False
15.7119 	EXP 	image: autoDraw = False
15.7119 	EXP 	text_same_practice: autoDraw = False
15.7119 	EXP 	image: image = u'Extra_Stimuli//ahead_image_3_WHI.jpg'
15.7119 	EXP 	text_same_practice: text = 'SAME / DIFFERENT?'
15.7119 	EXP 	text_9: autoDraw = True
15.7119 	EXP 	image: autoDraw = True
15.7119 	EXP 	text_same_practice: autoDraw = True
15.7122 	DATA 	Keypress: a
16.1268 	DATA 	Keypress: f
16.1269 	DATA 	Keypress: a
16.1271 	DATA 	Keypress: f
16.1272 	DATA 	Keypress: a
16.1454 	EXP 	text_9: autoDraw = False
16.1454 	EXP 	image: autoDraw = False
16.1454 	EXP 	text_same_practice: autoDraw = False
16.1454 	EXP 	text_2: autoDraw = True
16.2119 	DATA 	Keypress: a
16.4296 	DATA 	Keypress: d
16.4540 	EXP 	Imported Extra_Stimuli//practice_order_WHI_word.xlsx as conditions, 9 conditions, 5 params
16.4550 	EXP 	Created sequence: random, trialTypes=9, nReps=1, seed=None
16.4561 	EXP 	New trial (rep=0, index=0): {u'Stimulus_Practice': u'left_word_1_WHI.jpg', u'Direction': u'left', u'Number': 1, u'Background': u'_WHI', u'Format': u'word'}
16.5613 	EXP 	text_2: autoDraw = False
16.5613 	EXP 	image_3: image = u'Extra_Stimuli//left_word_1_WHI.jpg'
16.5613 	EXP 	text_same_practice_2: text = ''
16.5613 	EXP 	text_11: autoDraw = True
16.5613 	EXP 	image_3: autoDraw = True
16.5613 	EXP 	text_same_practice_2: autoDraw = True
16.5616 	DATA 	Keypress: f
16.5624 	EXP 	New trial (rep=0, index=1): {u'Stimulus_Practice': u'ahead_word_3_WHI.jpg', u'Direction': u'ahead', u'Number': 3, u'Background': u'_WHI', u'Format': u'word'}
16.6284 	EXP 	text_11: autoDraw = False
16.6284 	EXP 	image_3: autoDraw = False
16.6284 	EXP 	text_same_practice_2: autoDraw = False
16.6284 	EXP 	image_3: image = u'Extra_Stimuli//ahead_word_3_WHI.jpg'
16.6284 	EXP 	text_same_practice_2: text = 'SAME / DIFFERENT?'
16.6284 	EXP 	text_11: autoDraw = True
16.6284 	EXP 	image_3: autoDraw = True
16.6284 	EXP 	text_same_practice_2: autoDraw = True
16.6467 	DATA 	Keypress: a
16.6485 	EXP 	New trial (rep=0, index=2): {u'Stimulus_Practice': u'left_word_3_WHI.jpg', u'Direction': u'left', u'Number': 3, u'Background': u'_WHI', u'Format': u'word'}
16.7445 	EXP 	text_11: autoDraw = False
16.7445 	EXP 	image_3: autoDraw = False
16.7445 	EXP 	text_same_practice_2: autoDraw = False
16.7445 	EXP 	image_3: image = u'Extra_Stimuli//left_word_3_WHI.jpg'
16.7445 	EXP 	text_same_practice_2: text = ''
16.7445 	EXP 	text_11: autoDraw = True
16.7445 	EXP 	image_3: autoDraw = True
16.7445 	EXP 	text_same_practice_2: autoDraw = True
16.7630 	DATA 	Keypress: f
16.7650 	EXP 	New trial (rep=0, index=3): {u'Stimulus_Practice': u'right_word_3_WHI.jpg', u'Direction': u'right', u'Number': 3, u'Background': u'_WHI', u'Format': u'word'}
16.8615 	EXP 	text_11: autoDraw = False
16.8615 	EXP 	image_3: autoDraw = False
16.8615 	EXP 	text_same_practice_2: autoDraw = False
16.8615 	EXP 	image_3: image = u'Extra_Stimuli//right_word_3_WHI.jpg'
16.8615 	EXP 	text_same_practice_2: text = 'SAME / DIFFERENT?'
16.8615 	EXP 	text_11: autoDraw = True
16.8615 	EXP 	image_3: autoDraw = True
16.8615 	EXP 	text_same_practice_2: autoDraw = True
16.8618 	DATA 	Keypress: a
16.8624 	EXP 	New trial (rep=0, index=4): {u'Stimulus_Practice': u'left_word_2_WHI.jpg', u'Direction': u'left', u'Number': 2, u'Background': u'_WHI', u'Format': u'word'}
16.9111 	EXP 	text_11: autoDraw = False
16.9111 	EXP 	image_3: autoDraw = False
16.9111 	EXP 	text_same_practice_2: autoDraw = False
16.9111 	EXP 	image_3: image = u'Extra_Stimuli//left_word_2_WHI.jpg'
16.9111 	EXP 	text_same_practice_2: text = ''
16.9111 	EXP 	text_11: autoDraw = True
16.9111 	EXP 	image_3: autoDraw = True
16.9111 	EXP 	text_same_practice_2: autoDraw = True
16.9460 	DATA 	Keypress: f
16.9480 	EXP 	New trial (rep=0, index=5): {u'Stimulus_Practice': u'right_word_2_WHI.jpg', u'Direction': u'right', u'Number': 2, u'Background': u'_WHI', u'Format': u'word'}
17.0451 	EXP 	text_11: autoDraw = False
17.0451 	EXP 	image_3: autoDraw = False
17.0451 	EXP 	text_same_practice_2: autoDraw = False
17.0451 	EXP 	image_3: image = u'Extra_Stimuli//right_word_2_WHI.jpg'
17.0451 	EXP 	text_same_practice_2: text = 'SAME / DIFFERENT?'
17.0451 	EXP 	text_11: autoDraw = True
17.0451 	EXP 	image_3: autoDraw = True
17.0451 	EXP 	text_same_practice_2: autoDraw = True
17.0622 	DATA 	Keypress: a
17.0629 	EXP 	New trial (rep=0, index=6): {u'Stimulus_Practice': u'right_word_1_WHI.jpg', u'Direction': u'right', u'Number': 1, u'Background': u'_WHI', u'Format': u'word'}
17.1116 	EXP 	text_11: autoDraw = False
17.1116 	EXP 	image_3: autoDraw = False
17.1116 	EXP 	text_same_practice_2: autoDraw = False
17.1116 	EXP 	image_3: image = u'Extra_Stimuli//right_word_1_WHI.jpg'
17.1116 	EXP 	text_same_practice_2: text = ''
17.1116 	EXP 	text_11: autoDraw = True
17.1116 	EXP 	image_3: autoDraw = True
17.1116 	EXP 	text_same_practice_2: autoDraw = True
17.1620 	DATA 	Keypress: f
17.1628 	EXP 	New trial (rep=0, index=7): {u'Stimulus_Practice': u'ahead_word_2_WHI.jpg', u'Direction': u'ahead', u'Number': 2, u'Background': u'_WHI', u'Format': u'word'}
17.2110 	EXP 	text_11: autoDraw = False
17.2110 	EXP 	image_3: autoDraw = False
17.2110 	EXP 	text_same_practice_2: autoDraw = False
17.2110 	EXP 	image_3: image = u'Extra_Stimuli//ahead_word_2_WHI.jpg'
17.2110 	EXP 	text_same_practice_2: text = 'SAME / DIFFERENT?'
17.2110 	EXP 	text_11: autoDraw = True
17.2110 	EXP 	image_3: autoDraw = True
17.2110 	EXP 	text_same_practice_2: autoDraw = True
17.2482 	DATA 	Keypress: a
17.3779 	EXP 	text_11: autoDraw = False
17.3779 	EXP 	image_3: autoDraw = False
17.3779 	EXP 	text_same_practice_2: autoDraw = False
17.3779 	EXP 	text_2: autoDraw = True
17.4447 	DATA 	Keypress: a
17.5454 	DATA 	Keypress: f
17.6949 	DATA 	Keypress: d
17.7022 	EXP 	Imported Extra_Stimuli//practice_order_WHI_schema.xlsx as conditions, 9 conditions, 5 params
17.7025 	EXP 	Created sequence: random, trialTypes=9, nReps=1, seed=None
17.7028 	EXP 	New trial (rep=0, index=0): {u'Stimulus_Practice': u'ahead_schema_2_WHI.jpg', u'Direction': u'ahead', u'Number': 2, u'Background': u'_WHI', u'Format': u'schema'}
17.7776 	EXP 	text_2: autoDraw = False
17.7776 	EXP 	image_4: image = u'Extra_Stimuli//ahead_schema_2_WHI.jpg'
17.7776 	EXP 	text_same_practice_3: text = ''
17.7776 	EXP 	text_12: autoDraw = True
17.7776 	EXP 	image_4: autoDraw = True
17.7776 	EXP 	text_same_practice_3: autoDraw = True
17.8309 	DATA 	Keypress: f
17.8473 	EXP 	New trial (rep=0, index=1): {u'Stimulus_Practice': u'ahead_schema_1_WHI.jpg', u'Direction': u'ahead', u'Number': 1, u'Background': u'_WHI', u'Format': u'schema'}
17.9249 	DATA 	Keypress: a
17.9438 	EXP 	text_12: autoDraw = False
17.9438 	EXP 	image_4: autoDraw = False
17.9438 	EXP 	text_same_practice_3: autoDraw = False
17.9438 	EXP 	image_4: image = u'Extra_Stimuli//ahead_schema_1_WHI.jpg'
17.9438 	EXP 	text_same_practice_3: text = 'SAME / DIFFERENT?'
17.9438 	EXP 	text_12: autoDraw = True
17.9438 	EXP 	image_4: autoDraw = True
17.9438 	EXP 	text_same_practice_3: autoDraw = True
18.1123 	DATA 	Keypress: a
18.1141 	EXP 	New trial (rep=0, index=2): {u'Stimulus_Practice': u'ahead_schema_3_WHI.jpg', u'Direction': u'ahead', u'Number': 3, u'Background': u'_WHI', u'Format': u'schema'}
18.1942 	EXP 	text_12: autoDraw = False
18.1942 	EXP 	image_4: autoDraw = False
18.1942 	EXP 	text_same_practice_3: autoDraw = False
18.1942 	EXP 	image_4: image = u'Extra_Stimuli//ahead_schema_3_WHI.jpg'
18.1942 	EXP 	text_same_practice_3: text = ''
18.1942 	EXP 	text_12: autoDraw = True
18.1942 	EXP 	image_4: autoDraw = True
18.1942 	EXP 	text_same_practice_3: autoDraw = True
18.1947 	DATA 	Keypress: f
18.1958 	EXP 	New trial (rep=0, index=3): {u'Stimulus_Practice': u'right_schema_1_WHI.jpg', u'Direction': u'right', u'Number': 1, u'Background': u'_WHI', u'Format': u'schema'}
18.2773 	EXP 	text_12: autoDraw = False
18.2773 	EXP 	image_4: autoDraw = False
18.2773 	EXP 	text_same_practice_3: autoDraw = False
18.2773 	EXP 	image_4: image = u'Extra_Stimuli//right_schema_1_WHI.jpg'
18.2773 	EXP 	text_same_practice_3: text = 'SAME / DIFFERENT?'
18.2773 	EXP 	text_12: autoDraw = True
18.2773 	EXP 	image_4: autoDraw = True
18.2773 	EXP 	text_same_practice_3: autoDraw = True
18.2781 	DATA 	Keypress: a
18.2799 	EXP 	New trial (rep=0, index=4): {u'Stimulus_Practice': u'left_schema_1_WHI.jpg', u'Direction': u'left', u'Number': 1, u'Background': u'_WHI', u'Format': u'schema'}
18.3608 	EXP 	text_12: autoDraw = False
18.3608 	EXP 	image_4: autoDraw = False
18.3608 	EXP 	text_same_practice_3: autoDraw = False
18.3608 	EXP 	image_4: image = u'Extra_Stimuli//left_schema_1_WHI.jpg'
18.3608 	EXP 	text_same_practice_3: text = ''
18.3608 	EXP 	text_12: autoDraw = True
18.3608 	EXP 	image_4: autoDraw = True
18.3608 	EXP 	text_same_practice_3: autoDraw = True
18.3784 	DATA 	Keypress: f
18.3803 	EXP 	New trial (rep=0, index=5): {u'Stimulus_Practice': u'right_schema_2_WHI.jpg', u'Direction': u'right', u'Number': 2, u'Background': u'_WHI', u'Format': u'schema'}
18.4771 	EXP 	text_12: autoDraw = False
18.4771 	EXP 	image_4: autoDraw = False
18.4771 	EXP 	text_same_practice_3: autoDraw = False
18.4771 	EXP 	image_4: image = u'Extra_Stimuli//right_schema_2_WHI.jpg'
18.4771 	EXP 	text_same_practice_3: text = 'SAME / DIFFERENT?'
18.4771 	EXP 	text_12: autoDraw = True
18.4771 	EXP 	image_4: autoDraw = True
18.4771 	EXP 	text_same_practice_3: autoDraw = True
18.4775 	DATA 	Keypress: a
18.4787 	EXP 	New trial (rep=0, index=6): {u'Stimulus_Practice': u'left_schema_2_WHI.jpg', u'Direction': u'left', u'Number': 2, u'Background': u'_WHI', u'Format': u'schema'}
18.5440 	EXP 	text_12: autoDraw = False
18.5440 	EXP 	image_4: autoDraw = False
18.5440 	EXP 	text_same_practice_3: autoDraw = False
18.5440 	EXP 	image_4: image = u'Extra_Stimuli//left_schema_2_WHI.jpg'
18.5440 	EXP 	text_same_practice_3: text = ''
18.5440 	EXP 	text_12: autoDraw = True
18.5440 	EXP 	image_4: autoDraw = True
18.5440 	EXP 	text_same_practice_3: autoDraw = True
18.5950 	DATA 	Keypress: f
18.5968 	EXP 	New trial (rep=0, index=7): {u'Stimulus_Practice': u'right_schema_3_WHI.jpg', u'Direction': u'right', u'Number': 3, u'Background': u'_WHI', u'Format': u'schema'}
18.6936 	EXP 	text_12: autoDraw = False
18.6936 	EXP 	image_4: autoDraw = False
18.6936 	EXP 	text_same_practice_3: autoDraw = False
18.6936 	EXP 	image_4: image = u'Extra_Stimuli//right_schema_3_WHI.jpg'
18.6936 	EXP 	text_same_practice_3: text = 'SAME / DIFFERENT?'
18.6936 	EXP 	text_12: autoDraw = True
18.6936 	EXP 	image_4: autoDraw = True
18.6936 	EXP 	text_same_practice_3: autoDraw = True
18.6938 	DATA 	Keypress: a
18.7929 	EXP 	New trial (rep=1, index=0): None
18.8113 	DATA 	Keypress: f
18.8268 	EXP 	text_12: autoDraw = False
18.8268 	EXP 	image_4: autoDraw = False
18.8268 	EXP 	text_same_practice_3: autoDraw = False
18.8268 	EXP 	text_6: text = 'Ok, before we practice one more time - do you have any questions about the task?'
18.8268 	EXP 	text_6: autoDraw = True
18.8614 	DATA 	Keypress: a
19.0454 	DATA 	Keypress: a
19.3121 	DATA 	Keypress: d
19.3367 	EXP 	Imported Extra_Stimuli//practice_order_WHI_image.xlsx as conditions, 9 conditions, 5 params
19.3376 	EXP 	Created sequence: random, trialTypes=9, nReps=1, seed=None
19.3383 	EXP 	New trial (rep=0, index=0): {u'Stimulus_Practice': u'ahead_image_1_WHI.jpg', u'Direction': u'ahead', u'Number': 1, u'Background': u'_WHI', u'Format': u'image'}
19.4097 	EXP 	text_6: autoDraw = False
19.4097 	EXP 	image: image = u'Extra_Stimuli//ahead_image_1_WHI.jpg'
19.4097 	EXP 	text_same_practice: text = ''
19.4097 	EXP 	text_9: autoDraw = True
19.4097 	EXP 	image: autoDraw = True
19.4097 	EXP 	text_same_practice: autoDraw = True
19.4455 	DATA 	Keypress: f
19.4634 	EXP 	New trial (rep=0, index=1): {u'Stimulus_Practice': u'left_image_1_WHI.jpg', u'Direction': u'left', u'Number': 1, u'Background': u'_WHI', u'Format': u'image'}
19.5581 	DATA 	Keypress: a
19.5764 	EXP 	text_9: autoDraw = False
19.5764 	EXP 	image: autoDraw = False
19.5764 	EXP 	text_same_practice: autoDraw = False
19.5764 	EXP 	image: image = u'Extra_Stimuli//left_image_1_WHI.jpg'
19.5764 	EXP 	text_same_practice: text = 'SAME / DIFFERENT?'
19.5764 	EXP 	text_9: autoDraw = True
19.5764 	EXP 	image: autoDraw = True
19.5764 	EXP 	text_same_practice: autoDraw = True
19.6442 	DATA 	Keypress: f
19.6463 	EXP 	New trial (rep=0, index=2): {u'Stimulus_Practice': u'ahead_image_2_WHI.jpg', u'Direction': u'ahead', u'Number': 2, u'Background': u'_WHI', u'Format': u'image'}
19.7605 	EXP 	text_9: autoDraw = False
19.7605 	EXP 	image: autoDraw = False
19.7605 	EXP 	text_same_practice: autoDraw = False
19.7605 	EXP 	image: image = u'Extra_Stimuli//ahead_image_2_WHI.jpg'
19.7605 	EXP 	text_same_practice: text = ''
19.7605 	EXP 	text_9: autoDraw = True
19.7605 	EXP 	image: autoDraw = True
19.7605 	EXP 	text_same_practice: autoDraw = True
19.8267 	DATA 	Keypress: f
19.8275 	EXP 	New trial (rep=0, index=3): {u'Stimulus_Practice': u'right_image_3_WHI.jpg', u'Direction': u'right', u'Number': 3, u'Background': u'_WHI', u'Format': u'image'}
19.9099 	EXP 	text_9: autoDraw = False
19.9099 	EXP 	image: autoDraw = False
19.9099 	EXP 	text_same_practice: autoDraw = False
19.9099 	EXP 	image: image = u'Extra_Stimuli//right_image_3_WHI.jpg'
19.9099 	EXP 	text_same_practice: text = 'SAME / DIFFERENT?'
19.9099 	EXP 	text_9: autoDraw = True
19.9099 	EXP 	image: autoDraw = True
19.9099 	EXP 	text_same_practice: autoDraw = True
19.9102 	DATA 	Keypress: a
19.9108 	EXP 	New trial (rep=0, index=4): {u'Stimulus_Practice': u'right_image_1_WHI.jpg', u'Direction': u'right', u'Number': 1, u'Background': u'_WHI', u'Format': u'image'}
19.9596 	EXP 	text_9: autoDraw = False
19.9596 	EXP 	image: autoDraw = False
19.9596 	EXP 	text_same_practice: autoDraw = False
19.9596 	EXP 	image: image = u'Extra_Stimuli//right_image_1_WHI.jpg'
19.9596 	EXP 	text_same_practice: text = ''
19.9596 	EXP 	text_9: autoDraw = True
19.9596 	EXP 	image: autoDraw = True
19.9596 	EXP 	text_same_practice: autoDraw = True
19.9956 	DATA 	Keypress: f
20.0139 	EXP 	New trial (rep=0, index=5): {u'Stimulus_Practice': u'left_image_2_WHI.jpg', u'Direction': u'left', u'Number': 2, u'Background': u'_WHI', u'Format': u'image'}
20.0901 	DATA 	Keypress: a
20.1098 	EXP 	text_9: autoDraw = False
20.1098 	EXP 	image: autoDraw = False
20.1098 	EXP 	text_same_practice: autoDraw = False
20.1098 	EXP 	image: image = u'Extra_Stimuli//left_image_2_WHI.jpg'
20.1098 	EXP 	text_same_practice: text = 'SAME / DIFFERENT?'
20.1098 	EXP 	text_9: autoDraw = True
20.1098 	EXP 	image: autoDraw = True
20.1098 	EXP 	text_same_practice: autoDraw = True
20.1932 	DATA 	Keypress: f
20.1939 	EXP 	New trial (rep=0, index=6): {u'Stimulus_Practice': u'ahead_image_3_WHI.jpg', u'Direction': u'ahead', u'Number': 3, u'Background': u'_WHI', u'Format': u'image'}
20.2429 	EXP 	text_9: autoDraw = False
20.2429 	EXP 	image: autoDraw = False
20.2429 	EXP 	text_same_practice: autoDraw = False
20.2429 	EXP 	image: image = u'Extra_Stimuli//ahead_image_3_WHI.jpg'
20.2429 	EXP 	text_same_practice: text = ''
20.2429 	EXP 	text_9: autoDraw = True
20.2429 	EXP 	image: autoDraw = True
20.2429 	EXP 	text_same_practice: autoDraw = True
20.2608 	DATA 	Keypress: a
20.2626 	EXP 	New trial (rep=0, index=7): {u'Stimulus_Practice': u'right_image_2_WHI.jpg', u'Direction': u'right', u'Number': 2, u'Background': u'_WHI', u'Format': u'image'}
20.3593 	EXP 	text_9: autoDraw = False
20.3593 	EXP 	image: autoDraw = False
20.3593 	EXP 	text_same_practice: autoDraw = False
20.3593 	EXP 	image: image = u'Extra_Stimuli//right_image_2_WHI.jpg'
20.3593 	EXP 	text_same_practice: text = 'SAME / DIFFERENT?'
20.3593 	EXP 	text_9: autoDraw = True
20.3593 	EXP 	image: autoDraw = True
20.3593 	EXP 	text_same_practice: autoDraw = True
20.3995 	DATA 	Keypress: f
20.5508 	EXP 	text_9: autoDraw = False
20.5508 	EXP 	image: autoDraw = False
20.5508 	EXP 	text_same_practice: autoDraw = False
20.5508 	EXP 	text_2: autoDraw = True
20.5679 	DATA 	Keypress: a
20.7845 	DATA 	Keypress: f
20.8522 	DATA 	Keypress: d
20.8764 	EXP 	Imported Extra_Stimuli//practice_order_WHI_word.xlsx as conditions, 9 conditions, 5 params
20.8774 	EXP 	Created sequence: random, trialTypes=9, nReps=1, seed=None
20.8785 	EXP 	New trial (rep=0, index=0): {u'Stimulus_Practice': u'right_word_3_WHI.jpg', u'Direction': u'right', u'Number': 3, u'Background': u'_WHI', u'Format': u'word'}
20.9500 	EXP 	text_2: autoDraw = False
20.9500 	EXP 	image_3: image = u'Extra_Stimuli//right_word_3_WHI.jpg'
20.9500 	EXP 	text_same_practice_2: text = ''
20.9500 	EXP 	text_11: autoDraw = True
20.9500 	EXP 	image_3: autoDraw = True
20.9500 	EXP 	text_same_practice_2: autoDraw = True
21.0194 	DATA 	Keypress: d
21.1179 	DATA 	Keypress: f
21.1202 	EXP 	New trial (rep=0, index=1): {u'Stimulus_Practice': u'ahead_word_1_WHI.jpg', u'Direction': u'ahead', u'Number': 1, u'Background': u'_WHI', u'Format': u'word'}
21.2165 	EXP 	text_11: autoDraw = False
21.2165 	EXP 	image_3: autoDraw = False
21.2165 	EXP 	text_same_practice_2: autoDraw = False
21.2165 	EXP 	image_3: image = u'Extra_Stimuli//ahead_word_1_WHI.jpg'
21.2165 	EXP 	text_same_practice_2: text = 'SAME / DIFFERENT?'
21.2165 	EXP 	text_11: autoDraw = True
21.2165 	EXP 	image_3: autoDraw = True
21.2165 	EXP 	text_same_practice_2: autoDraw = True
21.2182 	DATA 	Keypress: a
21.2357 	EXP 	New trial (rep=0, index=2): {u'Stimulus_Practice': u'ahead_word_3_WHI.jpg', u'Direction': u'ahead', u'Number': 3, u'Background': u'_WHI', u'Format': u'word'}
21.3166 	EXP 	text_11: autoDraw = False
21.3166 	EXP 	image_3: autoDraw = False
21.3166 	EXP 	text_same_practice_2: autoDraw = False
21.3166 	EXP 	image_3: image = u'Extra_Stimuli//ahead_word_3_WHI.jpg'
21.3166 	EXP 	text_same_practice_2: text = ''
21.3166 	EXP 	text_11: autoDraw = True
21.3166 	EXP 	image_3: autoDraw = True
21.3166 	EXP 	text_same_practice_2: autoDraw = True
21.3511 	DATA 	Keypress: f
21.3529 	EXP 	New trial (rep=0, index=3): {u'Stimulus_Practice': u'left_word_3_WHI.jpg', u'Direction': u'left', u'Number': 3, u'Background': u'_WHI', u'Format': u'word'}
21.4283 	DATA 	Keypress: a
21.4496 	EXP 	text_11: autoDraw = False
21.4496 	EXP 	image_3: autoDraw = False
21.4496 	EXP 	text_same_practice_2: autoDraw = False
21.4496 	EXP 	image_3: image = u'Extra_Stimuli//left_word_3_WHI.jpg'
21.4496 	EXP 	text_same_practice_2: text = 'SAME / DIFFERENT?'
21.4496 	EXP 	text_11: autoDraw = True
21.4496 	EXP 	image_3: autoDraw = True
21.4496 	EXP 	text_same_practice_2: autoDraw = True
21.5184 	DATA 	Keypress: f
21.5202 	EXP 	New trial (rep=0, index=4): {u'Stimulus_Practice': u'right_word_2_WHI.jpg', u'Direction': u'right', u'Number': 2, u'Background': u'_WHI', u'Format': u'word'}
21.5830 	EXP 	text_11: autoDraw = False
21.5830 	EXP 	image_3: autoDraw = False
21.5830 	EXP 	text_same_practice_2: autoDraw = False
21.5830 	EXP 	image_3: image = u'Extra_Stimuli//right_word_2_WHI.jpg'
21.5830 	EXP 	text_same_practice_2: text = ''
21.5830 	EXP 	text_11: autoDraw = True
21.5830 	EXP 	image_3: autoDraw = True
21.5830 	EXP 	text_same_practice_2: autoDraw = True
21.6004 	DATA 	Keypress: a
21.6012 	EXP 	New trial (rep=0, index=5): {u'Stimulus_Practice': u'left_word_1_WHI.jpg', u'Direction': u'left', u'Number': 1, u'Background': u'_WHI', u'Format': u'word'}
21.6663 	EXP 	text_11: autoDraw = False
21.6663 	EXP 	image_3: autoDraw = False
21.6663 	EXP 	text_same_practice_2: autoDraw = False
21.6663 	EXP 	image_3: image = u'Extra_Stimuli//left_word_1_WHI.jpg'
21.6663 	EXP 	text_same_practice_2: text = 'SAME / DIFFERENT?'
21.6663 	EXP 	text_11: autoDraw = True
21.6663 	EXP 	image_3: autoDraw = True
21.6663 	EXP 	text_same_practice_2: autoDraw = True
21.6843 	DATA 	Keypress: f
21.6862 	EXP 	New trial (rep=0, index=6): {u'Stimulus_Practice': u'ahead_word_2_WHI.jpg', u'Direction': u'ahead', u'Number': 2, u'Background': u'_WHI', u'Format': u'word'}
21.7662 	EXP 	text_11: autoDraw = False
21.7662 	EXP 	image_3: autoDraw = False
21.7662 	EXP 	text_same_practice_2: autoDraw = False
21.7662 	EXP 	image_3: image = u'Extra_Stimuli//ahead_word_2_WHI.jpg'
21.7662 	EXP 	text_same_practice_2: text = ''
21.7662 	EXP 	text_11: autoDraw = True
21.7662 	EXP 	image_3: autoDraw = True
21.7662 	EXP 	text_same_practice_2: autoDraw = True
21.8007 	DATA 	Keypress: a
21.8028 	EXP 	New trial (rep=0, index=7): {u'Stimulus_Practice': u'left_word_2_WHI.jpg', u'Direction': u'left', u'Number': 2, u'Background': u'_WHI', u'Format': u'word'}
21.8997 	EXP 	text_11: autoDraw = False
21.8997 	EXP 	image_3: autoDraw = False
21.8997 	EXP 	text_same_practice_2: autoDraw = False
21.8997 	EXP 	image_3: image = u'Extra_Stimuli//left_word_2_WHI.jpg'
21.8997 	EXP 	text_same_practice_2: text = 'SAME / DIFFERENT?'
21.8997 	EXP 	text_11: autoDraw = True
21.8997 	EXP 	image_3: autoDraw = True
21.8997 	EXP 	text_same_practice_2: autoDraw = True
21.9680 	DATA 	Keypress: a
22.1439 	DATA 	Keypress: f
22.1669 	EXP 	text_11: autoDraw = False
22.1669 	EXP 	image_3: autoDraw = False
22.1669 	EXP 	text_same_practice_2: autoDraw = False
22.1669 	EXP 	text_2: autoDraw = True
22.2009 	DATA 	Keypress: a
22.4011 	DATA 	Keypress: d
22.4015 	DATA 	Keypress: f
22.4251 	EXP 	Imported Extra_Stimuli//practice_order_WHI_schema.xlsx as conditions, 9 conditions, 5 params
22.4260 	EXP 	Created sequence: random, trialTypes=9, nReps=1, seed=None
22.4267 	EXP 	New trial (rep=0, index=0): {u'Stimulus_Practice': u'left_schema_1_WHI.jpg', u'Direction': u'left', u'Number': 1, u'Background': u'_WHI', u'Format': u'schema'}
22.4991 	EXP 	text_2: autoDraw = False
22.4991 	EXP 	image_4: image = u'Extra_Stimuli//left_schema_1_WHI.jpg'
22.4991 	EXP 	text_same_practice_3: text = ''
22.4991 	EXP 	text_12: autoDraw = True
22.4991 	EXP 	image_4: autoDraw = True
22.4991 	EXP 	text_same_practice_3: autoDraw = True
22.5678 	DATA 	Keypress: d
22.6358 	DATA 	Keypress: f
22.6531 	EXP 	New trial (rep=0, index=1): {u'Stimulus_Practice': u'right_schema_1_WHI.jpg', u'Direction': u'right', u'Number': 1, u'Background': u'_WHI', u'Format': u'schema'}
22.7491 	EXP 	text_12: autoDraw = False
22.7491 	EXP 	image_4: autoDraw = False
22.7491 	EXP 	text_same_practice_3: autoDraw = False
22.7491 	EXP 	image_4: image = u'Extra_Stimuli//right_schema_1_WHI.jpg'
22.7491 	EXP 	text_same_practice_3: text = 'SAME / DIFFERENT?'
22.7491 	EXP 	text_12: autoDraw = True
22.7491 	EXP 	image_4: autoDraw = True
22.7491 	EXP 	text_same_practice_3: autoDraw = True
22.7494 	DATA 	Keypress: a
22.7500 	EXP 	New trial (rep=0, index=2): {u'Stimulus_Practice': u'left_schema_3_WHI.jpg', u'Direction': u'left', u'Number': 3, u'Background': u'_WHI', u'Format': u'schema'}
22.8495 	EXP 	text_12: autoDraw = False
22.8495 	EXP 	image_4: autoDraw = False
22.8495 	EXP 	text_same_practice_3: autoDraw = False
22.8495 	EXP 	image_4: image = u'Extra_Stimuli//left_schema_3_WHI.jpg'
22.8495 	EXP 	text_same_practice_3: text = ''
22.8495 	EXP 	text_12: autoDraw = True
22.8495 	EXP 	image_4: autoDraw = True
22.8495 	EXP 	text_same_practice_3: autoDraw = True
22.9500 	DATA 	Keypress: a
22.9519 	EXP 	New trial (rep=0, index=3): {u'Stimulus_Practice': u'ahead_schema_3_WHI.jpg', u'Direction': u'ahead', u'Number': 3, u'Background': u'_WHI', u'Format': u'schema'}
23.0321 	DATA 	Keypress: f
23.0488 	EXP 	text_12: autoDraw = False
23.0488 	EXP 	image_4: autoDraw = False
23.0488 	EXP 	text_same_practice_3: autoDraw = False
23.0488 	EXP 	image_4: image = u'Extra_Stimuli//ahead_schema_3_WHI.jpg'
23.0488 	EXP 	text_same_practice_3: text = 'SAME / DIFFERENT?'
23.0488 	EXP 	text_12: autoDraw = True
23.0488 	EXP 	image_4: autoDraw = True
23.0488 	EXP 	text_same_practice_3: autoDraw = True
23.1359 	DATA 	Keypress: a
23.1515 	EXP 	New trial (rep=0, index=4): {u'Stimulus_Practice': u'ahead_schema_2_WHI.jpg', u'Direction': u'ahead', u'Number': 2, u'Background': u'_WHI', u'Format': u'schema'}
23.2397 	DATA 	Keypress: f
23.2658 	EXP 	text_12: autoDraw = False
23.2658 	EXP 	image_4: autoDraw = False
23.2658 	EXP 	text_same_practice_3: autoDraw = False
23.2658 	EXP 	image_4: image = u'Extra_Stimuli//ahead_schema_2_WHI.jpg'
23.2658 	EXP 	text_same_practice_3: text = ''
23.2658 	EXP 	text_12: autoDraw = True
23.2658 	EXP 	image_4: autoDraw = True
23.2658 	EXP 	text_same_practice_3: autoDraw = True
23.3340 	DATA 	Keypress: a
23.3358 	EXP 	New trial (rep=0, index=5): {u'Stimulus_Practice': u'ahead_schema_1_WHI.jpg', u'Direction': u'ahead', u'Number': 1, u'Background': u'_WHI', u'Format': u'schema'}
23.4161 	DATA 	Keypress: f
23.4488 	EXP 	text_12: autoDraw = False
23.4488 	EXP 	image_4: autoDraw = False
23.4488 	EXP 	text_same_practice_3: autoDraw = False
23.4488 	EXP 	image_4: image = u'Extra_Stimuli//ahead_schema_1_WHI.jpg'
23.4488 	EXP 	text_same_practice_3: text = 'SAME / DIFFERENT?'
23.4488 	EXP 	text_12: autoDraw = True
23.4488 	EXP 	image_4: autoDraw = True
23.4488 	EXP 	text_same_practice_3: autoDraw = True
23.5168 	DATA 	Keypress: a
23.5187 	EXP 	New trial (rep=0, index=6): {u'Stimulus_Practice': u'right_schema_2_WHI.jpg', u'Direction': u'right', u'Number': 2, u'Background': u'_WHI', u'Format': u'schema'}
23.5989 	EXP 	text_12: autoDraw = False
23.5989 	EXP 	image_4: autoDraw = False
23.5989 	EXP 	text_same_practice_3: autoDraw = False
23.5989 	EXP 	image_4: image = u'Extra_Stimuli//right_schema_2_WHI.jpg'
23.5989 	EXP 	text_same_practice_3: text = ''
23.5989 	EXP 	text_12: autoDraw = True
23.5989 	EXP 	image_4: autoDraw = True
23.5989 	EXP 	text_same_practice_3: autoDraw = True
23.5994 	DATA 	Keypress: f
23.6005 	EXP 	New trial (rep=0, index=7): {u'Stimulus_Practice': u'left_schema_2_WHI.jpg', u'Direction': u'left', u'Number': 2, u'Background': u'_WHI', u'Format': u'schema'}
23.6819 	EXP 	text_12: autoDraw = False
23.6819 	EXP 	image_4: autoDraw = False
23.6819 	EXP 	text_same_practice_3: autoDraw = False
23.6819 	EXP 	image_4: image = u'Extra_Stimuli//left_schema_2_WHI.jpg'
23.6819 	EXP 	text_same_practice_3: text = 'SAME / DIFFERENT?'
23.6819 	EXP 	text_12: autoDraw = True
23.6819 	EXP 	image_4: autoDraw = True
23.6819 	EXP 	text_same_practice_3: autoDraw = True
23.6998 	DATA 	Keypress: a
23.8478 	DATA 	Keypress: f
23.8656 	EXP 	text_12: autoDraw = False
23.8656 	EXP 	image_4: autoDraw = False
23.8656 	EXP 	text_same_practice_3: autoDraw = False
23.8656 	EXP 	text_10: autoDraw = True
24.0162 	DATA 	Keypress: f
24.2494 	DATA 	Keypress: d
24.2824 	EXP 	Imported Sequences//1002vva_within_whi_order.csv as conditions, 360 conditions, 4 params
24.2855 	EXP 	Created sequence: sequential, trialTypes=360, nReps=1, seed=None
24.2862 	EXP 	New trial (rep=0, index=0): {'Stimulus': u'right_schema_8_WHI.jpg', 'direction': u'right', 'number': 8, 'format': u'schema'}
24.3815 	EXP 	text_10: autoDraw = False
24.3815 	EXP 	image_2: image = u'21_Stimuli//right_schema_8_WHI.jpg'
24.3815 	EXP 	text_same: text = ''
24.3815 	EXP 	image_2: autoDraw = True
24.3815 	EXP 	text_same: autoDraw = True
24.3990 	DATA 	Keypress: f
24.4000 	EXP 	New trial (rep=0, index=1): {'Stimulus': u'right_schema_15_WHI.jpg', 'direction': u'right', 'number': 15, 'format': u'schema'}
24.4648 	EXP 	image_2: autoDraw = False
24.4648 	EXP 	text_same: autoDraw = False
24.4648 	EXP 	image_2: image = u'21_Stimuli//right_schema_15_WHI.jpg'
24.4648 	EXP 	text_same: text = 'SAME / DIFFERENT?'
24.4648 	EXP 	image_2: autoDraw = True
24.4648 	EXP 	text_same: autoDraw = True
24.5166 	DATA 	Keypress: a
24.5189 	EXP 	New trial (rep=0, index=2): {'Stimulus': u'ahead_schema_11_WHI.jpg', 'direction': u'ahead', 'number': 11, 'format': u'schema'}
24.5985 	EXP 	image_2: autoDraw = False
24.5985 	EXP 	text_same: autoDraw = False
24.5985 	EXP 	image_2: image = u'21_Stimuli//ahead_schema_11_WHI.jpg'
24.5985 	EXP 	text_same: text = ''
24.5985 	EXP 	image_2: autoDraw = True
24.5985 	EXP 	text_same: autoDraw = True
24.6164 	DATA 	Keypress: f
24.6182 	EXP 	New trial (rep=0, index=3): {'Stimulus': u'left_schema_13_WHI.jpg', 'direction': u'left', 'number': 13, 'format': u'schema'}
24.7151 	EXP 	image_2: autoDraw = False
24.7151 	EXP 	text_same: autoDraw = False
24.7151 	EXP 	image_2: image = u'21_Stimuli//left_schema_13_WHI.jpg'
24.7151 	EXP 	text_same: text = 'SAME / DIFFERENT?'
24.7151 	EXP 	image_2: autoDraw = True
24.7151 	EXP 	text_same: autoDraw = True
24.7155 	DATA 	Keypress: a
24.7168 	EXP 	New trial (rep=0, index=4): {'Stimulus': u'ahead_schema_1_WHI.jpg', 'direction': u'ahead', 'number': 1, 'format': u'schema'}
24.7815 	EXP 	image_2: autoDraw = False
24.7815 	EXP 	text_same: autoDraw = False
24.7815 	EXP 	image_2: image = u'21_Stimuli//ahead_schema_1_WHI.jpg'
24.7815 	EXP 	text_same: text = ''
24.7815 	EXP 	image_2: autoDraw = True
24.7815 	EXP 	text_same: autoDraw = True
24.8325 	DATA 	Keypress: f
24.8337 	EXP 	New trial (rep=0, index=5): {'Stimulus': u'right_schema_13_WHI.jpg', 'direction': u'right', 'number': 13, 'format': u'schema'}
24.9148 	EXP 	image_2: autoDraw = False
24.9148 	EXP 	text_same: autoDraw = False
24.9148 	EXP 	image_2: image = u'21_Stimuli//right_schema_13_WHI.jpg'
24.9148 	EXP 	text_same: text = 'SAME / DIFFERENT?'
24.9148 	EXP 	image_2: autoDraw = True
24.9148 	EXP 	text_same: autoDraw = True
24.9151 	DATA 	Keypress: a
24.9159 	EXP 	New trial (rep=0, index=6): {'Stimulus': u'left_schema_16_WHI.jpg', 'direction': u'left', 'number': 16, 'format': u'schema'}
24.9645 	EXP 	image_2: autoDraw = False
24.9645 	EXP 	text_same: autoDraw = False
24.9645 	EXP 	image_2: image = u'21_Stimuli//left_schema_16_WHI.jpg'
24.9645 	EXP 	text_same: text = ''
24.9645 	EXP 	image_2: autoDraw = True
24.9645 	EXP 	text_same: autoDraw = True
25.0163 	DATA 	Keypress: f
25.0182 	EXP 	New trial (rep=0, index=7): {'Stimulus': u'ahead_schema_4_WHI.jpg', 'direction': u'ahead', 'number': 4, 'format': u'schema'}
25.1145 	EXP 	image_2: autoDraw = False
25.1145 	EXP 	text_same: autoDraw = False
25.1145 	EXP 	image_2: image = u'21_Stimuli//ahead_schema_4_WHI.jpg'
25.1145 	EXP 	text_same: text = 'SAME / DIFFERENT?'
25.1145 	EXP 	image_2: autoDraw = True
25.1145 	EXP 	text_same: autoDraw = True
25.1148 	DATA 	Keypress: a
25.1156 	EXP 	New trial (rep=0, index=8): {'Stimulus': u'ahead_schema_6_WHI.jpg', 'direction': u'ahead', 'number': 6, 'format': u'schema'}
25.1700 	EXP 	image_2: autoDraw = False
25.1700 	EXP 	text_same: autoDraw = False
25.1700 	EXP 	image_2: image = u'21_Stimuli//ahead_schema_6_WHI.jpg'
25.1700 	EXP 	text_same: text = ''
25.1700 	EXP 	image_2: autoDraw = True
25.1700 	EXP 	text_same: autoDraw = True
25.2218 	DATA 	Keypress: f
25.2236 	EXP 	New trial (rep=0, index=9): {'Stimulus': u'left_schema_6_WHI.jpg', 'direction': u'left', 'number': 6, 'format': u'schema'}
25.3198 	EXP 	image_2: autoDraw = False
25.3198 	EXP 	text_same: autoDraw = False
25.3198 	EXP 	image_2: image = u'21_Stimuli//left_schema_6_WHI.jpg'
25.3198 	EXP 	text_same: text = 'SAME / DIFFERENT?'
25.3198 	EXP 	image_2: autoDraw = True
25.3198 	EXP 	text_same: autoDraw = True
25.3201 	DATA 	Keypress: a
25.3209 	EXP 	New trial (rep=0, index=10): {'Stimulus': u'ahead_schema_13_WHI.jpg', 'direction': u'ahead', 'number': 13, 'format': u'schema'}
25.3868 	EXP 	image_2: autoDraw = False
25.3868 	EXP 	text_same: autoDraw = False
25.3868 	EXP 	image_2: image = u'21_Stimuli//ahead_schema_13_WHI.jpg'
25.3868 	EXP 	text_same: text = ''
25.3868 	EXP 	image_2: autoDraw = True
25.3868 	EXP 	text_same: autoDraw = True
25.4386 	DATA 	Keypress: f
25.4404 	EXP 	New trial (rep=0, index=11): {'Stimulus': u'right_schema_6_WHI.jpg', 'direction': u'right', 'number': 6, 'format': u'schema'}
25.5126 	DATA 	Keypress: a
25.5363 	EXP 	image_2: autoDraw = False
25.5363 	EXP 	text_same: autoDraw = False
25.5363 	EXP 	image_2: image = u'21_Stimuli//right_schema_6_WHI.jpg'
25.5363 	EXP 	text_same: text = 'SAME / DIFFERENT?'
25.5363 	EXP 	image_2: autoDraw = True
25.5363 	EXP 	text_same: autoDraw = True
25.7429 	DATA 	Keypress: a
25.7450 	EXP 	New trial (rep=0, index=12): {'Stimulus': u'left_schema_10_WHI.jpg', 'direction': u'left', 'number': 10, 'format': u'schema'}
25.8252 	EXP 	image_2: autoDraw = False
25.8252 	EXP 	text_same: autoDraw = False
25.8252 	EXP 	image_2: image = u'21_Stimuli//left_schema_10_WHI.jpg'
25.8252 	EXP 	text_same: text = ''
25.8252 	EXP 	image_2: autoDraw = True
25.8252 	EXP 	text_same: autoDraw = True
25.8775 	DATA 	Keypress: f
25.8793 	EXP 	New trial (rep=0, index=13): {'Stimulus': u'right_schema_21_WHI.jpg', 'direction': u'right', 'number': 21, 'format': u'schema'}
25.9584 	EXP 	image_2: autoDraw = False
25.9584 	EXP 	text_same: autoDraw = False
25.9584 	EXP 	image_2: image = u'21_Stimuli//right_schema_21_WHI.jpg'
25.9584 	EXP 	text_same: text = 'SAME / DIFFERENT?'
25.9584 	EXP 	image_2: autoDraw = True
25.9584 	EXP 	text_same: autoDraw = True
25.9587 	DATA 	Keypress: a
25.9595 	EXP 	New trial (rep=0, index=14): {'Stimulus': u'ahead_schema_20_WHI.jpg', 'direction': u'ahead', 'number': 20, 'format': u'schema'}
26.0082 	EXP 	image_2: autoDraw = False
26.0082 	EXP 	text_same: autoDraw = False
26.0082 	EXP 	image_2: image = u'21_Stimuli//ahead_schema_20_WHI.jpg'
26.0082 	EXP 	text_same: text = ''
26.0082 	EXP 	image_2: autoDraw = True
26.0082 	EXP 	text_same: autoDraw = True
26.1605 	DATA 	Keypress: a
26.1624 	EXP 	New trial (rep=0, index=15): {'Stimulus': u'left_schema_9_WHI.jpg', 'direction': u'left', 'number': 9, 'format': u'schema'}
26.2581 	EXP 	image_2: autoDraw = False
26.2581 	EXP 	text_same: autoDraw = False
26.2581 	EXP 	image_2: image = u'21_Stimuli//left_schema_9_WHI.jpg'
26.2581 	EXP 	text_same: text = 'SAME / DIFFERENT?'
26.2581 	EXP 	image_2: autoDraw = True
26.2581 	EXP 	text_same: autoDraw = True
26.3665 	DATA 	Keypress: a
26.3830 	EXP 	New trial (rep=0, index=16): {'Stimulus': u'ahead_schema_3_WHI.jpg', 'direction': u'ahead', 'number': 3, 'format': u'schema'}
26.4510 	DATA 	Keypress: f
26.4803 	EXP 	image_2: autoDraw = False
26.4803 	EXP 	text_same: autoDraw = False
26.4803 	EXP 	image_2: image = u'21_Stimuli//ahead_schema_3_WHI.jpg'
26.4803 	EXP 	text_same: text = ''
26.4803 	EXP 	image_2: autoDraw = True
26.4803 	EXP 	text_same: autoDraw = True
26.5650 	DATA 	Keypress: a
26.5671 	EXP 	New trial (rep=0, index=17): {'Stimulus': u'right_schema_20_WHI.jpg', 'direction': u'right', 'number': 20, 'format': u'schema'}
26.6470 	EXP 	image_2: autoDraw = False
26.6470 	EXP 	text_same: autoDraw = False
26.6470 	EXP 	image_2: image = u'21_Stimuli//right_schema_20_WHI.jpg'
26.6470 	EXP 	text_same: text = 'SAME / DIFFERENT?'
26.6470 	EXP 	image_2: autoDraw = True
26.6470 	EXP 	text_same: autoDraw = True
26.6489 	DATA 	Keypress: f
26.6657 	EXP 	New trial (rep=0, index=18): {'Stimulus': u'left_schema_5_WHI.jpg', 'direction': u'left', 'number': 5, 'format': u'schema'}
26.7135 	EXP 	image_2: autoDraw = False
26.7135 	EXP 	text_same: autoDraw = False
26.7135 	EXP 	image_2: image = u'21_Stimuli//left_schema_5_WHI.jpg'
26.7135 	EXP 	text_same: text = ''
26.7135 	EXP 	image_2: autoDraw = True
26.7135 	EXP 	text_same: autoDraw = True
26.7479 	DATA 	Keypress: a
26.7488 	EXP 	New trial (rep=0, index=19): {'Stimulus': u'left_schema_18_WHI.jpg', 'direction': u'left', 'number': 18, 'format': u'schema'}
26.7974 	EXP 	image_2: autoDraw = False
26.7974 	EXP 	text_same: autoDraw = False
26.7974 	EXP 	image_2: image = u'21_Stimuli//left_schema_18_WHI.jpg'
26.7974 	EXP 	text_same: text = 'SAME / DIFFERENT?'
26.7974 	EXP 	image_2: autoDraw = True
26.7974 	EXP 	text_same: autoDraw = True
26.8642 	DATA 	Keypress: f
26.8806 	EXP 	image_2: autoDraw = False
26.8806 	EXP 	text_same: autoDraw = False
26.9436 	DATA 	Keypress: a
27.0992 	DATA 	Keypress: f
27.9109 	DATA 	Keypress: d
27.9114 	EXP 	New trial (rep=0, index=20): {'Stimulus': u'right_word_11_WHI.jpg', 'direction': u'right', 'number': 11, 'format': u'word'}
27.9629 	EXP 	image_2: image = u'21_Stimuli//right_word_11_WHI.jpg'
27.9629 	EXP 	text_same: text = ''
27.9629 	EXP 	image_2: autoDraw = True
27.9629 	EXP 	text_same: autoDraw = True
28.3971 	DATA 	Keypress: escape
