21.2663 	INFO 	Loaded monitor calibration from ['2015_02_18 17:00']
22.1787 	EXP 	Created window1 = Window(allowGUI=False, allowStencil=False, autoLog=True, bitsMode=UNKNOWN, blendMode='avg', color=array([ 0.4,  0.4,  0.4]), colorSpace='rgb', fullscr=UNKNOWN, gamma=None, lms=UNKNOWN, monitor=<psychopy.monitors.calibTools.Monitor object at 0x093960B0>, multiSample=False, name='window1', numSamples=2, pos=[0, 0], screen=0, size=array([1920, 1080]), stereo=False, units=u'norm', useFBO=True, useRetina=False, viewOri=0.0, viewPos=None, viewScale=None, waitBlanking=True, winType='pyglet')
22.1787 	EXP 	window1: recordFrameIntervals = False
22.3447 	EXP 	window1: recordFrameIntervals = True
22.5284 	DEBUG 	Screen (0) actual frame rate measured at 59.92
22.5285 	EXP 	window1: recordFrameIntervals = False
22.6886 	EXP 	Created text_4 = TextStim(alignHoriz='center', alignVert='center', antialias=True, autoLog=True, bold=False, color=u'black', colorSpace='named', contrast=1.0, depth=0.0, flipHoriz=False, flipVert=False, font=u'Arial', fontFiles=[], height=0.1, italic=False, name='text_4', opacity=1.0, ori=0, pos=array([ 0.,  0.]), rgb=array([ 0.,  0.,  0.]), text=unicode(...), units=u'norm', win=Window(...), wrapWidth=1.5)
22.6892 	EXP 	Created text_6 = TextStim(alignHoriz='center', alignVert='center', antialias=True, autoLog=True, bold=False, color=u'black', colorSpace='named', contrast=1.0, depth=0.0, flipHoriz=False, flipVert=False, font=u'Arial', fontFiles=[], height=0.1, italic=False, name='text_6', opacity=1.0, ori=0, pos=array([ 0.,  0.]), rgb=array([ 0.,  0.,  0.]), text='', units=u'norm', win=Window(...), wrapWidth=1.5)
22.6898 	EXP 	Created text_9 = TextStim(alignHoriz='center', alignVert='center', antialias=True, autoLog=True, bold=False, color=u'black', colorSpace='named', contrast=1.0, depth=-1.0, flipHoriz=False, flipVert=False, font=u'Arial', fontFiles=[], height=0.1, italic=False, name='text_9', opacity=1.0, ori=0, pos=array([ 0. , -0.6]), rgb=array([ 0.,  0.,  0.]), text='', units=u'norm', win=Window(...), wrapWidth=1)
22.7133 	EXP 	Created image = ImageStim(autoLog=True, color=array([ 1.,  1.,  1.]), colorSpace='rgb', contrast=1.0, depth=-2.0, flipHoriz=False, flipVert=False, image='sin', interpolate=True, mask=None, maskParams=None, name='image', opacity=1.0, ori=0.0, pos=array([ 0.,  0.]), size=array([ 0.83333333,  1.48148148]), texRes=128, units=u'norm', win=Window(...))
22.7141 	EXP 	Created text_same_practice = TextStim(alignHoriz='center', alignVert='center', antialias=True, autoLog=True, bold=False, color=u'black', colorSpace='named', contrast=1.0, depth=-3.0, flipHoriz=False, flipVert=False, font=u'Arial', fontFiles=[], height=0.1, italic=False, name='text_same_practice', opacity=1.0, ori=0, pos=array([ 0. , -0.8]), rgb=array([ 0.,  0.,  0.]), text='', units=u'norm', win=Window(...), wrapWidth=1)
22.7187 	EXP 	Created text_2 = TextStim(alignHoriz='center', alignVert='center', antialias=True, autoLog=True, bold=False, color='black', colorSpace='named', contrast=1.0, depth=0.0, flipHoriz=False, flipVert=False, font='Arial', fontFiles=[], height=0.1, italic=False, name='text_2', opacity=1.0, ori=0, pos=array([ 0.,  0.]), rgb=array([ 0.,  0.,  0.]), text=u'+', units=u'norm', win=Window(...), wrapWidth=1)
22.7193 	EXP 	Created text_9 = TextStim(alignHoriz='center', alignVert='center', antialias=True, autoLog=True, bold=False, color=u'black', colorSpace='named', contrast=1.0, depth=-1.0, flipHoriz=False, flipVert=False, font=u'Arial', fontFiles=[], height=0.1, italic=False, name='text_9', opacity=1.0, ori=0, pos=array([ 0. , -0.6]), rgb=array([ 0.,  0.,  0.]), text='', units=u'norm', win=Window(...), wrapWidth=1)
22.7208 	EXP 	Created image = ImageStim(autoLog=True, color=array([ 1.,  1.,  1.]), colorSpace='rgb', contrast=1.0, depth=-2.0, flipHoriz=False, flipVert=False, image='sin', interpolate=True, mask=None, maskParams=None, name='image', opacity=1.0, ori=0.0, pos=array([ 0.,  0.]), size=array([ 0.83333333,  1.48148148]), texRes=128, units=u'norm', win=Window(...))
22.7218 	EXP 	Created text_same_practice = TextStim(alignHoriz='center', alignVert='center', antialias=True, autoLog=True, bold=False, color=u'black', colorSpace='named', contrast=1.0, depth=-3.0, flipHoriz=False, flipVert=False, font=u'Arial', fontFiles=[], height=0.1, italic=False, name='text_same_practice', opacity=1.0, ori=0, pos=array([ 0. , -0.8]), rgb=array([ 0.,  0.,  0.]), text='', units=u'norm', win=Window(...), wrapWidth=1)
22.7238 	EXP 	Created text_2 = TextStim(alignHoriz='center', alignVert='center', antialias=True, autoLog=True, bold=False, color='black', colorSpace='named', contrast=1.0, depth=0.0, flipHoriz=False, flipVert=False, font='Arial', fontFiles=[], height=0.1, italic=False, name='text_2', opacity=1.0, ori=0, pos=array([ 0.,  0.]), rgb=array([ 0.,  0.,  0.]), text=u'+', units=u'norm', win=Window(...), wrapWidth=1)
22.7244 	EXP 	Created text_9 = TextStim(alignHoriz='center', alignVert='center', antialias=True, autoLog=True, bold=False, color=u'black', colorSpace='named', contrast=1.0, depth=-1.0, flipHoriz=False, flipVert=False, font=u'Arial', fontFiles=[], height=0.1, italic=False, name='text_9', opacity=1.0, ori=0, pos=array([ 0. , -0.6]), rgb=array([ 0.,  0.,  0.]), text='', units=u'norm', win=Window(...), wrapWidth=1)
22.7257 	EXP 	Created image = ImageStim(autoLog=True, color=array([ 1.,  1.,  1.]), colorSpace='rgb', contrast=1.0, depth=-2.0, flipHoriz=False, flipVert=False, image='sin', interpolate=True, mask=None, maskParams=None, name='image', opacity=1.0, ori=0.0, pos=array([ 0.,  0.]), size=array([ 0.83333333,  1.48148148]), texRes=128, units=u'norm', win=Window(...))
22.7265 	EXP 	Created text_same_practice = TextStim(alignHoriz='center', alignVert='center', antialias=True, autoLog=True, bold=False, color=u'black', colorSpace='named', contrast=1.0, depth=-3.0, flipHoriz=False, flipVert=False, font=u'Arial', fontFiles=[], height=0.1, italic=False, name='text_same_practice', opacity=1.0, ori=0, pos=array([ 0. , -0.8]), rgb=array([ 0.,  0.,  0.]), text='', units=u'norm', win=Window(...), wrapWidth=1)
22.7457 	EXP 	Created text_10 = TextStim(alignHoriz='center', alignVert='center', antialias=True, autoLog=True, bold=False, color='black', colorSpace='named', contrast=1.0, depth=0.0, flipHoriz=False, flipVert=False, font='Arial', fontFiles=[], height=0.1, italic=False, name='text_10', opacity=1.0, ori=0, pos=array([ 0.,  0.]), rgb=array([ 0.,  0.,  0.]), text=unicode(...), units=u'norm', win=Window(...), wrapWidth=1)
22.7475 	EXP 	Created image_2 = ImageStim(autoLog=True, color=array([ 1.,  1.,  1.]), colorSpace='rgb', contrast=1.0, depth=-1.0, flipHoriz=False, flipVert=False, image='sin', interpolate=True, mask=None, maskParams=None, name='image_2', opacity=1.0, ori=0.0, pos=array([ 0.,  0.]), size=array([ 0.83333333,  1.48148148]), texRes=128, units=u'norm', win=Window(...))
22.7528 	EXP 	Created unnamed TextStim = TextStim(alignHoriz='center', alignVert='center', antialias=True, autoLog=True, bold=False, color='black', colorSpace='named', contrast=1.0, depth=0, flipHoriz=False, flipVert=False, font='', fontFiles=[], height=0.1, italic=False, name='unnamed TextStim', opacity=1.0, ori=0.0, pos=array([ 0.,  0.]), rgb=array([ 0.,  0.,  0.]), text=u'+', units=u'norm', win=Window(...), wrapWidth=1)
22.7608 	EXP 	Created text = TextStim(alignHoriz='center', alignVert='center', antialias=True, autoLog=True, bold=False, color='black', colorSpace='named', contrast=1.0, depth=0.0, flipHoriz=False, flipVert=False, font='Arial', fontFiles=[], height=0.1, italic=False, name='text', opacity=1.0, ori=0, pos=array([ 0.,  0.]), rgb=array([ 0.,  0.,  0.]), text=unicode(...), units=u'norm', win=Window(...), wrapWidth=1)
22.7628 	EXP 	window1: blendMode = 'avg'
22.7784 	EXP 	text_4: autoDraw = True
22.7792 	EXP 	window1: blendMode = 'avg'
22.7958 	EXP 	window1: blendMode = 'avg'
22.8126 	EXP 	window1: blendMode = 'avg'
22.8293 	EXP 	window1: blendMode = 'avg'
22.8457 	EXP 	window1: blendMode = 'avg'
22.8628 	EXP 	window1: blendMode = 'avg'
22.8794 	EXP 	window1: blendMode = 'avg'
22.8959 	EXP 	window1: blendMode = 'avg'
22.9129 	EXP 	window1: blendMode = 'avg'
22.9295 	EXP 	window1: blendMode = 'avg'
22.9461 	EXP 	window1: blendMode = 'avg'
22.9628 	EXP 	window1: blendMode = 'avg'
22.9796 	EXP 	window1: blendMode = 'avg'
22.9960 	EXP 	window1: blendMode = 'avg'
23.0127 	EXP 	window1: blendMode = 'avg'
23.0295 	EXP 	window1: blendMode = 'avg'
23.0463 	EXP 	window1: blendMode = 'avg'
23.0627 	EXP 	window1: blendMode = 'avg'
23.0797 	EXP 	window1: blendMode = 'avg'
23.0967 	EXP 	window1: blendMode = 'avg'
23.1129 	EXP 	window1: blendMode = 'avg'
23.1293 	EXP 	window1: blendMode = 'avg'
23.1464 	EXP 	window1: blendMode = 'avg'
23.1632 	EXP 	window1: blendMode = 'avg'
23.1795 	EXP 	window1: blendMode = 'avg'
23.1965 	EXP 	window1: blendMode = 'avg'
23.2130 	EXP 	window1: blendMode = 'avg'
23.2296 	EXP 	window1: blendMode = 'avg'
23.2464 	EXP 	window1: blendMode = 'avg'
23.2632 	EXP 	window1: blendMode = 'avg'
23.2796 	EXP 	window1: blendMode = 'avg'
23.2962 	EXP 	window1: blendMode = 'avg'
23.3131 	EXP 	window1: blendMode = 'avg'
23.3298 	EXP 	window1: blendMode = 'avg'
23.3465 	EXP 	window1: blendMode = 'avg'
23.3631 	EXP 	window1: blendMode = 'avg'
23.3799 	EXP 	window1: blendMode = 'avg'
23.3965 	EXP 	window1: blendMode = 'avg'
23.4130 	EXP 	window1: blendMode = 'avg'
23.4298 	EXP 	window1: blendMode = 'avg'
23.4465 	EXP 	window1: blendMode = 'avg'
23.4631 	EXP 	window1: blendMode = 'avg'
23.4800 	EXP 	window1: blendMode = 'avg'
23.4962 	DATA 	Keypress: d
23.4968 	EXP 	Created sequence: random, trialTypes=1, nReps=2, seed=None
23.4970 	EXP 	New trial (rep=0, index=0): None
23.5589 	EXP 	window1: blendMode = 'avg'
23.5624 	EXP 	text_4: autoDraw = False
23.5624 	EXP 	text_6: text = "Let's try a few for practice. You'll see spatial directions one at a time on the screen. They will be either LEFT or RIGHT or AHEAD. Tell the experimenter if the spatial direction on the screen is the SAME or DIFFERENT from the spatial direction that you just saw. For the first stimulus, just say 'GO.' Then when it says 'Same?' underneath, tell the experimenter whether you see the same direction or a different direction"
23.5624 	EXP 	text_6: autoDraw = True
23.5630 	EXP 	window1: blendMode = 'avg'
23.5798 	EXP 	window1: blendMode = 'avg'
23.5968 	EXP 	window1: blendMode = 'avg'
23.6134 	EXP 	window1: blendMode = 'avg'
23.6300 	EXP 	window1: blendMode = 'avg'
23.6471 	EXP 	window1: blendMode = 'avg'
23.6634 	EXP 	window1: blendMode = 'avg'
23.6801 	EXP 	window1: blendMode = 'avg'
23.6969 	EXP 	window1: blendMode = 'avg'
23.7136 	EXP 	window1: blendMode = 'avg'
23.7303 	EXP 	window1: blendMode = 'avg'
23.7469 	EXP 	window1: blendMode = 'avg'
23.7635 	EXP 	window1: blendMode = 'avg'
23.7803 	EXP 	window1: blendMode = 'avg'
23.7969 	EXP 	window1: blendMode = 'avg'
23.8138 	EXP 	window1: blendMode = 'avg'
23.8303 	EXP 	window1: blendMode = 'avg'
23.8468 	EXP 	window1: blendMode = 'avg'
23.8636 	EXP 	window1: blendMode = 'avg'
23.8805 	EXP 	window1: blendMode = 'avg'
23.8971 	EXP 	window1: blendMode = 'avg'
23.9139 	EXP 	window1: blendMode = 'avg'
23.9305 	EXP 	window1: blendMode = 'avg'
23.9471 	EXP 	window1: blendMode = 'avg'
23.9638 	EXP 	window1: blendMode = 'avg'
23.9805 	EXP 	window1: blendMode = 'avg'
23.9972 	EXP 	window1: blendMode = 'avg'
24.0139 	EXP 	window1: blendMode = 'avg'
24.0303 	EXP 	window1: blendMode = 'avg'
24.0474 	EXP 	window1: blendMode = 'avg'
24.0640 	EXP 	window1: blendMode = 'avg'
24.0804 	EXP 	window1: blendMode = 'avg'
24.0981 	EXP 	window1: blendMode = 'avg'
24.1140 	EXP 	window1: blendMode = 'avg'
24.1305 	EXP 	window1: blendMode = 'avg'
24.1474 	EXP 	window1: blendMode = 'avg'
24.1636 	DATA 	Keypress: s
24.1814 	DEBUG 	Read excel file with pandas: Extra_Stimuli//practice_order_WHI_word.xlsx
24.1822 	EXP 	Imported Extra_Stimuli//practice_order_WHI_word.xlsx as conditions, 9 conditions, 5 params
24.1825 	EXP 	Created sequence: random, trialTypes=9, nReps=1, seed=None
24.1829 	EXP 	New trial (rep=0, index=0): {'Stimulus_Practice': u'ahead_word_3_WHI.jpg', 'Direction': u'ahead', 'Number': 3, 'Background': u'_WHI', 'Format': u'word'}
24.1837 	WARNING 	Requested image u'Extra_Stimuli//ahead_word_3_WHI.jpg' not found but similar filename u'Extra_Stimuli//ahead_word_3_WHI.png' exists. This will be used instead but changing the filename is advised.
24.2014 	EXP 	window1: blendMode = 'avg'
24.2159 	EXP 	window1: blendMode = 'avg'
24.2300 	EXP 	text_6: autoDraw = False
24.2300 	EXP 	image: image = u'Extra_Stimuli//ahead_word_3_WHI.jpg'
24.2300 	EXP 	text_same_practice: text = ''
24.2300 	EXP 	text_9: autoDraw = True
24.2300 	EXP 	image: autoDraw = True
24.2300 	EXP 	text_same_practice: autoDraw = True
24.2304 	EXP 	window1: blendMode = 'avg'
24.2312 	EXP 	window1: blendMode = 'avg'
24.2470 	EXP 	window1: blendMode = 'avg'
24.2474 	EXP 	window1: blendMode = 'avg'
24.2638 	EXP 	window1: blendMode = 'avg'
24.2642 	EXP 	window1: blendMode = 'avg'
24.2803 	EXP 	window1: blendMode = 'avg'
24.2807 	EXP 	window1: blendMode = 'avg'
24.2970 	EXP 	window1: blendMode = 'avg'
24.2976 	EXP 	window1: blendMode = 'avg'
24.3136 	EXP 	window1: blendMode = 'avg'
24.3140 	EXP 	window1: blendMode = 'avg'
24.3304 	EXP 	window1: blendMode = 'avg'
24.3308 	EXP 	window1: blendMode = 'avg'
24.3471 	EXP 	window1: blendMode = 'avg'
24.3476 	EXP 	window1: blendMode = 'avg'
24.3637 	EXP 	window1: blendMode = 'avg'
24.3640 	EXP 	window1: blendMode = 'avg'
24.3805 	EXP 	window1: blendMode = 'avg'
24.3809 	EXP 	window1: blendMode = 'avg'
24.3971 	EXP 	window1: blendMode = 'avg'
24.3975 	EXP 	window1: blendMode = 'avg'
24.4138 	EXP 	window1: blendMode = 'avg'
24.4143 	EXP 	window1: blendMode = 'avg'
24.4304 	EXP 	window1: blendMode = 'avg'
24.4307 	EXP 	window1: blendMode = 'avg'
24.4472 	EXP 	window1: blendMode = 'avg'
24.4477 	EXP 	window1: blendMode = 'avg'
24.4640 	EXP 	window1: blendMode = 'avg'
24.4645 	EXP 	window1: blendMode = 'avg'
24.4805 	EXP 	window1: blendMode = 'avg'
24.4808 	EXP 	window1: blendMode = 'avg'
24.4973 	EXP 	window1: blendMode = 'avg'
24.4977 	EXP 	window1: blendMode = 'avg'
24.5140 	EXP 	window1: blendMode = 'avg'
24.5144 	EXP 	window1: blendMode = 'avg'
24.5305 	EXP 	window1: blendMode = 'avg'
24.5309 	EXP 	window1: blendMode = 'avg'
24.5472 	EXP 	window1: blendMode = 'avg'
24.5477 	EXP 	window1: blendMode = 'avg'
24.5639 	EXP 	window1: blendMode = 'avg'
24.5645 	EXP 	window1: blendMode = 'avg'
24.5808 	EXP 	window1: blendMode = 'avg'
24.5812 	EXP 	window1: blendMode = 'avg'
24.5972 	EXP 	window1: blendMode = 'avg'
24.5975 	EXP 	window1: blendMode = 'avg'
24.6140 	EXP 	window1: blendMode = 'avg'
24.6144 	EXP 	window1: blendMode = 'avg'
24.6307 	EXP 	window1: blendMode = 'avg'
24.6312 	EXP 	window1: blendMode = 'avg'
24.6473 	EXP 	window1: blendMode = 'avg'
24.6477 	EXP 	window1: blendMode = 'avg'
24.6640 	EXP 	window1: blendMode = 'avg'
24.6644 	EXP 	window1: blendMode = 'avg'
24.6807 	EXP 	window1: blendMode = 'avg'
24.6812 	EXP 	window1: blendMode = 'avg'
24.6973 	EXP 	window1: blendMode = 'avg'
24.6977 	EXP 	window1: blendMode = 'avg'
24.7140 	EXP 	window1: blendMode = 'avg'
24.7144 	EXP 	window1: blendMode = 'avg'
24.7308 	EXP 	window1: blendMode = 'avg'
24.7313 	EXP 	window1: blendMode = 'avg'
24.7475 	EXP 	window1: blendMode = 'avg'
24.7479 	EXP 	window1: blendMode = 'avg'
24.7640 	EXP 	window1: blendMode = 'avg'
24.7644 	EXP 	window1: blendMode = 'avg'
24.7809 	EXP 	window1: blendMode = 'avg'
24.7813 	EXP 	window1: blendMode = 'avg'
24.7976 	EXP 	window1: blendMode = 'avg'
24.7980 	EXP 	window1: blendMode = 'avg'
24.8144 	EXP 	window1: blendMode = 'avg'
24.8147 	EXP 	window1: blendMode = 'avg'
24.8310 	EXP 	window1: blendMode = 'avg'
24.8315 	EXP 	window1: blendMode = 'avg'
24.8476 	EXP 	window1: blendMode = 'avg'
24.8481 	EXP 	window1: blendMode = 'avg'
24.8643 	EXP 	window1: blendMode = 'avg'
24.8647 	EXP 	window1: blendMode = 'avg'
24.8810 	EXP 	window1: blendMode = 'avg'
24.8813 	EXP 	window1: blendMode = 'avg'
24.8976 	EXP 	window1: blendMode = 'avg'
24.8981 	EXP 	window1: blendMode = 'avg'
24.9143 	EXP 	window1: blendMode = 'avg'
24.9147 	EXP 	window1: blendMode = 'avg'
24.9309 	EXP 	window1: blendMode = 'avg'
24.9312 	EXP 	window1: blendMode = 'avg'
24.9477 	EXP 	window1: blendMode = 'avg'
24.9481 	EXP 	window1: blendMode = 'avg'
24.9644 	EXP 	window1: blendMode = 'avg'
24.9648 	EXP 	window1: blendMode = 'avg'
24.9811 	EXP 	window1: blendMode = 'avg'
24.9814 	EXP 	window1: blendMode = 'avg'
24.9976 	EXP 	window1: blendMode = 'avg'
24.9980 	EXP 	window1: blendMode = 'avg'
25.0146 	EXP 	window1: blendMode = 'avg'
25.0150 	EXP 	window1: blendMode = 'avg'
25.0311 	EXP 	window1: blendMode = 'avg'
25.0314 	EXP 	window1: blendMode = 'avg'
25.0477 	EXP 	window1: blendMode = 'avg'
25.0480 	EXP 	window1: blendMode = 'avg'
25.0645 	EXP 	window1: blendMode = 'avg'
25.0649 	EXP 	window1: blendMode = 'avg'
25.0811 	DATA 	Keypress: d
25.0814 	EXP 	window1: blendMode = 'avg'
25.0818 	EXP 	window1: blendMode = 'avg'
25.0978 	EXP 	window1: blendMode = 'avg'
25.0982 	EXP 	window1: blendMode = 'avg'
25.1145 	EXP 	window1: blendMode = 'avg'
25.1149 	EXP 	window1: blendMode = 'avg'
25.1319 	EXP 	window1: blendMode = 'avg'
25.1328 	EXP 	window1: blendMode = 'avg'
25.1479 	EXP 	window1: blendMode = 'avg'
25.1483 	EXP 	window1: blendMode = 'avg'
25.1645 	EXP 	window1: blendMode = 'avg'
25.1649 	EXP 	window1: blendMode = 'avg'
25.1813 	EXP 	window1: blendMode = 'avg'
25.1821 	EXP 	window1: blendMode = 'avg'
25.1980 	EXP 	window1: blendMode = 'avg'
25.1985 	EXP 	window1: blendMode = 'avg'
25.2145 	EXP 	window1: blendMode = 'avg'
25.2148 	EXP 	window1: blendMode = 'avg'
25.2314 	EXP 	window1: blendMode = 'avg'
25.2318 	EXP 	window1: blendMode = 'avg'
25.2481 	EXP 	window1: blendMode = 'avg'
25.2486 	EXP 	window1: blendMode = 'avg'
25.2646 	EXP 	window1: blendMode = 'avg'
25.2650 	EXP 	window1: blendMode = 'avg'
25.2814 	EXP 	window1: blendMode = 'avg'
25.2818 	EXP 	window1: blendMode = 'avg'
25.2981 	EXP 	window1: blendMode = 'avg'
25.2985 	EXP 	window1: blendMode = 'avg'
25.3147 	EXP 	window1: blendMode = 'avg'
25.3152 	EXP 	window1: blendMode = 'avg'
25.3315 	EXP 	window1: blendMode = 'avg'
25.3319 	EXP 	window1: blendMode = 'avg'
25.3481 	EXP 	window1: blendMode = 'avg'
25.3485 	EXP 	window1: blendMode = 'avg'
25.3648 	EXP 	window1: blendMode = 'avg'
25.3652 	EXP 	window1: blendMode = 'avg'
25.3813 	EXP 	window1: blendMode = 'avg'
25.3817 	EXP 	window1: blendMode = 'avg'
25.3981 	EXP 	window1: blendMode = 'avg'
25.3986 	EXP 	window1: blendMode = 'avg'
25.4150 	EXP 	window1: blendMode = 'avg'
25.4154 	EXP 	window1: blendMode = 'avg'
25.4315 	EXP 	window1: blendMode = 'avg'
25.4319 	EXP 	window1: blendMode = 'avg'
25.4482 	EXP 	window1: blendMode = 'avg'
25.4486 	EXP 	window1: blendMode = 'avg'
25.4648 	EXP 	window1: blendMode = 'avg'
25.4654 	EXP 	window1: blendMode = 'avg'
25.4815 	EXP 	window1: blendMode = 'avg'
25.4820 	EXP 	window1: blendMode = 'avg'
25.4982 	EXP 	window1: blendMode = 'avg'
25.4985 	EXP 	window1: blendMode = 'avg'
25.5148 	EXP 	window1: blendMode = 'avg'
25.5152 	EXP 	window1: blendMode = 'avg'
25.5316 	EXP 	window1: blendMode = 'avg'
25.5320 	EXP 	window1: blendMode = 'avg'
25.5482 	EXP 	window1: blendMode = 'avg'
25.5486 	EXP 	window1: blendMode = 'avg'
25.5648 	EXP 	window1: blendMode = 'avg'
25.5652 	EXP 	window1: blendMode = 'avg'
25.5817 	EXP 	window1: blendMode = 'avg'
25.5821 	EXP 	window1: blendMode = 'avg'
25.5983 	EXP 	window1: blendMode = 'avg'
25.5988 	EXP 	window1: blendMode = 'avg'
25.6149 	EXP 	window1: blendMode = 'avg'
25.6153 	EXP 	window1: blendMode = 'avg'
25.6317 	EXP 	window1: blendMode = 'avg'
25.6322 	EXP 	window1: blendMode = 'avg'
25.6484 	EXP 	window1: blendMode = 'avg'
25.6488 	EXP 	window1: blendMode = 'avg'
25.6651 	EXP 	window1: blendMode = 'avg'
25.6655 	EXP 	window1: blendMode = 'avg'
25.6816 	EXP 	window1: blendMode = 'avg'
25.6820 	EXP 	window1: blendMode = 'avg'
25.6985 	EXP 	window1: blendMode = 'avg'
25.6989 	EXP 	window1: blendMode = 'avg'
25.7151 	EXP 	window1: blendMode = 'avg'
25.7155 	EXP 	window1: blendMode = 'avg'
25.7317 	EXP 	window1: blendMode = 'avg'
25.7321 	EXP 	window1: blendMode = 'avg'
25.7485 	EXP 	window1: blendMode = 'avg'
25.7489 	EXP 	window1: blendMode = 'avg'
25.7652 	EXP 	window1: blendMode = 'avg'
25.7656 	EXP 	window1: blendMode = 'avg'
25.7818 	EXP 	window1: blendMode = 'avg'
25.7822 	EXP 	window1: blendMode = 'avg'
25.7986 	EXP 	window1: blendMode = 'avg'
25.7990 	EXP 	window1: blendMode = 'avg'
25.8152 	EXP 	window1: blendMode = 'avg'
25.8157 	EXP 	window1: blendMode = 'avg'
25.8320 	EXP 	window1: blendMode = 'avg'
25.8324 	EXP 	window1: blendMode = 'avg'
25.8485 	EXP 	window1: blendMode = 'avg'
25.8489 	EXP 	window1: blendMode = 'avg'
25.8654 	EXP 	window1: blendMode = 'avg'
25.8659 	EXP 	window1: blendMode = 'avg'
25.8820 	EXP 	window1: blendMode = 'avg'
25.8825 	EXP 	window1: blendMode = 'avg'
25.8985 	EXP 	window1: blendMode = 'avg'
25.8988 	EXP 	window1: blendMode = 'avg'
25.9153 	EXP 	window1: blendMode = 'avg'
25.9158 	EXP 	window1: blendMode = 'avg'
25.9320 	DATA 	Keypress: d
25.9324 	EXP 	window1: blendMode = 'avg'
25.9328 	EXP 	window1: blendMode = 'avg'
25.9487 	EXP 	window1: blendMode = 'avg'
25.9490 	EXP 	window1: blendMode = 'avg'
25.9653 	EXP 	window1: blendMode = 'avg'
25.9657 	EXP 	window1: blendMode = 'avg'
25.9820 	EXP 	window1: blendMode = 'avg'
25.9824 	EXP 	window1: blendMode = 'avg'
25.9987 	EXP 	window1: blendMode = 'avg'
25.9992 	EXP 	window1: blendMode = 'avg'
26.0154 	EXP 	window1: blendMode = 'avg'
26.0158 	EXP 	window1: blendMode = 'avg'
26.0322 	EXP 	window1: blendMode = 'avg'
26.0326 	EXP 	window1: blendMode = 'avg'
26.0488 	EXP 	window1: blendMode = 'avg'
26.0492 	EXP 	window1: blendMode = 'avg'
26.0654 	EXP 	window1: blendMode = 'avg'
26.0657 	EXP 	window1: blendMode = 'avg'
26.0822 	EXP 	window1: blendMode = 'avg'
26.0826 	EXP 	window1: blendMode = 'avg'
26.0989 	EXP 	window1: blendMode = 'avg'
26.0993 	EXP 	window1: blendMode = 'avg'
26.1156 	EXP 	window1: blendMode = 'avg'
26.1159 	EXP 	window1: blendMode = 'avg'
26.1328 	DATA 	Keypress: d
26.1331 	EXP 	window1: blendMode = 'avg'
26.1335 	EXP 	window1: blendMode = 'avg'
26.1490 	EXP 	window1: blendMode = 'avg'
26.1494 	EXP 	window1: blendMode = 'avg'
26.1655 	EXP 	window1: blendMode = 'avg'
26.1660 	EXP 	window1: blendMode = 'avg'
26.1823 	EXP 	window1: blendMode = 'avg'
26.1826 	EXP 	window1: blendMode = 'avg'
26.1989 	EXP 	window1: blendMode = 'avg'
26.1996 	EXP 	window1: blendMode = 'avg'
26.2157 	EXP 	window1: blendMode = 'avg'
26.2162 	EXP 	window1: blendMode = 'avg'
26.2323 	EXP 	window1: blendMode = 'avg'
26.2327 	EXP 	window1: blendMode = 'avg'
26.2491 	EXP 	window1: blendMode = 'avg'
26.2495 	EXP 	window1: blendMode = 'avg'
26.2657 	EXP 	window1: blendMode = 'avg'
26.2662 	EXP 	window1: blendMode = 'avg'
26.2823 	EXP 	window1: blendMode = 'avg'
26.2828 	EXP 	window1: blendMode = 'avg'
26.2990 	EXP 	window1: blendMode = 'avg'
26.2993 	EXP 	window1: blendMode = 'avg'
26.3157 	EXP 	window1: blendMode = 'avg'
26.3160 	EXP 	window1: blendMode = 'avg'
26.3323 	EXP 	window1: blendMode = 'avg'
26.3327 	EXP 	window1: blendMode = 'avg'
26.3490 	EXP 	window1: blendMode = 'avg'
26.3493 	EXP 	window1: blendMode = 'avg'
26.3658 	EXP 	window1: blendMode = 'avg'
26.3662 	EXP 	window1: blendMode = 'avg'
26.3825 	EXP 	window1: blendMode = 'avg'
26.3831 	EXP 	window1: blendMode = 'avg'
26.3990 	EXP 	window1: blendMode = 'avg'
26.3994 	EXP 	window1: blendMode = 'avg'
26.4157 	EXP 	window1: blendMode = 'avg'
26.4162 	EXP 	window1: blendMode = 'avg'
26.4324 	EXP 	window1: blendMode = 'avg'
26.4328 	EXP 	window1: blendMode = 'avg'
26.4493 	EXP 	window1: blendMode = 'avg'
26.4497 	EXP 	window1: blendMode = 'avg'
26.4658 	EXP 	window1: blendMode = 'avg'
26.4662 	EXP 	window1: blendMode = 'avg'
26.4825 	EXP 	window1: blendMode = 'avg'
26.4829 	EXP 	window1: blendMode = 'avg'
26.4992 	EXP 	window1: blendMode = 'avg'
26.4997 	EXP 	window1: blendMode = 'avg'
26.5159 	EXP 	window1: blendMode = 'avg'
26.5164 	EXP 	window1: blendMode = 'avg'
26.5325 	EXP 	window1: blendMode = 'avg'
26.5328 	EXP 	window1: blendMode = 'avg'
26.5493 	EXP 	window1: blendMode = 'avg'
26.5497 	EXP 	window1: blendMode = 'avg'
26.5661 	EXP 	window1: blendMode = 'avg'
26.5665 	EXP 	window1: blendMode = 'avg'
26.5826 	EXP 	window1: blendMode = 'avg'
26.5829 	EXP 	window1: blendMode = 'avg'
26.5994 	EXP 	window1: blendMode = 'avg'
26.6004 	EXP 	window1: blendMode = 'avg'
26.6162 	EXP 	window1: blendMode = 'avg'
26.6166 	EXP 	window1: blendMode = 'avg'
26.6328 	EXP 	window1: blendMode = 'avg'
26.6332 	EXP 	window1: blendMode = 'avg'
26.6494 	EXP 	window1: blendMode = 'avg'
26.6498 	EXP 	window1: blendMode = 'avg'
26.6663 	EXP 	window1: blendMode = 'avg'
26.6667 	EXP 	window1: blendMode = 'avg'
26.6828 	EXP 	window1: blendMode = 'avg'
26.6832 	EXP 	window1: blendMode = 'avg'
26.6994 	EXP 	window1: blendMode = 'avg'
26.6997 	EXP 	window1: blendMode = 'avg'
26.7162 	EXP 	window1: blendMode = 'avg'
26.7167 	EXP 	window1: blendMode = 'avg'
26.7330 	EXP 	window1: blendMode = 'avg'
26.7334 	EXP 	window1: blendMode = 'avg'
26.7495 	EXP 	window1: blendMode = 'avg'
26.7499 	EXP 	window1: blendMode = 'avg'
26.7663 	EXP 	window1: blendMode = 'avg'
26.7667 	EXP 	window1: blendMode = 'avg'
26.7829 	EXP 	window1: blendMode = 'avg'
26.7833 	EXP 	window1: blendMode = 'avg'
26.7995 	EXP 	window1: blendMode = 'avg'
26.7999 	EXP 	window1: blendMode = 'avg'
26.8161 	DATA 	Keypress: f
26.8169 	EXP 	New trial (rep=0, index=1): {'Stimulus_Practice': u'ahead_word_1_WHI.jpg', 'Direction': u'ahead', 'Number': 1, 'Background': u'_WHI', 'Format': u'word'}
26.8178 	WARNING 	Requested image u'Extra_Stimuli//ahead_word_1_WHI.jpg' not found but similar filename u'Extra_Stimuli//ahead_word_1_WHI.png' exists. This will be used instead but changing the filename is advised.
26.8403 	EXP 	window1: blendMode = 'avg'
26.8423 	EXP 	window1: blendMode = 'avg'
26.8492 	EXP 	text_9: autoDraw = False
26.8492 	EXP 	image: autoDraw = False
26.8492 	EXP 	text_same_practice: autoDraw = False
26.8492 	EXP 	image: image = u'Extra_Stimuli//ahead_word_1_WHI.jpg'
26.8492 	EXP 	text_same_practice: text = 'Same?'
26.8492 	EXP 	text_9: autoDraw = True
26.8492 	EXP 	image: autoDraw = True
26.8492 	EXP 	text_same_practice: autoDraw = True
26.8497 	EXP 	window1: blendMode = 'avg'
26.8503 	EXP 	window1: blendMode = 'avg'
26.8663 	EXP 	window1: blendMode = 'avg'
26.8669 	EXP 	window1: blendMode = 'avg'
26.8831 	EXP 	window1: blendMode = 'avg'
26.8837 	EXP 	window1: blendMode = 'avg'
26.8999 	EXP 	window1: blendMode = 'avg'
26.9006 	EXP 	window1: blendMode = 'avg'
26.9163 	EXP 	window1: blendMode = 'avg'
26.9169 	EXP 	window1: blendMode = 'avg'
26.9328 	EXP 	window1: blendMode = 'avg'
26.9334 	EXP 	window1: blendMode = 'avg'
26.9498 	EXP 	window1: blendMode = 'avg'
26.9505 	EXP 	window1: blendMode = 'avg'
26.9665 	EXP 	window1: blendMode = 'avg'
26.9671 	EXP 	window1: blendMode = 'avg'
26.9829 	EXP 	window1: blendMode = 'avg'
26.9835 	EXP 	window1: blendMode = 'avg'
26.9997 	EXP 	window1: blendMode = 'avg'
27.0004 	EXP 	window1: blendMode = 'avg'
27.0164 	EXP 	window1: blendMode = 'avg'
27.0171 	EXP 	window1: blendMode = 'avg'
27.0330 	EXP 	window1: blendMode = 'avg'
27.0336 	EXP 	window1: blendMode = 'avg'
27.0498 	EXP 	window1: blendMode = 'avg'
27.0505 	EXP 	window1: blendMode = 'avg'
27.0666 	EXP 	window1: blendMode = 'avg'
27.0672 	EXP 	window1: blendMode = 'avg'
27.0831 	EXP 	window1: blendMode = 'avg'
27.0837 	EXP 	window1: blendMode = 'avg'
27.0997 	EXP 	window1: blendMode = 'avg'
27.1003 	EXP 	window1: blendMode = 'avg'
27.1167 	EXP 	window1: blendMode = 'avg'
27.1174 	EXP 	window1: blendMode = 'avg'
27.1332 	EXP 	window1: blendMode = 'avg'
27.1344 	EXP 	window1: blendMode = 'avg'
27.1497 	EXP 	window1: blendMode = 'avg'
27.1503 	EXP 	window1: blendMode = 'avg'
27.1666 	EXP 	window1: blendMode = 'avg'
27.1673 	EXP 	window1: blendMode = 'avg'
27.1833 	EXP 	window1: blendMode = 'avg'
27.1839 	EXP 	window1: blendMode = 'avg'
27.1999 	EXP 	window1: blendMode = 'avg'
27.2005 	EXP 	window1: blendMode = 'avg'
27.2167 	EXP 	window1: blendMode = 'avg'
27.2173 	EXP 	window1: blendMode = 'avg'
27.2334 	EXP 	window1: blendMode = 'avg'
27.2340 	EXP 	window1: blendMode = 'avg'
27.2501 	EXP 	window1: blendMode = 'avg'
27.2507 	EXP 	window1: blendMode = 'avg'
27.2667 	EXP 	window1: blendMode = 'avg'
27.2672 	EXP 	window1: blendMode = 'avg'
27.2835 	EXP 	window1: blendMode = 'avg'
27.2842 	EXP 	window1: blendMode = 'avg'
27.3004 	EXP 	window1: blendMode = 'avg'
27.3011 	EXP 	window1: blendMode = 'avg'
27.3171 	EXP 	window1: blendMode = 'avg'
27.3177 	EXP 	window1: blendMode = 'avg'
27.3341 	EXP 	window1: blendMode = 'avg'
27.3348 	EXP 	window1: blendMode = 'avg'
27.3505 	EXP 	window1: blendMode = 'avg'
27.3512 	EXP 	window1: blendMode = 'avg'
27.3671 	EXP 	window1: blendMode = 'avg'
27.3678 	EXP 	window1: blendMode = 'avg'
27.3839 	EXP 	window1: blendMode = 'avg'
27.3844 	EXP 	window1: blendMode = 'avg'
27.4004 	EXP 	window1: blendMode = 'avg'
27.4012 	EXP 	window1: blendMode = 'avg'
27.4174 	EXP 	window1: blendMode = 'avg'
27.4180 	EXP 	window1: blendMode = 'avg'
27.4338 	EXP 	window1: blendMode = 'avg'
27.4344 	EXP 	window1: blendMode = 'avg'
27.4507 	EXP 	window1: blendMode = 'avg'
27.4513 	EXP 	window1: blendMode = 'avg'
27.4672 	EXP 	window1: blendMode = 'avg'
27.4679 	EXP 	window1: blendMode = 'avg'
27.4841 	EXP 	window1: blendMode = 'avg'
27.4849 	EXP 	window1: blendMode = 'avg'
27.5004 	EXP 	window1: blendMode = 'avg'
27.5009 	EXP 	window1: blendMode = 'avg'
27.5173 	EXP 	window1: blendMode = 'avg'
27.5179 	EXP 	window1: blendMode = 'avg'
27.5342 	EXP 	window1: blendMode = 'avg'
27.5348 	EXP 	window1: blendMode = 'avg'
27.5505 	EXP 	window1: blendMode = 'avg'
27.5510 	EXP 	window1: blendMode = 'avg'
27.5675 	EXP 	window1: blendMode = 'avg'
27.5682 	EXP 	window1: blendMode = 'avg'
27.5843 	EXP 	window1: blendMode = 'avg'
27.5850 	EXP 	window1: blendMode = 'avg'
27.6007 	EXP 	window1: blendMode = 'avg'
27.6013 	EXP 	window1: blendMode = 'avg'
27.6175 	EXP 	window1: blendMode = 'avg'
27.6182 	EXP 	window1: blendMode = 'avg'
27.6341 	EXP 	window1: blendMode = 'avg'
27.6351 	EXP 	window1: blendMode = 'avg'
27.6510 	EXP 	window1: blendMode = 'avg'
27.6516 	EXP 	window1: blendMode = 'avg'
27.6673 	EXP 	window1: blendMode = 'avg'
27.6678 	EXP 	window1: blendMode = 'avg'
27.6842 	EXP 	window1: blendMode = 'avg'
27.6849 	EXP 	window1: blendMode = 'avg'
27.7010 	EXP 	window1: blendMode = 'avg'
27.7018 	EXP 	window1: blendMode = 'avg'
27.7173 	EXP 	window1: blendMode = 'avg'
27.7179 	EXP 	window1: blendMode = 'avg'
27.7342 	EXP 	window1: blendMode = 'avg'
27.7348 	EXP 	window1: blendMode = 'avg'
27.7510 	EXP 	window1: blendMode = 'avg'
27.7517 	EXP 	window1: blendMode = 'avg'
27.7674 	EXP 	window1: blendMode = 'avg'
27.7680 	EXP 	window1: blendMode = 'avg'
27.7843 	EXP 	window1: blendMode = 'avg'
27.7848 	EXP 	window1: blendMode = 'avg'
27.8010 	EXP 	window1: blendMode = 'avg'
27.8016 	EXP 	window1: blendMode = 'avg'
27.8177 	EXP 	window1: blendMode = 'avg'
27.8184 	EXP 	window1: blendMode = 'avg'
27.8344 	EXP 	window1: blendMode = 'avg'
27.8351 	EXP 	window1: blendMode = 'avg'
27.8514 	EXP 	window1: blendMode = 'avg'
27.8520 	EXP 	window1: blendMode = 'avg'
27.8678 	EXP 	window1: blendMode = 'avg'
27.8685 	EXP 	window1: blendMode = 'avg'
27.8848 	EXP 	window1: blendMode = 'avg'
27.8855 	EXP 	window1: blendMode = 'avg'
27.9013 	EXP 	window1: blendMode = 'avg'
27.9020 	EXP 	window1: blendMode = 'avg'
27.9177 	EXP 	window1: blendMode = 'avg'
27.9182 	EXP 	window1: blendMode = 'avg'
27.9347 	EXP 	window1: blendMode = 'avg'
27.9353 	EXP 	window1: blendMode = 'avg'
27.9509 	EXP 	window1: blendMode = 'avg'
27.9515 	EXP 	window1: blendMode = 'avg'
27.9676 	EXP 	window1: blendMode = 'avg'
27.9682 	EXP 	window1: blendMode = 'avg'
27.9846 	EXP 	window1: blendMode = 'avg'
27.9854 	EXP 	window1: blendMode = 'avg'
28.0011 	EXP 	window1: blendMode = 'avg'
28.0018 	EXP 	window1: blendMode = 'avg'
28.0177 	EXP 	window1: blendMode = 'avg'
28.0184 	EXP 	window1: blendMode = 'avg'
28.0346 	EXP 	window1: blendMode = 'avg'
28.0352 	EXP 	window1: blendMode = 'avg'
28.0511 	EXP 	window1: blendMode = 'avg'
28.0517 	EXP 	window1: blendMode = 'avg'
28.0680 	EXP 	window1: blendMode = 'avg'
28.0687 	EXP 	window1: blendMode = 'avg'
28.0845 	EXP 	window1: blendMode = 'avg'
28.0852 	EXP 	window1: blendMode = 'avg'
28.1012 	EXP 	window1: blendMode = 'avg'
28.1019 	EXP 	window1: blendMode = 'avg'
28.1181 	EXP 	window1: blendMode = 'avg'
28.1188 	EXP 	window1: blendMode = 'avg'
28.1344 	EXP 	window1: blendMode = 'avg'
28.1350 	EXP 	window1: blendMode = 'avg'
28.1513 	EXP 	window1: blendMode = 'avg'
28.1518 	EXP 	window1: blendMode = 'avg'
28.1679 	EXP 	window1: blendMode = 'avg'
28.1686 	EXP 	window1: blendMode = 'avg'
28.1848 	EXP 	window1: blendMode = 'avg'
28.1854 	EXP 	window1: blendMode = 'avg'
28.2011 	EXP 	window1: blendMode = 'avg'
28.2016 	EXP 	window1: blendMode = 'avg'
28.2181 	EXP 	window1: blendMode = 'avg'
28.2187 	EXP 	window1: blendMode = 'avg'
28.2349 	EXP 	window1: blendMode = 'avg'
28.2360 	EXP 	window1: blendMode = 'avg'
28.2512 	EXP 	window1: blendMode = 'avg'
28.2518 	EXP 	window1: blendMode = 'avg'
28.2681 	EXP 	window1: blendMode = 'avg'
28.2687 	EXP 	window1: blendMode = 'avg'
28.2849 	EXP 	window1: blendMode = 'avg'
28.2857 	EXP 	window1: blendMode = 'avg'
28.3013 	EXP 	window1: blendMode = 'avg'
28.3019 	EXP 	window1: blendMode = 'avg'
28.3182 	EXP 	window1: blendMode = 'avg'
28.3187 	EXP 	window1: blendMode = 'avg'
28.3348 	EXP 	window1: blendMode = 'avg'
28.3354 	EXP 	window1: blendMode = 'avg'
28.3517 	EXP 	window1: blendMode = 'avg'
28.3527 	EXP 	window1: blendMode = 'avg'
28.3682 	EXP 	window1: blendMode = 'avg'
28.3688 	EXP 	window1: blendMode = 'avg'
28.3849 	EXP 	window1: blendMode = 'avg'
28.3855 	EXP 	window1: blendMode = 'avg'
28.4017 	EXP 	window1: blendMode = 'avg'
28.4024 	EXP 	window1: blendMode = 'avg'
28.4180 	EXP 	window1: blendMode = 'avg'
28.4186 	EXP 	window1: blendMode = 'avg'
28.4347 	EXP 	window1: blendMode = 'avg'
28.4352 	EXP 	window1: blendMode = 'avg'
28.4518 	EXP 	window1: blendMode = 'avg'
28.4525 	EXP 	window1: blendMode = 'avg'
28.4682 	EXP 	window1: blendMode = 'avg'
28.4689 	EXP 	window1: blendMode = 'avg'
28.4850 	DATA 	Keypress: a
28.4856 	EXP 	New trial (rep=0, index=2): {'Stimulus_Practice': u'right_word_2_WHI.jpg', 'Direction': u'right', 'Number': 2, 'Background': u'_WHI', 'Format': u'word'}
28.4873 	WARNING 	Requested image u'Extra_Stimuli//right_word_2_WHI.jpg' not found but similar filename u'Extra_Stimuli//right_word_2_WHI.png' exists. This will be used instead but changing the filename is advised.
28.5072 	EXP 	window1: blendMode = 'avg'
28.5091 	EXP 	window1: blendMode = 'avg'
28.5178 	EXP 	text_9: autoDraw = False
28.5178 	EXP 	image: autoDraw = False
28.5178 	EXP 	text_same_practice: autoDraw = False
28.5178 	EXP 	image: image = u'Extra_Stimuli//right_word_2_WHI.jpg'
28.5178 	EXP 	text_same_practice: text = ''
28.5178 	EXP 	text_9: autoDraw = True
28.5178 	EXP 	image: autoDraw = True
28.5178 	EXP 	text_same_practice: autoDraw = True
28.5183 	EXP 	window1: blendMode = 'avg'
28.5188 	EXP 	window1: blendMode = 'avg'
28.5350 	EXP 	window1: blendMode = 'avg'
28.5354 	EXP 	window1: blendMode = 'avg'
28.5518 	EXP 	window1: blendMode = 'avg'
28.5522 	EXP 	window1: blendMode = 'avg'
28.5682 	EXP 	window1: blendMode = 'avg'
28.5686 	EXP 	window1: blendMode = 'avg'
28.5852 	EXP 	window1: blendMode = 'avg'
28.5857 	EXP 	window1: blendMode = 'avg'
28.6019 	EXP 	window1: blendMode = 'avg'
28.6023 	EXP 	window1: blendMode = 'avg'
28.6184 	EXP 	window1: blendMode = 'avg'
28.6188 	EXP 	window1: blendMode = 'avg'
28.6353 	EXP 	window1: blendMode = 'avg'
28.6358 	EXP 	window1: blendMode = 'avg'
28.6517 	EXP 	window1: blendMode = 'avg'
28.6521 	EXP 	window1: blendMode = 'avg'
28.6684 	EXP 	window1: blendMode = 'avg'
28.6687 	EXP 	window1: blendMode = 'avg'
28.6853 	EXP 	window1: blendMode = 'avg'
28.6858 	EXP 	window1: blendMode = 'avg'
28.7018 	EXP 	window1: blendMode = 'avg'
28.7022 	EXP 	window1: blendMode = 'avg'
28.7184 	EXP 	window1: blendMode = 'avg'
28.7187 	EXP 	window1: blendMode = 'avg'
28.7354 	EXP 	window1: blendMode = 'avg'
28.7359 	EXP 	window1: blendMode = 'avg'
28.7518 	EXP 	window1: blendMode = 'avg'
28.7522 	EXP 	window1: blendMode = 'avg'
28.7687 	EXP 	window1: blendMode = 'avg'
28.7690 	EXP 	window1: blendMode = 'avg'
28.7852 	EXP 	window1: blendMode = 'avg'
28.7856 	EXP 	window1: blendMode = 'avg'
28.8021 	EXP 	window1: blendMode = 'avg'
28.8025 	EXP 	window1: blendMode = 'avg'
28.8186 	EXP 	window1: blendMode = 'avg'
28.8191 	EXP 	window1: blendMode = 'avg'
28.8353 	EXP 	window1: blendMode = 'avg'
28.8358 	EXP 	window1: blendMode = 'avg'
28.8522 	EXP 	window1: blendMode = 'avg'
28.8527 	EXP 	window1: blendMode = 'avg'
28.8687 	EXP 	window1: blendMode = 'avg'
28.8692 	EXP 	window1: blendMode = 'avg'
28.8853 	EXP 	window1: blendMode = 'avg'
28.8857 	EXP 	window1: blendMode = 'avg'
28.9022 	EXP 	window1: blendMode = 'avg'
28.9026 	EXP 	window1: blendMode = 'avg'
28.9186 	EXP 	window1: blendMode = 'avg'
28.9190 	EXP 	window1: blendMode = 'avg'
28.9354 	DATA 	Keypress: f
28.9360 	EXP 	New trial (rep=0, index=3): {'Stimulus_Practice': u'left_word_3_WHI.jpg', 'Direction': u'left', 'Number': 3, 'Background': u'_WHI', 'Format': u'word'}
28.9378 	WARNING 	Requested image u'Extra_Stimuli//left_word_3_WHI.jpg' not found but similar filename u'Extra_Stimuli//left_word_3_WHI.png' exists. This will be used instead but changing the filename is advised.
28.9581 	EXP 	window1: blendMode = 'avg'
28.9601 	EXP 	window1: blendMode = 'avg'
28.9682 	EXP 	text_9: autoDraw = False
28.9682 	EXP 	image: autoDraw = False
28.9682 	EXP 	text_same_practice: autoDraw = False
28.9682 	EXP 	image: image = u'Extra_Stimuli//left_word_3_WHI.jpg'
28.9682 	EXP 	text_same_practice: text = 'Same?'
28.9682 	EXP 	text_9: autoDraw = True
28.9682 	EXP 	image: autoDraw = True
28.9682 	EXP 	text_same_practice: autoDraw = True
28.9686 	EXP 	window1: blendMode = 'avg'
28.9692 	EXP 	window1: blendMode = 'avg'
28.9854 	EXP 	window1: blendMode = 'avg'
28.9860 	EXP 	window1: blendMode = 'avg'
29.0022 	EXP 	window1: blendMode = 'avg'
29.0028 	EXP 	window1: blendMode = 'avg'
29.0188 	EXP 	window1: blendMode = 'avg'
29.0194 	EXP 	window1: blendMode = 'avg'
29.0357 	EXP 	window1: blendMode = 'avg'
29.0364 	EXP 	window1: blendMode = 'avg'
29.0520 	EXP 	window1: blendMode = 'avg'
29.0525 	EXP 	window1: blendMode = 'avg'
29.0692 	EXP 	window1: blendMode = 'avg'
29.0698 	EXP 	window1: blendMode = 'avg'
29.0857 	EXP 	window1: blendMode = 'avg'
29.0864 	EXP 	window1: blendMode = 'avg'
29.1022 	EXP 	window1: blendMode = 'avg'
29.1028 	EXP 	window1: blendMode = 'avg'
29.1191 	EXP 	window1: blendMode = 'avg'
29.1201 	EXP 	window1: blendMode = 'avg'
29.1357 	EXP 	window1: blendMode = 'avg'
29.1392 	EXP 	window1: blendMode = 'avg'
29.1525 	EXP 	window1: blendMode = 'avg'
29.1531 	EXP 	window1: blendMode = 'avg'
29.1689 	EXP 	window1: blendMode = 'avg'
29.1694 	EXP 	window1: blendMode = 'avg'
29.1858 	EXP 	window1: blendMode = 'avg'
29.1865 	EXP 	window1: blendMode = 'avg'
29.2022 	EXP 	window1: blendMode = 'avg'
29.2028 	EXP 	window1: blendMode = 'avg'
29.2191 	EXP 	window1: blendMode = 'avg'
29.2196 	EXP 	window1: blendMode = 'avg'
29.2360 	EXP 	window1: blendMode = 'avg'
29.2366 	EXP 	window1: blendMode = 'avg'
29.2524 	EXP 	window1: blendMode = 'avg'
29.2530 	EXP 	window1: blendMode = 'avg'
29.2694 	EXP 	window1: blendMode = 'avg'
29.2700 	EXP 	window1: blendMode = 'avg'
29.2856 	EXP 	window1: blendMode = 'avg'
29.2861 	EXP 	window1: blendMode = 'avg'
29.3026 	EXP 	window1: blendMode = 'avg'
29.3034 	EXP 	window1: blendMode = 'avg'
29.3194 	EXP 	window1: blendMode = 'avg'
29.3202 	EXP 	window1: blendMode = 'avg'
29.3357 	EXP 	window1: blendMode = 'avg'
29.3366 	EXP 	window1: blendMode = 'avg'
29.3524 	EXP 	window1: blendMode = 'avg'
29.3531 	EXP 	window1: blendMode = 'avg'
29.3695 	EXP 	window1: blendMode = 'avg'
29.3702 	EXP 	window1: blendMode = 'avg'
29.3857 	EXP 	window1: blendMode = 'avg'
29.3863 	EXP 	window1: blendMode = 'avg'
29.4027 	EXP 	window1: blendMode = 'avg'
29.4033 	EXP 	window1: blendMode = 'avg'
29.4193 	EXP 	window1: blendMode = 'avg'
29.4199 	EXP 	window1: blendMode = 'avg'
29.4357 	EXP 	window1: blendMode = 'avg'
29.4363 	EXP 	window1: blendMode = 'avg'
29.4526 	EXP 	window1: blendMode = 'avg'
29.4532 	EXP 	window1: blendMode = 'avg'
29.4694 	EXP 	window1: blendMode = 'avg'
29.4700 	EXP 	window1: blendMode = 'avg'
29.4861 	EXP 	window1: blendMode = 'avg'
29.4868 	EXP 	window1: blendMode = 'avg'
29.5027 	EXP 	window1: blendMode = 'avg'
29.5033 	EXP 	window1: blendMode = 'avg'
29.5194 	EXP 	window1: blendMode = 'avg'
29.5200 	EXP 	window1: blendMode = 'avg'
29.5360 	EXP 	window1: blendMode = 'avg'
29.5367 	EXP 	window1: blendMode = 'avg'
29.5527 	EXP 	window1: blendMode = 'avg'
29.5533 	EXP 	window1: blendMode = 'avg'
29.5695 	EXP 	window1: blendMode = 'avg'
29.5702 	EXP 	window1: blendMode = 'avg'
29.5860 	EXP 	window1: blendMode = 'avg'
29.5868 	EXP 	window1: blendMode = 'avg'
29.6029 	EXP 	window1: blendMode = 'avg'
29.6036 	EXP 	window1: blendMode = 'avg'
29.6195 	EXP 	window1: blendMode = 'avg'
29.6204 	EXP 	window1: blendMode = 'avg'
29.6361 	EXP 	window1: blendMode = 'avg'
29.6366 	EXP 	window1: blendMode = 'avg'
29.6531 	EXP 	window1: blendMode = 'avg'
29.6538 	EXP 	window1: blendMode = 'avg'
29.6694 	EXP 	window1: blendMode = 'avg'
29.6700 	EXP 	window1: blendMode = 'avg'
29.6859 	DATA 	Keypress: a
29.6865 	EXP 	New trial (rep=0, index=4): {'Stimulus_Practice': u'left_word_1_WHI.jpg', 'Direction': u'left', 'Number': 1, 'Background': u'_WHI', 'Format': u'word'}
29.6871 	WARNING 	Requested image u'Extra_Stimuli//left_word_1_WHI.jpg' not found but similar filename u'Extra_Stimuli//left_word_1_WHI.png' exists. This will be used instead but changing the filename is advised.
29.7058 	EXP 	window1: blendMode = 'avg'
29.7075 	EXP 	window1: blendMode = 'avg'
29.7191 	EXP 	text_9: autoDraw = False
29.7191 	EXP 	image: autoDraw = False
29.7191 	EXP 	text_same_practice: autoDraw = False
29.7191 	EXP 	image: image = u'Extra_Stimuli//left_word_1_WHI.jpg'
29.7191 	EXP 	text_same_practice: text = ''
29.7191 	EXP 	text_9: autoDraw = True
29.7191 	EXP 	image: autoDraw = True
29.7191 	EXP 	text_same_practice: autoDraw = True
29.7196 	EXP 	window1: blendMode = 'avg'
29.7200 	EXP 	window1: blendMode = 'avg'
29.7361 	EXP 	window1: blendMode = 'avg'
29.7366 	EXP 	window1: blendMode = 'avg'
29.7531 	EXP 	window1: blendMode = 'avg'
29.7535 	EXP 	window1: blendMode = 'avg'
29.7696 	EXP 	window1: blendMode = 'avg'
29.7700 	EXP 	window1: blendMode = 'avg'
29.7864 	EXP 	window1: blendMode = 'avg'
29.7869 	EXP 	window1: blendMode = 'avg'
29.8032 	EXP 	window1: blendMode = 'avg'
29.8036 	EXP 	window1: blendMode = 'avg'
29.8197 	EXP 	window1: blendMode = 'avg'
29.8202 	EXP 	window1: blendMode = 'avg'
29.8365 	EXP 	window1: blendMode = 'avg'
29.8370 	EXP 	window1: blendMode = 'avg'
29.8533 	EXP 	window1: blendMode = 'avg'
29.8537 	EXP 	window1: blendMode = 'avg'
29.8697 	EXP 	window1: blendMode = 'avg'
29.8701 	EXP 	window1: blendMode = 'avg'
29.8867 	EXP 	window1: blendMode = 'avg'
29.8871 	EXP 	window1: blendMode = 'avg'
29.9030 	EXP 	window1: blendMode = 'avg'
29.9034 	EXP 	window1: blendMode = 'avg'
29.9197 	EXP 	window1: blendMode = 'avg'
29.9200 	EXP 	window1: blendMode = 'avg'
29.9366 	EXP 	window1: blendMode = 'avg'
29.9370 	EXP 	window1: blendMode = 'avg'
29.9530 	EXP 	window1: blendMode = 'avg'
29.9534 	EXP 	window1: blendMode = 'avg'
29.9699 	EXP 	window1: blendMode = 'avg'
29.9702 	EXP 	window1: blendMode = 'avg'
29.9864 	EXP 	window1: blendMode = 'avg'
29.9869 	EXP 	window1: blendMode = 'avg'
30.0033 	EXP 	window1: blendMode = 'avg'
30.0037 	EXP 	window1: blendMode = 'avg'
30.0198 	EXP 	window1: blendMode = 'avg'
30.0202 	EXP 	window1: blendMode = 'avg'
30.0365 	EXP 	window1: blendMode = 'avg'
30.0368 	EXP 	window1: blendMode = 'avg'
30.0536 	EXP 	window1: blendMode = 'avg'
30.0540 	EXP 	window1: blendMode = 'avg'
30.0699 	EXP 	window1: blendMode = 'avg'
30.0703 	EXP 	window1: blendMode = 'avg'
30.0866 	EXP 	window1: blendMode = 'avg'
30.0871 	EXP 	window1: blendMode = 'avg'
30.1034 	EXP 	window1: blendMode = 'avg'
30.1038 	EXP 	window1: blendMode = 'avg'
30.1198 	DATA 	Keypress: f
30.1205 	EXP 	New trial (rep=0, index=5): {'Stimulus_Practice': u'ahead_word_2_WHI.jpg', 'Direction': u'ahead', 'Number': 2, 'Background': u'_WHI', 'Format': u'word'}
30.1223 	WARNING 	Requested image u'Extra_Stimuli//ahead_word_2_WHI.jpg' not found but similar filename u'Extra_Stimuli//ahead_word_2_WHI.png' exists. This will be used instead but changing the filename is advised.
30.1435 	EXP 	window1: blendMode = 'avg'
30.1458 	EXP 	window1: blendMode = 'avg'
30.1527 	EXP 	text_9: autoDraw = False
30.1527 	EXP 	image: autoDraw = False
30.1527 	EXP 	text_same_practice: autoDraw = False
30.1527 	EXP 	image: image = u'Extra_Stimuli//ahead_word_2_WHI.jpg'
30.1527 	EXP 	text_same_practice: text = 'Same?'
30.1527 	EXP 	text_9: autoDraw = True
30.1527 	EXP 	image: autoDraw = True
30.1527 	EXP 	text_same_practice: autoDraw = True
30.1531 	EXP 	window1: blendMode = 'avg'
30.1535 	EXP 	window1: blendMode = 'avg'
30.1700 	EXP 	window1: blendMode = 'avg'
30.1707 	EXP 	window1: blendMode = 'avg'
30.1870 	EXP 	window1: blendMode = 'avg'
30.1877 	EXP 	window1: blendMode = 'avg'
30.2033 	EXP 	window1: blendMode = 'avg'
30.2038 	EXP 	window1: blendMode = 'avg'
30.2201 	EXP 	window1: blendMode = 'avg'
30.2207 	EXP 	window1: blendMode = 'avg'
30.2369 	EXP 	window1: blendMode = 'avg'
30.2375 	EXP 	window1: blendMode = 'avg'
30.2533 	EXP 	window1: blendMode = 'avg'
30.2539 	EXP 	window1: blendMode = 'avg'
30.2703 	EXP 	window1: blendMode = 'avg'
30.2709 	EXP 	window1: blendMode = 'avg'
30.2868 	EXP 	window1: blendMode = 'avg'
30.2874 	EXP 	window1: blendMode = 'avg'
30.3036 	EXP 	window1: blendMode = 'avg'
30.3046 	EXP 	window1: blendMode = 'avg'
30.3202 	EXP 	window1: blendMode = 'avg'
30.3207 	EXP 	window1: blendMode = 'avg'
30.3371 	EXP 	window1: blendMode = 'avg'
30.3379 	EXP 	window1: blendMode = 'avg'
30.3537 	EXP 	window1: blendMode = 'avg'
30.3543 	EXP 	window1: blendMode = 'avg'
30.3702 	EXP 	window1: blendMode = 'avg'
30.3708 	EXP 	window1: blendMode = 'avg'
30.3870 	EXP 	window1: blendMode = 'avg'
30.3877 	EXP 	window1: blendMode = 'avg'
30.4036 	EXP 	window1: blendMode = 'avg'
30.4042 	EXP 	window1: blendMode = 'avg'
30.4202 	EXP 	window1: blendMode = 'avg'
30.4209 	EXP 	window1: blendMode = 'avg'
30.4370 	EXP 	window1: blendMode = 'avg'
30.4375 	EXP 	window1: blendMode = 'avg'
30.4535 	EXP 	window1: blendMode = 'avg'
30.4542 	EXP 	window1: blendMode = 'avg'
30.4704 	EXP 	window1: blendMode = 'avg'
30.4711 	EXP 	window1: blendMode = 'avg'
30.4868 	EXP 	window1: blendMode = 'avg'
30.4874 	EXP 	window1: blendMode = 'avg'
30.5037 	EXP 	window1: blendMode = 'avg'
30.5043 	EXP 	window1: blendMode = 'avg'
30.5205 	EXP 	window1: blendMode = 'avg'
30.5211 	EXP 	window1: blendMode = 'avg'
30.5369 	EXP 	window1: blendMode = 'avg'
30.5379 	EXP 	window1: blendMode = 'avg'
30.5539 	EXP 	window1: blendMode = 'avg'
30.5546 	EXP 	window1: blendMode = 'avg'
30.5703 	EXP 	window1: blendMode = 'avg'
30.5710 	EXP 	window1: blendMode = 'avg'
30.5870 	EXP 	window1: blendMode = 'avg'
30.5876 	EXP 	window1: blendMode = 'avg'
30.6039 	EXP 	window1: blendMode = 'avg'
30.6044 	EXP 	window1: blendMode = 'avg'
30.6204 	EXP 	window1: blendMode = 'avg'
30.6210 	EXP 	window1: blendMode = 'avg'
30.6373 	EXP 	window1: blendMode = 'avg'
30.6380 	EXP 	window1: blendMode = 'avg'
30.6536 	EXP 	window1: blendMode = 'avg'
30.6541 	EXP 	window1: blendMode = 'avg'
30.6705 	EXP 	window1: blendMode = 'avg'
30.6715 	EXP 	window1: blendMode = 'avg'
30.6874 	EXP 	window1: blendMode = 'avg'
30.6885 	EXP 	window1: blendMode = 'avg'
30.7037 	EXP 	window1: blendMode = 'avg'
30.7043 	EXP 	window1: blendMode = 'avg'
30.7203 	DATA 	Keypress: a
30.7208 	EXP 	New trial (rep=0, index=6): {'Stimulus_Practice': u'left_word_2_WHI.jpg', 'Direction': u'left', 'Number': 2, 'Background': u'_WHI', 'Format': u'word'}
30.7224 	WARNING 	Requested image u'Extra_Stimuli//left_word_2_WHI.jpg' not found but similar filename u'Extra_Stimuli//left_word_2_WHI.png' exists. This will be used instead but changing the filename is advised.
30.7414 	EXP 	window1: blendMode = 'avg'
30.7430 	EXP 	window1: blendMode = 'avg'
30.7534 	EXP 	text_9: autoDraw = False
30.7534 	EXP 	image: autoDraw = False
30.7534 	EXP 	text_same_practice: autoDraw = False
30.7534 	EXP 	image: image = u'Extra_Stimuli//left_word_2_WHI.jpg'
30.7534 	EXP 	text_same_practice: text = ''
30.7534 	EXP 	text_9: autoDraw = True
30.7534 	EXP 	image: autoDraw = True
30.7534 	EXP 	text_same_practice: autoDraw = True
30.7540 	EXP 	window1: blendMode = 'avg'
30.7544 	EXP 	window1: blendMode = 'avg'
30.7707 	EXP 	window1: blendMode = 'avg'
30.7710 	EXP 	window1: blendMode = 'avg'
30.7875 	EXP 	window1: blendMode = 'avg'
30.7879 	EXP 	window1: blendMode = 'avg'
30.8041 	EXP 	window1: blendMode = 'avg'
30.8046 	EXP 	window1: blendMode = 'avg'
30.8209 	EXP 	window1: blendMode = 'avg'
30.8214 	EXP 	window1: blendMode = 'avg'
30.8371 	EXP 	window1: blendMode = 'avg'
30.8375 	EXP 	window1: blendMode = 'avg'
30.8541 	EXP 	window1: blendMode = 'avg'
30.8546 	EXP 	window1: blendMode = 'avg'
30.8709 	EXP 	window1: blendMode = 'avg'
30.8713 	EXP 	window1: blendMode = 'avg'
30.8872 	EXP 	window1: blendMode = 'avg'
30.8876 	EXP 	window1: blendMode = 'avg'
30.9041 	EXP 	window1: blendMode = 'avg'
30.9045 	EXP 	window1: blendMode = 'avg'
30.9211 	EXP 	window1: blendMode = 'avg'
30.9216 	EXP 	window1: blendMode = 'avg'
30.9373 	EXP 	window1: blendMode = 'avg'
30.9377 	EXP 	window1: blendMode = 'avg'
30.9542 	EXP 	window1: blendMode = 'avg'
30.9547 	EXP 	window1: blendMode = 'avg'
30.9711 	EXP 	window1: blendMode = 'avg'
30.9715 	EXP 	window1: blendMode = 'avg'
30.9874 	EXP 	window1: blendMode = 'avg'
30.9878 	EXP 	window1: blendMode = 'avg'
31.0041 	EXP 	window1: blendMode = 'avg'
31.0044 	EXP 	window1: blendMode = 'avg'
31.0211 	EXP 	window1: blendMode = 'avg'
31.0216 	EXP 	window1: blendMode = 'avg'
31.0399 	EXP 	window1: blendMode = 'avg'
31.0402 	EXP 	window1: blendMode = 'avg'
31.0544 	EXP 	window1: blendMode = 'avg'
31.0548 	EXP 	window1: blendMode = 'avg'
31.0709 	EXP 	window1: blendMode = 'avg'
31.0713 	EXP 	window1: blendMode = 'avg'
31.0879 	EXP 	window1: blendMode = 'avg'
31.0883 	EXP 	window1: blendMode = 'avg'
31.1041 	EXP 	window1: blendMode = 'avg'
31.1045 	EXP 	window1: blendMode = 'avg'
31.1210 	EXP 	window1: blendMode = 'avg'
31.1214 	EXP 	window1: blendMode = 'avg'
31.1378 	DATA 	Keypress: f
31.1387 	EXP 	New trial (rep=0, index=7): {'Stimulus_Practice': u'right_word_3_WHI.jpg', 'Direction': u'right', 'Number': 3, 'Background': u'_WHI', 'Format': u'word'}
31.1405 	WARNING 	Requested image u'Extra_Stimuli//right_word_3_WHI.jpg' not found but similar filename u'Extra_Stimuli//right_word_3_WHI.png' exists. This will be used instead but changing the filename is advised.
31.1617 	EXP 	window1: blendMode = 'avg'
31.1636 	EXP 	window1: blendMode = 'avg'
31.1704 	EXP 	text_9: autoDraw = False
31.1704 	EXP 	image: autoDraw = False
31.1704 	EXP 	text_same_practice: autoDraw = False
31.1704 	EXP 	image: image = u'Extra_Stimuli//right_word_3_WHI.jpg'
31.1704 	EXP 	text_same_practice: text = 'Same?'
31.1704 	EXP 	text_9: autoDraw = True
31.1704 	EXP 	image: autoDraw = True
31.1704 	EXP 	text_same_practice: autoDraw = True
31.1708 	EXP 	window1: blendMode = 'avg'
31.1712 	EXP 	window1: blendMode = 'avg'
31.1876 	EXP 	window1: blendMode = 'avg'
31.1926 	EXP 	window1: blendMode = 'avg'
31.2045 	EXP 	window1: blendMode = 'avg'
31.2052 	EXP 	window1: blendMode = 'avg'
31.2212 	EXP 	window1: blendMode = 'avg'
31.2218 	EXP 	window1: blendMode = 'avg'
31.2378 	EXP 	window1: blendMode = 'avg'
31.2383 	EXP 	window1: blendMode = 'avg'
31.2544 	EXP 	window1: blendMode = 'avg'
31.2550 	EXP 	window1: blendMode = 'avg'
31.2714 	EXP 	window1: blendMode = 'avg'
31.2720 	EXP 	window1: blendMode = 'avg'
31.2876 	EXP 	window1: blendMode = 'avg'
31.2881 	EXP 	window1: blendMode = 'avg'
31.3044 	EXP 	window1: blendMode = 'avg'
31.3054 	EXP 	window1: blendMode = 'avg'
31.3213 	EXP 	window1: blendMode = 'avg'
31.3219 	EXP 	window1: blendMode = 'avg'
31.3376 	EXP 	window1: blendMode = 'avg'
31.3381 	EXP 	window1: blendMode = 'avg'
31.3546 	EXP 	window1: blendMode = 'avg'
31.3552 	EXP 	window1: blendMode = 'avg'
31.3715 	EXP 	window1: blendMode = 'avg'
31.3722 	EXP 	window1: blendMode = 'avg'
31.3878 	EXP 	window1: blendMode = 'avg'
31.3884 	EXP 	window1: blendMode = 'avg'
31.4046 	EXP 	window1: blendMode = 'avg'
31.4051 	EXP 	window1: blendMode = 'avg'
31.4215 	EXP 	window1: blendMode = 'avg'
31.4221 	EXP 	window1: blendMode = 'avg'
31.4379 	EXP 	window1: blendMode = 'avg'
31.4386 	EXP 	window1: blendMode = 'avg'
31.4547 	EXP 	window1: blendMode = 'avg'
31.4553 	EXP 	window1: blendMode = 'avg'
31.4716 	EXP 	window1: blendMode = 'avg'
31.4726 	EXP 	window1: blendMode = 'avg'
31.4879 	EXP 	window1: blendMode = 'avg'
31.4885 	EXP 	window1: blendMode = 'avg'
31.5047 	EXP 	window1: blendMode = 'avg'
31.5052 	EXP 	window1: blendMode = 'avg'
31.5216 	EXP 	window1: blendMode = 'avg'
31.5222 	EXP 	window1: blendMode = 'avg'
31.5383 	EXP 	window1: blendMode = 'avg'
31.5390 	EXP 	window1: blendMode = 'avg'
31.5548 	DATA 	Keypress: a
31.5554 	EXP 	New trial (rep=0, index=8): {'Stimulus_Practice': u'right_word_1_WHI.jpg', 'Direction': u'right', 'Number': 1, 'Background': u'_WHI', 'Format': u'word'}
31.5571 	WARNING 	Requested image u'Extra_Stimuli//right_word_1_WHI.jpg' not found but similar filename u'Extra_Stimuli//right_word_1_WHI.png' exists. This will be used instead but changing the filename is advised.
31.5753 	EXP 	window1: blendMode = 'avg'
31.5766 	EXP 	window1: blendMode = 'avg'
31.5876 	EXP 	text_9: autoDraw = False
31.5876 	EXP 	image: autoDraw = False
31.5876 	EXP 	text_same_practice: autoDraw = False
31.5876 	EXP 	image: image = u'Extra_Stimuli//right_word_1_WHI.jpg'
31.5876 	EXP 	text_same_practice: text = ''
31.5876 	EXP 	text_9: autoDraw = True
31.5876 	EXP 	image: autoDraw = True
31.5876 	EXP 	text_same_practice: autoDraw = True
31.5881 	EXP 	window1: blendMode = 'avg'
31.5885 	EXP 	window1: blendMode = 'avg'
31.6048 	EXP 	window1: blendMode = 'avg'
31.6052 	EXP 	window1: blendMode = 'avg'
31.6215 	EXP 	window1: blendMode = 'avg'
31.6219 	EXP 	window1: blendMode = 'avg'
31.6380 	EXP 	window1: blendMode = 'avg'
31.6384 	EXP 	window1: blendMode = 'avg'
31.6553 	EXP 	window1: blendMode = 'avg'
31.6559 	EXP 	window1: blendMode = 'avg'
31.6715 	EXP 	window1: blendMode = 'avg'
31.6719 	EXP 	window1: blendMode = 'avg'
31.6880 	EXP 	window1: blendMode = 'avg'
31.6884 	EXP 	window1: blendMode = 'avg'
31.7050 	EXP 	window1: blendMode = 'avg'
31.7054 	EXP 	window1: blendMode = 'avg'
31.7216 	EXP 	window1: blendMode = 'avg'
31.7221 	EXP 	window1: blendMode = 'avg'
31.7384 	EXP 	window1: blendMode = 'avg'
31.7387 	EXP 	window1: blendMode = 'avg'
31.7549 	EXP 	window1: blendMode = 'avg'
31.7554 	EXP 	window1: blendMode = 'avg'
31.7720 	EXP 	window1: blendMode = 'avg'
31.7724 	EXP 	window1: blendMode = 'avg'
31.7883 	EXP 	window1: blendMode = 'avg'
31.7887 	EXP 	window1: blendMode = 'avg'
31.8052 	EXP 	window1: blendMode = 'avg'
31.8056 	EXP 	window1: blendMode = 'avg'
31.8216 	EXP 	window1: blendMode = 'avg'
31.8220 	EXP 	window1: blendMode = 'avg'
31.8385 	EXP 	window1: blendMode = 'avg'
31.8389 	EXP 	window1: blendMode = 'avg'
31.8549 	EXP 	window1: blendMode = 'avg'
31.8553 	EXP 	window1: blendMode = 'avg'
31.8720 	EXP 	window1: blendMode = 'avg'
31.8724 	EXP 	window1: blendMode = 'avg'
31.8883 	DATA 	Keypress: f
31.9041 	EXP 	window1: blendMode = 'avg'
31.9215 	EXP 	text_9: autoDraw = False
31.9215 	EXP 	image: autoDraw = False
31.9215 	EXP 	text_same_practice: autoDraw = False
31.9215 	EXP 	text_2: autoDraw = True
31.9223 	EXP 	window1: blendMode = 'avg'
31.9391 	EXP 	window1: blendMode = 'avg'
31.9557 	EXP 	window1: blendMode = 'avg'
31.9722 	EXP 	window1: blendMode = 'avg'
31.9890 	EXP 	window1: blendMode = 'avg'
32.0056 	EXP 	window1: blendMode = 'avg'
32.0222 	EXP 	window1: blendMode = 'avg'
32.0409 	EXP 	window1: blendMode = 'avg'
32.0557 	EXP 	window1: blendMode = 'avg'
32.0722 	EXP 	window1: blendMode = 'avg'
32.0890 	EXP 	window1: blendMode = 'avg'
32.1057 	EXP 	window1: blendMode = 'avg'
32.1224 	EXP 	window1: blendMode = 'avg'
32.1395 	EXP 	window1: blendMode = 'avg'
32.1558 	EXP 	window1: blendMode = 'avg'
32.1726 	EXP 	window1: blendMode = 'avg'
32.1933 	EXP 	window1: blendMode = 'avg'
32.2057 	EXP 	window1: blendMode = 'avg'
32.2224 	EXP 	window1: blendMode = 'avg'
32.2392 	EXP 	window1: blendMode = 'avg'
32.2558 	EXP 	window1: blendMode = 'avg'
32.2727 	DATA 	Keypress: a
32.2733 	EXP 	window1: blendMode = 'avg'
32.2897 	EXP 	window1: blendMode = 'avg'
32.3061 	EXP 	window1: blendMode = 'avg'
32.3224 	EXP 	window1: blendMode = 'avg'
32.3394 	EXP 	window1: blendMode = 'avg'
32.3561 	EXP 	window1: blendMode = 'avg'
32.3726 	EXP 	window1: blendMode = 'avg'
32.3895 	EXP 	window1: blendMode = 'avg'
32.4060 	EXP 	window1: blendMode = 'avg'
32.4227 	EXP 	window1: blendMode = 'avg'
32.4394 	EXP 	window1: blendMode = 'avg'
32.4564 	EXP 	window1: blendMode = 'avg'
32.4727 	EXP 	window1: blendMode = 'avg'
32.4897 	EXP 	window1: blendMode = 'avg'
32.5064 	EXP 	window1: blendMode = 'avg'
32.5227 	EXP 	window1: blendMode = 'avg'
32.5401 	EXP 	window1: blendMode = 'avg'
32.5561 	EXP 	window1: blendMode = 'avg'
32.5729 	EXP 	window1: blendMode = 'avg'
32.5897 	EXP 	window1: blendMode = 'avg'
32.6062 	EXP 	window1: blendMode = 'avg'
32.6228 	EXP 	window1: blendMode = 'avg'
32.6397 	EXP 	window1: blendMode = 'avg'
32.6566 	EXP 	window1: blendMode = 'avg'
32.6729 	EXP 	window1: blendMode = 'avg'
32.6897 	EXP 	window1: blendMode = 'avg'
32.7065 	EXP 	window1: blendMode = 'avg'
32.7231 	EXP 	window1: blendMode = 'avg'
32.7396 	EXP 	window1: blendMode = 'avg'
32.7567 	EXP 	window1: blendMode = 'avg'
32.7731 	EXP 	window1: blendMode = 'avg'
32.7897 	EXP 	window1: blendMode = 'avg'
32.8067 	EXP 	window1: blendMode = 'avg'
32.8233 	EXP 	window1: blendMode = 'avg'
32.8398 	EXP 	window1: blendMode = 'avg'
32.8566 	EXP 	window1: blendMode = 'avg'
32.8734 	EXP 	window1: blendMode = 'avg'
32.8899 	EXP 	window1: blendMode = 'avg'
32.9066 	EXP 	window1: blendMode = 'avg'
32.9235 	EXP 	window1: blendMode = 'avg'
32.9239 	DATA 	Keypress: d
32.9490 	DEBUG 	Read excel file with pandas: Extra_Stimuli//practice_order_WHI_schema.xlsx
32.9499 	EXP 	Imported Extra_Stimuli//practice_order_WHI_schema.xlsx as conditions, 9 conditions, 5 params
32.9502 	EXP 	Created sequence: random, trialTypes=9, nReps=1, seed=None
32.9505 	EXP 	New trial (rep=0, index=0): {'Stimulus_Practice': u'right_schema_1_WHI.jpg', 'Direction': u'right', 'Number': 1, 'Background': u'_WHI', 'Format': u'schema'}
32.9513 	WARNING 	Requested image u'Extra_Stimuli//right_schema_1_WHI.jpg' not found but similar filename u'Extra_Stimuli//right_schema_1_WHI.png' exists. This will be used instead but changing the filename is advised.
32.9721 	EXP 	window1: blendMode = 'avg'
32.9738 	EXP 	window1: blendMode = 'avg'
32.9891 	EXP 	text_2: autoDraw = False
32.9891 	EXP 	image: image = u'Extra_Stimuli//right_schema_1_WHI.jpg'
32.9891 	EXP 	text_same_practice: text = 'Same?'
32.9891 	EXP 	text_9: autoDraw = True
32.9891 	EXP 	image: autoDraw = True
32.9891 	EXP 	text_same_practice: autoDraw = True
32.9897 	EXP 	window1: blendMode = 'avg'
32.9903 	EXP 	window1: blendMode = 'avg'
33.0061 	EXP 	window1: blendMode = 'avg'
33.0068 	EXP 	window1: blendMode = 'avg'
33.0230 	EXP 	window1: blendMode = 'avg'
33.0235 	EXP 	window1: blendMode = 'avg'
33.0411 	EXP 	window1: blendMode = 'avg'
33.0417 	EXP 	window1: blendMode = 'avg'
33.0566 	EXP 	window1: blendMode = 'avg'
33.0574 	EXP 	window1: blendMode = 'avg'
33.0728 	EXP 	window1: blendMode = 'avg'
33.0733 	EXP 	window1: blendMode = 'avg'
33.0897 	EXP 	window1: blendMode = 'avg'
33.0905 	EXP 	window1: blendMode = 'avg'
33.1063 	EXP 	window1: blendMode = 'avg'
33.1071 	EXP 	window1: blendMode = 'avg'
33.1232 	EXP 	window1: blendMode = 'avg'
33.1237 	EXP 	window1: blendMode = 'avg'
33.1395 	EXP 	window1: blendMode = 'avg'
33.1400 	EXP 	window1: blendMode = 'avg'
33.1566 	EXP 	window1: blendMode = 'avg'
33.1573 	EXP 	window1: blendMode = 'avg'
33.1731 	EXP 	window1: blendMode = 'avg'
33.1739 	EXP 	window1: blendMode = 'avg'
33.1936 	EXP 	window1: blendMode = 'avg'
33.1942 	EXP 	window1: blendMode = 'avg'
33.2067 	EXP 	window1: blendMode = 'avg'
33.2073 	EXP 	window1: blendMode = 'avg'
33.2231 	EXP 	window1: blendMode = 'avg'
33.2238 	EXP 	window1: blendMode = 'avg'
33.2401 	EXP 	window1: blendMode = 'avg'
33.2408 	EXP 	window1: blendMode = 'avg'
33.2564 	EXP 	window1: blendMode = 'avg'
33.2570 	EXP 	window1: blendMode = 'avg'
33.2733 	EXP 	window1: blendMode = 'avg'
33.2741 	EXP 	window1: blendMode = 'avg'
33.2900 	EXP 	window1: blendMode = 'avg'
33.2905 	EXP 	window1: blendMode = 'avg'
33.3066 	EXP 	window1: blendMode = 'avg'
33.3073 	EXP 	window1: blendMode = 'avg'
33.3232 	EXP 	window1: blendMode = 'avg'
33.3239 	EXP 	window1: blendMode = 'avg'
33.3401 	DATA 	Keypress: f
33.3409 	EXP 	New trial (rep=0, index=1): {'Stimulus_Practice': u'right_schema_3_WHI.jpg', 'Direction': u'right', 'Number': 3, 'Background': u'_WHI', 'Format': u'schema'}
33.3427 	WARNING 	Requested image u'Extra_Stimuli//right_schema_3_WHI.jpg' not found but similar filename u'Extra_Stimuli//right_schema_3_WHI.png' exists. This will be used instead but changing the filename is advised.
33.3603 	EXP 	window1: blendMode = 'avg'
33.3617 	EXP 	window1: blendMode = 'avg'
33.3727 	EXP 	text_9: autoDraw = False
33.3727 	EXP 	image: autoDraw = False
33.3727 	EXP 	text_same_practice: autoDraw = False
33.3727 	EXP 	image: image = u'Extra_Stimuli//right_schema_3_WHI.jpg'
33.3727 	EXP 	text_same_practice: text = 'Same?'
33.3727 	EXP 	text_9: autoDraw = True
33.3727 	EXP 	image: autoDraw = True
33.3727 	EXP 	text_same_practice: autoDraw = True
33.3731 	EXP 	window1: blendMode = 'avg'
33.3738 	EXP 	window1: blendMode = 'avg'
33.3901 	EXP 	window1: blendMode = 'avg'
33.3909 	EXP 	window1: blendMode = 'avg'
33.4068 	EXP 	window1: blendMode = 'avg'
33.4074 	EXP 	window1: blendMode = 'avg'
33.4232 	EXP 	window1: blendMode = 'avg'
33.4236 	EXP 	window1: blendMode = 'avg'
33.4402 	EXP 	window1: blendMode = 'avg'
33.4408 	EXP 	window1: blendMode = 'avg'
33.4569 	EXP 	window1: blendMode = 'avg'
33.4577 	EXP 	window1: blendMode = 'avg'
33.4732 	EXP 	window1: blendMode = 'avg'
33.4738 	EXP 	window1: blendMode = 'avg'
33.4902 	EXP 	window1: blendMode = 'avg'
33.4914 	EXP 	window1: blendMode = 'avg'
33.5071 	EXP 	window1: blendMode = 'avg'
33.5078 	EXP 	window1: blendMode = 'avg'
33.5233 	EXP 	window1: blendMode = 'avg'
33.5239 	EXP 	window1: blendMode = 'avg'
33.5400 	EXP 	window1: blendMode = 'avg'
33.5406 	EXP 	window1: blendMode = 'avg'
33.5570 	EXP 	window1: blendMode = 'avg'
33.5578 	EXP 	window1: blendMode = 'avg'
33.5734 	EXP 	window1: blendMode = 'avg'
33.5741 	EXP 	window1: blendMode = 'avg'
33.5900 	EXP 	window1: blendMode = 'avg'
33.5905 	EXP 	window1: blendMode = 'avg'
33.6071 	EXP 	window1: blendMode = 'avg'
33.6078 	EXP 	window1: blendMode = 'avg'
33.6234 	EXP 	window1: blendMode = 'avg'
33.6240 	EXP 	window1: blendMode = 'avg'
33.6404 	EXP 	window1: blendMode = 'avg'
33.6409 	EXP 	window1: blendMode = 'avg'
33.6569 	EXP 	window1: blendMode = 'avg'
33.6576 	EXP 	window1: blendMode = 'avg'
33.6738 	EXP 	window1: blendMode = 'avg'
33.6745 	EXP 	window1: blendMode = 'avg'
33.6901 	EXP 	window1: blendMode = 'avg'
33.6907 	EXP 	window1: blendMode = 'avg'
33.7068 	DATA 	Keypress: a
33.7074 	EXP 	New trial (rep=0, index=2): {'Stimulus_Practice': u'ahead_schema_1_WHI.jpg', 'Direction': u'ahead', 'Number': 1, 'Background': u'_WHI', 'Format': u'schema'}
33.7089 	WARNING 	Requested image u'Extra_Stimuli//ahead_schema_1_WHI.jpg' not found but similar filename u'Extra_Stimuli//ahead_schema_1_WHI.png' exists. This will be used instead but changing the filename is advised.
33.7271 	EXP 	window1: blendMode = 'avg'
33.7289 	EXP 	window1: blendMode = 'avg'
33.7398 	EXP 	text_9: autoDraw = False
33.7398 	EXP 	image: autoDraw = False
33.7398 	EXP 	text_same_practice: autoDraw = False
33.7398 	EXP 	image: image = u'Extra_Stimuli//ahead_schema_1_WHI.jpg'
33.7398 	EXP 	text_same_practice: text = 'Same?'
33.7398 	EXP 	text_9: autoDraw = True
33.7398 	EXP 	image: autoDraw = True
33.7398 	EXP 	text_same_practice: autoDraw = True
33.7403 	EXP 	window1: blendMode = 'avg'
33.7409 	EXP 	window1: blendMode = 'avg'
33.7569 	EXP 	window1: blendMode = 'avg'
33.7575 	EXP 	window1: blendMode = 'avg'
33.7738 	EXP 	window1: blendMode = 'avg'
33.7745 	EXP 	window1: blendMode = 'avg'
33.7904 	EXP 	window1: blendMode = 'avg'
33.7910 	EXP 	window1: blendMode = 'avg'
33.8072 	EXP 	window1: blendMode = 'avg'
33.8079 	EXP 	window1: blendMode = 'avg'
33.8235 	EXP 	window1: blendMode = 'avg'
33.8240 	EXP 	window1: blendMode = 'avg'
33.8408 	EXP 	window1: blendMode = 'avg'
33.8414 	EXP 	window1: blendMode = 'avg'
33.8570 	EXP 	window1: blendMode = 'avg'
33.8577 	EXP 	window1: blendMode = 'avg'
33.8736 	EXP 	window1: blendMode = 'avg'
33.8742 	EXP 	window1: blendMode = 'avg'
33.8905 	EXP 	window1: blendMode = 'avg'
33.8912 	EXP 	window1: blendMode = 'avg'
33.9072 	EXP 	window1: blendMode = 'avg'
33.9080 	EXP 	window1: blendMode = 'avg'
33.9240 	EXP 	window1: blendMode = 'avg'
33.9246 	EXP 	window1: blendMode = 'avg'
33.9403 	EXP 	window1: blendMode = 'avg'
33.9409 	EXP 	window1: blendMode = 'avg'
33.9574 	EXP 	window1: blendMode = 'avg'
33.9581 	EXP 	window1: blendMode = 'avg'
33.9738 	EXP 	window1: blendMode = 'avg'
33.9745 	EXP 	window1: blendMode = 'avg'
33.9905 	EXP 	window1: blendMode = 'avg'
33.9912 	EXP 	window1: blendMode = 'avg'
34.0073 	EXP 	window1: blendMode = 'avg'
34.0079 	EXP 	window1: blendMode = 'avg'
34.0240 	EXP 	window1: blendMode = 'avg'
34.0248 	EXP 	window1: blendMode = 'avg'
34.0409 	EXP 	window1: blendMode = 'avg'
34.0417 	EXP 	window1: blendMode = 'avg'
34.0572 	EXP 	window1: blendMode = 'avg'
34.0577 	EXP 	window1: blendMode = 'avg'
34.0740 	EXP 	window1: blendMode = 'avg'
34.0747 	EXP 	window1: blendMode = 'avg'
34.0945 	EXP 	window1: blendMode = 'avg'
34.0952 	EXP 	window1: blendMode = 'avg'
34.1072 	EXP 	window1: blendMode = 'avg'
34.1079 	EXP 	window1: blendMode = 'avg'
34.1239 	EXP 	window1: blendMode = 'avg'
34.1245 	EXP 	window1: blendMode = 'avg'
34.1409 	EXP 	window1: blendMode = 'avg'
34.1415 	EXP 	window1: blendMode = 'avg'
34.1573 	EXP 	window1: blendMode = 'avg'
34.1579 	EXP 	window1: blendMode = 'avg'
34.1740 	DATA 	Keypress: f
34.1746 	EXP 	New trial (rep=0, index=3): {'Stimulus_Practice': u'ahead_schema_3_WHI.jpg', 'Direction': u'ahead', 'Number': 3, 'Background': u'_WHI', 'Format': u'schema'}
34.1762 	WARNING 	Requested image u'Extra_Stimuli//ahead_schema_3_WHI.jpg' not found but similar filename u'Extra_Stimuli//ahead_schema_3_WHI.png' exists. This will be used instead but changing the filename is advised.
34.1934 	EXP 	window1: blendMode = 'avg'
34.1952 	EXP 	window1: blendMode = 'avg'
34.2069 	EXP 	text_9: autoDraw = False
34.2069 	EXP 	image: autoDraw = False
34.2069 	EXP 	text_same_practice: autoDraw = False
34.2069 	EXP 	image: image = u'Extra_Stimuli//ahead_schema_3_WHI.jpg'
34.2069 	EXP 	text_same_practice: text = 'Same?'
34.2069 	EXP 	text_9: autoDraw = True
34.2069 	EXP 	image: autoDraw = True
34.2069 	EXP 	text_same_practice: autoDraw = True
34.2074 	EXP 	window1: blendMode = 'avg'
34.2080 	EXP 	window1: blendMode = 'avg'
34.2241 	EXP 	window1: blendMode = 'avg'
34.2247 	EXP 	window1: blendMode = 'avg'
34.2417 	EXP 	window1: blendMode = 'avg'
34.2423 	EXP 	window1: blendMode = 'avg'
34.2574 	EXP 	window1: blendMode = 'avg'
34.2581 	EXP 	window1: blendMode = 'avg'
34.2743 	EXP 	window1: blendMode = 'avg'
34.2749 	EXP 	window1: blendMode = 'avg'
34.2909 	EXP 	window1: blendMode = 'avg'
34.2914 	EXP 	window1: blendMode = 'avg'
34.3075 	EXP 	window1: blendMode = 'avg'
34.3082 	EXP 	window1: blendMode = 'avg'
34.3244 	EXP 	window1: blendMode = 'avg'
34.3251 	EXP 	window1: blendMode = 'avg'
34.3410 	EXP 	window1: blendMode = 'avg'
34.3417 	EXP 	window1: blendMode = 'avg'
34.3580 	EXP 	window1: blendMode = 'avg'
34.3587 	EXP 	window1: blendMode = 'avg'
34.3747 	EXP 	window1: blendMode = 'avg'
34.3753 	EXP 	window1: blendMode = 'avg'
34.3912 	EXP 	window1: blendMode = 'avg'
34.3920 	EXP 	window1: blendMode = 'avg'
34.4078 	EXP 	window1: blendMode = 'avg'
34.4086 	EXP 	window1: blendMode = 'avg'
34.4241 	EXP 	window1: blendMode = 'avg'
34.4246 	EXP 	window1: blendMode = 'avg'
34.4412 	EXP 	window1: blendMode = 'avg'
34.4418 	EXP 	window1: blendMode = 'avg'
34.4576 	EXP 	window1: blendMode = 'avg'
34.4584 	EXP 	window1: blendMode = 'avg'
34.4744 	EXP 	window1: blendMode = 'avg'
34.4750 	EXP 	window1: blendMode = 'avg'
34.4913 	EXP 	window1: blendMode = 'avg'
34.4919 	EXP 	window1: blendMode = 'avg'
34.5077 	EXP 	window1: blendMode = 'avg'
34.5084 	EXP 	window1: blendMode = 'avg'
34.5243 	EXP 	window1: blendMode = 'avg'
34.5249 	EXP 	window1: blendMode = 'avg'
34.5412 	EXP 	window1: blendMode = 'avg'
34.5418 	EXP 	window1: blendMode = 'avg'
34.5578 	EXP 	window1: blendMode = 'avg'
34.5584 	EXP 	window1: blendMode = 'avg'
34.5746 	EXP 	window1: blendMode = 'avg'
34.5752 	EXP 	window1: blendMode = 'avg'
34.5910 	EXP 	window1: blendMode = 'avg'
34.5916 	EXP 	window1: blendMode = 'avg'
34.6077 	EXP 	window1: blendMode = 'avg'
34.6083 	EXP 	window1: blendMode = 'avg'
34.6247 	EXP 	window1: blendMode = 'avg'
34.6254 	EXP 	window1: blendMode = 'avg'
34.6410 	DATA 	Keypress: a
34.6418 	EXP 	New trial (rep=0, index=4): {'Stimulus_Practice': u'left_schema_1_WHI.jpg', 'Direction': u'left', 'Number': 1, 'Background': u'_WHI', 'Format': u'schema'}
34.6426 	WARNING 	Requested image u'Extra_Stimuli//left_schema_1_WHI.jpg' not found but similar filename u'Extra_Stimuli//left_schema_1_WHI.png' exists. This will be used instead but changing the filename is advised.
34.6620 	EXP 	window1: blendMode = 'avg'
34.6639 	EXP 	window1: blendMode = 'avg'
34.6740 	EXP 	text_9: autoDraw = False
34.6740 	EXP 	image: autoDraw = False
34.6740 	EXP 	text_same_practice: autoDraw = False
34.6740 	EXP 	image: image = u'Extra_Stimuli//left_schema_1_WHI.jpg'
34.6740 	EXP 	text_same_practice: text = 'Same?'
34.6740 	EXP 	text_9: autoDraw = True
34.6740 	EXP 	image: autoDraw = True
34.6740 	EXP 	text_same_practice: autoDraw = True
34.6745 	EXP 	window1: blendMode = 'avg'
34.6752 	EXP 	window1: blendMode = 'avg'
34.6913 	EXP 	window1: blendMode = 'avg'
34.6921 	EXP 	window1: blendMode = 'avg'
34.7082 	EXP 	window1: blendMode = 'avg'
34.7088 	EXP 	window1: blendMode = 'avg'
34.7244 	EXP 	window1: blendMode = 'avg'
34.7250 	EXP 	window1: blendMode = 'avg'
34.7412 	EXP 	window1: blendMode = 'avg'
34.7418 	EXP 	window1: blendMode = 'avg'
34.7582 	EXP 	window1: blendMode = 'avg'
34.7588 	EXP 	window1: blendMode = 'avg'
34.7745 	EXP 	window1: blendMode = 'avg'
34.7752 	EXP 	window1: blendMode = 'avg'
34.7916 	EXP 	window1: blendMode = 'avg'
34.7922 	EXP 	window1: blendMode = 'avg'
34.8080 	EXP 	window1: blendMode = 'avg'
34.8087 	EXP 	window1: blendMode = 'avg'
34.8249 	EXP 	window1: blendMode = 'avg'
34.8255 	EXP 	window1: blendMode = 'avg'
34.8412 	EXP 	window1: blendMode = 'avg'
34.8419 	EXP 	window1: blendMode = 'avg'
34.8584 	EXP 	window1: blendMode = 'avg'
34.8590 	EXP 	window1: blendMode = 'avg'
34.8748 	EXP 	window1: blendMode = 'avg'
34.8754 	EXP 	window1: blendMode = 'avg'
34.8914 	EXP 	window1: blendMode = 'avg'
34.8919 	EXP 	window1: blendMode = 'avg'
34.9083 	EXP 	window1: blendMode = 'avg'
34.9089 	EXP 	window1: blendMode = 'avg'
34.9249 	EXP 	window1: blendMode = 'avg'
34.9255 	EXP 	window1: blendMode = 'avg'
34.9416 	EXP 	window1: blendMode = 'avg'
34.9421 	EXP 	window1: blendMode = 'avg'
34.9582 	EXP 	window1: blendMode = 'avg'
34.9588 	EXP 	window1: blendMode = 'avg'
34.9751 	EXP 	window1: blendMode = 'avg'
34.9757 	EXP 	window1: blendMode = 'avg'
34.9916 	EXP 	window1: blendMode = 'avg'
34.9922 	EXP 	window1: blendMode = 'avg'
35.0082 	EXP 	window1: blendMode = 'avg'
35.0087 	EXP 	window1: blendMode = 'avg'
35.0251 	EXP 	window1: blendMode = 'avg'
35.0259 	EXP 	window1: blendMode = 'avg'
35.0420 	EXP 	window1: blendMode = 'avg'
35.0427 	EXP 	window1: blendMode = 'avg'
35.0585 	EXP 	window1: blendMode = 'avg'
35.0590 	EXP 	window1: blendMode = 'avg'
35.0749 	DATA 	Keypress: f
35.0756 	EXP 	New trial (rep=0, index=5): {'Stimulus_Practice': u'right_schema_2_WHI.jpg', 'Direction': u'right', 'Number': 2, 'Background': u'_WHI', 'Format': u'schema'}
35.0774 	WARNING 	Requested image u'Extra_Stimuli//right_schema_2_WHI.jpg' not found but similar filename u'Extra_Stimuli//right_schema_2_WHI.png' exists. This will be used instead but changing the filename is advised.
35.0958 	EXP 	window1: blendMode = 'avg'
35.0980 	EXP 	window1: blendMode = 'avg'
35.1078 	EXP 	text_9: autoDraw = False
35.1078 	EXP 	image: autoDraw = False
35.1078 	EXP 	text_same_practice: autoDraw = False
35.1078 	EXP 	image: image = u'Extra_Stimuli//right_schema_2_WHI.jpg'
35.1078 	EXP 	text_same_practice: text = 'Same?'
35.1078 	EXP 	text_9: autoDraw = True
35.1078 	EXP 	image: autoDraw = True
35.1078 	EXP 	text_same_practice: autoDraw = True
35.1082 	EXP 	window1: blendMode = 'avg'
35.1088 	EXP 	window1: blendMode = 'avg'
35.1251 	EXP 	window1: blendMode = 'avg'
35.1256 	EXP 	window1: blendMode = 'avg'
35.1419 	EXP 	window1: blendMode = 'avg'
35.1425 	EXP 	window1: blendMode = 'avg'
35.1584 	EXP 	window1: blendMode = 'avg'
35.1591 	EXP 	window1: blendMode = 'avg'
35.1750 	EXP 	window1: blendMode = 'avg'
35.1755 	EXP 	window1: blendMode = 'avg'
35.1946 	EXP 	window1: blendMode = 'avg'
35.1953 	EXP 	window1: blendMode = 'avg'
35.2084 	EXP 	window1: blendMode = 'avg'
35.2091 	EXP 	window1: blendMode = 'avg'
35.2251 	EXP 	window1: blendMode = 'avg'
35.2257 	EXP 	window1: blendMode = 'avg'
35.2421 	EXP 	window1: blendMode = 'avg'
35.2428 	EXP 	window1: blendMode = 'avg'
35.2585 	EXP 	window1: blendMode = 'avg'
35.2591 	EXP 	window1: blendMode = 'avg'
35.2753 	EXP 	window1: blendMode = 'avg'
35.2760 	EXP 	window1: blendMode = 'avg'
35.2919 	EXP 	window1: blendMode = 'avg'
35.2924 	EXP 	window1: blendMode = 'avg'
35.3088 	EXP 	window1: blendMode = 'avg'
35.3096 	EXP 	window1: blendMode = 'avg'
35.3254 	EXP 	window1: blendMode = 'avg'
35.3261 	EXP 	window1: blendMode = 'avg'
35.3417 	EXP 	window1: blendMode = 'avg'
35.3423 	EXP 	window1: blendMode = 'avg'
35.3585 	EXP 	window1: blendMode = 'avg'
35.3592 	EXP 	window1: blendMode = 'avg'
35.3754 	EXP 	window1: blendMode = 'avg'
35.3761 	EXP 	window1: blendMode = 'avg'
35.3918 	EXP 	window1: blendMode = 'avg'
35.3924 	EXP 	window1: blendMode = 'avg'
35.4087 	EXP 	window1: blendMode = 'avg'
35.4092 	EXP 	window1: blendMode = 'avg'
35.4256 	EXP 	window1: blendMode = 'avg'
35.4263 	EXP 	window1: blendMode = 'avg'
35.4420 	EXP 	window1: blendMode = 'avg'
35.4426 	EXP 	window1: blendMode = 'avg'
35.4587 	EXP 	window1: blendMode = 'avg'
35.4592 	EXP 	window1: blendMode = 'avg'
35.4756 	EXP 	window1: blendMode = 'avg'
35.4762 	EXP 	window1: blendMode = 'avg'
35.4920 	EXP 	window1: blendMode = 'avg'
35.4926 	EXP 	window1: blendMode = 'avg'
35.5089 	DATA 	Keypress: a
35.5095 	EXP 	New trial (rep=0, index=6): {'Stimulus_Practice': u'ahead_schema_2_WHI.jpg', 'Direction': u'ahead', 'Number': 2, 'Background': u'_WHI', 'Format': u'schema'}
35.5103 	WARNING 	Requested image u'Extra_Stimuli//ahead_schema_2_WHI.jpg' not found but similar filename u'Extra_Stimuli//ahead_schema_2_WHI.png' exists. This will be used instead but changing the filename is advised.
35.5271 	EXP 	window1: blendMode = 'avg'
35.5289 	EXP 	window1: blendMode = 'avg'
35.5417 	EXP 	text_9: autoDraw = False
35.5417 	EXP 	image: autoDraw = False
35.5417 	EXP 	text_same_practice: autoDraw = False
35.5417 	EXP 	image: image = u'Extra_Stimuli//ahead_schema_2_WHI.jpg'
35.5417 	EXP 	text_same_practice: text = 'Same?'
35.5417 	EXP 	text_9: autoDraw = True
35.5417 	EXP 	image: autoDraw = True
35.5417 	EXP 	text_same_practice: autoDraw = True
35.5422 	EXP 	window1: blendMode = 'avg'
35.5429 	EXP 	window1: blendMode = 'avg'
35.5588 	EXP 	window1: blendMode = 'avg'
35.5594 	EXP 	window1: blendMode = 'avg'
35.5756 	EXP 	window1: blendMode = 'avg'
35.5762 	EXP 	window1: blendMode = 'avg'
35.5921 	EXP 	window1: blendMode = 'avg'
35.5928 	EXP 	window1: blendMode = 'avg'
35.6091 	EXP 	window1: blendMode = 'avg'
35.6097 	EXP 	window1: blendMode = 'avg'
35.6253 	EXP 	window1: blendMode = 'avg'
35.6259 	EXP 	window1: blendMode = 'avg'
35.6422 	EXP 	window1: blendMode = 'avg'
35.6429 	EXP 	window1: blendMode = 'avg'
35.6591 	EXP 	window1: blendMode = 'avg'
35.6598 	EXP 	window1: blendMode = 'avg'
35.6755 	EXP 	window1: blendMode = 'avg'
35.6762 	EXP 	window1: blendMode = 'avg'
35.6922 	DATA 	Keypress: f
35.6928 	EXP 	New trial (rep=0, index=7): {'Stimulus_Practice': u'left_schema_2_WHI.jpg', 'Direction': u'left', 'Number': 2, 'Background': u'_WHI', 'Format': u'schema'}
35.6935 	WARNING 	Requested image u'Extra_Stimuli//left_schema_2_WHI.jpg' not found but similar filename u'Extra_Stimuli//left_schema_2_WHI.png' exists. This will be used instead but changing the filename is advised.
35.7126 	EXP 	window1: blendMode = 'avg'
35.7145 	EXP 	window1: blendMode = 'avg'
35.7252 	EXP 	text_9: autoDraw = False
35.7252 	EXP 	image: autoDraw = False
35.7252 	EXP 	text_same_practice: autoDraw = False
35.7252 	EXP 	image: image = u'Extra_Stimuli//left_schema_2_WHI.jpg'
35.7252 	EXP 	text_same_practice: text = 'Same?'
35.7252 	EXP 	text_9: autoDraw = True
35.7252 	EXP 	image: autoDraw = True
35.7252 	EXP 	text_same_practice: autoDraw = True
35.7257 	EXP 	window1: blendMode = 'avg'
35.7267 	EXP 	window1: blendMode = 'avg'
35.7422 	EXP 	window1: blendMode = 'avg'
35.7427 	EXP 	window1: blendMode = 'avg'
35.7592 	EXP 	window1: blendMode = 'avg'
35.7598 	EXP 	window1: blendMode = 'avg'
35.7757 	EXP 	window1: blendMode = 'avg'
35.7765 	EXP 	window1: blendMode = 'avg'
35.7926 	EXP 	window1: blendMode = 'avg'
35.7932 	EXP 	window1: blendMode = 'avg'
35.8090 	EXP 	window1: blendMode = 'avg'
35.8095 	EXP 	window1: blendMode = 'avg'
35.8260 	EXP 	window1: blendMode = 'avg'
35.8267 	EXP 	window1: blendMode = 'avg'
35.8424 	EXP 	window1: blendMode = 'avg'
35.8430 	EXP 	window1: blendMode = 'avg'
35.8590 	EXP 	window1: blendMode = 'avg'
35.8595 	EXP 	window1: blendMode = 'avg'
35.8760 	EXP 	window1: blendMode = 'avg'
35.8767 	EXP 	window1: blendMode = 'avg'
35.8924 	EXP 	window1: blendMode = 'avg'
35.8930 	EXP 	window1: blendMode = 'avg'
35.9093 	EXP 	window1: blendMode = 'avg'
35.9099 	EXP 	window1: blendMode = 'avg'
35.9256 	EXP 	window1: blendMode = 'avg'
35.9262 	EXP 	window1: blendMode = 'avg'
35.9425 	EXP 	window1: blendMode = 'avg'
35.9432 	EXP 	window1: blendMode = 'avg'
35.9595 	EXP 	window1: blendMode = 'avg'
35.9602 	EXP 	window1: blendMode = 'avg'
35.9758 	EXP 	window1: blendMode = 'avg'
35.9764 	EXP 	window1: blendMode = 'avg'
35.9930 	EXP 	window1: blendMode = 'avg'
35.9936 	EXP 	window1: blendMode = 'avg'
36.0093 	EXP 	window1: blendMode = 'avg'
36.0105 	EXP 	window1: blendMode = 'avg'
36.0259 	DATA 	Keypress: a
36.0265 	EXP 	New trial (rep=0, index=8): {'Stimulus_Practice': u'left_schema_3_WHI.jpg', 'Direction': u'left', 'Number': 3, 'Background': u'_WHI', 'Format': u'schema'}
36.0281 	WARNING 	Requested image u'Extra_Stimuli//left_schema_3_WHI.jpg' not found but similar filename u'Extra_Stimuli//left_schema_3_WHI.png' exists. This will be used instead but changing the filename is advised.
36.0448 	EXP 	window1: blendMode = 'avg'
36.0468 	EXP 	window1: blendMode = 'avg'
36.0588 	EXP 	text_9: autoDraw = False
36.0588 	EXP 	image: autoDraw = False
36.0588 	EXP 	text_same_practice: autoDraw = False
36.0588 	EXP 	image: image = u'Extra_Stimuli//left_schema_3_WHI.jpg'
36.0588 	EXP 	text_same_practice: text = 'Same?'
36.0588 	EXP 	text_9: autoDraw = True
36.0588 	EXP 	image: autoDraw = True
36.0588 	EXP 	text_same_practice: autoDraw = True
36.0593 	EXP 	window1: blendMode = 'avg'
36.0600 	EXP 	window1: blendMode = 'avg'
36.0761 	EXP 	window1: blendMode = 'avg'
36.0768 	EXP 	window1: blendMode = 'avg'
36.0964 	EXP 	window1: blendMode = 'avg'
36.0969 	EXP 	window1: blendMode = 'avg'
36.1092 	EXP 	window1: blendMode = 'avg'
36.1099 	EXP 	window1: blendMode = 'avg'
36.1263 	EXP 	window1: blendMode = 'avg'
36.1270 	EXP 	window1: blendMode = 'avg'
36.1428 	EXP 	window1: blendMode = 'avg'
36.1434 	EXP 	window1: blendMode = 'avg'
36.1593 	EXP 	window1: blendMode = 'avg'
36.1599 	EXP 	window1: blendMode = 'avg'
36.1762 	EXP 	window1: blendMode = 'avg'
36.1769 	EXP 	window1: blendMode = 'avg'
36.1945 	EXP 	window1: blendMode = 'avg'
36.1950 	EXP 	window1: blendMode = 'avg'
36.2092 	EXP 	window1: blendMode = 'avg'
36.2097 	EXP 	window1: blendMode = 'avg'
36.2261 	DATA 	Keypress: f
36.2537 	EXP 	window1: blendMode = 'avg'
36.2592 	EXP 	text_9: autoDraw = False
36.2592 	EXP 	image: autoDraw = False
36.2592 	EXP 	text_same_practice: autoDraw = False
36.2592 	EXP 	text_2: autoDraw = True
36.2599 	EXP 	window1: blendMode = 'avg'
36.2766 	EXP 	window1: blendMode = 'avg'
36.2935 	EXP 	window1: blendMode = 'avg'
36.3102 	EXP 	window1: blendMode = 'avg'
36.3268 	EXP 	window1: blendMode = 'avg'
36.3434 	EXP 	window1: blendMode = 'avg'
36.3602 	EXP 	window1: blendMode = 'avg'
36.3767 	EXP 	window1: blendMode = 'avg'
36.3929 	DATA 	Keypress: a
36.3934 	EXP 	window1: blendMode = 'avg'
36.4101 	EXP 	window1: blendMode = 'avg'
36.4268 	EXP 	window1: blendMode = 'avg'
36.4434 	EXP 	window1: blendMode = 'avg'
36.4603 	EXP 	window1: blendMode = 'avg'
36.4771 	EXP 	window1: blendMode = 'avg'
36.4937 	EXP 	window1: blendMode = 'avg'
36.5099 	DATA 	Keypress: f
36.5105 	EXP 	window1: blendMode = 'avg'
36.5270 	EXP 	window1: blendMode = 'avg'
36.5436 	EXP 	window1: blendMode = 'avg'
36.5602 	EXP 	window1: blendMode = 'avg'
36.5771 	EXP 	window1: blendMode = 'avg'
36.5937 	EXP 	window1: blendMode = 'avg'
36.6103 	EXP 	window1: blendMode = 'avg'
36.6272 	EXP 	window1: blendMode = 'avg'
36.6438 	EXP 	window1: blendMode = 'avg'
36.6599 	DATA 	Keypress: a
36.6605 	EXP 	window1: blendMode = 'avg'
36.6772 	EXP 	window1: blendMode = 'avg'
36.6939 	EXP 	window1: blendMode = 'avg'
36.7104 	EXP 	window1: blendMode = 'avg'
36.7272 	EXP 	window1: blendMode = 'avg'
36.7438 	EXP 	window1: blendMode = 'avg'
36.7603 	EXP 	window1: blendMode = 'avg'
36.7775 	DATA 	Keypress: f
36.7781 	EXP 	window1: blendMode = 'avg'
36.7938 	EXP 	window1: blendMode = 'avg'
36.8106 	EXP 	window1: blendMode = 'avg'
36.8271 	EXP 	window1: blendMode = 'avg'
36.8444 	EXP 	window1: blendMode = 'avg'
36.8606 	EXP 	window1: blendMode = 'avg'
36.8769 	EXP 	window1: blendMode = 'avg'
36.8942 	EXP 	window1: blendMode = 'avg'
36.9103 	EXP 	window1: blendMode = 'avg'
36.9272 	EXP 	window1: blendMode = 'avg'
36.9442 	EXP 	window1: blendMode = 'avg'
36.9610 	EXP 	window1: blendMode = 'avg'
36.9773 	EXP 	window1: blendMode = 'avg'
36.9944 	EXP 	window1: blendMode = 'avg'
37.0105 	DATA 	Keypress: d
37.0196 	DEBUG 	Read excel file with pandas: Extra_Stimuli//practice_order_WHI_image.xlsx
37.0203 	EXP 	Imported Extra_Stimuli//practice_order_WHI_image.xlsx as conditions, 9 conditions, 5 params
37.0206 	EXP 	Created sequence: random, trialTypes=9, nReps=1, seed=None
37.0210 	EXP 	New trial (rep=0, index=0): {'Stimulus_Practice': u'left_image_3_WHI.jpg', 'Direction': u'left', 'Number': 3, 'Background': u'_WHI', 'Format': u'image'}
37.0489 	EXP 	window1: blendMode = 'avg'
37.0502 	EXP 	window1: blendMode = 'avg'
37.0598 	EXP 	text_2: autoDraw = False
37.0598 	EXP 	image: image = u'Extra_Stimuli//left_image_3_WHI.jpg'
37.0598 	EXP 	text_same_practice: text = 'Same?'
37.0598 	EXP 	text_9: autoDraw = True
37.0598 	EXP 	image: autoDraw = True
37.0598 	EXP 	text_same_practice: autoDraw = True
37.0602 	EXP 	window1: blendMode = 'avg'
37.0609 	EXP 	window1: blendMode = 'avg'
37.0770 	EXP 	window1: blendMode = 'avg'
37.0778 	EXP 	window1: blendMode = 'avg'
37.0965 	EXP 	window1: blendMode = 'avg'
37.0972 	EXP 	window1: blendMode = 'avg'
37.1102 	EXP 	window1: blendMode = 'avg'
37.1108 	EXP 	window1: blendMode = 'avg'
37.1270 	EXP 	window1: blendMode = 'avg'
37.1277 	EXP 	window1: blendMode = 'avg'
37.1439 	EXP 	window1: blendMode = 'avg'
37.1445 	EXP 	window1: blendMode = 'avg'
37.1603 	EXP 	window1: blendMode = 'avg'
37.1608 	EXP 	window1: blendMode = 'avg'
37.1771 	EXP 	window1: blendMode = 'avg'
37.1777 	EXP 	window1: blendMode = 'avg'
37.1942 	EXP 	window1: blendMode = 'avg'
37.1948 	EXP 	window1: blendMode = 'avg'
37.2103 	EXP 	window1: blendMode = 'avg'
37.2110 	EXP 	window1: blendMode = 'avg'
37.2273 	EXP 	window1: blendMode = 'avg'
37.2280 	EXP 	window1: blendMode = 'avg'
37.2438 	EXP 	window1: blendMode = 'avg'
37.2444 	EXP 	window1: blendMode = 'avg'
37.2604 	EXP 	window1: blendMode = 'avg'
37.2609 	EXP 	window1: blendMode = 'avg'
37.2773 	EXP 	window1: blendMode = 'avg'
37.2779 	EXP 	window1: blendMode = 'avg'
37.2938 	EXP 	window1: blendMode = 'avg'
37.2944 	EXP 	window1: blendMode = 'avg'
37.3109 	EXP 	window1: blendMode = 'avg'
37.3115 	EXP 	window1: blendMode = 'avg'
37.3271 	EXP 	window1: blendMode = 'avg'
37.3277 	EXP 	window1: blendMode = 'avg'
37.3439 	EXP 	window1: blendMode = 'avg'
37.3446 	EXP 	window1: blendMode = 'avg'
37.3608 	EXP 	window1: blendMode = 'avg'
37.3614 	EXP 	window1: blendMode = 'avg'
37.3771 	EXP 	window1: blendMode = 'avg'
37.3777 	EXP 	window1: blendMode = 'avg'
37.3942 	EXP 	window1: blendMode = 'avg'
37.3948 	EXP 	window1: blendMode = 'avg'
37.4108 	EXP 	window1: blendMode = 'avg'
37.4114 	EXP 	window1: blendMode = 'avg'
37.4273 	EXP 	window1: blendMode = 'avg'
37.4279 	EXP 	window1: blendMode = 'avg'
37.4442 	EXP 	window1: blendMode = 'avg'
37.4448 	EXP 	window1: blendMode = 'avg'
37.4606 	EXP 	window1: blendMode = 'avg'
37.4613 	EXP 	window1: blendMode = 'avg'
37.4777 	EXP 	window1: blendMode = 'avg'
37.4783 	EXP 	window1: blendMode = 'avg'
37.4940 	EXP 	window1: blendMode = 'avg'
37.4946 	EXP 	window1: blendMode = 'avg'
37.5107 	EXP 	window1: blendMode = 'avg'
37.5114 	EXP 	window1: blendMode = 'avg'
37.5278 	EXP 	window1: blendMode = 'avg'
37.5284 	EXP 	window1: blendMode = 'avg'
37.5440 	DATA 	Keypress: f
37.5447 	EXP 	New trial (rep=0, index=1): {'Stimulus_Practice': u'right_image_2_WHI.jpg', 'Direction': u'right', 'Number': 2, 'Background': u'_WHI', 'Format': u'image'}
37.5732 	EXP 	window1: blendMode = 'avg'
37.5754 	EXP 	window1: blendMode = 'avg'
37.5938 	EXP 	text_9: autoDraw = False
37.5938 	EXP 	image: autoDraw = False
37.5938 	EXP 	text_same_practice: autoDraw = False
37.5938 	EXP 	image: image = u'Extra_Stimuli//right_image_2_WHI.jpg'
37.5938 	EXP 	text_same_practice: text = 'Same?'
37.5938 	EXP 	text_9: autoDraw = True
37.5938 	EXP 	image: autoDraw = True
37.5938 	EXP 	text_same_practice: autoDraw = True
37.5942 	EXP 	window1: blendMode = 'avg'
37.5949 	EXP 	window1: blendMode = 'avg'
37.6110 	EXP 	window1: blendMode = 'avg'
37.6116 	EXP 	window1: blendMode = 'avg'
37.6274 	EXP 	window1: blendMode = 'avg'
37.6280 	EXP 	window1: blendMode = 'avg'
37.6446 	EXP 	window1: blendMode = 'avg'
37.6454 	EXP 	window1: blendMode = 'avg'
37.6609 	EXP 	window1: blendMode = 'avg'
37.6615 	EXP 	window1: blendMode = 'avg'
37.6774 	EXP 	window1: blendMode = 'avg'
37.6779 	EXP 	window1: blendMode = 'avg'
37.6944 	EXP 	window1: blendMode = 'avg'
37.6951 	EXP 	window1: blendMode = 'avg'
37.7110 	EXP 	window1: blendMode = 'avg'
37.7118 	EXP 	window1: blendMode = 'avg'
37.7278 	EXP 	window1: blendMode = 'avg'
37.7283 	EXP 	window1: blendMode = 'avg'
37.7442 	EXP 	window1: blendMode = 'avg'
37.7449 	EXP 	window1: blendMode = 'avg'
37.7612 	EXP 	window1: blendMode = 'avg'
37.7619 	EXP 	window1: blendMode = 'avg'
37.7776 	EXP 	window1: blendMode = 'avg'
37.7781 	EXP 	window1: blendMode = 'avg'
37.7941 	EXP 	window1: blendMode = 'avg'
37.7946 	EXP 	window1: blendMode = 'avg'
37.8113 	EXP 	window1: blendMode = 'avg'
37.8121 	EXP 	window1: blendMode = 'avg'
37.8277 	EXP 	window1: blendMode = 'avg'
37.8283 	EXP 	window1: blendMode = 'avg'
37.8443 	EXP 	window1: blendMode = 'avg'
37.8449 	EXP 	window1: blendMode = 'avg'
37.8614 	EXP 	window1: blendMode = 'avg'
37.8621 	EXP 	window1: blendMode = 'avg'
37.8776 	DATA 	Keypress: a
37.8784 	EXP 	New trial (rep=0, index=2): {'Stimulus_Practice': u'ahead_image_2_WHI.jpg', 'Direction': u'ahead', 'Number': 2, 'Background': u'_WHI', 'Format': u'image'}
37.9066 	EXP 	window1: blendMode = 'avg'
37.9086 	EXP 	window1: blendMode = 'avg'
37.9275 	EXP 	text_9: autoDraw = False
37.9275 	EXP 	image: autoDraw = False
37.9275 	EXP 	text_same_practice: autoDraw = False
37.9275 	EXP 	image: image = u'Extra_Stimuli//ahead_image_2_WHI.jpg'
37.9275 	EXP 	text_same_practice: text = 'Same?'
37.9275 	EXP 	text_9: autoDraw = True
37.9275 	EXP 	image: autoDraw = True
37.9275 	EXP 	text_same_practice: autoDraw = True
37.9279 	EXP 	window1: blendMode = 'avg'
37.9284 	EXP 	window1: blendMode = 'avg'
37.9447 	EXP 	window1: blendMode = 'avg'
37.9454 	EXP 	window1: blendMode = 'avg'
37.9613 	EXP 	window1: blendMode = 'avg'
37.9619 	EXP 	window1: blendMode = 'avg'
37.9779 	EXP 	window1: blendMode = 'avg'
37.9785 	EXP 	window1: blendMode = 'avg'
37.9953 	EXP 	window1: blendMode = 'avg'
37.9960 	EXP 	window1: blendMode = 'avg'
38.0111 	EXP 	window1: blendMode = 'avg'
38.0117 	EXP 	window1: blendMode = 'avg'
38.0277 	EXP 	window1: blendMode = 'avg'
38.0282 	EXP 	window1: blendMode = 'avg'
38.0449 	EXP 	window1: blendMode = 'avg'
38.0455 	EXP 	window1: blendMode = 'avg'
38.0613 	EXP 	window1: blendMode = 'avg'
38.0619 	EXP 	window1: blendMode = 'avg'
38.0778 	EXP 	window1: blendMode = 'avg'
38.0784 	EXP 	window1: blendMode = 'avg'
38.0966 	EXP 	window1: blendMode = 'avg'
38.0975 	EXP 	window1: blendMode = 'avg'
38.1114 	EXP 	window1: blendMode = 'avg'
38.1120 	EXP 	window1: blendMode = 'avg'
38.1280 	EXP 	window1: blendMode = 'avg'
38.1286 	EXP 	window1: blendMode = 'avg'
38.1449 	EXP 	window1: blendMode = 'avg'
38.1455 	EXP 	window1: blendMode = 'avg'
38.1614 	EXP 	window1: blendMode = 'avg'
38.1620 	EXP 	window1: blendMode = 'avg'
38.1784 	EXP 	window1: blendMode = 'avg'
38.1790 	EXP 	window1: blendMode = 'avg'
38.1947 	EXP 	window1: blendMode = 'avg'
38.1956 	EXP 	window1: blendMode = 'avg'
38.2114 	EXP 	window1: blendMode = 'avg'
38.2121 	EXP 	window1: blendMode = 'avg'
38.2284 	EXP 	window1: blendMode = 'avg'
38.2290 	EXP 	window1: blendMode = 'avg'
38.2447 	DATA 	Keypress: escape
