8.1319 	INFO 	Loaded monitor calibration from ['2015_02_18 17:00']
9.0852 	EXP 	Created window1 = Window(allowGUI=False, allowStencil=False, autoLog=True, bitsMode=UNKNOWN, blendMode='avg', color=array([ 0.4,  0.4,  0.4]), colorSpace='rgb', fullscr=UNKNOWN, gamma=None, lms=UNKNOWN, monitor=<psychopy.monitors.calibTools.Monitor object at 0x08A16B30>, multiSample=False, name='window1', numSamples=2, pos=[0, 0], screen=0, size=array([1920, 1080]), stereo=False, units=u'norm', useFBO=True, useRetina=False, viewOri=0.0, viewPos=None, viewScale=None, waitBlanking=True, winType='pyglet')
9.0853 	EXP 	window1: recordFrameIntervals = False
9.2516 	EXP 	window1: recordFrameIntervals = True
9.4352 	DEBUG 	Screen (0) actual frame rate measured at 59.94
9.4353 	EXP 	window1: recordFrameIntervals = False
9.6018 	EXP 	Created text_4 = TextStim(alignHoriz='center', alignVert='center', antialias=True, autoLog=True, bold=False, color='black', colorSpace='named', contrast=1.0, depth=0.0, flipHoriz=False, flipVert=False, font='Arial', fontFiles=[], height=0.1, italic=False, name='text_4', opacity=1.0, ori=0, pos=array([ 0.,  0.]), rgb=array([ 0.,  0.,  0.]), text=unicode(...), units=u'norm', win=Window(...), wrapWidth=1.5)
9.6023 	EXP 	Created text_6 = TextStim(alignHoriz='center', alignVert='center', antialias=True, autoLog=True, bold=False, color='black', colorSpace='named', contrast=1.0, depth=0.0, flipHoriz=False, flipVert=False, font='Arial', fontFiles=[], height=0.1, italic=False, name='text_6', opacity=1.0, ori=0, pos=array([ 0.,  0.]), rgb=array([ 0.,  0.,  0.]), text='', units=u'norm', win=Window(...), wrapWidth=1.5)
9.6028 	EXP 	Created text_9 = TextStim(alignHoriz='center', alignVert='center', antialias=True, autoLog=True, bold=False, color='black', colorSpace='named', contrast=1.0, depth=-1.0, flipHoriz=False, flipVert=False, font='Arial', fontFiles=[], height=0.1, italic=False, name='text_9', opacity=1.0, ori=0, pos=array([ 0. , -0.6]), rgb=array([ 0.,  0.,  0.]), text='', units=u'norm', win=Window(...), wrapWidth=1)
9.6278 	EXP 	Created image = ImageStim(autoLog=True, color=array([ 1.,  1.,  1.]), colorSpace='rgb', contrast=1.0, depth=-2.0, flipHoriz=False, flipVert=False, image='sin', interpolate=True, mask=None, maskParams=None, name='image', opacity=1.0, ori=0.0, pos=array([ 0.,  0.]), size=array([ 0.67,  0.67]), texRes=128, units='height', win=Window(...))
9.6284 	EXP 	Created text_same_practice = TextStim(alignHoriz='center', alignVert='center', antialias=True, autoLog=True, bold=False, color='black', colorSpace='named', contrast=1.0, depth=-3.0, flipHoriz=False, flipVert=False, font='Arial', fontFiles=[], height=0.1, italic=False, name='text_same_practice', opacity=1.0, ori=0, pos=array([ 0. , -0.8]), rgb=array([ 0.,  0.,  0.]), text='', units=u'norm', win=Window(...), wrapWidth=1)
9.6315 	EXP 	Created fixation_1 = TextStim(alignHoriz='center', alignVert='center', antialias=True, autoLog=True, bold=False, color=u'black', colorSpace='named', contrast=1.0, depth=0.0, flipHoriz=False, flipVert=False, font=u'Arial', fontFiles=[], height=0.1, italic=False, name='fixation_1', opacity=1.0, ori=0, pos=array([ 0.,  0.]), rgb=array([ 0.,  0.,  0.]), text=u'+', units=u'norm', win=Window(...), wrapWidth=1)
9.6363 	EXP 	Created text_2 = TextStim(alignHoriz='center', alignVert='center', antialias=True, autoLog=True, bold=False, color=u'black', colorSpace='named', contrast=1.0, depth=0.0, flipHoriz=False, flipVert=False, font=u'Arial', fontFiles=[], height=0.1, italic=False, name='text_2', opacity=1.0, ori=0, pos=array([ 0.,  0.]), rgb=array([ 0.,  0.,  0.]), text=u'Time for a short break.', units=u'norm', win=Window(...), wrapWidth=1)
9.6368 	EXP 	Created text_11 = TextStim(alignHoriz='center', alignVert='center', antialias=True, autoLog=True, bold=False, color='black', colorSpace='named', contrast=1.0, depth=-1.0, flipHoriz=False, flipVert=False, font='Arial', fontFiles=[], height=0.1, italic=False, name='text_11', opacity=1.0, ori=0, pos=array([ 0. , -0.6]), rgb=array([ 0.,  0.,  0.]), text='', units=u'norm', win=Window(...), wrapWidth=1)
9.6382 	EXP 	Created image_3 = ImageStim(autoLog=True, color=array([ 1.,  1.,  1.]), colorSpace='rgb', contrast=1.0, depth=-2.0, flipHoriz=False, flipVert=False, image='sin', interpolate=True, mask=None, maskParams=None, name='image_3', opacity=1.0, ori=0.0, pos=array([ 0.,  0.]), size=array([ 0.67,  0.67]), texRes=128, units='height', win=Window(...))
9.6387 	EXP 	Created text_same_practice_2 = TextStim(alignHoriz='center', alignVert='center', antialias=True, autoLog=True, bold=False, color='black', colorSpace='named', contrast=1.0, depth=-3.0, flipHoriz=False, flipVert=False, font='Arial', fontFiles=[], height=0.1, italic=False, name='text_same_practice_2', opacity=1.0, ori=0, pos=array([ 0. , -0.8]), rgb=array([ 0.,  0.,  0.]), text='', units=u'norm', win=Window(...), wrapWidth=1)
9.6407 	EXP 	Created fixation_2 = TextStim(alignHoriz='center', alignVert='center', antialias=True, autoLog=True, bold=False, color=u'black', colorSpace='named', contrast=1.0, depth=0.0, flipHoriz=False, flipVert=False, font=u'Arial', fontFiles=[], height=0.1, italic=False, name='fixation_2', opacity=1.0, ori=0, pos=array([ 0.,  0.]), rgb=array([ 0.,  0.,  0.]), text=u'+', units=u'norm', win=Window(...), wrapWidth=1)
9.6453 	EXP 	Created text_2 = TextStim(alignHoriz='center', alignVert='center', antialias=True, autoLog=True, bold=False, color=u'black', colorSpace='named', contrast=1.0, depth=0.0, flipHoriz=False, flipVert=False, font=u'Arial', fontFiles=[], height=0.1, italic=False, name='text_2', opacity=1.0, ori=0, pos=array([ 0.,  0.]), rgb=array([ 0.,  0.,  0.]), text=u'Time for a short break.', units=u'norm', win=Window(...), wrapWidth=1)
9.6458 	EXP 	Created text_12 = TextStim(alignHoriz='center', alignVert='center', antialias=True, autoLog=True, bold=False, color='black', colorSpace='named', contrast=1.0, depth=-1.0, flipHoriz=False, flipVert=False, font='Arial', fontFiles=[], height=0.1, italic=False, name='text_12', opacity=1.0, ori=0, pos=array([ 0. , -0.6]), rgb=array([ 0.,  0.,  0.]), text='', units=u'norm', win=Window(...), wrapWidth=1)
9.6472 	EXP 	Created image_4 = ImageStim(autoLog=True, color=array([ 1.,  1.,  1.]), colorSpace='rgb', contrast=1.0, depth=-2.0, flipHoriz=False, flipVert=False, image='sin', interpolate=True, mask=None, maskParams=None, name='image_4', opacity=1.0, ori=0.0, pos=array([ 0.,  0.]), size=array([ 0.67,  0.67]), texRes=128, units='height', win=Window(...))
9.6477 	EXP 	Created text_same_practice_3 = TextStim(alignHoriz='center', alignVert='center', antialias=True, autoLog=True, bold=False, color='black', colorSpace='named', contrast=1.0, depth=-3.0, flipHoriz=False, flipVert=False, font='Arial', fontFiles=[], height=0.1, italic=False, name='text_same_practice_3', opacity=1.0, ori=0, pos=array([ 0. , -0.8]), rgb=array([ 0.,  0.,  0.]), text='', units=u'norm', win=Window(...), wrapWidth=1)
9.6496 	EXP 	Created fixation_3 = TextStim(alignHoriz='center', alignVert='center', antialias=True, autoLog=True, bold=False, color=u'black', colorSpace='named', contrast=1.0, depth=0.0, flipHoriz=False, flipVert=False, font=u'Arial', fontFiles=[], height=0.1, italic=False, name='fixation_3', opacity=1.0, ori=0, pos=array([ 0.,  0.]), rgb=array([ 0.,  0.,  0.]), text=u'+', units=u'norm', win=Window(...), wrapWidth=1)
9.6690 	EXP 	Created text_10 = TextStim(alignHoriz='center', alignVert='center', antialias=True, autoLog=True, bold=False, color=u'black', colorSpace='named', contrast=1.0, depth=0.0, flipHoriz=False, flipVert=False, font=u'Arial', fontFiles=[], height=0.1, italic=False, name='text_10', opacity=1.0, ori=0, pos=array([ 0.,  0.]), rgb=array([ 0.,  0.,  0.]), text=unicode(...), units=u'norm', win=Window(...), wrapWidth=1)
9.6707 	EXP 	Created image_2 = ImageStim(autoLog=True, color=array([ 1.,  1.,  1.]), colorSpace='rgb', contrast=1.0, depth=-1.0, flipHoriz=False, flipVert=False, image='sin', interpolate=True, mask=None, maskParams=None, name='image_2', opacity=1.0, ori=0.0, pos=array([ 0.,  0.]), size=array([ 0.67,  0.67]), texRes=128, units='height', win=Window(...))
9.6819 	EXP 	Created unnamed TextStim = TextStim(alignHoriz='center', alignVert='center', antialias=True, autoLog=True, bold=False, color='black', colorSpace='named', contrast=1.0, depth=0, flipHoriz=False, flipVert=False, font='', fontFiles=[], height=0.1, italic=False, name='unnamed TextStim', opacity=1.0, ori=0.0, pos=array([ 0.,  0.]), rgb=array([ 0.,  0.,  0.]), text=u'Ready for the next set?', units=u'norm', win=Window(...), wrapWidth=1)
9.6824 	EXP 	Created text_same = TextStim(alignHoriz='center', alignVert='center', antialias=True, autoLog=True, bold=False, color='black', colorSpace='named', contrast=1.0, depth=-3.0, flipHoriz=False, flipVert=False, font='Arial', fontFiles=[], height=0.1, italic=False, name='text_same', opacity=1.0, ori=0, pos=array([ 0. , -0.8]), rgb=array([ 0.,  0.,  0.]), text='', units=u'norm', win=Window(...), wrapWidth=1)
9.6843 	EXP 	Created fixation_4 = TextStim(alignHoriz='center', alignVert='center', antialias=True, autoLog=True, bold=False, color=u'black', colorSpace='named', contrast=1.0, depth=0.0, flipHoriz=False, flipVert=False, font=u'Arial', fontFiles=[], height=0.1, italic=False, name='fixation_4', opacity=1.0, ori=0, pos=array([ 0.,  0.]), rgb=array([ 0.,  0.,  0.]), text=u'+', units=u'norm', win=Window(...), wrapWidth=1)
9.6916 	EXP 	Created text = TextStim(alignHoriz='center', alignVert='center', antialias=True, autoLog=True, bold=False, color='black', colorSpace='named', contrast=1.0, depth=0.0, flipHoriz=False, flipVert=False, font='Arial', fontFiles=[], height=0.1, italic=False, name='text', opacity=1.0, ori=0, pos=array([ 0.,  0.]), rgb=array([ 0.,  0.,  0.]), text=unicode(...), units=u'norm', win=Window(...), wrapWidth=1)
9.6932 	EXP 	window1: blendMode = 'avg'
9.7020 	EXP 	text_4: autoDraw = True
9.7026 	EXP 	window1: blendMode = 'avg'
9.7192 	EXP 	window1: blendMode = 'avg'
9.7360 	EXP 	window1: blendMode = 'avg'
9.7527 	EXP 	window1: blendMode = 'avg'
9.7693 	EXP 	window1: blendMode = 'avg'
9.7860 	EXP 	window1: blendMode = 'avg'
9.8037 	EXP 	window1: blendMode = 'avg'
9.8195 	EXP 	window1: blendMode = 'avg'
9.8362 	EXP 	window1: blendMode = 'avg'
9.8528 	EXP 	window1: blendMode = 'avg'
9.8695 	EXP 	window1: blendMode = 'avg'
9.8861 	EXP 	window1: blendMode = 'avg'
9.9026 	EXP 	window1: blendMode = 'avg'
9.9194 	EXP 	window1: blendMode = 'avg'
9.9361 	EXP 	window1: blendMode = 'avg'
9.9528 	EXP 	window1: blendMode = 'avg'
9.9695 	EXP 	window1: blendMode = 'avg'
9.9861 	EXP 	window1: blendMode = 'avg'
10.0028 	EXP 	window1: blendMode = 'avg'
10.0196 	EXP 	window1: blendMode = 'avg'
10.0363 	EXP 	window1: blendMode = 'avg'
10.0531 	EXP 	window1: blendMode = 'avg'
10.0696 	EXP 	window1: blendMode = 'avg'
10.0863 	EXP 	window1: blendMode = 'avg'
10.1030 	EXP 	window1: blendMode = 'avg'
10.1224 	EXP 	window1: blendMode = 'avg'
10.1363 	EXP 	window1: blendMode = 'avg'
10.1539 	EXP 	window1: blendMode = 'avg'
10.1697 	EXP 	window1: blendMode = 'avg'
10.1865 	EXP 	window1: blendMode = 'avg'
10.2031 	EXP 	window1: blendMode = 'avg'
10.2229 	EXP 	window1: blendMode = 'avg'
10.2370 	EXP 	window1: blendMode = 'avg'
10.2531 	EXP 	window1: blendMode = 'avg'
10.2698 	EXP 	window1: blendMode = 'avg'
10.2866 	EXP 	window1: blendMode = 'avg'
10.3033 	EXP 	window1: blendMode = 'avg'
10.3199 	EXP 	window1: blendMode = 'avg'
10.3366 	EXP 	window1: blendMode = 'avg'
10.3532 	EXP 	window1: blendMode = 'avg'
10.3698 	EXP 	window1: blendMode = 'avg'
10.3868 	EXP 	window1: blendMode = 'avg'
10.4033 	EXP 	window1: blendMode = 'avg'
10.4293 	EXP 	window1: blendMode = 'avg'
10.4366 	EXP 	window1: blendMode = 'avg'
10.4534 	EXP 	window1: blendMode = 'avg'
10.4700 	EXP 	window1: blendMode = 'avg'
10.4868 	EXP 	window1: blendMode = 'avg'
10.5034 	EXP 	window1: blendMode = 'avg'
10.5200 	EXP 	window1: blendMode = 'avg'
10.5368 	EXP 	window1: blendMode = 'avg'
10.5535 	EXP 	window1: blendMode = 'avg'
10.5701 	EXP 	window1: blendMode = 'avg'
10.5868 	EXP 	window1: blendMode = 'avg'
10.6059 	EXP 	window1: blendMode = 'avg'
10.6201 	EXP 	window1: blendMode = 'avg'
10.6369 	EXP 	window1: blendMode = 'avg'
10.6537 	EXP 	window1: blendMode = 'avg'
10.6705 	EXP 	window1: blendMode = 'avg'
10.6868 	EXP 	window1: blendMode = 'avg'
10.7036 	EXP 	window1: blendMode = 'avg'
10.7202 	EXP 	window1: blendMode = 'avg'
10.7370 	EXP 	window1: blendMode = 'avg'
10.7536 	EXP 	window1: blendMode = 'avg'
10.7703 	EXP 	window1: blendMode = 'avg'
10.7868 	EXP 	window1: blendMode = 'avg'
10.8037 	EXP 	window1: blendMode = 'avg'
10.8204 	EXP 	window1: blendMode = 'avg'
10.8382 	EXP 	window1: blendMode = 'avg'
10.8539 	EXP 	window1: blendMode = 'avg'
10.8705 	EXP 	window1: blendMode = 'avg'
10.8871 	EXP 	window1: blendMode = 'avg'
10.9037 	EXP 	window1: blendMode = 'avg'
10.9205 	EXP 	window1: blendMode = 'avg'
10.9371 	EXP 	window1: blendMode = 'avg'
10.9539 	EXP 	window1: blendMode = 'avg'
10.9706 	EXP 	window1: blendMode = 'avg'
10.9873 	EXP 	window1: blendMode = 'avg'
11.0038 	EXP 	window1: blendMode = 'avg'
11.0205 	EXP 	window1: blendMode = 'avg'
11.0372 	EXP 	window1: blendMode = 'avg'
11.0540 	EXP 	window1: blendMode = 'avg'
11.0708 	EXP 	window1: blendMode = 'avg'
11.0919 	EXP 	window1: blendMode = 'avg'
11.1040 	EXP 	window1: blendMode = 'avg'
11.1206 	EXP 	window1: blendMode = 'avg'
11.1374 	EXP 	window1: blendMode = 'avg'
11.1541 	EXP 	window1: blendMode = 'avg'
11.1708 	EXP 	window1: blendMode = 'avg'
11.1874 	EXP 	window1: blendMode = 'avg'
11.2041 	EXP 	window1: blendMode = 'avg'
11.2208 	EXP 	window1: blendMode = 'avg'
11.2373 	EXP 	window1: blendMode = 'avg'
11.2540 	EXP 	window1: blendMode = 'avg'
11.2708 	EXP 	window1: blendMode = 'avg'
11.2874 	EXP 	window1: blendMode = 'avg'
11.3042 	EXP 	window1: blendMode = 'avg'
11.3209 	EXP 	window1: blendMode = 'avg'
11.3376 	EXP 	window1: blendMode = 'avg'
11.3542 	EXP 	window1: blendMode = 'avg'
11.3709 	EXP 	window1: blendMode = 'avg'
11.3876 	EXP 	window1: blendMode = 'avg'
11.4043 	EXP 	window1: blendMode = 'avg'
11.4210 	EXP 	window1: blendMode = 'avg'
11.4377 	EXP 	window1: blendMode = 'avg'
11.4543 	EXP 	window1: blendMode = 'avg'
11.4710 	EXP 	window1: blendMode = 'avg'
11.4878 	EXP 	window1: blendMode = 'avg'
11.5044 	EXP 	window1: blendMode = 'avg'
11.5210 	EXP 	window1: blendMode = 'avg'
11.5378 	EXP 	window1: blendMode = 'avg'
11.5544 	EXP 	window1: blendMode = 'avg'
11.5711 	EXP 	window1: blendMode = 'avg'
11.5879 	EXP 	window1: blendMode = 'avg'
11.6045 	EXP 	window1: blendMode = 'avg'
11.6212 	EXP 	window1: blendMode = 'avg'
11.6379 	EXP 	window1: blendMode = 'avg'
11.6547 	EXP 	window1: blendMode = 'avg'
11.6713 	EXP 	window1: blendMode = 'avg'
11.6879 	EXP 	window1: blendMode = 'avg'
11.7046 	EXP 	window1: blendMode = 'avg'
11.7213 	EXP 	window1: blendMode = 'avg'
11.7380 	EXP 	window1: blendMode = 'avg'
11.7586 	EXP 	window1: blendMode = 'avg'
11.7711 	EXP 	window1: blendMode = 'avg'
11.7880 	EXP 	window1: blendMode = 'avg'
11.8046 	EXP 	window1: blendMode = 'avg'
11.8214 	EXP 	window1: blendMode = 'avg'
11.8381 	EXP 	window1: blendMode = 'avg'
11.8548 	EXP 	window1: blendMode = 'avg'
11.8715 	EXP 	window1: blendMode = 'avg'
11.8881 	EXP 	window1: blendMode = 'avg'
11.9048 	EXP 	window1: blendMode = 'avg'
11.9217 	EXP 	window1: blendMode = 'avg'
11.9381 	EXP 	window1: blendMode = 'avg'
11.9549 	EXP 	window1: blendMode = 'avg'
11.9716 	EXP 	window1: blendMode = 'avg'
11.9882 	EXP 	window1: blendMode = 'avg'
12.0075 	EXP 	window1: blendMode = 'avg'
12.0218 	EXP 	window1: blendMode = 'avg'
12.0383 	EXP 	window1: blendMode = 'avg'
12.0550 	EXP 	window1: blendMode = 'avg'
12.0717 	EXP 	window1: blendMode = 'avg'
12.0883 	EXP 	window1: blendMode = 'avg'
12.1050 	EXP 	window1: blendMode = 'avg'
12.1221 	EXP 	window1: blendMode = 'avg'
12.1384 	EXP 	window1: blendMode = 'avg'
12.1565 	EXP 	window1: blendMode = 'avg'
12.1718 	EXP 	window1: blendMode = 'avg'
12.1884 	EXP 	window1: blendMode = 'avg'
12.2051 	EXP 	window1: blendMode = 'avg'
12.2218 	EXP 	window1: blendMode = 'avg'
12.2385 	EXP 	window1: blendMode = 'avg'
12.2551 	EXP 	window1: blendMode = 'avg'
12.2718 	EXP 	window1: blendMode = 'avg'
12.2885 	EXP 	window1: blendMode = 'avg'
12.3052 	EXP 	window1: blendMode = 'avg'
12.3219 	EXP 	window1: blendMode = 'avg'
12.3386 	EXP 	window1: blendMode = 'avg'
12.3555 	EXP 	window1: blendMode = 'avg'
12.3728 	EXP 	window1: blendMode = 'avg'
12.3887 	EXP 	window1: blendMode = 'avg'
12.4071 	EXP 	window1: blendMode = 'avg'
12.4220 	EXP 	window1: blendMode = 'avg'
12.4387 	EXP 	window1: blendMode = 'avg'
12.4554 	EXP 	window1: blendMode = 'avg'
12.4721 	EXP 	window1: blendMode = 'avg'
12.4894 	EXP 	window1: blendMode = 'avg'
12.5056 	EXP 	window1: blendMode = 'avg'
12.5221 	EXP 	window1: blendMode = 'avg'
12.5387 	EXP 	window1: blendMode = 'avg'
12.5554 	EXP 	window1: blendMode = 'avg'
12.5722 	EXP 	window1: blendMode = 'avg'
12.5904 	EXP 	window1: blendMode = 'avg'
12.6055 	EXP 	window1: blendMode = 'avg'
12.6221 	EXP 	window1: blendMode = 'avg'
12.6388 	EXP 	window1: blendMode = 'avg'
12.6555 	EXP 	window1: blendMode = 'avg'
12.6723 	EXP 	window1: blendMode = 'avg'
12.6899 	EXP 	window1: blendMode = 'avg'
12.7057 	EXP 	window1: blendMode = 'avg'
12.7223 	EXP 	window1: blendMode = 'avg'
12.7390 	EXP 	window1: blendMode = 'avg'
12.7557 	EXP 	window1: blendMode = 'avg'
12.7724 	EXP 	window1: blendMode = 'avg'
12.7945 	EXP 	window1: blendMode = 'avg'
12.8056 	EXP 	window1: blendMode = 'avg'
12.8224 	EXP 	window1: blendMode = 'avg'
12.8391 	EXP 	window1: blendMode = 'avg'
12.8558 	EXP 	window1: blendMode = 'avg'
12.8725 	EXP 	window1: blendMode = 'avg'
12.8891 	EXP 	window1: blendMode = 'avg'
12.9059 	EXP 	window1: blendMode = 'avg'
12.9226 	EXP 	window1: blendMode = 'avg'
12.9392 	EXP 	window1: blendMode = 'avg'
12.9556 	DATA 	Keypress: escape
5.7347 	INFO 	Loaded monitor calibration from ['2015_02_18 17:00']
6.6337 	EXP 	Created window1 = Window(allowGUI=False, allowStencil=False, autoLog=True, bitsMode=UNKNOWN, blendMode='avg', color=array([ 0.4,  0.4,  0.4]), colorSpace='rgb', fullscr=UNKNOWN, gamma=None, lms=UNKNOWN, monitor=<psychopy.monitors.calibTools.Monitor object at 0x096FAAF0>, multiSample=False, name='window1', numSamples=2, pos=[0, 0], screen=0, size=array([1920, 1080]), stereo=False, units=u'norm', useFBO=True, useRetina=False, viewOri=0.0, viewPos=None, viewScale=None, waitBlanking=True, winType='pyglet')
6.6337 	EXP 	window1: recordFrameIntervals = False
6.8002 	EXP 	window1: recordFrameIntervals = True
6.9837 	DEBUG 	Screen (0) actual frame rate measured at 60.00
6.9837 	EXP 	window1: recordFrameIntervals = False
7.1129 	EXP 	Created text_4 = TextStim(alignHoriz='center', alignVert='center', antialias=True, autoLog=True, bold=False, color=u'black', colorSpace='named', contrast=1.0, depth=0.0, flipHoriz=False, flipVert=False, font=u'Arial', fontFiles=[], height=0.1, italic=False, name='text_4', opacity=1.0, ori=0, pos=array([ 0.,  0.]), rgb=array([ 0.,  0.,  0.]), text=unicode(...), units=u'norm', win=Window(...), wrapWidth=1.5)
7.1135 	EXP 	Created text_6 = TextStim(alignHoriz='center', alignVert='center', antialias=True, autoLog=True, bold=False, color='black', colorSpace='named', contrast=1.0, depth=0.0, flipHoriz=False, flipVert=False, font='Arial', fontFiles=[], height=0.1, italic=False, name='text_6', opacity=1.0, ori=0, pos=array([ 0.,  0.]), rgb=array([ 0.,  0.,  0.]), text='', units=u'norm', win=Window(...), wrapWidth=1.5)
7.1140 	EXP 	Created text_9 = TextStim(alignHoriz='center', alignVert='center', antialias=True, autoLog=True, bold=False, color='black', colorSpace='named', contrast=1.0, depth=-1.0, flipHoriz=False, flipVert=False, font='Arial', fontFiles=[], height=0.1, italic=False, name='text_9', opacity=1.0, ori=0, pos=array([ 0. , -0.6]), rgb=array([ 0.,  0.,  0.]), text='', units=u'norm', win=Window(...), wrapWidth=1)
7.1164 	EXP 	Created image = ImageStim(autoLog=True, color=array([ 1.,  1.,  1.]), colorSpace='rgb', contrast=1.0, depth=-2.0, flipHoriz=False, flipVert=False, image='sin', interpolate=True, mask=None, maskParams=None, name='image', opacity=1.0, ori=0.0, pos=array([ 0.,  0.]), size=array([ 0.67,  0.67]), texRes=128, units='height', win=Window(...))
7.1169 	EXP 	Created text_same_practice = TextStim(alignHoriz='center', alignVert='center', antialias=True, autoLog=True, bold=False, color='black', colorSpace='named', contrast=1.0, depth=-3.0, flipHoriz=False, flipVert=False, font='Arial', fontFiles=[], height=0.1, italic=False, name='text_same_practice', opacity=1.0, ori=0, pos=array([ 0. , -0.8]), rgb=array([ 0.,  0.,  0.]), text='', units=u'norm', win=Window(...), wrapWidth=1)
7.1201 	EXP 	Created fixation_1 = TextStim(alignHoriz='center', alignVert='center', antialias=True, autoLog=True, bold=False, color=u'black', colorSpace='named', contrast=1.0, depth=0.0, flipHoriz=False, flipVert=False, font=u'Arial', fontFiles=[], height=0.1, italic=False, name='fixation_1', opacity=1.0, ori=0, pos=array([ 0.,  0.]), rgb=array([ 0.,  0.,  0.]), text=u'+', units=u'norm', win=Window(...), wrapWidth=1)
7.1248 	EXP 	Created text_2 = TextStim(alignHoriz='center', alignVert='center', antialias=True, autoLog=True, bold=False, color=u'black', colorSpace='named', contrast=1.0, depth=0.0, flipHoriz=False, flipVert=False, font=u'Arial', fontFiles=[], height=0.1, italic=False, name='text_2', opacity=1.0, ori=0, pos=array([ 0.,  0.]), rgb=array([ 0.,  0.,  0.]), text=u'Time for a short break.', units=u'norm', win=Window(...), wrapWidth=1)
7.1254 	EXP 	Created text_11 = TextStim(alignHoriz='center', alignVert='center', antialias=True, autoLog=True, bold=False, color='black', colorSpace='named', contrast=1.0, depth=-1.0, flipHoriz=False, flipVert=False, font='Arial', fontFiles=[], height=0.1, italic=False, name='text_11', opacity=1.0, ori=0, pos=array([ 0. , -0.6]), rgb=array([ 0.,  0.,  0.]), text='', units=u'norm', win=Window(...), wrapWidth=1)
7.1268 	EXP 	Created image_3 = ImageStim(autoLog=True, color=array([ 1.,  1.,  1.]), colorSpace='rgb', contrast=1.0, depth=-2.0, flipHoriz=False, flipVert=False, image='sin', interpolate=True, mask=None, maskParams=None, name='image_3', opacity=1.0, ori=0.0, pos=array([ 0.,  0.]), size=array([ 0.67,  0.67]), texRes=128, units='height', win=Window(...))
7.1273 	EXP 	Created text_same_practice_2 = TextStim(alignHoriz='center', alignVert='center', antialias=True, autoLog=True, bold=False, color='black', colorSpace='named', contrast=1.0, depth=-3.0, flipHoriz=False, flipVert=False, font='Arial', fontFiles=[], height=0.1, italic=False, name='text_same_practice_2', opacity=1.0, ori=0, pos=array([ 0. , -0.8]), rgb=array([ 0.,  0.,  0.]), text='', units=u'norm', win=Window(...), wrapWidth=1)
7.1294 	EXP 	Created fixation_2 = TextStim(alignHoriz='center', alignVert='center', antialias=True, autoLog=True, bold=False, color=u'black', colorSpace='named', contrast=1.0, depth=0.0, flipHoriz=False, flipVert=False, font=u'Arial', fontFiles=[], height=0.1, italic=False, name='fixation_2', opacity=1.0, ori=0, pos=array([ 0.,  0.]), rgb=array([ 0.,  0.,  0.]), text=u'+', units=u'norm', win=Window(...), wrapWidth=1)
7.1338 	EXP 	Created text_2 = TextStim(alignHoriz='center', alignVert='center', antialias=True, autoLog=True, bold=False, color=u'black', colorSpace='named', contrast=1.0, depth=0.0, flipHoriz=False, flipVert=False, font=u'Arial', fontFiles=[], height=0.1, italic=False, name='text_2', opacity=1.0, ori=0, pos=array([ 0.,  0.]), rgb=array([ 0.,  0.,  0.]), text=u'Time for a short break.', units=u'norm', win=Window(...), wrapWidth=1)
7.1343 	EXP 	Created text_12 = TextStim(alignHoriz='center', alignVert='center', antialias=True, autoLog=True, bold=False, color='black', colorSpace='named', contrast=1.0, depth=-1.0, flipHoriz=False, flipVert=False, font='Arial', fontFiles=[], height=0.1, italic=False, name='text_12', opacity=1.0, ori=0, pos=array([ 0. , -0.6]), rgb=array([ 0.,  0.,  0.]), text='', units=u'norm', win=Window(...), wrapWidth=1)
7.1359 	EXP 	Created image_4 = ImageStim(autoLog=True, color=array([ 1.,  1.,  1.]), colorSpace='rgb', contrast=1.0, depth=-2.0, flipHoriz=False, flipVert=False, image='sin', interpolate=True, mask=None, maskParams=None, name='image_4', opacity=1.0, ori=0.0, pos=array([ 0.,  0.]), size=array([ 0.67,  0.67]), texRes=128, units='height', win=Window(...))
7.1365 	EXP 	Created text_same_practice_3 = TextStim(alignHoriz='center', alignVert='center', antialias=True, autoLog=True, bold=False, color='black', colorSpace='named', contrast=1.0, depth=-3.0, flipHoriz=False, flipVert=False, font='Arial', fontFiles=[], height=0.1, italic=False, name='text_same_practice_3', opacity=1.0, ori=0, pos=array([ 0. , -0.8]), rgb=array([ 0.,  0.,  0.]), text='', units=u'norm', win=Window(...), wrapWidth=1)
7.1387 	EXP 	Created fixation_3 = TextStim(alignHoriz='center', alignVert='center', antialias=True, autoLog=True, bold=False, color=u'black', colorSpace='named', contrast=1.0, depth=0.0, flipHoriz=False, flipVert=False, font=u'Arial', fontFiles=[], height=0.1, italic=False, name='fixation_3', opacity=1.0, ori=0, pos=array([ 0.,  0.]), rgb=array([ 0.,  0.,  0.]), text=u'+', units=u'norm', win=Window(...), wrapWidth=1)
7.1591 	EXP 	Created text_10 = TextStim(alignHoriz='center', alignVert='center', antialias=True, autoLog=True, bold=False, color=u'black', colorSpace='named', contrast=1.0, depth=0.0, flipHoriz=False, flipVert=False, font=u'Arial', fontFiles=[], height=0.1, italic=False, name='text_10', opacity=1.0, ori=0, pos=array([ 0.,  0.]), rgb=array([ 0.,  0.,  0.]), text=unicode(...), units=u'norm', win=Window(...), wrapWidth=1)
7.1608 	EXP 	Created image_2 = ImageStim(autoLog=True, color=array([ 1.,  1.,  1.]), colorSpace='rgb', contrast=1.0, depth=-1.0, flipHoriz=False, flipVert=False, image='sin', interpolate=True, mask=None, maskParams=None, name='image_2', opacity=1.0, ori=0.0, pos=array([ 0.,  0.]), size=array([ 0.67,  0.67]), texRes=128, units='height', win=Window(...))
7.1721 	EXP 	Created unnamed TextStim = TextStim(alignHoriz='center', alignVert='center', antialias=True, autoLog=True, bold=False, color='black', colorSpace='named', contrast=1.0, depth=0, flipHoriz=False, flipVert=False, font='', fontFiles=[], height=0.1, italic=False, name='unnamed TextStim', opacity=1.0, ori=0.0, pos=array([ 0.,  0.]), rgb=array([ 0.,  0.,  0.]), text=u'Ready for the next set?', units=u'norm', win=Window(...), wrapWidth=1)
7.1726 	EXP 	Created text_same = TextStim(alignHoriz='center', alignVert='center', antialias=True, autoLog=True, bold=False, color='black', colorSpace='named', contrast=1.0, depth=-3.0, flipHoriz=False, flipVert=False, font='Arial', fontFiles=[], height=0.1, italic=False, name='text_same', opacity=1.0, ori=0, pos=array([ 0. , -0.8]), rgb=array([ 0.,  0.,  0.]), text='', units=u'norm', win=Window(...), wrapWidth=1)
7.1748 	EXP 	Created fixation_4 = TextStim(alignHoriz='center', alignVert='center', antialias=True, autoLog=True, bold=False, color=u'black', colorSpace='named', contrast=1.0, depth=0.0, flipHoriz=False, flipVert=False, font=u'Arial', fontFiles=[], height=0.1, italic=False, name='fixation_4', opacity=1.0, ori=0, pos=array([ 0.,  0.]), rgb=array([ 0.,  0.,  0.]), text=u'+', units=u'norm', win=Window(...), wrapWidth=1)
7.1820 	EXP 	Created text = TextStim(alignHoriz='center', alignVert='center', antialias=True, autoLog=True, bold=False, color='black', colorSpace='named', contrast=1.0, depth=0.0, flipHoriz=False, flipVert=False, font='Arial', fontFiles=[], height=0.1, italic=False, name='text', opacity=1.0, ori=0, pos=array([ 0.,  0.]), rgb=array([ 0.,  0.,  0.]), text=unicode(...), units=u'norm', win=Window(...), wrapWidth=1)
7.1838 	EXP 	window1: blendMode = 'avg'
7.2009 	EXP 	text_4: autoDraw = True
7.2015 	EXP 	window1: blendMode = 'avg'
7.2185 	EXP 	window1: blendMode = 'avg'
7.2346 	EXP 	window1: blendMode = 'avg'
7.2513 	EXP 	window1: blendMode = 'avg'
7.2683 	EXP 	window1: blendMode = 'avg'
7.2850 	EXP 	window1: blendMode = 'avg'
7.3048 	EXP 	window1: blendMode = 'avg'
7.3183 	EXP 	window1: blendMode = 'avg'
7.3346 	EXP 	window1: blendMode = 'avg'
7.3561 	EXP 	window1: blendMode = 'avg'
7.3681 	EXP 	window1: blendMode = 'avg'
7.3850 	EXP 	window1: blendMode = 'avg'
7.4017 	EXP 	window1: blendMode = 'avg'
7.4185 	EXP 	window1: blendMode = 'avg'
7.4349 	EXP 	window1: blendMode = 'avg'
7.4519 	EXP 	window1: blendMode = 'avg'
7.4682 	EXP 	window1: blendMode = 'avg'
7.4851 	EXP 	window1: blendMode = 'avg'
7.5016 	EXP 	window1: blendMode = 'avg'
7.5185 	EXP 	window1: blendMode = 'avg'
7.5357 	EXP 	window1: blendMode = 'avg'
7.5519 	EXP 	window1: blendMode = 'avg'
7.5750 	EXP 	window1: blendMode = 'avg'
7.5849 	EXP 	window1: blendMode = 'avg'
7.6018 	EXP 	window1: blendMode = 'avg'
7.6186 	EXP 	window1: blendMode = 'avg'
7.6350 	EXP 	window1: blendMode = 'avg'
7.6551 	EXP 	window1: blendMode = 'avg'
7.6684 	EXP 	window1: blendMode = 'avg'
7.6853 	EXP 	window1: blendMode = 'avg'
7.7021 	EXP 	window1: blendMode = 'avg'
7.7186 	EXP 	window1: blendMode = 'avg'
7.7355 	EXP 	window1: blendMode = 'avg'
7.7561 	EXP 	window1: blendMode = 'avg'
7.7721 	EXP 	window1: blendMode = 'avg'
7.7853 	EXP 	window1: blendMode = 'avg'
7.8022 	EXP 	window1: blendMode = 'avg'
7.8188 	EXP 	window1: blendMode = 'avg'
7.8355 	EXP 	window1: blendMode = 'avg'
7.8520 	EXP 	window1: blendMode = 'avg'
7.8689 	EXP 	window1: blendMode = 'avg'
7.8855 	EXP 	window1: blendMode = 'avg'
7.9023 	EXP 	window1: blendMode = 'avg'
7.9191 	EXP 	window1: blendMode = 'avg'
7.9355 	EXP 	window1: blendMode = 'avg'
7.9522 	EXP 	window1: blendMode = 'avg'
7.9686 	DATA 	Keypress: d
7.9690 	EXP 	Created sequence: random, trialTypes=1, nReps=2, seed=None
7.9692 	EXP 	New trial (rep=0, index=0): None
8.0622 	EXP 	window1: blendMode = 'avg'
8.0684 	EXP 	text_4: autoDraw = False
8.0684 	EXP 	text_6: text = "Let's try a few for practice. You'll see pairs of images with one image on the screen at a time. Each image will be a spatial direction: LEFT or RIGHT or AHEAD. Tell me if the two images on the screen are the SAME spatial direction, or DIFFERENT spatial directions. For the first image, just say 'GO.' Then when it says 'Same/Different?' underneath, tell me whether you see the same spatial direction or a different spatial direction as the first image [Experimenter: Press Green for SAME, Red for DIFFERENT]"
8.0684 	EXP 	text_6: autoDraw = True
8.0690 	EXP 	window1: blendMode = 'avg'
8.0855 	EXP 	window1: blendMode = 'avg'
8.1024 	EXP 	window1: blendMode = 'avg'
8.1188 	EXP 	window1: blendMode = 'avg'
8.1358 	EXP 	window1: blendMode = 'avg'
8.1523 	EXP 	window1: blendMode = 'avg'
8.1692 	EXP 	window1: blendMode = 'avg'
8.1857 	EXP 	window1: blendMode = 'avg'
8.2026 	EXP 	window1: blendMode = 'avg'
8.2190 	EXP 	window1: blendMode = 'avg'
8.2358 	EXP 	window1: blendMode = 'avg'
8.2528 	EXP 	window1: blendMode = 'avg'
8.2689 	EXP 	window1: blendMode = 'avg'
8.2859 	EXP 	window1: blendMode = 'avg'
8.3026 	EXP 	window1: blendMode = 'avg'
8.3191 	EXP 	window1: blendMode = 'avg'
8.3403 	EXP 	window1: blendMode = 'avg'
8.3525 	EXP 	window1: blendMode = 'avg'
8.3740 	EXP 	window1: blendMode = 'avg'
8.3858 	EXP 	window1: blendMode = 'avg'
8.4030 	EXP 	window1: blendMode = 'avg'
8.4192 	EXP 	window1: blendMode = 'avg'
8.4359 	EXP 	window1: blendMode = 'avg'
8.4529 	EXP 	window1: blendMode = 'avg'
8.4693 	EXP 	window1: blendMode = 'avg'
8.4862 	EXP 	window1: blendMode = 'avg'
8.5029 	EXP 	window1: blendMode = 'avg'
8.5193 	EXP 	window1: blendMode = 'avg'
8.5371 	EXP 	window1: blendMode = 'avg'
8.5526 	EXP 	window1: blendMode = 'avg'
8.5695 	EXP 	window1: blendMode = 'avg'
8.5863 	EXP 	window1: blendMode = 'avg'
8.6038 	EXP 	window1: blendMode = 'avg'
8.6197 	EXP 	window1: blendMode = 'avg'
8.6361 	EXP 	window1: blendMode = 'avg'
8.6530 	EXP 	window1: blendMode = 'avg'
8.6695 	EXP 	window1: blendMode = 'avg'
8.6863 	EXP 	window1: blendMode = 'avg'
8.7029 	EXP 	window1: blendMode = 'avg'
8.7195 	EXP 	window1: blendMode = 'avg'
8.7366 	EXP 	window1: blendMode = 'avg'
8.7528 	EXP 	window1: blendMode = 'avg'
8.7697 	EXP 	window1: blendMode = 'avg'
8.7866 	EXP 	window1: blendMode = 'avg'
8.8029 	EXP 	window1: blendMode = 'avg'
8.8198 	EXP 	window1: blendMode = 'avg'
8.8379 	EXP 	window1: blendMode = 'avg'
8.8532 	EXP 	window1: blendMode = 'avg'
8.8697 	EXP 	window1: blendMode = 'avg'
8.8865 	EXP 	window1: blendMode = 'avg'
8.9034 	EXP 	window1: blendMode = 'avg'
8.9197 	EXP 	window1: blendMode = 'avg'
8.9368 	EXP 	window1: blendMode = 'avg'
8.9533 	EXP 	window1: blendMode = 'avg'
8.9698 	EXP 	window1: blendMode = 'avg'
8.9867 	EXP 	window1: blendMode = 'avg'
9.0032 	EXP 	window1: blendMode = 'avg'
9.0201 	EXP 	window1: blendMode = 'avg'
9.0373 	EXP 	window1: blendMode = 'avg'
9.0535 	EXP 	window1: blendMode = 'avg'
9.0698 	EXP 	window1: blendMode = 'avg'
9.0879 	EXP 	window1: blendMode = 'avg'
9.1032 	EXP 	window1: blendMode = 'avg'
9.1199 	EXP 	window1: blendMode = 'avg'
9.1397 	EXP 	window1: blendMode = 'avg'
9.1532 	EXP 	window1: blendMode = 'avg'
9.1699 	EXP 	window1: blendMode = 'avg'
9.1869 	EXP 	window1: blendMode = 'avg'
9.2039 	EXP 	window1: blendMode = 'avg'
9.2202 	EXP 	window1: blendMode = 'avg'
9.2370 	EXP 	window1: blendMode = 'avg'
9.2534 	EXP 	window1: blendMode = 'avg'
9.2703 	EXP 	window1: blendMode = 'avg'
9.2867 	EXP 	window1: blendMode = 'avg'
9.3036 	EXP 	window1: blendMode = 'avg'
9.3203 	EXP 	window1: blendMode = 'avg'
9.3367 	EXP 	window1: blendMode = 'avg'
9.3538 	EXP 	window1: blendMode = 'avg'
9.3702 	EXP 	window1: blendMode = 'avg'
9.3885 	EXP 	window1: blendMode = 'avg'
9.4035 	EXP 	window1: blendMode = 'avg'
9.4230 	EXP 	window1: blendMode = 'avg'
9.4366 	DATA 	Keypress: escape
