5.1872 	ERROR 	Requested audio device 'default' that is not available on this hardware. The 'audioDevice' preference should be one of ['Speakers / Headphones (Realtek ', 'Primary Sound Driver', 'Speakers / Headphones (Realtek High Definition Audio)', 'Microsoft Sound Mapper - Output']
7.7117 	INFO 	Loaded monitor calibration from ['2016_05_25 15:27']
9.0327 	EXP 	Created window1 = Window(allowGUI=False, allowStencil=False, autoLog=True, bitsMode=UNKNOWN, blendMode='avg', color=array([ 0.4,  0.4,  0.4]), colorSpace='rgb', fullscr=UNKNOWN, gamma=None, lms=UNKNOWN, monitor=<psychopy.monitors.calibTools.Monitor object at 0x151A0E70>, multiSample=False, name='window1', numSamples=2, pos=[0, 0], screen=0, size=array([1920, 1080]), stereo=False, units=u'norm', useFBO=True, useRetina=False, viewOri=0.0, viewPos=None, viewScale=None, waitBlanking=True, winType='pyglet')
9.0327 	EXP 	window1: recordFrameIntervals = False
9.1986 	EXP 	window1: recordFrameIntervals = True
9.3817 	DEBUG 	Screen (0) actual frame rate measured at 60.21
9.3817 	EXP 	window1: recordFrameIntervals = False
9.6860 	EXP 	Created text_4 = TextStim(alignHoriz='center', alignVert='center', antialias=True, autoLog=True, bold=False, color='black', colorSpace='named', contrast=1.0, depth=0.0, flipHoriz=False, flipVert=False, font='Arial', fontFiles=[], height=0.1, italic=False, name='text_4', opacity=1.0, ori=0, pos=array([ 0.,  0.]), rgb=array([ 0.,  0.,  0.]), text=unicode(...), units=u'norm', win=Window(...), wrapWidth=1.5)
9.7029 	EXP 	Created text_3 = TextStim(alignHoriz='center', alignVert='center', antialias=True, autoLog=True, bold=False, color='black', colorSpace='named', contrast=1.0, depth=-1.0, flipHoriz=False, flipVert=False, font='Arial', fontFiles=[], height=0.1, italic=False, name='text_3', opacity=1.0, ori=0, pos=array([ 0.,  0.]), rgb=array([ 0.,  0.,  0.]), text=unicode(...), units=u'norm', win=Window(...), wrapWidth=1)
9.7061 	EXP 	Created image_5 = ImageStim(autoLog=True, color=array([ 1.,  1.,  1.]), colorSpace='rgb', contrast=1.0, depth=0.0, flipHoriz=False, flipVert=False, image='sin', interpolate=True, mask=None, maskParams=None, name='image_5', opacity=1.0, ori=0.0, pos=array([ 0.,  0.]), size=array([ 0.67,  0.67]), texRes=128, units='height', win=Window(...))
9.7068 	EXP 	Created text_6 = TextStim(alignHoriz='center', alignVert='center', antialias=True, autoLog=True, bold=False, color='black', colorSpace='named', contrast=1.0, depth=0.0, flipHoriz=False, flipVert=False, font='Arial', fontFiles=[], height=0.1, italic=False, name='text_6', opacity=1.0, ori=0, pos=array([ 0.,  0.]), rgb=array([ 0.,  0.,  0.]), text='', units=u'norm', win=Window(...), wrapWidth=1.5)
9.7075 	EXP 	Created text_9 = TextStim(alignHoriz='center', alignVert='center', antialias=True, autoLog=True, bold=False, color='black', colorSpace='named', contrast=1.0, depth=-1.0, flipHoriz=False, flipVert=False, font='Arial', fontFiles=[], height=0.1, italic=False, name='text_9', opacity=1.0, ori=0, pos=array([ 0. , -0.6]), rgb=array([ 0.,  0.,  0.]), text='', units=u'norm', win=Window(...), wrapWidth=1)
9.7097 	EXP 	Created image = ImageStim(autoLog=True, color=array([ 1.,  1.,  1.]), colorSpace='rgb', contrast=1.0, depth=-2.0, flipHoriz=False, flipVert=False, image='sin', interpolate=True, mask=None, maskParams=None, name='image', opacity=1.0, ori=0.0, pos=array([ 0.,  0.]), size=array([ 0.67,  0.67]), texRes=128, units='height', win=Window(...))
9.7105 	EXP 	Created text_same_practice = TextStim(alignHoriz='center', alignVert='center', antialias=True, autoLog=True, bold=False, color='black', colorSpace='named', contrast=1.0, depth=-3.0, flipHoriz=False, flipVert=False, font='Arial', fontFiles=[], height=0.1, italic=False, name='text_same_practice', opacity=1.0, ori=0, pos=array([ 0. , -0.8]), rgb=array([ 0.,  0.,  0.]), text='', units=u'norm', win=Window(...), wrapWidth=1)
9.7158 	EXP 	Created fixation_1 = TextStim(alignHoriz='center', alignVert='center', antialias=True, autoLog=True, bold=False, color='black', colorSpace='named', contrast=1.0, depth=0.0, flipHoriz=False, flipVert=False, font='Arial', fontFiles=[], height=0.1, italic=False, name='fixation_1', opacity=1.0, ori=0, pos=array([ 0.,  0.]), rgb=array([ 0.,  0.,  0.]), text=u'+', units=u'norm', win=Window(...), wrapWidth=1)
9.7221 	EXP 	Created text_2 = TextStim(alignHoriz='center', alignVert='center', antialias=True, autoLog=True, bold=False, color='black', colorSpace='named', contrast=1.0, depth=0.0, flipHoriz=False, flipVert=False, font='Arial', fontFiles=[], height=0.1, italic=False, name='text_2', opacity=1.0, ori=0, pos=array([ 0.,  0.]), rgb=array([ 0.,  0.,  0.]), text=u'Time for a short break.', units=u'norm', win=Window(...), wrapWidth=1)
9.7228 	EXP 	Created text_11 = TextStim(alignHoriz='center', alignVert='center', antialias=True, autoLog=True, bold=False, color='black', colorSpace='named', contrast=1.0, depth=-1.0, flipHoriz=False, flipVert=False, font='Arial', fontFiles=[], height=0.1, italic=False, name='text_11', opacity=1.0, ori=0, pos=array([ 0. , -0.6]), rgb=array([ 0.,  0.,  0.]), text='', units=u'norm', win=Window(...), wrapWidth=1)
9.7253 	EXP 	Created image_3 = ImageStim(autoLog=True, color=array([ 1.,  1.,  1.]), colorSpace='rgb', contrast=1.0, depth=-2.0, flipHoriz=False, flipVert=False, image='sin', interpolate=True, mask=None, maskParams=None, name='image_3', opacity=1.0, ori=0.0, pos=array([ 0.,  0.]), size=array([ 0.67,  0.67]), texRes=128, units='height', win=Window(...))
9.7262 	EXP 	Created text_same_practice_2 = TextStim(alignHoriz='center', alignVert='center', antialias=True, autoLog=True, bold=False, color='black', colorSpace='named', contrast=1.0, depth=-3.0, flipHoriz=False, flipVert=False, font='Arial', fontFiles=[], height=0.1, italic=False, name='text_same_practice_2', opacity=1.0, ori=0, pos=array([ 0. , -0.8]), rgb=array([ 0.,  0.,  0.]), text='', units=u'norm', win=Window(...), wrapWidth=1)
9.7292 	EXP 	Created fixation_2 = TextStim(alignHoriz='center', alignVert='center', antialias=True, autoLog=True, bold=False, color='black', colorSpace='named', contrast=1.0, depth=0.0, flipHoriz=False, flipVert=False, font='Arial', fontFiles=[], height=0.1, italic=False, name='fixation_2', opacity=1.0, ori=0, pos=array([ 0.,  0.]), rgb=array([ 0.,  0.,  0.]), text=u'+', units=u'norm', win=Window(...), wrapWidth=1)
9.7356 	EXP 	Created text_2 = TextStim(alignHoriz='center', alignVert='center', antialias=True, autoLog=True, bold=False, color='black', colorSpace='named', contrast=1.0, depth=0.0, flipHoriz=False, flipVert=False, font='Arial', fontFiles=[], height=0.1, italic=False, name='text_2', opacity=1.0, ori=0, pos=array([ 0.,  0.]), rgb=array([ 0.,  0.,  0.]), text=u'Time for a short break.', units=u'norm', win=Window(...), wrapWidth=1)
9.7364 	EXP 	Created text_12 = TextStim(alignHoriz='center', alignVert='center', antialias=True, autoLog=True, bold=False, color='black', colorSpace='named', contrast=1.0, depth=-1.0, flipHoriz=False, flipVert=False, font='Arial', fontFiles=[], height=0.1, italic=False, name='text_12', opacity=1.0, ori=0, pos=array([ 0. , -0.6]), rgb=array([ 0.,  0.,  0.]), text='', units=u'norm', win=Window(...), wrapWidth=1)
9.7390 	EXP 	Created image_4 = ImageStim(autoLog=True, color=array([ 1.,  1.,  1.]), colorSpace='rgb', contrast=1.0, depth=-2.0, flipHoriz=False, flipVert=False, image='sin', interpolate=True, mask=None, maskParams=None, name='image_4', opacity=1.0, ori=0.0, pos=array([ 0.,  0.]), size=array([ 0.67,  0.67]), texRes=128, units='height', win=Window(...))
9.7398 	EXP 	Created text_same_practice_3 = TextStim(alignHoriz='center', alignVert='center', antialias=True, autoLog=True, bold=False, color='black', colorSpace='named', contrast=1.0, depth=-3.0, flipHoriz=False, flipVert=False, font='Arial', fontFiles=[], height=0.1, italic=False, name='text_same_practice_3', opacity=1.0, ori=0, pos=array([ 0. , -0.8]), rgb=array([ 0.,  0.,  0.]), text='', units=u'norm', win=Window(...), wrapWidth=1)
9.7428 	EXP 	Created fixation_3 = TextStim(alignHoriz='center', alignVert='center', antialias=True, autoLog=True, bold=False, color='black', colorSpace='named', contrast=1.0, depth=0.0, flipHoriz=False, flipVert=False, font='Arial', fontFiles=[], height=0.1, italic=False, name='fixation_3', opacity=1.0, ori=0, pos=array([ 0.,  0.]), rgb=array([ 0.,  0.,  0.]), text=u'+', units=u'norm', win=Window(...), wrapWidth=1)
9.7702 	EXP 	Created text_10 = TextStim(alignHoriz='center', alignVert='center', antialias=True, autoLog=True, bold=False, color='black', colorSpace='named', contrast=1.0, depth=0.0, flipHoriz=False, flipVert=False, font='Arial', fontFiles=[], height=0.1, italic=False, name='text_10', opacity=1.0, ori=0, pos=array([ 0.,  0.]), rgb=array([ 0.,  0.,  0.]), text=unicode(...), units=u'norm', win=Window(...), wrapWidth=1)
9.7726 	EXP 	Created image_2 = ImageStim(autoLog=True, color=array([ 1.,  1.,  1.]), colorSpace='rgb', contrast=1.0, depth=-1.0, flipHoriz=False, flipVert=False, image='sin', interpolate=True, mask=None, maskParams=None, name='image_2', opacity=1.0, ori=0.0, pos=array([ 0.,  0.]), size=array([ 0.67,  0.67]), texRes=128, units='height', win=Window(...))
9.7870 	EXP 	Created unnamed TextStim = TextStim(alignHoriz='center', alignVert='center', antialias=True, autoLog=True, bold=False, color='black', colorSpace='named', contrast=1.0, depth=0, flipHoriz=False, flipVert=False, font='', fontFiles=[], height=0.1, italic=False, name='unnamed TextStim', opacity=1.0, ori=0.0, pos=array([ 0.,  0.]), rgb=array([ 0.,  0.,  0.]), text=u'Ready for the next set?', units=u'norm', win=Window(...), wrapWidth=1)
9.7878 	EXP 	Created text_same = TextStim(alignHoriz='center', alignVert='center', antialias=True, autoLog=True, bold=False, color='black', colorSpace='named', contrast=1.0, depth=-3.0, flipHoriz=False, flipVert=False, font='Arial', fontFiles=[], height=0.1, italic=False, name='text_same', opacity=1.0, ori=0, pos=array([ 0. , -0.8]), rgb=array([ 0.,  0.,  0.]), text='', units=u'norm', win=Window(...), wrapWidth=1)
9.7906 	EXP 	Created fixation_4 = TextStim(alignHoriz='center', alignVert='center', antialias=True, autoLog=True, bold=False, color='black', colorSpace='named', contrast=1.0, depth=0.0, flipHoriz=False, flipVert=False, font='Arial', fontFiles=[], height=0.1, italic=False, name='fixation_4', opacity=1.0, ori=0, pos=array([ 0.,  0.]), rgb=array([ 0.,  0.,  0.]), text=u'+', units=u'norm', win=Window(...), wrapWidth=1)
9.8003 	EXP 	Created text = TextStim(alignHoriz='center', alignVert='center', antialias=True, autoLog=True, bold=False, color='black', colorSpace='named', contrast=1.0, depth=0.0, flipHoriz=False, flipVert=False, font='Arial', fontFiles=[], height=0.1, italic=False, name='text', opacity=1.0, ori=0, pos=array([ 0.,  0.]), rgb=array([ 0.,  0.,  0.]), text=unicode(...), units=u'norm', win=Window(...), wrapWidth=1)
9.8170 	EXP 	text_4: autoDraw = True
10.2478 	DATA 	Keypress: d
10.2643 	EXP 	text_4: autoDraw = False
10.2643 	EXP 	text_3: autoDraw = True
11.1985 	DATA 	Keypress: d
11.2045 	DEBUG 	Read csv file with pandas: Extra_Stimuli\gesture_practice.csv
11.2062 	EXP 	Imported Extra_Stimuli\gesture_practice.csv as conditions, 18 conditions, 4 params
11.2067 	EXP 	Created sequence: sequential, trialTypes=18, nReps=1, seed=None
11.2073 	EXP 	New trial (rep=0, index=0): {'Stimulus': u'right_schema_1_WHI.jpg', 'direction': u'right', 'number': 1, 'format': u'schema'}
11.4472 	EXP 	text_3: autoDraw = False
11.4472 	EXP 	image_5: image = u'Extra_Stimuli//right_schema_1_WHI.jpg'
11.4472 	EXP 	image_5: autoDraw = True
11.9973 	DATA 	Keypress: f
13.9303 	DATA 	Keypress: d
13.9311 	EXP 	New trial (rep=0, index=1): {'Stimulus': u'right_schema_2_WHI.jpg', 'direction': u'right', 'number': 2, 'format': u'schema'}
14.0288 	EXP 	image_5: autoDraw = False
14.0288 	EXP 	image_5: image = u'Extra_Stimuli//right_schema_2_WHI.jpg'
14.0288 	EXP 	image_5: autoDraw = True
15.2621 	DATA 	Keypress: d
15.2628 	EXP 	New trial (rep=0, index=2): {'Stimulus': u'ahead_schema_1_WHI.jpg', 'direction': u'ahead', 'number': 1, 'format': u'schema'}
15.4048 	EXP 	image_5: autoDraw = False
15.4048 	EXP 	image_5: image = u'Extra_Stimuli//ahead_schema_1_WHI.jpg'
15.4048 	EXP 	image_5: autoDraw = True
16.3210 	DATA 	Keypress: d
16.3217 	EXP 	New trial (rep=0, index=3): {'Stimulus': u'ahead_schema_2_WHI.jpg', 'direction': u'ahead', 'number': 2, 'format': u'schema'}
16.4941 	EXP 	image_5: autoDraw = False
16.4941 	EXP 	image_5: image = u'Extra_Stimuli//ahead_schema_2_WHI.jpg'
16.4941 	EXP 	image_5: autoDraw = True
17.0620 	DATA 	Keypress: d
17.0637 	EXP 	New trial (rep=0, index=4): {'Stimulus': u'left_schema_1_WHI.jpg', 'direction': u'left', 'number': 1, 'format': u'schema'}
17.1909 	EXP 	image_5: autoDraw = False
17.1909 	EXP 	image_5: image = u'Extra_Stimuli//left_schema_1_WHI.jpg'
17.1909 	EXP 	image_5: autoDraw = True
17.8753 	DATA 	Keypress: d
17.8777 	EXP 	New trial (rep=0, index=5): {'Stimulus': u'left_schema_2_WHI.jpg', 'direction': u'left', 'number': 2, 'format': u'schema'}
18.0152 	EXP 	image_5: autoDraw = False
18.0152 	EXP 	image_5: image = u'Extra_Stimuli//left_schema_2_WHI.jpg'
18.0152 	EXP 	image_5: autoDraw = True
18.4001 	DATA 	Keypress: d
18.4019 	EXP 	New trial (rep=0, index=6): {'Stimulus': u'right_word_1_WHI.jpg', 'direction': u'right', 'number': 1, 'format': u'word'}
18.6023 	EXP 	image_5: autoDraw = False
18.6023 	EXP 	image_5: image = u'Extra_Stimuli//right_word_1_WHI.jpg'
18.6023 	EXP 	image_5: autoDraw = True
19.9204 	DATA 	Keypress: d
19.9215 	EXP 	New trial (rep=0, index=7): {'Stimulus': u'right_word_2_WHI.jpg', 'direction': u'right', 'number': 2, 'format': u'word'}
20.0659 	EXP 	image_5: autoDraw = False
20.0659 	EXP 	image_5: image = u'Extra_Stimuli//right_word_2_WHI.jpg'
20.0659 	EXP 	image_5: autoDraw = True
20.4006 	DATA 	Keypress: d
20.4024 	EXP 	New trial (rep=0, index=8): {'Stimulus': u'ahead_word_1_WHI.jpg', 'direction': u'ahead', 'number': 1, 'format': u'word'}
20.6085 	EXP 	image_5: autoDraw = False
20.6085 	EXP 	image_5: image = u'Extra_Stimuli//ahead_word_1_WHI.jpg'
20.6085 	EXP 	image_5: autoDraw = True
21.4100 	DATA 	Keypress: d
21.4118 	EXP 	New trial (rep=0, index=9): {'Stimulus': u'ahead_word_2_WHI.jpg', 'direction': u'ahead', 'number': 2, 'format': u'word'}
21.5311 	EXP 	image_5: autoDraw = False
21.5311 	EXP 	image_5: image = u'Extra_Stimuli//ahead_word_2_WHI.jpg'
21.5311 	EXP 	image_5: autoDraw = True
21.9000 	DATA 	Keypress: d
21.9020 	EXP 	New trial (rep=0, index=10): {'Stimulus': u'left_word_1_WHI.jpg', 'direction': u'left', 'number': 1, 'format': u'word'}
22.1265 	EXP 	image_5: autoDraw = False
22.1265 	EXP 	image_5: image = u'Extra_Stimuli//left_word_1_WHI.jpg'
22.1265 	EXP 	image_5: autoDraw = True
22.7769 	DATA 	Keypress: d
22.7778 	EXP 	New trial (rep=0, index=11): {'Stimulus': u'left_word_2_WHI.jpg', 'direction': u'left', 'number': 2, 'format': u'word'}
22.8762 	EXP 	image_5: autoDraw = False
22.8762 	EXP 	image_5: image = u'Extra_Stimuli//left_word_2_WHI.jpg'
22.8762 	EXP 	image_5: autoDraw = True
23.2774 	DATA 	Keypress: d
23.2789 	EXP 	New trial (rep=0, index=12): {'Stimulus': u'right_image_1_WHI.jpg', 'direction': u'right', 'number': 1, 'format': u'image'}
23.4186 	EXP 	image_5: autoDraw = False
23.4186 	EXP 	image_5: image = u'Extra_Stimuli//right_image_1_WHI.jpg'
23.4186 	EXP 	image_5: autoDraw = True
24.7522 	DATA 	Keypress: d
24.7533 	EXP 	New trial (rep=0, index=13): {'Stimulus': u'right_image_2_WHI.jpg', 'direction': u'right', 'number': 2, 'format': u'image'}
24.8846 	EXP 	image_5: autoDraw = False
24.8846 	EXP 	image_5: image = u'Extra_Stimuli//right_image_2_WHI.jpg'
24.8846 	EXP 	image_5: autoDraw = True
25.6354 	DATA 	Keypress: d
25.6359 	EXP 	New trial (rep=0, index=14): {'Stimulus': u'ahead_image_1_WHI.jpg', 'direction': u'ahead', 'number': 1, 'format': u'image'}
25.7510 	EXP 	image_5: autoDraw = False
25.7510 	EXP 	image_5: image = u'Extra_Stimuli//ahead_image_1_WHI.jpg'
25.7510 	EXP 	image_5: autoDraw = True
26.6016 	DATA 	Keypress: d
26.6026 	EXP 	New trial (rep=0, index=15): {'Stimulus': u'ahead_image_2_WHI.jpg', 'direction': u'ahead', 'number': 2, 'format': u'image'}
26.7401 	EXP 	image_5: autoDraw = False
26.7401 	EXP 	image_5: image = u'Extra_Stimuli//ahead_image_2_WHI.jpg'
26.7401 	EXP 	image_5: autoDraw = True
27.1906 	DATA 	Keypress: d
27.1912 	EXP 	New trial (rep=0, index=16): {'Stimulus': u'left_image_1_WHI.jpg', 'direction': u'left', 'number': 1, 'format': u'image'}
27.3316 	EXP 	image_5: autoDraw = False
27.3316 	EXP 	image_5: image = u'Extra_Stimuli//left_image_1_WHI.jpg'
27.3316 	EXP 	image_5: autoDraw = True
28.1325 	DATA 	Keypress: d
28.1343 	EXP 	New trial (rep=0, index=17): {'Stimulus': u'left_image_2_WHI.jpg', 'direction': u'left', 'number': 2, 'format': u'image'}
28.2708 	EXP 	image_5: autoDraw = False
28.2708 	EXP 	image_5: image = u'Extra_Stimuli//left_image_2_WHI.jpg'
28.2708 	EXP 	image_5: autoDraw = True
28.8877 	DATA 	Keypress: d
28.9215 	EXP 	Created sequence: random, trialTypes=1, nReps=2, seed=None
28.9223 	EXP 	New trial (rep=0, index=0): None
29.1018 	EXP 	image_5: autoDraw = False
29.1018 	EXP 	text_6: text = "Let's try a few for practice. You'll see pairs of images with one image on the screen at a time. Each image will be a spatial direction: LEFT or RIGHT or AHEAD. Tell me if the two images on the screen are the SAME spatial direction, or DIFFERENT spatial directions. For the first image, just say 'GO.' Then when it says 'Same/Different?' underneath, tell me whether you see the same spatial direction or a different spatial direction as the first image."
29.1018 	EXP 	text_6: autoDraw = True
30.6515 	DATA 	Keypress: d
30.7125 	DEBUG 	Read excel file with pandas: Extra_Stimuli//practice_order_WHI_image_1.xlsx
30.7132 	EXP 	Imported Extra_Stimuli//practice_order_WHI_image_1.xlsx as conditions, 8 conditions, 5 params
30.7135 	EXP 	Created sequence: sequential, trialTypes=8, nReps=1, seed=None
30.7139 	EXP 	New trial (rep=0, index=0): {'Stimulus_Practice': u'ahead_image_1_WHI.jpg', 'Direction': u'ahead', 'Number': 1, 'Background': u'_WHI', 'Format': u'image'}
30.8007 	EXP 	text_6: autoDraw = False
30.8007 	EXP 	image: image = u'Extra_Stimuli//ahead_image_1_WHI.jpg'
30.8007 	EXP 	text_same_practice: text = ''
30.8007 	EXP 	text_9: autoDraw = True
30.8007 	EXP 	image: autoDraw = True
30.8007 	EXP 	text_same_practice: autoDraw = True
31.5018 	DATA 	Keypress: d
31.9348 	DATA 	Keypress: f
31.9370 	EXP 	New trial (rep=0, index=1): {'Stimulus_Practice': u'ahead_image_2_WHI.jpg', 'Direction': u'ahead', 'Number': 2, 'Background': u'_WHI', 'Format': u'image'}
32.0336 	EXP 	text_9: autoDraw = False
32.0336 	EXP 	image: autoDraw = False
32.0336 	EXP 	text_same_practice: autoDraw = False
32.0336 	EXP 	fixation_1: autoDraw = False
32.0336 	EXP 	image: image = u'Extra_Stimuli//ahead_image_2_WHI.jpg'
32.0336 	EXP 	text_same_practice: text = 'SAME / DIFFERENT?'
32.0336 	EXP 	text_9: autoDraw = True
32.0336 	EXP 	image: autoDraw = True
32.0336 	EXP 	text_same_practice: autoDraw = True
32.5184 	DATA 	Keypress: f
32.5344 	EXP 	text_9: autoDraw = False
32.5344 	EXP 	image: autoDraw = False
32.5344 	EXP 	text_same_practice: autoDraw = False
32.5344 	EXP 	fixation_1: autoDraw = True
34.5164 	EXP 	New trial (rep=0, index=2): {'Stimulus_Practice': u'left_image_1_WHI.jpg', 'Direction': u'left', 'Number': 1, 'Background': u'_WHI', 'Format': u'image'}
34.5655 	EXP 	fixation_1: autoDraw = False
34.5655 	EXP 	fixation_1: autoDraw = False
34.5655 	EXP 	image: image = u'Extra_Stimuli//left_image_1_WHI.jpg'
34.5655 	EXP 	text_same_practice: text = ''
34.5655 	EXP 	text_9: autoDraw = True
34.5655 	EXP 	image: autoDraw = True
34.5655 	EXP 	text_same_practice: autoDraw = True
35.0189 	DATA 	Keypress: f
35.0346 	EXP 	New trial (rep=0, index=3): {'Stimulus_Practice': u'right_image_1_WHI.jpg', 'Direction': u'right', 'Number': 1, 'Background': u'_WHI', 'Format': u'image'}
35.1320 	EXP 	text_9: autoDraw = False
35.1320 	EXP 	image: autoDraw = False
35.1320 	EXP 	text_same_practice: autoDraw = False
35.1320 	EXP 	fixation_1: autoDraw = False
35.1320 	EXP 	image: image = u'Extra_Stimuli//right_image_1_WHI.jpg'
35.1320 	EXP 	text_same_practice: text = 'SAME / DIFFERENT?'
35.1320 	EXP 	text_9: autoDraw = True
35.1320 	EXP 	image: autoDraw = True
35.1320 	EXP 	text_same_practice: autoDraw = True
35.1826 	DATA 	Keypress: f
35.1988 	EXP 	text_9: autoDraw = False
35.1988 	EXP 	image: autoDraw = False
35.1988 	EXP 	text_same_practice: autoDraw = False
35.1988 	EXP 	fixation_1: autoDraw = True
37.1825 	EXP 	New trial (rep=0, index=4): {'Stimulus_Practice': u'right_image_2_WHI.jpg', 'Direction': u'right', 'Number': 2, 'Background': u'_WHI', 'Format': u'image'}
37.2804 	EXP 	fixation_1: autoDraw = False
37.2804 	EXP 	fixation_1: autoDraw = False
37.2804 	EXP 	image: image = u'Extra_Stimuli//right_image_2_WHI.jpg'
37.2804 	EXP 	text_same_practice: text = ''
37.2804 	EXP 	text_9: autoDraw = True
37.2804 	EXP 	image: autoDraw = True
37.2804 	EXP 	text_same_practice: autoDraw = True
37.4983 	DATA 	Keypress: f
37.5002 	EXP 	New trial (rep=0, index=5): {'Stimulus_Practice': u'left_image_2_WHI.jpg', 'Direction': u'left', 'Number': 2, 'Background': u'_WHI', 'Format': u'image'}
37.6138 	EXP 	text_9: autoDraw = False
37.6138 	EXP 	image: autoDraw = False
37.6138 	EXP 	text_same_practice: autoDraw = False
37.6138 	EXP 	fixation_1: autoDraw = False
37.6138 	EXP 	image: image = u'Extra_Stimuli//left_image_2_WHI.jpg'
37.6138 	EXP 	text_same_practice: text = 'SAME / DIFFERENT?'
37.6138 	EXP 	text_9: autoDraw = True
37.6138 	EXP 	image: autoDraw = True
37.6138 	EXP 	text_same_practice: autoDraw = True
37.6144 	DATA 	Keypress: f
37.6308 	EXP 	text_9: autoDraw = False
37.6308 	EXP 	image: autoDraw = False
37.6308 	EXP 	text_same_practice: autoDraw = False
37.6308 	EXP 	fixation_1: autoDraw = True
39.6145 	EXP 	New trial (rep=0, index=6): {'Stimulus_Practice': u'left_image_3_WHI.jpg', 'Direction': u'left', 'Number': 3, 'Background': u'_WHI', 'Format': u'image'}
39.7968 	EXP 	fixation_1: autoDraw = False
39.7968 	EXP 	fixation_1: autoDraw = False
39.7968 	EXP 	image: image = u'Extra_Stimuli//left_image_3_WHI.jpg'
39.7968 	EXP 	text_same_practice: text = ''
39.7968 	EXP 	text_9: autoDraw = True
39.7968 	EXP 	image: autoDraw = True
39.7968 	EXP 	text_same_practice: autoDraw = True
40.2625 	DATA 	Keypress: f
40.2645 	EXP 	New trial (rep=0, index=7): {'Stimulus_Practice': u'ahead_image_3_WHI.jpg', 'Direction': u'ahead', 'Number': 3, 'Background': u'_WHI', 'Format': u'image'}
40.3947 	EXP 	text_9: autoDraw = False
40.3947 	EXP 	image: autoDraw = False
40.3947 	EXP 	text_same_practice: autoDraw = False
40.3947 	EXP 	fixation_1: autoDraw = False
40.3947 	EXP 	image: image = u'Extra_Stimuli//ahead_image_3_WHI.jpg'
40.3947 	EXP 	text_same_practice: text = 'SAME / DIFFERENT?'
40.3947 	EXP 	text_9: autoDraw = True
40.3947 	EXP 	image: autoDraw = True
40.3947 	EXP 	text_same_practice: autoDraw = True
41.2287 	DATA 	Keypress: f
41.2448 	EXP 	text_9: autoDraw = False
41.2448 	EXP 	image: autoDraw = False
41.2448 	EXP 	text_same_practice: autoDraw = False
41.2448 	EXP 	fixation_1: autoDraw = True
43.3276 	EXP 	fixation_1: autoDraw = False
43.3276 	EXP 	fixation_1: autoDraw = False
43.3276 	EXP 	text_2: autoDraw = True
43.9274 	DATA 	Keypress: d
43.9791 	DEBUG 	Read excel file with pandas: Extra_Stimuli//practice_order_WHI_schema_2.xlsx
43.9806 	EXP 	Imported Extra_Stimuli//practice_order_WHI_schema_2.xlsx as conditions, 8 conditions, 5 params
43.9811 	EXP 	Created sequence: sequential, trialTypes=8, nReps=1, seed=None
43.9818 	EXP 	New trial (rep=0, index=0): {'Stimulus_Practice': u'right_schema_3_WHI.jpg', 'Direction': u'right', 'Number': 3, 'Background': u'_WHI', 'Format': u'schema'}
44.1723 	EXP 	text_2: autoDraw = False
44.1723 	EXP 	image_3: image = u'Extra_Stimuli//right_schema_3_WHI.jpg'
44.1723 	EXP 	text_same_practice_2: text = ''
44.1723 	EXP 	text_11: autoDraw = True
44.1723 	EXP 	image_3: autoDraw = True
44.1723 	EXP 	text_same_practice_2: autoDraw = True
44.5239 	DATA 	Keypress: f
44.5263 	EXP 	New trial (rep=0, index=1): {'Stimulus_Practice': u'right_schema_2_WHI.jpg', 'Direction': u'right', 'Number': 2, 'Background': u'_WHI', 'Format': u'schema'}
44.6054 	EXP 	text_11: autoDraw = False
44.6054 	EXP 	image_3: autoDraw = False
44.6054 	EXP 	text_same_practice_2: autoDraw = False
44.6054 	EXP 	fixation_2: autoDraw = False
44.6054 	EXP 	image_3: image = u'Extra_Stimuli//right_schema_2_WHI.jpg'
44.6054 	EXP 	text_same_practice_2: text = 'SAME / DIFFERENT?'
44.6054 	EXP 	text_11: autoDraw = True
44.6054 	EXP 	image_3: autoDraw = True
44.6054 	EXP 	text_same_practice_2: autoDraw = True
44.6903 	DATA 	Keypress: f
44.7060 	EXP 	text_11: autoDraw = False
44.7060 	EXP 	image_3: autoDraw = False
44.7060 	EXP 	text_same_practice_2: autoDraw = False
44.7060 	EXP 	fixation_2: autoDraw = True
46.6902 	EXP 	New trial (rep=0, index=2): {'Stimulus_Practice': u'left_schema_3_WHI.jpg', 'Direction': u'left', 'Number': 3, 'Background': u'_WHI', 'Format': u'schema'}
46.8426 	EXP 	fixation_2: autoDraw = False
46.8426 	EXP 	fixation_2: autoDraw = False
46.8426 	EXP 	image_3: image = u'Extra_Stimuli//left_schema_3_WHI.jpg'
46.8426 	EXP 	text_same_practice_2: text = ''
46.8426 	EXP 	text_11: autoDraw = True
46.8426 	EXP 	image_3: autoDraw = True
46.8426 	EXP 	text_same_practice_2: autoDraw = True
47.1102 	DATA 	Keypress: f
47.1122 	EXP 	New trial (rep=0, index=3): {'Stimulus_Practice': u'ahead_schema_1_WHI.jpg', 'Direction': u'ahead', 'Number': 1, 'Background': u'_WHI', 'Format': u'schema'}
47.2258 	EXP 	text_11: autoDraw = False
47.2258 	EXP 	image_3: autoDraw = False
47.2258 	EXP 	text_same_practice_2: autoDraw = False
47.2258 	EXP 	fixation_2: autoDraw = False
47.2258 	EXP 	image_3: image = u'Extra_Stimuli//ahead_schema_1_WHI.jpg'
47.2258 	EXP 	text_same_practice_2: text = 'SAME / DIFFERENT?'
47.2258 	EXP 	text_11: autoDraw = True
47.2258 	EXP 	image_3: autoDraw = True
47.2258 	EXP 	text_same_practice_2: autoDraw = True
47.2456 	DATA 	Keypress: f
47.2764 	EXP 	text_11: autoDraw = False
47.2764 	EXP 	image_3: autoDraw = False
47.2764 	EXP 	text_same_practice_2: autoDraw = False
47.2764 	EXP 	fixation_2: autoDraw = True
49.2597 	EXP 	New trial (rep=0, index=4): {'Stimulus_Practice': u'ahead_schema_3_WHI.jpg', 'Direction': u'ahead', 'Number': 3, 'Background': u'_WHI', 'Format': u'schema'}
49.4149 	EXP 	fixation_2: autoDraw = False
49.4149 	EXP 	fixation_2: autoDraw = False
49.4149 	EXP 	image_3: image = u'Extra_Stimuli//ahead_schema_3_WHI.jpg'
49.4149 	EXP 	text_same_practice_2: text = ''
49.4149 	EXP 	text_11: autoDraw = True
49.4149 	EXP 	image_3: autoDraw = True
49.4149 	EXP 	text_same_practice_2: autoDraw = True
49.7160 	DATA 	Keypress: f
49.7181 	EXP 	New trial (rep=0, index=5): {'Stimulus_Practice': u'left_schema_1_WHI.jpg', 'Direction': u'left', 'Number': 1, 'Background': u'_WHI', 'Format': u'schema'}
49.8314 	EXP 	text_11: autoDraw = False
49.8314 	EXP 	image_3: autoDraw = False
49.8314 	EXP 	text_same_practice_2: autoDraw = False
49.8314 	EXP 	fixation_2: autoDraw = False
49.8314 	EXP 	image_3: image = u'Extra_Stimuli//left_schema_1_WHI.jpg'
49.8314 	EXP 	text_same_practice_2: text = 'SAME / DIFFERENT?'
49.8314 	EXP 	text_11: autoDraw = True
49.8314 	EXP 	image_3: autoDraw = True
49.8314 	EXP 	text_same_practice_2: autoDraw = True
49.9327 	DATA 	Keypress: f
49.9485 	EXP 	text_11: autoDraw = False
49.9485 	EXP 	image_3: autoDraw = False
49.9485 	EXP 	text_same_practice_2: autoDraw = False
49.9485 	EXP 	fixation_2: autoDraw = True
51.9323 	EXP 	New trial (rep=0, index=6): {'Stimulus_Practice': u'ahead_schema_2_WHI.jpg', 'Direction': u'ahead', 'Number': 2, 'Background': u'_WHI', 'Format': u'schema'}
51.9976 	EXP 	fixation_2: autoDraw = False
51.9976 	EXP 	fixation_2: autoDraw = False
51.9976 	EXP 	image_3: image = u'Extra_Stimuli//ahead_schema_2_WHI.jpg'
51.9976 	EXP 	text_same_practice_2: text = ''
51.9976 	EXP 	text_11: autoDraw = True
51.9976 	EXP 	image_3: autoDraw = True
51.9976 	EXP 	text_same_practice_2: autoDraw = True
52.1984 	DATA 	Keypress: f
52.2004 	EXP 	New trial (rep=0, index=7): {'Stimulus_Practice': u'left_schema_2_WHI.jpg', 'Direction': u'left', 'Number': 2, 'Background': u'_WHI', 'Format': u'schema'}
52.2800 	EXP 	text_11: autoDraw = False
52.2800 	EXP 	image_3: autoDraw = False
52.2800 	EXP 	text_same_practice_2: autoDraw = False
52.2800 	EXP 	fixation_2: autoDraw = False
52.2800 	EXP 	image_3: image = u'Extra_Stimuli//left_schema_2_WHI.jpg'
52.2800 	EXP 	text_same_practice_2: text = 'SAME / DIFFERENT?'
52.2800 	EXP 	text_11: autoDraw = True
52.2800 	EXP 	image_3: autoDraw = True
52.2800 	EXP 	text_same_practice_2: autoDraw = True
52.4649 	DATA 	Keypress: f
52.4807 	EXP 	text_11: autoDraw = False
52.4807 	EXP 	image_3: autoDraw = False
52.4807 	EXP 	text_same_practice_2: autoDraw = False
52.4807 	EXP 	fixation_2: autoDraw = True
54.5846 	EXP 	fixation_2: autoDraw = False
54.5846 	EXP 	fixation_2: autoDraw = False
54.5846 	EXP 	text_2: autoDraw = True
55.0701 	DATA 	Keypress: d
55.1150 	DEBUG 	Read excel file with pandas: Extra_Stimuli//practice_order_WHI_word_1.xlsx
55.1165 	EXP 	Imported Extra_Stimuli//practice_order_WHI_word_1.xlsx as conditions, 8 conditions, 5 params
55.1170 	EXP 	Created sequence: sequential, trialTypes=8, nReps=1, seed=None
55.1178 	EXP 	New trial (rep=0, index=0): {'Stimulus_Practice': u'left_word_1_WHI.jpg', 'Direction': u'left', 'Number': 1, 'Background': u'_WHI', 'Format': u'word'}
55.2055 	EXP 	text_2: autoDraw = False
55.2055 	EXP 	image_4: image = u'Extra_Stimuli//left_word_1_WHI.jpg'
55.2055 	EXP 	text_same_practice_3: text = ''
55.2055 	EXP 	text_12: autoDraw = True
55.2055 	EXP 	image_4: autoDraw = True
55.2055 	EXP 	text_same_practice_3: autoDraw = True
58.6221 	DATA 	Keypress: f
58.6245 	EXP 	New trial (rep=0, index=1): {'Stimulus_Practice': u'left_word_2_WHI.jpg', 'Direction': u'left', 'Number': 2, 'Background': u'_WHI', 'Format': u'word'}
58.7204 	EXP 	text_12: autoDraw = False
58.7204 	EXP 	image_4: autoDraw = False
58.7204 	EXP 	text_same_practice_3: autoDraw = False
58.7204 	EXP 	fixation_3: autoDraw = False
58.7204 	EXP 	image_4: image = u'Extra_Stimuli//left_word_2_WHI.jpg'
58.7204 	EXP 	text_same_practice_3: text = 'SAME / DIFFERENT?'
58.7204 	EXP 	text_12: autoDraw = True
58.7204 	EXP 	image_4: autoDraw = True
58.7204 	EXP 	text_same_practice_3: autoDraw = True
59.1901 	DATA 	Keypress: f
59.2209 	EXP 	text_12: autoDraw = False
59.2209 	EXP 	image_4: autoDraw = False
59.2209 	EXP 	text_same_practice_3: autoDraw = False
59.2209 	EXP 	fixation_3: autoDraw = True
61.2040 	EXP 	New trial (rep=0, index=2): {'Stimulus_Practice': u'right_word_2_WHI.jpg', 'Direction': u'right', 'Number': 2, 'Background': u'_WHI', 'Format': u'word'}
61.2690 	EXP 	fixation_3: autoDraw = False
61.2690 	EXP 	fixation_3: autoDraw = False
61.2690 	EXP 	image_4: image = u'Extra_Stimuli//right_word_2_WHI.jpg'
61.2690 	EXP 	text_same_practice_3: text = ''
61.2690 	EXP 	text_12: autoDraw = True
61.2690 	EXP 	image_4: autoDraw = True
61.2690 	EXP 	text_same_practice_3: autoDraw = True
64.9187 	DATA 	Keypress: f
64.9209 	EXP 	New trial (rep=0, index=3): {'Stimulus_Practice': u'ahead_word_2_WHI.jpg', 'Direction': u'ahead', 'Number': 2, 'Background': u'_WHI', 'Format': u'word'}
65.0170 	EXP 	text_12: autoDraw = False
65.0170 	EXP 	image_4: autoDraw = False
65.0170 	EXP 	text_same_practice_3: autoDraw = False
65.0170 	EXP 	fixation_3: autoDraw = False
65.0170 	EXP 	image_4: image = u'Extra_Stimuli//ahead_word_2_WHI.jpg'
65.0170 	EXP 	text_same_practice_3: text = 'SAME / DIFFERENT?'
65.0170 	EXP 	text_12: autoDraw = True
65.0170 	EXP 	image_4: autoDraw = True
65.0170 	EXP 	text_same_practice_3: autoDraw = True
65.1516 	DATA 	Keypress: f
65.1677 	EXP 	text_12: autoDraw = False
65.1677 	EXP 	image_4: autoDraw = False
65.1677 	EXP 	text_same_practice_3: autoDraw = False
65.1677 	EXP 	fixation_3: autoDraw = True
67.1517 	EXP 	New trial (rep=0, index=4): {'Stimulus_Practice': u'ahead_word_1_WHI.jpg', 'Direction': u'ahead', 'Number': 1, 'Background': u'_WHI', 'Format': u'word'}
67.2328 	EXP 	fixation_3: autoDraw = False
67.2328 	EXP 	fixation_3: autoDraw = False
67.2328 	EXP 	image_4: image = u'Extra_Stimuli//ahead_word_1_WHI.jpg'
67.2328 	EXP 	text_same_practice_3: text = ''
67.2328 	EXP 	text_12: autoDraw = True
67.2328 	EXP 	image_4: autoDraw = True
67.2328 	EXP 	text_same_practice_3: autoDraw = True
67.7504 	DATA 	Keypress: f
67.7523 	EXP 	New trial (rep=0, index=5): {'Stimulus_Practice': u'right_word_1_WHI.jpg', 'Direction': u'right', 'Number': 1, 'Background': u'_WHI', 'Format': u'word'}
67.8490 	EXP 	text_12: autoDraw = False
67.8490 	EXP 	image_4: autoDraw = False
67.8490 	EXP 	text_same_practice_3: autoDraw = False
67.8490 	EXP 	fixation_3: autoDraw = False
67.8490 	EXP 	image_4: image = u'Extra_Stimuli//right_word_1_WHI.jpg'
67.8490 	EXP 	text_same_practice_3: text = 'SAME / DIFFERENT?'
67.8490 	EXP 	text_12: autoDraw = True
67.8490 	EXP 	image_4: autoDraw = True
67.8490 	EXP 	text_same_practice_3: autoDraw = True
67.9354 	DATA 	Keypress: f
67.9662 	EXP 	text_12: autoDraw = False
67.9662 	EXP 	image_4: autoDraw = False
67.9662 	EXP 	text_same_practice_3: autoDraw = False
67.9662 	EXP 	fixation_3: autoDraw = True
69.9505 	EXP 	New trial (rep=0, index=6): {'Stimulus_Practice': u'left_word_3_WHI.jpg', 'Direction': u'left', 'Number': 3, 'Background': u'_WHI', 'Format': u'word'}
70.3644 	EXP 	fixation_3: autoDraw = False
70.3644 	EXP 	fixation_3: autoDraw = False
70.3644 	EXP 	image_4: image = u'Extra_Stimuli//left_word_3_WHI.jpg'
70.3644 	EXP 	text_same_practice_3: text = ''
70.3644 	EXP 	text_12: autoDraw = True
70.3644 	EXP 	image_4: autoDraw = True
70.3644 	EXP 	text_same_practice_3: autoDraw = True
70.6487 	DATA 	Keypress: f
70.6507 	EXP 	New trial (rep=0, index=7): {'Stimulus_Practice': u'right_word_3_WHI.jpg', 'Direction': u'right', 'Number': 3, 'Background': u'_WHI', 'Format': u'word'}
70.7643 	EXP 	text_12: autoDraw = False
70.7643 	EXP 	image_4: autoDraw = False
70.7643 	EXP 	text_same_practice_3: autoDraw = False
70.7643 	EXP 	fixation_3: autoDraw = False
70.7643 	EXP 	image_4: image = u'Extra_Stimuli//right_word_3_WHI.jpg'
70.7643 	EXP 	text_same_practice_3: text = 'SAME / DIFFERENT?'
70.7643 	EXP 	text_12: autoDraw = True
70.7643 	EXP 	image_4: autoDraw = True
70.7643 	EXP 	text_same_practice_3: autoDraw = True
70.7987 	DATA 	Keypress: f
70.8147 	EXP 	text_12: autoDraw = False
70.8147 	EXP 	image_4: autoDraw = False
70.8147 	EXP 	text_same_practice_3: autoDraw = False
70.8147 	EXP 	fixation_3: autoDraw = True
72.8982 	EXP 	New trial (rep=1, index=0): None
72.9303 	EXP 	fixation_3: autoDraw = False
72.9303 	EXP 	fixation_3: autoDraw = False
72.9303 	EXP 	text_6: text = 'Ok, before we practice one more time - do you have any questions about the task?'
72.9303 	EXP 	text_6: autoDraw = True
73.3815 	DATA 	Keypress: f
73.5815 	DATA 	Keypress: d
73.6242 	DEBUG 	Read excel file with pandas: Extra_Stimuli//practice_order_WHI_word_2.xlsx
73.6257 	EXP 	Imported Extra_Stimuli//practice_order_WHI_word_2.xlsx as conditions, 8 conditions, 5 params
73.6262 	EXP 	Created sequence: sequential, trialTypes=8, nReps=1, seed=None
73.6269 	EXP 	New trial (rep=0, index=0): {'Stimulus_Practice': u'ahead_word_2_WHI.jpg', 'Direction': u'ahead', 'Number': 2, 'Background': u'_WHI', 'Format': u'word'}
73.6792 	EXP 	text_6: autoDraw = False
73.6792 	EXP 	image: image = u'Extra_Stimuli//ahead_word_2_WHI.jpg'
73.6792 	EXP 	text_same_practice: text = ''
73.6792 	EXP 	text_9: autoDraw = True
73.6792 	EXP 	image: autoDraw = True
73.6792 	EXP 	text_same_practice: autoDraw = True
73.9812 	DATA 	Keypress: f
73.9841 	EXP 	New trial (rep=0, index=1): {'Stimulus_Practice': u'left_word_3_WHI.jpg', 'Direction': u'left', 'Number': 3, 'Background': u'_WHI', 'Format': u'word'}
74.0957 	EXP 	text_9: autoDraw = False
74.0957 	EXP 	image: autoDraw = False
74.0957 	EXP 	text_same_practice: autoDraw = False
74.0957 	EXP 	fixation_1: autoDraw = False
74.0957 	EXP 	image: image = u'Extra_Stimuli//left_word_3_WHI.jpg'
74.0957 	EXP 	text_same_practice: text = 'SAME / DIFFERENT?'
74.0957 	EXP 	text_9: autoDraw = True
74.0957 	EXP 	image: autoDraw = True
74.0957 	EXP 	text_same_practice: autoDraw = True
74.1137 	DATA 	Keypress: f
74.1298 	EXP 	text_9: autoDraw = False
74.1298 	EXP 	image: autoDraw = False
74.1298 	EXP 	text_same_practice: autoDraw = False
74.1298 	EXP 	fixation_1: autoDraw = True
76.1138 	EXP 	New trial (rep=0, index=2): {'Stimulus_Practice': u'right_word_3_WHI.jpg', 'Direction': u'right', 'Number': 3, 'Background': u'_WHI', 'Format': u'word'}
76.1951 	EXP 	fixation_1: autoDraw = False
76.1951 	EXP 	fixation_1: autoDraw = False
76.1951 	EXP 	image: image = u'Extra_Stimuli//right_word_3_WHI.jpg'
76.1951 	EXP 	text_same_practice: text = ''
76.1951 	EXP 	text_9: autoDraw = True
76.1951 	EXP 	image: autoDraw = True
76.1951 	EXP 	text_same_practice: autoDraw = True
78.5118 	DATA 	Keypress: f
78.5138 	EXP 	New trial (rep=0, index=3): {'Stimulus_Practice': u'right_word_1_WHI.jpg', 'Direction': u'right', 'Number': 1, 'Background': u'_WHI', 'Format': u'word'}
78.6269 	EXP 	text_9: autoDraw = False
78.6269 	EXP 	image: autoDraw = False
78.6269 	EXP 	text_same_practice: autoDraw = False
78.6269 	EXP 	fixation_1: autoDraw = False
78.6269 	EXP 	image: image = u'Extra_Stimuli//right_word_1_WHI.jpg'
78.6269 	EXP 	text_same_practice: text = 'SAME / DIFFERENT?'
78.6269 	EXP 	text_9: autoDraw = True
78.6269 	EXP 	image: autoDraw = True
78.6269 	EXP 	text_same_practice: autoDraw = True
78.6444 	DATA 	Keypress: f
78.6611 	EXP 	text_9: autoDraw = False
78.6611 	EXP 	image: autoDraw = False
78.6611 	EXP 	text_same_practice: autoDraw = False
78.6611 	EXP 	fixation_1: autoDraw = True
80.6442 	EXP 	New trial (rep=0, index=4): {'Stimulus_Practice': u'ahead_word_1_WHI.jpg', 'Direction': u'ahead', 'Number': 1, 'Background': u'_WHI', 'Format': u'word'}
80.7257 	EXP 	fixation_1: autoDraw = False
80.7257 	EXP 	fixation_1: autoDraw = False
80.7257 	EXP 	image: image = u'Extra_Stimuli//ahead_word_1_WHI.jpg'
80.7257 	EXP 	text_same_practice: text = ''
80.7257 	EXP 	text_9: autoDraw = True
80.7257 	EXP 	image: autoDraw = True
80.7257 	EXP 	text_same_practice: autoDraw = True
80.9616 	DATA 	Keypress: f
80.9781 	EXP 	New trial (rep=0, index=5): {'Stimulus_Practice': u'ahead_word_3_WHI.jpg', 'Direction': u'ahead', 'Number': 3, 'Background': u'_WHI', 'Format': u'word'}
81.1156 	DATA 	Keypress: f
81.1419 	EXP 	text_9: autoDraw = False
81.1419 	EXP 	image: autoDraw = False
81.1419 	EXP 	text_same_practice: autoDraw = False
81.1419 	EXP 	fixation_1: autoDraw = False
81.1419 	EXP 	image: image = u'Extra_Stimuli//ahead_word_3_WHI.jpg'
81.1419 	EXP 	text_same_practice: text = 'SAME / DIFFERENT?'
81.1419 	EXP 	text_9: autoDraw = True
81.1419 	EXP 	image: autoDraw = True
81.1419 	EXP 	text_same_practice: autoDraw = True
81.5266 	DATA 	Keypress: f
81.5425 	EXP 	text_9: autoDraw = False
81.5425 	EXP 	image: autoDraw = False
81.5425 	EXP 	text_same_practice: autoDraw = False
81.5425 	EXP 	fixation_1: autoDraw = True
83.5262 	EXP 	New trial (rep=0, index=6): {'Stimulus_Practice': u'left_word_1_WHI.jpg', 'Direction': u'left', 'Number': 1, 'Background': u'_WHI', 'Format': u'word'}
83.6075 	EXP 	fixation_1: autoDraw = False
83.6075 	EXP 	fixation_1: autoDraw = False
83.6075 	EXP 	image: image = u'Extra_Stimuli//left_word_1_WHI.jpg'
83.6075 	EXP 	text_same_practice: text = ''
83.6075 	EXP 	text_9: autoDraw = True
83.6075 	EXP 	image: autoDraw = True
83.6075 	EXP 	text_same_practice: autoDraw = True
87.9922 	DATA 	Keypress: f
87.9942 	EXP 	New trial (rep=0, index=7): {'Stimulus_Practice': u'left_word_2_WHI.jpg', 'Direction': u'left', 'Number': 2, 'Background': u'_WHI', 'Format': u'word'}
88.0884 	EXP 	text_9: autoDraw = False
88.0884 	EXP 	image: autoDraw = False
88.0884 	EXP 	text_same_practice: autoDraw = False
88.0884 	EXP 	fixation_1: autoDraw = False
88.0884 	EXP 	image: image = u'Extra_Stimuli//left_word_2_WHI.jpg'
88.0884 	EXP 	text_same_practice: text = 'SAME / DIFFERENT?'
88.0884 	EXP 	text_9: autoDraw = True
88.0884 	EXP 	image: autoDraw = True
88.0884 	EXP 	text_same_practice: autoDraw = True
88.1572 	DATA 	Keypress: f
88.1728 	EXP 	text_9: autoDraw = False
88.1728 	EXP 	image: autoDraw = False
88.1728 	EXP 	text_same_practice: autoDraw = False
88.1728 	EXP 	fixation_1: autoDraw = True
90.3044 	EXP 	fixation_1: autoDraw = False
90.3044 	EXP 	fixation_1: autoDraw = False
90.3044 	EXP 	text_2: autoDraw = True
90.5887 	DATA 	Keypress: f
90.7554 	DATA 	Keypress: f
90.9386 	DATA 	Keypress: d
90.9610 	DEBUG 	Read excel file with pandas: Extra_Stimuli//practice_order_WHI_image_1.xlsx
90.9635 	EXP 	Imported Extra_Stimuli//practice_order_WHI_image_1.xlsx as conditions, 8 conditions, 5 params
90.9643 	EXP 	Created sequence: sequential, trialTypes=8, nReps=1, seed=None
90.9654 	EXP 	New trial (rep=0, index=0): {'Stimulus_Practice': u'ahead_image_1_WHI.jpg', 'Direction': u'ahead', 'Number': 1, 'Background': u'_WHI', 'Format': u'image'}
91.0368 	EXP 	text_2: autoDraw = False
91.0368 	EXP 	image_3: image = u'Extra_Stimuli//ahead_image_1_WHI.jpg'
91.0368 	EXP 	text_same_practice_2: text = ''
91.0368 	EXP 	text_11: autoDraw = True
91.0368 	EXP 	image_3: autoDraw = True
91.0368 	EXP 	text_same_practice_2: autoDraw = True
91.6045 	DATA 	Keypress: f
91.6069 	EXP 	New trial (rep=0, index=1): {'Stimulus_Practice': u'ahead_image_2_WHI.jpg', 'Direction': u'ahead', 'Number': 2, 'Background': u'_WHI', 'Format': u'image'}
91.7198 	EXP 	text_11: autoDraw = False
91.7198 	EXP 	image_3: autoDraw = False
91.7198 	EXP 	text_same_practice_2: autoDraw = False
91.7198 	EXP 	fixation_2: autoDraw = False
91.7198 	EXP 	image_3: image = u'Extra_Stimuli//ahead_image_2_WHI.jpg'
91.7198 	EXP 	text_same_practice_2: text = 'SAME / DIFFERENT?'
91.7198 	EXP 	text_11: autoDraw = True
91.7198 	EXP 	image_3: autoDraw = True
91.7198 	EXP 	text_same_practice_2: autoDraw = True
91.7377 	DATA 	Keypress: f
91.7538 	EXP 	text_11: autoDraw = False
91.7538 	EXP 	image_3: autoDraw = False
91.7538 	EXP 	text_same_practice_2: autoDraw = False
91.7538 	EXP 	fixation_2: autoDraw = True
93.7379 	EXP 	New trial (rep=0, index=2): {'Stimulus_Practice': u'left_image_1_WHI.jpg', 'Direction': u'left', 'Number': 1, 'Background': u'_WHI', 'Format': u'image'}
93.8354 	EXP 	fixation_2: autoDraw = False
93.8354 	EXP 	fixation_2: autoDraw = False
93.8354 	EXP 	image_3: image = u'Extra_Stimuli//left_image_1_WHI.jpg'
93.8354 	EXP 	text_same_practice_2: text = ''
93.8354 	EXP 	text_11: autoDraw = True
93.8354 	EXP 	image_3: autoDraw = True
93.8354 	EXP 	text_same_practice_2: autoDraw = True
94.1531 	DATA 	Keypress: f
94.1551 	EXP 	New trial (rep=0, index=3): {'Stimulus_Practice': u'right_image_1_WHI.jpg', 'Direction': u'right', 'Number': 1, 'Background': u'_WHI', 'Format': u'image'}
94.2520 	DATA 	Keypress: f
94.2689 	EXP 	text_11: autoDraw = False
94.2689 	EXP 	image_3: autoDraw = False
94.2689 	EXP 	text_same_practice_2: autoDraw = False
94.2689 	EXP 	fixation_2: autoDraw = False
94.2689 	EXP 	image_3: image = u'Extra_Stimuli//right_image_1_WHI.jpg'
94.2689 	EXP 	text_same_practice_2: text = 'SAME / DIFFERENT?'
94.2689 	EXP 	text_11: autoDraw = True
94.2689 	EXP 	image_3: autoDraw = True
94.2689 	EXP 	text_same_practice_2: autoDraw = True
94.2861 	EXP 	text_11: autoDraw = False
94.2861 	EXP 	image_3: autoDraw = False
94.2861 	EXP 	text_same_practice_2: autoDraw = False
94.2861 	EXP 	fixation_2: autoDraw = True
96.2695 	EXP 	New trial (rep=0, index=4): {'Stimulus_Practice': u'right_image_2_WHI.jpg', 'Direction': u'right', 'Number': 2, 'Background': u'_WHI', 'Format': u'image'}
96.3729 	EXP 	fixation_2: autoDraw = False
96.3729 	EXP 	fixation_2: autoDraw = False
96.3729 	EXP 	image_3: image = u'Extra_Stimuli//right_image_2_WHI.jpg'
96.3729 	EXP 	text_same_practice_2: text = ''
96.3729 	EXP 	text_11: autoDraw = True
96.3729 	EXP 	image_3: autoDraw = True
96.3729 	EXP 	text_same_practice_2: autoDraw = True
96.7073 	DATA 	Keypress: f
96.7093 	EXP 	New trial (rep=0, index=5): {'Stimulus_Practice': u'left_image_2_WHI.jpg', 'Direction': u'left', 'Number': 2, 'Background': u'_WHI', 'Format': u'image'}
96.8226 	EXP 	text_11: autoDraw = False
96.8226 	EXP 	image_3: autoDraw = False
96.8226 	EXP 	text_same_practice_2: autoDraw = False
96.8226 	EXP 	fixation_2: autoDraw = False
96.8226 	EXP 	image_3: image = u'Extra_Stimuli//left_image_2_WHI.jpg'
96.8226 	EXP 	text_same_practice_2: text = 'SAME / DIFFERENT?'
96.8226 	EXP 	text_11: autoDraw = True
96.8226 	EXP 	image_3: autoDraw = True
96.8226 	EXP 	text_same_practice_2: autoDraw = True
97.1904 	DATA 	Keypress: f
97.2073 	EXP 	text_11: autoDraw = False
97.2073 	EXP 	image_3: autoDraw = False
97.2073 	EXP 	text_same_practice_2: autoDraw = False
97.2073 	EXP 	fixation_2: autoDraw = True
99.1893 	EXP 	New trial (rep=0, index=6): {'Stimulus_Practice': u'left_image_3_WHI.jpg', 'Direction': u'left', 'Number': 3, 'Background': u'_WHI', 'Format': u'image'}
99.2713 	EXP 	fixation_2: autoDraw = False
99.2713 	EXP 	fixation_2: autoDraw = False
99.2713 	EXP 	image_3: image = u'Extra_Stimuli//left_image_3_WHI.jpg'
99.2713 	EXP 	text_same_practice_2: text = ''
99.2713 	EXP 	text_11: autoDraw = True
99.2713 	EXP 	image_3: autoDraw = True
99.2713 	EXP 	text_same_practice_2: autoDraw = True
99.5559 	DATA 	Keypress: f
99.5581 	EXP 	New trial (rep=0, index=7): {'Stimulus_Practice': u'ahead_image_3_WHI.jpg', 'Direction': u'ahead', 'Number': 3, 'Background': u'_WHI', 'Format': u'image'}
99.6545 	EXP 	text_11: autoDraw = False
99.6545 	EXP 	image_3: autoDraw = False
99.6545 	EXP 	text_same_practice_2: autoDraw = False
99.6545 	EXP 	fixation_2: autoDraw = False
99.6545 	EXP 	image_3: image = u'Extra_Stimuli//ahead_image_3_WHI.jpg'
99.6545 	EXP 	text_same_practice_2: text = 'SAME / DIFFERENT?'
99.6545 	EXP 	text_11: autoDraw = True
99.6545 	EXP 	image_3: autoDraw = True
99.6545 	EXP 	text_same_practice_2: autoDraw = True
100.9717 	DATA 	Keypress: f
100.9878 	EXP 	text_11: autoDraw = False
100.9878 	EXP 	image_3: autoDraw = False
100.9878 	EXP 	text_same_practice_2: autoDraw = False
100.9878 	EXP 	fixation_2: autoDraw = True
103.0982 	EXP 	fixation_2: autoDraw = False
103.0982 	EXP 	fixation_2: autoDraw = False
103.0982 	EXP 	text_2: autoDraw = True
103.3485 	DATA 	Keypress: f
103.6483 	DATA 	Keypress: d
103.6707 	DEBUG 	Read excel file with pandas: Extra_Stimuli//practice_order_WHI_schema_2.xlsx
103.6732 	EXP 	Imported Extra_Stimuli//practice_order_WHI_schema_2.xlsx as conditions, 8 conditions, 5 params
103.6740 	EXP 	Created sequence: sequential, trialTypes=8, nReps=1, seed=None
103.6752 	EXP 	New trial (rep=0, index=0): {'Stimulus_Practice': u'right_schema_3_WHI.jpg', 'Direction': u'right', 'Number': 3, 'Background': u'_WHI', 'Format': u'schema'}
103.7471 	EXP 	text_2: autoDraw = False
103.7471 	EXP 	image_4: image = u'Extra_Stimuli//right_schema_3_WHI.jpg'
103.7471 	EXP 	text_same_practice_3: text = ''
103.7471 	EXP 	text_12: autoDraw = True
103.7471 	EXP 	image_4: autoDraw = True
103.7471 	EXP 	text_same_practice_3: autoDraw = True
104.0536 	DATA 	Keypress: f
104.0561 	EXP 	New trial (rep=0, index=1): {'Stimulus_Practice': u'right_schema_2_WHI.jpg', 'Direction': u'right', 'Number': 2, 'Background': u'_WHI', 'Format': u'schema'}
104.1522 	EXP 	text_12: autoDraw = False
104.1522 	EXP 	image_4: autoDraw = False
104.1522 	EXP 	text_same_practice_3: autoDraw = False
104.1522 	EXP 	fixation_3: autoDraw = False
104.1522 	EXP 	image_4: image = u'Extra_Stimuli//right_schema_2_WHI.jpg'
104.1522 	EXP 	text_same_practice_3: text = 'SAME / DIFFERENT?'
104.1522 	EXP 	text_12: autoDraw = True
104.1522 	EXP 	image_4: autoDraw = True
104.1522 	EXP 	text_same_practice_3: autoDraw = True
104.1870 	DATA 	Keypress: f
104.2029 	EXP 	text_12: autoDraw = False
104.2029 	EXP 	image_4: autoDraw = False
104.2029 	EXP 	text_same_practice_3: autoDraw = False
104.2029 	EXP 	fixation_3: autoDraw = True
106.1865 	EXP 	New trial (rep=0, index=2): {'Stimulus_Practice': u'left_schema_3_WHI.jpg', 'Direction': u'left', 'Number': 3, 'Background': u'_WHI', 'Format': u'schema'}
106.2684 	EXP 	fixation_3: autoDraw = False
106.2684 	EXP 	fixation_3: autoDraw = False
106.2684 	EXP 	image_4: image = u'Extra_Stimuli//left_schema_3_WHI.jpg'
106.2684 	EXP 	text_same_practice_3: text = ''
106.2684 	EXP 	text_12: autoDraw = True
106.2684 	EXP 	image_4: autoDraw = True
106.2684 	EXP 	text_same_practice_3: autoDraw = True
106.5196 	DATA 	Keypress: f
106.5215 	EXP 	New trial (rep=0, index=3): {'Stimulus_Practice': u'ahead_schema_1_WHI.jpg', 'Direction': u'ahead', 'Number': 1, 'Background': u'_WHI', 'Format': u'schema'}
106.6009 	EXP 	text_12: autoDraw = False
106.6009 	EXP 	image_4: autoDraw = False
106.6009 	EXP 	text_same_practice_3: autoDraw = False
106.6009 	EXP 	fixation_3: autoDraw = False
106.6009 	EXP 	image_4: image = u'Extra_Stimuli//ahead_schema_1_WHI.jpg'
106.6009 	EXP 	text_same_practice_3: text = 'SAME / DIFFERENT?'
106.6009 	EXP 	text_12: autoDraw = True
106.6009 	EXP 	image_4: autoDraw = True
106.6009 	EXP 	text_same_practice_3: autoDraw = True
107.0353 	DATA 	Keypress: f
107.0514 	EXP 	text_12: autoDraw = False
107.0514 	EXP 	image_4: autoDraw = False
107.0514 	EXP 	text_same_practice_3: autoDraw = False
107.0514 	EXP 	fixation_3: autoDraw = True
109.0354 	EXP 	New trial (rep=0, index=4): {'Stimulus_Practice': u'ahead_schema_3_WHI.jpg', 'Direction': u'ahead', 'Number': 3, 'Background': u'_WHI', 'Format': u'schema'}
109.1164 	EXP 	fixation_3: autoDraw = False
109.1164 	EXP 	fixation_3: autoDraw = False
109.1164 	EXP 	image_4: image = u'Extra_Stimuli//ahead_schema_3_WHI.jpg'
109.1164 	EXP 	text_same_practice_3: text = ''
109.1164 	EXP 	text_12: autoDraw = True
109.1164 	EXP 	image_4: autoDraw = True
109.1164 	EXP 	text_same_practice_3: autoDraw = True
109.3677 	DATA 	Keypress: f
109.3855 	EXP 	New trial (rep=0, index=5): {'Stimulus_Practice': u'left_schema_1_WHI.jpg', 'Direction': u'left', 'Number': 1, 'Background': u'_WHI', 'Format': u'schema'}
109.4998 	EXP 	text_12: autoDraw = False
109.4998 	EXP 	image_4: autoDraw = False
109.4998 	EXP 	text_same_practice_3: autoDraw = False
109.4998 	EXP 	fixation_3: autoDraw = False
109.4998 	EXP 	image_4: image = u'Extra_Stimuli//left_schema_1_WHI.jpg'
109.4998 	EXP 	text_same_practice_3: text = 'SAME / DIFFERENT?'
109.4998 	EXP 	text_12: autoDraw = True
109.4998 	EXP 	image_4: autoDraw = True
109.4998 	EXP 	text_same_practice_3: autoDraw = True
109.5174 	DATA 	Keypress: f
109.5334 	EXP 	text_12: autoDraw = False
109.5334 	EXP 	image_4: autoDraw = False
109.5334 	EXP 	text_same_practice_3: autoDraw = False
109.5334 	EXP 	fixation_3: autoDraw = True
111.5170 	EXP 	New trial (rep=0, index=6): {'Stimulus_Practice': u'ahead_schema_2_WHI.jpg', 'Direction': u'ahead', 'Number': 2, 'Background': u'_WHI', 'Format': u'schema'}
111.5985 	EXP 	fixation_3: autoDraw = False
111.5985 	EXP 	fixation_3: autoDraw = False
111.5985 	EXP 	image_4: image = u'Extra_Stimuli//ahead_schema_2_WHI.jpg'
111.5985 	EXP 	text_same_practice_3: text = ''
111.5985 	EXP 	text_12: autoDraw = True
111.5985 	EXP 	image_4: autoDraw = True
111.5985 	EXP 	text_same_practice_3: autoDraw = True
111.8495 	DATA 	Keypress: f
111.8515 	EXP 	New trial (rep=0, index=7): {'Stimulus_Practice': u'left_schema_2_WHI.jpg', 'Direction': u'left', 'Number': 2, 'Background': u'_WHI', 'Format': u'schema'}
111.9482 	EXP 	text_12: autoDraw = False
111.9482 	EXP 	image_4: autoDraw = False
111.9482 	EXP 	text_same_practice_3: autoDraw = False
111.9482 	EXP 	fixation_3: autoDraw = False
111.9482 	EXP 	image_4: image = u'Extra_Stimuli//left_schema_2_WHI.jpg'
111.9482 	EXP 	text_same_practice_3: text = 'SAME / DIFFERENT?'
111.9482 	EXP 	text_12: autoDraw = True
111.9482 	EXP 	image_4: autoDraw = True
111.9482 	EXP 	text_same_practice_3: autoDraw = True
111.9661 	DATA 	Keypress: f
111.9821 	EXP 	text_12: autoDraw = False
111.9821 	EXP 	image_4: autoDraw = False
111.9821 	EXP 	text_same_practice_3: autoDraw = False
111.9821 	EXP 	fixation_3: autoDraw = True
114.1203 	EXP 	fixation_3: autoDraw = False
114.1203 	EXP 	fixation_3: autoDraw = False
114.1203 	EXP 	text_10: autoDraw = True
114.5878 	DATA 	Keypress: d
114.8838 	DEBUG 	Read csv file with pandas: Sequences//1003vva_within_whi_order.csv
114.9155 	EXP 	Imported Sequences//1003vva_within_whi_order.csv as conditions, 360 conditions, 4 params
114.9203 	EXP 	Created sequence: sequential, trialTypes=360, nReps=1, seed=None
114.9215 	EXP 	New trial (rep=0, index=0): {'Stimulus': u'right_schema_7_WHI.jpg', 'direction': u'right', 'number': 7, 'format': u'schema'}
115.0866 	EXP 	text_10: autoDraw = False
115.0866 	EXP 	image_2: image = u'21_Stimuli//right_schema_7_WHI.jpg'
115.0866 	EXP 	text_same: text = ''
115.0866 	EXP 	image_2: autoDraw = True
115.0866 	EXP 	text_same: autoDraw = True
115.5705 	DATA 	Keypress: f
115.5732 	EXP 	New trial (rep=0, index=1): {'Stimulus': u'ahead_schema_1_WHI.jpg', 'direction': u'ahead', 'number': 1, 'format': u'schema'}
115.7358 	EXP 	image_2: autoDraw = False
115.7358 	EXP 	text_same: autoDraw = False
115.7358 	EXP 	fixation_4: autoDraw = False
115.7358 	EXP 	image_2: image = u'21_Stimuli//ahead_schema_1_WHI.jpg'
115.7358 	EXP 	text_same: text = 'SAME / DIFFERENT?'
115.7358 	EXP 	image_2: autoDraw = True
115.7358 	EXP 	text_same: autoDraw = True
115.7539 	DATA 	Keypress: f
115.7702 	EXP 	image_2: autoDraw = False
115.7702 	EXP 	text_same: autoDraw = False
115.7702 	EXP 	fixation_4: autoDraw = True
117.7534 	EXP 	New trial (rep=0, index=2): {'Stimulus': u'right_schema_20_WHI.jpg', 'direction': u'right', 'number': 20, 'format': u'schema'}
117.8850 	EXP 	fixation_4: autoDraw = False
117.8850 	EXP 	fixation_4: autoDraw = False
117.8850 	EXP 	image_2: image = u'21_Stimuli//right_schema_20_WHI.jpg'
117.8850 	EXP 	text_same: text = ''
117.8850 	EXP 	image_2: autoDraw = True
117.8850 	EXP 	text_same: autoDraw = True
118.1862 	DATA 	Keypress: f
118.1881 	EXP 	New trial (rep=0, index=3): {'Stimulus': u'right_schema_11_WHI.jpg', 'direction': u'right', 'number': 11, 'format': u'schema'}
118.3515 	EXP 	image_2: autoDraw = False
118.3515 	EXP 	text_same: autoDraw = False
118.3515 	EXP 	fixation_4: autoDraw = False
118.3515 	EXP 	image_2: image = u'21_Stimuli//right_schema_11_WHI.jpg'
118.3515 	EXP 	text_same: text = 'SAME / DIFFERENT?'
118.3515 	EXP 	image_2: autoDraw = True
118.3515 	EXP 	text_same: autoDraw = True
118.3701 	DATA 	Keypress: f
118.3862 	EXP 	image_2: autoDraw = False
118.3862 	EXP 	text_same: autoDraw = False
118.3862 	EXP 	fixation_4: autoDraw = True
120.3696 	EXP 	New trial (rep=0, index=4): {'Stimulus': u'ahead_schema_15_WHI.jpg', 'direction': u'ahead', 'number': 15, 'format': u'schema'}
120.5099 	EXP 	fixation_4: autoDraw = False
120.5099 	EXP 	fixation_4: autoDraw = False
120.5099 	EXP 	image_2: image = u'21_Stimuli//ahead_schema_15_WHI.jpg'
120.5099 	EXP 	text_same: text = ''
120.5099 	EXP 	image_2: autoDraw = True
120.5099 	EXP 	text_same: autoDraw = True
120.7956 	DATA 	Keypress: f
120.8120 	EXP 	New trial (rep=0, index=5): {'Stimulus': u'ahead_schema_4_WHI.jpg', 'direction': u'ahead', 'number': 4, 'format': u'schema'}
120.9597 	EXP 	image_2: autoDraw = False
120.9597 	EXP 	text_same: autoDraw = False
120.9597 	EXP 	fixation_4: autoDraw = False
120.9597 	EXP 	image_2: image = u'21_Stimuli//ahead_schema_4_WHI.jpg'
120.9597 	EXP 	text_same: text = 'SAME / DIFFERENT?'
120.9597 	EXP 	image_2: autoDraw = True
120.9597 	EXP 	text_same: autoDraw = True
121.4605 	DATA 	Keypress: f
121.4767 	EXP 	image_2: autoDraw = False
121.4767 	EXP 	text_same: autoDraw = False
121.4767 	EXP 	fixation_4: autoDraw = True
123.4599 	EXP 	New trial (rep=0, index=6): {'Stimulus': u'left_schema_2_WHI.jpg', 'direction': u'left', 'number': 2, 'format': u'schema'}
123.6141 	EXP 	fixation_4: autoDraw = False
123.6141 	EXP 	fixation_4: autoDraw = False
123.6141 	EXP 	image_2: image = u'21_Stimuli//left_schema_2_WHI.jpg'
123.6141 	EXP 	text_same: text = ''
123.6141 	EXP 	image_2: autoDraw = True
123.6141 	EXP 	text_same: autoDraw = True
123.8984 	DATA 	Keypress: f
123.9003 	EXP 	New trial (rep=0, index=7): {'Stimulus': u'ahead_schema_9_WHI.jpg', 'direction': u'ahead', 'number': 9, 'format': u'schema'}
124.0466 	EXP 	image_2: autoDraw = False
124.0466 	EXP 	text_same: autoDraw = False
124.0466 	EXP 	fixation_4: autoDraw = False
124.0466 	EXP 	image_2: image = u'21_Stimuli//ahead_schema_9_WHI.jpg'
124.0466 	EXP 	text_same: text = 'SAME / DIFFERENT?'
124.0466 	EXP 	image_2: autoDraw = True
124.0466 	EXP 	text_same: autoDraw = True
124.2979 	DATA 	Keypress: f
124.3140 	EXP 	image_2: autoDraw = False
124.3140 	EXP 	text_same: autoDraw = False
124.3140 	EXP 	fixation_4: autoDraw = True
126.2975 	EXP 	New trial (rep=0, index=8): {'Stimulus': u'ahead_schema_16_WHI.jpg', 'direction': u'ahead', 'number': 16, 'format': u'schema'}
126.4348 	EXP 	fixation_4: autoDraw = False
126.4348 	EXP 	fixation_4: autoDraw = False
126.4348 	EXP 	image_2: image = u'21_Stimuli//ahead_schema_16_WHI.jpg'
126.4348 	EXP 	text_same: text = ''
126.4348 	EXP 	image_2: autoDraw = True
126.4348 	EXP 	text_same: autoDraw = True
126.6861 	DATA 	Keypress: f
126.6880 	EXP 	New trial (rep=0, index=9): {'Stimulus': u'right_schema_4_WHI.jpg', 'direction': u'right', 'number': 4, 'format': u'schema'}
126.8342 	EXP 	image_2: autoDraw = False
126.8342 	EXP 	text_same: autoDraw = False
126.8342 	EXP 	fixation_4: autoDraw = False
126.8342 	EXP 	image_2: image = u'21_Stimuli//right_schema_4_WHI.jpg'
126.8342 	EXP 	text_same: text = 'SAME / DIFFERENT?'
126.8342 	EXP 	image_2: autoDraw = True
126.8342 	EXP 	text_same: autoDraw = True
126.9528 	DATA 	Keypress: f
126.9848 	EXP 	image_2: autoDraw = False
126.9848 	EXP 	text_same: autoDraw = False
126.9848 	EXP 	fixation_4: autoDraw = True
128.9689 	EXP 	New trial (rep=0, index=10): {'Stimulus': u'ahead_schema_17_WHI.jpg', 'direction': u'ahead', 'number': 17, 'format': u'schema'}
129.1011 	EXP 	fixation_4: autoDraw = False
129.1011 	EXP 	fixation_4: autoDraw = False
129.1011 	EXP 	image_2: image = u'21_Stimuli//ahead_schema_17_WHI.jpg'
129.1011 	EXP 	text_same: text = ''
129.1011 	EXP 	image_2: autoDraw = True
129.1011 	EXP 	text_same: autoDraw = True
129.5346 	DATA 	Keypress: f
129.5365 	EXP 	New trial (rep=0, index=11): {'Stimulus': u'ahead_schema_6_WHI.jpg', 'direction': u'ahead', 'number': 6, 'format': u'schema'}
129.6996 	EXP 	image_2: autoDraw = False
129.6996 	EXP 	text_same: autoDraw = False
129.6996 	EXP 	fixation_4: autoDraw = False
129.6996 	EXP 	image_2: image = u'21_Stimuli//ahead_schema_6_WHI.jpg'
129.6996 	EXP 	text_same: text = 'SAME / DIFFERENT?'
129.6996 	EXP 	image_2: autoDraw = True
129.6996 	EXP 	text_same: autoDraw = True
129.8341 	DATA 	Keypress: f
129.8502 	EXP 	image_2: autoDraw = False
129.8502 	EXP 	text_same: autoDraw = False
129.8502 	EXP 	fixation_4: autoDraw = True
131.8338 	EXP 	New trial (rep=0, index=12): {'Stimulus': u'left_schema_7_WHI.jpg', 'direction': u'left', 'number': 7, 'format': u'schema'}
131.9677 	EXP 	fixation_4: autoDraw = False
131.9677 	EXP 	fixation_4: autoDraw = False
131.9677 	EXP 	image_2: image = u'21_Stimuli//left_schema_7_WHI.jpg'
131.9677 	EXP 	text_same: text = ''
131.9677 	EXP 	image_2: autoDraw = True
131.9677 	EXP 	text_same: autoDraw = True
132.1858 	DATA 	Keypress: f
132.1878 	EXP 	New trial (rep=0, index=13): {'Stimulus': u'ahead_schema_10_WHI.jpg', 'direction': u'ahead', 'number': 10, 'format': u'schema'}
132.3513 	EXP 	image_2: autoDraw = False
132.3513 	EXP 	text_same: autoDraw = False
132.3513 	EXP 	fixation_4: autoDraw = False
132.3513 	EXP 	image_2: image = u'21_Stimuli//ahead_schema_10_WHI.jpg'
132.3513 	EXP 	text_same: text = 'SAME / DIFFERENT?'
132.3513 	EXP 	image_2: autoDraw = True
132.3513 	EXP 	text_same: autoDraw = True
132.5023 	DATA 	Keypress: f
132.5179 	EXP 	image_2: autoDraw = False
132.5179 	EXP 	text_same: autoDraw = False
132.5179 	EXP 	fixation_4: autoDraw = True
134.5021 	EXP 	New trial (rep=0, index=14): {'Stimulus': u'right_schema_16_WHI.jpg', 'direction': u'right', 'number': 16, 'format': u'schema'}
135.5739 	EXP 	fixation_4: autoDraw = False
135.5739 	EXP 	fixation_4: autoDraw = False
135.5739 	EXP 	image_2: image = u'21_Stimuli//right_schema_16_WHI.jpg'
135.5739 	EXP 	text_same: text = ''
135.5739 	EXP 	image_2: autoDraw = True
135.5739 	EXP 	text_same: autoDraw = True
135.7919 	DATA 	Keypress: f
135.7940 	EXP 	New trial (rep=0, index=15): {'Stimulus': u'left_schema_3_WHI.jpg', 'direction': u'left', 'number': 3, 'format': u'schema'}
135.9403 	EXP 	image_2: autoDraw = False
135.9403 	EXP 	text_same: autoDraw = False
135.9403 	EXP 	fixation_4: autoDraw = False
135.9403 	EXP 	image_2: image = u'21_Stimuli//left_schema_3_WHI.jpg'
135.9403 	EXP 	text_same: text = 'SAME / DIFFERENT?'
135.9403 	EXP 	image_2: autoDraw = True
135.9403 	EXP 	text_same: autoDraw = True
136.0249 	DATA 	Keypress: f
136.0408 	EXP 	image_2: autoDraw = False
136.0408 	EXP 	text_same: autoDraw = False
136.0408 	EXP 	fixation_4: autoDraw = True
138.0244 	EXP 	New trial (rep=0, index=16): {'Stimulus': u'left_schema_10_WHI.jpg', 'direction': u'left', 'number': 10, 'format': u'schema'}
138.1767 	EXP 	fixation_4: autoDraw = False
138.1767 	EXP 	fixation_4: autoDraw = False
138.1767 	EXP 	image_2: image = u'21_Stimuli//left_schema_10_WHI.jpg'
138.1767 	EXP 	text_same: text = ''
138.1767 	EXP 	image_2: autoDraw = True
138.1767 	EXP 	text_same: autoDraw = True
138.4444 	DATA 	Keypress: f
138.4465 	EXP 	New trial (rep=0, index=17): {'Stimulus': u'left_schema_1_WHI.jpg', 'direction': u'left', 'number': 1, 'format': u'schema'}
138.6265 	EXP 	image_2: autoDraw = False
138.6265 	EXP 	text_same: autoDraw = False
138.6265 	EXP 	fixation_4: autoDraw = False
138.6265 	EXP 	image_2: image = u'21_Stimuli//left_schema_1_WHI.jpg'
138.6265 	EXP 	text_same: text = 'SAME / DIFFERENT?'
138.6265 	EXP 	image_2: autoDraw = True
138.6265 	EXP 	text_same: autoDraw = True
138.6945 	DATA 	Keypress: f
138.7103 	EXP 	image_2: autoDraw = False
138.7103 	EXP 	text_same: autoDraw = False
138.7103 	EXP 	fixation_4: autoDraw = True
140.6945 	EXP 	New trial (rep=0, index=18): {'Stimulus': u'ahead_schema_7_WHI.jpg', 'direction': u'ahead', 'number': 7, 'format': u'schema'}
140.8259 	EXP 	fixation_4: autoDraw = False
140.8259 	EXP 	fixation_4: autoDraw = False
140.8259 	EXP 	image_2: image = u'21_Stimuli//ahead_schema_7_WHI.jpg'
140.8259 	EXP 	text_same: text = ''
140.8259 	EXP 	image_2: autoDraw = True
140.8259 	EXP 	text_same: autoDraw = True
141.0935 	DATA 	Keypress: f
141.0963 	EXP 	New trial (rep=0, index=19): {'Stimulus': u'left_schema_14_WHI.jpg', 'direction': u'left', 'number': 14, 'format': u'schema'}
141.2424 	EXP 	image_2: autoDraw = False
141.2424 	EXP 	text_same: autoDraw = False
141.2424 	EXP 	fixation_4: autoDraw = False
141.2424 	EXP 	image_2: image = u'21_Stimuli//left_schema_14_WHI.jpg'
141.2424 	EXP 	text_same: text = 'SAME / DIFFERENT?'
141.2424 	EXP 	image_2: autoDraw = True
141.2424 	EXP 	text_same: autoDraw = True
141.3933 	DATA 	Keypress: f
141.4094 	EXP 	image_2: autoDraw = False
141.4094 	EXP 	text_same: autoDraw = False
144.2432 	DATA 	Keypress: escape
147.5653 	DATA 	Keypress: escape
148.3547 	DATA 	Keypress: d
