9.9680 	ERROR 	Requested audio device 'default' that is not available on this hardware. The 'audioDevice' preference should be one of ['Speakers / Headphones (Realtek ', 'Primary Sound Driver', 'Speakers / Headphones (Realtek High Definition Audio)', 'Microsoft Sound Mapper - Output']
15.1940 	INFO 	Loaded monitor calibration from ['2016_05_25 15:27']
16.7039 	DATA 	Mouse: Left button down, pos=(816,646)
16.7040 	DATA 	Mouse:  Left button up, pos=(816,646)
17.1772 	EXP 	Created window1 = Window(allowGUI=False, allowStencil=False, autoLog=True, bitsMode=UNKNOWN, blendMode='avg', color=array([ 0.4,  0.4,  0.4]), colorSpace='rgb', fullscr=UNKNOWN, gamma=None, lms=UNKNOWN, monitor=<psychopy.monitors.calibTools.Monitor object at 0x15201E90>, multiSample=False, name='window1', numSamples=2, pos=[0, 0], screen=0, size=array([1920, 1080]), stereo=False, units=u'norm', useFBO=True, useRetina=False, viewOri=0.0, viewPos=None, viewScale=None, waitBlanking=True, winType='pyglet')
17.1773 	EXP 	window1: recordFrameIntervals = False
17.3447 	EXP 	window1: recordFrameIntervals = True
17.5258 	DEBUG 	Screen (0) actual frame rate measured at 60.38
17.5259 	EXP 	window1: recordFrameIntervals = False
17.8898 	EXP 	Created text_4 = TextStim(alignHoriz='center', alignVert='center', antialias=True, autoLog=True, bold=False, color='black', colorSpace='named', contrast=1.0, depth=0.0, flipHoriz=False, flipVert=False, font='Arial', fontFiles=[], height=0.1, italic=False, name='text_4', opacity=1.0, ori=0, pos=array([ 0.,  0.]), rgb=array([ 0.,  0.,  0.]), text=unicode(...), units=u'norm', win=Window(...), wrapWidth=1.5)
17.9061 	EXP 	Created text_3 = TextStim(alignHoriz='center', alignVert='center', antialias=True, autoLog=True, bold=False, color='black', colorSpace='named', contrast=1.0, depth=-1.0, flipHoriz=False, flipVert=False, font='Arial', fontFiles=[], height=0.1, italic=False, name='text_3', opacity=1.0, ori=0, pos=array([ 0.,  0.]), rgb=array([ 0.,  0.,  0.]), text=unicode(...), units=u'norm', win=Window(...), wrapWidth=1)
17.9243 	EXP 	Created image_5 = ImageStim(autoLog=True, color=array([ 1.,  1.,  1.]), colorSpace='rgb', contrast=1.0, depth=0.0, flipHoriz=False, flipVert=False, image='sin', interpolate=True, mask=None, maskParams=None, name='image_5', opacity=1.0, ori=0.0, pos=array([ 0.,  0.]), size=array([ 0.67,  0.67]), texRes=128, units='height', win=Window(...))
17.9252 	EXP 	Created text_6 = TextStim(alignHoriz='center', alignVert='center', antialias=True, autoLog=True, bold=False, color='black', colorSpace='named', contrast=1.0, depth=0.0, flipHoriz=False, flipVert=False, font='Arial', fontFiles=[], height=0.1, italic=False, name='text_6', opacity=1.0, ori=0, pos=array([ 0.,  0.]), rgb=array([ 0.,  0.,  0.]), text='', units=u'norm', win=Window(...), wrapWidth=1.5)
17.9260 	EXP 	Created text_9 = TextStim(alignHoriz='center', alignVert='center', antialias=True, autoLog=True, bold=False, color='black', colorSpace='named', contrast=1.0, depth=-1.0, flipHoriz=False, flipVert=False, font='Arial', fontFiles=[], height=0.1, italic=False, name='text_9', opacity=1.0, ori=0, pos=array([ 0. , -0.6]), rgb=array([ 0.,  0.,  0.]), text='', units=u'norm', win=Window(...), wrapWidth=1)
17.9285 	EXP 	Created image = ImageStim(autoLog=True, color=array([ 1.,  1.,  1.]), colorSpace='rgb', contrast=1.0, depth=-2.0, flipHoriz=False, flipVert=False, image='sin', interpolate=True, mask=None, maskParams=None, name='image', opacity=1.0, ori=0.0, pos=array([ 0.,  0.]), size=array([ 0.67,  0.67]), texRes=128, units='height', win=Window(...))
17.9293 	EXP 	Created text_same_practice = TextStim(alignHoriz='center', alignVert='center', antialias=True, autoLog=True, bold=False, color='black', colorSpace='named', contrast=1.0, depth=-3.0, flipHoriz=False, flipVert=False, font='Arial', fontFiles=[], height=0.1, italic=False, name='text_same_practice', opacity=1.0, ori=0, pos=array([ 0. , -0.8]), rgb=array([ 0.,  0.,  0.]), text='', units=u'norm', win=Window(...), wrapWidth=1)
17.9346 	EXP 	Created fixation_1 = TextStim(alignHoriz='center', alignVert='center', antialias=True, autoLog=True, bold=False, color='black', colorSpace='named', contrast=1.0, depth=0.0, flipHoriz=False, flipVert=False, font='Arial', fontFiles=[], height=0.1, italic=False, name='fixation_1', opacity=1.0, ori=0, pos=array([ 0.,  0.]), rgb=array([ 0.,  0.,  0.]), text=u'+', units=u'norm', win=Window(...), wrapWidth=1)
17.9408 	EXP 	Created text_2 = TextStim(alignHoriz='center', alignVert='center', antialias=True, autoLog=True, bold=False, color='black', colorSpace='named', contrast=1.0, depth=0.0, flipHoriz=False, flipVert=False, font='Arial', fontFiles=[], height=0.1, italic=False, name='text_2', opacity=1.0, ori=0, pos=array([ 0.,  0.]), rgb=array([ 0.,  0.,  0.]), text=u'Time for a short break.', units=u'norm', win=Window(...), wrapWidth=1)
17.9416 	EXP 	Created text_11 = TextStim(alignHoriz='center', alignVert='center', antialias=True, autoLog=True, bold=False, color='black', colorSpace='named', contrast=1.0, depth=-1.0, flipHoriz=False, flipVert=False, font='Arial', fontFiles=[], height=0.1, italic=False, name='text_11', opacity=1.0, ori=0, pos=array([ 0. , -0.6]), rgb=array([ 0.,  0.,  0.]), text='', units=u'norm', win=Window(...), wrapWidth=1)
17.9437 	EXP 	Created image_3 = ImageStim(autoLog=True, color=array([ 1.,  1.,  1.]), colorSpace='rgb', contrast=1.0, depth=-2.0, flipHoriz=False, flipVert=False, image='sin', interpolate=True, mask=None, maskParams=None, name='image_3', opacity=1.0, ori=0.0, pos=array([ 0.,  0.]), size=array([ 0.67,  0.67]), texRes=128, units='height', win=Window(...))
17.9445 	EXP 	Created text_same_practice_2 = TextStim(alignHoriz='center', alignVert='center', antialias=True, autoLog=True, bold=False, color='black', colorSpace='named', contrast=1.0, depth=-3.0, flipHoriz=False, flipVert=False, font='Arial', fontFiles=[], height=0.1, italic=False, name='text_same_practice_2', opacity=1.0, ori=0, pos=array([ 0. , -0.8]), rgb=array([ 0.,  0.,  0.]), text='', units=u'norm', win=Window(...), wrapWidth=1)
17.9473 	EXP 	Created fixation_2 = TextStim(alignHoriz='center', alignVert='center', antialias=True, autoLog=True, bold=False, color='black', colorSpace='named', contrast=1.0, depth=0.0, flipHoriz=False, flipVert=False, font='Arial', fontFiles=[], height=0.1, italic=False, name='fixation_2', opacity=1.0, ori=0, pos=array([ 0.,  0.]), rgb=array([ 0.,  0.,  0.]), text=u'+', units=u'norm', win=Window(...), wrapWidth=1)
17.9536 	EXP 	Created text_2 = TextStim(alignHoriz='center', alignVert='center', antialias=True, autoLog=True, bold=False, color='black', colorSpace='named', contrast=1.0, depth=0.0, flipHoriz=False, flipVert=False, font='Arial', fontFiles=[], height=0.1, italic=False, name='text_2', opacity=1.0, ori=0, pos=array([ 0.,  0.]), rgb=array([ 0.,  0.,  0.]), text=u'Time for a short break.', units=u'norm', win=Window(...), wrapWidth=1)
17.9544 	EXP 	Created text_12 = TextStim(alignHoriz='center', alignVert='center', antialias=True, autoLog=True, bold=False, color='black', colorSpace='named', contrast=1.0, depth=-1.0, flipHoriz=False, flipVert=False, font='Arial', fontFiles=[], height=0.1, italic=False, name='text_12', opacity=1.0, ori=0, pos=array([ 0. , -0.6]), rgb=array([ 0.,  0.,  0.]), text='', units=u'norm', win=Window(...), wrapWidth=1)
17.9568 	EXP 	Created image_4 = ImageStim(autoLog=True, color=array([ 1.,  1.,  1.]), colorSpace='rgb', contrast=1.0, depth=-2.0, flipHoriz=False, flipVert=False, image='sin', interpolate=True, mask=None, maskParams=None, name='image_4', opacity=1.0, ori=0.0, pos=array([ 0.,  0.]), size=array([ 0.67,  0.67]), texRes=128, units='height', win=Window(...))
17.9576 	EXP 	Created text_same_practice_3 = TextStim(alignHoriz='center', alignVert='center', antialias=True, autoLog=True, bold=False, color='black', colorSpace='named', contrast=1.0, depth=-3.0, flipHoriz=False, flipVert=False, font='Arial', fontFiles=[], height=0.1, italic=False, name='text_same_practice_3', opacity=1.0, ori=0, pos=array([ 0. , -0.8]), rgb=array([ 0.,  0.,  0.]), text='', units=u'norm', win=Window(...), wrapWidth=1)
17.9604 	EXP 	Created fixation_3 = TextStim(alignHoriz='center', alignVert='center', antialias=True, autoLog=True, bold=False, color='black', colorSpace='named', contrast=1.0, depth=0.0, flipHoriz=False, flipVert=False, font='Arial', fontFiles=[], height=0.1, italic=False, name='fixation_3', opacity=1.0, ori=0, pos=array([ 0.,  0.]), rgb=array([ 0.,  0.,  0.]), text=u'+', units=u'norm', win=Window(...), wrapWidth=1)
17.9872 	EXP 	Created text_10 = TextStim(alignHoriz='center', alignVert='center', antialias=True, autoLog=True, bold=False, color='black', colorSpace='named', contrast=1.0, depth=0.0, flipHoriz=False, flipVert=False, font='Arial', fontFiles=[], height=0.1, italic=False, name='text_10', opacity=1.0, ori=0, pos=array([ 0.,  0.]), rgb=array([ 0.,  0.,  0.]), text=unicode(...), units=u'norm', win=Window(...), wrapWidth=1)
17.9895 	EXP 	Created image_2 = ImageStim(autoLog=True, color=array([ 1.,  1.,  1.]), colorSpace='rgb', contrast=1.0, depth=-1.0, flipHoriz=False, flipVert=False, image='sin', interpolate=True, mask=None, maskParams=None, name='image_2', opacity=1.0, ori=0.0, pos=array([ 0.,  0.]), size=array([ 0.67,  0.67]), texRes=128, units='height', win=Window(...))
18.0023 	EXP 	Created unnamed TextStim = TextStim(alignHoriz='center', alignVert='center', antialias=True, autoLog=True, bold=False, color='black', colorSpace='named', contrast=1.0, depth=0, flipHoriz=False, flipVert=False, font='', fontFiles=[], height=0.1, italic=False, name='unnamed TextStim', opacity=1.0, ori=0.0, pos=array([ 0.,  0.]), rgb=array([ 0.,  0.,  0.]), text=u'Time for a short break.', units=u'norm', win=Window(...), wrapWidth=1)
18.0030 	EXP 	Created text_same = TextStim(alignHoriz='center', alignVert='center', antialias=True, autoLog=True, bold=False, color='black', colorSpace='named', contrast=1.0, depth=-3.0, flipHoriz=False, flipVert=False, font='Arial', fontFiles=[], height=0.1, italic=False, name='text_same', opacity=1.0, ori=0, pos=array([ 0. , -0.8]), rgb=array([ 0.,  0.,  0.]), text='', units=u'norm', win=Window(...), wrapWidth=1)
18.0057 	EXP 	Created fixation_4 = TextStim(alignHoriz='center', alignVert='center', antialias=True, autoLog=True, bold=False, color='black', colorSpace='named', contrast=1.0, depth=0.0, flipHoriz=False, flipVert=False, font='Arial', fontFiles=[], height=0.1, italic=False, name='fixation_4', opacity=1.0, ori=0, pos=array([ 0.,  0.]), rgb=array([ 0.,  0.,  0.]), text=u'+', units=u'norm', win=Window(...), wrapWidth=1)
18.0151 	EXP 	Created text = TextStim(alignHoriz='center', alignVert='center', antialias=True, autoLog=True, bold=False, color='black', colorSpace='named', contrast=1.0, depth=0.0, flipHoriz=False, flipVert=False, font='Arial', fontFiles=[], height=0.1, italic=False, name='text', opacity=1.0, ori=0, pos=array([ 0.,  0.]), rgb=array([ 0.,  0.,  0.]), text=unicode(...), units=u'norm', win=Window(...), wrapWidth=1)
18.0436 	EXP 	text_4: autoDraw = True
18.9291 	DATA 	Keypress: d
18.9580 	EXP 	text_4: autoDraw = False
18.9580 	EXP 	text_3: autoDraw = True
21.6763 	DATA 	Keypress: d
21.7018 	DEBUG 	Read csv file with pandas: Extra_Stimuli\gesture_practice.csv
21.7048 	EXP 	Imported Extra_Stimuli\gesture_practice.csv as conditions, 18 conditions, 4 params
21.7058 	EXP 	Created sequence: sequential, trialTypes=18, nReps=1, seed=None
21.7069 	EXP 	New trial (rep=0, index=0): {'Stimulus': u'right_schema_1_WHI.jpg', 'direction': u'right', 'number': 1, 'format': u'schema'}
21.8893 	EXP 	text_3: autoDraw = False
21.8893 	EXP 	image_5: image = u'Extra_Stimuli//right_schema_1_WHI.jpg'
21.8893 	EXP 	image_5: autoDraw = True
23.7394 	DATA 	Keypress: d
23.7408 	EXP 	New trial (rep=0, index=1): {'Stimulus': u'right_schema_2_WHI.jpg', 'direction': u'right', 'number': 2, 'format': u'schema'}
23.8050 	EXP 	image_5: autoDraw = False
23.8050 	EXP 	image_5: image = u'Extra_Stimuli//right_schema_2_WHI.jpg'
23.8050 	EXP 	image_5: autoDraw = True
24.3235 	DATA 	Keypress: d
24.3253 	EXP 	New trial (rep=0, index=2): {'Stimulus': u'ahead_schema_1_WHI.jpg', 'direction': u'ahead', 'number': 1, 'format': u'schema'}
24.4050 	EXP 	image_5: autoDraw = False
24.4050 	EXP 	image_5: image = u'Extra_Stimuli//ahead_schema_1_WHI.jpg'
24.4050 	EXP 	image_5: autoDraw = True
24.8560 	DATA 	Keypress: d
24.8578 	EXP 	New trial (rep=0, index=3): {'Stimulus': u'ahead_schema_2_WHI.jpg', 'direction': u'ahead', 'number': 2, 'format': u'schema'}
24.9381 	EXP 	image_5: autoDraw = False
24.9381 	EXP 	image_5: image = u'Extra_Stimuli//ahead_schema_2_WHI.jpg'
24.9381 	EXP 	image_5: autoDraw = True
25.4061 	DATA 	Keypress: d
25.4079 	EXP 	New trial (rep=0, index=4): {'Stimulus': u'left_schema_1_WHI.jpg', 'direction': u'left', 'number': 1, 'format': u'schema'}
25.5211 	EXP 	image_5: autoDraw = False
25.5211 	EXP 	image_5: image = u'Extra_Stimuli//left_schema_1_WHI.jpg'
25.5211 	EXP 	image_5: autoDraw = True
25.8886 	DATA 	Keypress: d
25.8903 	EXP 	New trial (rep=0, index=5): {'Stimulus': u'left_schema_2_WHI.jpg', 'direction': u'left', 'number': 2, 'format': u'schema'}
25.9709 	EXP 	image_5: autoDraw = False
25.9709 	EXP 	image_5: image = u'Extra_Stimuli//left_schema_2_WHI.jpg'
25.9709 	EXP 	image_5: autoDraw = True
26.3388 	DATA 	Keypress: d
26.3406 	EXP 	New trial (rep=0, index=6): {'Stimulus': u'right_word_1_WHI.jpg', 'direction': u'right', 'number': 1, 'format': u'word'}
26.4707 	EXP 	image_5: autoDraw = False
26.4707 	EXP 	image_5: image = u'Extra_Stimuli//right_word_1_WHI.jpg'
26.4707 	EXP 	image_5: autoDraw = True
28.6547 	DATA 	Keypress: s
29.0867 	DATA 	Keypress: a
29.5037 	DATA 	Keypress: f
29.8197 	DATA 	Keypress: d
29.8215 	EXP 	New trial (rep=0, index=7): {'Stimulus': u'right_word_2_WHI.jpg', 'direction': u'right', 'number': 2, 'format': u'word'}
29.9240 	EXP 	image_5: autoDraw = False
29.9240 	EXP 	image_5: image = u'Extra_Stimuli//right_word_2_WHI.jpg'
29.9240 	EXP 	image_5: autoDraw = True
30.2423 	DATA 	Keypress: d
30.2441 	EXP 	New trial (rep=0, index=8): {'Stimulus': u'ahead_word_1_WHI.jpg', 'direction': u'ahead', 'number': 1, 'format': u'word'}
30.3679 	EXP 	image_5: autoDraw = False
30.3679 	EXP 	image_5: image = u'Extra_Stimuli//ahead_word_1_WHI.jpg'
30.3679 	EXP 	image_5: autoDraw = True
30.5855 	DATA 	Keypress: d
30.5871 	EXP 	New trial (rep=0, index=9): {'Stimulus': u'ahead_word_2_WHI.jpg', 'direction': u'ahead', 'number': 2, 'format': u'word'}
30.6512 	EXP 	image_5: autoDraw = False
30.6512 	EXP 	image_5: image = u'Extra_Stimuli//ahead_word_2_WHI.jpg'
30.6512 	EXP 	image_5: autoDraw = True
30.9024 	DATA 	Keypress: d
30.9042 	EXP 	New trial (rep=0, index=10): {'Stimulus': u'left_word_1_WHI.jpg', 'direction': u'left', 'number': 1, 'format': u'word'}
30.9842 	EXP 	image_5: autoDraw = False
30.9842 	EXP 	image_5: image = u'Extra_Stimuli//left_word_1_WHI.jpg'
30.9842 	EXP 	image_5: autoDraw = True
31.2186 	DATA 	Keypress: d
31.2205 	EXP 	New trial (rep=0, index=11): {'Stimulus': u'left_word_2_WHI.jpg', 'direction': u'left', 'number': 2, 'format': u'word'}
31.3169 	EXP 	image_5: autoDraw = False
31.3169 	EXP 	image_5: image = u'Extra_Stimuli//left_word_2_WHI.jpg'
31.3169 	EXP 	image_5: autoDraw = True
31.4910 	DATA 	Keypress: d
31.4927 	EXP 	New trial (rep=0, index=12): {'Stimulus': u'right_image_1_WHI.jpg', 'direction': u'right', 'number': 1, 'format': u'image'}
31.6211 	EXP 	image_5: autoDraw = False
31.6211 	EXP 	image_5: image = u'Extra_Stimuli//right_image_1_WHI.jpg'
31.6211 	EXP 	image_5: autoDraw = True
32.0885 	DATA 	Keypress: d
32.0905 	EXP 	New trial (rep=0, index=13): {'Stimulus': u'right_image_2_WHI.jpg', 'direction': u'right', 'number': 2, 'format': u'image'}
32.2541 	EXP 	image_5: autoDraw = False
32.2541 	EXP 	image_5: image = u'Extra_Stimuli//right_image_2_WHI.jpg'
32.2541 	EXP 	image_5: autoDraw = True
32.3719 	DATA 	Keypress: d
32.3749 	EXP 	New trial (rep=0, index=14): {'Stimulus': u'ahead_image_1_WHI.jpg', 'direction': u'ahead', 'number': 1, 'format': u'image'}
32.4706 	EXP 	image_5: autoDraw = False
32.4706 	EXP 	image_5: image = u'Extra_Stimuli//ahead_image_1_WHI.jpg'
32.4706 	EXP 	image_5: autoDraw = True
32.9399 	DATA 	Keypress: d
32.9417 	EXP 	New trial (rep=0, index=15): {'Stimulus': u'ahead_image_2_WHI.jpg', 'direction': u'ahead', 'number': 2, 'format': u'image'}
33.0536 	EXP 	image_5: autoDraw = False
33.0536 	EXP 	image_5: image = u'Extra_Stimuli//ahead_image_2_WHI.jpg'
33.0536 	EXP 	image_5: autoDraw = True
33.3049 	DATA 	Keypress: d
33.3067 	EXP 	New trial (rep=0, index=16): {'Stimulus': u'left_image_1_WHI.jpg', 'direction': u'left', 'number': 1, 'format': u'image'}
33.4032 	EXP 	image_5: autoDraw = False
33.4032 	EXP 	image_5: image = u'Extra_Stimuli//left_image_1_WHI.jpg'
33.4032 	EXP 	image_5: autoDraw = True
33.8208 	DATA 	Keypress: d
33.8223 	EXP 	New trial (rep=0, index=17): {'Stimulus': u'left_image_2_WHI.jpg', 'direction': u'left', 'number': 2, 'format': u'image'}
33.9377 	EXP 	image_5: autoDraw = False
33.9377 	EXP 	image_5: image = u'Extra_Stimuli//left_image_2_WHI.jpg'
33.9377 	EXP 	image_5: autoDraw = True
34.2384 	DATA 	Keypress: d
34.2978 	EXP 	Created sequence: random, trialTypes=1, nReps=2, seed=None
34.2981 	EXP 	New trial (rep=0, index=0): None
34.4740 	EXP 	image_5: autoDraw = False
34.4740 	EXP 	text_6: text = "Let's try a few for practice. You'll see pairs of images with one image on the screen at a time. Each image will be a spatial direction: LEFT or RIGHT or AHEAD. Tell me if the two images on the screen are the SAME spatial direction, or DIFFERENT spatial directions. For the first image, just say 'GO.' Then when it says 'Same/Different?' underneath, tell me whether you see the same spatial direction or a different spatial direction as the first image."
34.4740 	EXP 	text_6: autoDraw = True
36.7229 	DATA 	Keypress: d
36.7698 	DEBUG 	Read excel file with pandas: Extra_Stimuli//practice_order_WHI_word_1.xlsx
36.7706 	EXP 	Imported Extra_Stimuli//practice_order_WHI_word_1.xlsx as conditions, 8 conditions, 5 params
36.7708 	EXP 	Created sequence: sequential, trialTypes=8, nReps=1, seed=None
36.7712 	EXP 	New trial (rep=0, index=0): {'Stimulus_Practice': u'left_word_1_WHI.jpg', 'Direction': u'left', 'Number': 1, 'Background': u'_WHI', 'Format': u'word'}
36.8385 	EXP 	text_6: autoDraw = False
36.8385 	EXP 	image: image = u'Extra_Stimuli//left_word_1_WHI.jpg'
36.8385 	EXP 	text_same_practice: text = ''
36.8385 	EXP 	text_9: autoDraw = True
36.8385 	EXP 	image: autoDraw = True
36.8385 	EXP 	text_same_practice: autoDraw = True
37.9562 	DATA 	Keypress: escape
5.2667 	ERROR 	Requested audio device 'default' that is not available on this hardware. The 'audioDevice' preference should be one of ['Speakers / Headphones (Realtek ', 'Primary Sound Driver', 'Speakers / Headphones (Realtek High Definition Audio)', 'Microsoft Sound Mapper - Output']
13.5284 	INFO 	Loaded monitor calibration from ['2016_05_25 15:27']
14.7018 	EXP 	Created window1 = Window(allowGUI=False, allowStencil=False, autoLog=True, bitsMode=UNKNOWN, blendMode='avg', color=array([ 0.4,  0.4,  0.4]), colorSpace='rgb', fullscr=UNKNOWN, gamma=None, lms=UNKNOWN, monitor=<psychopy.monitors.calibTools.Monitor object at 0x1524FE90>, multiSample=False, name='window1', numSamples=2, pos=[0, 0], screen=0, size=array([1920, 1080]), stereo=False, units=u'norm', useFBO=True, useRetina=False, viewOri=0.0, viewPos=None, viewScale=None, waitBlanking=True, winType='pyglet')
14.7019 	EXP 	window1: recordFrameIntervals = False
14.8668 	EXP 	window1: recordFrameIntervals = True
15.0503 	DEBUG 	Screen (0) actual frame rate measured at 59.89
15.0504 	EXP 	window1: recordFrameIntervals = False
15.3677 	EXP 	Created text_4 = TextStim(alignHoriz='center', alignVert='center', antialias=True, autoLog=True, bold=False, color='black', colorSpace='named', contrast=1.0, depth=0.0, flipHoriz=False, flipVert=False, font='Arial', fontFiles=[], height=0.1, italic=False, name='text_4', opacity=1.0, ori=0, pos=array([ 0.,  0.]), rgb=array([ 0.,  0.,  0.]), text=unicode(...), units=u'norm', win=Window(...), wrapWidth=1.5)
15.3839 	EXP 	Created text_3 = TextStim(alignHoriz='center', alignVert='center', antialias=True, autoLog=True, bold=False, color='black', colorSpace='named', contrast=1.0, depth=-1.0, flipHoriz=False, flipVert=False, font='Arial', fontFiles=[], height=0.1, italic=False, name='text_3', opacity=1.0, ori=0, pos=array([ 0.,  0.]), rgb=array([ 0.,  0.,  0.]), text=unicode(...), units=u'norm', win=Window(...), wrapWidth=1)
15.3870 	EXP 	Created image_5 = ImageStim(autoLog=True, color=array([ 1.,  1.,  1.]), colorSpace='rgb', contrast=1.0, depth=0.0, flipHoriz=False, flipVert=False, image='sin', interpolate=True, mask=None, maskParams=None, name='image_5', opacity=1.0, ori=0.0, pos=array([ 0.,  0.]), size=array([ 0.67,  0.67]), texRes=128, units='height', win=Window(...))
15.3878 	EXP 	Created text_6 = TextStim(alignHoriz='center', alignVert='center', antialias=True, autoLog=True, bold=False, color='black', colorSpace='named', contrast=1.0, depth=0.0, flipHoriz=False, flipVert=False, font='Arial', fontFiles=[], height=0.1, italic=False, name='text_6', opacity=1.0, ori=0, pos=array([ 0.,  0.]), rgb=array([ 0.,  0.,  0.]), text='', units=u'norm', win=Window(...), wrapWidth=1.5)
15.3886 	EXP 	Created text_9 = TextStim(alignHoriz='center', alignVert='center', antialias=True, autoLog=True, bold=False, color='black', colorSpace='named', contrast=1.0, depth=-1.0, flipHoriz=False, flipVert=False, font='Arial', fontFiles=[], height=0.1, italic=False, name='text_9', opacity=1.0, ori=0, pos=array([ 0. , -0.6]), rgb=array([ 0.,  0.,  0.]), text='', units=u'norm', win=Window(...), wrapWidth=1)
15.3909 	EXP 	Created image = ImageStim(autoLog=True, color=array([ 1.,  1.,  1.]), colorSpace='rgb', contrast=1.0, depth=-2.0, flipHoriz=False, flipVert=False, image='sin', interpolate=True, mask=None, maskParams=None, name='image', opacity=1.0, ori=0.0, pos=array([ 0.,  0.]), size=array([ 0.67,  0.67]), texRes=128, units='height', win=Window(...))
15.3917 	EXP 	Created text_same_practice = TextStim(alignHoriz='center', alignVert='center', antialias=True, autoLog=True, bold=False, color='black', colorSpace='named', contrast=1.0, depth=-3.0, flipHoriz=False, flipVert=False, font='Arial', fontFiles=[], height=0.1, italic=False, name='text_same_practice', opacity=1.0, ori=0, pos=array([ 0. , -0.8]), rgb=array([ 0.,  0.,  0.]), text='', units=u'norm', win=Window(...), wrapWidth=1)
15.3967 	EXP 	Created fixation_1 = TextStim(alignHoriz='center', alignVert='center', antialias=True, autoLog=True, bold=False, color='black', colorSpace='named', contrast=1.0, depth=0.0, flipHoriz=False, flipVert=False, font='Arial', fontFiles=[], height=0.1, italic=False, name='fixation_1', opacity=1.0, ori=0, pos=array([ 0.,  0.]), rgb=array([ 0.,  0.,  0.]), text=u'+', units=u'norm', win=Window(...), wrapWidth=1)
15.4029 	EXP 	Created text_2 = TextStim(alignHoriz='center', alignVert='center', antialias=True, autoLog=True, bold=False, color='black', colorSpace='named', contrast=1.0, depth=0.0, flipHoriz=False, flipVert=False, font='Arial', fontFiles=[], height=0.1, italic=False, name='text_2', opacity=1.0, ori=0, pos=array([ 0.,  0.]), rgb=array([ 0.,  0.,  0.]), text=u'Time for a short break.', units=u'norm', win=Window(...), wrapWidth=1)
15.4036 	EXP 	Created text_11 = TextStim(alignHoriz='center', alignVert='center', antialias=True, autoLog=True, bold=False, color='black', colorSpace='named', contrast=1.0, depth=-1.0, flipHoriz=False, flipVert=False, font='Arial', fontFiles=[], height=0.1, italic=False, name='text_11', opacity=1.0, ori=0, pos=array([ 0. , -0.6]), rgb=array([ 0.,  0.,  0.]), text='', units=u'norm', win=Window(...), wrapWidth=1)
15.4058 	EXP 	Created image_3 = ImageStim(autoLog=True, color=array([ 1.,  1.,  1.]), colorSpace='rgb', contrast=1.0, depth=-2.0, flipHoriz=False, flipVert=False, image='sin', interpolate=True, mask=None, maskParams=None, name='image_3', opacity=1.0, ori=0.0, pos=array([ 0.,  0.]), size=array([ 0.67,  0.67]), texRes=128, units='height', win=Window(...))
15.4066 	EXP 	Created text_same_practice_2 = TextStim(alignHoriz='center', alignVert='center', antialias=True, autoLog=True, bold=False, color='black', colorSpace='named', contrast=1.0, depth=-3.0, flipHoriz=False, flipVert=False, font='Arial', fontFiles=[], height=0.1, italic=False, name='text_same_practice_2', opacity=1.0, ori=0, pos=array([ 0. , -0.8]), rgb=array([ 0.,  0.,  0.]), text='', units=u'norm', win=Window(...), wrapWidth=1)
15.4094 	EXP 	Created fixation_2 = TextStim(alignHoriz='center', alignVert='center', antialias=True, autoLog=True, bold=False, color='black', colorSpace='named', contrast=1.0, depth=0.0, flipHoriz=False, flipVert=False, font='Arial', fontFiles=[], height=0.1, italic=False, name='fixation_2', opacity=1.0, ori=0, pos=array([ 0.,  0.]), rgb=array([ 0.,  0.,  0.]), text=u'+', units=u'norm', win=Window(...), wrapWidth=1)
15.4156 	EXP 	Created text_2 = TextStim(alignHoriz='center', alignVert='center', antialias=True, autoLog=True, bold=False, color='black', colorSpace='named', contrast=1.0, depth=0.0, flipHoriz=False, flipVert=False, font='Arial', fontFiles=[], height=0.1, italic=False, name='text_2', opacity=1.0, ori=0, pos=array([ 0.,  0.]), rgb=array([ 0.,  0.,  0.]), text=u'Time for a short break.', units=u'norm', win=Window(...), wrapWidth=1)
15.4164 	EXP 	Created text_12 = TextStim(alignHoriz='center', alignVert='center', antialias=True, autoLog=True, bold=False, color='black', colorSpace='named', contrast=1.0, depth=-1.0, flipHoriz=False, flipVert=False, font='Arial', fontFiles=[], height=0.1, italic=False, name='text_12', opacity=1.0, ori=0, pos=array([ 0. , -0.6]), rgb=array([ 0.,  0.,  0.]), text='', units=u'norm', win=Window(...), wrapWidth=1)
15.4189 	EXP 	Created image_4 = ImageStim(autoLog=True, color=array([ 1.,  1.,  1.]), colorSpace='rgb', contrast=1.0, depth=-2.0, flipHoriz=False, flipVert=False, image='sin', interpolate=True, mask=None, maskParams=None, name='image_4', opacity=1.0, ori=0.0, pos=array([ 0.,  0.]), size=array([ 0.67,  0.67]), texRes=128, units='height', win=Window(...))
15.4196 	EXP 	Created text_same_practice_3 = TextStim(alignHoriz='center', alignVert='center', antialias=True, autoLog=True, bold=False, color='black', colorSpace='named', contrast=1.0, depth=-3.0, flipHoriz=False, flipVert=False, font='Arial', fontFiles=[], height=0.1, italic=False, name='text_same_practice_3', opacity=1.0, ori=0, pos=array([ 0. , -0.8]), rgb=array([ 0.,  0.,  0.]), text='', units=u'norm', win=Window(...), wrapWidth=1)
15.4225 	EXP 	Created fixation_3 = TextStim(alignHoriz='center', alignVert='center', antialias=True, autoLog=True, bold=False, color='black', colorSpace='named', contrast=1.0, depth=0.0, flipHoriz=False, flipVert=False, font='Arial', fontFiles=[], height=0.1, italic=False, name='fixation_3', opacity=1.0, ori=0, pos=array([ 0.,  0.]), rgb=array([ 0.,  0.,  0.]), text=u'+', units=u'norm', win=Window(...), wrapWidth=1)
15.4494 	EXP 	Created text_10 = TextStim(alignHoriz='center', alignVert='center', antialias=True, autoLog=True, bold=False, color='black', colorSpace='named', contrast=1.0, depth=0.0, flipHoriz=False, flipVert=False, font='Arial', fontFiles=[], height=0.1, italic=False, name='text_10', opacity=1.0, ori=0, pos=array([ 0.,  0.]), rgb=array([ 0.,  0.,  0.]), text=unicode(...), units=u'norm', win=Window(...), wrapWidth=1)
15.4517 	EXP 	Created image_2 = ImageStim(autoLog=True, color=array([ 1.,  1.,  1.]), colorSpace='rgb', contrast=1.0, depth=-1.0, flipHoriz=False, flipVert=False, image='sin', interpolate=True, mask=None, maskParams=None, name='image_2', opacity=1.0, ori=0.0, pos=array([ 0.,  0.]), size=array([ 0.67,  0.67]), texRes=128, units='height', win=Window(...))
15.4651 	EXP 	Created unnamed TextStim = TextStim(alignHoriz='center', alignVert='center', antialias=True, autoLog=True, bold=False, color='black', colorSpace='named', contrast=1.0, depth=0, flipHoriz=False, flipVert=False, font='', fontFiles=[], height=0.1, italic=False, name='unnamed TextStim', opacity=1.0, ori=0.0, pos=array([ 0.,  0.]), rgb=array([ 0.,  0.,  0.]), text=u'Time for a short break.', units=u'norm', win=Window(...), wrapWidth=1)
15.4659 	EXP 	Created text_same = TextStim(alignHoriz='center', alignVert='center', antialias=True, autoLog=True, bold=False, color='black', colorSpace='named', contrast=1.0, depth=-3.0, flipHoriz=False, flipVert=False, font='Arial', fontFiles=[], height=0.1, italic=False, name='text_same', opacity=1.0, ori=0, pos=array([ 0. , -0.8]), rgb=array([ 0.,  0.,  0.]), text='', units=u'norm', win=Window(...), wrapWidth=1)
15.4686 	EXP 	Created fixation_4 = TextStim(alignHoriz='center', alignVert='center', antialias=True, autoLog=True, bold=False, color='black', colorSpace='named', contrast=1.0, depth=0.0, flipHoriz=False, flipVert=False, font='Arial', fontFiles=[], height=0.1, italic=False, name='fixation_4', opacity=1.0, ori=0, pos=array([ 0.,  0.]), rgb=array([ 0.,  0.,  0.]), text=u'+', units=u'norm', win=Window(...), wrapWidth=1)
15.4785 	EXP 	Created text = TextStim(alignHoriz='center', alignVert='center', antialias=True, autoLog=True, bold=False, color='black', colorSpace='named', contrast=1.0, depth=0.0, flipHoriz=False, flipVert=False, font='Arial', fontFiles=[], height=0.1, italic=False, name='text', opacity=1.0, ori=0, pos=array([ 0.,  0.]), rgb=array([ 0.,  0.,  0.]), text=unicode(...), units=u'norm', win=Window(...), wrapWidth=1)
15.5012 	EXP 	text_4: autoDraw = True
17.6657 	DATA 	Keypress: d
17.6974 	EXP 	text_4: autoDraw = False
17.6974 	EXP 	text_3: autoDraw = True
18.1984 	DATA 	Keypress: d
18.2100 	DEBUG 	Read csv file with pandas: Extra_Stimuli\gesture_practice.csv
18.2130 	EXP 	Imported Extra_Stimuli\gesture_practice.csv as conditions, 18 conditions, 4 params
18.2140 	EXP 	Created sequence: sequential, trialTypes=18, nReps=1, seed=None
18.2152 	EXP 	New trial (rep=0, index=0): {'Stimulus': u'right_schema_1_WHI.jpg', 'direction': u'right', 'number': 1, 'format': u'schema'}
18.3138 	EXP 	text_3: autoDraw = False
18.3138 	EXP 	image_5: image = u'Extra_Stimuli//right_schema_1_WHI.jpg'
18.3138 	EXP 	image_5: autoDraw = True
18.7650 	DATA 	Keypress: f
19.5486 	DATA 	Keypress: d
19.5658 	EXP 	New trial (rep=0, index=1): {'Stimulus': u'right_schema_2_WHI.jpg', 'direction': u'right', 'number': 2, 'format': u'schema'}
19.6467 	EXP 	image_5: autoDraw = False
19.6467 	EXP 	image_5: image = u'Extra_Stimuli//right_schema_2_WHI.jpg'
19.6467 	EXP 	image_5: autoDraw = True
20.2809 	DATA 	Keypress: d
20.2826 	EXP 	New trial (rep=0, index=2): {'Stimulus': u'ahead_schema_1_WHI.jpg', 'direction': u'ahead', 'number': 1, 'format': u'schema'}
20.3624 	EXP 	image_5: autoDraw = False
20.3624 	EXP 	image_5: image = u'Extra_Stimuli//ahead_schema_1_WHI.jpg'
20.3624 	EXP 	image_5: autoDraw = True
20.9134 	DATA 	Keypress: d
20.9152 	EXP 	New trial (rep=0, index=3): {'Stimulus': u'ahead_schema_2_WHI.jpg', 'direction': u'ahead', 'number': 2, 'format': u'schema'}
20.9958 	EXP 	image_5: autoDraw = False
20.9958 	EXP 	image_5: image = u'Extra_Stimuli//ahead_schema_2_WHI.jpg'
20.9958 	EXP 	image_5: autoDraw = True
21.3131 	DATA 	Keypress: d
21.3137 	EXP 	New trial (rep=0, index=4): {'Stimulus': u'left_schema_1_WHI.jpg', 'direction': u'left', 'number': 1, 'format': u'schema'}
21.3623 	EXP 	image_5: autoDraw = False
21.3623 	EXP 	image_5: image = u'Extra_Stimuli//left_schema_1_WHI.jpg'
21.3623 	EXP 	image_5: autoDraw = True
21.6798 	DATA 	Keypress: d
21.6816 	EXP 	New trial (rep=0, index=5): {'Stimulus': u'left_schema_2_WHI.jpg', 'direction': u'left', 'number': 2, 'format': u'schema'}
21.7617 	EXP 	image_5: autoDraw = False
21.7617 	EXP 	image_5: image = u'Extra_Stimuli//left_schema_2_WHI.jpg'
21.7617 	EXP 	image_5: autoDraw = True
22.0799 	DATA 	Keypress: d
22.0817 	EXP 	New trial (rep=0, index=6): {'Stimulus': u'right_word_1_WHI.jpg', 'direction': u'right', 'number': 1, 'format': u'word'}
22.1619 	EXP 	image_5: autoDraw = False
22.1619 	EXP 	image_5: image = u'Extra_Stimuli//right_word_1_WHI.jpg'
22.1619 	EXP 	image_5: autoDraw = True
23.1126 	DATA 	Keypress: escape
