5.1058 	ERROR 	Requested audio device 'default' that is not available on this hardware. The 'audioDevice' preference should be one of ['Speakers / Headphones (Realtek ', 'Primary Sound Driver', 'Speakers / Headphones (Realtek High Definition Audio)', 'Microsoft Sound Mapper - Output']
9.4060 	INFO 	Loaded monitor calibration from ['2016_05_25 15:27']
10.5641 	EXP 	Created window1 = Window(allowGUI=False, allowStencil=False, autoLog=True, bitsMode=UNKNOWN, blendMode='avg', color=array([ 0.4,  0.4,  0.4]), colorSpace='rgb', fullscr=UNKNOWN, gamma=None, lms=UNKNOWN, monitor=<psychopy.monitors.calibTools.Monitor object at 0x15367E90>, multiSample=False, name='window1', numSamples=2, pos=[0, 0], screen=0, size=array([1920, 1080]), stereo=False, units=u'norm', useFBO=True, useRetina=False, viewOri=0.0, viewPos=None, viewScale=None, waitBlanking=True, winType='pyglet')
10.5642 	EXP 	window1: recordFrameIntervals = False
10.7280 	EXP 	window1: recordFrameIntervals = True
10.9120 	DEBUG 	Screen (0) actual frame rate measured at 60.06
10.9121 	EXP 	window1: recordFrameIntervals = False
11.1979 	EXP 	Created text_4 = TextStim(alignHoriz='center', alignVert='center', antialias=True, autoLog=True, bold=False, color='black', colorSpace='named', contrast=1.0, depth=0.0, flipHoriz=False, flipVert=False, font='Arial', fontFiles=[], height=0.1, italic=False, name='text_4', opacity=1.0, ori=0, pos=array([ 0.,  0.]), rgb=array([ 0.,  0.,  0.]), text=unicode(...), units=u'norm', win=Window(...), wrapWidth=1.5)
11.2130 	EXP 	Created text_3 = TextStim(alignHoriz='center', alignVert='center', antialias=True, autoLog=True, bold=False, color='black', colorSpace='named', contrast=1.0, depth=-1.0, flipHoriz=False, flipVert=False, font='Arial', fontFiles=[], height=0.1, italic=False, name='text_3', opacity=1.0, ori=0, pos=array([ 0.,  0.]), rgb=array([ 0.,  0.,  0.]), text=unicode(...), units=u'norm', win=Window(...), wrapWidth=1)
11.2161 	EXP 	Created image_5 = ImageStim(autoLog=True, color=array([ 1.,  1.,  1.]), colorSpace='rgb', contrast=1.0, depth=0.0, flipHoriz=False, flipVert=False, image='sin', interpolate=True, mask=None, maskParams=None, name='image_5', opacity=1.0, ori=0.0, pos=array([ 0.,  0.]), size=array([ 0.67,  0.67]), texRes=128, units='height', win=Window(...))
11.2169 	EXP 	Created text_6 = TextStim(alignHoriz='center', alignVert='center', antialias=True, autoLog=True, bold=False, color='black', colorSpace='named', contrast=1.0, depth=0.0, flipHoriz=False, flipVert=False, font='Arial', fontFiles=[], height=0.1, italic=False, name='text_6', opacity=1.0, ori=0, pos=array([ 0.,  0.]), rgb=array([ 0.,  0.,  0.]), text='', units=u'norm', win=Window(...), wrapWidth=1.5)
11.2176 	EXP 	Created text_9 = TextStim(alignHoriz='center', alignVert='center', antialias=True, autoLog=True, bold=False, color='black', colorSpace='named', contrast=1.0, depth=-1.0, flipHoriz=False, flipVert=False, font='Arial', fontFiles=[], height=0.1, italic=False, name='text_9', opacity=1.0, ori=0, pos=array([ 0. , -0.6]), rgb=array([ 0.,  0.,  0.]), text='', units=u'norm', win=Window(...), wrapWidth=1)
11.2198 	EXP 	Created image = ImageStim(autoLog=True, color=array([ 1.,  1.,  1.]), colorSpace='rgb', contrast=1.0, depth=-2.0, flipHoriz=False, flipVert=False, image='sin', interpolate=True, mask=None, maskParams=None, name='image', opacity=1.0, ori=0.0, pos=array([ 0.,  0.]), size=array([ 0.67,  0.67]), texRes=128, units='height', win=Window(...))
11.2206 	EXP 	Created text_same_practice = TextStim(alignHoriz='center', alignVert='center', antialias=True, autoLog=True, bold=False, color='black', colorSpace='named', contrast=1.0, depth=-3.0, flipHoriz=False, flipVert=False, font='Arial', fontFiles=[], height=0.1, italic=False, name='text_same_practice', opacity=1.0, ori=0, pos=array([ 0. , -0.8]), rgb=array([ 0.,  0.,  0.]), text='', units=u'norm', win=Window(...), wrapWidth=1)
11.2253 	EXP 	Created fixation_1 = TextStim(alignHoriz='center', alignVert='center', antialias=True, autoLog=True, bold=False, color='black', colorSpace='named', contrast=1.0, depth=0.0, flipHoriz=False, flipVert=False, font='Arial', fontFiles=[], height=0.1, italic=False, name='fixation_1', opacity=1.0, ori=0, pos=array([ 0.,  0.]), rgb=array([ 0.,  0.,  0.]), text=u'+', units=u'norm', win=Window(...), wrapWidth=1)
11.2316 	EXP 	Created text_2 = TextStim(alignHoriz='center', alignVert='center', antialias=True, autoLog=True, bold=False, color='black', colorSpace='named', contrast=1.0, depth=0.0, flipHoriz=False, flipVert=False, font='Arial', fontFiles=[], height=0.1, italic=False, name='text_2', opacity=1.0, ori=0, pos=array([ 0.,  0.]), rgb=array([ 0.,  0.,  0.]), text=u'Time for a short break.', units=u'norm', win=Window(...), wrapWidth=1)
11.2324 	EXP 	Created text_11 = TextStim(alignHoriz='center', alignVert='center', antialias=True, autoLog=True, bold=False, color='black', colorSpace='named', contrast=1.0, depth=-1.0, flipHoriz=False, flipVert=False, font='Arial', fontFiles=[], height=0.1, italic=False, name='text_11', opacity=1.0, ori=0, pos=array([ 0. , -0.6]), rgb=array([ 0.,  0.,  0.]), text='', units=u'norm', win=Window(...), wrapWidth=1)
11.2345 	EXP 	Created image_3 = ImageStim(autoLog=True, color=array([ 1.,  1.,  1.]), colorSpace='rgb', contrast=1.0, depth=-2.0, flipHoriz=False, flipVert=False, image='sin', interpolate=True, mask=None, maskParams=None, name='image_3', opacity=1.0, ori=0.0, pos=array([ 0.,  0.]), size=array([ 0.67,  0.67]), texRes=128, units='height', win=Window(...))
11.2354 	EXP 	Created text_same_practice_2 = TextStim(alignHoriz='center', alignVert='center', antialias=True, autoLog=True, bold=False, color='black', colorSpace='named', contrast=1.0, depth=-3.0, flipHoriz=False, flipVert=False, font='Arial', fontFiles=[], height=0.1, italic=False, name='text_same_practice_2', opacity=1.0, ori=0, pos=array([ 0. , -0.8]), rgb=array([ 0.,  0.,  0.]), text='', units=u'norm', win=Window(...), wrapWidth=1)
11.2383 	EXP 	Created fixation_2 = TextStim(alignHoriz='center', alignVert='center', antialias=True, autoLog=True, bold=False, color='black', colorSpace='named', contrast=1.0, depth=0.0, flipHoriz=False, flipVert=False, font='Arial', fontFiles=[], height=0.1, italic=False, name='fixation_2', opacity=1.0, ori=0, pos=array([ 0.,  0.]), rgb=array([ 0.,  0.,  0.]), text=u'+', units=u'norm', win=Window(...), wrapWidth=1)
11.2445 	EXP 	Created text_2 = TextStim(alignHoriz='center', alignVert='center', antialias=True, autoLog=True, bold=False, color='black', colorSpace='named', contrast=1.0, depth=0.0, flipHoriz=False, flipVert=False, font='Arial', fontFiles=[], height=0.1, italic=False, name='text_2', opacity=1.0, ori=0, pos=array([ 0.,  0.]), rgb=array([ 0.,  0.,  0.]), text=u'Time for a short break.', units=u'norm', win=Window(...), wrapWidth=1)
11.2453 	EXP 	Created text_12 = TextStim(alignHoriz='center', alignVert='center', antialias=True, autoLog=True, bold=False, color='black', colorSpace='named', contrast=1.0, depth=-1.0, flipHoriz=False, flipVert=False, font='Arial', fontFiles=[], height=0.1, italic=False, name='text_12', opacity=1.0, ori=0, pos=array([ 0. , -0.6]), rgb=array([ 0.,  0.,  0.]), text='', units=u'norm', win=Window(...), wrapWidth=1)
11.2477 	EXP 	Created image_4 = ImageStim(autoLog=True, color=array([ 1.,  1.,  1.]), colorSpace='rgb', contrast=1.0, depth=-2.0, flipHoriz=False, flipVert=False, image='sin', interpolate=True, mask=None, maskParams=None, name='image_4', opacity=1.0, ori=0.0, pos=array([ 0.,  0.]), size=array([ 0.67,  0.67]), texRes=128, units='height', win=Window(...))
11.2484 	EXP 	Created text_same_practice_3 = TextStim(alignHoriz='center', alignVert='center', antialias=True, autoLog=True, bold=False, color='black', colorSpace='named', contrast=1.0, depth=-3.0, flipHoriz=False, flipVert=False, font='Arial', fontFiles=[], height=0.1, italic=False, name='text_same_practice_3', opacity=1.0, ori=0, pos=array([ 0. , -0.8]), rgb=array([ 0.,  0.,  0.]), text='', units=u'norm', win=Window(...), wrapWidth=1)
11.2513 	EXP 	Created fixation_3 = TextStim(alignHoriz='center', alignVert='center', antialias=True, autoLog=True, bold=False, color='black', colorSpace='named', contrast=1.0, depth=0.0, flipHoriz=False, flipVert=False, font='Arial', fontFiles=[], height=0.1, italic=False, name='fixation_3', opacity=1.0, ori=0, pos=array([ 0.,  0.]), rgb=array([ 0.,  0.,  0.]), text=u'+', units=u'norm', win=Window(...), wrapWidth=1)
11.2777 	EXP 	Created text_10 = TextStim(alignHoriz='center', alignVert='center', antialias=True, autoLog=True, bold=False, color='black', colorSpace='named', contrast=1.0, depth=0.0, flipHoriz=False, flipVert=False, font='Arial', fontFiles=[], height=0.1, italic=False, name='text_10', opacity=1.0, ori=0, pos=array([ 0.,  0.]), rgb=array([ 0.,  0.,  0.]), text=unicode(...), units=u'norm', win=Window(...), wrapWidth=1)
11.2799 	EXP 	Created image_2 = ImageStim(autoLog=True, color=array([ 1.,  1.,  1.]), colorSpace='rgb', contrast=1.0, depth=-1.0, flipHoriz=False, flipVert=False, image='sin', interpolate=True, mask=None, maskParams=None, name='image_2', opacity=1.0, ori=0.0, pos=array([ 0.,  0.]), size=array([ 0.67,  0.67]), texRes=128, units='height', win=Window(...))
11.2930 	EXP 	Created unnamed TextStim = TextStim(alignHoriz='center', alignVert='center', antialias=True, autoLog=True, bold=False, color='black', colorSpace='named', contrast=1.0, depth=0, flipHoriz=False, flipVert=False, font='', fontFiles=[], height=0.1, italic=False, name='unnamed TextStim', opacity=1.0, ori=0.0, pos=array([ 0.,  0.]), rgb=array([ 0.,  0.,  0.]), text=u'Time for a short break.', units=u'norm', win=Window(...), wrapWidth=1)
11.2937 	EXP 	Created text_same = TextStim(alignHoriz='center', alignVert='center', antialias=True, autoLog=True, bold=False, color='black', colorSpace='named', contrast=1.0, depth=-3.0, flipHoriz=False, flipVert=False, font='Arial', fontFiles=[], height=0.1, italic=False, name='text_same', opacity=1.0, ori=0, pos=array([ 0. , -0.8]), rgb=array([ 0.,  0.,  0.]), text='', units=u'norm', win=Window(...), wrapWidth=1)
11.2966 	EXP 	Created fixation_4 = TextStim(alignHoriz='center', alignVert='center', antialias=True, autoLog=True, bold=False, color='black', colorSpace='named', contrast=1.0, depth=0.0, flipHoriz=False, flipVert=False, font='Arial', fontFiles=[], height=0.1, italic=False, name='fixation_4', opacity=1.0, ori=0, pos=array([ 0.,  0.]), rgb=array([ 0.,  0.,  0.]), text=u'+', units=u'norm', win=Window(...), wrapWidth=1)
11.3071 	EXP 	Created text = TextStim(alignHoriz='center', alignVert='center', antialias=True, autoLog=True, bold=False, color='black', colorSpace='named', contrast=1.0, depth=0.0, flipHoriz=False, flipVert=False, font='Arial', fontFiles=[], height=0.1, italic=False, name='text', opacity=1.0, ori=0, pos=array([ 0.,  0.]), rgb=array([ 0.,  0.,  0.]), text=unicode(...), units=u'norm', win=Window(...), wrapWidth=1)
11.3295 	EXP 	text_4: autoDraw = True
19.3073 	DATA 	Keypress: space
21.3891 	DATA 	Keypress: d
21.4055 	EXP 	text_4: autoDraw = False
21.4055 	EXP 	text_3: autoDraw = True
27.5703 	DATA 	Keypress: d
27.5817 	DEBUG 	Read csv file with pandas: Extra_Stimuli\gesture_practice.csv
27.5849 	EXP 	Imported Extra_Stimuli\gesture_practice.csv as conditions, 18 conditions, 4 params
27.5859 	EXP 	Created sequence: sequential, trialTypes=18, nReps=1, seed=None
27.5870 	EXP 	New trial (rep=0, index=0): {'Stimulus': u'right_schema_1_WHI.jpg', 'direction': u'right', 'number': 1, 'format': u'schema'}
27.7390 	EXP 	text_3: autoDraw = False
27.7390 	EXP 	image_5: image = u'Extra_Stimuli//right_schema_1_WHI.jpg'
27.7390 	EXP 	image_5: autoDraw = True
114.3785 	DATA 	Keypress: d
114.3808 	EXP 	New trial (rep=0, index=1): {'Stimulus': u'right_schema_3_WHI.jpg', 'direction': u'right', 'number': 3, 'format': u'schema'}
114.4825 	EXP 	image_5: autoDraw = False
114.4825 	EXP 	image_5: image = u'Extra_Stimuli//right_schema_3_WHI.jpg'
114.4825 	EXP 	image_5: autoDraw = True
125.9611 	DATA 	Keypress: d
125.9630 	EXP 	New trial (rep=0, index=2): {'Stimulus': u'ahead_schema_1_WHI.jpg', 'direction': u'ahead', 'number': 1, 'format': u'schema'}
126.0432 	EXP 	image_5: autoDraw = False
126.0432 	EXP 	image_5: image = u'Extra_Stimuli//ahead_schema_1_WHI.jpg'
126.0432 	EXP 	image_5: autoDraw = True
130.3088 	DATA 	Keypress: d
130.3106 	EXP 	New trial (rep=0, index=3): {'Stimulus': u'ahead_schema_3_WHI.jpg', 'direction': u'ahead', 'number': 3, 'format': u'schema'}
130.4077 	EXP 	image_5: autoDraw = False
130.4077 	EXP 	image_5: image = u'Extra_Stimuli//ahead_schema_3_WHI.jpg'
130.4077 	EXP 	image_5: autoDraw = True
130.9806 	DATA 	Keypress: d
130.9824 	EXP 	New trial (rep=0, index=4): {'Stimulus': u'left_schema_1_WHI.jpg', 'direction': u'left', 'number': 1, 'format': u'schema'}
131.0626 	EXP 	image_5: autoDraw = False
131.0626 	EXP 	image_5: image = u'Extra_Stimuli//left_schema_1_WHI.jpg'
131.0626 	EXP 	image_5: autoDraw = True
131.4970 	DATA 	Keypress: d
131.4988 	EXP 	New trial (rep=0, index=5): {'Stimulus': u'left_schema_2_WHI.jpg', 'direction': u'left', 'number': 2, 'format': u'schema'}
131.5792 	EXP 	image_5: autoDraw = False
131.5792 	EXP 	image_5: image = u'Extra_Stimuli//left_schema_2_WHI.jpg'
131.5792 	EXP 	image_5: autoDraw = True
131.9801 	DATA 	Keypress: d
131.9818 	EXP 	New trial (rep=0, index=6): {'Stimulus': u'right_word_1_WHI.jpg', 'direction': u'right', 'number': 1, 'format': u'word'}
132.0624 	EXP 	image_5: autoDraw = False
132.0624 	EXP 	image_5: image = u'Extra_Stimuli//right_word_1_WHI.jpg'
132.0624 	EXP 	image_5: autoDraw = True
182.4872 	DATA 	Keypress: d
182.4891 	EXP 	New trial (rep=0, index=7): {'Stimulus': u'right_word_2_WHI.jpg', 'direction': u'right', 'number': 2, 'format': u'word'}
182.5692 	EXP 	image_5: autoDraw = False
182.5692 	EXP 	image_5: image = u'Extra_Stimuli//right_word_2_WHI.jpg'
182.5692 	EXP 	image_5: autoDraw = True
183.7032 	DATA 	Keypress: d
183.7049 	EXP 	New trial (rep=0, index=8): {'Stimulus': u'ahead_word_1_WHI.jpg', 'direction': u'ahead', 'number': 1, 'format': u'word'}
183.7851 	EXP 	image_5: autoDraw = False
183.7851 	EXP 	image_5: image = u'Extra_Stimuli//ahead_word_1_WHI.jpg'
183.7851 	EXP 	image_5: autoDraw = True
184.6031 	DATA 	Keypress: d
184.6048 	EXP 	New trial (rep=0, index=9): {'Stimulus': u'ahead_word_2_WHI.jpg', 'direction': u'ahead', 'number': 2, 'format': u'word'}
184.6847 	EXP 	image_5: autoDraw = False
184.6847 	EXP 	image_5: image = u'Extra_Stimuli//ahead_word_2_WHI.jpg'
184.6847 	EXP 	image_5: autoDraw = True
185.2025 	DATA 	Keypress: d
185.2042 	EXP 	New trial (rep=0, index=10): {'Stimulus': u'left_word_1_WHI.jpg', 'direction': u'left', 'number': 1, 'format': u'word'}
185.2845 	EXP 	image_5: autoDraw = False
185.2845 	EXP 	image_5: image = u'Extra_Stimuli//left_word_1_WHI.jpg'
185.2845 	EXP 	image_5: autoDraw = True
185.9187 	DATA 	Keypress: d
185.9205 	EXP 	New trial (rep=0, index=11): {'Stimulus': u'left_word_2_WHI.jpg', 'direction': u'left', 'number': 2, 'format': u'word'}
186.0007 	EXP 	image_5: autoDraw = False
186.0007 	EXP 	image_5: image = u'Extra_Stimuli//left_word_2_WHI.jpg'
186.0007 	EXP 	image_5: autoDraw = True
186.5349 	DATA 	Keypress: d
186.5372 	EXP 	New trial (rep=0, index=12): {'Stimulus': u'right_image_1_WHI.jpg', 'direction': u'right', 'number': 1, 'format': u'image'}
186.6336 	EXP 	image_5: autoDraw = False
186.6336 	EXP 	image_5: image = u'Extra_Stimuli//right_image_1_WHI.jpg'
186.6336 	EXP 	image_5: autoDraw = True
231.8005 	DATA 	Keypress: space
232.7666 	DATA 	Keypress: d
232.7684 	EXP 	New trial (rep=0, index=13): {'Stimulus': u'right_image_2_WHI.jpg', 'direction': u'right', 'number': 2, 'format': u'image'}
232.8650 	EXP 	image_5: autoDraw = False
232.8650 	EXP 	image_5: image = u'Extra_Stimuli//right_image_2_WHI.jpg'
232.8650 	EXP 	image_5: autoDraw = True
233.6382 	DATA 	Keypress: d
233.6399 	EXP 	New trial (rep=0, index=14): {'Stimulus': u'ahead_image_1_WHI.jpg', 'direction': u'ahead', 'number': 1, 'format': u'image'}
233.7366 	EXP 	image_5: autoDraw = False
233.7366 	EXP 	image_5: image = u'Extra_Stimuli//ahead_image_1_WHI.jpg'
233.7366 	EXP 	image_5: autoDraw = True
234.2542 	DATA 	Keypress: d
234.2560 	EXP 	New trial (rep=0, index=15): {'Stimulus': u'ahead_image_2_WHI.jpg', 'direction': u'ahead', 'number': 2, 'format': u'image'}
234.3530 	EXP 	image_5: autoDraw = False
234.3530 	EXP 	image_5: image = u'Extra_Stimuli//ahead_image_2_WHI.jpg'
234.3530 	EXP 	image_5: autoDraw = True
234.9874 	DATA 	Keypress: d
234.9892 	EXP 	New trial (rep=0, index=16): {'Stimulus': u'left_image_1_WHI.jpg', 'direction': u'left', 'number': 1, 'format': u'image'}
235.0859 	EXP 	image_5: autoDraw = False
235.0859 	EXP 	image_5: image = u'Extra_Stimuli//left_image_1_WHI.jpg'
235.0859 	EXP 	image_5: autoDraw = True
235.4596 	DATA 	Keypress: d
235.4613 	EXP 	New trial (rep=0, index=17): {'Stimulus': u'left_image_2_WHI.jpg', 'direction': u'left', 'number': 2, 'format': u'image'}
235.5578 	EXP 	image_5: autoDraw = False
235.5578 	EXP 	image_5: image = u'Extra_Stimuli//left_image_2_WHI.jpg'
235.5578 	EXP 	image_5: autoDraw = True
236.0088 	DATA 	Keypress: d
236.0713 	EXP 	Created sequence: random, trialTypes=1, nReps=2, seed=None
236.0718 	EXP 	New trial (rep=0, index=0): None
236.2156 	EXP 	image_5: autoDraw = False
236.2156 	EXP 	text_6: text = "Let's try a few for practice. You'll see pairs of images with one image on the screen at a time. Each image will be a spatial direction: LEFT or RIGHT or AHEAD. Tell me if the two images on the screen are the SAME spatial direction, or DIFFERENT spatial directions. For the first image, just say 'GO.' Then when it says 'Same/Different?' underneath, tell me whether you see the same spatial direction or a different spatial direction as the first image."
236.2156 	EXP 	text_6: autoDraw = True
236.5164 	DATA 	Keypress: d
236.5640 	DEBUG 	Read excel file with pandas: Extra_Stimuli//practice_order_WHI_image_2.xlsx
236.5648 	EXP 	Imported Extra_Stimuli//practice_order_WHI_image_2.xlsx as conditions, 8 conditions, 5 params
236.5651 	EXP 	Created sequence: sequential, trialTypes=8, nReps=1, seed=None
236.5654 	EXP 	New trial (rep=0, index=0): {'Stimulus_Practice': u'left_image_1_WHI.jpg', 'Direction': u'left', 'Number': 1, 'Background': u'_WHI', 'Format': u'image'}
236.6484 	EXP 	text_6: autoDraw = False
236.6484 	EXP 	image: image = u'Extra_Stimuli//left_image_1_WHI.jpg'
236.6484 	EXP 	text_same_practice: text = ''
236.6484 	EXP 	text_9: autoDraw = True
236.6484 	EXP 	image: autoDraw = True
236.6484 	EXP 	text_same_practice: autoDraw = True
271.4317 	DATA 	Keypress: f
271.4342 	EXP 	New trial (rep=0, index=1): {'Stimulus_Practice': u'ahead_image_2_WHI.jpg', 'Direction': u'ahead', 'Number': 2, 'Background': u'_WHI', 'Format': u'image'}
271.5586 	EXP 	text_9: autoDraw = False
271.5586 	EXP 	image: autoDraw = False
271.5586 	EXP 	text_same_practice: autoDraw = False
271.5586 	EXP 	fixation_1: autoDraw = False
271.5586 	EXP 	image: image = u'Extra_Stimuli//ahead_image_2_WHI.jpg'
271.5586 	EXP 	text_same_practice: text = 'SAME / DIFFERENT?'
271.5586 	EXP 	text_9: autoDraw = True
271.5586 	EXP 	image: autoDraw = True
271.5586 	EXP 	text_same_practice: autoDraw = True
272.5926 	DATA 	Keypress: a
272.6087 	EXP 	text_9: autoDraw = False
272.6087 	EXP 	image: autoDraw = False
272.6087 	EXP 	text_same_practice: autoDraw = False
272.6087 	EXP 	fixation_1: autoDraw = True
274.5928 	EXP 	New trial (rep=0, index=2): {'Stimulus_Practice': u'right_image_3_WHI.jpg', 'Direction': u'right', 'Number': 3, 'Background': u'_WHI', 'Format': u'image'}
274.6904 	EXP 	fixation_1: autoDraw = False
274.6904 	EXP 	fixation_1: autoDraw = False
274.6904 	EXP 	image: image = u'Extra_Stimuli//right_image_3_WHI.jpg'
274.6904 	EXP 	text_same_practice: text = ''
274.6904 	EXP 	text_9: autoDraw = True
274.6904 	EXP 	image: autoDraw = True
274.6904 	EXP 	text_same_practice: autoDraw = True
282.9706 	DATA 	Keypress: f
282.9727 	EXP 	New trial (rep=0, index=3): {'Stimulus_Practice': u'right_image_2_WHI.jpg', 'Direction': u'right', 'Number': 2, 'Background': u'_WHI', 'Format': u'image'}
283.0693 	EXP 	text_9: autoDraw = False
283.0693 	EXP 	image: autoDraw = False
283.0693 	EXP 	text_same_practice: autoDraw = False
283.0693 	EXP 	fixation_1: autoDraw = False
283.0693 	EXP 	image: image = u'Extra_Stimuli//right_image_2_WHI.jpg'
283.0693 	EXP 	text_same_practice: text = 'SAME / DIFFERENT?'
283.0693 	EXP 	text_9: autoDraw = True
283.0693 	EXP 	image: autoDraw = True
283.0693 	EXP 	text_same_practice: autoDraw = True
284.2921 	DATA 	Keypress: f
284.3081 	EXP 	text_9: autoDraw = False
284.3081 	EXP 	image: autoDraw = False
284.3081 	EXP 	text_same_practice: autoDraw = False
284.3081 	EXP 	fixation_1: autoDraw = True
286.2921 	EXP 	New trial (rep=0, index=4): {'Stimulus_Practice': u'left_image_3_WHI.jpg', 'Direction': u'left', 'Number': 3, 'Background': u'_WHI', 'Format': u'image'}
286.3898 	EXP 	fixation_1: autoDraw = False
286.3898 	EXP 	fixation_1: autoDraw = False
286.3898 	EXP 	image: image = u'Extra_Stimuli//left_image_3_WHI.jpg'
286.3898 	EXP 	text_same_practice: text = ''
286.3898 	EXP 	text_9: autoDraw = True
286.3898 	EXP 	image: autoDraw = True
286.3898 	EXP 	text_same_practice: autoDraw = True
288.9396 	DATA 	Keypress: f
288.9415 	EXP 	New trial (rep=0, index=5): {'Stimulus_Practice': u'left_image_2_WHI.jpg', 'Direction': u'left', 'Number': 2, 'Background': u'_WHI', 'Format': u'image'}
289.0382 	EXP 	text_9: autoDraw = False
289.0382 	EXP 	image: autoDraw = False
289.0382 	EXP 	text_same_practice: autoDraw = False
289.0382 	EXP 	fixation_1: autoDraw = False
289.0382 	EXP 	image: image = u'Extra_Stimuli//left_image_2_WHI.jpg'
289.0382 	EXP 	text_same_practice: text = 'SAME / DIFFERENT?'
289.0382 	EXP 	text_9: autoDraw = True
289.0382 	EXP 	image: autoDraw = True
289.0382 	EXP 	text_same_practice: autoDraw = True
290.4629 	DATA 	Keypress: f
290.4937 	EXP 	text_9: autoDraw = False
290.4937 	EXP 	image: autoDraw = False
290.4937 	EXP 	text_same_practice: autoDraw = False
290.4937 	EXP 	fixation_1: autoDraw = True
292.4774 	EXP 	New trial (rep=0, index=6): {'Stimulus_Practice': u'right_image_1_WHI.jpg', 'Direction': u'right', 'Number': 1, 'Background': u'_WHI', 'Format': u'image'}
292.5585 	EXP 	fixation_1: autoDraw = False
292.5585 	EXP 	fixation_1: autoDraw = False
292.5585 	EXP 	image: image = u'Extra_Stimuli//right_image_1_WHI.jpg'
292.5585 	EXP 	text_same_practice: text = ''
292.5585 	EXP 	text_9: autoDraw = True
292.5585 	EXP 	image: autoDraw = True
292.5585 	EXP 	text_same_practice: autoDraw = True
342.0673 	DATA 	Keypress: escape
