3.6220 	ERROR 	avbin.dll failed to load.
                     Try importing psychopy.visual as the first library
                     (before anything that uses scipy)
                     and make sure that avbin is installed.
17.8575 	INFO 	Loaded monitor calibration from ['2016_05_25 15:27']
19.0809 	EXP 	Created window1 = Window(allowGUI=False, allowStencil=False, autoLog=True, bitsMode=UNKNOWN, blendMode='avg', color=array([ 0.4,  0.4,  0.4]), colorSpace='rgb', fullscr=UNKNOWN, gamma=None, lms=UNKNOWN, monitor=<psychopy.monitors.calibTools.Monitor instance at 0x05076468>, name='window1', pos=[0, 0], screen=0, size=array([1920, 1080]), stereo=False, units=u'norm', useFBO=True, viewOri=0.0, viewPos=None, viewScale=None, waitBlanking=True, winType='pyglet')
19.0810 	EXP 	window1: recordFrameIntervals = False
19.2456 	EXP 	window1: recordFrameIntervals = True
19.4291 	DEBUG 	Screen (0) actual frame rate measured at 59.96
19.4291 	EXP 	window1: recordFrameIntervals = False
19.5993 	EXP 	Created text_4 = TextStim(alignHoriz='center', alignVert='center', antialias=True, autoLog=True, bold=False, color='black', colorSpace='named', contrast=1.0, depth=0.0, flipHoriz=False, flipVert=False, font='Arial', fontFiles=[], height=0.1, italic=False, name='text_4', opacity=1.0, ori=0, pos=array([ 0.,  0.]), rgb=array([ 0.,  0.,  0.]), text=unicode(...), units=u'norm', win=Window(...), wrapWidth=1.5)
19.6000 	EXP 	Created text_6 = TextStim(alignHoriz='center', alignVert='center', antialias=True, autoLog=True, bold=False, color='black', colorSpace='named', contrast=1.0, depth=0.0, flipHoriz=False, flipVert=False, font='Arial', fontFiles=[], height=0.1, italic=False, name='text_6', opacity=1.0, ori=0, pos=array([ 0.,  0.]), rgb=array([ 0.,  0.,  0.]), text='', units=u'norm', win=Window(...), wrapWidth=1.5)
19.6007 	EXP 	Created text_9 = TextStim(alignHoriz='center', alignVert='center', antialias=True, autoLog=True, bold=False, color='black', colorSpace='named', contrast=1.0, depth=-1.0, flipHoriz=False, flipVert=False, font='Arial', fontFiles=[], height=0.1, italic=False, name='text_9', opacity=1.0, ori=0, pos=array([ 0. , -0.6]), rgb=array([ 0.,  0.,  0.]), text='', units=u'norm', win=Window(...), wrapWidth=1)
19.6040 	EXP 	Created image = ImageStim(autoLog=True, color=array([ 1.,  1.,  1.]), colorSpace='rgb', contrast=1.0, depth=-2.0, flipHoriz=False, flipVert=False, image='sin', interpolate=True, mask=None, maskParams=None, name='image', opacity=1.0, ori=0.0, pos=array([ 0.,  0.]), size=array([ 0.67,  0.67]), texRes=128, units='height', win=Window(...))
19.6047 	EXP 	Created text_same_practice = TextStim(alignHoriz='center', alignVert='center', antialias=True, autoLog=True, bold=False, color='black', colorSpace='named', contrast=1.0, depth=-3.0, flipHoriz=False, flipVert=False, font='Arial', fontFiles=[], height=0.1, italic=False, name='text_same_practice', opacity=1.0, ori=0, pos=array([ 0. , -0.8]), rgb=array([ 0.,  0.,  0.]), text='', units=u'norm', win=Window(...), wrapWidth=1)
19.6090 	EXP 	Created text_2 = TextStim(alignHoriz='center', alignVert='center', antialias=True, autoLog=True, bold=False, color='black', colorSpace='named', contrast=1.0, depth=0.0, flipHoriz=False, flipVert=False, font='Arial', fontFiles=[], height=0.1, italic=False, name='text_2', opacity=1.0, ori=0, pos=array([ 0.,  0.]), rgb=array([ 0.,  0.,  0.]), text=u'+', units=u'norm', win=Window(...), wrapWidth=1)
19.6097 	EXP 	Created text_11 = TextStim(alignHoriz='center', alignVert='center', antialias=True, autoLog=True, bold=False, color='black', colorSpace='named', contrast=1.0, depth=-1.0, flipHoriz=False, flipVert=False, font='Arial', fontFiles=[], height=0.1, italic=False, name='text_11', opacity=1.0, ori=0, pos=array([ 0. , -0.6]), rgb=array([ 0.,  0.,  0.]), text='', units=u'norm', win=Window(...), wrapWidth=1)
19.6120 	EXP 	Created image_3 = ImageStim(autoLog=True, color=array([ 1.,  1.,  1.]), colorSpace='rgb', contrast=1.0, depth=-2.0, flipHoriz=False, flipVert=False, image='sin', interpolate=True, mask=None, maskParams=None, name='image_3', opacity=1.0, ori=0.0, pos=array([ 0.,  0.]), size=array([ 0.67,  0.67]), texRes=128, units='height', win=Window(...))
19.6128 	EXP 	Created text_same_practice_2 = TextStim(alignHoriz='center', alignVert='center', antialias=True, autoLog=True, bold=False, color='black', colorSpace='named', contrast=1.0, depth=-3.0, flipHoriz=False, flipVert=False, font='Arial', fontFiles=[], height=0.1, italic=False, name='text_same_practice_2', opacity=1.0, ori=0, pos=array([ 0. , -0.8]), rgb=array([ 0.,  0.,  0.]), text='', units=u'norm', win=Window(...), wrapWidth=1)
19.6154 	EXP 	Created text_2 = TextStim(alignHoriz='center', alignVert='center', antialias=True, autoLog=True, bold=False, color='black', colorSpace='named', contrast=1.0, depth=0.0, flipHoriz=False, flipVert=False, font='Arial', fontFiles=[], height=0.1, italic=False, name='text_2', opacity=1.0, ori=0, pos=array([ 0.,  0.]), rgb=array([ 0.,  0.,  0.]), text=u'+', units=u'norm', win=Window(...), wrapWidth=1)
19.6163 	EXP 	Created text_12 = TextStim(alignHoriz='center', alignVert='center', antialias=True, autoLog=True, bold=False, color='black', colorSpace='named', contrast=1.0, depth=-1.0, flipHoriz=False, flipVert=False, font='Arial', fontFiles=[], height=0.1, italic=False, name='text_12', opacity=1.0, ori=0, pos=array([ 0. , -0.6]), rgb=array([ 0.,  0.,  0.]), text='', units=u'norm', win=Window(...), wrapWidth=1)
19.6188 	EXP 	Created image_4 = ImageStim(autoLog=True, color=array([ 1.,  1.,  1.]), colorSpace='rgb', contrast=1.0, depth=-2.0, flipHoriz=False, flipVert=False, image='sin', interpolate=True, mask=None, maskParams=None, name='image_4', opacity=1.0, ori=0.0, pos=array([ 0.,  0.]), size=array([ 0.67,  0.67]), texRes=128, units='height', win=Window(...))
19.6195 	EXP 	Created text_same_practice_3 = TextStim(alignHoriz='center', alignVert='center', antialias=True, autoLog=True, bold=False, color='black', colorSpace='named', contrast=1.0, depth=-3.0, flipHoriz=False, flipVert=False, font='Arial', fontFiles=[], height=0.1, italic=False, name='text_same_practice_3', opacity=1.0, ori=0, pos=array([ 0. , -0.8]), rgb=array([ 0.,  0.,  0.]), text='', units=u'norm', win=Window(...), wrapWidth=1)
19.6498 	EXP 	Created text_10 = TextStim(alignHoriz='center', alignVert='center', antialias=True, autoLog=True, bold=False, color='black', colorSpace='named', contrast=1.0, depth=0.0, flipHoriz=False, flipVert=False, font='Arial', fontFiles=[], height=0.1, italic=False, name='text_10', opacity=1.0, ori=0, pos=array([ 0.,  0.]), rgb=array([ 0.,  0.,  0.]), text=unicode(...), units=u'norm', win=Window(...), wrapWidth=1)
19.6521 	EXP 	Created image_2 = ImageStim(autoLog=True, color=array([ 1.,  1.,  1.]), colorSpace='rgb', contrast=1.0, depth=-1.0, flipHoriz=False, flipVert=False, image='sin', interpolate=True, mask=None, maskParams=None, name='image_2', opacity=1.0, ori=0.0, pos=array([ 0.,  0.]), size=array([ 0.67,  0.67]), texRes=128, units='height', win=Window(...))
19.6564 	EXP 	Created unnamed TextStim = TextStim(alignHoriz='center', alignVert='center', antialias=True, autoLog=True, bold=False, color='black', colorSpace='named', contrast=1.0, depth=0, flipHoriz=False, flipVert=False, font='', fontFiles=[], height=0.1, italic=False, name='unnamed TextStim', opacity=1.0, ori=0.0, pos=array([ 0.,  0.]), rgb=array([ 0.,  0.,  0.]), text=u'+', units=u'norm', win=Window(...), wrapWidth=1)
19.6571 	EXP 	Created text_same = TextStim(alignHoriz='center', alignVert='center', antialias=True, autoLog=True, bold=False, color='black', colorSpace='named', contrast=1.0, depth=-3.0, flipHoriz=False, flipVert=False, font='Arial', fontFiles=[], height=0.1, italic=False, name='text_same', opacity=1.0, ori=0, pos=array([ 0. , -0.8]), rgb=array([ 0.,  0.,  0.]), text='', units=u'norm', win=Window(...), wrapWidth=1)
19.6667 	EXP 	Created text = TextStim(alignHoriz='center', alignVert='center', antialias=True, autoLog=True, bold=False, color='black', colorSpace='named', contrast=1.0, depth=0.0, flipHoriz=False, flipVert=False, font='Arial', fontFiles=[], height=0.1, italic=False, name='text', opacity=1.0, ori=0, pos=array([ 0.,  0.]), rgb=array([ 0.,  0.,  0.]), text=unicode(...), units=u'norm', win=Window(...), wrapWidth=1)
19.6968 	EXP 	text_4: autoDraw = True
20.2120 	DATA 	Keypress: f
20.4292 	DATA 	Keypress: d
20.4296 	EXP 	Created sequence: random, trialTypes=1, nReps=2, seed=None
20.4299 	EXP 	New trial (rep=0, index=0): None
20.5282 	EXP 	text_4: autoDraw = False
20.5282 	EXP 	text_6: text = "Let's try a few for practice. You'll see spatial directions one at a time on the screen. They will be either LEFT or RIGHT or AHEAD. Tell the experimenter if the spatial direction on the screen is the SAME or DIFFERENT from the spatial direction that you just saw. For the first stimulus, just say 'GO.' Then when it says 'Same?' underneath, tell the experimenter whether you see the same direction or a different direction"
20.5282 	EXP 	text_6: autoDraw = True
20.9294 	DATA 	Keypress: d
20.9516 	EXP 	Imported Extra_Stimuli//practice_order_WHI_image.xlsx as conditions, 9 conditions, 5 params
20.9521 	EXP 	Created sequence: random, trialTypes=9, nReps=1, seed=None
20.9527 	EXP 	New trial (rep=0, index=0): {u'Stimulus_Practice': u'right_image_2_WHI.jpg', u'Direction': u'right', u'Number': 2, u'Background': u'_WHI', u'Format': u'image'}
21.0612 	EXP 	text_6: autoDraw = False
21.0612 	EXP 	image: image = u'Extra_Stimuli//right_image_2_WHI.jpg'
21.0612 	EXP 	text_same_practice: text = ''
21.0612 	EXP 	text_9: autoDraw = True
21.0612 	EXP 	image: autoDraw = True
21.0612 	EXP 	text_same_practice: autoDraw = True
21.7123 	DATA 	Keypress: f
21.7132 	EXP 	New trial (rep=0, index=1): {u'Stimulus_Practice': u'right_image_3_WHI.jpg', u'Direction': u'right', u'Number': 3, u'Background': u'_WHI', u'Format': u'image'}
21.7776 	EXP 	text_9: autoDraw = False
21.7776 	EXP 	image: autoDraw = False
21.7776 	EXP 	text_same_practice: autoDraw = False
21.7776 	EXP 	image: image = u'Extra_Stimuli//right_image_3_WHI.jpg'
21.7776 	EXP 	text_same_practice: text = 'SAME?'
21.7776 	EXP 	text_9: autoDraw = True
21.7776 	EXP 	image: autoDraw = True
21.7776 	EXP 	text_same_practice: autoDraw = True
22.1282 	DATA 	Keypress: f
22.1295 	EXP 	New trial (rep=0, index=2): {u'Stimulus_Practice': u'ahead_image_3_WHI.jpg', u'Direction': u'ahead', u'Number': 3, u'Background': u'_WHI', u'Format': u'image'}
22.1940 	EXP 	text_9: autoDraw = False
22.1940 	EXP 	image: autoDraw = False
22.1940 	EXP 	text_same_practice: autoDraw = False
22.1940 	EXP 	image: image = u'Extra_Stimuli//ahead_image_3_WHI.jpg'
22.1940 	EXP 	text_same_practice: text = ''
22.1940 	EXP 	text_9: autoDraw = True
22.1940 	EXP 	image: autoDraw = True
22.1940 	EXP 	text_same_practice: autoDraw = True
22.9776 	DATA 	Keypress: f
22.9787 	EXP 	New trial (rep=0, index=3): {u'Stimulus_Practice': u'ahead_image_1_WHI.jpg', u'Direction': u'ahead', u'Number': 1, u'Background': u'_WHI', u'Format': u'image'}
23.0437 	EXP 	text_9: autoDraw = False
23.0437 	EXP 	image: autoDraw = False
23.0437 	EXP 	text_same_practice: autoDraw = False
23.0437 	EXP 	image: image = u'Extra_Stimuli//ahead_image_1_WHI.jpg'
23.0437 	EXP 	text_same_practice: text = 'SAME?'
23.0437 	EXP 	text_9: autoDraw = True
23.0437 	EXP 	image: autoDraw = True
23.0437 	EXP 	text_same_practice: autoDraw = True
23.3109 	DATA 	Keypress: f
23.3115 	EXP 	New trial (rep=0, index=4): {u'Stimulus_Practice': u'left_image_2_WHI.jpg', u'Direction': u'left', u'Number': 2, u'Background': u'_WHI', u'Format': u'image'}
23.3775 	EXP 	text_9: autoDraw = False
23.3775 	EXP 	image: autoDraw = False
23.3775 	EXP 	text_same_practice: autoDraw = False
23.3775 	EXP 	image: image = u'Extra_Stimuli//left_image_2_WHI.jpg'
23.3775 	EXP 	text_same_practice: text = ''
23.3775 	EXP 	text_9: autoDraw = True
23.3775 	EXP 	image: autoDraw = True
23.3775 	EXP 	text_same_practice: autoDraw = True
23.8604 	DATA 	Keypress: f
23.8613 	EXP 	New trial (rep=0, index=5): {u'Stimulus_Practice': u'ahead_image_2_WHI.jpg', u'Direction': u'ahead', u'Number': 2, u'Background': u'_WHI', u'Format': u'image'}
23.9264 	EXP 	text_9: autoDraw = False
23.9264 	EXP 	image: autoDraw = False
23.9264 	EXP 	text_same_practice: autoDraw = False
23.9264 	EXP 	image: image = u'Extra_Stimuli//ahead_image_2_WHI.jpg'
23.9264 	EXP 	text_same_practice: text = 'SAME?'
23.9264 	EXP 	text_9: autoDraw = True
23.9264 	EXP 	image: autoDraw = True
23.9264 	EXP 	text_same_practice: autoDraw = True
24.5104 	DATA 	Keypress: f
24.5110 	EXP 	New trial (rep=0, index=6): {u'Stimulus_Practice': u'right_image_1_WHI.jpg', u'Direction': u'right', u'Number': 1, u'Background': u'_WHI', u'Format': u'image'}
24.5764 	EXP 	text_9: autoDraw = False
24.5764 	EXP 	image: autoDraw = False
24.5764 	EXP 	text_same_practice: autoDraw = False
24.5764 	EXP 	image: image = u'Extra_Stimuli//right_image_1_WHI.jpg'
24.5764 	EXP 	text_same_practice: text = ''
24.5764 	EXP 	text_9: autoDraw = True
24.5764 	EXP 	image: autoDraw = True
24.5764 	EXP 	text_same_practice: autoDraw = True
25.1430 	DATA 	Keypress: f
25.1436 	EXP 	New trial (rep=0, index=7): {u'Stimulus_Practice': u'left_image_3_WHI.jpg', u'Direction': u'left', u'Number': 3, u'Background': u'_WHI', u'Format': u'image'}
25.2090 	EXP 	text_9: autoDraw = False
25.2090 	EXP 	image: autoDraw = False
25.2090 	EXP 	text_same_practice: autoDraw = False
25.2090 	EXP 	image: image = u'Extra_Stimuli//left_image_3_WHI.jpg'
25.2090 	EXP 	text_same_practice: text = 'SAME?'
25.2090 	EXP 	text_9: autoDraw = True
25.2090 	EXP 	image: autoDraw = True
25.2090 	EXP 	text_same_practice: autoDraw = True
25.7266 	DATA 	Keypress: f
25.7272 	EXP 	New trial (rep=0, index=8): {u'Stimulus_Practice': u'left_image_1_WHI.jpg', u'Direction': u'left', u'Number': 1, u'Background': u'_WHI', u'Format': u'image'}
25.7921 	EXP 	text_9: autoDraw = False
25.7921 	EXP 	image: autoDraw = False
25.7921 	EXP 	text_same_practice: autoDraw = False
25.7921 	EXP 	image: image = u'Extra_Stimuli//left_image_1_WHI.jpg'
25.7921 	EXP 	text_9: autoDraw = True
25.7921 	EXP 	image: autoDraw = True
25.7921 	EXP 	text_same_practice: autoDraw = True
27.8247 	DATA 	Keypress: f
27.8748 	EXP 	text_9: autoDraw = False
27.8748 	EXP 	image: autoDraw = False
27.8748 	EXP 	text_same_practice: autoDraw = False
27.8748 	EXP 	text_2: autoDraw = True
28.3926 	DATA 	Keypress: escape
