3.8411 	INFO 	Loaded monitor calibration from ['2015_02_18 17:00']
4.6687 	EXP 	Created window1 = Window(allowGUI=False, allowStencil=False, autoLog=True, bitsMode=UNKNOWN, blendMode='avg', color=array([ 0.4,  0.4,  0.4]), colorSpace='rgb', fullscr=UNKNOWN, gamma=None, lms=UNKNOWN, monitor=<psychopy.monitors.calibTools.Monitor object at 0x085610B0>, multiSample=False, name='window1', numSamples=2, pos=[0, 0], screen=0, size=array([1920, 1080]), stereo=False, units=u'norm', useFBO=True, useRetina=False, viewOri=0.0, viewPos=None, viewScale=None, waitBlanking=True, winType='pyglet')
4.6688 	EXP 	window1: recordFrameIntervals = False
4.8339 	EXP 	window1: recordFrameIntervals = True
5.0179 	DEBUG 	Screen (0) actual frame rate measured at 59.93
5.0180 	EXP 	window1: recordFrameIntervals = False
5.1821 	EXP 	Created text_4 = TextStim(alignHoriz='center', alignVert='center', antialias=True, autoLog=True, bold=False, color='black', colorSpace='named', contrast=1.0, depth=0.0, flipHoriz=False, flipVert=False, font='Arial', fontFiles=[], height=0.1, italic=False, name='text_4', opacity=1.0, ori=0, pos=array([ 0.,  0.]), rgb=array([ 0.,  0.,  0.]), text=unicode(...), units=u'norm', win=Window(...), wrapWidth=1.5)
5.1826 	EXP 	Created text_6 = TextStim(alignHoriz='center', alignVert='center', antialias=True, autoLog=True, bold=False, color='black', colorSpace='named', contrast=1.0, depth=0.0, flipHoriz=False, flipVert=False, font='Arial', fontFiles=[], height=0.1, italic=False, name='text_6', opacity=1.0, ori=0, pos=array([ 0.,  0.]), rgb=array([ 0.,  0.,  0.]), text='', units=u'norm', win=Window(...), wrapWidth=1.5)
5.1832 	EXP 	Created text_9 = TextStim(alignHoriz='center', alignVert='center', antialias=True, autoLog=True, bold=False, color='black', colorSpace='named', contrast=1.0, depth=-1.0, flipHoriz=False, flipVert=False, font='Arial', fontFiles=[], height=0.1, italic=False, name='text_9', opacity=1.0, ori=0, pos=array([ 0. , -0.6]), rgb=array([ 0.,  0.,  0.]), text='', units=u'norm', win=Window(...), wrapWidth=1)
5.1851 	EXP 	Created image = ImageStim(autoLog=True, color=array([ 1.,  1.,  1.]), colorSpace='rgb', contrast=1.0, depth=-2.0, flipHoriz=False, flipVert=False, image='sin', interpolate=True, mask=None, maskParams=None, name='image', opacity=1.0, ori=0.0, pos=array([ 0.,  0.]), size=array([ 0.83333333,  1.48148148]), texRes=128, units=u'norm', win=Window(...))
5.6400 	EXP 	Created text_2 = TextStim(alignHoriz='center', alignVert='center', antialias=True, autoLog=True, bold=False, color=u'black', colorSpace='named', contrast=1.0, depth=0.0, flipHoriz=False, flipVert=False, font=u'Arial', fontFiles=[], height=2, italic=False, name='text_2', opacity=1.0, ori=0, pos=array([ 0.,  0.]), rgb=array([ 0.,  0.,  0.]), text=u'+', units=u'norm', win=Window(...), wrapWidth=1)
5.6601 	EXP 	Created text_10 = TextStim(alignHoriz='center', alignVert='center', antialias=True, autoLog=True, bold=False, color='black', colorSpace='named', contrast=1.0, depth=0.0, flipHoriz=False, flipVert=False, font='Arial', fontFiles=[], height=0.1, italic=False, name='text_10', opacity=1.0, ori=0, pos=array([ 0.,  0.]), rgb=array([ 0.,  0.,  0.]), text=unicode(...), units=u'norm', win=Window(...), wrapWidth=1)
5.6617 	EXP 	Created image_2 = ImageStim(autoLog=True, color=array([ 1.,  1.,  1.]), colorSpace='rgb', contrast=1.0, depth=-1.0, flipHoriz=False, flipVert=False, image='sin', interpolate=True, mask=None, maskParams=None, name='image_2', opacity=1.0, ori=0.0, pos=array([ 0.,  0.]), size=array([ 0.83333333,  1.48148148]), texRes=128, units=u'norm', win=Window(...))
5.6691 	EXP 	Created text = TextStim(alignHoriz='center', alignVert='center', antialias=True, autoLog=True, bold=False, color='black', colorSpace='named', contrast=1.0, depth=0.0, flipHoriz=False, flipVert=False, font='Arial', fontFiles=[], height=0.1, italic=False, name='text', opacity=1.0, ori=0, pos=array([ 0.,  0.]), rgb=array([ 0.,  0.,  0.]), text=unicode(...), units=u'norm', win=Window(...), wrapWidth=1)
5.6705 	EXP 	window1: blendMode = 'avg'
5.6844 	EXP 	text_4: autoDraw = True
5.6849 	EXP 	window1: blendMode = 'avg'
5.7013 	EXP 	window1: blendMode = 'avg'
5.7194 	EXP 	window1: blendMode = 'avg'
5.7363 	EXP 	window1: blendMode = 'avg'
5.7520 	EXP 	window1: blendMode = 'avg'
5.7688 	EXP 	window1: blendMode = 'avg'
5.7864 	EXP 	window1: blendMode = 'avg'
5.8031 	EXP 	window1: blendMode = 'avg'
5.8197 	EXP 	window1: blendMode = 'avg'
5.8364 	EXP 	window1: blendMode = 'avg'
5.8531 	EXP 	window1: blendMode = 'avg'
5.8698 	EXP 	window1: blendMode = 'avg'
5.8867 	EXP 	window1: blendMode = 'avg'
5.9032 	EXP 	window1: blendMode = 'avg'
5.9198 	EXP 	window1: blendMode = 'avg'
5.9370 	EXP 	window1: blendMode = 'avg'
5.9533 	EXP 	window1: blendMode = 'avg'
5.9700 	EXP 	window1: blendMode = 'avg'
5.9868 	EXP 	window1: blendMode = 'avg'
6.0024 	EXP 	window1: blendMode = 'avg'
6.0191 	EXP 	window1: blendMode = 'avg'
6.0357 	EXP 	window1: blendMode = 'avg'
6.0533 	EXP 	window1: blendMode = 'avg'
6.0700 	EXP 	window1: blendMode = 'avg'
6.0859 	EXP 	window1: blendMode = 'avg'
6.1026 	EXP 	window1: blendMode = 'avg'
6.1202 	EXP 	window1: blendMode = 'avg'
6.1368 	EXP 	window1: blendMode = 'avg'
6.1539 	EXP 	window1: blendMode = 'avg'
6.1702 	EXP 	window1: blendMode = 'avg'
6.1867 	EXP 	window1: blendMode = 'avg'
6.2035 	EXP 	window1: blendMode = 'avg'
6.2202 	EXP 	window1: blendMode = 'avg'
6.2368 	EXP 	window1: blendMode = 'avg'
6.2536 	EXP 	window1: blendMode = 'avg'
6.2702 	EXP 	window1: blendMode = 'avg'
6.2869 	EXP 	window1: blendMode = 'avg'
6.3036 	EXP 	window1: blendMode = 'avg'
6.3203 	EXP 	window1: blendMode = 'avg'
6.3369 	EXP 	window1: blendMode = 'avg'
6.3536 	EXP 	window1: blendMode = 'avg'
6.3709 	EXP 	window1: blendMode = 'avg'
6.3870 	EXP 	window1: blendMode = 'avg'
6.4048 	EXP 	window1: blendMode = 'avg'
6.4204 	EXP 	window1: blendMode = 'avg'
6.4371 	EXP 	window1: blendMode = 'avg'
6.4537 	EXP 	window1: blendMode = 'avg'
6.4704 	EXP 	window1: blendMode = 'avg'
6.4871 	EXP 	window1: blendMode = 'avg'
6.5037 	EXP 	window1: blendMode = 'avg'
6.5205 	EXP 	window1: blendMode = 'avg'
6.5362 	DATA 	Keypress: space
6.5377 	EXP 	Created sequence: random, trialTypes=1, nReps=2, seed=None
6.5387 	EXP 	New trial (rep=0, index=0): None
6.6280 	EXP 	window1: blendMode = 'avg'
6.6354 	EXP 	text_4: autoDraw = False
6.6354 	EXP 	text_6: text = "Let's try a few for practice. You'll see spatial directions one at a time on the screen. They will be either LEFT or RIGHT or AHEAD. Tell the experimenter if the spatial direction on the screen is the SAME or DIFFERENT from the spatial direction that you just saw."
6.6354 	EXP 	text_6: autoDraw = True
6.6358 	EXP 	window1: blendMode = 'avg'
6.6526 	EXP 	window1: blendMode = 'avg'
6.6691 	EXP 	window1: blendMode = 'avg'
6.6869 	EXP 	window1: blendMode = 'avg'
6.7036 	EXP 	window1: blendMode = 'avg'
6.7203 	EXP 	window1: blendMode = 'avg'
6.7370 	EXP 	window1: blendMode = 'avg'
6.7542 	EXP 	window1: blendMode = 'avg'
6.7707 	EXP 	window1: blendMode = 'avg'
6.7875 	EXP 	window1: blendMode = 'avg'
6.8040 	EXP 	window1: blendMode = 'avg'
6.8208 	EXP 	window1: blendMode = 'avg'
6.8374 	EXP 	window1: blendMode = 'avg'
6.8541 	EXP 	window1: blendMode = 'avg'
6.8718 	EXP 	window1: blendMode = 'avg'
6.8874 	EXP 	window1: blendMode = 'avg'
6.9028 	DATA 	Keypress: space
6.9361 	DEBUG 	Read excel file with pandas: Extra_Stimuli//practice_order_WHI_image.xlsx
6.9378 	EXP 	Imported Extra_Stimuli//practice_order_WHI_image.xlsx as conditions, 9 conditions, 5 params
6.9385 	EXP 	Created sequence: random, trialTypes=9, nReps=3, seed=None
6.9394 	EXP 	New trial (rep=0, index=0): {'Stimulus_Practice': u'left_image_2_WHI.jpg', 'Direction': u'left', 'Number': 2, 'Background': u'_WHI', 'Format': u'image'}
6.9679 	EXP 	window1: blendMode = 'avg'
6.9862 	EXP 	text_6: autoDraw = False
6.9862 	EXP 	image: image = u'Extra_Stimuli//left_image_2_WHI.jpg'
6.9862 	EXP 	text_9: autoDraw = True
6.9862 	EXP 	image: autoDraw = True
6.9864 	EXP 	window1: blendMode = 'avg'
7.0029 	EXP 	window1: blendMode = 'avg'
7.0208 	EXP 	window1: blendMode = 'avg'
7.0371 	EXP 	window1: blendMode = 'avg'
7.0533 	EXP 	window1: blendMode = 'avg'
7.0701 	EXP 	window1: blendMode = 'avg'
7.0863 	EXP 	window1: blendMode = 'avg'
7.1039 	EXP 	window1: blendMode = 'avg'
7.1207 	DATA 	Keypress: f
7.1235 	EXP 	New trial (rep=0, index=1): {'Stimulus_Practice': u'right_image_3_WHI.jpg', 'Direction': u'right', 'Number': 3, 'Background': u'_WHI', 'Format': u'image'}
7.1842 	EXP 	window1: blendMode = 'avg'
7.2028 	EXP 	text_9: autoDraw = False
7.2028 	EXP 	image: autoDraw = False
7.2028 	EXP 	image: image = u'Extra_Stimuli//right_image_3_WHI.jpg'
7.2028 	EXP 	text_9: autoDraw = True
7.2028 	EXP 	image: autoDraw = True
7.2031 	EXP 	window1: blendMode = 'avg'
7.2205 	EXP 	window1: blendMode = 'avg'
7.2374 	EXP 	window1: blendMode = 'avg'
7.2540 	EXP 	window1: blendMode = 'avg'
7.2709 	EXP 	window1: blendMode = 'avg'
7.2874 	EXP 	window1: blendMode = 'avg'
7.3041 	EXP 	window1: blendMode = 'avg'
7.3210 	EXP 	window1: blendMode = 'avg'
7.3374 	EXP 	window1: blendMode = 'avg'
7.3541 	EXP 	window1: blendMode = 'avg'
7.3711 	EXP 	window1: blendMode = 'avg'
7.3875 	EXP 	window1: blendMode = 'avg'
7.4044 	EXP 	window1: blendMode = 'avg'
7.4207 	DATA 	Keypress: j
7.4230 	EXP 	New trial (rep=0, index=2): {'Stimulus_Practice': u'ahead_image_2_WHI.jpg', 'Direction': u'ahead', 'Number': 2, 'Background': u'_WHI', 'Format': u'image'}
7.5026 	EXP 	window1: blendMode = 'avg'
7.5199 	EXP 	text_9: autoDraw = False
7.5199 	EXP 	image: autoDraw = False
7.5199 	EXP 	image: image = u'Extra_Stimuli//ahead_image_2_WHI.jpg'
7.5199 	EXP 	text_9: autoDraw = True
7.5199 	EXP 	image: autoDraw = True
7.5202 	EXP 	window1: blendMode = 'avg'
7.5368 	EXP 	window1: blendMode = 'avg'
7.5546 	EXP 	window1: blendMode = 'avg'
7.5710 	EXP 	window1: blendMode = 'avg'
7.5880 	EXP 	window1: blendMode = 'avg'
7.6044 	EXP 	window1: blendMode = 'avg'
7.6209 	DATA 	Keypress: f
7.6233 	EXP 	New trial (rep=0, index=3): {'Stimulus_Practice': u'right_image_1_WHI.jpg', 'Direction': u'right', 'Number': 1, 'Background': u'_WHI', 'Format': u'image'}
7.6886 	EXP 	window1: blendMode = 'avg'
7.7034 	EXP 	text_9: autoDraw = False
7.7034 	EXP 	image: autoDraw = False
7.7034 	EXP 	image: image = u'Extra_Stimuli//right_image_1_WHI.jpg'
7.7034 	EXP 	text_9: autoDraw = True
7.7034 	EXP 	image: autoDraw = True
7.7037 	EXP 	window1: blendMode = 'avg'
7.7203 	EXP 	window1: blendMode = 'avg'
7.7378 	EXP 	window1: blendMode = 'avg'
7.7545 	EXP 	window1: blendMode = 'avg'
7.7715 	EXP 	window1: blendMode = 'avg'
7.7877 	DATA 	Keypress: j
7.7901 	EXP 	New trial (rep=0, index=4): {'Stimulus_Practice': u'ahead_image_3_WHI.jpg', 'Direction': u'ahead', 'Number': 3, 'Background': u'_WHI', 'Format': u'image'}
7.8461 	EXP 	window1: blendMode = 'avg'
7.8535 	EXP 	text_9: autoDraw = False
7.8535 	EXP 	image: autoDraw = False
7.8535 	EXP 	image: image = u'Extra_Stimuli//ahead_image_3_WHI.jpg'
7.8535 	EXP 	text_9: autoDraw = True
7.8535 	EXP 	image: autoDraw = True
7.8538 	EXP 	window1: blendMode = 'avg'
7.8705 	EXP 	window1: blendMode = 'avg'
7.8879 	EXP 	window1: blendMode = 'avg'
7.9043 	EXP 	window1: blendMode = 'avg'
7.9210 	EXP 	window1: blendMode = 'avg'
7.9382 	EXP 	window1: blendMode = 'avg'
7.9546 	DATA 	Keypress: f
7.9569 	EXP 	New trial (rep=0, index=5): {'Stimulus_Practice': u'left_image_3_WHI.jpg', 'Direction': u'left', 'Number': 3, 'Background': u'_WHI', 'Format': u'image'}
8.0070 	EXP 	window1: blendMode = 'avg'
8.0203 	EXP 	text_9: autoDraw = False
8.0203 	EXP 	image: autoDraw = False
8.0203 	EXP 	image: image = u'Extra_Stimuli//left_image_3_WHI.jpg'
8.0203 	EXP 	text_9: autoDraw = True
8.0203 	EXP 	image: autoDraw = True
8.0205 	EXP 	window1: blendMode = 'avg'
8.0371 	EXP 	window1: blendMode = 'avg'
8.0542 	EXP 	window1: blendMode = 'avg'
8.0716 	EXP 	window1: blendMode = 'avg'
8.0881 	EXP 	window1: blendMode = 'avg'
8.1044 	EXP 	window1: blendMode = 'avg'
8.1214 	EXP 	window1: blendMode = 'avg'
8.1378 	EXP 	window1: blendMode = 'avg'
8.1550 	EXP 	window1: blendMode = 'avg'
8.1718 	DATA 	Keypress: j
8.1741 	EXP 	New trial (rep=0, index=6): {'Stimulus_Practice': u'left_image_1_WHI.jpg', 'Direction': u'left', 'Number': 1, 'Background': u'_WHI', 'Format': u'image'}
8.2317 	EXP 	window1: blendMode = 'avg'
8.2542 	EXP 	text_9: autoDraw = False
8.2542 	EXP 	image: autoDraw = False
8.2542 	EXP 	image: image = u'Extra_Stimuli//left_image_1_WHI.jpg'
8.2542 	EXP 	text_9: autoDraw = True
8.2542 	EXP 	image: autoDraw = True
8.2544 	EXP 	window1: blendMode = 'avg'
8.2717 	EXP 	window1: blendMode = 'avg'
8.2888 	EXP 	window1: blendMode = 'avg'
8.3054 	EXP 	window1: blendMode = 'avg'
8.3218 	EXP 	window1: blendMode = 'avg'
8.3387 	EXP 	window1: blendMode = 'avg'
8.3553 	EXP 	window1: blendMode = 'avg'
8.3721 	EXP 	window1: blendMode = 'avg'
8.3885 	EXP 	window1: blendMode = 'avg'
8.3901 	DATA 	Keypress: f
8.4071 	EXP 	New trial (rep=0, index=7): {'Stimulus_Practice': u'right_image_2_WHI.jpg', 'Direction': u'right', 'Number': 2, 'Background': u'_WHI', 'Format': u'image'}
8.4712 	EXP 	window1: blendMode = 'avg'
8.4875 	EXP 	text_9: autoDraw = False
8.4875 	EXP 	image: autoDraw = False
8.4875 	EXP 	image: image = u'Extra_Stimuli//right_image_2_WHI.jpg'
8.4875 	EXP 	text_9: autoDraw = True
8.4875 	EXP 	image: autoDraw = True
8.4878 	EXP 	window1: blendMode = 'avg'
8.5044 	EXP 	window1: blendMode = 'avg'
8.5220 	EXP 	window1: blendMode = 'avg'
8.5386 	EXP 	window1: blendMode = 'avg'
8.5555 	DATA 	Keypress: j
8.5578 	EXP 	New trial (rep=0, index=8): {'Stimulus_Practice': u'ahead_image_1_WHI.jpg', 'Direction': u'ahead', 'Number': 1, 'Background': u'_WHI', 'Format': u'image'}
8.6181 	EXP 	window1: blendMode = 'avg'
8.6377 	EXP 	text_9: autoDraw = False
8.6377 	EXP 	image: autoDraw = False
8.6377 	EXP 	image: image = u'Extra_Stimuli//ahead_image_1_WHI.jpg'
8.6377 	EXP 	text_9: autoDraw = True
8.6377 	EXP 	image: autoDraw = True
8.6379 	EXP 	window1: blendMode = 'avg'
8.6549 	EXP 	window1: blendMode = 'avg'
8.6721 	EXP 	window1: blendMode = 'avg'
8.6891 	EXP 	window1: blendMode = 'avg'
8.7055 	EXP 	window1: blendMode = 'avg'
8.7224 	EXP 	window1: blendMode = 'avg'
8.7389 	EXP 	window1: blendMode = 'avg'
8.7558 	EXP 	window1: blendMode = 'avg'
8.7721 	DATA 	Keypress: f
8.7744 	EXP 	New trial (rep=1, index=0): {'Stimulus_Practice': u'ahead_image_2_WHI.jpg', 'Direction': u'ahead', 'Number': 2, 'Background': u'_WHI', 'Format': u'image'}
8.8402 	EXP 	window1: blendMode = 'avg'
8.8545 	EXP 	text_9: autoDraw = False
8.8545 	EXP 	image: autoDraw = False
8.8545 	EXP 	image: image = u'Extra_Stimuli//ahead_image_2_WHI.jpg'
8.8545 	EXP 	text_9: autoDraw = True
8.8545 	EXP 	image: autoDraw = True
8.8548 	EXP 	window1: blendMode = 'avg'
8.8716 	EXP 	window1: blendMode = 'avg'
8.8886 	EXP 	window1: blendMode = 'avg'
8.9049 	EXP 	window1: blendMode = 'avg'
8.9218 	EXP 	window1: blendMode = 'avg'
8.9386 	EXP 	window1: blendMode = 'avg'
8.9548 	EXP 	window1: blendMode = 'avg'
8.9717 	EXP 	window1: blendMode = 'avg'
8.9892 	EXP 	window1: blendMode = 'avg'
9.0059 	EXP 	window1: blendMode = 'avg'
9.0228 	EXP 	window1: blendMode = 'avg'
9.0392 	EXP 	window1: blendMode = 'avg'
9.0561 	EXP 	window1: blendMode = 'avg'
9.0728 	EXP 	window1: blendMode = 'avg'
9.0895 	EXP 	window1: blendMode = 'avg'
9.1059 	EXP 	window1: blendMode = 'avg'
9.1226 	EXP 	window1: blendMode = 'avg'
9.1397 	EXP 	window1: blendMode = 'avg'
9.1568 	EXP 	window1: blendMode = 'avg'
9.1723 	EXP 	window1: blendMode = 'avg'
9.1887 	EXP 	window1: blendMode = 'avg'
9.2054 	DATA 	Keypress: j
9.2060 	EXP 	New trial (rep=1, index=1): {'Stimulus_Practice': u'right_image_1_WHI.jpg', 'Direction': u'right', 'Number': 1, 'Background': u'_WHI', 'Format': u'image'}
9.2315 	EXP 	window1: blendMode = 'avg'
9.2382 	EXP 	text_9: autoDraw = False
9.2382 	EXP 	image: autoDraw = False
9.2382 	EXP 	image: image = u'Extra_Stimuli//right_image_1_WHI.jpg'
9.2382 	EXP 	text_9: autoDraw = True
9.2382 	EXP 	image: autoDraw = True
9.2384 	EXP 	window1: blendMode = 'avg'
9.2551 	EXP 	window1: blendMode = 'avg'
9.2720 	EXP 	window1: blendMode = 'avg'
9.2895 	EXP 	window1: blendMode = 'avg'
9.3067 	EXP 	window1: blendMode = 'avg'
9.3228 	EXP 	window1: blendMode = 'avg'
9.3397 	EXP 	window1: blendMode = 'avg'
9.3561 	EXP 	window1: blendMode = 'avg'
9.3731 	EXP 	window1: blendMode = 'avg'
9.3895 	EXP 	window1: blendMode = 'avg'
9.4065 	EXP 	window1: blendMode = 'avg'
9.4229 	EXP 	window1: blendMode = 'avg'
9.4398 	EXP 	window1: blendMode = 'avg'
9.4582 	EXP 	window1: blendMode = 'avg'
9.4732 	EXP 	window1: blendMode = 'avg'
9.4897 	EXP 	window1: blendMode = 'avg'
9.5064 	DATA 	Keypress: f
9.5088 	EXP 	New trial (rep=1, index=2): {'Stimulus_Practice': u'right_image_2_WHI.jpg', 'Direction': u'right', 'Number': 2, 'Background': u'_WHI', 'Format': u'image'}
9.5622 	EXP 	window1: blendMode = 'avg'
9.5719 	EXP 	text_9: autoDraw = False
9.5719 	EXP 	image: autoDraw = False
9.5719 	EXP 	image: image = u'Extra_Stimuli//right_image_2_WHI.jpg'
9.5719 	EXP 	text_9: autoDraw = True
9.5719 	EXP 	image: autoDraw = True
9.5721 	EXP 	window1: blendMode = 'avg'
9.5891 	EXP 	window1: blendMode = 'avg'
9.6057 	EXP 	window1: blendMode = 'avg'
9.6234 	EXP 	window1: blendMode = 'avg'
9.6400 	EXP 	window1: blendMode = 'avg'
9.6570 	EXP 	window1: blendMode = 'avg'
9.6734 	EXP 	window1: blendMode = 'avg'
9.6897 	DATA 	Keypress: j
9.6921 	EXP 	New trial (rep=1, index=3): {'Stimulus_Practice': u'ahead_image_1_WHI.jpg', 'Direction': u'ahead', 'Number': 1, 'Background': u'_WHI', 'Format': u'image'}
9.7430 	EXP 	window1: blendMode = 'avg'
9.7554 	EXP 	text_9: autoDraw = False
9.7554 	EXP 	image: autoDraw = False
9.7554 	EXP 	image: image = u'Extra_Stimuli//ahead_image_1_WHI.jpg'
9.7554 	EXP 	text_9: autoDraw = True
9.7554 	EXP 	image: autoDraw = True
9.7556 	EXP 	window1: blendMode = 'avg'
9.7722 	EXP 	window1: blendMode = 'avg'
9.7889 	EXP 	window1: blendMode = 'avg'
9.8067 	EXP 	window1: blendMode = 'avg'
9.8233 	EXP 	window1: blendMode = 'avg'
9.8399 	EXP 	window1: blendMode = 'avg'
9.8570 	EXP 	window1: blendMode = 'avg'
9.8728 	EXP 	window1: blendMode = 'avg'
9.8899 	DATA 	Keypress: f
9.8922 	EXP 	New trial (rep=1, index=4): {'Stimulus_Practice': u'left_image_3_WHI.jpg', 'Direction': u'left', 'Number': 3, 'Background': u'_WHI', 'Format': u'image'}
9.9469 	EXP 	window1: blendMode = 'avg'
9.9556 	EXP 	text_9: autoDraw = False
9.9556 	EXP 	image: autoDraw = False
9.9556 	EXP 	image: image = u'Extra_Stimuli//left_image_3_WHI.jpg'
9.9556 	EXP 	text_9: autoDraw = True
9.9556 	EXP 	image: autoDraw = True
9.9558 	EXP 	window1: blendMode = 'avg'
9.9727 	EXP 	window1: blendMode = 'avg'
9.9896 	EXP 	window1: blendMode = 'avg'
10.0065 	EXP 	window1: blendMode = 'avg'
10.0231 	DATA 	Keypress: j
10.0243 	EXP 	New trial (rep=1, index=5): {'Stimulus_Practice': u'left_image_2_WHI.jpg', 'Direction': u'left', 'Number': 2, 'Background': u'_WHI', 'Format': u'image'}
10.0732 	EXP 	window1: blendMode = 'avg'
10.0892 	EXP 	text_9: autoDraw = False
10.0892 	EXP 	image: autoDraw = False
10.0892 	EXP 	image: image = u'Extra_Stimuli//left_image_2_WHI.jpg'
10.0892 	EXP 	text_9: autoDraw = True
10.0892 	EXP 	image: autoDraw = True
10.0895 	EXP 	window1: blendMode = 'avg'
10.1061 	EXP 	window1: blendMode = 'avg'
10.1231 	EXP 	window1: blendMode = 'avg'
10.1408 	EXP 	window1: blendMode = 'avg'
10.1576 	EXP 	window1: blendMode = 'avg'
10.1731 	EXP 	window1: blendMode = 'avg'
10.1898 	EXP 	window1: blendMode = 'avg'
10.2067 	EXP 	window1: blendMode = 'avg'
10.2229 	DATA 	Keypress: f
10.2235 	EXP 	New trial (rep=1, index=6): {'Stimulus_Practice': u'ahead_image_3_WHI.jpg', 'Direction': u'ahead', 'Number': 3, 'Background': u'_WHI', 'Format': u'image'}
10.2473 	EXP 	window1: blendMode = 'avg'
10.2560 	EXP 	text_9: autoDraw = False
10.2560 	EXP 	image: autoDraw = False
10.2560 	EXP 	image: image = u'Extra_Stimuli//ahead_image_3_WHI.jpg'
10.2560 	EXP 	text_9: autoDraw = True
10.2560 	EXP 	image: autoDraw = True
10.2562 	EXP 	window1: blendMode = 'avg'
10.2728 	EXP 	window1: blendMode = 'avg'
10.2902 	EXP 	window1: blendMode = 'avg'
10.3068 	EXP 	window1: blendMode = 'avg'
10.3239 	DATA 	Keypress: j
10.3262 	EXP 	New trial (rep=1, index=7): {'Stimulus_Practice': u'right_image_3_WHI.jpg', 'Direction': u'right', 'Number': 3, 'Background': u'_WHI', 'Format': u'image'}
10.4091 	EXP 	window1: blendMode = 'avg'
10.4229 	EXP 	text_9: autoDraw = False
10.4229 	EXP 	image: autoDraw = False
10.4229 	EXP 	image: image = u'Extra_Stimuli//right_image_3_WHI.jpg'
10.4229 	EXP 	text_9: autoDraw = True
10.4229 	EXP 	image: autoDraw = True
10.4234 	EXP 	window1: blendMode = 'avg'
10.4399 	EXP 	window1: blendMode = 'avg'
10.4568 	EXP 	window1: blendMode = 'avg'
10.4738 	DATA 	Keypress: f
10.4761 	EXP 	New trial (rep=1, index=8): {'Stimulus_Practice': u'left_image_1_WHI.jpg', 'Direction': u'left', 'Number': 1, 'Background': u'_WHI', 'Format': u'image'}
10.6116 	DATA 	Keypress: j
10.6119 	EXP 	window1: blendMode = 'avg'
10.6231 	EXP 	text_9: autoDraw = False
10.6231 	EXP 	image: autoDraw = False
10.6231 	EXP 	image: image = u'Extra_Stimuli//left_image_1_WHI.jpg'
10.6231 	EXP 	text_9: autoDraw = True
10.6231 	EXP 	image: autoDraw = True
10.6235 	EXP 	window1: blendMode = 'avg'
10.6403 	EXP 	window1: blendMode = 'avg'
10.6570 	EXP 	window1: blendMode = 'avg'
10.6734 	EXP 	window1: blendMode = 'avg'
10.6902 	EXP 	window1: blendMode = 'avg'
10.7067 	EXP 	window1: blendMode = 'avg'
10.7236 	EXP 	window1: blendMode = 'avg'
10.7404 	EXP 	window1: blendMode = 'avg'
10.7568 	EXP 	window1: blendMode = 'avg'
10.7734 	EXP 	window1: blendMode = 'avg'
10.7912 	EXP 	window1: blendMode = 'avg'
10.8077 	DATA 	Keypress: f
10.8100 	EXP 	New trial (rep=2, index=0): {'Stimulus_Practice': u'right_image_3_WHI.jpg', 'Direction': u'right', 'Number': 3, 'Background': u'_WHI', 'Format': u'image'}
10.8737 	EXP 	window1: blendMode = 'avg'
10.8900 	EXP 	text_9: autoDraw = False
10.8900 	EXP 	image: autoDraw = False
10.8900 	EXP 	image: image = u'Extra_Stimuli//right_image_3_WHI.jpg'
10.8900 	EXP 	text_9: autoDraw = True
10.8900 	EXP 	image: autoDraw = True
10.8902 	EXP 	window1: blendMode = 'avg'
10.9070 	EXP 	window1: blendMode = 'avg'
10.9246 	EXP 	window1: blendMode = 'avg'
10.9409 	DATA 	Keypress: j
10.9432 	EXP 	New trial (rep=2, index=1): {'Stimulus_Practice': u'ahead_image_1_WHI.jpg', 'Direction': u'ahead', 'Number': 1, 'Background': u'_WHI', 'Format': u'image'}
10.9966 	EXP 	window1: blendMode = 'avg'
11.0067 	EXP 	text_9: autoDraw = False
11.0067 	EXP 	image: autoDraw = False
11.0067 	EXP 	image: image = u'Extra_Stimuli//ahead_image_1_WHI.jpg'
11.0067 	EXP 	text_9: autoDraw = True
11.0067 	EXP 	image: autoDraw = True
11.0069 	EXP 	window1: blendMode = 'avg'
11.0235 	EXP 	window1: blendMode = 'avg'
11.0417 	EXP 	window1: blendMode = 'avg'
11.0579 	EXP 	window1: blendMode = 'avg'
11.0774 	DATA 	Keypress: f
11.0798 	EXP 	New trial (rep=2, index=2): {'Stimulus_Practice': u'left_image_3_WHI.jpg', 'Direction': u'left', 'Number': 3, 'Background': u'_WHI', 'Format': u'image'}
11.1278 	EXP 	window1: blendMode = 'avg'
11.1403 	EXP 	text_9: autoDraw = False
11.1403 	EXP 	image: autoDraw = False
11.1403 	EXP 	image: image = u'Extra_Stimuli//left_image_3_WHI.jpg'
11.1403 	EXP 	text_9: autoDraw = True
11.1403 	EXP 	image: autoDraw = True
11.1407 	EXP 	window1: blendMode = 'avg'
11.1578 	EXP 	window1: blendMode = 'avg'
11.1744 	EXP 	window1: blendMode = 'avg'
11.1928 	DATA 	Keypress: j
11.1952 	EXP 	New trial (rep=2, index=3): {'Stimulus_Practice': u'right_image_1_WHI.jpg', 'Direction': u'right', 'Number': 1, 'Background': u'_WHI', 'Format': u'image'}
11.2501 	EXP 	window1: blendMode = 'avg'
11.2569 	EXP 	text_9: autoDraw = False
11.2569 	EXP 	image: autoDraw = False
11.2569 	EXP 	image: image = u'Extra_Stimuli//right_image_1_WHI.jpg'
11.2569 	EXP 	text_9: autoDraw = True
11.2569 	EXP 	image: autoDraw = True
11.2573 	EXP 	window1: blendMode = 'avg'
11.2739 	DATA 	Keypress: f
11.2745 	EXP 	New trial (rep=2, index=4): {'Stimulus_Practice': u'left_image_2_WHI.jpg', 'Direction': u'left', 'Number': 2, 'Background': u'_WHI', 'Format': u'image'}
11.3040 	EXP 	window1: blendMode = 'avg'
11.3237 	EXP 	text_9: autoDraw = False
11.3237 	EXP 	image: autoDraw = False
11.3237 	EXP 	image: image = u'Extra_Stimuli//left_image_2_WHI.jpg'
11.3237 	EXP 	text_9: autoDraw = True
11.3237 	EXP 	image: autoDraw = True
11.3238 	EXP 	window1: blendMode = 'avg'
11.3408 	EXP 	window1: blendMode = 'avg'
11.3574 	EXP 	window1: blendMode = 'avg'
11.3755 	EXP 	window1: blendMode = 'avg'
11.3916 	EXP 	window1: blendMode = 'avg'
11.4083 	EXP 	window1: blendMode = 'avg'
11.4250 	DATA 	Keypress: j
11.4279 	EXP 	New trial (rep=2, index=5): {'Stimulus_Practice': u'ahead_image_3_WHI.jpg', 'Direction': u'ahead', 'Number': 3, 'Background': u'_WHI', 'Format': u'image'}
11.4837 	EXP 	window1: blendMode = 'avg'
11.4905 	EXP 	text_9: autoDraw = False
11.4905 	EXP 	image: autoDraw = False
11.4905 	EXP 	image: image = u'Extra_Stimuli//ahead_image_3_WHI.jpg'
11.4905 	EXP 	text_9: autoDraw = True
11.4905 	EXP 	image: autoDraw = True
11.4908 	EXP 	window1: blendMode = 'avg'
11.5080 	EXP 	window1: blendMode = 'avg'
11.5249 	DATA 	Keypress: f
11.5268 	EXP 	New trial (rep=2, index=6): {'Stimulus_Practice': u'ahead_image_2_WHI.jpg', 'Direction': u'ahead', 'Number': 2, 'Background': u'_WHI', 'Format': u'image'}
11.5842 	EXP 	window1: blendMode = 'avg'
11.5906 	EXP 	text_9: autoDraw = False
11.5906 	EXP 	image: autoDraw = False
11.5906 	EXP 	image: image = u'Extra_Stimuli//ahead_image_2_WHI.jpg'
11.5906 	EXP 	text_9: autoDraw = True
11.5906 	EXP 	image: autoDraw = True
11.5909 	EXP 	window1: blendMode = 'avg'
11.6075 	EXP 	window1: blendMode = 'avg'
11.6242 	EXP 	window1: blendMode = 'avg'
11.6418 	EXP 	window1: blendMode = 'avg'
11.6584 	DATA 	Keypress: j
11.6608 	EXP 	New trial (rep=2, index=7): {'Stimulus_Practice': u'right_image_2_WHI.jpg', 'Direction': u'right', 'Number': 2, 'Background': u'_WHI', 'Format': u'image'}
11.7171 	EXP 	window1: blendMode = 'avg'
11.7241 	EXP 	text_9: autoDraw = False
11.7241 	EXP 	image: autoDraw = False
11.7241 	EXP 	image: image = u'Extra_Stimuli//right_image_2_WHI.jpg'
11.7241 	EXP 	text_9: autoDraw = True
11.7241 	EXP 	image: autoDraw = True
11.7243 	EXP 	window1: blendMode = 'avg'
11.7409 	EXP 	window1: blendMode = 'avg'
11.7590 	EXP 	window1: blendMode = 'avg'
11.7751 	EXP 	window1: blendMode = 'avg'
11.7917 	EXP 	window1: blendMode = 'avg'
11.8085 	DATA 	Keypress: f
11.8104 	EXP 	New trial (rep=2, index=8): {'Stimulus_Practice': u'left_image_1_WHI.jpg', 'Direction': u'left', 'Number': 1, 'Background': u'_WHI', 'Format': u'image'}
11.8568 	EXP 	window1: blendMode = 'avg'
11.8743 	EXP 	text_9: autoDraw = False
11.8743 	EXP 	image: autoDraw = False
11.8743 	EXP 	image: image = u'Extra_Stimuli//left_image_1_WHI.jpg'
11.8743 	EXP 	text_9: autoDraw = True
11.8743 	EXP 	image: autoDraw = True
11.8747 	EXP 	window1: blendMode = 'avg'
11.8913 	EXP 	window1: blendMode = 'avg'
11.9090 	EXP 	window1: blendMode = 'avg'
11.9254 	EXP 	window1: blendMode = 'avg'
11.9421 	EXP 	window1: blendMode = 'avg'
11.9591 	EXP 	window1: blendMode = 'avg'
11.9756 	EXP 	window1: blendMode = 'avg'
11.9924 	EXP 	window1: blendMode = 'avg'
12.0088 	EXP 	window1: blendMode = 'avg'
12.0255 	EXP 	window1: blendMode = 'avg'
12.0424 	EXP 	window1: blendMode = 'avg'
12.0589 	EXP 	window1: blendMode = 'avg'
12.0759 	EXP 	window1: blendMode = 'avg'
12.0923 	EXP 	window1: blendMode = 'avg'
12.1090 	EXP 	window1: blendMode = 'avg'
12.1259 	EXP 	window1: blendMode = 'avg'
12.1423 	EXP 	window1: blendMode = 'avg'
12.1593 	EXP 	window1: blendMode = 'avg'
12.1755 	DATA 	Keypress: j
12.2225 	EXP 	window1: blendMode = 'avg'
12.2416 	EXP 	text_9: autoDraw = False
12.2416 	EXP 	image: autoDraw = False
12.2416 	EXP 	text_2: autoDraw = True
12.2423 	EXP 	window1: blendMode = 'avg'
12.2587 	EXP 	window1: blendMode = 'avg'
12.2756 	EXP 	window1: blendMode = 'avg'
12.2922 	EXP 	window1: blendMode = 'avg'
12.3086 	EXP 	window1: blendMode = 'avg'
12.3253 	EXP 	window1: blendMode = 'avg'
12.3423 	EXP 	window1: blendMode = 'avg'
12.3586 	EXP 	window1: blendMode = 'avg'
12.3754 	EXP 	window1: blendMode = 'avg'
12.3923 	EXP 	window1: blendMode = 'avg'
12.4091 	EXP 	window1: blendMode = 'avg'
12.4261 	EXP 	window1: blendMode = 'avg'
12.4431 	EXP 	window1: blendMode = 'avg'
12.4601 	EXP 	window1: blendMode = 'avg'
12.4775 	EXP 	window1: blendMode = 'avg'
12.4936 	EXP 	window1: blendMode = 'avg'
12.5094 	DATA 	Keypress: f
12.5107 	EXP 	window1: blendMode = 'avg'
12.5268 	EXP 	window1: blendMode = 'avg'
12.5433 	EXP 	window1: blendMode = 'avg'
12.5600 	EXP 	window1: blendMode = 'avg'
12.5777 	EXP 	window1: blendMode = 'avg'
12.5935 	EXP 	window1: blendMode = 'avg'
12.6101 	EXP 	window1: blendMode = 'avg'
12.6270 	EXP 	window1: blendMode = 'avg'
12.6434 	EXP 	window1: blendMode = 'avg'
12.6603 	EXP 	window1: blendMode = 'avg'
12.6769 	EXP 	window1: blendMode = 'avg'
12.6939 	EXP 	window1: blendMode = 'avg'
12.7101 	EXP 	window1: blendMode = 'avg'
12.7270 	EXP 	window1: blendMode = 'avg'
12.7425 	EXP 	window1: blendMode = 'avg'
12.7594 	EXP 	window1: blendMode = 'avg'
12.7759 	EXP 	window1: blendMode = 'avg'
12.7930 	EXP 	window1: blendMode = 'avg'
12.8093 	EXP 	window1: blendMode = 'avg'
12.8263 	EXP 	window1: blendMode = 'avg'
12.8427 	EXP 	window1: blendMode = 'avg'
12.8592 	EXP 	window1: blendMode = 'avg'
12.8761 	EXP 	window1: blendMode = 'avg'
12.8928 	EXP 	window1: blendMode = 'avg'
12.9090 	EXP 	window1: blendMode = 'avg'
12.9268 	EXP 	window1: blendMode = 'avg'
12.9441 	EXP 	window1: blendMode = 'avg'
12.9596 	EXP 	window1: blendMode = 'avg'
12.9761 	EXP 	window1: blendMode = 'avg'
12.9941 	EXP 	window1: blendMode = 'avg'
13.0106 	EXP 	window1: blendMode = 'avg'
13.0276 	EXP 	window1: blendMode = 'avg'
13.0441 	EXP 	window1: blendMode = 'avg'
13.0606 	EXP 	window1: blendMode = 'avg'
13.0774 	EXP 	window1: blendMode = 'avg'
13.0939 	EXP 	window1: blendMode = 'avg'
13.1108 	EXP 	window1: blendMode = 'avg'
13.1272 	EXP 	window1: blendMode = 'avg'
13.1440 	EXP 	window1: blendMode = 'avg'
13.1609 	EXP 	window1: blendMode = 'avg'
13.1773 	EXP 	window1: blendMode = 'avg'
13.1942 	EXP 	window1: blendMode = 'avg'
13.2109 	EXP 	window1: blendMode = 'avg'
13.2278 	EXP 	window1: blendMode = 'avg'
13.2442 	EXP 	window1: blendMode = 'avg'
13.2608 	EXP 	window1: blendMode = 'avg'
13.2769 	EXP 	window1: blendMode = 'avg'
13.2937 	EXP 	window1: blendMode = 'avg'
13.3099 	EXP 	window1: blendMode = 'avg'
13.3265 	EXP 	window1: blendMode = 'avg'
13.3440 	EXP 	window1: blendMode = 'avg'
13.3604 	EXP 	window1: blendMode = 'avg'
13.3778 	EXP 	window1: blendMode = 'avg'
13.3939 	EXP 	window1: blendMode = 'avg'
13.4112 	EXP 	window1: blendMode = 'avg'
13.4274 	EXP 	window1: blendMode = 'avg'
13.4438 	EXP 	window1: blendMode = 'avg'
13.4613 	EXP 	window1: blendMode = 'avg'
13.4779 	EXP 	window1: blendMode = 'avg'
13.4945 	EXP 	window1: blendMode = 'avg'
13.5109 	EXP 	window1: blendMode = 'avg'
13.5278 	EXP 	window1: blendMode = 'avg'
13.5446 	EXP 	window1: blendMode = 'avg'
13.5610 	EXP 	window1: blendMode = 'avg'
13.5781 	EXP 	window1: blendMode = 'avg'
13.5944 	EXP 	window1: blendMode = 'avg'
13.6113 	EXP 	window1: blendMode = 'avg'
13.6280 	EXP 	window1: blendMode = 'avg'
13.6448 	EXP 	window1: blendMode = 'avg'
13.6614 	EXP 	window1: blendMode = 'avg'
13.6775 	EXP 	window1: blendMode = 'avg'
13.6938 	EXP 	window1: blendMode = 'avg'
13.7115 	EXP 	window1: blendMode = 'avg'
13.7280 	EXP 	window1: blendMode = 'avg'
13.7446 	EXP 	window1: blendMode = 'avg'
13.7615 	EXP 	window1: blendMode = 'avg'
13.7780 	EXP 	window1: blendMode = 'avg'
13.7948 	EXP 	window1: blendMode = 'avg'
13.8115 	EXP 	window1: blendMode = 'avg'
13.8282 	EXP 	window1: blendMode = 'avg'
13.8446 	EXP 	window1: blendMode = 'avg'
13.8614 	EXP 	window1: blendMode = 'avg'
13.8782 	EXP 	window1: blendMode = 'avg'
13.8939 	EXP 	window1: blendMode = 'avg'
13.9116 	EXP 	window1: blendMode = 'avg'
13.9281 	EXP 	window1: blendMode = 'avg'
13.9448 	EXP 	window1: blendMode = 'avg'
13.9618 	EXP 	window1: blendMode = 'avg'
13.9782 	EXP 	window1: blendMode = 'avg'
13.9950 	EXP 	window1: blendMode = 'avg'
14.0114 	EXP 	window1: blendMode = 'avg'
14.0282 	EXP 	window1: blendMode = 'avg'
14.0450 	EXP 	window1: blendMode = 'avg'
14.0616 	EXP 	window1: blendMode = 'avg'
14.0784 	EXP 	window1: blendMode = 'avg'
14.0948 	EXP 	window1: blendMode = 'avg'
14.1116 	EXP 	window1: blendMode = 'avg'
14.1288 	EXP 	window1: blendMode = 'avg'
14.1449 	EXP 	window1: blendMode = 'avg'
14.1618 	EXP 	window1: blendMode = 'avg'
14.1785 	EXP 	window1: blendMode = 'avg'
14.1950 	EXP 	window1: blendMode = 'avg'
14.2119 	EXP 	window1: blendMode = 'avg'
14.2285 	EXP 	window1: blendMode = 'avg'
14.2460 	EXP 	window1: blendMode = 'avg'
14.2617 	EXP 	window1: blendMode = 'avg'
14.2787 	EXP 	window1: blendMode = 'avg'
14.2955 	EXP 	window1: blendMode = 'avg'
14.3112 	EXP 	window1: blendMode = 'avg'
14.3280 	EXP 	window1: blendMode = 'avg'
14.3441 	EXP 	window1: blendMode = 'avg'
14.3608 	EXP 	window1: blendMode = 'avg'
14.3775 	EXP 	window1: blendMode = 'avg'
14.3953 	EXP 	window1: blendMode = 'avg'
14.4121 	EXP 	window1: blendMode = 'avg'
14.4287 	EXP 	window1: blendMode = 'avg'
14.4455 	EXP 	window1: blendMode = 'avg'
14.4625 	EXP 	window1: blendMode = 'avg'
14.4789 	EXP 	window1: blendMode = 'avg'
14.4952 	EXP 	window1: blendMode = 'avg'
14.5120 	EXP 	window1: blendMode = 'avg'
14.5289 	EXP 	window1: blendMode = 'avg'
14.5453 	EXP 	window1: blendMode = 'avg'
14.5624 	EXP 	window1: blendMode = 'avg'
14.5790 	EXP 	window1: blendMode = 'avg'
14.5955 	EXP 	window1: blendMode = 'avg'
14.6123 	EXP 	window1: blendMode = 'avg'
14.6289 	EXP 	window1: blendMode = 'avg'
14.6457 	EXP 	window1: blendMode = 'avg'
14.6624 	EXP 	window1: blendMode = 'avg'
14.6797 	EXP 	window1: blendMode = 'avg'
14.6957 	EXP 	window1: blendMode = 'avg'
14.7123 	EXP 	window1: blendMode = 'avg'
14.7291 	EXP 	window1: blendMode = 'avg'
14.7455 	EXP 	window1: blendMode = 'avg'
14.7625 	EXP 	window1: blendMode = 'avg'
14.7789 	EXP 	window1: blendMode = 'avg'
14.7957 	EXP 	window1: blendMode = 'avg'
14.8126 	EXP 	window1: blendMode = 'avg'
14.8289 	EXP 	window1: blendMode = 'avg'
14.8449 	EXP 	window1: blendMode = 'avg'
14.8613 	EXP 	window1: blendMode = 'avg'
14.8784 	EXP 	window1: blendMode = 'avg'
14.8949 	EXP 	window1: blendMode = 'avg'
14.9119 	EXP 	window1: blendMode = 'avg'
14.9285 	EXP 	window1: blendMode = 'avg'
14.9450 	EXP 	window1: blendMode = 'avg'
14.9616 	EXP 	window1: blendMode = 'avg'
14.9785 	EXP 	window1: blendMode = 'avg'
14.9953 	EXP 	window1: blendMode = 'avg'
15.0115 	EXP 	window1: blendMode = 'avg'
15.0288 	EXP 	window1: blendMode = 'avg'
15.0457 	EXP 	window1: blendMode = 'avg'
15.0622 	EXP 	window1: blendMode = 'avg'
15.0792 	EXP 	window1: blendMode = 'avg'
15.0956 	EXP 	window1: blendMode = 'avg'
15.1118 	EXP 	window1: blendMode = 'avg'
15.1287 	EXP 	window1: blendMode = 'avg'
15.1451 	EXP 	window1: blendMode = 'avg'
15.1620 	EXP 	window1: blendMode = 'avg'
15.1782 	EXP 	New trial (rep=1, index=0): None
15.2015 	EXP 	window1: blendMode = 'avg'
15.2113 	EXP 	text_2: autoDraw = False
15.2113 	EXP 	text_6: text = 'Ok, before we practice one more time - do you have any questions about the task?'
15.2113 	EXP 	text_6: autoDraw = True
15.2116 	EXP 	window1: blendMode = 'avg'
15.2288 	EXP 	window1: blendMode = 'avg'
15.2456 	EXP 	window1: blendMode = 'avg'
15.2632 	EXP 	window1: blendMode = 'avg'
15.2799 	EXP 	window1: blendMode = 'avg'
15.2966 	EXP 	window1: blendMode = 'avg'
15.3133 	EXP 	window1: blendMode = 'avg'
15.3299 	EXP 	window1: blendMode = 'avg'
15.3466 	EXP 	window1: blendMode = 'avg'
15.3636 	EXP 	window1: blendMode = 'avg'
15.3793 	EXP 	window1: blendMode = 'avg'
15.3961 	EXP 	window1: blendMode = 'avg'
15.4123 	EXP 	window1: blendMode = 'avg'
15.4287 	EXP 	window1: blendMode = 'avg'
15.4470 	EXP 	window1: blendMode = 'avg'
15.4635 	EXP 	window1: blendMode = 'avg'
15.4801 	EXP 	window1: blendMode = 'avg'
15.4959 	DATA 	Keypress: escape
