3.8420 	INFO 	Loaded monitor calibration from ['2015_02_18 17:00']
4.7003 	EXP 	Created window1 = Window(allowGUI=False, allowStencil=False, autoLog=True, bitsMode=UNKNOWN, blendMode='avg', color=array([ 0.4,  0.4,  0.4]), colorSpace='rgb', fullscr=UNKNOWN, gamma=None, lms=UNKNOWN, monitor=<psychopy.monitors.calibTools.Monitor object at 0x08E425F0>, multiSample=False, name='window1', numSamples=2, pos=[0, 0], screen=0, size=array([1920, 1080]), stereo=False, units=u'norm', useFBO=True, useRetina=False, viewOri=0.0, viewPos=None, viewScale=None, waitBlanking=True, winType='pyglet')
4.7004 	EXP 	window1: recordFrameIntervals = False
4.8648 	EXP 	window1: recordFrameIntervals = True
5.0490 	DEBUG 	Screen (0) actual frame rate measured at 59.93
5.0491 	EXP 	window1: recordFrameIntervals = False
5.2007 	EXP 	Created text_4 = TextStim(alignHoriz='center', alignVert='center', antialias=True, autoLog=True, bold=False, color='black', colorSpace='named', contrast=1.0, depth=0.0, flipHoriz=False, flipVert=False, font='Arial', fontFiles=[], height=0.1, italic=False, name='text_4', opacity=1.0, ori=0, pos=array([ 0.,  0.]), rgb=array([ 0.,  0.,  0.]), text=unicode(...), units=u'norm', win=Window(...), wrapWidth=1.5)
5.2012 	EXP 	Created text_6 = TextStim(alignHoriz='center', alignVert='center', antialias=True, autoLog=True, bold=False, color='black', colorSpace='named', contrast=1.0, depth=0.0, flipHoriz=False, flipVert=False, font='Arial', fontFiles=[], height=0.1, italic=False, name='text_6', opacity=1.0, ori=0, pos=array([ 0.,  0.]), rgb=array([ 0.,  0.,  0.]), text='', units=u'norm', win=Window(...), wrapWidth=1.5)
5.2017 	EXP 	Created text_9 = TextStim(alignHoriz='center', alignVert='center', antialias=True, autoLog=True, bold=False, color='black', colorSpace='named', contrast=1.0, depth=-1.0, flipHoriz=False, flipVert=False, font='Arial', fontFiles=[], height=0.1, italic=False, name='text_9', opacity=1.0, ori=0, pos=array([ 0. , -0.6]), rgb=array([ 0.,  0.,  0.]), text='', units=u'norm', win=Window(...), wrapWidth=1)
5.2037 	EXP 	Created image = ImageStim(autoLog=True, color=array([ 1.,  1.,  1.]), colorSpace='rgb', contrast=1.0, depth=-2.0, flipHoriz=False, flipVert=False, image='sin', interpolate=True, mask=None, maskParams=None, name='image', opacity=1.0, ori=0.0, pos=array([ 0.,  0.]), size=array([ 0.83333333,  1.48148148]), texRes=128, units=u'norm', win=Window(...))
5.6687 	EXP 	Created text_2 = TextStim(alignHoriz='center', alignVert='center', antialias=True, autoLog=True, bold=False, color=u'black', colorSpace='named', contrast=1.0, depth=0.0, flipHoriz=False, flipVert=False, font=u'Arial', fontFiles=[], height=2, italic=False, name='text_2', opacity=1.0, ori=0, pos=array([ 0.,  0.]), rgb=array([ 0.,  0.,  0.]), text=u'+', units=u'norm', win=Window(...), wrapWidth=1)
5.6693 	EXP 	Created text_9 = TextStim(alignHoriz='center', alignVert='center', antialias=True, autoLog=True, bold=False, color='black', colorSpace='named', contrast=1.0, depth=-1.0, flipHoriz=False, flipVert=False, font='Arial', fontFiles=[], height=0.1, italic=False, name='text_9', opacity=1.0, ori=0, pos=array([ 0. , -0.6]), rgb=array([ 0.,  0.,  0.]), text='', units=u'norm', win=Window(...), wrapWidth=1)
5.6709 	EXP 	Created image = ImageStim(autoLog=True, color=array([ 1.,  1.,  1.]), colorSpace='rgb', contrast=1.0, depth=-2.0, flipHoriz=False, flipVert=False, image='sin', interpolate=True, mask=None, maskParams=None, name='image', opacity=1.0, ori=0.0, pos=array([ 0.,  0.]), size=array([ 0.83333333,  1.48148148]), texRes=128, units=u'norm', win=Window(...))
5.6729 	EXP 	Created text_2 = TextStim(alignHoriz='center', alignVert='center', antialias=True, autoLog=True, bold=False, color=u'black', colorSpace='named', contrast=1.0, depth=0.0, flipHoriz=False, flipVert=False, font=u'Arial', fontFiles=[], height=2, italic=False, name='text_2', opacity=1.0, ori=0, pos=array([ 0.,  0.]), rgb=array([ 0.,  0.,  0.]), text=u'+', units=u'norm', win=Window(...), wrapWidth=1)
5.6734 	EXP 	Created text_9 = TextStim(alignHoriz='center', alignVert='center', antialias=True, autoLog=True, bold=False, color='black', colorSpace='named', contrast=1.0, depth=-1.0, flipHoriz=False, flipVert=False, font='Arial', fontFiles=[], height=0.1, italic=False, name='text_9', opacity=1.0, ori=0, pos=array([ 0. , -0.6]), rgb=array([ 0.,  0.,  0.]), text='', units=u'norm', win=Window(...), wrapWidth=1)
5.6746 	EXP 	Created image = ImageStim(autoLog=True, color=array([ 1.,  1.,  1.]), colorSpace='rgb', contrast=1.0, depth=-2.0, flipHoriz=False, flipVert=False, image='sin', interpolate=True, mask=None, maskParams=None, name='image', opacity=1.0, ori=0.0, pos=array([ 0.,  0.]), size=array([ 0.83333333,  1.48148148]), texRes=128, units=u'norm', win=Window(...))
5.6946 	EXP 	Created text_10 = TextStim(alignHoriz='center', alignVert='center', antialias=True, autoLog=True, bold=False, color='black', colorSpace='named', contrast=1.0, depth=0.0, flipHoriz=False, flipVert=False, font='Arial', fontFiles=[], height=0.1, italic=False, name='text_10', opacity=1.0, ori=0, pos=array([ 0.,  0.]), rgb=array([ 0.,  0.,  0.]), text=unicode(...), units=u'norm', win=Window(...), wrapWidth=1)
5.6960 	EXP 	Created image_2 = ImageStim(autoLog=True, color=array([ 1.,  1.,  1.]), colorSpace='rgb', contrast=1.0, depth=-1.0, flipHoriz=False, flipVert=False, image='sin', interpolate=True, mask=None, maskParams=None, name='image_2', opacity=1.0, ori=0.0, pos=array([ 0.,  0.]), size=array([ 0.83333333,  1.48148148]), texRes=128, units=u'norm', win=Window(...))
5.7032 	EXP 	Created text = TextStim(alignHoriz='center', alignVert='center', antialias=True, autoLog=True, bold=False, color='black', colorSpace='named', contrast=1.0, depth=0.0, flipHoriz=False, flipVert=False, font='Arial', fontFiles=[], height=0.1, italic=False, name='text', opacity=1.0, ori=0, pos=array([ 0.,  0.]), rgb=array([ 0.,  0.,  0.]), text=unicode(...), units=u'norm', win=Window(...), wrapWidth=1)
5.7046 	EXP 	window1: blendMode = 'avg'
5.7154 	EXP 	text_4: autoDraw = True
5.7159 	EXP 	window1: blendMode = 'avg'
5.7324 	EXP 	window1: blendMode = 'avg'
5.7502 	EXP 	window1: blendMode = 'avg'
5.7671 	EXP 	window1: blendMode = 'avg'
5.7837 	EXP 	window1: blendMode = 'avg'
5.8004 	EXP 	window1: blendMode = 'avg'
5.8171 	EXP 	window1: blendMode = 'avg'
5.8337 	EXP 	window1: blendMode = 'avg'
5.8504 	EXP 	window1: blendMode = 'avg'
5.8671 	EXP 	window1: blendMode = 'avg'
5.8838 	EXP 	window1: blendMode = 'avg'
5.9005 	EXP 	window1: blendMode = 'avg'
5.9178 	EXP 	window1: blendMode = 'avg'
5.9342 	EXP 	window1: blendMode = 'avg'
5.9509 	EXP 	window1: blendMode = 'avg'
5.9676 	EXP 	window1: blendMode = 'avg'
5.9844 	EXP 	window1: blendMode = 'avg'
6.0002 	DATA 	Keypress: f
6.0019 	EXP 	window1: blendMode = 'avg'
6.0167 	EXP 	window1: blendMode = 'avg'
6.0335 	EXP 	window1: blendMode = 'avg'
6.0497 	EXP 	window1: blendMode = 'avg'
6.0676 	EXP 	window1: blendMode = 'avg'
6.0844 	EXP 	window1: blendMode = 'avg'
6.1014 	EXP 	window1: blendMode = 'avg'
6.1178 	EXP 	window1: blendMode = 'avg'
6.1345 	EXP 	window1: blendMode = 'avg'
6.1511 	EXP 	window1: blendMode = 'avg'
6.1682 	EXP 	window1: blendMode = 'avg'
6.1844 	EXP 	window1: blendMode = 'avg'
6.2011 	EXP 	window1: blendMode = 'avg'
6.2179 	EXP 	window1: blendMode = 'avg'
6.2345 	EXP 	window1: blendMode = 'avg'
6.2511 	EXP 	window1: blendMode = 'avg'
6.2679 	EXP 	window1: blendMode = 'avg'
6.2847 	EXP 	window1: blendMode = 'avg'
6.3014 	EXP 	window1: blendMode = 'avg'
6.3181 	EXP 	window1: blendMode = 'avg'
6.3347 	EXP 	window1: blendMode = 'avg'
6.3513 	EXP 	window1: blendMode = 'avg'
6.3684 	EXP 	window1: blendMode = 'avg'
6.3847 	EXP 	window1: blendMode = 'avg'
6.4004 	DATA 	Keypress: j
6.4021 	EXP 	window1: blendMode = 'avg'
6.4181 	EXP 	window1: blendMode = 'avg'
6.4348 	EXP 	window1: blendMode = 'avg'
6.4514 	EXP 	window1: blendMode = 'avg'
6.4685 	EXP 	window1: blendMode = 'avg'
6.4848 	EXP 	window1: blendMode = 'avg'
6.5015 	EXP 	window1: blendMode = 'avg'
6.5182 	EXP 	window1: blendMode = 'avg'
6.5350 	EXP 	window1: blendMode = 'avg'
6.5515 	EXP 	window1: blendMode = 'avg'
6.5682 	EXP 	window1: blendMode = 'avg'
6.5849 	EXP 	window1: blendMode = 'avg'
6.6016 	EXP 	window1: blendMode = 'avg'
6.6183 	EXP 	window1: blendMode = 'avg'
6.6349 	EXP 	window1: blendMode = 'avg'
6.6516 	EXP 	window1: blendMode = 'avg'
6.6682 	EXP 	window1: blendMode = 'avg'
6.6849 	EXP 	window1: blendMode = 'avg'
6.7015 	EXP 	window1: blendMode = 'avg'
6.7189 	EXP 	window1: blendMode = 'avg'
6.7351 	EXP 	window1: blendMode = 'avg'
6.7519 	EXP 	window1: blendMode = 'avg'
6.7684 	EXP 	window1: blendMode = 'avg'
6.7850 	EXP 	window1: blendMode = 'avg'
6.8017 	EXP 	window1: blendMode = 'avg'
6.8184 	EXP 	window1: blendMode = 'avg'
6.8351 	EXP 	window1: blendMode = 'avg'
6.8518 	EXP 	window1: blendMode = 'avg'
6.8686 	EXP 	window1: blendMode = 'avg'
6.8851 	EXP 	window1: blendMode = 'avg'
6.9018 	EXP 	window1: blendMode = 'avg'
6.9185 	EXP 	window1: blendMode = 'avg'
6.9353 	EXP 	window1: blendMode = 'avg'
6.9519 	EXP 	window1: blendMode = 'avg'
6.9678 	DATA 	Keypress: space
6.9694 	EXP 	Created sequence: random, trialTypes=1, nReps=2, seed=None
6.9704 	EXP 	New trial (rep=0, index=0): None
7.0426 	EXP 	window1: blendMode = 'avg'
7.0505 	EXP 	text_4: autoDraw = False
7.0505 	EXP 	text_6: text = "Let's try a few for practice. You'll see spatial directions one at a time on the screen. They will be either LEFT or RIGHT or AHEAD. Tell the experimenter if the spatial direction on the screen is the SAME or DIFFERENT from the spatial direction that you just saw."
7.0505 	EXP 	text_6: autoDraw = True
7.0513 	EXP 	window1: blendMode = 'avg'
7.0676 	EXP 	window1: blendMode = 'avg'
7.0844 	EXP 	window1: blendMode = 'avg'
7.1017 	EXP 	window1: blendMode = 'avg'
7.1193 	EXP 	window1: blendMode = 'avg'
7.1360 	EXP 	window1: blendMode = 'avg'
7.1527 	EXP 	window1: blendMode = 'avg'
7.1693 	EXP 	window1: blendMode = 'avg'
7.1858 	EXP 	window1: blendMode = 'avg'
7.2026 	EXP 	window1: blendMode = 'avg'
7.2191 	EXP 	window1: blendMode = 'avg'
7.2362 	EXP 	window1: blendMode = 'avg'
7.2527 	EXP 	window1: blendMode = 'avg'
7.2682 	DATA 	Keypress: space
7.3088 	DEBUG 	Read excel file with pandas: Extra_Stimuli//practice_order_WHI_image.xlsx
7.3101 	EXP 	Imported Extra_Stimuli//practice_order_WHI_image.xlsx as conditions, 9 conditions, 5 params
7.3107 	EXP 	Created sequence: random, trialTypes=9, nReps=1, seed=None
7.3113 	EXP 	New trial (rep=0, index=0): {'Stimulus_Practice': u'left_image_2_WHI.jpg', 'Direction': u'left', 'Number': 2, 'Background': u'_WHI', 'Format': u'image'}
7.3428 	EXP 	window1: blendMode = 'avg'
7.3678 	EXP 	text_6: autoDraw = False
7.3678 	EXP 	image: image = u'Extra_Stimuli//left_image_2_WHI.jpg'
7.3678 	EXP 	text_9: autoDraw = True
7.3678 	EXP 	image: autoDraw = True
7.3682 	EXP 	window1: blendMode = 'avg'
7.3842 	EXP 	window1: blendMode = 'avg'
7.4017 	EXP 	window1: blendMode = 'avg'
7.4185 	EXP 	window1: blendMode = 'avg'
7.4353 	EXP 	window1: blendMode = 'avg'
7.4521 	EXP 	window1: blendMode = 'avg'
7.4685 	EXP 	window1: blendMode = 'avg'
7.4855 	EXP 	window1: blendMode = 'avg'
7.5019 	EXP 	window1: blendMode = 'avg'
7.5185 	EXP 	window1: blendMode = 'avg'
7.5356 	EXP 	window1: blendMode = 'avg'
7.5519 	EXP 	window1: blendMode = 'avg'
7.5690 	EXP 	window1: blendMode = 'avg'
7.5853 	EXP 	window1: blendMode = 'avg'
7.6021 	EXP 	window1: blendMode = 'avg'
7.6191 	EXP 	window1: blendMode = 'avg'
7.6354 	EXP 	window1: blendMode = 'avg'
7.6523 	EXP 	window1: blendMode = 'avg'
7.6688 	EXP 	window1: blendMode = 'avg'
7.6854 	EXP 	window1: blendMode = 'avg'
7.7024 	EXP 	window1: blendMode = 'avg'
7.7187 	DATA 	Keypress: f
7.7215 	EXP 	New trial (rep=0, index=1): {'Stimulus_Practice': u'left_image_1_WHI.jpg', 'Direction': u'left', 'Number': 1, 'Background': u'_WHI', 'Format': u'image'}
7.7766 	EXP 	window1: blendMode = 'avg'
7.7843 	EXP 	text_9: autoDraw = False
7.7843 	EXP 	image: autoDraw = False
7.7843 	EXP 	image: image = u'Extra_Stimuli//left_image_1_WHI.jpg'
7.7843 	EXP 	text_9: autoDraw = True
7.7843 	EXP 	image: autoDraw = True
7.7846 	EXP 	window1: blendMode = 'avg'
7.8013 	EXP 	window1: blendMode = 'avg'
7.8186 	EXP 	window1: blendMode = 'avg'
7.8351 	EXP 	window1: blendMode = 'avg'
7.8526 	EXP 	window1: blendMode = 'avg'
7.8690 	EXP 	window1: blendMode = 'avg'
7.8856 	EXP 	window1: blendMode = 'avg'
7.9024 	DATA 	Keypress: j
7.9047 	EXP 	New trial (rep=0, index=2): {'Stimulus_Practice': u'left_image_3_WHI.jpg', 'Direction': u'left', 'Number': 3, 'Background': u'_WHI', 'Format': u'image'}
7.9589 	EXP 	window1: blendMode = 'avg'
7.9679 	EXP 	text_9: autoDraw = False
7.9679 	EXP 	image: autoDraw = False
7.9679 	EXP 	image: image = u'Extra_Stimuli//left_image_3_WHI.jpg'
7.9679 	EXP 	text_9: autoDraw = True
7.9679 	EXP 	image: autoDraw = True
7.9681 	EXP 	window1: blendMode = 'avg'
7.9848 	EXP 	window1: blendMode = 'avg'
8.0017 	DATA 	Keypress: f
8.0022 	EXP 	New trial (rep=0, index=3): {'Stimulus_Practice': u'right_image_3_WHI.jpg', 'Direction': u'right', 'Number': 3, 'Background': u'_WHI', 'Format': u'image'}
8.0246 	EXP 	window1: blendMode = 'avg'
8.0346 	EXP 	text_9: autoDraw = False
8.0346 	EXP 	image: autoDraw = False
8.0346 	EXP 	image: image = u'Extra_Stimuli//right_image_3_WHI.jpg'
8.0346 	EXP 	text_9: autoDraw = True
8.0346 	EXP 	image: autoDraw = True
8.0349 	EXP 	window1: blendMode = 'avg'
8.0516 	EXP 	window1: blendMode = 'avg'
8.0686 	EXP 	window1: blendMode = 'avg'
8.0851 	EXP 	window1: blendMode = 'avg'
8.1017 	EXP 	window1: blendMode = 'avg'
8.1198 	DATA 	Keypress: j
8.1225 	EXP 	New trial (rep=0, index=4): {'Stimulus_Practice': u'right_image_1_WHI.jpg', 'Direction': u'right', 'Number': 1, 'Background': u'_WHI', 'Format': u'image'}
8.1741 	EXP 	window1: blendMode = 'avg'
8.1848 	EXP 	text_9: autoDraw = False
8.1848 	EXP 	image: autoDraw = False
8.1848 	EXP 	image: image = u'Extra_Stimuli//right_image_1_WHI.jpg'
8.1848 	EXP 	text_9: autoDraw = True
8.1848 	EXP 	image: autoDraw = True
8.1850 	EXP 	window1: blendMode = 'avg'
8.2016 	DATA 	Keypress: f
8.2022 	EXP 	New trial (rep=0, index=5): {'Stimulus_Practice': u'ahead_image_2_WHI.jpg', 'Direction': u'ahead', 'Number': 2, 'Background': u'_WHI', 'Format': u'image'}
8.2275 	EXP 	window1: blendMode = 'avg'
8.2349 	EXP 	text_9: autoDraw = False
8.2349 	EXP 	image: autoDraw = False
8.2349 	EXP 	image: image = u'Extra_Stimuli//ahead_image_2_WHI.jpg'
8.2349 	EXP 	text_9: autoDraw = True
8.2349 	EXP 	image: autoDraw = True
8.2352 	EXP 	window1: blendMode = 'avg'
8.2518 	EXP 	window1: blendMode = 'avg'
8.2689 	EXP 	window1: blendMode = 'avg'
8.2852 	EXP 	window1: blendMode = 'avg'
8.3021 	EXP 	window1: blendMode = 'avg'
8.3196 	DATA 	Keypress: j
8.3219 	EXP 	New trial (rep=0, index=6): {'Stimulus_Practice': u'ahead_image_1_WHI.jpg', 'Direction': u'ahead', 'Number': 1, 'Background': u'_WHI', 'Format': u'image'}
8.3757 	EXP 	window1: blendMode = 'avg'
8.3850 	EXP 	text_9: autoDraw = False
8.3850 	EXP 	image: autoDraw = False
8.3850 	EXP 	image: image = u'Extra_Stimuli//ahead_image_1_WHI.jpg'
8.3850 	EXP 	text_9: autoDraw = True
8.3850 	EXP 	image: autoDraw = True
8.3853 	EXP 	window1: blendMode = 'avg'
8.4019 	DATA 	Keypress: f
8.4024 	EXP 	New trial (rep=0, index=7): {'Stimulus_Practice': u'right_image_2_WHI.jpg', 'Direction': u'right', 'Number': 2, 'Background': u'_WHI', 'Format': u'image'}
8.4248 	EXP 	window1: blendMode = 'avg'
8.4350 	EXP 	text_9: autoDraw = False
8.4350 	EXP 	image: autoDraw = False
8.4350 	EXP 	image: image = u'Extra_Stimuli//right_image_2_WHI.jpg'
8.4350 	EXP 	text_9: autoDraw = True
8.4350 	EXP 	image: autoDraw = True
8.4352 	EXP 	window1: blendMode = 'avg'
8.4519 	EXP 	window1: blendMode = 'avg'
8.4695 	EXP 	window1: blendMode = 'avg'
8.4866 	EXP 	window1: blendMode = 'avg'
8.5032 	EXP 	window1: blendMode = 'avg'
8.5048 	DATA 	Keypress: j
8.5211 	EXP 	New trial (rep=0, index=8): {'Stimulus_Practice': u'ahead_image_3_WHI.jpg', 'Direction': u'ahead', 'Number': 3, 'Background': u'_WHI', 'Format': u'image'}
8.5813 	EXP 	window1: blendMode = 'avg'
8.6021 	EXP 	text_9: autoDraw = False
8.6021 	EXP 	image: autoDraw = False
8.6021 	EXP 	image: image = u'Extra_Stimuli//ahead_image_3_WHI.jpg'
8.6021 	EXP 	text_9: autoDraw = True
8.6021 	EXP 	image: autoDraw = True
8.6023 	DATA 	Keypress: f
8.6927 	EXP 	window1: blendMode = 'avg'
8.7022 	EXP 	text_9: autoDraw = False
8.7022 	EXP 	image: autoDraw = False
8.7022 	EXP 	text_2: autoDraw = True
8.7029 	EXP 	window1: blendMode = 'avg'
8.7194 	EXP 	window1: blendMode = 'avg'
8.7363 	EXP 	window1: blendMode = 'avg'
8.7527 	EXP 	window1: blendMode = 'avg'
8.7696 	EXP 	window1: blendMode = 'avg'
8.7860 	EXP 	window1: blendMode = 'avg'
8.8030 	EXP 	window1: blendMode = 'avg'
8.8195 	EXP 	window1: blendMode = 'avg'
8.8358 	EXP 	window1: blendMode = 'avg'
8.8525 	EXP 	window1: blendMode = 'avg'
8.8703 	EXP 	window1: blendMode = 'avg'
8.8869 	EXP 	window1: blendMode = 'avg'
8.9041 	EXP 	window1: blendMode = 'avg'
8.9206 	EXP 	window1: blendMode = 'avg'
8.9376 	EXP 	window1: blendMode = 'avg'
8.9542 	EXP 	window1: blendMode = 'avg'
8.9707 	EXP 	window1: blendMode = 'avg'
8.9877 	EXP 	window1: blendMode = 'avg'
9.0040 	EXP 	window1: blendMode = 'avg'
9.0209 	EXP 	window1: blendMode = 'avg'
9.0375 	EXP 	window1: blendMode = 'avg'
9.0543 	EXP 	window1: blendMode = 'avg'
9.0715 	EXP 	window1: blendMode = 'avg'
9.0878 	EXP 	window1: blendMode = 'avg'
9.1043 	EXP 	window1: blendMode = 'avg'
9.1214 	EXP 	window1: blendMode = 'avg'
9.1369 	EXP 	window1: blendMode = 'avg'
9.1537 	EXP 	window1: blendMode = 'avg'
9.1699 	EXP 	window1: blendMode = 'avg'
9.1868 	EXP 	window1: blendMode = 'avg'
9.2037 	EXP 	window1: blendMode = 'avg'
9.2196 	EXP 	window1: blendMode = 'avg'
9.2366 	EXP 	window1: blendMode = 'avg'
9.2534 	EXP 	window1: blendMode = 'avg'
9.2703 	EXP 	window1: blendMode = 'avg'
9.2873 	EXP 	window1: blendMode = 'avg'
9.3036 	EXP 	window1: blendMode = 'avg'
9.3204 	EXP 	window1: blendMode = 'avg'
9.3367 	EXP 	window1: blendMode = 'avg'
9.3534 	EXP 	window1: blendMode = 'avg'
9.3704 	EXP 	window1: blendMode = 'avg'
9.3869 	EXP 	window1: blendMode = 'avg'
9.4047 	EXP 	window1: blendMode = 'avg'
9.4211 	EXP 	window1: blendMode = 'avg'
9.4372 	EXP 	window1: blendMode = 'avg'
9.4536 	EXP 	window1: blendMode = 'avg'
9.4714 	EXP 	window1: blendMode = 'avg'
9.4878 	EXP 	window1: blendMode = 'avg'
9.5048 	EXP 	window1: blendMode = 'avg'
9.5216 	EXP 	window1: blendMode = 'avg'
9.5381 	EXP 	window1: blendMode = 'avg'
9.5549 	EXP 	window1: blendMode = 'avg'
9.5713 	EXP 	window1: blendMode = 'avg'
9.5882 	EXP 	window1: blendMode = 'avg'
9.6050 	EXP 	window1: blendMode = 'avg'
9.6213 	EXP 	window1: blendMode = 'avg'
9.6382 	EXP 	window1: blendMode = 'avg'
9.6546 	EXP 	window1: blendMode = 'avg'
9.6717 	EXP 	window1: blendMode = 'avg'
9.6885 	EXP 	window1: blendMode = 'avg'
9.7047 	EXP 	window1: blendMode = 'avg'
9.7217 	EXP 	window1: blendMode = 'avg'
9.7383 	EXP 	window1: blendMode = 'avg'
9.7551 	EXP 	window1: blendMode = 'avg'
9.7715 	EXP 	window1: blendMode = 'avg'
9.7877 	EXP 	window1: blendMode = 'avg'
9.8043 	EXP 	window1: blendMode = 'avg'
9.8207 	EXP 	window1: blendMode = 'avg'
9.8374 	EXP 	window1: blendMode = 'avg'
9.8551 	EXP 	window1: blendMode = 'avg'
9.8715 	EXP 	window1: blendMode = 'avg'
9.8885 	EXP 	window1: blendMode = 'avg'
9.9052 	EXP 	window1: blendMode = 'avg'
9.9217 	EXP 	window1: blendMode = 'avg'
9.9385 	EXP 	window1: blendMode = 'avg'
9.9549 	EXP 	window1: blendMode = 'avg'
9.9718 	EXP 	window1: blendMode = 'avg'
9.9886 	EXP 	window1: blendMode = 'avg'
10.0051 	EXP 	window1: blendMode = 'avg'
10.0220 	EXP 	window1: blendMode = 'avg'
10.0384 	EXP 	window1: blendMode = 'avg'
10.0552 	EXP 	window1: blendMode = 'avg'
10.0721 	EXP 	window1: blendMode = 'avg'
10.0885 	EXP 	window1: blendMode = 'avg'
10.1058 	EXP 	window1: blendMode = 'avg'
10.1211 	EXP 	window1: blendMode = 'avg'
10.1379 	EXP 	window1: blendMode = 'avg'
10.1541 	EXP 	window1: blendMode = 'avg'
10.1711 	EXP 	window1: blendMode = 'avg'
10.1875 	EXP 	window1: blendMode = 'avg'
10.2039 	EXP 	window1: blendMode = 'avg'
10.2221 	EXP 	window1: blendMode = 'avg'
10.2389 	EXP 	window1: blendMode = 'avg'
10.2554 	EXP 	window1: blendMode = 'avg'
10.2722 	EXP 	window1: blendMode = 'avg'
10.2889 	EXP 	window1: blendMode = 'avg'
10.3057 	EXP 	window1: blendMode = 'avg'
10.3221 	EXP 	window1: blendMode = 'avg'
10.3391 	EXP 	window1: blendMode = 'avg'
10.3553 	EXP 	window1: blendMode = 'avg'
10.3721 	EXP 	window1: blendMode = 'avg'
10.3890 	EXP 	window1: blendMode = 'avg'
10.4057 	EXP 	window1: blendMode = 'avg'
10.4224 	EXP 	window1: blendMode = 'avg'
10.4388 	EXP 	window1: blendMode = 'avg'
10.4557 	EXP 	window1: blendMode = 'avg'
10.4723 	EXP 	window1: blendMode = 'avg'
10.4890 	EXP 	window1: blendMode = 'avg'
10.5059 	EXP 	window1: blendMode = 'avg'
10.5222 	EXP 	window1: blendMode = 'avg'
10.5391 	EXP 	window1: blendMode = 'avg'
10.5556 	EXP 	window1: blendMode = 'avg'
10.5724 	EXP 	window1: blendMode = 'avg'
10.5893 	EXP 	window1: blendMode = 'avg'
10.6056 	EXP 	window1: blendMode = 'avg'
10.6224 	EXP 	window1: blendMode = 'avg'
10.6393 	EXP 	window1: blendMode = 'avg'
10.6565 	EXP 	window1: blendMode = 'avg'
10.6728 	EXP 	window1: blendMode = 'avg'
10.6880 	EXP 	window1: blendMode = 'avg'
10.7049 	EXP 	window1: blendMode = 'avg'
10.7220 	EXP 	window1: blendMode = 'avg'
10.7383 	EXP 	window1: blendMode = 'avg'
10.7551 	EXP 	window1: blendMode = 'avg'
10.7720 	EXP 	window1: blendMode = 'avg'
10.7881 	EXP 	window1: blendMode = 'avg'
10.8057 	EXP 	window1: blendMode = 'avg'
10.8239 	EXP 	window1: blendMode = 'avg'
10.8388 	EXP 	window1: blendMode = 'avg'
10.8554 	EXP 	window1: blendMode = 'avg'
10.8717 	EXP 	window1: blendMode = 'avg'
10.8885 	EXP 	window1: blendMode = 'avg'
10.9053 	EXP 	window1: blendMode = 'avg'
10.9215 	EXP 	window1: blendMode = 'avg'
10.9389 	EXP 	window1: blendMode = 'avg'
10.9553 	EXP 	window1: blendMode = 'avg'
10.9770 	EXP 	window1: blendMode = 'avg'
10.9898 	EXP 	window1: blendMode = 'avg'
11.0060 	EXP 	window1: blendMode = 'avg'
11.0230 	EXP 	window1: blendMode = 'avg'
11.0395 	EXP 	window1: blendMode = 'avg'
11.0563 	EXP 	window1: blendMode = 'avg'
11.0729 	EXP 	window1: blendMode = 'avg'
11.0900 	EXP 	window1: blendMode = 'avg'
11.1063 	EXP 	window1: blendMode = 'avg'
11.1232 	EXP 	window1: blendMode = 'avg'
11.1395 	EXP 	window1: blendMode = 'avg'
11.1563 	EXP 	window1: blendMode = 'avg'
11.1733 	EXP 	window1: blendMode = 'avg'
11.1897 	EXP 	window1: blendMode = 'avg'
11.2058 	EXP 	window1: blendMode = 'avg'
11.2225 	EXP 	window1: blendMode = 'avg'
11.2387 	EXP 	window1: blendMode = 'avg'
11.2551 	EXP 	window1: blendMode = 'avg'
11.2727 	EXP 	window1: blendMode = 'avg'
11.2899 	EXP 	window1: blendMode = 'avg'
11.3063 	EXP 	window1: blendMode = 'avg'
11.3232 	EXP 	window1: blendMode = 'avg'
11.3400 	EXP 	window1: blendMode = 'avg'
11.3565 	EXP 	window1: blendMode = 'avg'
11.3733 	EXP 	window1: blendMode = 'avg'
11.3899 	EXP 	window1: blendMode = 'avg'
11.4067 	EXP 	window1: blendMode = 'avg'
11.4231 	EXP 	window1: blendMode = 'avg'
11.4399 	EXP 	window1: blendMode = 'avg'
11.4567 	EXP 	window1: blendMode = 'avg'
11.4733 	EXP 	window1: blendMode = 'avg'
11.4902 	EXP 	window1: blendMode = 'avg'
11.5057 	EXP 	window1: blendMode = 'avg'
11.5225 	EXP 	window1: blendMode = 'avg'
11.5403 	EXP 	window1: blendMode = 'avg'
11.5567 	EXP 	window1: blendMode = 'avg'
11.5735 	EXP 	window1: blendMode = 'avg'
11.5903 	EXP 	window1: blendMode = 'avg'
11.6306 	DEBUG 	Read excel file with pandas: Extra_Stimuli//practice_order_WHI_word.xlsx
11.6339 	EXP 	Imported Extra_Stimuli//practice_order_WHI_word.xlsx as conditions, 9 conditions, 5 params
11.6351 	EXP 	Created sequence: random, trialTypes=9, nReps=1, seed=None
11.6365 	EXP 	New trial (rep=0, index=0): {'Stimulus_Practice': u'right_word_1_WHI.jpg', 'Direction': u'right', 'Number': 1, 'Background': u'_WHI', 'Format': u'word'}
11.6674 	EXP 	window1: blendMode = 'avg'
11.6885 	EXP 	text_2: autoDraw = False
11.6885 	EXP 	image: image = u'Extra_Stimuli//right_word_1_WHI.jpg'
11.6885 	EXP 	text_9: autoDraw = True
11.6885 	EXP 	image: autoDraw = True
11.6888 	EXP 	window1: blendMode = 'avg'
11.7053 	EXP 	window1: blendMode = 'avg'
11.7229 	EXP 	window1: blendMode = 'avg'
11.7399 	EXP 	window1: blendMode = 'avg'
11.7563 	EXP 	window1: blendMode = 'avg'
11.7732 	EXP 	window1: blendMode = 'avg'
11.7896 	EXP 	window1: blendMode = 'avg'
11.8066 	EXP 	window1: blendMode = 'avg'
11.8232 	EXP 	window1: blendMode = 'avg'
11.8400 	EXP 	window1: blendMode = 'avg'
11.8563 	EXP 	window1: blendMode = 'avg'
11.8733 	EXP 	window1: blendMode = 'avg'
11.8898 	EXP 	window1: blendMode = 'avg'
11.9064 	EXP 	window1: blendMode = 'avg'
11.9249 	EXP 	window1: blendMode = 'avg'
11.9398 	EXP 	window1: blendMode = 'avg'
11.9565 	EXP 	window1: blendMode = 'avg'
11.9734 	EXP 	window1: blendMode = 'avg'
11.9898 	EXP 	window1: blendMode = 'avg'
12.0068 	EXP 	window1: blendMode = 'avg'
12.0232 	EXP 	window1: blendMode = 'avg'
12.0401 	EXP 	window1: blendMode = 'avg'
12.0566 	EXP 	window1: blendMode = 'avg'
12.0744 	DATA 	Keypress: f
12.0776 	EXP 	New trial (rep=0, index=1): {'Stimulus_Practice': u'ahead_word_1_WHI.jpg', 'Direction': u'ahead', 'Number': 1, 'Background': u'_WHI', 'Format': u'word'}
12.1185 	EXP 	window1: blendMode = 'avg'
12.1389 	EXP 	text_9: autoDraw = False
12.1389 	EXP 	image: autoDraw = False
12.1389 	EXP 	image: image = u'Extra_Stimuli//ahead_word_1_WHI.jpg'
12.1389 	EXP 	text_9: autoDraw = True
12.1389 	EXP 	image: autoDraw = True
12.1391 	EXP 	window1: blendMode = 'avg'
12.1564 	EXP 	window1: blendMode = 'avg'
12.1737 	EXP 	window1: blendMode = 'avg'
12.1903 	EXP 	window1: blendMode = 'avg'
12.2067 	DATA 	Keypress: j
12.2089 	EXP 	New trial (rep=0, index=2): {'Stimulus_Practice': u'ahead_word_2_WHI.jpg', 'Direction': u'ahead', 'Number': 2, 'Background': u'_WHI', 'Format': u'word'}
12.2572 	EXP 	window1: blendMode = 'avg'
12.2724 	EXP 	text_9: autoDraw = False
12.2724 	EXP 	image: autoDraw = False
12.2724 	EXP 	image: image = u'Extra_Stimuli//ahead_word_2_WHI.jpg'
12.2724 	EXP 	text_9: autoDraw = True
12.2724 	EXP 	image: autoDraw = True
12.2730 	EXP 	window1: blendMode = 'avg'
12.2895 	EXP 	window1: blendMode = 'avg'
12.3069 	EXP 	window1: blendMode = 'avg'
12.3243 	DATA 	Keypress: f
12.3266 	EXP 	New trial (rep=0, index=3): {'Stimulus_Practice': u'left_word_3_WHI.jpg', 'Direction': u'left', 'Number': 3, 'Background': u'_WHI', 'Format': u'word'}
12.3749 	EXP 	window1: blendMode = 'avg'
12.3892 	EXP 	text_9: autoDraw = False
12.3892 	EXP 	image: autoDraw = False
12.3892 	EXP 	image: image = u'Extra_Stimuli//left_word_3_WHI.jpg'
12.3892 	EXP 	text_9: autoDraw = True
12.3892 	EXP 	image: autoDraw = True
12.3896 	EXP 	window1: blendMode = 'avg'
12.4062 	EXP 	window1: blendMode = 'avg'
12.4231 	DATA 	Keypress: j
12.4240 	EXP 	New trial (rep=0, index=4): {'Stimulus_Practice': u'ahead_word_3_WHI.jpg', 'Direction': u'ahead', 'Number': 3, 'Background': u'_WHI', 'Format': u'word'}
12.4490 	EXP 	window1: blendMode = 'avg'
12.4560 	EXP 	text_9: autoDraw = False
12.4560 	EXP 	image: autoDraw = False
12.4560 	EXP 	image: image = u'Extra_Stimuli//ahead_word_3_WHI.jpg'
12.4560 	EXP 	text_9: autoDraw = True
12.4560 	EXP 	image: autoDraw = True
12.4563 	EXP 	window1: blendMode = 'avg'
12.4728 	EXP 	window1: blendMode = 'avg'
12.4906 	EXP 	window1: blendMode = 'avg'
12.5070 	EXP 	window1: blendMode = 'avg'
12.5235 	DATA 	Keypress: f
12.5259 	EXP 	New trial (rep=0, index=5): {'Stimulus_Practice': u'left_word_2_WHI.jpg', 'Direction': u'left', 'Number': 2, 'Background': u'_WHI', 'Format': u'word'}
12.5670 	EXP 	window1: blendMode = 'avg'
12.5897 	EXP 	text_9: autoDraw = False
12.5897 	EXP 	image: autoDraw = False
12.5897 	EXP 	image: image = u'Extra_Stimuli//left_word_2_WHI.jpg'
12.5897 	EXP 	text_9: autoDraw = True
12.5897 	EXP 	image: autoDraw = True
12.5903 	EXP 	window1: blendMode = 'avg'
12.6066 	DATA 	Keypress: j
12.6084 	EXP 	New trial (rep=0, index=6): {'Stimulus_Practice': u'left_word_1_WHI.jpg', 'Direction': u'left', 'Number': 1, 'Background': u'_WHI', 'Format': u'word'}
12.6451 	EXP 	window1: blendMode = 'avg'
12.6560 	EXP 	text_9: autoDraw = False
12.6560 	EXP 	image: autoDraw = False
12.6560 	EXP 	image: image = u'Extra_Stimuli//left_word_1_WHI.jpg'
12.6560 	EXP 	text_9: autoDraw = True
12.6560 	EXP 	image: autoDraw = True
12.6565 	EXP 	window1: blendMode = 'avg'
12.6731 	EXP 	window1: blendMode = 'avg'
12.6899 	DATA 	Keypress: f
12.6907 	EXP 	New trial (rep=0, index=7): {'Stimulus_Practice': u'right_word_3_WHI.jpg', 'Direction': u'right', 'Number': 3, 'Background': u'_WHI', 'Format': u'word'}
12.7124 	EXP 	window1: blendMode = 'avg'
12.7228 	EXP 	text_9: autoDraw = False
12.7228 	EXP 	image: autoDraw = False
12.7228 	EXP 	image: image = u'Extra_Stimuli//right_word_3_WHI.jpg'
12.7228 	EXP 	text_9: autoDraw = True
12.7228 	EXP 	image: autoDraw = True
12.7231 	EXP 	window1: blendMode = 'avg'
12.7397 	EXP 	window1: blendMode = 'avg'
12.7578 	EXP 	window1: blendMode = 'avg'
12.7738 	DATA 	Keypress: j
12.7760 	EXP 	New trial (rep=0, index=8): {'Stimulus_Practice': u'right_word_2_WHI.jpg', 'Direction': u'right', 'Number': 2, 'Background': u'_WHI', 'Format': u'word'}
12.8270 	EXP 	window1: blendMode = 'avg'
12.8396 	EXP 	text_9: autoDraw = False
12.8396 	EXP 	image: autoDraw = False
12.8396 	EXP 	image: image = u'Extra_Stimuli//right_word_2_WHI.jpg'
12.8396 	EXP 	text_9: autoDraw = True
12.8396 	EXP 	image: autoDraw = True
12.8401 	EXP 	window1: blendMode = 'avg'
12.8566 	DATA 	Keypress: f
12.9215 	EXP 	window1: blendMode = 'avg'
12.9399 	EXP 	text_9: autoDraw = False
12.9399 	EXP 	image: autoDraw = False
12.9399 	EXP 	text_2: autoDraw = True
12.9406 	EXP 	window1: blendMode = 'avg'
12.9566 	DATA 	Keypress: j
12.9571 	EXP 	window1: blendMode = 'avg'
12.9739 	EXP 	window1: blendMode = 'avg'
12.9903 	EXP 	window1: blendMode = 'avg'
13.0073 	EXP 	window1: blendMode = 'avg'
13.0245 	EXP 	window1: blendMode = 'avg'
13.0404 	DATA 	Keypress: f
13.0408 	EXP 	window1: blendMode = 'avg'
13.0569 	EXP 	window1: blendMode = 'avg'
13.0737 	EXP 	window1: blendMode = 'avg'
13.0924 	EXP 	window1: blendMode = 'avg'
13.1080 	EXP 	window1: blendMode = 'avg'
13.1247 	EXP 	window1: blendMode = 'avg'
13.1409 	DATA 	Keypress: j
13.1420 	EXP 	window1: blendMode = 'avg'
13.1579 	EXP 	window1: blendMode = 'avg'
13.1748 	EXP 	window1: blendMode = 'avg'
13.1915 	EXP 	window1: blendMode = 'avg'
13.2079 	EXP 	window1: blendMode = 'avg'
13.2248 	EXP 	window1: blendMode = 'avg'
13.2415 	EXP 	window1: blendMode = 'avg'
13.2581 	EXP 	window1: blendMode = 'avg'
13.2749 	EXP 	window1: blendMode = 'avg'
13.2915 	EXP 	window1: blendMode = 'avg'
13.3079 	EXP 	window1: blendMode = 'avg'
13.3243 	EXP 	window1: blendMode = 'avg'
13.3407 	EXP 	window1: blendMode = 'avg'
13.3583 	EXP 	window1: blendMode = 'avg'
13.3748 	EXP 	window1: blendMode = 'avg'
13.3916 	EXP 	window1: blendMode = 'avg'
13.4085 	EXP 	window1: blendMode = 'avg'
13.4244 	EXP 	window1: blendMode = 'avg'
13.4413 	EXP 	window1: blendMode = 'avg'
13.4577 	EXP 	window1: blendMode = 'avg'
13.4745 	EXP 	window1: blendMode = 'avg'
13.4910 	EXP 	window1: blendMode = 'avg'
13.5079 	EXP 	window1: blendMode = 'avg'
13.5245 	EXP 	window1: blendMode = 'avg'
13.5412 	EXP 	window1: blendMode = 'avg'
13.5576 	EXP 	window1: blendMode = 'avg'
13.5749 	EXP 	window1: blendMode = 'avg'
13.5906 	EXP 	window1: blendMode = 'avg'
13.6092 	EXP 	window1: blendMode = 'avg'
13.6257 	EXP 	window1: blendMode = 'avg'
13.6421 	EXP 	window1: blendMode = 'avg'
13.6590 	EXP 	window1: blendMode = 'avg'
13.6755 	EXP 	window1: blendMode = 'avg'
13.6924 	EXP 	window1: blendMode = 'avg'
13.7089 	EXP 	window1: blendMode = 'avg'
13.7258 	EXP 	window1: blendMode = 'avg'
13.7422 	EXP 	window1: blendMode = 'avg'
13.7591 	EXP 	window1: blendMode = 'avg'
13.7755 	EXP 	window1: blendMode = 'avg'
13.7925 	EXP 	window1: blendMode = 'avg'
13.8093 	EXP 	window1: blendMode = 'avg'
13.8268 	EXP 	window1: blendMode = 'avg'
13.8427 	EXP 	window1: blendMode = 'avg'
13.8591 	EXP 	window1: blendMode = 'avg'
13.8804 	EXP 	window1: blendMode = 'avg'
13.8924 	EXP 	window1: blendMode = 'avg'
13.9091 	EXP 	window1: blendMode = 'avg'
13.9260 	EXP 	window1: blendMode = 'avg'
13.9424 	EXP 	window1: blendMode = 'avg'
13.9595 	EXP 	window1: blendMode = 'avg'
13.9794 	EXP 	window1: blendMode = 'avg'
13.9926 	EXP 	window1: blendMode = 'avg'
14.0094 	EXP 	window1: blendMode = 'avg'
14.0253 	EXP 	window1: blendMode = 'avg'
14.0423 	EXP 	window1: blendMode = 'avg'
14.0581 	EXP 	window1: blendMode = 'avg'
14.0749 	EXP 	window1: blendMode = 'avg'
14.0928 	EXP 	window1: blendMode = 'avg'
14.1093 	EXP 	window1: blendMode = 'avg'
14.1260 	EXP 	window1: blendMode = 'avg'
14.1428 	EXP 	window1: blendMode = 'avg'
14.1594 	EXP 	window1: blendMode = 'avg'
14.1762 	EXP 	window1: blendMode = 'avg'
14.1928 	EXP 	window1: blendMode = 'avg'
14.2095 	EXP 	window1: blendMode = 'avg'
14.2260 	EXP 	window1: blendMode = 'avg'
14.2428 	EXP 	window1: blendMode = 'avg'
14.2597 	EXP 	window1: blendMode = 'avg'
14.2761 	EXP 	window1: blendMode = 'avg'
14.2930 	EXP 	window1: blendMode = 'avg'
14.3094 	EXP 	window1: blendMode = 'avg'
14.3262 	EXP 	window1: blendMode = 'avg'
14.3432 	EXP 	window1: blendMode = 'avg'
14.3595 	EXP 	window1: blendMode = 'avg'
14.3763 	EXP 	window1: blendMode = 'avg'
14.3920 	EXP 	window1: blendMode = 'avg'
14.4087 	EXP 	window1: blendMode = 'avg'
14.4252 	EXP 	window1: blendMode = 'avg'
14.4423 	EXP 	window1: blendMode = 'avg'
14.4587 	EXP 	window1: blendMode = 'avg'
14.4757 	EXP 	window1: blendMode = 'avg'
14.4921 	EXP 	window1: blendMode = 'avg'
14.5086 	EXP 	window1: blendMode = 'avg'
14.5253 	EXP 	window1: blendMode = 'avg'
14.5427 	EXP 	window1: blendMode = 'avg'
14.5596 	EXP 	window1: blendMode = 'avg'
14.5761 	EXP 	window1: blendMode = 'avg'
14.5930 	EXP 	window1: blendMode = 'avg'
14.6094 	EXP 	window1: blendMode = 'avg'
14.6267 	EXP 	window1: blendMode = 'avg'
14.6434 	EXP 	window1: blendMode = 'avg'
14.6598 	EXP 	window1: blendMode = 'avg'
14.6768 	EXP 	window1: blendMode = 'avg'
14.6931 	EXP 	window1: blendMode = 'avg'
14.7101 	EXP 	window1: blendMode = 'avg'
14.7266 	EXP 	window1: blendMode = 'avg'
14.7434 	EXP 	window1: blendMode = 'avg'
14.7599 	EXP 	window1: blendMode = 'avg'
14.7768 	EXP 	window1: blendMode = 'avg'
14.7933 	EXP 	window1: blendMode = 'avg'
14.8115 	EXP 	window1: blendMode = 'avg'
14.8287 	EXP 	window1: blendMode = 'avg'
14.8435 	EXP 	window1: blendMode = 'avg'
14.8599 	EXP 	window1: blendMode = 'avg'
14.8769 	EXP 	window1: blendMode = 'avg'
14.8935 	EXP 	window1: blendMode = 'avg'
14.9102 	EXP 	window1: blendMode = 'avg'
14.9272 	EXP 	window1: blendMode = 'avg'
14.9433 	EXP 	window1: blendMode = 'avg'
14.9603 	EXP 	window1: blendMode = 'avg'
14.9815 	EXP 	window1: blendMode = 'avg'
14.9942 	EXP 	window1: blendMode = 'avg'
15.0092 	EXP 	window1: blendMode = 'avg'
15.0261 	EXP 	window1: blendMode = 'avg'
15.0427 	EXP 	window1: blendMode = 'avg'
15.0596 	EXP 	window1: blendMode = 'avg'
15.0765 	EXP 	window1: blendMode = 'avg'
15.0927 	EXP 	window1: blendMode = 'avg'
15.1099 	EXP 	window1: blendMode = 'avg'
15.1263 	EXP 	window1: blendMode = 'avg'
15.1431 	EXP 	window1: blendMode = 'avg'
15.1598 	EXP 	window1: blendMode = 'avg'
15.1761 	EXP 	window1: blendMode = 'avg'
15.1928 	EXP 	window1: blendMode = 'avg'
15.2089 	EXP 	window1: blendMode = 'avg'
15.2270 	EXP 	window1: blendMode = 'avg'
15.2448 	EXP 	window1: blendMode = 'avg'
15.2604 	EXP 	window1: blendMode = 'avg'
15.2773 	EXP 	window1: blendMode = 'avg'
15.2938 	EXP 	window1: blendMode = 'avg'
15.3107 	EXP 	window1: blendMode = 'avg'
15.3276 	EXP 	window1: blendMode = 'avg'
15.3440 	EXP 	window1: blendMode = 'avg'
15.3611 	EXP 	window1: blendMode = 'avg'
15.3775 	EXP 	window1: blendMode = 'avg'
15.3941 	EXP 	window1: blendMode = 'avg'
15.4109 	EXP 	window1: blendMode = 'avg'
15.4268 	EXP 	window1: blendMode = 'avg'
15.4431 	EXP 	window1: blendMode = 'avg'
15.4596 	EXP 	window1: blendMode = 'avg'
15.4759 	EXP 	window1: blendMode = 'avg'
15.4942 	EXP 	window1: blendMode = 'avg'
15.5106 	EXP 	window1: blendMode = 'avg'
15.5274 	EXP 	window1: blendMode = 'avg'
15.5445 	EXP 	window1: blendMode = 'avg'
15.5608 	EXP 	window1: blendMode = 'avg'
15.5782 	EXP 	window1: blendMode = 'avg'
15.5941 	EXP 	window1: blendMode = 'avg'
15.6111 	EXP 	window1: blendMode = 'avg'
15.6276 	EXP 	window1: blendMode = 'avg'
15.6442 	EXP 	window1: blendMode = 'avg'
15.6614 	EXP 	window1: blendMode = 'avg'
15.6778 	EXP 	window1: blendMode = 'avg'
15.6948 	EXP 	window1: blendMode = 'avg'
15.7108 	EXP 	window1: blendMode = 'avg'
15.7277 	EXP 	window1: blendMode = 'avg'
15.7445 	EXP 	window1: blendMode = 'avg'
15.7609 	EXP 	window1: blendMode = 'avg'
15.7778 	EXP 	window1: blendMode = 'avg'
15.7945 	EXP 	window1: blendMode = 'avg'
15.8111 	EXP 	window1: blendMode = 'avg'
15.8310 	EXP 	window1: blendMode = 'avg'
15.8446 	EXP 	window1: blendMode = 'avg'
15.8818 	DEBUG 	Read excel file with pandas: Extra_Stimuli//practice_order_WHI_schema.xlsx
15.8839 	EXP 	Imported Extra_Stimuli//practice_order_WHI_schema.xlsx as conditions, 9 conditions, 5 params
15.8847 	EXP 	Created sequence: random, trialTypes=9, nReps=1, seed=None
15.8857 	EXP 	New trial (rep=0, index=0): {'Stimulus_Practice': u'left_schema_3_WHI.jpg', 'Direction': u'left', 'Number': 3, 'Background': u'_WHI', 'Format': u'schema'}
15.9177 	EXP 	window1: blendMode = 'avg'
15.9260 	EXP 	text_2: autoDraw = False
15.9260 	EXP 	image: image = u'Extra_Stimuli//left_schema_3_WHI.jpg'
15.9260 	EXP 	text_9: autoDraw = True
15.9260 	EXP 	image: autoDraw = True
15.9281 	EXP 	window1: blendMode = 'avg'
15.9431 	EXP 	window1: blendMode = 'avg'
15.9598 	EXP 	window1: blendMode = 'avg'
15.9775 	EXP 	window1: blendMode = 'avg'
15.9940 	EXP 	window1: blendMode = 'avg'
16.0109 	EXP 	window1: blendMode = 'avg'
16.0274 	EXP 	window1: blendMode = 'avg'
16.0439 	EXP 	window1: blendMode = 'avg'
16.0609 	EXP 	window1: blendMode = 'avg'
16.0774 	EXP 	window1: blendMode = 'avg'
16.0943 	EXP 	window1: blendMode = 'avg'
16.1107 	EXP 	window1: blendMode = 'avg'
16.1275 	DATA 	Keypress: f
16.1303 	EXP 	New trial (rep=0, index=1): {'Stimulus_Practice': u'right_schema_3_WHI.jpg', 'Direction': u'right', 'Number': 3, 'Background': u'_WHI', 'Format': u'schema'}
16.1708 	EXP 	window1: blendMode = 'avg'
16.1935 	EXP 	text_9: autoDraw = False
16.1935 	EXP 	image: autoDraw = False
16.1935 	EXP 	image: image = u'Extra_Stimuli//right_schema_3_WHI.jpg'
16.1935 	EXP 	text_9: autoDraw = True
16.1935 	EXP 	image: autoDraw = True
16.1941 	EXP 	window1: blendMode = 'avg'
16.2111 	EXP 	window1: blendMode = 'avg'
16.2273 	DATA 	Keypress: j
16.2295 	EXP 	New trial (rep=0, index=2): {'Stimulus_Practice': u'ahead_schema_3_WHI.jpg', 'Direction': u'ahead', 'Number': 3, 'Background': u'_WHI', 'Format': u'schema'}
16.2770 	EXP 	window1: blendMode = 'avg'
16.2932 	EXP 	text_9: autoDraw = False
16.2932 	EXP 	image: autoDraw = False
16.2932 	EXP 	image: image = u'Extra_Stimuli//ahead_schema_3_WHI.jpg'
16.2932 	EXP 	text_9: autoDraw = True
16.2932 	EXP 	image: autoDraw = True
16.2936 	EXP 	window1: blendMode = 'avg'
16.3103 	EXP 	window1: blendMode = 'avg'
16.3275 	DATA 	Keypress: f
16.3301 	EXP 	New trial (rep=0, index=3): {'Stimulus_Practice': u'ahead_schema_1_WHI.jpg', 'Direction': u'ahead', 'Number': 1, 'Background': u'_WHI', 'Format': u'schema'}
16.3782 	EXP 	window1: blendMode = 'avg'
16.3932 	EXP 	text_9: autoDraw = False
16.3932 	EXP 	image: autoDraw = False
16.3932 	EXP 	image: image = u'Extra_Stimuli//ahead_schema_1_WHI.jpg'
16.3932 	EXP 	text_9: autoDraw = True
16.3932 	EXP 	image: autoDraw = True
16.3935 	EXP 	window1: blendMode = 'avg'
16.4103 	EXP 	window1: blendMode = 'avg'
16.4279 	EXP 	window1: blendMode = 'avg'
16.4442 	DATA 	Keypress: j
16.4466 	EXP 	New trial (rep=0, index=4): {'Stimulus_Practice': u'right_schema_2_WHI.jpg', 'Direction': u'right', 'Number': 2, 'Background': u'_WHI', 'Format': u'schema'}
16.4905 	EXP 	window1: blendMode = 'avg'
16.5100 	EXP 	text_9: autoDraw = False
16.5100 	EXP 	image: autoDraw = False
16.5100 	EXP 	image: image = u'Extra_Stimuli//right_schema_2_WHI.jpg'
16.5100 	EXP 	text_9: autoDraw = True
16.5100 	EXP 	image: autoDraw = True
16.5103 	EXP 	window1: blendMode = 'avg'
16.5271 	DATA 	Keypress: f
16.5277 	EXP 	New trial (rep=0, index=5): {'Stimulus_Practice': u'ahead_schema_2_WHI.jpg', 'Direction': u'ahead', 'Number': 2, 'Background': u'_WHI', 'Format': u'schema'}
16.5457 	EXP 	window1: blendMode = 'avg'
16.5600 	EXP 	text_9: autoDraw = False
16.5600 	EXP 	image: autoDraw = False
16.5600 	EXP 	image: image = u'Extra_Stimuli//ahead_schema_2_WHI.jpg'
16.5600 	EXP 	text_9: autoDraw = True
16.5600 	EXP 	image: autoDraw = True
16.5604 	EXP 	window1: blendMode = 'avg'
16.5772 	EXP 	window1: blendMode = 'avg'
16.5941 	EXP 	window1: blendMode = 'avg'
16.6110 	EXP 	window1: blendMode = 'avg'
16.6281 	EXP 	window1: blendMode = 'avg'
16.6444 	DATA 	Keypress: j
16.6466 	EXP 	New trial (rep=0, index=6): {'Stimulus_Practice': u'left_schema_1_WHI.jpg', 'Direction': u'left', 'Number': 1, 'Background': u'_WHI', 'Format': u'schema'}
16.6947 	EXP 	window1: blendMode = 'avg'
16.7102 	EXP 	text_9: autoDraw = False
16.7102 	EXP 	image: autoDraw = False
16.7102 	EXP 	image: image = u'Extra_Stimuli//left_schema_1_WHI.jpg'
16.7102 	EXP 	text_9: autoDraw = True
16.7102 	EXP 	image: autoDraw = True
16.7109 	DATA 	Keypress: f
16.7119 	EXP 	New trial (rep=0, index=7): {'Stimulus_Practice': u'left_schema_2_WHI.jpg', 'Direction': u'left', 'Number': 2, 'Background': u'_WHI', 'Format': u'schema'}
16.7362 	EXP 	window1: blendMode = 'avg'
16.7436 	EXP 	text_9: autoDraw = False
16.7436 	EXP 	image: autoDraw = False
16.7436 	EXP 	image: image = u'Extra_Stimuli//left_schema_2_WHI.jpg'
16.7436 	EXP 	text_9: autoDraw = True
16.7436 	EXP 	image: autoDraw = True
16.7440 	EXP 	window1: blendMode = 'avg'
16.7604 	EXP 	window1: blendMode = 'avg'
16.7796 	EXP 	window1: blendMode = 'avg'
16.7949 	EXP 	window1: blendMode = 'avg'
16.8114 	EXP 	window1: blendMode = 'avg'
16.8282 	DATA 	Keypress: j
16.8305 	EXP 	New trial (rep=0, index=8): {'Stimulus_Practice': u'right_schema_1_WHI.jpg', 'Direction': u'right', 'Number': 1, 'Background': u'_WHI', 'Format': u'schema'}
16.8767 	EXP 	window1: blendMode = 'avg'
16.8937 	EXP 	text_9: autoDraw = False
16.8937 	EXP 	image: autoDraw = False
16.8937 	EXP 	image: image = u'Extra_Stimuli//right_schema_1_WHI.jpg'
16.8937 	EXP 	text_9: autoDraw = True
16.8937 	EXP 	image: autoDraw = True
16.8941 	EXP 	window1: blendMode = 'avg'
16.9109 	EXP 	window1: blendMode = 'avg'
16.9283 	DATA 	Keypress: f
17.0131 	EXP 	New trial (rep=1, index=0): None
17.0313 	EXP 	window1: blendMode = 'avg'
17.0441 	EXP 	text_9: autoDraw = False
17.0441 	EXP 	image: autoDraw = False
17.0441 	EXP 	text_6: text = 'Ok, before we practice one more time - do you have any questions about the task?'
17.0441 	EXP 	text_6: autoDraw = True
17.0447 	EXP 	window1: blendMode = 'avg'
17.0612 	EXP 	window1: blendMode = 'avg'
17.0783 	EXP 	window1: blendMode = 'avg'
17.0948 	EXP 	window1: blendMode = 'avg'
17.1117 	EXP 	window1: blendMode = 'avg'
17.1282 	EXP 	window1: blendMode = 'avg'
17.1447 	EXP 	window1: blendMode = 'avg'
17.1613 	EXP 	window1: blendMode = 'avg'
17.1797 	EXP 	window1: blendMode = 'avg'
17.1963 	EXP 	window1: blendMode = 'avg'
17.2128 	EXP 	window1: blendMode = 'avg'
17.2303 	EXP 	window1: blendMode = 'avg'
17.2463 	EXP 	window1: blendMode = 'avg'
17.2630 	EXP 	window1: blendMode = 'avg'
17.2798 	EXP 	window1: blendMode = 'avg'
17.2963 	EXP 	window1: blendMode = 'avg'
17.3130 	EXP 	window1: blendMode = 'avg'
17.3296 	EXP 	window1: blendMode = 'avg'
17.3464 	EXP 	window1: blendMode = 'avg'
17.3630 	EXP 	window1: blendMode = 'avg'
17.3798 	EXP 	window1: blendMode = 'avg'
17.3964 	EXP 	window1: blendMode = 'avg'
17.4131 	EXP 	window1: blendMode = 'avg'
17.4298 	EXP 	window1: blendMode = 'avg'
17.4455 	EXP 	window1: blendMode = 'avg'
17.4622 	EXP 	window1: blendMode = 'avg'
17.4784 	EXP 	window1: blendMode = 'avg'
17.4952 	EXP 	window1: blendMode = 'avg'
17.5120 	EXP 	window1: blendMode = 'avg'
17.5288 	EXP 	window1: blendMode = 'avg'
17.5452 	EXP 	window1: blendMode = 'avg'
17.5619 	EXP 	window1: blendMode = 'avg'
17.5789 	EXP 	window1: blendMode = 'avg'
17.5953 	EXP 	window1: blendMode = 'avg'
17.6123 	EXP 	window1: blendMode = 'avg'
17.6289 	EXP 	window1: blendMode = 'avg'
17.6458 	EXP 	window1: blendMode = 'avg'
17.6622 	EXP 	window1: blendMode = 'avg'
17.6785 	EXP 	window1: blendMode = 'avg'
17.6952 	EXP 	window1: blendMode = 'avg'
17.7119 	EXP 	window1: blendMode = 'avg'
17.7287 	EXP 	window1: blendMode = 'avg'
17.7454 	EXP 	window1: blendMode = 'avg'
17.7622 	EXP 	window1: blendMode = 'avg'
17.7789 	EXP 	window1: blendMode = 'avg'
17.7956 	EXP 	window1: blendMode = 'avg'
17.8121 	EXP 	window1: blendMode = 'avg'
17.8289 	EXP 	window1: blendMode = 'avg'
17.8455 	EXP 	window1: blendMode = 'avg'
17.8621 	EXP 	window1: blendMode = 'avg'
17.8806 	EXP 	window1: blendMode = 'avg'
17.8956 	EXP 	window1: blendMode = 'avg'
17.9120 	EXP 	window1: blendMode = 'avg'
17.9289 	EXP 	window1: blendMode = 'avg'
17.9456 	EXP 	window1: blendMode = 'avg'
17.9622 	EXP 	window1: blendMode = 'avg'
17.9789 	EXP 	window1: blendMode = 'avg'
17.9957 	EXP 	window1: blendMode = 'avg'
18.0124 	EXP 	window1: blendMode = 'avg'
18.0290 	EXP 	window1: blendMode = 'avg'
18.0457 	EXP 	window1: blendMode = 'avg'
18.0627 	EXP 	window1: blendMode = 'avg'
18.0792 	EXP 	window1: blendMode = 'avg'
18.0960 	EXP 	window1: blendMode = 'avg'
18.1125 	EXP 	window1: blendMode = 'avg'
18.1291 	EXP 	window1: blendMode = 'avg'
18.1459 	EXP 	window1: blendMode = 'avg'
18.1624 	EXP 	window1: blendMode = 'avg'
18.1791 	EXP 	window1: blendMode = 'avg'
18.1959 	EXP 	window1: blendMode = 'avg'
18.2125 	EXP 	window1: blendMode = 'avg'
18.2293 	EXP 	window1: blendMode = 'avg'
18.2459 	EXP 	window1: blendMode = 'avg'
18.2625 	EXP 	window1: blendMode = 'avg'
18.2792 	EXP 	window1: blendMode = 'avg'
18.2959 	EXP 	window1: blendMode = 'avg'
18.3125 	EXP 	window1: blendMode = 'avg'
18.3291 	EXP 	window1: blendMode = 'avg'
18.3459 	EXP 	window1: blendMode = 'avg'
18.3626 	EXP 	window1: blendMode = 'avg'
18.3792 	EXP 	window1: blendMode = 'avg'
18.3959 	EXP 	window1: blendMode = 'avg'
18.4127 	EXP 	window1: blendMode = 'avg'
18.4296 	EXP 	window1: blendMode = 'avg'
18.4460 	EXP 	window1: blendMode = 'avg'
18.4629 	EXP 	window1: blendMode = 'avg'
18.4794 	EXP 	window1: blendMode = 'avg'
18.4963 	EXP 	window1: blendMode = 'avg'
18.5128 	EXP 	window1: blendMode = 'avg'
18.5296 	EXP 	window1: blendMode = 'avg'
18.5463 	EXP 	window1: blendMode = 'avg'
18.5631 	EXP 	window1: blendMode = 'avg'
18.5796 	EXP 	window1: blendMode = 'avg'
18.5963 	EXP 	window1: blendMode = 'avg'
18.6131 	EXP 	window1: blendMode = 'avg'
18.6297 	EXP 	window1: blendMode = 'avg'
18.6463 	EXP 	window1: blendMode = 'avg'
18.6629 	EXP 	window1: blendMode = 'avg'
18.6798 	EXP 	window1: blendMode = 'avg'
18.6962 	EXP 	window1: blendMode = 'avg'
18.7130 	EXP 	window1: blendMode = 'avg'
18.7298 	EXP 	window1: blendMode = 'avg'
18.7464 	EXP 	window1: blendMode = 'avg'
18.7631 	EXP 	window1: blendMode = 'avg'
18.7799 	EXP 	window1: blendMode = 'avg'
18.7964 	EXP 	window1: blendMode = 'avg'
18.8132 	EXP 	window1: blendMode = 'avg'
18.8301 	EXP 	window1: blendMode = 'avg'
18.8465 	EXP 	window1: blendMode = 'avg'
18.8632 	EXP 	window1: blendMode = 'avg'
18.8823 	EXP 	window1: blendMode = 'avg'
18.8965 	EXP 	window1: blendMode = 'avg'
18.9130 	EXP 	window1: blendMode = 'avg'
18.9299 	EXP 	window1: blendMode = 'avg'
18.9467 	EXP 	window1: blendMode = 'avg'
18.9640 	EXP 	window1: blendMode = 'avg'
18.9803 	EXP 	window1: blendMode = 'avg'
18.9968 	EXP 	window1: blendMode = 'avg'
19.0133 	EXP 	window1: blendMode = 'avg'
19.0301 	EXP 	window1: blendMode = 'avg'
19.0466 	EXP 	window1: blendMode = 'avg'
19.0635 	EXP 	window1: blendMode = 'avg'
19.0801 	EXP 	window1: blendMode = 'avg'
19.0968 	EXP 	window1: blendMode = 'avg'
19.1135 	EXP 	window1: blendMode = 'avg'
19.1302 	EXP 	window1: blendMode = 'avg'
19.1468 	EXP 	window1: blendMode = 'avg'
19.1635 	EXP 	window1: blendMode = 'avg'
19.1803 	EXP 	window1: blendMode = 'avg'
19.1969 	EXP 	window1: blendMode = 'avg'
19.2137 	EXP 	window1: blendMode = 'avg'
19.2302 	EXP 	window1: blendMode = 'avg'
19.2468 	EXP 	window1: blendMode = 'avg'
19.2636 	EXP 	window1: blendMode = 'avg'
19.2801 	EXP 	window1: blendMode = 'avg'
19.2982 	EXP 	window1: blendMode = 'avg'
19.3152 	EXP 	window1: blendMode = 'avg'
19.3317 	EXP 	window1: blendMode = 'avg'
19.3484 	EXP 	window1: blendMode = 'avg'
19.3650 	EXP 	window1: blendMode = 'avg'
19.3817 	EXP 	window1: blendMode = 'avg'
19.3985 	EXP 	window1: blendMode = 'avg'
19.4155 	EXP 	window1: blendMode = 'avg'
19.4328 	EXP 	window1: blendMode = 'avg'
19.4484 	EXP 	window1: blendMode = 'avg'
19.4651 	EXP 	window1: blendMode = 'avg'
19.4818 	EXP 	window1: blendMode = 'avg'
19.4985 	EXP 	window1: blendMode = 'avg'
19.5152 	EXP 	window1: blendMode = 'avg'
19.5319 	EXP 	window1: blendMode = 'avg'
19.5485 	EXP 	window1: blendMode = 'avg'
19.5657 	EXP 	window1: blendMode = 'avg'
19.5820 	EXP 	window1: blendMode = 'avg'
19.5988 	EXP 	window1: blendMode = 'avg'
19.6155 	EXP 	window1: blendMode = 'avg'
19.6309 	EXP 	window1: blendMode = 'avg'
19.6476 	EXP 	window1: blendMode = 'avg'
19.6642 	EXP 	window1: blendMode = 'avg'
19.6809 	EXP 	window1: blendMode = 'avg'
19.6991 	EXP 	window1: blendMode = 'avg'
19.7154 	EXP 	window1: blendMode = 'avg'
19.7324 	EXP 	window1: blendMode = 'avg'
19.7487 	EXP 	window1: blendMode = 'avg'
19.7654 	EXP 	window1: blendMode = 'avg'
19.7822 	EXP 	window1: blendMode = 'avg'
19.7987 	EXP 	window1: blendMode = 'avg'
19.8155 	EXP 	window1: blendMode = 'avg'
19.8321 	EXP 	window1: blendMode = 'avg'
19.8489 	EXP 	window1: blendMode = 'avg'
19.8657 	EXP 	window1: blendMode = 'avg'
19.8837 	EXP 	window1: blendMode = 'avg'
19.8989 	EXP 	window1: blendMode = 'avg'
19.9156 	EXP 	window1: blendMode = 'avg'
19.9323 	EXP 	window1: blendMode = 'avg'
19.9492 	EXP 	window1: blendMode = 'avg'
19.9656 	EXP 	window1: blendMode = 'avg'
19.9829 	EXP 	window1: blendMode = 'avg'
19.9990 	EXP 	window1: blendMode = 'avg'
20.0157 	EXP 	window1: blendMode = 'avg'
20.0323 	EXP 	window1: blendMode = 'avg'
20.0490 	EXP 	window1: blendMode = 'avg'
20.0658 	EXP 	window1: blendMode = 'avg'
20.0825 	EXP 	window1: blendMode = 'avg'
20.0993 	EXP 	window1: blendMode = 'avg'
20.1160 	EXP 	window1: blendMode = 'avg'
20.1327 	EXP 	window1: blendMode = 'avg'
20.1482 	EXP 	window1: blendMode = 'avg'
20.1651 	EXP 	window1: blendMode = 'avg'
20.1814 	EXP 	window1: blendMode = 'avg'
20.1981 	EXP 	window1: blendMode = 'avg'
20.2146 	EXP 	window1: blendMode = 'avg'
20.2333 	EXP 	window1: blendMode = 'avg'
20.2493 	EXP 	window1: blendMode = 'avg'
20.2659 	EXP 	window1: blendMode = 'avg'
20.2826 	EXP 	window1: blendMode = 'avg'
20.2993 	EXP 	window1: blendMode = 'avg'
20.3161 	EXP 	window1: blendMode = 'avg'
20.3328 	EXP 	window1: blendMode = 'avg'
20.3495 	EXP 	window1: blendMode = 'avg'
20.3661 	EXP 	window1: blendMode = 'avg'
20.3828 	EXP 	window1: blendMode = 'avg'
20.3994 	EXP 	window1: blendMode = 'avg'
20.4161 	EXP 	window1: blendMode = 'avg'
20.4328 	EXP 	window1: blendMode = 'avg'
20.4495 	EXP 	window1: blendMode = 'avg'
20.4662 	EXP 	window1: blendMode = 'avg'
20.4829 	EXP 	window1: blendMode = 'avg'
20.4996 	EXP 	window1: blendMode = 'avg'
20.5163 	EXP 	window1: blendMode = 'avg'
20.5329 	EXP 	window1: blendMode = 'avg'
20.5496 	EXP 	window1: blendMode = 'avg'
20.5678 	EXP 	window1: blendMode = 'avg'
20.5829 	EXP 	window1: blendMode = 'avg'
20.5994 	EXP 	window1: blendMode = 'avg'
20.6164 	EXP 	window1: blendMode = 'avg'
20.6330 	EXP 	window1: blendMode = 'avg'
20.6498 	EXP 	window1: blendMode = 'avg'
20.6664 	EXP 	window1: blendMode = 'avg'
20.6820 	EXP 	window1: blendMode = 'avg'
20.6989 	EXP 	window1: blendMode = 'avg'
20.7151 	EXP 	window1: blendMode = 'avg'
20.7326 	EXP 	window1: blendMode = 'avg'
20.7487 	EXP 	window1: blendMode = 'avg'
20.7653 	EXP 	window1: blendMode = 'avg'
20.7819 	EXP 	window1: blendMode = 'avg'
20.7987 	EXP 	window1: blendMode = 'avg'
20.8152 	EXP 	window1: blendMode = 'avg'
20.8321 	EXP 	window1: blendMode = 'avg'
20.8488 	EXP 	window1: blendMode = 'avg'
20.8656 	EXP 	window1: blendMode = 'avg'
20.8852 	EXP 	window1: blendMode = 'avg'
20.8993 	EXP 	window1: blendMode = 'avg'
20.9158 	EXP 	window1: blendMode = 'avg'
20.9330 	EXP 	window1: blendMode = 'avg'
20.9491 	EXP 	window1: blendMode = 'avg'
20.9657 	EXP 	window1: blendMode = 'avg'
20.9832 	EXP 	window1: blendMode = 'avg'
20.9990 	EXP 	window1: blendMode = 'avg'
21.0156 	EXP 	window1: blendMode = 'avg'
21.0323 	EXP 	window1: blendMode = 'avg'
21.0503 	EXP 	window1: blendMode = 'avg'
21.0672 	EXP 	window1: blendMode = 'avg'
21.0836 	EXP 	window1: blendMode = 'avg'
21.1001 	EXP 	window1: blendMode = 'avg'
21.1170 	EXP 	window1: blendMode = 'avg'
21.1335 	EXP 	window1: blendMode = 'avg'
21.1503 	EXP 	window1: blendMode = 'avg'
21.1669 	EXP 	window1: blendMode = 'avg'
21.1835 	EXP 	window1: blendMode = 'avg'
21.2015 	EXP 	window1: blendMode = 'avg'
21.2170 	EXP 	window1: blendMode = 'avg'
21.2335 	EXP 	window1: blendMode = 'avg'
21.2502 	EXP 	window1: blendMode = 'avg'
21.2671 	EXP 	window1: blendMode = 'avg'
21.2837 	EXP 	window1: blendMode = 'avg'
21.3003 	EXP 	window1: blendMode = 'avg'
21.3171 	EXP 	window1: blendMode = 'avg'
21.3337 	EXP 	window1: blendMode = 'avg'
21.3504 	EXP 	window1: blendMode = 'avg'
21.3672 	EXP 	window1: blendMode = 'avg'
21.3839 	EXP 	window1: blendMode = 'avg'
21.4005 	EXP 	window1: blendMode = 'avg'
21.4171 	EXP 	window1: blendMode = 'avg'
21.4338 	EXP 	window1: blendMode = 'avg'
21.4505 	EXP 	window1: blendMode = 'avg'
21.4672 	EXP 	window1: blendMode = 'avg'
21.4836 	DATA 	Keypress: space
21.5107 	DEBUG 	Read excel file with pandas: Extra_Stimuli//practice_order_WHI_word.xlsx
21.5142 	EXP 	Imported Extra_Stimuli//practice_order_WHI_word.xlsx as conditions, 9 conditions, 5 params
21.5154 	EXP 	Created sequence: random, trialTypes=9, nReps=1, seed=None
21.5162 	EXP 	New trial (rep=0, index=0): {'Stimulus_Practice': u'left_word_2_WHI.jpg', 'Direction': u'left', 'Number': 2, 'Background': u'_WHI', 'Format': u'word'}
21.5438 	EXP 	window1: blendMode = 'avg'
21.5653 	EXP 	text_6: autoDraw = False
21.5653 	EXP 	image: image = u'Extra_Stimuli//left_word_2_WHI.jpg'
21.5653 	EXP 	text_9: autoDraw = True
21.5653 	EXP 	image: autoDraw = True
21.5658 	EXP 	window1: blendMode = 'avg'
21.5831 	EXP 	window1: blendMode = 'avg'
21.5997 	EXP 	window1: blendMode = 'avg'
21.6166 	EXP 	window1: blendMode = 'avg'
21.6330 	EXP 	window1: blendMode = 'avg'
21.6499 	EXP 	window1: blendMode = 'avg'
21.6664 	EXP 	window1: blendMode = 'avg'
21.6832 	EXP 	window1: blendMode = 'avg'
21.6993 	EXP 	window1: blendMode = 'avg'
21.7160 	EXP 	window1: blendMode = 'avg'
21.7327 	EXP 	window1: blendMode = 'avg'
21.7491 	EXP 	window1: blendMode = 'avg'
21.7657 	EXP 	window1: blendMode = 'avg'
21.7827 	EXP 	window1: blendMode = 'avg'
21.7998 	EXP 	window1: blendMode = 'avg'
21.8168 	EXP 	window1: blendMode = 'avg'
21.8332 	EXP 	window1: blendMode = 'avg'
21.8501 	EXP 	window1: blendMode = 'avg'
21.8666 	EXP 	window1: blendMode = 'avg'
21.8855 	EXP 	window1: blendMode = 'avg'
21.9002 	EXP 	window1: blendMode = 'avg'
21.9166 	EXP 	window1: blendMode = 'avg'
21.9335 	EXP 	window1: blendMode = 'avg'
21.9499 	EXP 	window1: blendMode = 'avg'
21.9669 	EXP 	window1: blendMode = 'avg'
21.9836 	EXP 	window1: blendMode = 'avg'
22.0000 	EXP 	window1: blendMode = 'avg'
22.0167 	EXP 	window1: blendMode = 'avg'
22.0336 	EXP 	window1: blendMode = 'avg'
22.0501 	EXP 	window1: blendMode = 'avg'
22.0670 	EXP 	window1: blendMode = 'avg'
22.0835 	EXP 	window1: blendMode = 'avg'
22.1001 	EXP 	window1: blendMode = 'avg'
22.1171 	EXP 	window1: blendMode = 'avg'
22.1335 	EXP 	window1: blendMode = 'avg'
22.1504 	EXP 	window1: blendMode = 'avg'
22.1669 	EXP 	window1: blendMode = 'avg'
22.1838 	EXP 	window1: blendMode = 'avg'
22.2002 	EXP 	window1: blendMode = 'avg'
22.2171 	EXP 	window1: blendMode = 'avg'
22.2335 	EXP 	window1: blendMode = 'avg'
22.2503 	EXP 	window1: blendMode = 'avg'
22.2671 	DATA 	Keypress: f
22.2698 	EXP 	New trial (rep=0, index=1): {'Stimulus_Practice': u'ahead_word_2_WHI.jpg', 'Direction': u'ahead', 'Number': 2, 'Background': u'_WHI', 'Format': u'word'}
22.3109 	EXP 	window1: blendMode = 'avg'
22.3332 	EXP 	text_9: autoDraw = False
22.3332 	EXP 	image: autoDraw = False
22.3332 	EXP 	image: image = u'Extra_Stimuli//ahead_word_2_WHI.jpg'
22.3332 	EXP 	text_9: autoDraw = True
22.3332 	EXP 	image: autoDraw = True
22.3341 	EXP 	window1: blendMode = 'avg'
22.3504 	EXP 	window1: blendMode = 'avg'
22.3671 	EXP 	window1: blendMode = 'avg'
22.3840 	EXP 	window1: blendMode = 'avg'
22.4004 	EXP 	window1: blendMode = 'avg'
22.4174 	EXP 	window1: blendMode = 'avg'
22.4338 	EXP 	window1: blendMode = 'avg'
22.4505 	EXP 	window1: blendMode = 'avg'
22.4674 	EXP 	window1: blendMode = 'avg'
22.4838 	EXP 	window1: blendMode = 'avg'
22.5009 	EXP 	window1: blendMode = 'avg'
22.5172 	EXP 	window1: blendMode = 'avg'
22.5339 	EXP 	window1: blendMode = 'avg'
22.5508 	EXP 	window1: blendMode = 'avg'
22.5672 	EXP 	window1: blendMode = 'avg'
22.5841 	DATA 	Keypress: j
22.5863 	EXP 	New trial (rep=0, index=2): {'Stimulus_Practice': u'right_word_2_WHI.jpg', 'Direction': u'right', 'Number': 2, 'Background': u'_WHI', 'Format': u'word'}
22.6373 	EXP 	window1: blendMode = 'avg'
22.6496 	EXP 	text_9: autoDraw = False
22.6496 	EXP 	image: autoDraw = False
22.6496 	EXP 	image: image = u'Extra_Stimuli//right_word_2_WHI.jpg'
22.6496 	EXP 	text_9: autoDraw = True
22.6496 	EXP 	image: autoDraw = True
22.6501 	EXP 	window1: blendMode = 'avg'
22.6667 	EXP 	window1: blendMode = 'avg'
22.6839 	EXP 	window1: blendMode = 'avg'
22.7007 	EXP 	window1: blendMode = 'avg'
22.7176 	EXP 	window1: blendMode = 'avg'
22.7339 	DATA 	Keypress: f
22.7361 	EXP 	New trial (rep=0, index=3): {'Stimulus_Practice': u'right_word_3_WHI.jpg', 'Direction': u'right', 'Number': 3, 'Background': u'_WHI', 'Format': u'word'}
22.7783 	EXP 	window1: blendMode = 'avg'
22.7999 	EXP 	text_9: autoDraw = False
22.7999 	EXP 	image: autoDraw = False
22.7999 	EXP 	image: image = u'Extra_Stimuli//right_word_3_WHI.jpg'
22.7999 	EXP 	text_9: autoDraw = True
22.7999 	EXP 	image: autoDraw = True
22.8003 	EXP 	window1: blendMode = 'avg'
22.8168 	EXP 	window1: blendMode = 'avg'
22.8333 	EXP 	window1: blendMode = 'avg'
22.8512 	EXP 	window1: blendMode = 'avg'
22.8675 	DATA 	Keypress: j
22.8697 	EXP 	New trial (rep=0, index=4): {'Stimulus_Practice': u'ahead_word_1_WHI.jpg', 'Direction': u'ahead', 'Number': 1, 'Background': u'_WHI', 'Format': u'word'}
22.9117 	EXP 	window1: blendMode = 'avg'
22.9333 	EXP 	text_9: autoDraw = False
22.9333 	EXP 	image: autoDraw = False
22.9333 	EXP 	image: image = u'Extra_Stimuli//ahead_word_1_WHI.jpg'
22.9333 	EXP 	text_9: autoDraw = True
22.9333 	EXP 	image: autoDraw = True
22.9339 	EXP 	window1: blendMode = 'avg'
22.9502 	EXP 	window1: blendMode = 'avg'
22.9674 	DATA 	Keypress: f
22.9696 	EXP 	New trial (rep=0, index=5): {'Stimulus_Practice': u'right_word_1_WHI.jpg', 'Direction': u'right', 'Number': 1, 'Background': u'_WHI', 'Format': u'word'}
23.0113 	EXP 	window1: blendMode = 'avg'
23.0334 	EXP 	text_9: autoDraw = False
23.0334 	EXP 	image: autoDraw = False
23.0334 	EXP 	image: image = u'Extra_Stimuli//right_word_1_WHI.jpg'
23.0334 	EXP 	text_9: autoDraw = True
23.0334 	EXP 	image: autoDraw = True
23.0336 	DATA 	Keypress: j
23.0342 	EXP 	New trial (rep=0, index=6): {'Stimulus_Practice': u'ahead_word_3_WHI.jpg', 'Direction': u'ahead', 'Number': 3, 'Background': u'_WHI', 'Format': u'word'}
23.0506 	EXP 	window1: blendMode = 'avg'
23.0666 	EXP 	text_9: autoDraw = False
23.0666 	EXP 	image: autoDraw = False
23.0666 	EXP 	image: image = u'Extra_Stimuli//ahead_word_3_WHI.jpg'
23.0666 	EXP 	text_9: autoDraw = True
23.0666 	EXP 	image: autoDraw = True
23.0669 	EXP 	window1: blendMode = 'avg'
23.0835 	EXP 	window1: blendMode = 'avg'
23.1005 	EXP 	window1: blendMode = 'avg'
23.1185 	EXP 	window1: blendMode = 'avg'
23.1346 	DATA 	Keypress: f
23.1369 	EXP 	New trial (rep=0, index=7): {'Stimulus_Practice': u'left_word_3_WHI.jpg', 'Direction': u'left', 'Number': 3, 'Background': u'_WHI', 'Format': u'word'}
23.1804 	EXP 	window1: blendMode = 'avg'
23.2001 	EXP 	text_9: autoDraw = False
23.2001 	EXP 	image: autoDraw = False
23.2001 	EXP 	image: image = u'Extra_Stimuli//left_word_3_WHI.jpg'
23.2001 	EXP 	text_9: autoDraw = True
23.2001 	EXP 	image: autoDraw = True
23.2007 	EXP 	window1: blendMode = 'avg'
23.2174 	EXP 	window1: blendMode = 'avg'
23.2356 	DATA 	Keypress: j
23.2380 	EXP 	New trial (rep=0, index=8): {'Stimulus_Practice': u'left_word_1_WHI.jpg', 'Direction': u'left', 'Number': 1, 'Background': u'_WHI', 'Format': u'word'}
23.2774 	EXP 	window1: blendMode = 'avg'
23.3004 	EXP 	text_9: autoDraw = False
23.3004 	EXP 	image: autoDraw = False
23.3004 	EXP 	image: image = u'Extra_Stimuli//left_word_1_WHI.jpg'
23.3004 	EXP 	text_9: autoDraw = True
23.3004 	EXP 	image: autoDraw = True
23.3007 	EXP 	window1: blendMode = 'avg'
23.3182 	EXP 	window1: blendMode = 'avg'
23.3345 	DATA 	Keypress: f
23.4459 	EXP 	window1: blendMode = 'avg'
23.4506 	EXP 	text_9: autoDraw = False
23.4506 	EXP 	image: autoDraw = False
23.4506 	EXP 	text_2: autoDraw = True
23.4513 	EXP 	window1: blendMode = 'avg'
23.4678 	EXP 	window1: blendMode = 'avg'
23.4845 	EXP 	window1: blendMode = 'avg'
23.5010 	EXP 	window1: blendMode = 'avg'
23.5177 	EXP 	window1: blendMode = 'avg'
23.5346 	EXP 	window1: blendMode = 'avg'
23.5512 	EXP 	window1: blendMode = 'avg'
23.5679 	EXP 	window1: blendMode = 'avg'
23.5844 	EXP 	window1: blendMode = 'avg'
23.6008 	EXP 	window1: blendMode = 'avg'
23.6194 	DATA 	Keypress: j
23.6207 	EXP 	window1: blendMode = 'avg'
23.6355 	EXP 	window1: blendMode = 'avg'
23.6522 	EXP 	window1: blendMode = 'avg'
23.6700 	EXP 	window1: blendMode = 'avg'
23.6857 	EXP 	window1: blendMode = 'avg'
23.7026 	EXP 	window1: blendMode = 'avg'
23.7191 	EXP 	window1: blendMode = 'avg'
23.7360 	EXP 	window1: blendMode = 'avg'
23.7523 	EXP 	window1: blendMode = 'avg'
23.7692 	EXP 	window1: blendMode = 'avg'
23.7859 	EXP 	window1: blendMode = 'avg'
23.8030 	EXP 	window1: blendMode = 'avg'
23.8196 	EXP 	window1: blendMode = 'avg'
23.8352 	EXP 	window1: blendMode = 'avg'
23.8517 	EXP 	window1: blendMode = 'avg'
23.8682 	EXP 	window1: blendMode = 'avg'
23.8848 	EXP 	window1: blendMode = 'avg'
23.9024 	EXP 	window1: blendMode = 'avg'
23.9206 	EXP 	window1: blendMode = 'avg'
23.9362 	EXP 	window1: blendMode = 'avg'
23.9515 	EXP 	window1: blendMode = 'avg'
23.9684 	EXP 	window1: blendMode = 'avg'
23.9849 	EXP 	window1: blendMode = 'avg'
24.0016 	EXP 	window1: blendMode = 'avg'
24.0187 	EXP 	window1: blendMode = 'avg'
24.0353 	EXP 	window1: blendMode = 'avg'
24.0518 	EXP 	window1: blendMode = 'avg'
24.0687 	EXP 	window1: blendMode = 'avg'
24.0850 	EXP 	window1: blendMode = 'avg'
24.1017 	EXP 	window1: blendMode = 'avg'
24.1183 	EXP 	window1: blendMode = 'avg'
24.1357 	EXP 	window1: blendMode = 'avg'
24.1527 	EXP 	window1: blendMode = 'avg'
24.1691 	EXP 	window1: blendMode = 'avg'
24.1860 	EXP 	window1: blendMode = 'avg'
24.2027 	EXP 	window1: blendMode = 'avg'
24.2191 	EXP 	window1: blendMode = 'avg'
24.2361 	EXP 	window1: blendMode = 'avg'
24.2525 	EXP 	window1: blendMode = 'avg'
24.2694 	EXP 	window1: blendMode = 'avg'
24.2859 	EXP 	window1: blendMode = 'avg'
24.3030 	EXP 	window1: blendMode = 'avg'
24.3195 	EXP 	window1: blendMode = 'avg'
24.3360 	EXP 	window1: blendMode = 'avg'
24.3532 	EXP 	window1: blendMode = 'avg'
24.3696 	EXP 	window1: blendMode = 'avg'
24.3866 	EXP 	window1: blendMode = 'avg'
24.4031 	EXP 	window1: blendMode = 'avg'
24.4200 	EXP 	window1: blendMode = 'avg'
24.4364 	EXP 	window1: blendMode = 'avg'
24.4533 	EXP 	window1: blendMode = 'avg'
24.4697 	EXP 	window1: blendMode = 'avg'
24.4875 	EXP 	window1: blendMode = 'avg'
24.5035 	EXP 	window1: blendMode = 'avg'
24.5200 	EXP 	window1: blendMode = 'avg'
24.5370 	EXP 	window1: blendMode = 'avg'
24.5524 	EXP 	window1: blendMode = 'avg'
24.5692 	EXP 	window1: blendMode = 'avg'
24.5856 	EXP 	window1: blendMode = 'avg'
24.6026 	EXP 	window1: blendMode = 'avg'
24.6193 	EXP 	window1: blendMode = 'avg'
24.6359 	EXP 	window1: blendMode = 'avg'
24.6535 	EXP 	window1: blendMode = 'avg'
24.6702 	EXP 	window1: blendMode = 'avg'
24.6867 	EXP 	window1: blendMode = 'avg'
24.7036 	EXP 	window1: blendMode = 'avg'
24.7200 	EXP 	window1: blendMode = 'avg'
24.7369 	EXP 	window1: blendMode = 'avg'
24.7534 	EXP 	window1: blendMode = 'avg'
24.7703 	EXP 	window1: blendMode = 'avg'
24.7867 	EXP 	window1: blendMode = 'avg'
24.8036 	EXP 	window1: blendMode = 'avg'
24.8196 	EXP 	window1: blendMode = 'avg'
24.8360 	EXP 	window1: blendMode = 'avg'
24.8538 	EXP 	window1: blendMode = 'avg'
24.8706 	EXP 	window1: blendMode = 'avg'
24.8874 	EXP 	window1: blendMode = 'avg'
24.9040 	EXP 	window1: blendMode = 'avg'
24.9198 	EXP 	window1: blendMode = 'avg'
24.9364 	EXP 	window1: blendMode = 'avg'
24.9527 	EXP 	window1: blendMode = 'avg'
24.9704 	EXP 	window1: blendMode = 'avg'
24.9870 	EXP 	window1: blendMode = 'avg'
25.0039 	EXP 	window1: blendMode = 'avg'
25.0203 	EXP 	window1: blendMode = 'avg'
25.0371 	EXP 	window1: blendMode = 'avg'
25.0539 	EXP 	window1: blendMode = 'avg'
25.0704 	EXP 	window1: blendMode = 'avg'
25.0872 	EXP 	window1: blendMode = 'avg'
25.1040 	EXP 	window1: blendMode = 'avg'
25.1210 	EXP 	window1: blendMode = 'avg'
25.1379 	EXP 	window1: blendMode = 'avg'
25.1533 	EXP 	window1: blendMode = 'avg'
25.1700 	EXP 	window1: blendMode = 'avg'
25.1867 	EXP 	window1: blendMode = 'avg'
25.2031 	EXP 	window1: blendMode = 'avg'
25.2208 	EXP 	window1: blendMode = 'avg'
25.2373 	EXP 	window1: blendMode = 'avg'
25.2541 	EXP 	window1: blendMode = 'avg'
25.2708 	EXP 	window1: blendMode = 'avg'
25.2873 	EXP 	window1: blendMode = 'avg'
25.3041 	EXP 	window1: blendMode = 'avg'
25.3207 	EXP 	window1: blendMode = 'avg'
25.3375 	EXP 	window1: blendMode = 'avg'
25.3546 	EXP 	window1: blendMode = 'avg'
25.3710 	EXP 	window1: blendMode = 'avg'
25.3874 	EXP 	window1: blendMode = 'avg'
25.4042 	EXP 	window1: blendMode = 'avg'
25.4210 	EXP 	window1: blendMode = 'avg'
25.4374 	EXP 	window1: blendMode = 'avg'
25.4543 	EXP 	window1: blendMode = 'avg'
25.4708 	EXP 	window1: blendMode = 'avg'
25.4876 	EXP 	window1: blendMode = 'avg'
25.5044 	EXP 	window1: blendMode = 'avg'
25.5208 	EXP 	window1: blendMode = 'avg'
25.5377 	EXP 	window1: blendMode = 'avg'
25.5544 	EXP 	window1: blendMode = 'avg'
25.5710 	EXP 	window1: blendMode = 'avg'
25.5878 	EXP 	window1: blendMode = 'avg'
25.6042 	EXP 	window1: blendMode = 'avg'
25.6211 	EXP 	window1: blendMode = 'avg'
25.6378 	EXP 	window1: blendMode = 'avg'
25.6543 	EXP 	window1: blendMode = 'avg'
25.6714 	EXP 	window1: blendMode = 'avg'
25.6878 	EXP 	window1: blendMode = 'avg'
25.7046 	EXP 	window1: blendMode = 'avg'
25.7210 	EXP 	window1: blendMode = 'avg'
25.7377 	EXP 	window1: blendMode = 'avg'
25.7546 	EXP 	window1: blendMode = 'avg'
25.7711 	EXP 	window1: blendMode = 'avg'
25.7880 	EXP 	window1: blendMode = 'avg'
25.8044 	EXP 	window1: blendMode = 'avg'
25.8212 	EXP 	window1: blendMode = 'avg'
25.8381 	EXP 	window1: blendMode = 'avg'
25.8551 	EXP 	window1: blendMode = 'avg'
25.8715 	EXP 	window1: blendMode = 'avg'
25.8880 	EXP 	window1: blendMode = 'avg'
25.9048 	EXP 	window1: blendMode = 'avg'
25.9214 	EXP 	window1: blendMode = 'avg'
25.9381 	EXP 	window1: blendMode = 'avg'
25.9550 	EXP 	window1: blendMode = 'avg'
25.9709 	EXP 	window1: blendMode = 'avg'
25.9875 	EXP 	window1: blendMode = 'avg'
26.0045 	EXP 	window1: blendMode = 'avg'
26.0214 	EXP 	window1: blendMode = 'avg'
26.0382 	EXP 	window1: blendMode = 'avg'
26.0547 	EXP 	window1: blendMode = 'avg'
26.0717 	EXP 	window1: blendMode = 'avg'
26.0881 	EXP 	window1: blendMode = 'avg'
26.1048 	EXP 	window1: blendMode = 'avg'
26.1217 	EXP 	window1: blendMode = 'avg'
26.1382 	EXP 	window1: blendMode = 'avg'
26.1551 	EXP 	window1: blendMode = 'avg'
26.1715 	EXP 	window1: blendMode = 'avg'
26.1883 	EXP 	window1: blendMode = 'avg'
26.2041 	EXP 	window1: blendMode = 'avg'
26.2207 	EXP 	window1: blendMode = 'avg'
26.2376 	EXP 	window1: blendMode = 'avg'
26.2539 	EXP 	window1: blendMode = 'avg'
26.2717 	EXP 	window1: blendMode = 'avg'
26.2885 	EXP 	window1: blendMode = 'avg'
26.3050 	EXP 	window1: blendMode = 'avg'
26.3219 	EXP 	window1: blendMode = 'avg'
26.3546 	DEBUG 	Read excel file with pandas: Extra_Stimuli//practice_order_WHI_schema.xlsx
26.3563 	EXP 	Imported Extra_Stimuli//practice_order_WHI_schema.xlsx as conditions, 9 conditions, 5 params
26.3570 	EXP 	Created sequence: random, trialTypes=9, nReps=1, seed=None
26.3579 	EXP 	New trial (rep=0, index=0): {'Stimulus_Practice': u'right_schema_3_WHI.jpg', 'Direction': u'right', 'Number': 3, 'Background': u'_WHI', 'Format': u'schema'}
26.3922 	EXP 	window1: blendMode = 'avg'
26.4035 	EXP 	text_2: autoDraw = False
26.4035 	EXP 	image: image = u'Extra_Stimuli//right_schema_3_WHI.jpg'
26.4035 	EXP 	text_9: autoDraw = True
26.4035 	EXP 	image: autoDraw = True
26.4041 	EXP 	window1: blendMode = 'avg'
26.4204 	EXP 	window1: blendMode = 'avg'
26.4376 	EXP 	window1: blendMode = 'avg'
26.4546 	EXP 	window1: blendMode = 'avg'
26.4712 	EXP 	window1: blendMode = 'avg'
26.4881 	EXP 	window1: blendMode = 'avg'
26.5046 	EXP 	window1: blendMode = 'avg'
26.5216 	EXP 	window1: blendMode = 'avg'
26.5380 	EXP 	window1: blendMode = 'avg'
26.5549 	EXP 	window1: blendMode = 'avg'
26.5713 	EXP 	window1: blendMode = 'avg'
26.5883 	EXP 	window1: blendMode = 'avg'
26.6047 	EXP 	window1: blendMode = 'avg'
26.6217 	EXP 	window1: blendMode = 'avg'
26.6381 	EXP 	window1: blendMode = 'avg'
26.6550 	EXP 	window1: blendMode = 'avg'
26.6566 	DATA 	Keypress: f
26.6740 	EXP 	New trial (rep=0, index=1): {'Stimulus_Practice': u'left_schema_3_WHI.jpg', 'Direction': u'left', 'Number': 3, 'Background': u'_WHI', 'Format': u'schema'}
26.7238 	EXP 	window1: blendMode = 'avg'
26.7370 	EXP 	text_9: autoDraw = False
26.7370 	EXP 	image: autoDraw = False
26.7370 	EXP 	image: image = u'Extra_Stimuli//left_schema_3_WHI.jpg'
26.7370 	EXP 	text_9: autoDraw = True
26.7370 	EXP 	image: autoDraw = True
26.7373 	EXP 	window1: blendMode = 'avg'
26.7540 	EXP 	window1: blendMode = 'avg'
26.7720 	DATA 	Keypress: j
26.7728 	EXP 	New trial (rep=0, index=2): {'Stimulus_Practice': u'right_schema_1_WHI.jpg', 'Direction': u'right', 'Number': 1, 'Background': u'_WHI', 'Format': u'schema'}
26.7891 	EXP 	window1: blendMode = 'avg'
26.8039 	EXP 	text_9: autoDraw = False
26.8039 	EXP 	image: autoDraw = False
26.8039 	EXP 	image: image = u'Extra_Stimuli//right_schema_1_WHI.jpg'
26.8039 	EXP 	text_9: autoDraw = True
26.8039 	EXP 	image: autoDraw = True
26.8043 	EXP 	window1: blendMode = 'avg'
26.8209 	EXP 	window1: blendMode = 'avg'
26.8379 	EXP 	window1: blendMode = 'avg'
26.8546 	EXP 	window1: blendMode = 'avg'
26.8712 	EXP 	window1: blendMode = 'avg'
26.8873 	EXP 	window1: blendMode = 'avg'
26.9040 	DATA 	Keypress: f
26.9045 	EXP 	New trial (rep=0, index=3): {'Stimulus_Practice': u'ahead_schema_2_WHI.jpg', 'Direction': u'ahead', 'Number': 2, 'Background': u'_WHI', 'Format': u'schema'}
26.9191 	EXP 	window1: blendMode = 'avg'
26.9373 	EXP 	text_9: autoDraw = False
26.9373 	EXP 	image: autoDraw = False
26.9373 	EXP 	image: image = u'Extra_Stimuli//ahead_schema_2_WHI.jpg'
26.9373 	EXP 	text_9: autoDraw = True
26.9373 	EXP 	image: autoDraw = True
26.9375 	EXP 	window1: blendMode = 'avg'
26.9541 	EXP 	window1: blendMode = 'avg'
26.9709 	EXP 	window1: blendMode = 'avg'
26.9879 	EXP 	window1: blendMode = 'avg'
27.0049 	EXP 	window1: blendMode = 'avg'
27.0212 	DATA 	Keypress: j
27.0225 	EXP 	New trial (rep=0, index=4): {'Stimulus_Practice': u'ahead_schema_1_WHI.jpg', 'Direction': u'ahead', 'Number': 1, 'Background': u'_WHI', 'Format': u'schema'}
27.0467 	EXP 	window1: blendMode = 'avg'
27.0540 	EXP 	text_9: autoDraw = False
27.0540 	EXP 	image: autoDraw = False
27.0540 	EXP 	image: image = u'Extra_Stimuli//ahead_schema_1_WHI.jpg'
27.0540 	EXP 	text_9: autoDraw = True
27.0540 	EXP 	image: autoDraw = True
27.0543 	EXP 	window1: blendMode = 'avg'
27.0710 	EXP 	window1: blendMode = 'avg'
27.0881 	EXP 	window1: blendMode = 'avg'
27.1051 	DATA 	Keypress: f
27.1073 	EXP 	New trial (rep=0, index=5): {'Stimulus_Practice': u'left_schema_1_WHI.jpg', 'Direction': u'left', 'Number': 1, 'Background': u'_WHI', 'Format': u'schema'}
27.1462 	EXP 	window1: blendMode = 'avg'
27.1542 	EXP 	text_9: autoDraw = False
27.1542 	EXP 	image: autoDraw = False
27.1542 	EXP 	image: image = u'Extra_Stimuli//left_schema_1_WHI.jpg'
27.1542 	EXP 	text_9: autoDraw = True
27.1542 	EXP 	image: autoDraw = True
27.1547 	EXP 	window1: blendMode = 'avg'
27.1718 	EXP 	window1: blendMode = 'avg'
27.1888 	EXP 	window1: blendMode = 'avg'
27.2053 	EXP 	window1: blendMode = 'avg'
27.2222 	EXP 	window1: blendMode = 'avg'
27.2241 	DATA 	Keypress: j
27.2401 	EXP 	New trial (rep=0, index=6): {'Stimulus_Practice': u'left_schema_2_WHI.jpg', 'Direction': u'left', 'Number': 2, 'Background': u'_WHI', 'Format': u'schema'}
27.2730 	EXP 	window1: blendMode = 'avg'
27.2876 	EXP 	text_9: autoDraw = False
27.2876 	EXP 	image: autoDraw = False
27.2876 	EXP 	image: image = u'Extra_Stimuli//left_schema_2_WHI.jpg'
27.2876 	EXP 	text_9: autoDraw = True
27.2876 	EXP 	image: autoDraw = True
27.2879 	DATA 	Keypress: f
27.2885 	EXP 	New trial (rep=0, index=7): {'Stimulus_Practice': u'ahead_schema_3_WHI.jpg', 'Direction': u'ahead', 'Number': 3, 'Background': u'_WHI', 'Format': u'schema'}
27.3036 	EXP 	window1: blendMode = 'avg'
27.3210 	EXP 	text_9: autoDraw = False
27.3210 	EXP 	image: autoDraw = False
27.3210 	EXP 	image: image = u'Extra_Stimuli//ahead_schema_3_WHI.jpg'
27.3210 	EXP 	text_9: autoDraw = True
27.3210 	EXP 	image: autoDraw = True
27.3213 	EXP 	window1: blendMode = 'avg'
27.3382 	EXP 	window1: blendMode = 'avg'
27.3553 	EXP 	window1: blendMode = 'avg'
27.3721 	EXP 	window1: blendMode = 'avg'
27.3892 	EXP 	window1: blendMode = 'avg'
27.4054 	DATA 	Keypress: j
27.4082 	EXP 	New trial (rep=0, index=8): {'Stimulus_Practice': u'right_schema_2_WHI.jpg', 'Direction': u'right', 'Number': 2, 'Background': u'_WHI', 'Format': u'schema'}
27.4477 	EXP 	window1: blendMode = 'avg'
27.4715 	EXP 	text_9: autoDraw = False
27.4715 	EXP 	image: autoDraw = False
27.4715 	EXP 	image: image = u'Extra_Stimuli//right_schema_2_WHI.jpg'
27.4715 	EXP 	text_9: autoDraw = True
27.4715 	EXP 	image: autoDraw = True
27.4721 	EXP 	window1: blendMode = 'avg'
27.4889 	DATA 	Keypress: f
27.5862 	EXP 	window1: blendMode = 'avg'
27.6051 	EXP 	text_9: autoDraw = False
27.6051 	EXP 	image: autoDraw = False
27.6051 	EXP 	text_2: autoDraw = True
27.6059 	EXP 	window1: blendMode = 'avg'
27.6219 	EXP 	window1: blendMode = 'avg'
27.6390 	EXP 	window1: blendMode = 'avg'
27.6554 	EXP 	window1: blendMode = 'avg'
27.6719 	EXP 	window1: blendMode = 'avg'
27.6890 	EXP 	window1: blendMode = 'avg'
27.7052 	EXP 	window1: blendMode = 'avg'
27.7219 	EXP 	window1: blendMode = 'avg'
27.7395 	EXP 	window1: blendMode = 'avg'
27.7560 	EXP 	window1: blendMode = 'avg'
27.7727 	DATA 	Keypress: j
27.7740 	EXP 	window1: blendMode = 'avg'
27.7898 	EXP 	window1: blendMode = 'avg'
27.8065 	EXP 	window1: blendMode = 'avg'
27.8262 	EXP 	window1: blendMode = 'avg'
27.8398 	EXP 	window1: blendMode = 'avg'
27.8569 	EXP 	window1: blendMode = 'avg'
27.8733 	EXP 	window1: blendMode = 'avg'
27.8893 	EXP 	window1: blendMode = 'avg'
27.9059 	EXP 	window1: blendMode = 'avg'
27.9251 	EXP 	window1: blendMode = 'avg'
27.9399 	EXP 	window1: blendMode = 'avg'
27.9567 	EXP 	window1: blendMode = 'avg'
27.9735 	EXP 	window1: blendMode = 'avg'
27.9900 	EXP 	window1: blendMode = 'avg'
28.0070 	EXP 	window1: blendMode = 'avg'
28.0236 	EXP 	window1: blendMode = 'avg'
28.0398 	EXP 	window1: blendMode = 'avg'
28.0563 	EXP 	window1: blendMode = 'avg'
28.0735 	EXP 	window1: blendMode = 'avg'
28.0890 	EXP 	window1: blendMode = 'avg'
28.1061 	EXP 	window1: blendMode = 'avg'
28.1234 	EXP 	window1: blendMode = 'avg'
28.1394 	EXP 	window1: blendMode = 'avg'
28.1562 	EXP 	window1: blendMode = 'avg'
28.1727 	EXP 	window1: blendMode = 'avg'
28.1897 	EXP 	window1: blendMode = 'avg'
28.2062 	EXP 	window1: blendMode = 'avg'
28.2226 	EXP 	window1: blendMode = 'avg'
28.2394 	EXP 	window1: blendMode = 'avg'
28.2558 	EXP 	window1: blendMode = 'avg'
28.2729 	EXP 	window1: blendMode = 'avg'
28.2894 	EXP 	window1: blendMode = 'avg'
28.3071 	EXP 	window1: blendMode = 'avg'
28.3231 	EXP 	window1: blendMode = 'avg'
28.3399 	EXP 	window1: blendMode = 'avg'
28.3572 	EXP 	window1: blendMode = 'avg'
28.3739 	DATA 	Keypress: escape
