3.8863 	INFO 	Loaded monitor calibration from ['2015_02_18 17:00']
4.7382 	EXP 	Created window1 = Window(allowGUI=False, allowStencil=False, autoLog=True, bitsMode=UNKNOWN, blendMode='avg', color=array([ 0.4,  0.4,  0.4]), colorSpace='rgb', fullscr=UNKNOWN, gamma=None, lms=UNKNOWN, monitor=<psychopy.monitors.calibTools.Monitor object at 0x083B3630>, multiSample=False, name='window1', numSamples=2, pos=[0, 0], screen=0, size=array([1920, 1080]), stereo=False, units=u'norm', useFBO=True, useRetina=False, viewOri=0.0, viewPos=None, viewScale=None, waitBlanking=True, winType='pyglet')
4.7383 	EXP 	window1: recordFrameIntervals = False
4.9030 	EXP 	window1: recordFrameIntervals = True
5.0868 	DEBUG 	Screen (0) actual frame rate measured at 59.98
5.0869 	EXP 	window1: recordFrameIntervals = False
5.2489 	EXP 	Created text_4 = TextStim(alignHoriz='center', alignVert='center', antialias=True, autoLog=True, bold=False, color='black', colorSpace='named', contrast=1.0, depth=0.0, flipHoriz=False, flipVert=False, font='Arial', fontFiles=[], height=0.1, italic=False, name='text_4', opacity=1.0, ori=0, pos=array([ 0.,  0.]), rgb=array([ 0.,  0.,  0.]), text=unicode(...), units=u'norm', win=Window(...), wrapWidth=1.5)
5.2494 	EXP 	Created text_6 = TextStim(alignHoriz='center', alignVert='center', antialias=True, autoLog=True, bold=False, color='black', colorSpace='named', contrast=1.0, depth=0.0, flipHoriz=False, flipVert=False, font='Arial', fontFiles=[], height=0.1, italic=False, name='text_6', opacity=1.0, ori=0, pos=array([ 0.,  0.]), rgb=array([ 0.,  0.,  0.]), text='', units=u'norm', win=Window(...), wrapWidth=1.5)
5.2499 	EXP 	Created text_9 = TextStim(alignHoriz='center', alignVert='center', antialias=True, autoLog=True, bold=False, color='black', colorSpace='named', contrast=1.0, depth=-1.0, flipHoriz=False, flipVert=False, font='Arial', fontFiles=[], height=0.1, italic=False, name='text_9', opacity=1.0, ori=0, pos=array([ 0. , -0.6]), rgb=array([ 0.,  0.,  0.]), text='', units=u'norm', win=Window(...), wrapWidth=1)
5.2519 	EXP 	Created image = ImageStim(autoLog=True, color=array([ 1.,  1.,  1.]), colorSpace='rgb', contrast=1.0, depth=-2.0, flipHoriz=False, flipVert=False, image='sin', interpolate=True, mask=None, maskParams=None, name='image', opacity=1.0, ori=0.0, pos=array([ 0.,  0.]), size=array([ 0.83333333,  1.48148148]), texRes=128, units=u'norm', win=Window(...))
5.2574 	EXP 	Created text_2 = TextStim(alignHoriz='center', alignVert='center', antialias=True, autoLog=True, bold=False, color=u'black', colorSpace='named', contrast=1.0, depth=0.0, flipHoriz=False, flipVert=False, font=u'Arial', fontFiles=[], height=0.1, italic=False, name='text_2', opacity=1.0, ori=0, pos=array([ 0.,  0.]), rgb=array([ 0.,  0.,  0.]), text=u'what the hell?', units=u'norm', win=Window(...), wrapWidth=1)
5.2579 	EXP 	Created text_9 = TextStim(alignHoriz='center', alignVert='center', antialias=True, autoLog=True, bold=False, color='black', colorSpace='named', contrast=1.0, depth=-1.0, flipHoriz=False, flipVert=False, font='Arial', fontFiles=[], height=0.1, italic=False, name='text_9', opacity=1.0, ori=0, pos=array([ 0. , -0.6]), rgb=array([ 0.,  0.,  0.]), text='', units=u'norm', win=Window(...), wrapWidth=1)
5.2593 	EXP 	Created image = ImageStim(autoLog=True, color=array([ 1.,  1.,  1.]), colorSpace='rgb', contrast=1.0, depth=-2.0, flipHoriz=False, flipVert=False, image='sin', interpolate=True, mask=None, maskParams=None, name='image', opacity=1.0, ori=0.0, pos=array([ 0.,  0.]), size=array([ 0.83333333,  1.48148148]), texRes=128, units=u'norm', win=Window(...))
5.2633 	EXP 	Created text_2 = TextStim(alignHoriz='center', alignVert='center', antialias=True, autoLog=True, bold=False, color=u'black', colorSpace='named', contrast=1.0, depth=0.0, flipHoriz=False, flipVert=False, font=u'Arial', fontFiles=[], height=0.1, italic=False, name='text_2', opacity=1.0, ori=0, pos=array([ 0.,  0.]), rgb=array([ 0.,  0.,  0.]), text=u'what the hell?', units=u'norm', win=Window(...), wrapWidth=1)
5.2637 	EXP 	Created text_9 = TextStim(alignHoriz='center', alignVert='center', antialias=True, autoLog=True, bold=False, color='black', colorSpace='named', contrast=1.0, depth=-1.0, flipHoriz=False, flipVert=False, font='Arial', fontFiles=[], height=0.1, italic=False, name='text_9', opacity=1.0, ori=0, pos=array([ 0. , -0.6]), rgb=array([ 0.,  0.,  0.]), text='', units=u'norm', win=Window(...), wrapWidth=1)
5.2651 	EXP 	Created image = ImageStim(autoLog=True, color=array([ 1.,  1.,  1.]), colorSpace='rgb', contrast=1.0, depth=-2.0, flipHoriz=False, flipVert=False, image='sin', interpolate=True, mask=None, maskParams=None, name='image', opacity=1.0, ori=0.0, pos=array([ 0.,  0.]), size=array([ 0.83333333,  1.48148148]), texRes=128, units=u'norm', win=Window(...))
5.2837 	EXP 	Created text_10 = TextStim(alignHoriz='center', alignVert='center', antialias=True, autoLog=True, bold=False, color='black', colorSpace='named', contrast=1.0, depth=0.0, flipHoriz=False, flipVert=False, font='Arial', fontFiles=[], height=0.1, italic=False, name='text_10', opacity=1.0, ori=0, pos=array([ 0.,  0.]), rgb=array([ 0.,  0.,  0.]), text=unicode(...), units=u'norm', win=Window(...), wrapWidth=1)
5.2852 	EXP 	Created image_2 = ImageStim(autoLog=True, color=array([ 1.,  1.,  1.]), colorSpace='rgb', contrast=1.0, depth=-1.0, flipHoriz=False, flipVert=False, image='sin', interpolate=True, mask=None, maskParams=None, name='image_2', opacity=1.0, ori=0.0, pos=array([ 0.,  0.]), size=array([ 0.83333333,  1.48148148]), texRes=128, units=u'norm', win=Window(...))
5.2923 	EXP 	Created text = TextStim(alignHoriz='center', alignVert='center', antialias=True, autoLog=True, bold=False, color='black', colorSpace='named', contrast=1.0, depth=0.0, flipHoriz=False, flipVert=False, font='Arial', fontFiles=[], height=0.1, italic=False, name='text', opacity=1.0, ori=0, pos=array([ 0.,  0.]), rgb=array([ 0.,  0.,  0.]), text=unicode(...), units=u'norm', win=Window(...), wrapWidth=1)
5.2940 	EXP 	window1: blendMode = 'avg'
5.3029 	EXP 	text_4: autoDraw = True
5.3066 	EXP 	window1: blendMode = 'avg'
5.3199 	EXP 	window1: blendMode = 'avg'
5.3366 	EXP 	window1: blendMode = 'avg'
5.3548 	EXP 	window1: blendMode = 'avg'
5.3715 	EXP 	window1: blendMode = 'avg'
5.3882 	EXP 	window1: blendMode = 'avg'
5.4067 	EXP 	window1: blendMode = 'avg'
5.4215 	EXP 	window1: blendMode = 'avg'
5.4391 	EXP 	window1: blendMode = 'avg'
5.4551 	EXP 	window1: blendMode = 'avg'
5.4717 	EXP 	window1: blendMode = 'avg'
5.4883 	EXP 	window1: blendMode = 'avg'
5.5040 	EXP 	window1: blendMode = 'avg'
5.5206 	EXP 	window1: blendMode = 'avg'
5.5384 	EXP 	window1: blendMode = 'avg'
5.5551 	EXP 	window1: blendMode = 'avg'
5.5717 	EXP 	window1: blendMode = 'avg'
5.5884 	EXP 	window1: blendMode = 'avg'
5.6052 	EXP 	window1: blendMode = 'avg'
5.6218 	EXP 	window1: blendMode = 'avg'
5.6384 	EXP 	window1: blendMode = 'avg'
5.6560 	EXP 	window1: blendMode = 'avg'
5.6718 	EXP 	window1: blendMode = 'avg'
5.6885 	EXP 	window1: blendMode = 'avg'
5.7052 	EXP 	window1: blendMode = 'avg'
5.7063 	DATA 	Keypress: f
5.7220 	EXP 	window1: blendMode = 'avg'
5.7385 	EXP 	window1: blendMode = 'avg'
5.7553 	EXP 	window1: blendMode = 'avg'
5.7723 	EXP 	window1: blendMode = 'avg'
5.7886 	EXP 	window1: blendMode = 'avg'
5.8043 	DATA 	Keypress: j
5.8061 	EXP 	window1: blendMode = 'avg'
5.8226 	EXP 	window1: blendMode = 'avg'
5.8377 	EXP 	window1: blendMode = 'avg'
5.8554 	EXP 	window1: blendMode = 'avg'
5.8725 	EXP 	window1: blendMode = 'avg'
5.8873 	DATA 	Keypress: f
5.8883 	EXP 	window1: blendMode = 'avg'
5.9052 	EXP 	window1: blendMode = 'avg'
5.9210 	EXP 	window1: blendMode = 'avg'
5.9385 	EXP 	window1: blendMode = 'avg'
5.9555 	EXP 	window1: blendMode = 'avg'
5.9721 	EXP 	window1: blendMode = 'avg'
5.9898 	EXP 	window1: blendMode = 'avg'
6.0055 	EXP 	window1: blendMode = 'avg'
6.0222 	EXP 	window1: blendMode = 'avg'
6.0389 	EXP 	window1: blendMode = 'avg'
6.0556 	EXP 	window1: blendMode = 'avg'
6.0722 	EXP 	window1: blendMode = 'avg'
6.0889 	EXP 	window1: blendMode = 'avg'
6.1063 	EXP 	window1: blendMode = 'avg'
6.1073 	DATA 	Keypress: space
6.1224 	EXP 	Created sequence: random, trialTypes=1, nReps=2, seed=None
6.1234 	EXP 	New trial (rep=0, index=0): None
6.1953 	EXP 	window1: blendMode = 'avg'
6.2038 	EXP 	text_4: autoDraw = False
6.2038 	EXP 	text_6: text = "Let's try a few for practice. You'll see spatial directions one at a time on the screen. They will be either LEFT or RIGHT or AHEAD. Tell the experimenter if the spatial direction on the screen is the SAME or DIFFERENT from the spatial direction that you just saw."
6.2038 	EXP 	text_6: autoDraw = True
6.2042 	EXP 	window1: blendMode = 'avg'
6.2208 	EXP 	window1: blendMode = 'avg'
6.2375 	EXP 	window1: blendMode = 'avg'
6.2573 	EXP 	window1: blendMode = 'avg'
6.2725 	EXP 	window1: blendMode = 'avg'
6.2891 	EXP 	window1: blendMode = 'avg'
6.3057 	EXP 	window1: blendMode = 'avg'
6.3226 	EXP 	window1: blendMode = 'avg'
6.3392 	EXP 	window1: blendMode = 'avg'
6.3558 	EXP 	window1: blendMode = 'avg'
6.3725 	EXP 	window1: blendMode = 'avg'
6.3892 	EXP 	window1: blendMode = 'avg'
6.4102 	EXP 	window1: blendMode = 'avg'
6.4228 	EXP 	window1: blendMode = 'avg'
6.4393 	EXP 	window1: blendMode = 'avg'
6.4550 	DATA 	Keypress: f
6.4566 	EXP 	window1: blendMode = 'avg'
6.4726 	EXP 	window1: blendMode = 'avg'
6.4893 	EXP 	window1: blendMode = 'avg'
6.5060 	EXP 	window1: blendMode = 'avg'
6.5234 	EXP 	window1: blendMode = 'avg'
6.5394 	EXP 	window1: blendMode = 'avg'
6.5561 	EXP 	window1: blendMode = 'avg'
6.5728 	EXP 	window1: blendMode = 'avg'
6.5895 	EXP 	window1: blendMode = 'avg'
6.6062 	EXP 	window1: blendMode = 'avg'
6.6228 	EXP 	window1: blendMode = 'avg'
6.6398 	EXP 	window1: blendMode = 'avg'
6.6562 	EXP 	window1: blendMode = 'avg'
6.6728 	EXP 	window1: blendMode = 'avg'
6.6895 	EXP 	window1: blendMode = 'avg'
6.7062 	EXP 	window1: blendMode = 'avg'
6.7230 	EXP 	window1: blendMode = 'avg'
6.7396 	EXP 	window1: blendMode = 'avg'
6.7563 	EXP 	window1: blendMode = 'avg'
6.7720 	DATA 	Keypress: space
6.8200 	DEBUG 	Read excel file with pandas: Extra_Stimuli//practice_order_WHI_schema.xlsx
6.8212 	EXP 	Imported Extra_Stimuli//practice_order_WHI_schema.xlsx as conditions, 9 conditions, 5 params
6.8217 	EXP 	Created sequence: random, trialTypes=9, nReps=1, seed=None
6.8222 	EXP 	New trial (rep=0, index=0): {'Stimulus_Practice': u'left_schema_3_WHI.jpg', 'Direction': u'left', 'Number': 3, 'Background': u'_WHI', 'Format': u'schema'}
6.8462 	EXP 	window1: blendMode = 'avg'
6.8546 	EXP 	text_6: autoDraw = False
6.8546 	EXP 	image: image = u'Extra_Stimuli//left_schema_3_WHI.jpg'
6.8546 	EXP 	text_9: autoDraw = True
6.8546 	EXP 	image: autoDraw = True
6.8549 	EXP 	window1: blendMode = 'avg'
6.8716 	EXP 	window1: blendMode = 'avg'
6.8880 	EXP 	window1: blendMode = 'avg'
6.9057 	EXP 	window1: blendMode = 'avg'
6.9224 	EXP 	window1: blendMode = 'avg'
6.9391 	EXP 	window1: blendMode = 'avg'
6.9560 	EXP 	window1: blendMode = 'avg'
6.9724 	EXP 	window1: blendMode = 'avg'
6.9906 	EXP 	window1: blendMode = 'avg'
7.0061 	EXP 	window1: blendMode = 'avg'
7.0228 	EXP 	window1: blendMode = 'avg'
7.0395 	DATA 	Keypress: f
7.0422 	EXP 	New trial (rep=0, index=1): {'Stimulus_Practice': u'ahead_schema_1_WHI.jpg', 'Direction': u'ahead', 'Number': 1, 'Background': u'_WHI', 'Format': u'schema'}
7.0933 	EXP 	window1: blendMode = 'avg'
7.1051 	EXP 	text_9: autoDraw = False
7.1051 	EXP 	image: autoDraw = False
7.1051 	EXP 	image: image = u'Extra_Stimuli//ahead_schema_1_WHI.jpg'
7.1051 	EXP 	text_9: autoDraw = True
7.1051 	EXP 	image: autoDraw = True
7.1057 	EXP 	window1: blendMode = 'avg'
7.1224 	EXP 	window1: blendMode = 'avg'
7.1392 	EXP 	window1: blendMode = 'avg'
7.1560 	DATA 	Keypress: j
7.1582 	EXP 	New trial (rep=0, index=2): {'Stimulus_Practice': u'right_schema_1_WHI.jpg', 'Direction': u'right', 'Number': 1, 'Background': u'_WHI', 'Format': u'schema'}
7.2024 	EXP 	window1: blendMode = 'avg'
7.2218 	EXP 	text_9: autoDraw = False
7.2218 	EXP 	image: autoDraw = False
7.2218 	EXP 	image: image = u'Extra_Stimuli//right_schema_1_WHI.jpg'
7.2218 	EXP 	text_9: autoDraw = True
7.2218 	EXP 	image: autoDraw = True
7.2222 	EXP 	window1: blendMode = 'avg'
7.2396 	EXP 	window1: blendMode = 'avg'
7.2559 	DATA 	Keypress: f
7.2577 	EXP 	New trial (rep=0, index=3): {'Stimulus_Practice': u'right_schema_2_WHI.jpg', 'Direction': u'right', 'Number': 2, 'Background': u'_WHI', 'Format': u'schema'}
7.2978 	EXP 	window1: blendMode = 'avg'
7.3221 	EXP 	text_9: autoDraw = False
7.3221 	EXP 	image: autoDraw = False
7.3221 	EXP 	image: image = u'Extra_Stimuli//right_schema_2_WHI.jpg'
7.3221 	EXP 	text_9: autoDraw = True
7.3221 	EXP 	image: autoDraw = True
7.3225 	EXP 	window1: blendMode = 'avg'
7.3388 	EXP 	window1: blendMode = 'avg'
7.3563 	EXP 	window1: blendMode = 'avg'
7.3729 	DATA 	Keypress: j
7.3750 	EXP 	New trial (rep=0, index=4): {'Stimulus_Practice': u'left_schema_2_WHI.jpg', 'Direction': u'left', 'Number': 2, 'Background': u'_WHI', 'Format': u'schema'}
7.4214 	EXP 	window1: blendMode = 'avg'
7.4387 	EXP 	text_9: autoDraw = False
7.4387 	EXP 	image: autoDraw = False
7.4387 	EXP 	image: image = u'Extra_Stimuli//left_schema_2_WHI.jpg'
7.4387 	EXP 	text_9: autoDraw = True
7.4387 	EXP 	image: autoDraw = True
7.4390 	DATA 	Keypress: f
7.4399 	EXP 	New trial (rep=0, index=5): {'Stimulus_Practice': u'ahead_schema_2_WHI.jpg', 'Direction': u'ahead', 'Number': 2, 'Background': u'_WHI', 'Format': u'schema'}
7.4644 	EXP 	window1: blendMode = 'avg'
7.4720 	EXP 	text_9: autoDraw = False
7.4720 	EXP 	image: autoDraw = False
7.4720 	EXP 	image: image = u'Extra_Stimuli//ahead_schema_2_WHI.jpg'
7.4720 	EXP 	text_9: autoDraw = True
7.4720 	EXP 	image: autoDraw = True
7.4725 	EXP 	window1: blendMode = 'avg'
7.4891 	EXP 	window1: blendMode = 'avg'
7.5067 	EXP 	window1: blendMode = 'avg'
7.5230 	EXP 	window1: blendMode = 'avg'
7.5397 	DATA 	Keypress: j
7.5419 	EXP 	New trial (rep=0, index=6): {'Stimulus_Practice': u'left_schema_1_WHI.jpg', 'Direction': u'left', 'Number': 1, 'Background': u'_WHI', 'Format': u'schema'}
7.5819 	EXP 	window1: blendMode = 'avg'
7.5889 	EXP 	text_9: autoDraw = False
7.5889 	EXP 	image: autoDraw = False
7.5889 	EXP 	image: image = u'Extra_Stimuli//left_schema_1_WHI.jpg'
7.5889 	EXP 	text_9: autoDraw = True
7.5889 	EXP 	image: autoDraw = True
7.5893 	EXP 	window1: blendMode = 'avg'
7.6057 	EXP 	window1: blendMode = 'avg'
7.6232 	DATA 	Keypress: f
7.6254 	EXP 	New trial (rep=0, index=7): {'Stimulus_Practice': u'right_schema_3_WHI.jpg', 'Direction': u'right', 'Number': 3, 'Background': u'_WHI', 'Format': u'schema'}
7.6654 	EXP 	window1: blendMode = 'avg'
7.6722 	EXP 	text_9: autoDraw = False
7.6722 	EXP 	image: autoDraw = False
7.6722 	EXP 	image: image = u'Extra_Stimuli//right_schema_3_WHI.jpg'
7.6722 	EXP 	text_9: autoDraw = True
7.6722 	EXP 	image: autoDraw = True
7.6726 	EXP 	window1: blendMode = 'avg'
7.6894 	EXP 	window1: blendMode = 'avg'
7.7063 	EXP 	window1: blendMode = 'avg'
7.7232 	DATA 	Keypress: j
7.7254 	EXP 	New trial (rep=0, index=8): {'Stimulus_Practice': u'ahead_schema_3_WHI.jpg', 'Direction': u'ahead', 'Number': 3, 'Background': u'_WHI', 'Format': u'schema'}
7.7661 	EXP 	window1: blendMode = 'avg'
7.7893 	EXP 	text_9: autoDraw = False
7.7893 	EXP 	image: autoDraw = False
7.7893 	EXP 	image: image = u'Extra_Stimuli//ahead_schema_3_WHI.jpg'
7.7893 	EXP 	text_9: autoDraw = True
7.7893 	EXP 	image: autoDraw = True
7.7897 	EXP 	window1: blendMode = 'avg'
7.8066 	DATA 	Keypress: f
7.8494 	EXP 	window1: blendMode = 'avg'
7.8560 	EXP 	text_9: autoDraw = False
7.8560 	EXP 	image: autoDraw = False
7.8560 	EXP 	text_2: autoDraw = True
7.8570 	EXP 	window1: blendMode = 'avg'
7.8735 	EXP 	window1: blendMode = 'avg'
7.8900 	EXP 	window1: blendMode = 'avg'
7.9066 	EXP 	window1: blendMode = 'avg'
7.9234 	EXP 	window1: blendMode = 'avg'
7.9401 	EXP 	window1: blendMode = 'avg'
7.9570 	EXP 	window1: blendMode = 'avg'
7.9734 	EXP 	window1: blendMode = 'avg'
7.9901 	EXP 	window1: blendMode = 'avg'
8.0067 	EXP 	window1: blendMode = 'avg'
8.0234 	EXP 	window1: blendMode = 'avg'
8.0401 	EXP 	window1: blendMode = 'avg'
8.0566 	EXP 	window1: blendMode = 'avg'
8.0746 	EXP 	window1: blendMode = 'avg'
8.0914 	EXP 	window1: blendMode = 'avg'
8.1081 	EXP 	window1: blendMode = 'avg'
8.1250 	EXP 	window1: blendMode = 'avg'
8.1415 	EXP 	window1: blendMode = 'avg'
8.1581 	EXP 	window1: blendMode = 'avg'
8.1749 	EXP 	window1: blendMode = 'avg'
8.1915 	EXP 	window1: blendMode = 'avg'
8.2083 	EXP 	window1: blendMode = 'avg'
8.2248 	EXP 	window1: blendMode = 'avg'
8.2416 	EXP 	window1: blendMode = 'avg'
8.2582 	EXP 	window1: blendMode = 'avg'
8.2749 	EXP 	window1: blendMode = 'avg'
8.2916 	EXP 	window1: blendMode = 'avg'
8.3084 	EXP 	window1: blendMode = 'avg'
8.3249 	EXP 	window1: blendMode = 'avg'
8.3419 	EXP 	window1: blendMode = 'avg'
8.3584 	EXP 	window1: blendMode = 'avg'
8.3743 	EXP 	window1: blendMode = 'avg'
8.3909 	EXP 	window1: blendMode = 'avg'
8.4071 	EXP 	window1: blendMode = 'avg'
8.4241 	EXP 	window1: blendMode = 'avg'
8.4405 	EXP 	window1: blendMode = 'avg'
8.4566 	EXP 	window1: blendMode = 'avg'
8.4747 	EXP 	window1: blendMode = 'avg'
8.4930 	EXP 	window1: blendMode = 'avg'
8.5086 	EXP 	window1: blendMode = 'avg'
8.5255 	EXP 	window1: blendMode = 'avg'
8.5418 	EXP 	window1: blendMode = 'avg'
8.5588 	EXP 	window1: blendMode = 'avg'
8.5748 	EXP 	window1: blendMode = 'avg'
8.5916 	EXP 	window1: blendMode = 'avg'
8.6085 	EXP 	window1: blendMode = 'avg'
8.6249 	EXP 	window1: blendMode = 'avg'
8.6416 	EXP 	window1: blendMode = 'avg'
8.6583 	EXP 	window1: blendMode = 'avg'
8.6753 	EXP 	window1: blendMode = 'avg'
8.6912 	DATA 	Keypress: escape
4.0099 	INFO 	Loaded monitor calibration from ['2015_02_18 17:00']
4.8521 	EXP 	Created window1 = Window(allowGUI=False, allowStencil=False, autoLog=True, bitsMode=UNKNOWN, blendMode='avg', color=array([ 0.4,  0.4,  0.4]), colorSpace='rgb', fullscr=UNKNOWN, gamma=None, lms=UNKNOWN, monitor=<psychopy.monitors.calibTools.Monitor object at 0x081725F0>, multiSample=False, name='window1', numSamples=2, pos=[0, 0], screen=0, size=array([1920, 1080]), stereo=False, units=u'norm', useFBO=True, useRetina=False, viewOri=0.0, viewPos=None, viewScale=None, waitBlanking=True, winType='pyglet')
4.8522 	EXP 	window1: recordFrameIntervals = False
5.0171 	EXP 	window1: recordFrameIntervals = True
5.2011 	DEBUG 	Screen (0) actual frame rate measured at 59.86
5.2012 	EXP 	window1: recordFrameIntervals = False
5.3664 	EXP 	Created text_4 = TextStim(alignHoriz='center', alignVert='center', antialias=True, autoLog=True, bold=False, color='black', colorSpace='named', contrast=1.0, depth=0.0, flipHoriz=False, flipVert=False, font='Arial', fontFiles=[], height=0.1, italic=False, name='text_4', opacity=1.0, ori=0, pos=array([ 0.,  0.]), rgb=array([ 0.,  0.,  0.]), text=unicode(...), units=u'norm', win=Window(...), wrapWidth=1.5)
5.3669 	EXP 	Created text_6 = TextStim(alignHoriz='center', alignVert='center', antialias=True, autoLog=True, bold=False, color='black', colorSpace='named', contrast=1.0, depth=0.0, flipHoriz=False, flipVert=False, font='Arial', fontFiles=[], height=0.1, italic=False, name='text_6', opacity=1.0, ori=0, pos=array([ 0.,  0.]), rgb=array([ 0.,  0.,  0.]), text='', units=u'norm', win=Window(...), wrapWidth=1.5)
5.3674 	EXP 	Created text_9 = TextStim(alignHoriz='center', alignVert='center', antialias=True, autoLog=True, bold=False, color='black', colorSpace='named', contrast=1.0, depth=-1.0, flipHoriz=False, flipVert=False, font='Arial', fontFiles=[], height=0.1, italic=False, name='text_9', opacity=1.0, ori=0, pos=array([ 0. , -0.6]), rgb=array([ 0.,  0.,  0.]), text='', units=u'norm', win=Window(...), wrapWidth=1)
5.3694 	EXP 	Created image = ImageStim(autoLog=True, color=array([ 1.,  1.,  1.]), colorSpace='rgb', contrast=1.0, depth=-2.0, flipHoriz=False, flipVert=False, image='sin', interpolate=True, mask=None, maskParams=None, name='image', opacity=1.0, ori=0.0, pos=array([ 0.,  0.]), size=array([ 0.83333333,  1.48148148]), texRes=128, units=u'norm', win=Window(...))
5.3728 	EXP 	Created text_2 = TextStim(alignHoriz='center', alignVert='center', antialias=True, autoLog=True, bold=False, color=u'black', colorSpace='named', contrast=1.0, depth=0.0, flipHoriz=False, flipVert=False, font=u'Arial', fontFiles=[], height=0.1, italic=False, name='text_2', opacity=1.0, ori=0, pos=array([ 0.,  0.]), rgb=array([ 0.,  0.,  0.]), text=u'+', units=u'norm', win=Window(...), wrapWidth=1)
5.3733 	EXP 	Created text_9 = TextStim(alignHoriz='center', alignVert='center', antialias=True, autoLog=True, bold=False, color='black', colorSpace='named', contrast=1.0, depth=-1.0, flipHoriz=False, flipVert=False, font='Arial', fontFiles=[], height=0.1, italic=False, name='text_9', opacity=1.0, ori=0, pos=array([ 0. , -0.6]), rgb=array([ 0.,  0.,  0.]), text='', units=u'norm', win=Window(...), wrapWidth=1)
5.3746 	EXP 	Created image = ImageStim(autoLog=True, color=array([ 1.,  1.,  1.]), colorSpace='rgb', contrast=1.0, depth=-2.0, flipHoriz=False, flipVert=False, image='sin', interpolate=True, mask=None, maskParams=None, name='image', opacity=1.0, ori=0.0, pos=array([ 0.,  0.]), size=array([ 0.83333333,  1.48148148]), texRes=128, units=u'norm', win=Window(...))
5.3765 	EXP 	Created text_2 = TextStim(alignHoriz='center', alignVert='center', antialias=True, autoLog=True, bold=False, color=u'black', colorSpace='named', contrast=1.0, depth=0.0, flipHoriz=False, flipVert=False, font=u'Arial', fontFiles=[], height=0.1, italic=False, name='text_2', opacity=1.0, ori=0, pos=array([ 0.,  0.]), rgb=array([ 0.,  0.,  0.]), text=u'+', units=u'norm', win=Window(...), wrapWidth=1)
5.3769 	EXP 	Created text_9 = TextStim(alignHoriz='center', alignVert='center', antialias=True, autoLog=True, bold=False, color='black', colorSpace='named', contrast=1.0, depth=-1.0, flipHoriz=False, flipVert=False, font='Arial', fontFiles=[], height=0.1, italic=False, name='text_9', opacity=1.0, ori=0, pos=array([ 0. , -0.6]), rgb=array([ 0.,  0.,  0.]), text='', units=u'norm', win=Window(...), wrapWidth=1)
5.3781 	EXP 	Created image = ImageStim(autoLog=True, color=array([ 1.,  1.,  1.]), colorSpace='rgb', contrast=1.0, depth=-2.0, flipHoriz=False, flipVert=False, image='sin', interpolate=True, mask=None, maskParams=None, name='image', opacity=1.0, ori=0.0, pos=array([ 0.,  0.]), size=array([ 0.83333333,  1.48148148]), texRes=128, units=u'norm', win=Window(...))
5.3980 	EXP 	Created text_10 = TextStim(alignHoriz='center', alignVert='center', antialias=True, autoLog=True, bold=False, color='black', colorSpace='named', contrast=1.0, depth=0.0, flipHoriz=False, flipVert=False, font='Arial', fontFiles=[], height=0.1, italic=False, name='text_10', opacity=1.0, ori=0, pos=array([ 0.,  0.]), rgb=array([ 0.,  0.,  0.]), text=unicode(...), units=u'norm', win=Window(...), wrapWidth=1)
5.3996 	EXP 	Created image_2 = ImageStim(autoLog=True, color=array([ 1.,  1.,  1.]), colorSpace='rgb', contrast=1.0, depth=-1.0, flipHoriz=False, flipVert=False, image='sin', interpolate=True, mask=None, maskParams=None, name='image_2', opacity=1.0, ori=0.0, pos=array([ 0.,  0.]), size=array([ 0.83333333,  1.48148148]), texRes=128, units=u'norm', win=Window(...))
5.4069 	EXP 	Created text = TextStim(alignHoriz='center', alignVert='center', antialias=True, autoLog=True, bold=False, color='black', colorSpace='named', contrast=1.0, depth=0.0, flipHoriz=False, flipVert=False, font='Arial', fontFiles=[], height=0.1, italic=False, name='text', opacity=1.0, ori=0, pos=array([ 0.,  0.]), rgb=array([ 0.,  0.,  0.]), text=unicode(...), units=u'norm', win=Window(...), wrapWidth=1)
5.4086 	EXP 	window1: blendMode = 'avg'
5.4172 	EXP 	text_4: autoDraw = True
5.4177 	EXP 	window1: blendMode = 'avg'
5.4343 	EXP 	window1: blendMode = 'avg'
5.4524 	EXP 	window1: blendMode = 'avg'
5.4691 	EXP 	window1: blendMode = 'avg'
5.4859 	EXP 	window1: blendMode = 'avg'
5.5026 	EXP 	window1: blendMode = 'avg'
5.5183 	EXP 	window1: blendMode = 'avg'
5.5350 	EXP 	window1: blendMode = 'avg'
5.5525 	EXP 	window1: blendMode = 'avg'
5.5692 	EXP 	window1: blendMode = 'avg'
5.5860 	EXP 	window1: blendMode = 'avg'
5.6026 	EXP 	window1: blendMode = 'avg'
5.6193 	EXP 	window1: blendMode = 'avg'
5.6360 	EXP 	window1: blendMode = 'avg'
5.6528 	EXP 	window1: blendMode = 'avg'
5.6694 	EXP 	window1: blendMode = 'avg'
5.6859 	EXP 	window1: blendMode = 'avg'
5.7026 	EXP 	window1: blendMode = 'avg'
5.7194 	EXP 	window1: blendMode = 'avg'
5.7353 	DATA 	Keypress: f
5.7369 	EXP 	window1: blendMode = 'avg'
5.7527 	EXP 	window1: blendMode = 'avg'
5.7694 	EXP 	window1: blendMode = 'avg'
5.7861 	EXP 	window1: blendMode = 'avg'
5.8033 	EXP 	window1: blendMode = 'avg'
5.8199 	EXP 	window1: blendMode = 'avg'
5.8353 	DATA 	Keypress: j
5.8369 	EXP 	window1: blendMode = 'avg'
5.8528 	EXP 	window1: blendMode = 'avg'
5.8696 	EXP 	window1: blendMode = 'avg'
5.8863 	EXP 	window1: blendMode = 'avg'
5.9033 	EXP 	window1: blendMode = 'avg'
5.9196 	EXP 	window1: blendMode = 'avg'
5.9363 	EXP 	window1: blendMode = 'avg'
5.9530 	EXP 	window1: blendMode = 'avg'
5.9696 	EXP 	window1: blendMode = 'avg'
5.9863 	EXP 	window1: blendMode = 'avg'
6.0029 	EXP 	window1: blendMode = 'avg'
6.0197 	EXP 	window1: blendMode = 'avg'
6.0366 	EXP 	window1: blendMode = 'avg'
6.0521 	EXP 	window1: blendMode = 'avg'
6.0689 	EXP 	window1: blendMode = 'avg'
6.0852 	EXP 	window1: blendMode = 'avg'
6.1016 	EXP 	window1: blendMode = 'avg'
6.1198 	EXP 	window1: blendMode = 'avg'
6.1368 	EXP 	window1: blendMode = 'avg'
6.1523 	DATA 	Keypress: space
6.1538 	EXP 	Created sequence: random, trialTypes=1, nReps=2, seed=None
6.1548 	EXP 	New trial (rep=0, index=0): None
6.2217 	EXP 	window1: blendMode = 'avg'
6.2346 	EXP 	text_4: autoDraw = False
6.2346 	EXP 	text_6: text = "Let's try a few for practice. You'll see spatial directions one at a time on the screen. They will be either LEFT or RIGHT or AHEAD. Tell the experimenter if the spatial direction on the screen is the SAME or DIFFERENT from the spatial direction that you just saw."
6.2346 	EXP 	text_6: autoDraw = True
6.2350 	EXP 	window1: blendMode = 'avg'
6.2517 	EXP 	window1: blendMode = 'avg'
6.2698 	EXP 	window1: blendMode = 'avg'
6.2869 	EXP 	window1: blendMode = 'avg'
6.3033 	EXP 	window1: blendMode = 'avg'
6.3200 	EXP 	window1: blendMode = 'avg'
6.3366 	EXP 	window1: blendMode = 'avg'
6.3535 	EXP 	window1: blendMode = 'avg'
6.3691 	DATA 	Keypress: space
6.4168 	DEBUG 	Read excel file with pandas: Extra_Stimuli//practice_order_WHI_word.xlsx
6.4180 	EXP 	Imported Extra_Stimuli//practice_order_WHI_word.xlsx as conditions, 9 conditions, 5 params
6.4185 	EXP 	Created sequence: random, trialTypes=9, nReps=1, seed=None
6.4190 	EXP 	New trial (rep=0, index=0): {'Stimulus_Practice': u'ahead_word_3_WHI.jpg', 'Direction': u'ahead', 'Number': 3, 'Background': u'_WHI', 'Format': u'word'}
6.4461 	EXP 	window1: blendMode = 'avg'
6.4684 	EXP 	text_6: autoDraw = False
6.4684 	EXP 	image: image = u'Extra_Stimuli//ahead_word_3_WHI.jpg'
6.4684 	EXP 	text_9: autoDraw = True
6.4684 	EXP 	image: autoDraw = True
6.4689 	EXP 	window1: blendMode = 'avg'
6.4853 	EXP 	window1: blendMode = 'avg'
6.5027 	EXP 	window1: blendMode = 'avg'
6.5194 	EXP 	window1: blendMode = 'avg'
6.5361 	EXP 	window1: blendMode = 'avg'
6.5528 	EXP 	window1: blendMode = 'avg'
6.5694 	EXP 	window1: blendMode = 'avg'
6.5861 	EXP 	window1: blendMode = 'avg'
6.6028 	EXP 	window1: blendMode = 'avg'
6.6196 	EXP 	window1: blendMode = 'avg'
6.6362 	EXP 	window1: blendMode = 'avg'
6.6527 	DATA 	Keypress: f
6.6555 	EXP 	New trial (rep=0, index=1): {'Stimulus_Practice': u'right_word_3_WHI.jpg', 'Direction': u'right', 'Number': 3, 'Background': u'_WHI', 'Format': u'word'}
6.6974 	EXP 	window1: blendMode = 'avg'
6.7185 	EXP 	text_9: autoDraw = False
6.7185 	EXP 	image: autoDraw = False
6.7185 	EXP 	image: image = u'Extra_Stimuli//right_word_3_WHI.jpg'
6.7185 	EXP 	text_9: autoDraw = True
6.7185 	EXP 	image: autoDraw = True
6.7190 	EXP 	window1: blendMode = 'avg'
6.7384 	EXP 	window1: blendMode = 'avg'
6.7526 	EXP 	window1: blendMode = 'avg'
6.7692 	DATA 	Keypress: j
6.7717 	EXP 	New trial (rep=0, index=2): {'Stimulus_Practice': u'ahead_word_1_WHI.jpg', 'Direction': u'ahead', 'Number': 1, 'Background': u'_WHI', 'Format': u'word'}
6.8143 	EXP 	window1: blendMode = 'avg'
6.8353 	EXP 	text_9: autoDraw = False
6.8353 	EXP 	image: autoDraw = False
6.8353 	EXP 	image: image = u'Extra_Stimuli//ahead_word_1_WHI.jpg'
6.8353 	EXP 	text_9: autoDraw = True
6.8353 	EXP 	image: autoDraw = True
6.8359 	EXP 	window1: blendMode = 'avg'
6.8523 	DATA 	Keypress: f
6.8532 	EXP 	New trial (rep=0, index=3): {'Stimulus_Practice': u'left_word_1_WHI.jpg', 'Direction': u'left', 'Number': 1, 'Background': u'_WHI', 'Format': u'word'}
6.8779 	EXP 	window1: blendMode = 'avg'
6.8854 	EXP 	text_9: autoDraw = False
6.8854 	EXP 	image: autoDraw = False
6.8854 	EXP 	image: image = u'Extra_Stimuli//left_word_1_WHI.jpg'
6.8854 	EXP 	text_9: autoDraw = True
6.8854 	EXP 	image: autoDraw = True
6.8858 	EXP 	window1: blendMode = 'avg'
6.9025 	EXP 	window1: blendMode = 'avg'
6.9189 	EXP 	window1: blendMode = 'avg'
6.9365 	EXP 	window1: blendMode = 'avg'
6.9530 	DATA 	Keypress: j
6.9552 	EXP 	New trial (rep=0, index=4): {'Stimulus_Practice': u'right_word_2_WHI.jpg', 'Direction': u'right', 'Number': 2, 'Background': u'_WHI', 'Format': u'word'}
6.9959 	EXP 	window1: blendMode = 'avg'
7.0025 	EXP 	text_9: autoDraw = False
7.0025 	EXP 	image: autoDraw = False
7.0025 	EXP 	image: image = u'Extra_Stimuli//right_word_2_WHI.jpg'
7.0025 	EXP 	text_9: autoDraw = True
7.0025 	EXP 	image: autoDraw = True
7.0029 	EXP 	window1: blendMode = 'avg'
7.0194 	EXP 	window1: blendMode = 'avg'
7.0364 	DATA 	Keypress: f
7.0371 	EXP 	New trial (rep=0, index=5): {'Stimulus_Practice': u'left_word_2_WHI.jpg', 'Direction': u'left', 'Number': 2, 'Background': u'_WHI', 'Format': u'word'}
7.0716 	EXP 	window1: blendMode = 'avg'
7.0858 	EXP 	text_9: autoDraw = False
7.0858 	EXP 	image: autoDraw = False
7.0858 	EXP 	image: image = u'Extra_Stimuli//left_word_2_WHI.jpg'
7.0858 	EXP 	text_9: autoDraw = True
7.0858 	EXP 	image: autoDraw = True
7.0863 	EXP 	window1: blendMode = 'avg'
7.1028 	EXP 	window1: blendMode = 'avg'
7.1197 	EXP 	window1: blendMode = 'avg'
7.1368 	DATA 	Keypress: j
7.1391 	EXP 	New trial (rep=0, index=6): {'Stimulus_Practice': u'ahead_word_2_WHI.jpg', 'Direction': u'ahead', 'Number': 2, 'Background': u'_WHI', 'Format': u'word'}
7.1807 	EXP 	window1: blendMode = 'avg'
7.2027 	EXP 	text_9: autoDraw = False
7.2027 	EXP 	image: autoDraw = False
7.2027 	EXP 	image: image = u'Extra_Stimuli//ahead_word_2_WHI.jpg'
7.2027 	EXP 	text_9: autoDraw = True
7.2027 	EXP 	image: autoDraw = True
7.2030 	DATA 	Keypress: f
7.2036 	EXP 	New trial (rep=0, index=7): {'Stimulus_Practice': u'left_word_3_WHI.jpg', 'Direction': u'left', 'Number': 3, 'Background': u'_WHI', 'Format': u'word'}
7.2195 	EXP 	window1: blendMode = 'avg'
7.2361 	EXP 	text_9: autoDraw = False
7.2361 	EXP 	image: autoDraw = False
7.2361 	EXP 	image: image = u'Extra_Stimuli//left_word_3_WHI.jpg'
7.2361 	EXP 	text_9: autoDraw = True
7.2361 	EXP 	image: autoDraw = True
7.2363 	EXP 	window1: blendMode = 'avg'
7.2535 	EXP 	window1: blendMode = 'avg'
7.2705 	EXP 	window1: blendMode = 'avg'
7.2869 	EXP 	window1: blendMode = 'avg'
7.3037 	DATA 	Keypress: j
7.3054 	EXP 	New trial (rep=0, index=8): {'Stimulus_Practice': u'right_word_1_WHI.jpg', 'Direction': u'right', 'Number': 1, 'Background': u'_WHI', 'Format': u'word'}
7.3459 	EXP 	window1: blendMode = 'avg'
7.3527 	EXP 	text_9: autoDraw = False
7.3527 	EXP 	image: autoDraw = False
7.3527 	EXP 	image: image = u'Extra_Stimuli//right_word_1_WHI.jpg'
7.3527 	EXP 	text_9: autoDraw = True
7.3527 	EXP 	image: autoDraw = True
7.3530 	EXP 	window1: blendMode = 'avg'
7.3697 	EXP 	window1: blendMode = 'avg'
7.3867 	DATA 	Keypress: f
7.4223 	EXP 	window1: blendMode = 'avg'
7.4364 	EXP 	text_9: autoDraw = False
7.4364 	EXP 	image: autoDraw = False
7.4364 	EXP 	text_2: autoDraw = True
7.4370 	EXP 	window1: blendMode = 'avg'
7.4537 	EXP 	window1: blendMode = 'avg'
7.4704 	EXP 	window1: blendMode = 'avg'
7.4871 	EXP 	window1: blendMode = 'avg'
7.5038 	EXP 	window1: blendMode = 'avg'
7.5205 	EXP 	window1: blendMode = 'avg'
7.5370 	EXP 	window1: blendMode = 'avg'
7.5539 	EXP 	window1: blendMode = 'avg'
7.5702 	EXP 	window1: blendMode = 'avg'
7.5883 	EXP 	window1: blendMode = 'avg'
7.6049 	EXP 	window1: blendMode = 'avg'
7.6215 	EXP 	window1: blendMode = 'avg'
7.6382 	EXP 	window1: blendMode = 'avg'
7.6550 	EXP 	window1: blendMode = 'avg'
7.6716 	EXP 	window1: blendMode = 'avg'
7.6883 	EXP 	window1: blendMode = 'avg'
7.7050 	EXP 	window1: blendMode = 'avg'
7.7217 	EXP 	window1: blendMode = 'avg'
7.7383 	EXP 	window1: blendMode = 'avg'
7.7550 	EXP 	window1: blendMode = 'avg'
7.7720 	EXP 	window1: blendMode = 'avg'
7.7885 	EXP 	window1: blendMode = 'avg'
7.8050 	EXP 	window1: blendMode = 'avg'
7.8217 	EXP 	window1: blendMode = 'avg'
7.8384 	EXP 	window1: blendMode = 'avg'
7.8552 	EXP 	window1: blendMode = 'avg'
7.8720 	EXP 	window1: blendMode = 'avg'
7.8891 	EXP 	window1: blendMode = 'avg'
7.9052 	EXP 	window1: blendMode = 'avg'
7.9220 	EXP 	window1: blendMode = 'avg'
7.9386 	EXP 	window1: blendMode = 'avg'
7.9545 	EXP 	window1: blendMode = 'avg'
7.9707 	EXP 	window1: blendMode = 'avg'
7.9883 	EXP 	window1: blendMode = 'avg'
8.0042 	EXP 	window1: blendMode = 'avg'
8.0210 	EXP 	window1: blendMode = 'avg'
8.0378 	EXP 	window1: blendMode = 'avg'
8.0544 	EXP 	window1: blendMode = 'avg'
8.0709 	EXP 	window1: blendMode = 'avg'
8.0879 	EXP 	window1: blendMode = 'avg'
8.1043 	EXP 	window1: blendMode = 'avg'
8.1210 	EXP 	window1: blendMode = 'avg'
8.1377 	EXP 	window1: blendMode = 'avg'
8.1542 	EXP 	window1: blendMode = 'avg'
8.1709 	EXP 	window1: blendMode = 'avg'
8.1885 	EXP 	window1: blendMode = 'avg'
8.2052 	EXP 	window1: blendMode = 'avg'
8.2219 	EXP 	window1: blendMode = 'avg'
8.2388 	EXP 	window1: blendMode = 'avg'
8.2554 	EXP 	window1: blendMode = 'avg'
8.2720 	EXP 	window1: blendMode = 'avg'
8.2887 	EXP 	window1: blendMode = 'avg'
8.3054 	EXP 	window1: blendMode = 'avg'
8.3220 	EXP 	window1: blendMode = 'avg'
8.3386 	EXP 	window1: blendMode = 'avg'
8.3553 	EXP 	window1: blendMode = 'avg'
8.3720 	EXP 	window1: blendMode = 'avg'
8.3896 	EXP 	window1: blendMode = 'avg'
8.4058 	EXP 	window1: blendMode = 'avg'
8.4224 	EXP 	window1: blendMode = 'avg'
8.4391 	EXP 	window1: blendMode = 'avg'
8.4560 	EXP 	window1: blendMode = 'avg'
8.4726 	EXP 	window1: blendMode = 'avg'
8.4891 	EXP 	window1: blendMode = 'avg'
8.5060 	EXP 	window1: blendMode = 'avg'
8.5226 	EXP 	window1: blendMode = 'avg'
8.5394 	EXP 	window1: blendMode = 'avg'
8.5559 	EXP 	window1: blendMode = 'avg'
8.5717 	EXP 	window1: blendMode = 'avg'
8.5886 	EXP 	window1: blendMode = 'avg'
8.6049 	EXP 	window1: blendMode = 'avg'
8.6215 	EXP 	window1: blendMode = 'avg'
8.6384 	EXP 	window1: blendMode = 'avg'
8.6551 	EXP 	window1: blendMode = 'avg'
8.6727 	EXP 	window1: blendMode = 'avg'
8.6893 	EXP 	window1: blendMode = 'avg'
8.7060 	EXP 	window1: blendMode = 'avg'
8.7227 	EXP 	window1: blendMode = 'avg'
8.7394 	EXP 	window1: blendMode = 'avg'
8.7563 	EXP 	window1: blendMode = 'avg'
8.7728 	EXP 	window1: blendMode = 'avg'
8.7894 	EXP 	window1: blendMode = 'avg'
8.8061 	EXP 	window1: blendMode = 'avg'
8.8229 	EXP 	window1: blendMode = 'avg'
8.8399 	EXP 	window1: blendMode = 'avg'
8.8563 	EXP 	window1: blendMode = 'avg'
8.8721 	EXP 	window1: blendMode = 'avg'
8.8887 	EXP 	window1: blendMode = 'avg'
8.9054 	EXP 	window1: blendMode = 'avg'
8.9220 	EXP 	window1: blendMode = 'avg'
8.9388 	EXP 	window1: blendMode = 'avg'
8.9553 	EXP 	window1: blendMode = 'avg'
8.9731 	EXP 	window1: blendMode = 'avg'
8.9899 	EXP 	window1: blendMode = 'avg'
9.0063 	EXP 	window1: blendMode = 'avg'
9.0230 	EXP 	window1: blendMode = 'avg'
9.0397 	EXP 	window1: blendMode = 'avg'
9.0563 	EXP 	window1: blendMode = 'avg'
9.0731 	EXP 	window1: blendMode = 'avg'
9.0899 	EXP 	window1: blendMode = 'avg'
9.1065 	EXP 	window1: blendMode = 'avg'
9.1232 	EXP 	window1: blendMode = 'avg'
9.1400 	EXP 	window1: blendMode = 'avg'
9.1567 	EXP 	window1: blendMode = 'avg'
9.1723 	EXP 	window1: blendMode = 'avg'
9.1891 	EXP 	window1: blendMode = 'avg'
9.2057 	EXP 	window1: blendMode = 'avg'
9.2224 	EXP 	window1: blendMode = 'avg'
9.2399 	EXP 	window1: blendMode = 'avg'
9.2566 	EXP 	window1: blendMode = 'avg'
9.2733 	EXP 	window1: blendMode = 'avg'
9.2900 	EXP 	window1: blendMode = 'avg'
9.3066 	EXP 	window1: blendMode = 'avg'
9.3233 	EXP 	window1: blendMode = 'avg'
9.3400 	EXP 	window1: blendMode = 'avg'
9.3568 	EXP 	window1: blendMode = 'avg'
9.3737 	EXP 	window1: blendMode = 'avg'
9.3902 	EXP 	window1: blendMode = 'avg'
9.4070 	EXP 	window1: blendMode = 'avg'
9.4236 	EXP 	window1: blendMode = 'avg'
9.4399 	EXP 	window1: blendMode = 'avg'
9.4560 	EXP 	window1: blendMode = 'avg'
9.4724 	EXP 	window1: blendMode = 'avg'
9.4893 	EXP 	window1: blendMode = 'avg'
9.5059 	EXP 	window1: blendMode = 'avg'
9.5225 	EXP 	window1: blendMode = 'avg'
9.5392 	EXP 	window1: blendMode = 'avg'
9.5562 	EXP 	window1: blendMode = 'avg'
9.5722 	EXP 	window1: blendMode = 'avg'
9.5890 	EXP 	window1: blendMode = 'avg'
9.6062 	EXP 	window1: blendMode = 'avg'
9.6233 	EXP 	window1: blendMode = 'avg'
9.6403 	EXP 	window1: blendMode = 'avg'
9.6572 	EXP 	window1: blendMode = 'avg'
9.6737 	EXP 	window1: blendMode = 'avg'
9.6903 	EXP 	window1: blendMode = 'avg'
9.7070 	EXP 	window1: blendMode = 'avg'
9.7239 	EXP 	window1: blendMode = 'avg'
9.7425 	EXP 	window1: blendMode = 'avg'
9.7573 	EXP 	window1: blendMode = 'avg'
9.7735 	EXP 	window1: blendMode = 'avg'
9.7905 	EXP 	window1: blendMode = 'avg'
9.8071 	EXP 	window1: blendMode = 'avg'
9.8238 	EXP 	window1: blendMode = 'avg'
9.8405 	EXP 	window1: blendMode = 'avg'
9.8572 	EXP 	window1: blendMode = 'avg'
9.8738 	EXP 	window1: blendMode = 'avg'
9.8906 	EXP 	window1: blendMode = 'avg'
9.9073 	EXP 	window1: blendMode = 'avg'
9.9239 	EXP 	window1: blendMode = 'avg'
9.9406 	EXP 	window1: blendMode = 'avg'
9.9573 	EXP 	window1: blendMode = 'avg'
9.9745 	EXP 	window1: blendMode = 'avg'
9.9910 	EXP 	window1: blendMode = 'avg'
10.0075 	EXP 	window1: blendMode = 'avg'
10.0235 	EXP 	window1: blendMode = 'avg'
10.0407 	EXP 	window1: blendMode = 'avg'
10.0574 	EXP 	window1: blendMode = 'avg'
10.0750 	EXP 	window1: blendMode = 'avg'
10.0913 	EXP 	window1: blendMode = 'avg'
10.1073 	EXP 	window1: blendMode = 'avg'
10.1242 	EXP 	window1: blendMode = 'avg'
10.1408 	EXP 	window1: blendMode = 'avg'
10.1575 	EXP 	window1: blendMode = 'avg'
10.1742 	EXP 	window1: blendMode = 'avg'
10.1909 	EXP 	window1: blendMode = 'avg'
10.2078 	EXP 	window1: blendMode = 'avg'
10.2237 	EXP 	window1: blendMode = 'avg'
10.2403 	EXP 	window1: blendMode = 'avg'
10.2567 	EXP 	window1: blendMode = 'avg'
10.2733 	EXP 	window1: blendMode = 'avg'
10.2910 	EXP 	window1: blendMode = 'avg'
10.3077 	EXP 	window1: blendMode = 'avg'
10.3243 	EXP 	window1: blendMode = 'avg'
10.3410 	EXP 	window1: blendMode = 'avg'
10.3577 	EXP 	window1: blendMode = 'avg'
10.3744 	EXP 	window1: blendMode = 'avg'
10.4157 	DEBUG 	Read excel file with pandas: Extra_Stimuli//practice_order_WHI_schema.xlsx
10.4186 	EXP 	Imported Extra_Stimuli//practice_order_WHI_schema.xlsx as conditions, 9 conditions, 5 params
10.4197 	EXP 	Created sequence: random, trialTypes=9, nReps=1, seed=None
10.4211 	EXP 	New trial (rep=0, index=0): {'Stimulus_Practice': u'ahead_schema_1_WHI.jpg', 'Direction': u'ahead', 'Number': 1, 'Background': u'_WHI', 'Format': u'schema'}
10.4695 	EXP 	window1: blendMode = 'avg'
10.4893 	EXP 	text_2: autoDraw = False
10.4893 	EXP 	image: image = u'Extra_Stimuli//ahead_schema_1_WHI.jpg'
10.4893 	EXP 	text_9: autoDraw = True
10.4893 	EXP 	image: autoDraw = True
10.4898 	EXP 	window1: blendMode = 'avg'
10.5066 	EXP 	window1: blendMode = 'avg'
10.5237 	EXP 	window1: blendMode = 'avg'
10.5407 	EXP 	window1: blendMode = 'avg'
10.5571 	EXP 	window1: blendMode = 'avg'
10.5741 	EXP 	window1: blendMode = 'avg'
10.5899 	EXP 	window1: blendMode = 'avg'
10.6066 	EXP 	window1: blendMode = 'avg'
10.6242 	EXP 	window1: blendMode = 'avg'
10.6405 	EXP 	window1: blendMode = 'avg'
10.6572 	EXP 	window1: blendMode = 'avg'
10.6742 	EXP 	window1: blendMode = 'avg'
10.6906 	EXP 	window1: blendMode = 'avg'
10.7075 	EXP 	window1: blendMode = 'avg'
10.7241 	EXP 	window1: blendMode = 'avg'
10.7408 	EXP 	window1: blendMode = 'avg'
10.7573 	EXP 	window1: blendMode = 'avg'
10.7741 	DATA 	Keypress: f
10.7768 	EXP 	New trial (rep=0, index=1): {'Stimulus_Practice': u'left_schema_2_WHI.jpg', 'Direction': u'left', 'Number': 2, 'Background': u'_WHI', 'Format': u'schema'}
10.8262 	EXP 	window1: blendMode = 'avg'
10.8396 	EXP 	text_9: autoDraw = False
10.8396 	EXP 	image: autoDraw = False
10.8396 	EXP 	image: image = u'Extra_Stimuli//left_schema_2_WHI.jpg'
10.8396 	EXP 	text_9: autoDraw = True
10.8396 	EXP 	image: autoDraw = True
10.8401 	EXP 	window1: blendMode = 'avg'
10.8567 	EXP 	window1: blendMode = 'avg'
10.8738 	EXP 	window1: blendMode = 'avg'
10.8906 	DATA 	Keypress: j
10.8929 	EXP 	New trial (rep=0, index=2): {'Stimulus_Practice': u'ahead_schema_3_WHI.jpg', 'Direction': u'ahead', 'Number': 3, 'Background': u'_WHI', 'Format': u'schema'}
10.9341 	EXP 	window1: blendMode = 'avg'
10.9566 	EXP 	text_9: autoDraw = False
10.9566 	EXP 	image: autoDraw = False
10.9566 	EXP 	image: image = u'Extra_Stimuli//ahead_schema_3_WHI.jpg'
10.9566 	EXP 	text_9: autoDraw = True
10.9566 	EXP 	image: autoDraw = True
10.9569 	EXP 	window1: blendMode = 'avg'
10.9769 	EXP 	window1: blendMode = 'avg'
10.9909 	EXP 	window1: blendMode = 'avg'
11.0078 	DATA 	Keypress: f
11.0101 	EXP 	New trial (rep=0, index=3): {'Stimulus_Practice': u'ahead_schema_2_WHI.jpg', 'Direction': u'ahead', 'Number': 2, 'Background': u'_WHI', 'Format': u'schema'}
11.0495 	EXP 	window1: blendMode = 'avg'
11.0567 	EXP 	text_9: autoDraw = False
11.0567 	EXP 	image: autoDraw = False
11.0567 	EXP 	image: image = u'Extra_Stimuli//ahead_schema_2_WHI.jpg'
11.0567 	EXP 	text_9: autoDraw = True
11.0567 	EXP 	image: autoDraw = True
11.0572 	EXP 	window1: blendMode = 'avg'
11.0735 	EXP 	window1: blendMode = 'avg'
11.0911 	EXP 	window1: blendMode = 'avg'
11.1077 	EXP 	window1: blendMode = 'avg'
11.1244 	DATA 	Keypress: j
11.1268 	EXP 	New trial (rep=0, index=4): {'Stimulus_Practice': u'left_schema_1_WHI.jpg', 'Direction': u'left', 'Number': 1, 'Background': u'_WHI', 'Format': u'schema'}
11.1663 	EXP 	window1: blendMode = 'avg'
11.1734 	EXP 	text_9: autoDraw = False
11.1734 	EXP 	image: autoDraw = False
11.1734 	EXP 	image: image = u'Extra_Stimuli//left_schema_1_WHI.jpg'
11.1734 	EXP 	text_9: autoDraw = True
11.1734 	EXP 	image: autoDraw = True
11.1739 	EXP 	window1: blendMode = 'avg'
11.1902 	EXP 	window1: blendMode = 'avg'
11.2069 	DATA 	Keypress: f
11.2075 	EXP 	New trial (rep=0, index=5): {'Stimulus_Practice': u'left_schema_3_WHI.jpg', 'Direction': u'left', 'Number': 3, 'Background': u'_WHI', 'Format': u'schema'}
11.2419 	EXP 	window1: blendMode = 'avg'
11.2567 	EXP 	text_9: autoDraw = False
11.2567 	EXP 	image: autoDraw = False
11.2567 	EXP 	image: image = u'Extra_Stimuli//left_schema_3_WHI.jpg'
11.2567 	EXP 	text_9: autoDraw = True
11.2567 	EXP 	image: autoDraw = True
11.2570 	EXP 	window1: blendMode = 'avg'
11.2739 	EXP 	window1: blendMode = 'avg'
11.2907 	EXP 	window1: blendMode = 'avg'
11.3070 	EXP 	window1: blendMode = 'avg'
11.3236 	DATA 	Keypress: j
11.3242 	EXP 	New trial (rep=0, index=6): {'Stimulus_Practice': u'right_schema_1_WHI.jpg', 'Direction': u'right', 'Number': 1, 'Background': u'_WHI', 'Format': u'schema'}
11.3409 	EXP 	window1: blendMode = 'avg'
11.3568 	EXP 	text_9: autoDraw = False
11.3568 	EXP 	image: autoDraw = False
11.3568 	EXP 	image: image = u'Extra_Stimuli//right_schema_1_WHI.jpg'
11.3568 	EXP 	text_9: autoDraw = True
11.3568 	EXP 	image: autoDraw = True
11.3571 	EXP 	window1: blendMode = 'avg'
11.3737 	EXP 	window1: blendMode = 'avg'
11.3920 	EXP 	window1: blendMode = 'avg'
11.4079 	DATA 	Keypress: f
11.4101 	EXP 	New trial (rep=0, index=7): {'Stimulus_Practice': u'right_schema_2_WHI.jpg', 'Direction': u'right', 'Number': 2, 'Background': u'_WHI', 'Format': u'schema'}
11.4706 	EXP 	window1: blendMode = 'avg'
11.4903 	EXP 	text_9: autoDraw = False
11.4903 	EXP 	image: autoDraw = False
11.4903 	EXP 	image: image = u'Extra_Stimuli//right_schema_2_WHI.jpg'
11.4903 	EXP 	text_9: autoDraw = True
11.4903 	EXP 	image: autoDraw = True
11.4908 	EXP 	window1: blendMode = 'avg'
11.5076 	DATA 	Keypress: j
11.5086 	EXP 	New trial (rep=0, index=8): {'Stimulus_Practice': u'right_schema_3_WHI.jpg', 'Direction': u'right', 'Number': 3, 'Background': u'_WHI', 'Format': u'schema'}
11.5542 	EXP 	window1: blendMode = 'avg'
11.5737 	EXP 	text_9: autoDraw = False
11.5737 	EXP 	image: autoDraw = False
11.5737 	EXP 	image: image = u'Extra_Stimuli//right_schema_3_WHI.jpg'
11.5737 	EXP 	text_9: autoDraw = True
11.5737 	EXP 	image: autoDraw = True
11.5741 	EXP 	window1: blendMode = 'avg'
11.5910 	EXP 	window1: blendMode = 'avg'
11.6081 	DATA 	Keypress: f
11.6724 	EXP 	window1: blendMode = 'avg'
11.6907 	EXP 	text_9: autoDraw = False
11.6907 	EXP 	image: autoDraw = False
11.6907 	EXP 	text_2: autoDraw = True
11.6915 	EXP 	window1: blendMode = 'avg'
11.7083 	EXP 	window1: blendMode = 'avg'
11.7247 	EXP 	window1: blendMode = 'avg'
11.7414 	EXP 	window1: blendMode = 'avg'
11.7580 	EXP 	window1: blendMode = 'avg'
11.7747 	EXP 	window1: blendMode = 'avg'
11.7914 	EXP 	window1: blendMode = 'avg'
11.8079 	EXP 	window1: blendMode = 'avg'
11.8245 	EXP 	window1: blendMode = 'avg'
11.8416 	EXP 	window1: blendMode = 'avg'
11.8583 	EXP 	window1: blendMode = 'avg'
11.8759 	EXP 	window1: blendMode = 'avg'
11.8926 	EXP 	window1: blendMode = 'avg'
11.9092 	EXP 	window1: blendMode = 'avg'
11.9259 	EXP 	window1: blendMode = 'avg'
11.9427 	EXP 	window1: blendMode = 'avg'
11.9594 	EXP 	window1: blendMode = 'avg'
11.9760 	EXP 	window1: blendMode = 'avg'
11.9927 	EXP 	window1: blendMode = 'avg'
12.0094 	EXP 	window1: blendMode = 'avg'
12.0260 	EXP 	window1: blendMode = 'avg'
12.0427 	EXP 	window1: blendMode = 'avg'
12.0594 	EXP 	window1: blendMode = 'avg'
12.0761 	EXP 	window1: blendMode = 'avg'
12.0928 	EXP 	window1: blendMode = 'avg'
12.1095 	EXP 	window1: blendMode = 'avg'
12.1261 	EXP 	window1: blendMode = 'avg'
12.1428 	EXP 	window1: blendMode = 'avg'
12.1595 	EXP 	window1: blendMode = 'avg'
12.1762 	EXP 	window1: blendMode = 'avg'
12.1929 	EXP 	window1: blendMode = 'avg'
12.2085 	EXP 	window1: blendMode = 'avg'
12.2258 	EXP 	window1: blendMode = 'avg'
12.2421 	EXP 	window1: blendMode = 'avg'
12.2586 	EXP 	window1: blendMode = 'avg'
12.2754 	EXP 	window1: blendMode = 'avg'
12.2920 	EXP 	window1: blendMode = 'avg'
12.3088 	EXP 	window1: blendMode = 'avg'
12.3258 	EXP 	window1: blendMode = 'avg'
12.3420 	EXP 	window1: blendMode = 'avg'
12.3586 	EXP 	window1: blendMode = 'avg'
12.3750 	EXP 	window1: blendMode = 'avg'
12.3927 	EXP 	window1: blendMode = 'avg'
12.4094 	EXP 	window1: blendMode = 'avg'
12.4261 	EXP 	window1: blendMode = 'avg'
12.4429 	EXP 	window1: blendMode = 'avg'
12.4597 	EXP 	window1: blendMode = 'avg'
12.4768 	EXP 	window1: blendMode = 'avg'
12.4931 	EXP 	window1: blendMode = 'avg'
12.5096 	EXP 	window1: blendMode = 'avg'
12.5262 	EXP 	window1: blendMode = 'avg'
12.5429 	EXP 	window1: blendMode = 'avg'
12.5603 	EXP 	window1: blendMode = 'avg'
12.5767 	EXP 	window1: blendMode = 'avg'
12.5928 	EXP 	window1: blendMode = 'avg'
12.6094 	EXP 	window1: blendMode = 'avg'
12.6261 	EXP 	window1: blendMode = 'avg'
12.6428 	EXP 	window1: blendMode = 'avg'
12.6595 	EXP 	window1: blendMode = 'avg'
12.6761 	EXP 	window1: blendMode = 'avg'
12.6937 	EXP 	window1: blendMode = 'avg'
12.7104 	EXP 	window1: blendMode = 'avg'
12.7280 	EXP 	window1: blendMode = 'avg'
12.7436 	EXP 	window1: blendMode = 'avg'
12.7604 	EXP 	window1: blendMode = 'avg'
12.7769 	EXP 	window1: blendMode = 'avg'
12.7936 	EXP 	window1: blendMode = 'avg'
12.8103 	EXP 	window1: blendMode = 'avg'
12.8269 	EXP 	window1: blendMode = 'avg'
12.8435 	EXP 	window1: blendMode = 'avg'
12.8603 	EXP 	window1: blendMode = 'avg'
12.8771 	EXP 	window1: blendMode = 'avg'
12.8930 	EXP 	window1: blendMode = 'avg'
12.9099 	EXP 	window1: blendMode = 'avg'
12.9260 	EXP 	window1: blendMode = 'avg'
12.9429 	EXP 	window1: blendMode = 'avg'
12.9604 	EXP 	window1: blendMode = 'avg'
12.9770 	EXP 	window1: blendMode = 'avg'
12.9936 	EXP 	window1: blendMode = 'avg'
13.0104 	EXP 	window1: blendMode = 'avg'
13.0271 	EXP 	window1: blendMode = 'avg'
13.0438 	EXP 	window1: blendMode = 'avg'
13.0604 	EXP 	window1: blendMode = 'avg'
13.0771 	EXP 	window1: blendMode = 'avg'
13.0939 	EXP 	window1: blendMode = 'avg'
13.1105 	EXP 	window1: blendMode = 'avg'
13.1272 	EXP 	window1: blendMode = 'avg'
13.1439 	EXP 	window1: blendMode = 'avg'
13.1606 	EXP 	window1: blendMode = 'avg'
13.1777 	EXP 	window1: blendMode = 'avg'
13.1939 	EXP 	window1: blendMode = 'avg'
13.2108 	EXP 	window1: blendMode = 'avg'
13.2263 	EXP 	window1: blendMode = 'avg'
13.2431 	EXP 	window1: blendMode = 'avg'
13.2596 	EXP 	window1: blendMode = 'avg'
13.2761 	EXP 	window1: blendMode = 'avg'
13.2933 	EXP 	window1: blendMode = 'avg'
13.3101 	EXP 	window1: blendMode = 'avg'
13.3269 	EXP 	window1: blendMode = 'avg'
13.3435 	EXP 	window1: blendMode = 'avg'
13.3602 	EXP 	window1: blendMode = 'avg'
13.3768 	EXP 	window1: blendMode = 'avg'
13.3935 	EXP 	window1: blendMode = 'avg'
13.4108 	EXP 	window1: blendMode = 'avg'
13.4279 	EXP 	window1: blendMode = 'avg'
13.4443 	EXP 	window1: blendMode = 'avg'
13.4613 	EXP 	window1: blendMode = 'avg'
13.4776 	EXP 	window1: blendMode = 'avg'
13.4943 	EXP 	window1: blendMode = 'avg'
13.5109 	EXP 	window1: blendMode = 'avg'
13.5281 	EXP 	window1: blendMode = 'avg'
13.5442 	EXP 	window1: blendMode = 'avg'
13.5609 	EXP 	window1: blendMode = 'avg'
13.5778 	EXP 	window1: blendMode = 'avg'
13.5937 	EXP 	window1: blendMode = 'avg'
13.6109 	EXP 	window1: blendMode = 'avg'
13.6279 	EXP 	window1: blendMode = 'avg'
13.6444 	EXP 	window1: blendMode = 'avg'
13.6610 	EXP 	window1: blendMode = 'avg'
13.6813 	EXP 	window1: blendMode = 'avg'
13.6945 	EXP 	window1: blendMode = 'avg'
13.7108 	EXP 	window1: blendMode = 'avg'
13.7278 	EXP 	window1: blendMode = 'avg'
13.7445 	EXP 	window1: blendMode = 'avg'
13.7612 	EXP 	window1: blendMode = 'avg'
13.7804 	EXP 	window1: blendMode = 'avg'
13.7938 	EXP 	window1: blendMode = 'avg'
13.8103 	EXP 	window1: blendMode = 'avg'
13.8267 	EXP 	window1: blendMode = 'avg'
13.8439 	EXP 	window1: blendMode = 'avg'
13.8603 	EXP 	window1: blendMode = 'avg'
13.8769 	EXP 	window1: blendMode = 'avg'
13.8935 	EXP 	window1: blendMode = 'avg'
13.9103 	EXP 	window1: blendMode = 'avg'
13.9272 	EXP 	window1: blendMode = 'avg'
13.9436 	EXP 	window1: blendMode = 'avg'
13.9604 	EXP 	window1: blendMode = 'avg'
13.9772 	EXP 	window1: blendMode = 'avg'
13.9947 	EXP 	window1: blendMode = 'avg'
14.0111 	EXP 	window1: blendMode = 'avg'
14.0278 	EXP 	window1: blendMode = 'avg'
14.0446 	EXP 	window1: blendMode = 'avg'
14.0611 	EXP 	window1: blendMode = 'avg'
14.0778 	EXP 	window1: blendMode = 'avg'
14.0944 	EXP 	window1: blendMode = 'avg'
14.1113 	EXP 	window1: blendMode = 'avg'
14.1279 	EXP 	window1: blendMode = 'avg'
14.1447 	EXP 	window1: blendMode = 'avg'
14.1607 	EXP 	window1: blendMode = 'avg'
14.1775 	EXP 	window1: blendMode = 'avg'
14.1939 	EXP 	window1: blendMode = 'avg'
14.2116 	EXP 	window1: blendMode = 'avg'
14.2284 	EXP 	window1: blendMode = 'avg'
14.2449 	EXP 	window1: blendMode = 'avg'
14.2617 	EXP 	window1: blendMode = 'avg'
14.2780 	EXP 	window1: blendMode = 'avg'
14.2946 	EXP 	window1: blendMode = 'avg'
14.3108 	EXP 	window1: blendMode = 'avg'
14.3275 	EXP 	window1: blendMode = 'avg'
14.3442 	EXP 	window1: blendMode = 'avg'
14.3609 	EXP 	window1: blendMode = 'avg'
14.3776 	EXP 	window1: blendMode = 'avg'
14.3940 	EXP 	window1: blendMode = 'avg'
14.4105 	EXP 	window1: blendMode = 'avg'
14.4286 	EXP 	window1: blendMode = 'avg'
14.4456 	EXP 	window1: blendMode = 'avg'
14.4619 	EXP 	window1: blendMode = 'avg'
14.4785 	EXP 	window1: blendMode = 'avg'
14.4952 	EXP 	window1: blendMode = 'avg'
14.5120 	EXP 	window1: blendMode = 'avg'
14.5286 	EXP 	window1: blendMode = 'avg'
14.5452 	EXP 	window1: blendMode = 'avg'
14.5621 	EXP 	window1: blendMode = 'avg'
14.5786 	EXP 	window1: blendMode = 'avg'
14.5953 	EXP 	window1: blendMode = 'avg'
14.6339 	DEBUG 	Read excel file with pandas: Extra_Stimuli//practice_order_WHI_image.xlsx
14.6358 	EXP 	Imported Extra_Stimuli//practice_order_WHI_image.xlsx as conditions, 9 conditions, 5 params
14.6365 	EXP 	Created sequence: random, trialTypes=9, nReps=1, seed=None
14.6373 	EXP 	New trial (rep=0, index=0): {'Stimulus_Practice': u'ahead_image_2_WHI.jpg', 'Direction': u'ahead', 'Number': 2, 'Background': u'_WHI', 'Format': u'image'}
14.6749 	EXP 	window1: blendMode = 'avg'
14.6934 	EXP 	text_2: autoDraw = False
14.6934 	EXP 	image: image = u'Extra_Stimuli//ahead_image_2_WHI.jpg'
14.6934 	EXP 	text_9: autoDraw = True
14.6934 	EXP 	image: autoDraw = True
14.6937 	EXP 	window1: blendMode = 'avg'
14.7103 	EXP 	window1: blendMode = 'avg'
14.7282 	EXP 	window1: blendMode = 'avg'
14.7447 	EXP 	window1: blendMode = 'avg'
14.7614 	EXP 	window1: blendMode = 'avg'
14.7783 	EXP 	window1: blendMode = 'avg'
14.7947 	EXP 	window1: blendMode = 'avg'
14.8114 	EXP 	window1: blendMode = 'avg'
14.8283 	EXP 	window1: blendMode = 'avg'
14.8448 	EXP 	window1: blendMode = 'avg'
14.8617 	EXP 	window1: blendMode = 'avg'
14.8781 	EXP 	window1: blendMode = 'avg'
14.8949 	EXP 	window1: blendMode = 'avg'
14.9118 	EXP 	window1: blendMode = 'avg'
14.9282 	EXP 	window1: blendMode = 'avg'
14.9452 	EXP 	window1: blendMode = 'avg'
14.9616 	EXP 	window1: blendMode = 'avg'
14.9783 	EXP 	window1: blendMode = 'avg'
14.9952 	EXP 	window1: blendMode = 'avg'
15.0116 	EXP 	window1: blendMode = 'avg'
15.0286 	EXP 	window1: blendMode = 'avg'
15.0450 	EXP 	window1: blendMode = 'avg'
15.0617 	EXP 	window1: blendMode = 'avg'
15.0785 	EXP 	window1: blendMode = 'avg'
15.0950 	EXP 	window1: blendMode = 'avg'
15.1120 	EXP 	window1: blendMode = 'avg'
15.1284 	EXP 	window1: blendMode = 'avg'
15.1451 	EXP 	window1: blendMode = 'avg'
15.1620 	EXP 	window1: blendMode = 'avg'
15.1784 	EXP 	window1: blendMode = 'avg'
15.1954 	EXP 	window1: blendMode = 'avg'
15.2119 	EXP 	window1: blendMode = 'avg'
15.2285 	EXP 	window1: blendMode = 'avg'
15.2454 	EXP 	window1: blendMode = 'avg'
15.2619 	EXP 	window1: blendMode = 'avg'
15.2788 	EXP 	window1: blendMode = 'avg'
15.2952 	EXP 	window1: blendMode = 'avg'
15.3120 	EXP 	window1: blendMode = 'avg'
15.3289 	EXP 	window1: blendMode = 'avg'
15.3453 	EXP 	window1: blendMode = 'avg'
15.3622 	EXP 	window1: blendMode = 'avg'
15.3786 	EXP 	window1: blendMode = 'avg'
15.3957 	EXP 	window1: blendMode = 'avg'
15.4121 	EXP 	window1: blendMode = 'avg'
15.4294 	EXP 	window1: blendMode = 'avg'
15.4452 	EXP 	window1: blendMode = 'avg'
15.4617 	EXP 	window1: blendMode = 'avg'
15.4785 	EXP 	window1: blendMode = 'avg'
15.4949 	EXP 	window1: blendMode = 'avg'
15.5121 	EXP 	window1: blendMode = 'avg'
15.5294 	EXP 	window1: blendMode = 'avg'
15.5455 	EXP 	window1: blendMode = 'avg'
15.5625 	EXP 	window1: blendMode = 'avg'
15.5789 	EXP 	window1: blendMode = 'avg'
15.5955 	EXP 	window1: blendMode = 'avg'
15.6126 	EXP 	window1: blendMode = 'avg'
15.6288 	EXP 	window1: blendMode = 'avg'
15.6459 	EXP 	window1: blendMode = 'avg'
15.6625 	EXP 	window1: blendMode = 'avg'
15.6790 	EXP 	window1: blendMode = 'avg'
15.6954 	EXP 	window1: blendMode = 'avg'
15.7123 	EXP 	window1: blendMode = 'avg'
15.7293 	EXP 	window1: blendMode = 'avg'
15.7457 	EXP 	window1: blendMode = 'avg'
15.7627 	EXP 	window1: blendMode = 'avg'
15.7807 	EXP 	window1: blendMode = 'avg'
15.7960 	EXP 	window1: blendMode = 'avg'
15.8124 	EXP 	window1: blendMode = 'avg'
15.8294 	EXP 	window1: blendMode = 'avg'
15.8459 	EXP 	window1: blendMode = 'avg'
15.8628 	EXP 	window1: blendMode = 'avg'
15.8791 	EXP 	window1: blendMode = 'avg'
15.8962 	EXP 	window1: blendMode = 'avg'
15.9126 	EXP 	window1: blendMode = 'avg'
15.9295 	EXP 	window1: blendMode = 'avg'
15.9459 	EXP 	window1: blendMode = 'avg'
15.9626 	EXP 	window1: blendMode = 'avg'
15.9795 	EXP 	window1: blendMode = 'avg'
15.9960 	EXP 	window1: blendMode = 'avg'
16.0131 	EXP 	window1: blendMode = 'avg'
16.0293 	EXP 	window1: blendMode = 'avg'
16.0465 	EXP 	window1: blendMode = 'avg'
16.0629 	EXP 	window1: blendMode = 'avg'
16.0793 	EXP 	window1: blendMode = 'avg'
16.0963 	EXP 	window1: blendMode = 'avg'
16.1127 	EXP 	window1: blendMode = 'avg'
16.1296 	DATA 	Keypress: escape
