3.9164 	INFO 	Loaded monitor calibration from ['2015_02_18 17:00']
4.7718 	EXP 	Created window1 = Window(allowGUI=False, allowStencil=False, autoLog=True, bitsMode=UNKNOWN, blendMode='avg', color=array([ 0.4,  0.4,  0.4]), colorSpace='rgb', fullscr=UNKNOWN, gamma=None, lms=UNKNOWN, monitor=<psychopy.monitors.calibTools.Monitor object at 0x08BF35F0>, multiSample=False, name='window1', numSamples=2, pos=[0, 0], screen=0, size=array([1920, 1080]), stereo=False, units=u'norm', useFBO=True, useRetina=False, viewOri=0.0, viewPos=None, viewScale=None, waitBlanking=True, winType='pyglet')
4.7718 	EXP 	window1: recordFrameIntervals = False
4.9377 	EXP 	window1: recordFrameIntervals = True
5.1219 	DEBUG 	Screen (0) actual frame rate measured at 59.92
5.1220 	EXP 	window1: recordFrameIntervals = False
5.2714 	EXP 	Created text_4 = TextStim(alignHoriz='center', alignVert='center', antialias=True, autoLog=True, bold=False, color='black', colorSpace='named', contrast=1.0, depth=0.0, flipHoriz=False, flipVert=False, font='Arial', fontFiles=[], height=0.1, italic=False, name='text_4', opacity=1.0, ori=0, pos=array([ 0.,  0.]), rgb=array([ 0.,  0.,  0.]), text=unicode(...), units=u'norm', win=Window(...), wrapWidth=1.5)
5.2719 	EXP 	Created text_6 = TextStim(alignHoriz='center', alignVert='center', antialias=True, autoLog=True, bold=False, color='black', colorSpace='named', contrast=1.0, depth=0.0, flipHoriz=False, flipVert=False, font='Arial', fontFiles=[], height=0.1, italic=False, name='text_6', opacity=1.0, ori=0, pos=array([ 0.,  0.]), rgb=array([ 0.,  0.,  0.]), text='', units=u'norm', win=Window(...), wrapWidth=1.5)
5.2724 	EXP 	Created text_9 = TextStim(alignHoriz='center', alignVert='center', antialias=True, autoLog=True, bold=False, color='black', colorSpace='named', contrast=1.0, depth=-1.0, flipHoriz=False, flipVert=False, font='Arial', fontFiles=[], height=0.1, italic=False, name='text_9', opacity=1.0, ori=0, pos=array([ 0. , -0.6]), rgb=array([ 0.,  0.,  0.]), text='', units=u'norm', win=Window(...), wrapWidth=1)
5.2744 	EXP 	Created image = ImageStim(autoLog=True, color=array([ 1.,  1.,  1.]), colorSpace='rgb', contrast=1.0, depth=-2.0, flipHoriz=False, flipVert=False, image='sin', interpolate=True, mask=None, maskParams=None, name='image', opacity=1.0, ori=0.0, pos=array([ 0.,  0.]), size=array([ 0.83333333,  1.48148148]), texRes=128, units=u'norm', win=Window(...))
5.8076 	EXP 	Created text_2 = TextStim(alignHoriz='center', alignVert='center', antialias=True, autoLog=True, bold=False, color=u'black', colorSpace='named', contrast=1.0, depth=0.0, flipHoriz=False, flipVert=False, font=u'Arial', fontFiles=[], height=2, italic=False, name='text_2', opacity=1.0, ori=0, pos=array([ 0.,  0.]), rgb=array([ 0.,  0.,  0.]), text=u'"+"', units=u'norm', win=Window(...), wrapWidth=1)
5.8082 	EXP 	Created text_9 = TextStim(alignHoriz='center', alignVert='center', antialias=True, autoLog=True, bold=False, color='black', colorSpace='named', contrast=1.0, depth=-1.0, flipHoriz=False, flipVert=False, font='Arial', fontFiles=[], height=0.1, italic=False, name='text_9', opacity=1.0, ori=0, pos=array([ 0. , -0.6]), rgb=array([ 0.,  0.,  0.]), text='', units=u'norm', win=Window(...), wrapWidth=1)
5.8099 	EXP 	Created image = ImageStim(autoLog=True, color=array([ 1.,  1.,  1.]), colorSpace='rgb', contrast=1.0, depth=-2.0, flipHoriz=False, flipVert=False, image='sin', interpolate=True, mask=None, maskParams=None, name='image', opacity=1.0, ori=0.0, pos=array([ 0.,  0.]), size=array([ 0.83333333,  1.48148148]), texRes=128, units=u'norm', win=Window(...))
5.8121 	EXP 	Created text_2 = TextStim(alignHoriz='center', alignVert='center', antialias=True, autoLog=True, bold=False, color=u'black', colorSpace='named', contrast=1.0, depth=0.0, flipHoriz=False, flipVert=False, font=u'Arial', fontFiles=[], height=2, italic=False, name='text_2', opacity=1.0, ori=0, pos=array([ 0.,  0.]), rgb=array([ 0.,  0.,  0.]), text=u'"+"', units=u'norm', win=Window(...), wrapWidth=1)
5.8126 	EXP 	Created text_9 = TextStim(alignHoriz='center', alignVert='center', antialias=True, autoLog=True, bold=False, color='black', colorSpace='named', contrast=1.0, depth=-1.0, flipHoriz=False, flipVert=False, font='Arial', fontFiles=[], height=0.1, italic=False, name='text_9', opacity=1.0, ori=0, pos=array([ 0. , -0.6]), rgb=array([ 0.,  0.,  0.]), text='', units=u'norm', win=Window(...), wrapWidth=1)
5.8139 	EXP 	Created image = ImageStim(autoLog=True, color=array([ 1.,  1.,  1.]), colorSpace='rgb', contrast=1.0, depth=-2.0, flipHoriz=False, flipVert=False, image='sin', interpolate=True, mask=None, maskParams=None, name='image', opacity=1.0, ori=0.0, pos=array([ 0.,  0.]), size=array([ 0.83333333,  1.48148148]), texRes=128, units=u'norm', win=Window(...))
5.8332 	EXP 	Created text_10 = TextStim(alignHoriz='center', alignVert='center', antialias=True, autoLog=True, bold=False, color='black', colorSpace='named', contrast=1.0, depth=0.0, flipHoriz=False, flipVert=False, font='Arial', fontFiles=[], height=0.1, italic=False, name='text_10', opacity=1.0, ori=0, pos=array([ 0.,  0.]), rgb=array([ 0.,  0.,  0.]), text=unicode(...), units=u'norm', win=Window(...), wrapWidth=1)
5.8347 	EXP 	Created image_2 = ImageStim(autoLog=True, color=array([ 1.,  1.,  1.]), colorSpace='rgb', contrast=1.0, depth=-1.0, flipHoriz=False, flipVert=False, image='sin', interpolate=True, mask=None, maskParams=None, name='image_2', opacity=1.0, ori=0.0, pos=array([ 0.,  0.]), size=array([ 0.83333333,  1.48148148]), texRes=128, units=u'norm', win=Window(...))
5.8420 	EXP 	Created text = TextStim(alignHoriz='center', alignVert='center', antialias=True, autoLog=True, bold=False, color='black', colorSpace='named', contrast=1.0, depth=0.0, flipHoriz=False, flipVert=False, font='Arial', fontFiles=[], height=0.1, italic=False, name='text', opacity=1.0, ori=0, pos=array([ 0.,  0.]), rgb=array([ 0.,  0.,  0.]), text=unicode(...), units=u'norm', win=Window(...), wrapWidth=1)
5.8434 	EXP 	window1: blendMode = 'avg'
5.8550 	EXP 	text_4: autoDraw = True
5.8554 	EXP 	window1: blendMode = 'avg'
5.8719 	EXP 	window1: blendMode = 'avg'
5.8891 	EXP 	window1: blendMode = 'avg'
5.9059 	EXP 	window1: blendMode = 'avg'
5.9238 	EXP 	window1: blendMode = 'avg'
5.9403 	EXP 	window1: blendMode = 'avg'
5.9564 	EXP 	window1: blendMode = 'avg'
5.9732 	EXP 	window1: blendMode = 'avg'
5.9890 	EXP 	window1: blendMode = 'avg'
6.0071 	EXP 	window1: blendMode = 'avg'
6.0241 	EXP 	window1: blendMode = 'avg'
6.0404 	EXP 	window1: blendMode = 'avg'
6.0570 	EXP 	window1: blendMode = 'avg'
6.0737 	EXP 	window1: blendMode = 'avg'
6.0904 	EXP 	window1: blendMode = 'avg'
6.1061 	DATA 	Keypress: space
6.1076 	EXP 	Created sequence: random, trialTypes=1, nReps=2, seed=None
6.1086 	EXP 	New trial (rep=0, index=0): None
6.1862 	EXP 	window1: blendMode = 'avg'
6.1886 	EXP 	text_4: autoDraw = False
6.1886 	EXP 	text_6: text = "Let's try a few for practice. You'll see spatial directions one at a time on the screen. They will be either LEFT or RIGHT or AHEAD. Tell the experimenter if the spatial direction on the screen is the SAME or DIFFERENT from the spatial direction that you just saw."
6.1886 	EXP 	text_6: autoDraw = True
6.1890 	EXP 	window1: blendMode = 'avg'
6.2057 	EXP 	window1: blendMode = 'avg'
6.2232 	EXP 	window1: blendMode = 'avg'
6.2401 	EXP 	window1: blendMode = 'avg'
6.2561 	DATA 	Keypress: space
6.2897 	DEBUG 	Read excel file with pandas: Extra_Stimuli//practice_order_WHI_image.xlsx
6.2911 	EXP 	Imported Extra_Stimuli//practice_order_WHI_image.xlsx as conditions, 9 conditions, 5 params
6.2916 	EXP 	Created sequence: random, trialTypes=9, nReps=1, seed=None
6.2922 	EXP 	New trial (rep=0, index=0): {'Stimulus_Practice': u'ahead_image_1_WHI.jpg', 'Direction': u'ahead', 'Number': 1, 'Background': u'_WHI', 'Format': u'image'}
6.3194 	EXP 	window1: blendMode = 'avg'
6.3388 	EXP 	text_6: autoDraw = False
6.3388 	EXP 	image: image = u'Extra_Stimuli//ahead_image_1_WHI.jpg'
6.3388 	EXP 	text_9: autoDraw = True
6.3388 	EXP 	image: autoDraw = True
6.3390 	EXP 	window1: blendMode = 'avg'
6.3556 	EXP 	window1: blendMode = 'avg'
6.3735 	EXP 	window1: blendMode = 'avg'
6.3899 	EXP 	window1: blendMode = 'avg'
6.4066 	EXP 	window1: blendMode = 'avg'
6.4233 	EXP 	window1: blendMode = 'avg'
6.4400 	EXP 	window1: blendMode = 'avg'
6.4567 	EXP 	window1: blendMode = 'avg'
6.4733 	EXP 	window1: blendMode = 'avg'
6.4900 	EXP 	window1: blendMode = 'avg'
6.5067 	EXP 	window1: blendMode = 'avg'
6.5233 	DATA 	Keypress: f
6.5261 	EXP 	New trial (rep=0, index=1): {'Stimulus_Practice': u'right_image_2_WHI.jpg', 'Direction': u'right', 'Number': 2, 'Background': u'_WHI', 'Format': u'image'}
6.5794 	EXP 	window1: blendMode = 'avg'
6.5890 	EXP 	text_9: autoDraw = False
6.5890 	EXP 	image: autoDraw = False
6.5890 	EXP 	image: image = u'Extra_Stimuli//right_image_2_WHI.jpg'
6.5890 	EXP 	text_9: autoDraw = True
6.5890 	EXP 	image: autoDraw = True
6.5892 	EXP 	window1: blendMode = 'avg'
6.6059 	EXP 	window1: blendMode = 'avg'
6.6225 	EXP 	window1: blendMode = 'avg'
6.6400 	DATA 	Keypress: j
6.6422 	EXP 	New trial (rep=0, index=2): {'Stimulus_Practice': u'right_image_1_WHI.jpg', 'Direction': u'right', 'Number': 1, 'Background': u'_WHI', 'Format': u'image'}
6.6957 	EXP 	window1: blendMode = 'avg'
6.7057 	EXP 	text_9: autoDraw = False
6.7057 	EXP 	image: autoDraw = False
6.7057 	EXP 	image: image = u'Extra_Stimuli//right_image_1_WHI.jpg'
6.7057 	EXP 	text_9: autoDraw = True
6.7057 	EXP 	image: autoDraw = True
6.7059 	EXP 	window1: blendMode = 'avg'
6.7230 	DATA 	Keypress: f
6.7235 	EXP 	New trial (rep=0, index=3): {'Stimulus_Practice': u'left_image_3_WHI.jpg', 'Direction': u'left', 'Number': 3, 'Background': u'_WHI', 'Format': u'image'}
6.7621 	EXP 	window1: blendMode = 'avg'
6.7725 	EXP 	text_9: autoDraw = False
6.7725 	EXP 	image: autoDraw = False
6.7725 	EXP 	image: image = u'Extra_Stimuli//left_image_3_WHI.jpg'
6.7725 	EXP 	text_9: autoDraw = True
6.7725 	EXP 	image: autoDraw = True
6.7727 	EXP 	window1: blendMode = 'avg'
6.7893 	DATA 	Keypress: j
6.7898 	EXP 	New trial (rep=0, index=4): {'Stimulus_Practice': u'ahead_image_3_WHI.jpg', 'Direction': u'ahead', 'Number': 3, 'Background': u'_WHI', 'Format': u'image'}
6.8125 	EXP 	window1: blendMode = 'avg'
6.8225 	EXP 	text_9: autoDraw = False
6.8225 	EXP 	image: autoDraw = False
6.8225 	EXP 	image: image = u'Extra_Stimuli//ahead_image_3_WHI.jpg'
6.8225 	EXP 	text_9: autoDraw = True
6.8225 	EXP 	image: autoDraw = True
6.8228 	EXP 	window1: blendMode = 'avg'
6.8394 	EXP 	window1: blendMode = 'avg'
6.8565 	EXP 	window1: blendMode = 'avg'
6.8769 	DATA 	Keypress: f
6.8791 	EXP 	New trial (rep=0, index=5): {'Stimulus_Practice': u'right_image_3_WHI.jpg', 'Direction': u'right', 'Number': 3, 'Background': u'_WHI', 'Format': u'image'}
6.9340 	EXP 	window1: blendMode = 'avg'
6.9393 	EXP 	text_9: autoDraw = False
6.9393 	EXP 	image: autoDraw = False
6.9393 	EXP 	image: image = u'Extra_Stimuli//right_image_3_WHI.jpg'
6.9393 	EXP 	text_9: autoDraw = True
6.9393 	EXP 	image: autoDraw = True
6.9395 	EXP 	window1: blendMode = 'avg'
6.9562 	DATA 	Keypress: j
6.9567 	EXP 	New trial (rep=0, index=6): {'Stimulus_Practice': u'left_image_1_WHI.jpg', 'Direction': u'left', 'Number': 1, 'Background': u'_WHI', 'Format': u'image'}
7.0034 	EXP 	window1: blendMode = 'avg'
7.0231 	EXP 	text_9: autoDraw = False
7.0231 	EXP 	image: autoDraw = False
7.0231 	EXP 	image: image = u'Extra_Stimuli//left_image_1_WHI.jpg'
7.0231 	EXP 	text_9: autoDraw = True
7.0231 	EXP 	image: autoDraw = True
7.0234 	DATA 	Keypress: f
7.0243 	EXP 	New trial (rep=0, index=7): {'Stimulus_Practice': u'ahead_image_2_WHI.jpg', 'Direction': u'ahead', 'Number': 2, 'Background': u'_WHI', 'Format': u'image'}
7.0562 	EXP 	window1: blendMode = 'avg'
7.0730 	EXP 	text_9: autoDraw = False
7.0730 	EXP 	image: autoDraw = False
7.0730 	EXP 	image: image = u'Extra_Stimuli//ahead_image_2_WHI.jpg'
7.0730 	EXP 	text_9: autoDraw = True
7.0730 	EXP 	image: autoDraw = True
7.0733 	EXP 	window1: blendMode = 'avg'
7.0902 	EXP 	window1: blendMode = 'avg'
7.1070 	DATA 	Keypress: j
7.1081 	EXP 	New trial (rep=0, index=8): {'Stimulus_Practice': u'left_image_2_WHI.jpg', 'Direction': u'left', 'Number': 2, 'Background': u'_WHI', 'Format': u'image'}
7.1513 	EXP 	window1: blendMode = 'avg'
7.1734 	EXP 	text_9: autoDraw = False
7.1734 	EXP 	image: autoDraw = False
7.1734 	EXP 	image: image = u'Extra_Stimuli//left_image_2_WHI.jpg'
7.1734 	EXP 	text_9: autoDraw = True
7.1734 	EXP 	image: autoDraw = True
7.1736 	DATA 	Keypress: f
7.2436 	EXP 	window1: blendMode = 'avg'
7.2568 	EXP 	text_9: autoDraw = False
7.2568 	EXP 	image: autoDraw = False
7.2568 	EXP 	text_2: autoDraw = True
7.2575 	EXP 	window1: blendMode = 'avg'
7.2738 	EXP 	window1: blendMode = 'avg'
7.2909 	EXP 	window1: blendMode = 'avg'
7.3071 	EXP 	window1: blendMode = 'avg'
7.3236 	EXP 	window1: blendMode = 'avg'
7.3411 	EXP 	window1: blendMode = 'avg'
7.3584 	EXP 	window1: blendMode = 'avg'
7.3753 	EXP 	window1: blendMode = 'avg'
7.3917 	EXP 	window1: blendMode = 'avg'
7.4087 	EXP 	window1: blendMode = 'avg'
7.4251 	EXP 	window1: blendMode = 'avg'
7.4419 	EXP 	window1: blendMode = 'avg'
7.4587 	EXP 	window1: blendMode = 'avg'
7.4750 	EXP 	window1: blendMode = 'avg'
7.4921 	EXP 	window1: blendMode = 'avg'
7.5086 	EXP 	window1: blendMode = 'avg'
7.5255 	EXP 	window1: blendMode = 'avg'
7.5419 	EXP 	window1: blendMode = 'avg'
7.5586 	EXP 	window1: blendMode = 'avg'
7.5755 	EXP 	window1: blendMode = 'avg'
7.5920 	EXP 	window1: blendMode = 'avg'
7.6090 	EXP 	window1: blendMode = 'avg'
7.6253 	EXP 	window1: blendMode = 'avg'
7.6420 	EXP 	window1: blendMode = 'avg'
7.6596 	EXP 	window1: blendMode = 'avg'
7.6755 	EXP 	window1: blendMode = 'avg'
7.6920 	EXP 	window1: blendMode = 'avg'
7.7091 	EXP 	window1: blendMode = 'avg'
7.7259 	EXP 	window1: blendMode = 'avg'
7.7421 	EXP 	window1: blendMode = 'avg'
7.7578 	EXP 	window1: blendMode = 'avg'
7.7750 	EXP 	window1: blendMode = 'avg'
7.7912 	EXP 	window1: blendMode = 'avg'
7.8084 	EXP 	window1: blendMode = 'avg'
7.8244 	EXP 	window1: blendMode = 'avg'
7.8415 	EXP 	window1: blendMode = 'avg'
7.8579 	EXP 	window1: blendMode = 'avg'
7.8790 	EXP 	window1: blendMode = 'avg'
7.8910 	EXP 	window1: blendMode = 'avg'
7.9086 	EXP 	window1: blendMode = 'avg'
7.9256 	EXP 	window1: blendMode = 'avg'
7.9423 	EXP 	window1: blendMode = 'avg'
7.9592 	EXP 	window1: blendMode = 'avg'
7.9758 	EXP 	window1: blendMode = 'avg'
7.9924 	EXP 	window1: blendMode = 'avg'
8.0096 	EXP 	window1: blendMode = 'avg'
8.0261 	EXP 	window1: blendMode = 'avg'
8.0430 	EXP 	window1: blendMode = 'avg'
8.0584 	EXP 	window1: blendMode = 'avg'
8.0751 	EXP 	window1: blendMode = 'avg'
8.0920 	EXP 	window1: blendMode = 'avg'
8.1085 	EXP 	window1: blendMode = 'avg'
8.1254 	EXP 	window1: blendMode = 'avg'
8.1418 	EXP 	window1: blendMode = 'avg'
8.1587 	EXP 	window1: blendMode = 'avg'
8.1759 	EXP 	window1: blendMode = 'avg'
8.1929 	EXP 	window1: blendMode = 'avg'
8.2100 	EXP 	window1: blendMode = 'avg'
8.2257 	EXP 	window1: blendMode = 'avg'
8.2421 	EXP 	window1: blendMode = 'avg'
8.2590 	EXP 	window1: blendMode = 'avg'
8.2754 	EXP 	window1: blendMode = 'avg'
8.2927 	EXP 	window1: blendMode = 'avg'
8.3101 	EXP 	window1: blendMode = 'avg'
8.3261 	EXP 	window1: blendMode = 'avg'
8.3428 	EXP 	window1: blendMode = 'avg'
8.3599 	EXP 	window1: blendMode = 'avg'
8.3761 	EXP 	window1: blendMode = 'avg'
8.3928 	EXP 	window1: blendMode = 'avg'
8.4099 	EXP 	window1: blendMode = 'avg'
8.4268 	EXP 	window1: blendMode = 'avg'
8.4431 	EXP 	window1: blendMode = 'avg'
8.4595 	EXP 	window1: blendMode = 'avg'
8.4766 	EXP 	window1: blendMode = 'avg'
8.4931 	EXP 	window1: blendMode = 'avg'
8.5097 	EXP 	window1: blendMode = 'avg'
8.5268 	EXP 	window1: blendMode = 'avg'
8.5430 	EXP 	window1: blendMode = 'avg'
8.5596 	EXP 	window1: blendMode = 'avg'
8.5769 	EXP 	window1: blendMode = 'avg'
8.5929 	EXP 	window1: blendMode = 'avg'
8.6103 	EXP 	window1: blendMode = 'avg'
8.6268 	EXP 	window1: blendMode = 'avg'
8.6434 	EXP 	window1: blendMode = 'avg'
8.6600 	EXP 	window1: blendMode = 'avg'
8.6765 	EXP 	window1: blendMode = 'avg'
8.6933 	EXP 	window1: blendMode = 'avg'
8.7102 	EXP 	window1: blendMode = 'avg'
8.7298 	EXP 	window1: blendMode = 'avg'
8.7436 	EXP 	window1: blendMode = 'avg'
8.7598 	EXP 	window1: blendMode = 'avg'
8.7768 	EXP 	window1: blendMode = 'avg'
8.7935 	EXP 	window1: blendMode = 'avg'
8.8101 	EXP 	window1: blendMode = 'avg'
8.8289 	EXP 	window1: blendMode = 'avg'
8.8437 	EXP 	window1: blendMode = 'avg'
8.8599 	EXP 	window1: blendMode = 'avg'
8.8770 	EXP 	window1: blendMode = 'avg'
8.8934 	EXP 	window1: blendMode = 'avg'
8.9099 	EXP 	window1: blendMode = 'avg'
8.9271 	EXP 	window1: blendMode = 'avg'
8.9438 	EXP 	window1: blendMode = 'avg'
8.9605 	EXP 	window1: blendMode = 'avg'
8.9761 	EXP 	window1: blendMode = 'avg'
8.9930 	EXP 	window1: blendMode = 'avg'
9.0094 	EXP 	window1: blendMode = 'avg'
9.0258 	EXP 	window1: blendMode = 'avg'
9.0424 	EXP 	window1: blendMode = 'avg'
9.0593 	EXP 	window1: blendMode = 'avg'
9.0755 	EXP 	window1: blendMode = 'avg'
9.0924 	EXP 	window1: blendMode = 'avg'
9.1093 	EXP 	window1: blendMode = 'avg'
9.1274 	EXP 	window1: blendMode = 'avg'
9.1439 	EXP 	window1: blendMode = 'avg'
9.1604 	EXP 	window1: blendMode = 'avg'
9.1772 	EXP 	window1: blendMode = 'avg'
9.1936 	EXP 	window1: blendMode = 'avg'
9.2102 	EXP 	window1: blendMode = 'avg'
9.2273 	EXP 	window1: blendMode = 'avg'
9.2437 	EXP 	window1: blendMode = 'avg'
9.2601 	EXP 	window1: blendMode = 'avg'
9.2765 	EXP 	window1: blendMode = 'avg'
9.2931 	EXP 	window1: blendMode = 'avg'
9.3106 	EXP 	window1: blendMode = 'avg'
9.3271 	EXP 	window1: blendMode = 'avg'
9.3440 	EXP 	window1: blendMode = 'avg'
9.3607 	EXP 	window1: blendMode = 'avg'
9.3776 	EXP 	window1: blendMode = 'avg'
9.3941 	EXP 	window1: blendMode = 'avg'
9.4106 	EXP 	window1: blendMode = 'avg'
9.4278 	EXP 	window1: blendMode = 'avg'
9.4438 	EXP 	window1: blendMode = 'avg'
9.4605 	EXP 	window1: blendMode = 'avg'
9.4774 	EXP 	window1: blendMode = 'avg'
9.4939 	EXP 	window1: blendMode = 'avg'
9.5108 	EXP 	window1: blendMode = 'avg'
9.5272 	EXP 	window1: blendMode = 'avg'
9.5444 	EXP 	window1: blendMode = 'avg'
9.5606 	EXP 	window1: blendMode = 'avg'
9.5773 	EXP 	window1: blendMode = 'avg'
9.5944 	EXP 	window1: blendMode = 'avg'
9.6100 	EXP 	window1: blendMode = 'avg'
9.6271 	EXP 	window1: blendMode = 'avg'
9.6431 	EXP 	window1: blendMode = 'avg'
9.6599 	EXP 	window1: blendMode = 'avg'
9.6766 	EXP 	window1: blendMode = 'avg'
9.6930 	EXP 	window1: blendMode = 'avg'
9.7098 	EXP 	window1: blendMode = 'avg'
9.7278 	EXP 	window1: blendMode = 'avg'
9.7442 	EXP 	window1: blendMode = 'avg'
9.7609 	EXP 	window1: blendMode = 'avg'
9.7818 	EXP 	window1: blendMode = 'avg'
9.7946 	EXP 	window1: blendMode = 'avg'
9.8109 	EXP 	window1: blendMode = 'avg'
9.8277 	EXP 	window1: blendMode = 'avg'
9.8443 	EXP 	window1: blendMode = 'avg'
9.8609 	EXP 	window1: blendMode = 'avg'
9.8815 	EXP 	window1: blendMode = 'avg'
9.8943 	EXP 	window1: blendMode = 'avg'
9.9109 	EXP 	window1: blendMode = 'avg'
9.9279 	EXP 	window1: blendMode = 'avg'
9.9443 	EXP 	window1: blendMode = 'avg'
9.9614 	EXP 	window1: blendMode = 'avg'
9.9777 	EXP 	window1: blendMode = 'avg'
9.9945 	EXP 	window1: blendMode = 'avg'
10.0122 	EXP 	window1: blendMode = 'avg'
10.0278 	EXP 	window1: blendMode = 'avg'
10.0445 	EXP 	window1: blendMode = 'avg'
10.0614 	EXP 	window1: blendMode = 'avg'
10.0779 	EXP 	window1: blendMode = 'avg'
10.0947 	EXP 	window1: blendMode = 'avg'
10.1113 	EXP 	window1: blendMode = 'avg'
10.1282 	EXP 	window1: blendMode = 'avg'
10.1447 	EXP 	window1: blendMode = 'avg'
10.1614 	EXP 	window1: blendMode = 'avg'
10.1933 	DEBUG 	Read excel file with pandas: Extra_Stimuli//practice_order_WHI_word.xlsx
10.1952 	EXP 	Imported Extra_Stimuli//practice_order_WHI_word.xlsx as conditions, 9 conditions, 5 params
10.1960 	EXP 	Created sequence: random, trialTypes=9, nReps=1, seed=None
10.1969 	EXP 	New trial (rep=0, index=0): {'Stimulus_Practice': u'right_word_1_WHI.jpg', 'Direction': u'right', 'Number': 1, 'Background': u'_WHI', 'Format': u'word'}
10.2186 	EXP 	window1: blendMode = 'avg'
10.2262 	EXP 	text_2: autoDraw = False
10.2262 	EXP 	image: image = u'Extra_Stimuli//right_word_1_WHI.jpg'
10.2262 	EXP 	text_9: autoDraw = True
10.2262 	EXP 	image: autoDraw = True
10.2266 	EXP 	window1: blendMode = 'avg'
10.2434 	EXP 	window1: blendMode = 'avg'
10.2603 	EXP 	window1: blendMode = 'avg'
10.2767 	EXP 	window1: blendMode = 'avg'
10.2933 	EXP 	window1: blendMode = 'avg'
10.3109 	EXP 	window1: blendMode = 'avg'
10.3275 	EXP 	window1: blendMode = 'avg'
10.3445 	EXP 	window1: blendMode = 'avg'
10.3608 	EXP 	window1: blendMode = 'avg'
10.3776 	EXP 	window1: blendMode = 'avg'
10.3947 	EXP 	window1: blendMode = 'avg'
10.4110 	EXP 	window1: blendMode = 'avg'
10.4276 	EXP 	window1: blendMode = 'avg'
10.4445 	EXP 	window1: blendMode = 'avg'
10.4609 	EXP 	window1: blendMode = 'avg'
10.4779 	EXP 	window1: blendMode = 'avg'
10.4943 	EXP 	window1: blendMode = 'avg'
10.5113 	EXP 	window1: blendMode = 'avg'
10.5277 	EXP 	window1: blendMode = 'avg'
10.5444 	EXP 	window1: blendMode = 'avg'
10.5613 	EXP 	window1: blendMode = 'avg'
10.5773 	EXP 	window1: blendMode = 'avg'
10.5943 	EXP 	window1: blendMode = 'avg'
10.6110 	EXP 	window1: blendMode = 'avg'
10.6274 	EXP 	window1: blendMode = 'avg'
10.6444 	EXP 	window1: blendMode = 'avg'
10.6607 	EXP 	window1: blendMode = 'avg'
10.6775 	EXP 	window1: blendMode = 'avg'
10.6944 	EXP 	window1: blendMode = 'avg'
10.7107 	EXP 	window1: blendMode = 'avg'
10.7281 	EXP 	window1: blendMode = 'avg'
10.7450 	EXP 	window1: blendMode = 'avg'
10.7612 	EXP 	window1: blendMode = 'avg'
10.7775 	EXP 	window1: blendMode = 'avg'
10.7939 	EXP 	window1: blendMode = 'avg'
10.8109 	EXP 	window1: blendMode = 'avg'
10.8276 	EXP 	window1: blendMode = 'avg'
10.8443 	EXP 	window1: blendMode = 'avg'
10.8613 	EXP 	window1: blendMode = 'avg'
10.8777 	EXP 	window1: blendMode = 'avg'
10.8941 	EXP 	window1: blendMode = 'avg'
10.9109 	EXP 	window1: blendMode = 'avg'
10.9277 	EXP 	window1: blendMode = 'avg'
10.9439 	EXP 	window1: blendMode = 'avg'
10.9617 	EXP 	window1: blendMode = 'avg'
10.9782 	EXP 	window1: blendMode = 'avg'
10.9947 	DATA 	Keypress: escape
3.6647 	INFO 	Loaded monitor calibration from ['2015_02_18 17:00']
4.4115 	DATA 	Keypress: f
4.4788 	EXP 	Created window1 = Window(allowGUI=False, allowStencil=False, autoLog=True, bitsMode=UNKNOWN, blendMode='avg', color=array([ 0.4,  0.4,  0.4]), colorSpace='rgb', fullscr=UNKNOWN, gamma=None, lms=UNKNOWN, monitor=<psychopy.monitors.calibTools.Monitor object at 0x0893D5F0>, multiSample=False, name='window1', numSamples=2, pos=[0, 0], screen=0, size=array([1920, 1080]), stereo=False, units=u'norm', useFBO=True, useRetina=False, viewOri=0.0, viewPos=None, viewScale=None, waitBlanking=True, winType='pyglet')
4.4790 	EXP 	window1: recordFrameIntervals = False
4.6437 	EXP 	window1: recordFrameIntervals = True
4.8272 	DEBUG 	Screen (0) actual frame rate measured at 60.03
4.8273 	EXP 	window1: recordFrameIntervals = False
4.9625 	EXP 	Created text_4 = TextStim(alignHoriz='center', alignVert='center', antialias=True, autoLog=True, bold=False, color='black', colorSpace='named', contrast=1.0, depth=0.0, flipHoriz=False, flipVert=False, font='Arial', fontFiles=[], height=0.1, italic=False, name='text_4', opacity=1.0, ori=0, pos=array([ 0.,  0.]), rgb=array([ 0.,  0.,  0.]), text=unicode(...), units=u'norm', win=Window(...), wrapWidth=1.5)
4.9630 	EXP 	Created text_6 = TextStim(alignHoriz='center', alignVert='center', antialias=True, autoLog=True, bold=False, color='black', colorSpace='named', contrast=1.0, depth=0.0, flipHoriz=False, flipVert=False, font='Arial', fontFiles=[], height=0.1, italic=False, name='text_6', opacity=1.0, ori=0, pos=array([ 0.,  0.]), rgb=array([ 0.,  0.,  0.]), text='', units=u'norm', win=Window(...), wrapWidth=1.5)
4.9636 	EXP 	Created text_9 = TextStim(alignHoriz='center', alignVert='center', antialias=True, autoLog=True, bold=False, color='black', colorSpace='named', contrast=1.0, depth=-1.0, flipHoriz=False, flipVert=False, font='Arial', fontFiles=[], height=0.1, italic=False, name='text_9', opacity=1.0, ori=0, pos=array([ 0. , -0.6]), rgb=array([ 0.,  0.,  0.]), text='', units=u'norm', win=Window(...), wrapWidth=1)
4.9657 	EXP 	Created image = ImageStim(autoLog=True, color=array([ 1.,  1.,  1.]), colorSpace='rgb', contrast=1.0, depth=-2.0, flipHoriz=False, flipVert=False, image='sin', interpolate=True, mask=None, maskParams=None, name='image', opacity=1.0, ori=0.0, pos=array([ 0.,  0.]), size=array([ 0.83333333,  1.48148148]), texRes=128, units=u'norm', win=Window(...))
5.2524 	EXP 	Created text_2 = TextStim(alignHoriz='center', alignVert='center', antialias=True, autoLog=True, bold=False, color=u'black', colorSpace='named', contrast=1.0, depth=0.0, flipHoriz=False, flipVert=False, font=u'Arial', fontFiles=[], height=1, italic=False, name='text_2', opacity=1.0, ori=0, pos=array([ 0.,  0.]), rgb=array([ 0.,  0.,  0.]), text=u'"+"', units=u'norm', win=Window(...), wrapWidth=1)
5.2530 	EXP 	Created text_9 = TextStim(alignHoriz='center', alignVert='center', antialias=True, autoLog=True, bold=False, color='black', colorSpace='named', contrast=1.0, depth=-1.0, flipHoriz=False, flipVert=False, font='Arial', fontFiles=[], height=0.1, italic=False, name='text_9', opacity=1.0, ori=0, pos=array([ 0. , -0.6]), rgb=array([ 0.,  0.,  0.]), text='', units=u'norm', win=Window(...), wrapWidth=1)
5.2543 	EXP 	Created image = ImageStim(autoLog=True, color=array([ 1.,  1.,  1.]), colorSpace='rgb', contrast=1.0, depth=-2.0, flipHoriz=False, flipVert=False, image='sin', interpolate=True, mask=None, maskParams=None, name='image', opacity=1.0, ori=0.0, pos=array([ 0.,  0.]), size=array([ 0.83333333,  1.48148148]), texRes=128, units=u'norm', win=Window(...))
5.2566 	EXP 	Created text_2 = TextStim(alignHoriz='center', alignVert='center', antialias=True, autoLog=True, bold=False, color=u'black', colorSpace='named', contrast=1.0, depth=0.0, flipHoriz=False, flipVert=False, font=u'Arial', fontFiles=[], height=1, italic=False, name='text_2', opacity=1.0, ori=0, pos=array([ 0.,  0.]), rgb=array([ 0.,  0.,  0.]), text=u'"+"', units=u'norm', win=Window(...), wrapWidth=1)
5.2571 	EXP 	Created text_9 = TextStim(alignHoriz='center', alignVert='center', antialias=True, autoLog=True, bold=False, color='black', colorSpace='named', contrast=1.0, depth=-1.0, flipHoriz=False, flipVert=False, font='Arial', fontFiles=[], height=0.1, italic=False, name='text_9', opacity=1.0, ori=0, pos=array([ 0. , -0.6]), rgb=array([ 0.,  0.,  0.]), text='', units=u'norm', win=Window(...), wrapWidth=1)
5.2584 	EXP 	Created image = ImageStim(autoLog=True, color=array([ 1.,  1.,  1.]), colorSpace='rgb', contrast=1.0, depth=-2.0, flipHoriz=False, flipVert=False, image='sin', interpolate=True, mask=None, maskParams=None, name='image', opacity=1.0, ori=0.0, pos=array([ 0.,  0.]), size=array([ 0.83333333,  1.48148148]), texRes=128, units=u'norm', win=Window(...))
5.2774 	EXP 	Created text_10 = TextStim(alignHoriz='center', alignVert='center', antialias=True, autoLog=True, bold=False, color='black', colorSpace='named', contrast=1.0, depth=0.0, flipHoriz=False, flipVert=False, font='Arial', fontFiles=[], height=0.1, italic=False, name='text_10', opacity=1.0, ori=0, pos=array([ 0.,  0.]), rgb=array([ 0.,  0.,  0.]), text=unicode(...), units=u'norm', win=Window(...), wrapWidth=1)
5.2789 	EXP 	Created image_2 = ImageStim(autoLog=True, color=array([ 1.,  1.,  1.]), colorSpace='rgb', contrast=1.0, depth=-1.0, flipHoriz=False, flipVert=False, image='sin', interpolate=True, mask=None, maskParams=None, name='image_2', opacity=1.0, ori=0.0, pos=array([ 0.,  0.]), size=array([ 0.83333333,  1.48148148]), texRes=128, units=u'norm', win=Window(...))
5.2862 	EXP 	Created text = TextStim(alignHoriz='center', alignVert='center', antialias=True, autoLog=True, bold=False, color='black', colorSpace='named', contrast=1.0, depth=0.0, flipHoriz=False, flipVert=False, font='Arial', fontFiles=[], height=0.1, italic=False, name='text', opacity=1.0, ori=0, pos=array([ 0.,  0.]), rgb=array([ 0.,  0.,  0.]), text=unicode(...), units=u'norm', win=Window(...), wrapWidth=1)
5.2880 	EXP 	window1: blendMode = 'avg'
5.2939 	EXP 	text_4: autoDraw = True
5.2943 	EXP 	window1: blendMode = 'avg'
5.3109 	EXP 	window1: blendMode = 'avg'
5.3292 	EXP 	window1: blendMode = 'avg'
5.3459 	EXP 	window1: blendMode = 'avg'
5.3625 	EXP 	window1: blendMode = 'avg'
5.3801 	EXP 	window1: blendMode = 'avg'
5.3957 	EXP 	window1: blendMode = 'avg'
5.4125 	EXP 	window1: blendMode = 'avg'
5.4282 	DATA 	Keypress: f
5.4299 	EXP 	window1: blendMode = 'avg'
5.4452 	EXP 	window1: blendMode = 'avg'
5.4618 	EXP 	window1: blendMode = 'avg'
5.4793 	EXP 	window1: blendMode = 'avg'
5.4963 	EXP 	window1: blendMode = 'avg'
5.5126 	EXP 	window1: blendMode = 'avg'
5.5284 	DATA 	Keypress: j
5.5302 	EXP 	window1: blendMode = 'avg'
5.5460 	EXP 	window1: blendMode = 'avg'
5.5627 	EXP 	window1: blendMode = 'avg'
5.5794 	EXP 	window1: blendMode = 'avg'
5.5964 	EXP 	window1: blendMode = 'avg'
5.6117 	DATA 	Keypress: f
5.6133 	EXP 	window1: blendMode = 'avg'
5.6294 	EXP 	window1: blendMode = 'avg'
5.6464 	EXP 	window1: blendMode = 'avg'
5.6628 	EXP 	window1: blendMode = 'avg'
5.6794 	EXP 	window1: blendMode = 'avg'
5.6966 	EXP 	window1: blendMode = 'avg'
5.7128 	EXP 	window1: blendMode = 'avg'
5.7285 	DATA 	Keypress: j
5.7301 	EXP 	window1: blendMode = 'avg'
5.7462 	EXP 	window1: blendMode = 'avg'
5.7630 	EXP 	window1: blendMode = 'avg'
5.7796 	EXP 	window1: blendMode = 'avg'
5.7963 	EXP 	window1: blendMode = 'avg'
5.8122 	DATA 	Keypress: f
5.8138 	EXP 	window1: blendMode = 'avg'
5.8299 	EXP 	window1: blendMode = 'avg'
5.8464 	EXP 	window1: blendMode = 'avg'
5.8630 	EXP 	window1: blendMode = 'avg'
5.8802 	EXP 	window1: blendMode = 'avg'
5.8955 	EXP 	window1: blendMode = 'avg'
5.9121 	EXP 	window1: blendMode = 'avg'
5.9298 	EXP 	window1: blendMode = 'avg'
5.9464 	EXP 	window1: blendMode = 'avg'
5.9631 	EXP 	window1: blendMode = 'avg'
5.9798 	EXP 	window1: blendMode = 'avg'
5.9967 	EXP 	window1: blendMode = 'avg'
6.0133 	EXP 	window1: blendMode = 'avg'
6.0298 	EXP 	window1: blendMode = 'avg'
6.0465 	EXP 	window1: blendMode = 'avg'
6.0635 	EXP 	window1: blendMode = 'avg'
6.0802 	EXP 	window1: blendMode = 'avg'
6.0967 	EXP 	window1: blendMode = 'avg'
6.1133 	EXP 	window1: blendMode = 'avg'
6.1299 	EXP 	window1: blendMode = 'avg'
6.1466 	EXP 	window1: blendMode = 'avg'
6.1634 	EXP 	window1: blendMode = 'avg'
6.1800 	EXP 	window1: blendMode = 'avg'
6.1967 	EXP 	window1: blendMode = 'avg'
6.2134 	EXP 	window1: blendMode = 'avg'
6.2300 	EXP 	window1: blendMode = 'avg'
6.2468 	EXP 	window1: blendMode = 'avg'
6.2634 	EXP 	window1: blendMode = 'avg'
6.2791 	DATA 	Keypress: space
6.2808 	EXP 	Created sequence: random, trialTypes=1, nReps=2, seed=None
6.2818 	EXP 	New trial (rep=0, index=0): None
6.3588 	EXP 	window1: blendMode = 'avg'
6.3615 	EXP 	text_4: autoDraw = False
6.3615 	EXP 	text_6: text = "Let's try a few for practice. You'll see spatial directions one at a time on the screen. They will be either LEFT or RIGHT or AHEAD. Tell the experimenter if the spatial direction on the screen is the SAME or DIFFERENT from the spatial direction that you just saw."
6.3615 	EXP 	text_6: autoDraw = True
6.3619 	EXP 	window1: blendMode = 'avg'
6.3786 	EXP 	window1: blendMode = 'avg'
6.3953 	EXP 	window1: blendMode = 'avg'
6.4131 	EXP 	window1: blendMode = 'avg'
6.4297 	EXP 	window1: blendMode = 'avg'
6.4464 	EXP 	window1: blendMode = 'avg'
6.4624 	DATA 	Keypress: space
6.5021 	DEBUG 	Read excel file with pandas: Extra_Stimuli//practice_order_WHI_word.xlsx
6.5033 	EXP 	Imported Extra_Stimuli//practice_order_WHI_word.xlsx as conditions, 9 conditions, 5 params
6.5037 	EXP 	Created sequence: random, trialTypes=9, nReps=1, seed=None
6.5043 	EXP 	New trial (rep=0, index=0): {'Stimulus_Practice': u'right_word_1_WHI.jpg', 'Direction': u'right', 'Number': 1, 'Background': u'_WHI', 'Format': u'word'}
6.5286 	EXP 	window1: blendMode = 'avg'
6.5452 	EXP 	text_6: autoDraw = False
6.5452 	EXP 	image: image = u'Extra_Stimuli//right_word_1_WHI.jpg'
6.5452 	EXP 	text_9: autoDraw = True
6.5452 	EXP 	image: autoDraw = True
6.5455 	EXP 	window1: blendMode = 'avg'
6.5620 	EXP 	window1: blendMode = 'avg'
6.5787 	EXP 	window1: blendMode = 'avg'
6.5961 	EXP 	window1: blendMode = 'avg'
6.6129 	EXP 	window1: blendMode = 'avg'
6.6297 	EXP 	window1: blendMode = 'avg'
6.6463 	EXP 	window1: blendMode = 'avg'
6.6630 	EXP 	window1: blendMode = 'avg'
6.6797 	EXP 	window1: blendMode = 'avg'
6.6963 	EXP 	window1: blendMode = 'avg'
6.7130 	EXP 	window1: blendMode = 'avg'
6.7297 	EXP 	window1: blendMode = 'avg'
6.7463 	DATA 	Keypress: f
6.7491 	EXP 	New trial (rep=0, index=1): {'Stimulus_Practice': u'left_word_3_WHI.jpg', 'Direction': u'left', 'Number': 3, 'Background': u'_WHI', 'Format': u'word'}
6.8010 	EXP 	window1: blendMode = 'avg'
6.8121 	EXP 	text_9: autoDraw = False
6.8121 	EXP 	image: autoDraw = False
6.8121 	EXP 	image: image = u'Extra_Stimuli//left_word_3_WHI.jpg'
6.8121 	EXP 	text_9: autoDraw = True
6.8121 	EXP 	image: autoDraw = True
6.8125 	EXP 	window1: blendMode = 'avg'
6.8292 	EXP 	window1: blendMode = 'avg'
6.8457 	EXP 	window1: blendMode = 'avg'
6.8630 	DATA 	Keypress: j
6.8652 	EXP 	New trial (rep=0, index=2): {'Stimulus_Practice': u'left_word_2_WHI.jpg', 'Direction': u'left', 'Number': 2, 'Background': u'_WHI', 'Format': u'word'}
6.9044 	EXP 	window1: blendMode = 'avg'
6.9122 	EXP 	text_9: autoDraw = False
6.9122 	EXP 	image: autoDraw = False
6.9122 	EXP 	image: image = u'Extra_Stimuli//left_word_2_WHI.jpg'
6.9122 	EXP 	text_9: autoDraw = True
6.9122 	EXP 	image: autoDraw = True
6.9127 	EXP 	window1: blendMode = 'avg'
6.9291 	EXP 	window1: blendMode = 'avg'
6.9459 	EXP 	window1: blendMode = 'avg'
6.9628 	EXP 	window1: blendMode = 'avg'
6.9796 	EXP 	window1: blendMode = 'avg'
6.9963 	EXP 	window1: blendMode = 'avg'
7.0137 	EXP 	window1: blendMode = 'avg'
7.0305 	DATA 	Keypress: f
7.0328 	EXP 	New trial (rep=0, index=3): {'Stimulus_Practice': u'right_word_3_WHI.jpg', 'Direction': u'right', 'Number': 3, 'Background': u'_WHI', 'Format': u'word'}
7.0763 	DATA 	Keypress: j
7.0768 	EXP 	window1: blendMode = 'avg'
7.0960 	EXP 	text_9: autoDraw = False
7.0960 	EXP 	image: autoDraw = False
7.0960 	EXP 	image: image = u'Extra_Stimuli//right_word_3_WHI.jpg'
7.0960 	EXP 	text_9: autoDraw = True
7.0960 	EXP 	image: autoDraw = True
7.0965 	EXP 	window1: blendMode = 'avg'
7.1134 	EXP 	window1: blendMode = 'avg'
7.1304 	EXP 	window1: blendMode = 'avg'
7.1473 	EXP 	window1: blendMode = 'avg'
7.1638 	EXP 	window1: blendMode = 'avg'
7.1807 	EXP 	window1: blendMode = 'avg'
7.1971 	EXP 	window1: blendMode = 'avg'
7.2137 	EXP 	window1: blendMode = 'avg'
7.2307 	EXP 	window1: blendMode = 'avg'
7.2470 	DATA 	Keypress: j
7.2493 	EXP 	New trial (rep=0, index=4): {'Stimulus_Practice': u'right_word_2_WHI.jpg', 'Direction': u'right', 'Number': 2, 'Background': u'_WHI', 'Format': u'word'}
7.2908 	DATA 	Keypress: f
7.2914 	EXP 	window1: blendMode = 'avg'
7.3130 	EXP 	text_9: autoDraw = False
7.3130 	EXP 	image: autoDraw = False
7.3130 	EXP 	image: image = u'Extra_Stimuli//right_word_2_WHI.jpg'
7.3130 	EXP 	text_9: autoDraw = True
7.3130 	EXP 	image: autoDraw = True
7.3132 	EXP 	window1: blendMode = 'avg'
7.3297 	EXP 	window1: blendMode = 'avg'
7.3476 	EXP 	window1: blendMode = 'avg'
7.3640 	EXP 	window1: blendMode = 'avg'
7.3806 	EXP 	window1: blendMode = 'avg'
7.3976 	EXP 	window1: blendMode = 'avg'
7.4139 	DATA 	Keypress: j
7.4161 	EXP 	New trial (rep=0, index=5): {'Stimulus_Practice': u'left_word_1_WHI.jpg', 'Direction': u'left', 'Number': 1, 'Background': u'_WHI', 'Format': u'word'}
7.4640 	EXP 	window1: blendMode = 'avg'
7.4797 	EXP 	text_9: autoDraw = False
7.4797 	EXP 	image: autoDraw = False
7.4797 	EXP 	image: image = u'Extra_Stimuli//left_word_1_WHI.jpg'
7.4797 	EXP 	text_9: autoDraw = True
7.4797 	EXP 	image: autoDraw = True
7.4801 	EXP 	window1: blendMode = 'avg'
7.4969 	EXP 	window1: blendMode = 'avg'
7.5136 	DATA 	Keypress: f
7.5146 	EXP 	New trial (rep=0, index=6): {'Stimulus_Practice': u'ahead_word_2_WHI.jpg', 'Direction': u'ahead', 'Number': 2, 'Background': u'_WHI', 'Format': u'word'}
7.5399 	EXP 	window1: blendMode = 'avg'
7.5466 	EXP 	text_9: autoDraw = False
7.5466 	EXP 	image: autoDraw = False
7.5466 	EXP 	image: image = u'Extra_Stimuli//ahead_word_2_WHI.jpg'
7.5466 	EXP 	text_9: autoDraw = True
7.5466 	EXP 	image: autoDraw = True
7.5469 	EXP 	window1: blendMode = 'avg'
7.5633 	EXP 	window1: blendMode = 'avg'
7.5806 	EXP 	window1: blendMode = 'avg'
7.5969 	EXP 	window1: blendMode = 'avg'
7.6152 	DATA 	Keypress: j
7.6176 	EXP 	New trial (rep=0, index=7): {'Stimulus_Practice': u'ahead_word_1_WHI.jpg', 'Direction': u'ahead', 'Number': 1, 'Background': u'_WHI', 'Format': u'word'}
7.6611 	EXP 	window1: blendMode = 'avg'
7.6798 	EXP 	text_9: autoDraw = False
7.6798 	EXP 	image: autoDraw = False
7.6798 	EXP 	image: image = u'Extra_Stimuli//ahead_word_1_WHI.jpg'
7.6798 	EXP 	text_9: autoDraw = True
7.6798 	EXP 	image: autoDraw = True
7.6801 	EXP 	window1: blendMode = 'avg'
7.6977 	EXP 	window1: blendMode = 'avg'
7.7142 	DATA 	Keypress: f
7.7164 	EXP 	New trial (rep=0, index=8): {'Stimulus_Practice': u'ahead_word_3_WHI.jpg', 'Direction': u'ahead', 'Number': 3, 'Background': u'_WHI', 'Format': u'word'}
7.7638 	EXP 	window1: blendMode = 'avg'
7.7800 	EXP 	text_9: autoDraw = False
7.7800 	EXP 	image: autoDraw = False
7.7800 	EXP 	image: image = u'Extra_Stimuli//ahead_word_3_WHI.jpg'
7.7800 	EXP 	text_9: autoDraw = True
7.7800 	EXP 	image: autoDraw = True
7.7804 	EXP 	window1: blendMode = 'avg'
7.7970 	EXP 	window1: blendMode = 'avg'
7.8145 	EXP 	window1: blendMode = 'avg'
7.8311 	EXP 	window1: blendMode = 'avg'
7.8481 	EXP 	window1: blendMode = 'avg'
7.8644 	EXP 	window1: blendMode = 'avg'
7.8814 	EXP 	window1: blendMode = 'avg'
7.8979 	EXP 	window1: blendMode = 'avg'
7.9148 	EXP 	window1: blendMode = 'avg'
7.9312 	EXP 	window1: blendMode = 'avg'
7.9482 	EXP 	window1: blendMode = 'avg'
7.9643 	EXP 	window1: blendMode = 'avg'
7.9809 	EXP 	window1: blendMode = 'avg'
7.9975 	EXP 	window1: blendMode = 'avg'
8.0138 	EXP 	window1: blendMode = 'avg'
8.0313 	EXP 	window1: blendMode = 'avg'
8.0483 	EXP 	window1: blendMode = 'avg'
8.0649 	DATA 	Keypress: j
8.1295 	EXP 	window1: blendMode = 'avg'
8.1470 	EXP 	text_9: autoDraw = False
8.1470 	EXP 	image: autoDraw = False
8.1470 	EXP 	text_2: autoDraw = True
8.1478 	EXP 	window1: blendMode = 'avg'
8.1644 	EXP 	window1: blendMode = 'avg'
8.1813 	EXP 	window1: blendMode = 'avg'
8.1979 	EXP 	window1: blendMode = 'avg'
8.2142 	EXP 	window1: blendMode = 'avg'
8.2309 	EXP 	window1: blendMode = 'avg'
8.2478 	EXP 	window1: blendMode = 'avg'
8.2651 	EXP 	window1: blendMode = 'avg'
8.2823 	EXP 	window1: blendMode = 'avg'
8.2991 	EXP 	window1: blendMode = 'avg'
8.3157 	EXP 	window1: blendMode = 'avg'
8.3323 	EXP 	window1: blendMode = 'avg'
8.3491 	EXP 	window1: blendMode = 'avg'
8.3655 	EXP 	window1: blendMode = 'avg'
8.3825 	EXP 	window1: blendMode = 'avg'
8.3990 	EXP 	window1: blendMode = 'avg'
8.4158 	EXP 	window1: blendMode = 'avg'
8.4323 	EXP 	window1: blendMode = 'avg'
8.4492 	EXP 	window1: blendMode = 'avg'
8.4659 	EXP 	window1: blendMode = 'avg'
8.4824 	EXP 	window1: blendMode = 'avg'
8.4995 	EXP 	window1: blendMode = 'avg'
8.5152 	EXP 	window1: blendMode = 'avg'
8.5319 	EXP 	window1: blendMode = 'avg'
8.5486 	EXP 	window1: blendMode = 'avg'
8.5656 	EXP 	window1: blendMode = 'avg'
8.5827 	EXP 	window1: blendMode = 'avg'
8.6024 	EXP 	window1: blendMode = 'avg'
8.6166 	EXP 	window1: blendMode = 'avg'
8.6329 	EXP 	window1: blendMode = 'avg'
8.6495 	EXP 	window1: blendMode = 'avg'
8.6656 	EXP 	window1: blendMode = 'avg'
8.6819 	EXP 	window1: blendMode = 'avg'
8.6987 	EXP 	window1: blendMode = 'avg'
8.7151 	EXP 	window1: blendMode = 'avg'
8.7317 	EXP 	window1: blendMode = 'avg'
8.7483 	EXP 	window1: blendMode = 'avg'
8.7649 	EXP 	window1: blendMode = 'avg'
8.7825 	EXP 	window1: blendMode = 'avg'
8.7987 	EXP 	window1: blendMode = 'avg'
8.8151 	EXP 	window1: blendMode = 'avg'
8.8314 	EXP 	window1: blendMode = 'avg'
8.8498 	EXP 	window1: blendMode = 'avg'
8.8663 	EXP 	window1: blendMode = 'avg'
8.8829 	EXP 	window1: blendMode = 'avg'
8.8995 	EXP 	window1: blendMode = 'avg'
8.9164 	EXP 	window1: blendMode = 'avg'
8.9329 	EXP 	window1: blendMode = 'avg'
8.9497 	EXP 	window1: blendMode = 'avg'
8.9661 	EXP 	window1: blendMode = 'avg'
8.9831 	EXP 	window1: blendMode = 'avg'
8.9998 	EXP 	window1: blendMode = 'avg'
9.0157 	EXP 	window1: blendMode = 'avg'
9.0327 	EXP 	window1: blendMode = 'avg'
9.0493 	EXP 	window1: blendMode = 'avg'
9.0659 	EXP 	window1: blendMode = 'avg'
9.0830 	EXP 	window1: blendMode = 'avg'
9.1000 	EXP 	window1: blendMode = 'avg'
9.1166 	EXP 	window1: blendMode = 'avg'
9.1332 	EXP 	window1: blendMode = 'avg'
9.1498 	EXP 	window1: blendMode = 'avg'
9.1669 	EXP 	window1: blendMode = 'avg'
9.1831 	EXP 	window1: blendMode = 'avg'
9.1998 	EXP 	window1: blendMode = 'avg'
9.2170 	EXP 	window1: blendMode = 'avg'
9.2327 	EXP 	window1: blendMode = 'avg'
9.2495 	EXP 	window1: blendMode = 'avg'
9.2662 	EXP 	window1: blendMode = 'avg'
9.2828 	EXP 	window1: blendMode = 'avg'
9.3001 	EXP 	window1: blendMode = 'avg'
9.3165 	EXP 	window1: blendMode = 'avg'
9.3335 	EXP 	window1: blendMode = 'avg'
9.3501 	EXP 	window1: blendMode = 'avg'
9.3666 	EXP 	window1: blendMode = 'avg'
9.3835 	EXP 	window1: blendMode = 'avg'
9.4000 	EXP 	window1: blendMode = 'avg'
9.4169 	EXP 	window1: blendMode = 'avg'
9.4337 	EXP 	window1: blendMode = 'avg'
9.4501 	EXP 	window1: blendMode = 'avg'
9.4669 	EXP 	window1: blendMode = 'avg'
9.4833 	EXP 	window1: blendMode = 'avg'
9.5003 	EXP 	window1: blendMode = 'avg'
9.5173 	EXP 	window1: blendMode = 'avg'
9.5325 	EXP 	window1: blendMode = 'avg'
9.5495 	EXP 	window1: blendMode = 'avg'
9.5667 	EXP 	window1: blendMode = 'avg'
9.5841 	EXP 	window1: blendMode = 'avg'
9.6004 	EXP 	window1: blendMode = 'avg'
9.6170 	EXP 	window1: blendMode = 'avg'
9.6337 	EXP 	window1: blendMode = 'avg'
9.6502 	EXP 	window1: blendMode = 'avg'
9.6671 	EXP 	window1: blendMode = 'avg'
9.6835 	EXP 	window1: blendMode = 'avg'
9.7008 	EXP 	window1: blendMode = 'avg'
9.7171 	EXP 	window1: blendMode = 'avg'
9.7337 	EXP 	window1: blendMode = 'avg'
9.7506 	EXP 	window1: blendMode = 'avg'
9.7669 	EXP 	window1: blendMode = 'avg'
9.7839 	EXP 	window1: blendMode = 'avg'
9.8013 	EXP 	window1: blendMode = 'avg'
9.8171 	EXP 	window1: blendMode = 'avg'
9.8339 	EXP 	window1: blendMode = 'avg'
9.8505 	EXP 	window1: blendMode = 'avg'
9.8675 	EXP 	window1: blendMode = 'avg'
9.8842 	EXP 	window1: blendMode = 'avg'
9.9008 	EXP 	window1: blendMode = 'avg'
9.9167 	EXP 	window1: blendMode = 'avg'
9.9333 	EXP 	window1: blendMode = 'avg'
9.9502 	EXP 	window1: blendMode = 'avg'
9.9670 	EXP 	window1: blendMode = 'avg'
9.9839 	EXP 	window1: blendMode = 'avg'
10.0001 	EXP 	window1: blendMode = 'avg'
10.0167 	EXP 	window1: blendMode = 'avg'
10.0335 	EXP 	window1: blendMode = 'avg'
10.0508 	EXP 	window1: blendMode = 'avg'
10.0677 	EXP 	window1: blendMode = 'avg'
10.0841 	EXP 	window1: blendMode = 'avg'
10.1002 	EXP 	window1: blendMode = 'avg'
10.1167 	EXP 	window1: blendMode = 'avg'
10.1337 	EXP 	window1: blendMode = 'avg'
10.1503 	EXP 	window1: blendMode = 'avg'
10.1674 	EXP 	window1: blendMode = 'avg'
10.1843 	EXP 	window1: blendMode = 'avg'
10.2010 	EXP 	window1: blendMode = 'avg'
10.2174 	EXP 	window1: blendMode = 'avg'
10.2344 	EXP 	window1: blendMode = 'avg'
10.2509 	EXP 	window1: blendMode = 'avg'
10.2678 	EXP 	window1: blendMode = 'avg'
10.2845 	EXP 	window1: blendMode = 'avg'
10.3011 	EXP 	window1: blendMode = 'avg'
10.3176 	EXP 	window1: blendMode = 'avg'
10.3346 	EXP 	window1: blendMode = 'avg'
10.3513 	EXP 	window1: blendMode = 'avg'
10.3677 	EXP 	window1: blendMode = 'avg'
10.3845 	EXP 	window1: blendMode = 'avg'
10.4010 	EXP 	window1: blendMode = 'avg'
10.4178 	EXP 	window1: blendMode = 'avg'
10.4344 	EXP 	window1: blendMode = 'avg'
10.4512 	EXP 	window1: blendMode = 'avg'
10.4680 	EXP 	window1: blendMode = 'avg'
10.4842 	EXP 	window1: blendMode = 'avg'
10.5031 	EXP 	window1: blendMode = 'avg'
10.5169 	EXP 	window1: blendMode = 'avg'
10.5337 	EXP 	window1: blendMode = 'avg'
10.5503 	EXP 	window1: blendMode = 'avg'
10.5671 	EXP 	window1: blendMode = 'avg'
10.5836 	EXP 	window1: blendMode = 'avg'
10.6004 	EXP 	window1: blendMode = 'avg'
10.6170 	EXP 	window1: blendMode = 'avg'
10.6341 	EXP 	window1: blendMode = 'avg'
10.6502 	EXP 	window1: blendMode = 'avg'
10.6668 	EXP 	window1: blendMode = 'avg'
10.6835 	EXP 	window1: blendMode = 'avg'
10.7009 	EXP 	window1: blendMode = 'avg'
10.7178 	EXP 	window1: blendMode = 'avg'
10.7345 	EXP 	window1: blendMode = 'avg'
10.7513 	EXP 	window1: blendMode = 'avg'
10.7677 	EXP 	window1: blendMode = 'avg'
10.7851 	EXP 	window1: blendMode = 'avg'
10.8015 	EXP 	window1: blendMode = 'avg'
10.8183 	EXP 	window1: blendMode = 'avg'
10.8350 	EXP 	window1: blendMode = 'avg'
10.8515 	EXP 	window1: blendMode = 'avg'
10.8683 	EXP 	window1: blendMode = 'avg'
10.8848 	EXP 	window1: blendMode = 'avg'
10.9017 	EXP 	window1: blendMode = 'avg'
10.9184 	EXP 	window1: blendMode = 'avg'
10.9350 	EXP 	window1: blendMode = 'avg'
10.9517 	EXP 	window1: blendMode = 'avg'
10.9683 	EXP 	window1: blendMode = 'avg'
10.9853 	EXP 	window1: blendMode = 'avg'
11.0022 	EXP 	window1: blendMode = 'avg'
11.0184 	EXP 	window1: blendMode = 'avg'
11.0353 	EXP 	window1: blendMode = 'avg'
11.0519 	EXP 	window1: blendMode = 'avg'
11.0887 	DEBUG 	Read excel file with pandas: Extra_Stimuli//practice_order_WHI_schema.xlsx
11.0903 	EXP 	Imported Extra_Stimuli//practice_order_WHI_schema.xlsx as conditions, 9 conditions, 5 params
11.0909 	EXP 	Created sequence: random, trialTypes=9, nReps=1, seed=None
11.0917 	EXP 	New trial (rep=0, index=0): {'Stimulus_Practice': u'left_schema_1_WHI.jpg', 'Direction': u'left', 'Number': 1, 'Background': u'_WHI', 'Format': u'schema'}
11.1201 	EXP 	window1: blendMode = 'avg'
11.1333 	EXP 	text_2: autoDraw = False
11.1333 	EXP 	image: image = u'Extra_Stimuli//left_schema_1_WHI.jpg'
11.1333 	EXP 	text_9: autoDraw = True
11.1333 	EXP 	image: autoDraw = True
11.1336 	EXP 	window1: blendMode = 'avg'
11.1503 	EXP 	window1: blendMode = 'avg'
11.1672 	EXP 	window1: blendMode = 'avg'
11.1845 	EXP 	window1: blendMode = 'avg'
11.2015 	EXP 	window1: blendMode = 'avg'
11.2179 	EXP 	window1: blendMode = 'avg'
11.2349 	EXP 	window1: blendMode = 'avg'
11.2513 	EXP 	window1: blendMode = 'avg'
11.2680 	EXP 	window1: blendMode = 'avg'
11.2848 	EXP 	window1: blendMode = 'avg'
11.3013 	EXP 	window1: blendMode = 'avg'
11.3180 	EXP 	window1: blendMode = 'avg'
11.3349 	EXP 	window1: blendMode = 'avg'
11.3514 	EXP 	window1: blendMode = 'avg'
11.3683 	EXP 	window1: blendMode = 'avg'
11.3848 	EXP 	window1: blendMode = 'avg'
11.4014 	EXP 	window1: blendMode = 'avg'
11.4184 	EXP 	window1: blendMode = 'avg'
11.4347 	DATA 	Keypress: escape
