3.4311 	INFO 	Loaded monitor calibration from ['2015_02_18 17:00']
4.2858 	EXP 	Created window1 = Window(allowGUI=False, allowStencil=False, autoLog=True, bitsMode=UNKNOWN, blendMode='avg', color=array([ 0.4,  0.4,  0.4]), colorSpace='rgb', fullscr=UNKNOWN, gamma=None, lms=UNKNOWN, monitor=<psychopy.monitors.calibTools.Monitor object at 0x0870F0B0>, multiSample=False, name='window1', numSamples=2, pos=[0, 0], screen=0, size=array([1920, 1080]), stereo=False, units=u'norm', useFBO=True, useRetina=False, viewOri=0.0, viewPos=None, viewScale=None, waitBlanking=True, winType='pyglet')
4.2859 	EXP 	window1: recordFrameIntervals = False
4.4509 	EXP 	window1: recordFrameIntervals = True
4.6347 	DEBUG 	Screen (0) actual frame rate measured at 60.04
4.6348 	EXP 	window1: recordFrameIntervals = False
4.8157 	EXP 	Created text_4 = TextStim(alignHoriz='center', alignVert='center', antialias=True, autoLog=True, bold=False, color='black', colorSpace='named', contrast=1.0, depth=0.0, flipHoriz=False, flipVert=False, font='Arial', fontFiles=[], height=0.1, italic=False, name='text_4', opacity=1.0, ori=0, pos=array([ 0.,  0.]), rgb=array([ 0.,  0.,  0.]), text=unicode(...), units=u'norm', win=Window(...), wrapWidth=1.5)
4.8162 	EXP 	Created text_6 = TextStim(alignHoriz='center', alignVert='center', antialias=True, autoLog=True, bold=False, color='black', colorSpace='named', contrast=1.0, depth=0.0, flipHoriz=False, flipVert=False, font='Arial', fontFiles=[], height=0.1, italic=False, name='text_6', opacity=1.0, ori=0, pos=array([ 0.,  0.]), rgb=array([ 0.,  0.,  0.]), text='', units=u'norm', win=Window(...), wrapWidth=1.5)
4.8167 	EXP 	Created text_9 = TextStim(alignHoriz='center', alignVert='center', antialias=True, autoLog=True, bold=False, color='black', colorSpace='named', contrast=1.0, depth=-1.0, flipHoriz=False, flipVert=False, font='Arial', fontFiles=[], height=0.1, italic=False, name='text_9', opacity=1.0, ori=0, pos=array([ 0. , -0.6]), rgb=array([ 0.,  0.,  0.]), text='', units=u'norm', win=Window(...), wrapWidth=1)
4.8187 	EXP 	Created image = ImageStim(autoLog=True, color=array([ 1.,  1.,  1.]), colorSpace='rgb', contrast=1.0, depth=-2.0, flipHoriz=False, flipVert=False, image='sin', interpolate=True, mask=None, maskParams=None, name='image', opacity=1.0, ori=0.0, pos=array([ 0.,  0.]), size=array([ 0.83333333,  1.48148148]), texRes=128, units=u'norm', win=Window(...))
5.2790 	EXP 	Created text_2 = TextStim(alignHoriz='center', alignVert='center', antialias=True, autoLog=True, bold=False, color=u'black', colorSpace='named', contrast=1.0, depth=0.0, flipHoriz=False, flipVert=False, font=u'Arial', fontFiles=[], height=2, italic=False, name='text_2', opacity=1.0, ori=0, pos=array([ 0.,  0.]), rgb=array([ 0.,  0.,  0.]), text=u'+', units=u'norm', win=Window(...), wrapWidth=1)
5.2984 	EXP 	Created text_10 = TextStim(alignHoriz='center', alignVert='center', antialias=True, autoLog=True, bold=False, color='black', colorSpace='named', contrast=1.0, depth=0.0, flipHoriz=False, flipVert=False, font='Arial', fontFiles=[], height=0.1, italic=False, name='text_10', opacity=1.0, ori=0, pos=array([ 0.,  0.]), rgb=array([ 0.,  0.,  0.]), text=unicode(...), units=u'norm', win=Window(...), wrapWidth=1)
5.2999 	EXP 	Created image_2 = ImageStim(autoLog=True, color=array([ 1.,  1.,  1.]), colorSpace='rgb', contrast=1.0, depth=-1.0, flipHoriz=False, flipVert=False, image='sin', interpolate=True, mask=None, maskParams=None, name='image_2', opacity=1.0, ori=0.0, pos=array([ 0.,  0.]), size=array([ 0.83333333,  1.48148148]), texRes=128, units=u'norm', win=Window(...))
5.3069 	EXP 	Created text = TextStim(alignHoriz='center', alignVert='center', antialias=True, autoLog=True, bold=False, color='black', colorSpace='named', contrast=1.0, depth=0.0, flipHoriz=False, flipVert=False, font='Arial', fontFiles=[], height=0.1, italic=False, name='text', opacity=1.0, ori=0, pos=array([ 0.,  0.]), rgb=array([ 0.,  0.,  0.]), text=unicode(...), units=u'norm', win=Window(...), wrapWidth=1)
5.3084 	EXP 	window1: blendMode = 'avg'
5.3182 	EXP 	text_4: autoDraw = True
5.3186 	EXP 	window1: blendMode = 'avg'
5.3358 	EXP 	window1: blendMode = 'avg'
5.3523 	EXP 	window1: blendMode = 'avg'
5.3691 	EXP 	window1: blendMode = 'avg'
5.3875 	EXP 	window1: blendMode = 'avg'
5.4033 	EXP 	window1: blendMode = 'avg'
5.4200 	EXP 	window1: blendMode = 'avg'
5.4367 	EXP 	window1: blendMode = 'avg'
5.4534 	EXP 	window1: blendMode = 'avg'
5.4701 	EXP 	window1: blendMode = 'avg'
5.4867 	EXP 	window1: blendMode = 'avg'
5.5034 	EXP 	window1: blendMode = 'avg'
5.5202 	EXP 	window1: blendMode = 'avg'
5.5371 	EXP 	window1: blendMode = 'avg'
5.5535 	EXP 	window1: blendMode = 'avg'
5.5693 	DATA 	Keypress: space
5.5708 	EXP 	Created sequence: random, trialTypes=1, nReps=2, seed=None
5.5717 	EXP 	New trial (rep=0, index=0): None
5.6580 	EXP 	window1: blendMode = 'avg'
5.6683 	EXP 	text_4: autoDraw = False
5.6683 	EXP 	text_6: text = "Let's try a few for practice. You'll see spatial directions one at a time on the screen. They will be either LEFT or RIGHT or AHEAD. Tell the experimenter if the spatial direction on the screen is the SAME or DIFFERENT from the spatial direction that you just saw."
5.6683 	EXP 	text_6: autoDraw = True
5.6687 	EXP 	window1: blendMode = 'avg'
5.6854 	EXP 	window1: blendMode = 'avg'
5.7036 	EXP 	window1: blendMode = 'avg'
5.7205 	EXP 	window1: blendMode = 'avg'
5.7371 	EXP 	window1: blendMode = 'avg'
5.7543 	EXP 	window1: blendMode = 'avg'
5.7699 	DATA 	Keypress: space
5.8203 	DEBUG 	Read excel file with pandas: Extra_Stimuli//practice_order_WHI_word.xlsx
5.8216 	EXP 	Imported Extra_Stimuli//practice_order_WHI_word.xlsx as conditions, 9 conditions, 5 params
5.8222 	EXP 	Created sequence: random, trialTypes=9, nReps=3, seed=None
5.8228 	EXP 	New trial (rep=0, index=0): {'Stimulus_Practice': u'right_word_3_WHI.jpg', 'Direction': u'right', 'Number': 3, 'Background': u'_WHI', 'Format': u'word'}
5.8491 	EXP 	window1: blendMode = 'avg'
5.8686 	EXP 	text_6: autoDraw = False
5.8686 	EXP 	image: image = u'Extra_Stimuli//right_word_3_WHI.jpg'
5.8686 	EXP 	text_9: autoDraw = True
5.8686 	EXP 	image: autoDraw = True
5.8690 	EXP 	window1: blendMode = 'avg'
5.8854 	EXP 	window1: blendMode = 'avg'
5.9022 	EXP 	window1: blendMode = 'avg'
5.9197 	EXP 	window1: blendMode = 'avg'
5.9365 	EXP 	window1: blendMode = 'avg'
5.9531 	EXP 	window1: blendMode = 'avg'
5.9698 	EXP 	window1: blendMode = 'avg'
5.9863 	DATA 	Keypress: f
5.9893 	EXP 	New trial (rep=0, index=1): {'Stimulus_Practice': u'left_word_3_WHI.jpg', 'Direction': u'left', 'Number': 3, 'Background': u'_WHI', 'Format': u'word'}
6.0346 	EXP 	window1: blendMode = 'avg'
6.0521 	EXP 	text_9: autoDraw = False
6.0521 	EXP 	image: autoDraw = False
6.0521 	EXP 	image: image = u'Extra_Stimuli//left_word_3_WHI.jpg'
6.0521 	EXP 	text_9: autoDraw = True
6.0521 	EXP 	image: autoDraw = True
6.0525 	EXP 	window1: blendMode = 'avg'
6.0692 	EXP 	window1: blendMode = 'avg'
6.0867 	EXP 	window1: blendMode = 'avg'
6.1033 	EXP 	window1: blendMode = 'avg'
6.1199 	EXP 	window1: blendMode = 'avg'
6.1366 	EXP 	window1: blendMode = 'avg'
6.1533 	EXP 	window1: blendMode = 'avg'
6.1698 	DATA 	Keypress: j
6.1721 	EXP 	New trial (rep=0, index=2): {'Stimulus_Practice': u'left_word_1_WHI.jpg', 'Direction': u'left', 'Number': 1, 'Background': u'_WHI', 'Format': u'word'}
6.2158 	EXP 	window1: blendMode = 'avg'
6.2356 	EXP 	text_9: autoDraw = False
6.2356 	EXP 	image: autoDraw = False
6.2356 	EXP 	image: image = u'Extra_Stimuli//left_word_1_WHI.jpg'
6.2356 	EXP 	text_9: autoDraw = True
6.2356 	EXP 	image: autoDraw = True
6.2361 	EXP 	window1: blendMode = 'avg'
6.2526 	EXP 	window1: blendMode = 'avg'
6.2692 	EXP 	window1: blendMode = 'avg'
6.2878 	EXP 	window1: blendMode = 'avg'
6.3030 	DATA 	Keypress: f
6.3050 	EXP 	New trial (rep=0, index=3): {'Stimulus_Practice': u'ahead_word_1_WHI.jpg', 'Direction': u'ahead', 'Number': 1, 'Background': u'_WHI', 'Format': u'word'}
6.3374 	EXP 	window1: blendMode = 'avg'
6.3525 	EXP 	text_9: autoDraw = False
6.3525 	EXP 	image: autoDraw = False
6.3525 	EXP 	image: image = u'Extra_Stimuli//ahead_word_1_WHI.jpg'
6.3525 	EXP 	text_9: autoDraw = True
6.3525 	EXP 	image: autoDraw = True
6.3528 	EXP 	window1: blendMode = 'avg'
6.3696 	EXP 	window1: blendMode = 'avg'
6.3869 	EXP 	window1: blendMode = 'avg'
6.4036 	EXP 	window1: blendMode = 'avg'
6.4203 	EXP 	window1: blendMode = 'avg'
6.4400 	EXP 	window1: blendMode = 'avg'
6.4536 	DATA 	Keypress: j
6.4558 	EXP 	New trial (rep=0, index=4): {'Stimulus_Practice': u'left_word_2_WHI.jpg', 'Direction': u'left', 'Number': 2, 'Background': u'_WHI', 'Format': u'word'}
6.4956 	EXP 	window1: blendMode = 'avg'
6.5026 	EXP 	text_9: autoDraw = False
6.5026 	EXP 	image: autoDraw = False
6.5026 	EXP 	image: image = u'Extra_Stimuli//left_word_2_WHI.jpg'
6.5026 	EXP 	text_9: autoDraw = True
6.5026 	EXP 	image: autoDraw = True
6.5031 	EXP 	window1: blendMode = 'avg'
6.5195 	EXP 	window1: blendMode = 'avg'
6.5363 	EXP 	window1: blendMode = 'avg'
6.5536 	DATA 	Keypress: f
6.5560 	EXP 	New trial (rep=0, index=5): {'Stimulus_Practice': u'ahead_word_2_WHI.jpg', 'Direction': u'ahead', 'Number': 2, 'Background': u'_WHI', 'Format': u'word'}
6.6045 	EXP 	window1: blendMode = 'avg'
6.6194 	EXP 	text_9: autoDraw = False
6.6194 	EXP 	image: autoDraw = False
6.6194 	EXP 	image: image = u'Extra_Stimuli//ahead_word_2_WHI.jpg'
6.6194 	EXP 	text_9: autoDraw = True
6.6194 	EXP 	image: autoDraw = True
6.6199 	EXP 	window1: blendMode = 'avg'
6.6364 	EXP 	window1: blendMode = 'avg'
6.6531 	EXP 	window1: blendMode = 'avg'
6.6703 	DATA 	Keypress: j
6.6726 	EXP 	New trial (rep=0, index=6): {'Stimulus_Practice': u'ahead_word_3_WHI.jpg', 'Direction': u'ahead', 'Number': 3, 'Background': u'_WHI', 'Format': u'word'}
6.7247 	EXP 	window1: blendMode = 'avg'
6.7362 	EXP 	text_9: autoDraw = False
6.7362 	EXP 	image: autoDraw = False
6.7362 	EXP 	image: image = u'Extra_Stimuli//ahead_word_3_WHI.jpg'
6.7362 	EXP 	text_9: autoDraw = True
6.7362 	EXP 	image: autoDraw = True
6.7367 	EXP 	window1: blendMode = 'avg'
6.7536 	EXP 	window1: blendMode = 'avg'
6.7700 	EXP 	window1: blendMode = 'avg'
6.7872 	DATA 	Keypress: f
6.7895 	EXP 	New trial (rep=0, index=7): {'Stimulus_Practice': u'right_word_2_WHI.jpg', 'Direction': u'right', 'Number': 2, 'Background': u'_WHI', 'Format': u'word'}
6.8407 	EXP 	window1: blendMode = 'avg'
6.8529 	EXP 	text_9: autoDraw = False
6.8529 	EXP 	image: autoDraw = False
6.8529 	EXP 	image: image = u'Extra_Stimuli//right_word_2_WHI.jpg'
6.8529 	EXP 	text_9: autoDraw = True
6.8529 	EXP 	image: autoDraw = True
6.8535 	EXP 	window1: blendMode = 'avg'
6.8700 	EXP 	window1: blendMode = 'avg'
6.8867 	EXP 	window1: blendMode = 'avg'
6.9040 	DATA 	Keypress: j
6.9064 	EXP 	New trial (rep=0, index=8): {'Stimulus_Practice': u'right_word_1_WHI.jpg', 'Direction': u'right', 'Number': 1, 'Background': u'_WHI', 'Format': u'word'}
6.9486 	EXP 	window1: blendMode = 'avg'
6.9697 	EXP 	text_9: autoDraw = False
6.9697 	EXP 	image: autoDraw = False
6.9697 	EXP 	image: image = u'Extra_Stimuli//right_word_1_WHI.jpg'
6.9697 	EXP 	text_9: autoDraw = True
6.9697 	EXP 	image: autoDraw = True
6.9700 	EXP 	window1: blendMode = 'avg'
6.9885 	EXP 	window1: blendMode = 'avg'
7.0043 	DATA 	Keypress: f
7.0069 	EXP 	New trial (rep=1, index=0): {'Stimulus_Practice': u'ahead_word_1_WHI.jpg', 'Direction': u'ahead', 'Number': 1, 'Background': u'_WHI', 'Format': u'word'}
7.0548 	EXP 	window1: blendMode = 'avg'
7.0700 	EXP 	text_9: autoDraw = False
7.0700 	EXP 	image: autoDraw = False
7.0700 	EXP 	image: image = u'Extra_Stimuli//ahead_word_1_WHI.jpg'
7.0700 	EXP 	text_9: autoDraw = True
7.0700 	EXP 	image: autoDraw = True
7.0704 	EXP 	window1: blendMode = 'avg'
7.0872 	EXP 	window1: blendMode = 'avg'
7.1045 	EXP 	window1: blendMode = 'avg'
7.1212 	EXP 	window1: blendMode = 'avg'
7.1382 	EXP 	window1: blendMode = 'avg'
7.1546 	EXP 	window1: blendMode = 'avg'
7.1712 	EXP 	window1: blendMode = 'avg'
7.1882 	EXP 	window1: blendMode = 'avg'
7.2046 	EXP 	window1: blendMode = 'avg'
7.2216 	EXP 	window1: blendMode = 'avg'
7.2380 	EXP 	window1: blendMode = 'avg'
7.2548 	EXP 	window1: blendMode = 'avg'
7.2716 	EXP 	window1: blendMode = 'avg'
7.2876 	EXP 	window1: blendMode = 'avg'
7.3043 	EXP 	window1: blendMode = 'avg'
7.3209 	EXP 	window1: blendMode = 'avg'
7.3415 	DATA 	Keypress: j
7.3423 	EXP 	New trial (rep=1, index=1): {'Stimulus_Practice': u'ahead_word_3_WHI.jpg', 'Direction': u'ahead', 'Number': 3, 'Background': u'_WHI', 'Format': u'word'}
7.3806 	EXP 	window1: blendMode = 'avg'
7.3871 	EXP 	text_9: autoDraw = False
7.3871 	EXP 	image: autoDraw = False
7.3871 	EXP 	image: image = u'Extra_Stimuli//ahead_word_3_WHI.jpg'
7.3871 	EXP 	text_9: autoDraw = True
7.3871 	EXP 	image: autoDraw = True
7.3874 	EXP 	window1: blendMode = 'avg'
7.4040 	EXP 	window1: blendMode = 'avg'
7.4211 	EXP 	window1: blendMode = 'avg'
7.4399 	EXP 	window1: blendMode = 'avg'
7.4552 	EXP 	window1: blendMode = 'avg'
7.4716 	EXP 	window1: blendMode = 'avg'
7.4885 	EXP 	window1: blendMode = 'avg'
7.5049 	EXP 	window1: blendMode = 'avg'
7.5219 	EXP 	window1: blendMode = 'avg'
7.5383 	EXP 	window1: blendMode = 'avg'
7.5553 	EXP 	window1: blendMode = 'avg'
7.5716 	EXP 	window1: blendMode = 'avg'
7.5884 	EXP 	window1: blendMode = 'avg'
7.6053 	EXP 	window1: blendMode = 'avg'
7.6220 	EXP 	window1: blendMode = 'avg'
7.6387 	EXP 	window1: blendMode = 'avg'
7.6551 	EXP 	window1: blendMode = 'avg'
7.6721 	EXP 	window1: blendMode = 'avg'
7.6885 	EXP 	window1: blendMode = 'avg'
7.7051 	DATA 	Keypress: f
7.7074 	EXP 	New trial (rep=1, index=2): {'Stimulus_Practice': u'left_word_2_WHI.jpg', 'Direction': u'left', 'Number': 2, 'Background': u'_WHI', 'Format': u'word'}
7.7562 	EXP 	window1: blendMode = 'avg'
7.7708 	EXP 	text_9: autoDraw = False
7.7708 	EXP 	image: autoDraw = False
7.7708 	EXP 	image: image = u'Extra_Stimuli//left_word_2_WHI.jpg'
7.7708 	EXP 	text_9: autoDraw = True
7.7708 	EXP 	image: autoDraw = True
7.7711 	EXP 	window1: blendMode = 'avg'
7.7877 	EXP 	window1: blendMode = 'avg'
7.8059 	EXP 	window1: blendMode = 'avg'
7.8219 	EXP 	window1: blendMode = 'avg'
7.8386 	EXP 	window1: blendMode = 'avg'
7.8555 	EXP 	window1: blendMode = 'avg'
7.8720 	EXP 	window1: blendMode = 'avg'
7.8889 	EXP 	window1: blendMode = 'avg'
7.9054 	EXP 	window1: blendMode = 'avg'
7.9218 	EXP 	window1: blendMode = 'avg'
7.9382 	EXP 	window1: blendMode = 'avg'
7.9554 	EXP 	window1: blendMode = 'avg'
7.9723 	EXP 	window1: blendMode = 'avg'
7.9888 	EXP 	window1: blendMode = 'avg'
8.0057 	EXP 	window1: blendMode = 'avg'
8.0221 	EXP 	window1: blendMode = 'avg'
8.0388 	EXP 	window1: blendMode = 'avg'
8.0556 	DATA 	Keypress: j
8.0580 	EXP 	New trial (rep=1, index=3): {'Stimulus_Practice': u'ahead_word_2_WHI.jpg', 'Direction': u'ahead', 'Number': 2, 'Background': u'_WHI', 'Format': u'word'}
8.1091 	EXP 	window1: blendMode = 'avg'
8.1212 	EXP 	text_9: autoDraw = False
8.1212 	EXP 	image: autoDraw = False
8.1212 	EXP 	image: image = u'Extra_Stimuli//ahead_word_2_WHI.jpg'
8.1212 	EXP 	text_9: autoDraw = True
8.1212 	EXP 	image: autoDraw = True
8.1218 	EXP 	window1: blendMode = 'avg'
8.1384 	EXP 	window1: blendMode = 'avg'
8.1558 	EXP 	window1: blendMode = 'avg'
8.1723 	EXP 	window1: blendMode = 'avg'
8.1890 	EXP 	window1: blendMode = 'avg'
8.2059 	EXP 	window1: blendMode = 'avg'
8.2225 	EXP 	window1: blendMode = 'avg'
8.2394 	EXP 	window1: blendMode = 'avg'
8.2557 	EXP 	window1: blendMode = 'avg'
8.2726 	EXP 	window1: blendMode = 'avg'
8.2904 	EXP 	window1: blendMode = 'avg'
8.3061 	EXP 	window1: blendMode = 'avg'
8.3223 	DATA 	Keypress: f
8.3248 	EXP 	New trial (rep=1, index=4): {'Stimulus_Practice': u'left_word_3_WHI.jpg', 'Direction': u'left', 'Number': 3, 'Background': u'_WHI', 'Format': u'word'}
8.3730 	EXP 	window1: blendMode = 'avg'
8.3880 	EXP 	text_9: autoDraw = False
8.3880 	EXP 	image: autoDraw = False
8.3880 	EXP 	image: image = u'Extra_Stimuli//left_word_3_WHI.jpg'
8.3880 	EXP 	text_9: autoDraw = True
8.3880 	EXP 	image: autoDraw = True
8.3885 	EXP 	window1: blendMode = 'avg'
8.4052 	EXP 	window1: blendMode = 'avg'
8.4220 	EXP 	window1: blendMode = 'avg'
8.4435 	EXP 	window1: blendMode = 'avg'
8.4562 	EXP 	window1: blendMode = 'avg'
8.4726 	EXP 	window1: blendMode = 'avg'
8.4897 	EXP 	window1: blendMode = 'avg'
8.5061 	EXP 	window1: blendMode = 'avg'
8.5223 	DATA 	Keypress: j
8.5237 	EXP 	New trial (rep=1, index=5): {'Stimulus_Practice': u'left_word_1_WHI.jpg', 'Direction': u'left', 'Number': 1, 'Background': u'_WHI', 'Format': u'word'}
8.5536 	EXP 	window1: blendMode = 'avg'
8.5716 	EXP 	text_9: autoDraw = False
8.5716 	EXP 	image: autoDraw = False
8.5716 	EXP 	image: image = u'Extra_Stimuli//left_word_1_WHI.jpg'
8.5716 	EXP 	text_9: autoDraw = True
8.5716 	EXP 	image: autoDraw = True
8.5720 	EXP 	window1: blendMode = 'avg'
8.5888 	EXP 	window1: blendMode = 'avg'
8.6055 	EXP 	window1: blendMode = 'avg'
8.6219 	EXP 	window1: blendMode = 'avg'
8.6395 	EXP 	window1: blendMode = 'avg'
8.6561 	EXP 	window1: blendMode = 'avg'
8.6728 	EXP 	window1: blendMode = 'avg'
8.6895 	DATA 	Keypress: f
8.6918 	EXP 	New trial (rep=1, index=6): {'Stimulus_Practice': u'right_word_3_WHI.jpg', 'Direction': u'right', 'Number': 3, 'Background': u'_WHI', 'Format': u'word'}
8.7355 	EXP 	window1: blendMode = 'avg'
8.7551 	EXP 	text_9: autoDraw = False
8.7551 	EXP 	image: autoDraw = False
8.7551 	EXP 	image: image = u'Extra_Stimuli//right_word_3_WHI.jpg'
8.7551 	EXP 	text_9: autoDraw = True
8.7551 	EXP 	image: autoDraw = True
8.7556 	EXP 	window1: blendMode = 'avg'
8.7723 	EXP 	window1: blendMode = 'avg'
8.7895 	EXP 	window1: blendMode = 'avg'
8.8065 	EXP 	window1: blendMode = 'avg'
8.8228 	DATA 	Keypress: j
8.8251 	EXP 	New trial (rep=1, index=7): {'Stimulus_Practice': u'right_word_1_WHI.jpg', 'Direction': u'right', 'Number': 1, 'Background': u'_WHI', 'Format': u'word'}
8.8680 	EXP 	window1: blendMode = 'avg'
8.8886 	EXP 	text_9: autoDraw = False
8.8886 	EXP 	image: autoDraw = False
8.8886 	EXP 	image: image = u'Extra_Stimuli//right_word_1_WHI.jpg'
8.8886 	EXP 	text_9: autoDraw = True
8.8886 	EXP 	image: autoDraw = True
8.8889 	EXP 	window1: blendMode = 'avg'
8.9059 	EXP 	window1: blendMode = 'avg'
8.9222 	EXP 	window1: blendMode = 'avg'
8.9397 	EXP 	window1: blendMode = 'avg'
8.9418 	DATA 	Keypress: f
8.9582 	EXP 	New trial (rep=1, index=8): {'Stimulus_Practice': u'right_word_2_WHI.jpg', 'Direction': u'right', 'Number': 2, 'Background': u'_WHI', 'Format': u'word'}
9.0050 	EXP 	window1: blendMode = 'avg'
9.0220 	EXP 	text_9: autoDraw = False
9.0220 	EXP 	image: autoDraw = False
9.0220 	EXP 	image: image = u'Extra_Stimuli//right_word_2_WHI.jpg'
9.0220 	EXP 	text_9: autoDraw = True
9.0220 	EXP 	image: autoDraw = True
9.0225 	EXP 	window1: blendMode = 'avg'
9.0393 	EXP 	window1: blendMode = 'avg'
9.0560 	DATA 	Keypress: j
9.0570 	EXP 	New trial (rep=2, index=0): {'Stimulus_Practice': u'right_word_1_WHI.jpg', 'Direction': u'right', 'Number': 1, 'Background': u'_WHI', 'Format': u'word'}
9.0831 	EXP 	window1: blendMode = 'avg'
9.1058 	EXP 	text_9: autoDraw = False
9.1058 	EXP 	image: autoDraw = False
9.1058 	EXP 	image: image = u'Extra_Stimuli//right_word_1_WHI.jpg'
9.1058 	EXP 	text_9: autoDraw = True
9.1058 	EXP 	image: autoDraw = True
9.1060 	EXP 	window1: blendMode = 'avg'
9.1232 	EXP 	window1: blendMode = 'avg'
9.1399 	EXP 	window1: blendMode = 'avg'
9.1571 	EXP 	window1: blendMode = 'avg'
9.1733 	EXP 	window1: blendMode = 'avg'
9.1908 	EXP 	window1: blendMode = 'avg'
9.2067 	EXP 	window1: blendMode = 'avg'
9.2233 	EXP 	window1: blendMode = 'avg'
9.2403 	EXP 	window1: blendMode = 'avg'
9.2567 	EXP 	window1: blendMode = 'avg'
9.2738 	EXP 	window1: blendMode = 'avg'
9.2900 	DATA 	Keypress: f
9.2923 	EXP 	New trial (rep=2, index=1): {'Stimulus_Practice': u'right_word_2_WHI.jpg', 'Direction': u'right', 'Number': 2, 'Background': u'_WHI', 'Format': u'word'}
9.4196 	DATA 	Keypress: j
9.4198 	EXP 	window1: blendMode = 'avg'
9.4391 	EXP 	text_9: autoDraw = False
9.4391 	EXP 	image: autoDraw = False
9.4391 	EXP 	image: image = u'Extra_Stimuli//right_word_2_WHI.jpg'
9.4391 	EXP 	text_9: autoDraw = True
9.4391 	EXP 	image: autoDraw = True
9.4393 	EXP 	window1: blendMode = 'avg'
9.4567 	EXP 	window1: blendMode = 'avg'
9.4731 	EXP 	window1: blendMode = 'avg'
9.4903 	EXP 	window1: blendMode = 'avg'
9.5076 	EXP 	window1: blendMode = 'avg'
9.5091 	DATA 	Keypress: f
9.5252 	EXP 	New trial (rep=2, index=2): {'Stimulus_Practice': u'ahead_word_3_WHI.jpg', 'Direction': u'ahead', 'Number': 3, 'Background': u'_WHI', 'Format': u'word'}
9.5641 	EXP 	window1: blendMode = 'avg'
9.5725 	EXP 	text_9: autoDraw = False
9.5725 	EXP 	image: autoDraw = False
9.5725 	EXP 	image: image = u'Extra_Stimuli//ahead_word_3_WHI.jpg'
9.5725 	EXP 	text_9: autoDraw = True
9.5725 	EXP 	image: autoDraw = True
9.5728 	EXP 	window1: blendMode = 'avg'
9.5897 	EXP 	window1: blendMode = 'avg'
9.6066 	EXP 	window1: blendMode = 'avg'
9.6233 	EXP 	window1: blendMode = 'avg'
9.6396 	EXP 	window1: blendMode = 'avg'
9.6561 	DATA 	Keypress: j
9.6567 	EXP 	New trial (rep=2, index=3): {'Stimulus_Practice': u'right_word_3_WHI.jpg', 'Direction': u'right', 'Number': 3, 'Background': u'_WHI', 'Format': u'word'}
9.6723 	EXP 	window1: blendMode = 'avg'
9.6893 	EXP 	text_9: autoDraw = False
9.6893 	EXP 	image: autoDraw = False
9.6893 	EXP 	image: image = u'Extra_Stimuli//right_word_3_WHI.jpg'
9.6893 	EXP 	text_9: autoDraw = True
9.6893 	EXP 	image: autoDraw = True
9.6895 	EXP 	window1: blendMode = 'avg'
9.7062 	EXP 	window1: blendMode = 'avg'
9.7238 	EXP 	window1: blendMode = 'avg'
9.7409 	EXP 	window1: blendMode = 'avg'
9.7575 	DATA 	Keypress: f
9.7598 	EXP 	New trial (rep=2, index=4): {'Stimulus_Practice': u'left_word_1_WHI.jpg', 'Direction': u'left', 'Number': 1, 'Background': u'_WHI', 'Format': u'word'}
9.8044 	EXP 	window1: blendMode = 'avg'
9.8228 	EXP 	text_9: autoDraw = False
9.8228 	EXP 	image: autoDraw = False
9.8228 	EXP 	image: image = u'Extra_Stimuli//left_word_1_WHI.jpg'
9.8228 	EXP 	text_9: autoDraw = True
9.8228 	EXP 	image: autoDraw = True
9.8232 	EXP 	window1: blendMode = 'avg'
9.8406 	EXP 	window1: blendMode = 'avg'
9.8575 	EXP 	window1: blendMode = 'avg'
9.8740 	EXP 	window1: blendMode = 'avg'
9.8912 	DATA 	Keypress: j
9.8937 	EXP 	New trial (rep=2, index=5): {'Stimulus_Practice': u'left_word_2_WHI.jpg', 'Direction': u'left', 'Number': 2, 'Background': u'_WHI', 'Format': u'word'}
9.9361 	EXP 	window1: blendMode = 'avg'
9.9563 	EXP 	text_9: autoDraw = False
9.9563 	EXP 	image: autoDraw = False
9.9563 	EXP 	image: image = u'Extra_Stimuli//left_word_2_WHI.jpg'
9.9563 	EXP 	text_9: autoDraw = True
9.9563 	EXP 	image: autoDraw = True
9.9567 	EXP 	window1: blendMode = 'avg'
9.9739 	DATA 	Keypress: f
9.9745 	EXP 	New trial (rep=2, index=6): {'Stimulus_Practice': u'ahead_word_2_WHI.jpg', 'Direction': u'ahead', 'Number': 2, 'Background': u'_WHI', 'Format': u'word'}
9.9921 	EXP 	window1: blendMode = 'avg'
10.0063 	EXP 	text_9: autoDraw = False
10.0063 	EXP 	image: autoDraw = False
10.0063 	EXP 	image: image = u'Extra_Stimuli//ahead_word_2_WHI.jpg'
10.0063 	EXP 	text_9: autoDraw = True
10.0063 	EXP 	image: autoDraw = True
10.0066 	EXP 	window1: blendMode = 'avg'
10.0231 	EXP 	window1: blendMode = 'avg'
10.0402 	EXP 	window1: blendMode = 'avg'
10.0579 	EXP 	window1: blendMode = 'avg'
10.0744 	EXP 	window1: blendMode = 'avg'
10.0909 	EXP 	window1: blendMode = 'avg'
10.1078 	EXP 	window1: blendMode = 'avg'
10.1095 	DATA 	Keypress: j
10.1258 	EXP 	New trial (rep=2, index=7): {'Stimulus_Practice': u'left_word_3_WHI.jpg', 'Direction': u'left', 'Number': 3, 'Background': u'_WHI', 'Format': u'word'}
10.1731 	EXP 	window1: blendMode = 'avg'
10.1900 	EXP 	text_9: autoDraw = False
10.1900 	EXP 	image: autoDraw = False
10.1900 	EXP 	image: image = u'Extra_Stimuli//left_word_3_WHI.jpg'
10.1900 	EXP 	text_9: autoDraw = True
10.1900 	EXP 	image: autoDraw = True
10.1904 	EXP 	window1: blendMode = 'avg'
10.2074 	EXP 	window1: blendMode = 'avg'
10.2243 	DATA 	Keypress: f
10.2266 	EXP 	New trial (rep=2, index=8): {'Stimulus_Practice': u'ahead_word_1_WHI.jpg', 'Direction': u'ahead', 'Number': 1, 'Background': u'_WHI', 'Format': u'word'}
10.2685 	EXP 	window1: blendMode = 'avg'
10.2904 	EXP 	text_9: autoDraw = False
10.2904 	EXP 	image: autoDraw = False
10.2904 	EXP 	image: image = u'Extra_Stimuli//ahead_word_1_WHI.jpg'
10.2904 	EXP 	text_9: autoDraw = True
10.2904 	EXP 	image: autoDraw = True
10.2908 	EXP 	window1: blendMode = 'avg'
10.3070 	EXP 	window1: blendMode = 'avg'
10.3245 	EXP 	window1: blendMode = 'avg'
10.3414 	EXP 	window1: blendMode = 'avg'
10.3579 	EXP 	window1: blendMode = 'avg'
10.3745 	EXP 	window1: blendMode = 'avg'
10.3912 	EXP 	window1: blendMode = 'avg'
10.4082 	EXP 	window1: blendMode = 'avg'
10.4246 	EXP 	window1: blendMode = 'avg'
10.4448 	EXP 	window1: blendMode = 'avg'
10.4580 	EXP 	window1: blendMode = 'avg'
10.4741 	EXP 	window1: blendMode = 'avg'
10.4909 	EXP 	window1: blendMode = 'avg'
10.5077 	EXP 	window1: blendMode = 'avg'
10.5245 	EXP 	window1: blendMode = 'avg'
10.5423 	EXP 	window1: blendMode = 'avg'
10.5581 	EXP 	window1: blendMode = 'avg'
10.5747 	EXP 	window1: blendMode = 'avg'
10.5922 	EXP 	window1: blendMode = 'avg'
10.6081 	EXP 	window1: blendMode = 'avg'
10.6246 	DATA 	Keypress: j
10.6728 	EXP 	window1: blendMode = 'avg'
10.6907 	EXP 	text_9: autoDraw = False
10.6907 	EXP 	image: autoDraw = False
10.6907 	EXP 	text_2: autoDraw = True
10.6915 	EXP 	window1: blendMode = 'avg'
10.7077 	EXP 	window1: blendMode = 'avg'
10.7245 	EXP 	window1: blendMode = 'avg'
10.7412 	EXP 	window1: blendMode = 'avg'
10.7577 	EXP 	window1: blendMode = 'avg'
10.7743 	EXP 	window1: blendMode = 'avg'
10.7910 	EXP 	window1: blendMode = 'avg'
10.8091 	EXP 	window1: blendMode = 'avg'
10.8254 	EXP 	window1: blendMode = 'avg'
10.8426 	EXP 	window1: blendMode = 'avg'
10.8590 	EXP 	window1: blendMode = 'avg'
10.8756 	EXP 	window1: blendMode = 'avg'
10.8924 	EXP 	window1: blendMode = 'avg'
10.9090 	EXP 	window1: blendMode = 'avg'
10.9261 	EXP 	window1: blendMode = 'avg'
10.9424 	EXP 	window1: blendMode = 'avg'
10.9583 	EXP 	window1: blendMode = 'avg'
10.9758 	EXP 	window1: blendMode = 'avg'
10.9923 	EXP 	window1: blendMode = 'avg'
11.0092 	EXP 	window1: blendMode = 'avg'
11.0257 	EXP 	window1: blendMode = 'avg'
11.0428 	EXP 	window1: blendMode = 'avg'
11.0593 	EXP 	window1: blendMode = 'avg'
11.0758 	EXP 	window1: blendMode = 'avg'
11.0926 	EXP 	window1: blendMode = 'avg'
11.1091 	EXP 	window1: blendMode = 'avg'
11.1259 	EXP 	window1: blendMode = 'avg'
11.1428 	EXP 	window1: blendMode = 'avg'
11.1593 	EXP 	window1: blendMode = 'avg'
11.1761 	EXP 	window1: blendMode = 'avg'
11.1916 	EXP 	window1: blendMode = 'avg'
11.2084 	EXP 	window1: blendMode = 'avg'
11.2251 	EXP 	window1: blendMode = 'avg'
11.2417 	EXP 	window1: blendMode = 'avg'
11.2583 	EXP 	window1: blendMode = 'avg'
11.2749 	EXP 	window1: blendMode = 'avg'
11.2912 	EXP 	window1: blendMode = 'avg'
11.3094 	EXP 	window1: blendMode = 'avg'
11.3262 	EXP 	window1: blendMode = 'avg'
11.3431 	EXP 	window1: blendMode = 'avg'
11.3598 	EXP 	window1: blendMode = 'avg'
11.3754 	EXP 	window1: blendMode = 'avg'
11.3923 	EXP 	window1: blendMode = 'avg'
11.4086 	EXP 	window1: blendMode = 'avg'
11.4265 	EXP 	window1: blendMode = 'avg'
11.4431 	EXP 	window1: blendMode = 'avg'
11.4596 	EXP 	window1: blendMode = 'avg'
11.4764 	EXP 	window1: blendMode = 'avg'
11.4932 	EXP 	window1: blendMode = 'avg'
11.5098 	EXP 	window1: blendMode = 'avg'
11.5257 	EXP 	window1: blendMode = 'avg'
11.5426 	EXP 	window1: blendMode = 'avg'
11.5589 	EXP 	window1: blendMode = 'avg'
11.5763 	EXP 	window1: blendMode = 'avg'
11.5934 	EXP 	window1: blendMode = 'avg'
11.6097 	EXP 	window1: blendMode = 'avg'
11.6268 	EXP 	window1: blendMode = 'avg'
11.6422 	EXP 	window1: blendMode = 'avg'
11.6589 	EXP 	window1: blendMode = 'avg'
11.6757 	EXP 	window1: blendMode = 'avg'
11.6922 	EXP 	window1: blendMode = 'avg'
11.7106 	EXP 	window1: blendMode = 'avg'
11.7265 	EXP 	window1: blendMode = 'avg'
11.7431 	EXP 	window1: blendMode = 'avg'
11.7594 	EXP 	window1: blendMode = 'avg'
11.7761 	EXP 	window1: blendMode = 'avg'
11.7926 	EXP 	window1: blendMode = 'avg'
11.8091 	EXP 	window1: blendMode = 'avg'
11.8260 	EXP 	window1: blendMode = 'avg'
11.8424 	EXP 	window1: blendMode = 'avg'
11.8600 	EXP 	window1: blendMode = 'avg'
11.8765 	EXP 	window1: blendMode = 'avg'
11.8935 	EXP 	window1: blendMode = 'avg'
11.9099 	EXP 	window1: blendMode = 'avg'
11.9268 	EXP 	window1: blendMode = 'avg'
11.9435 	EXP 	window1: blendMode = 'avg'
11.9599 	EXP 	window1: blendMode = 'avg'
11.9769 	EXP 	window1: blendMode = 'avg'
11.9934 	EXP 	window1: blendMode = 'avg'
12.0102 	EXP 	window1: blendMode = 'avg'
12.0270 	EXP 	window1: blendMode = 'avg'
12.0434 	EXP 	window1: blendMode = 'avg'
12.0603 	EXP 	window1: blendMode = 'avg'
12.0768 	EXP 	window1: blendMode = 'avg'
12.0936 	EXP 	window1: blendMode = 'avg'
12.1104 	EXP 	window1: blendMode = 'avg'
12.1271 	EXP 	window1: blendMode = 'avg'
12.1436 	EXP 	window1: blendMode = 'avg'
12.1603 	EXP 	window1: blendMode = 'avg'
12.1768 	EXP 	window1: blendMode = 'avg'
12.1937 	EXP 	window1: blendMode = 'avg'
12.2102 	EXP 	window1: blendMode = 'avg'
12.2272 	EXP 	window1: blendMode = 'avg'
12.2436 	EXP 	window1: blendMode = 'avg'
12.2604 	EXP 	window1: blendMode = 'avg'
12.2773 	EXP 	window1: blendMode = 'avg'
12.2941 	EXP 	window1: blendMode = 'avg'
12.3108 	EXP 	window1: blendMode = 'avg'
12.3272 	EXP 	window1: blendMode = 'avg'
12.3445 	EXP 	window1: blendMode = 'avg'
12.3597 	EXP 	window1: blendMode = 'avg'
12.3763 	EXP 	window1: blendMode = 'avg'
12.3941 	EXP 	window1: blendMode = 'avg'
12.4104 	EXP 	window1: blendMode = 'avg'
12.4272 	EXP 	window1: blendMode = 'avg'
12.4441 	EXP 	window1: blendMode = 'avg'
12.4606 	EXP 	window1: blendMode = 'avg'
12.4774 	EXP 	window1: blendMode = 'avg'
12.4938 	EXP 	window1: blendMode = 'avg'
12.5108 	EXP 	window1: blendMode = 'avg'
12.5272 	EXP 	window1: blendMode = 'avg'
12.5447 	EXP 	window1: blendMode = 'avg'
12.5610 	EXP 	window1: blendMode = 'avg'
12.5775 	EXP 	window1: blendMode = 'avg'
12.5940 	EXP 	window1: blendMode = 'avg'
12.6099 	EXP 	window1: blendMode = 'avg'
12.6265 	EXP 	window1: blendMode = 'avg'
12.6435 	EXP 	window1: blendMode = 'avg'
12.6608 	EXP 	window1: blendMode = 'avg'
12.6776 	EXP 	window1: blendMode = 'avg'
12.6941 	EXP 	window1: blendMode = 'avg'
12.7110 	EXP 	window1: blendMode = 'avg'
12.7274 	EXP 	window1: blendMode = 'avg'
12.7444 	EXP 	window1: blendMode = 'avg'
12.7612 	EXP 	window1: blendMode = 'avg'
12.7778 	EXP 	window1: blendMode = 'avg'
12.7943 	EXP 	window1: blendMode = 'avg'
12.8111 	EXP 	window1: blendMode = 'avg'
12.8276 	EXP 	window1: blendMode = 'avg'
12.8450 	EXP 	window1: blendMode = 'avg'
12.8608 	EXP 	window1: blendMode = 'avg'
12.8766 	EXP 	window1: blendMode = 'avg'
12.8935 	EXP 	window1: blendMode = 'avg'
12.9101 	EXP 	window1: blendMode = 'avg'
12.9267 	EXP 	window1: blendMode = 'avg'
12.9434 	EXP 	window1: blendMode = 'avg'
12.9595 	EXP 	window1: blendMode = 'avg'
12.9765 	EXP 	window1: blendMode = 'avg'
12.9938 	EXP 	window1: blendMode = 'avg'
13.0102 	EXP 	window1: blendMode = 'avg'
13.0279 	EXP 	window1: blendMode = 'avg'
13.0448 	EXP 	window1: blendMode = 'avg'
13.0611 	EXP 	window1: blendMode = 'avg'
13.0782 	EXP 	window1: blendMode = 'avg'
13.0945 	EXP 	window1: blendMode = 'avg'
13.1105 	EXP 	window1: blendMode = 'avg'
13.1270 	EXP 	window1: blendMode = 'avg'
13.1439 	EXP 	window1: blendMode = 'avg'
13.1603 	EXP 	window1: blendMode = 'avg'
13.1772 	EXP 	window1: blendMode = 'avg'
13.1943 	EXP 	window1: blendMode = 'avg'
13.2112 	EXP 	window1: blendMode = 'avg'
13.2281 	EXP 	window1: blendMode = 'avg'
13.2449 	EXP 	window1: blendMode = 'avg'
13.2613 	EXP 	window1: blendMode = 'avg'
13.2783 	EXP 	window1: blendMode = 'avg'
13.2947 	EXP 	window1: blendMode = 'avg'
13.3116 	EXP 	window1: blendMode = 'avg'
13.3280 	EXP 	window1: blendMode = 'avg'
13.3449 	EXP 	window1: blendMode = 'avg'
13.3618 	EXP 	window1: blendMode = 'avg'
13.3783 	EXP 	window1: blendMode = 'avg'
13.3948 	EXP 	window1: blendMode = 'avg'
13.4117 	EXP 	window1: blendMode = 'avg'
13.4281 	EXP 	window1: blendMode = 'avg'
13.4451 	EXP 	window1: blendMode = 'avg'
13.4616 	EXP 	window1: blendMode = 'avg'
13.4783 	EXP 	window1: blendMode = 'avg'
13.4951 	EXP 	window1: blendMode = 'avg'
13.5115 	EXP 	window1: blendMode = 'avg'
13.5284 	EXP 	window1: blendMode = 'avg'
13.5452 	EXP 	window1: blendMode = 'avg'
13.5619 	EXP 	window1: blendMode = 'avg'
13.5785 	EXP 	window1: blendMode = 'avg'
13.5951 	EXP 	window1: blendMode = 'avg'
13.6119 	EXP 	window1: blendMode = 'avg'
13.6282 	EXP 	New trial (rep=1, index=0): None
13.6735 	EXP 	window1: blendMode = 'avg'
13.6770 	EXP 	text_2: autoDraw = False
13.6770 	EXP 	text_6: text = 'Ok, before we practice one more time - do you have any questions about the task?'
13.6770 	EXP 	text_6: autoDraw = True
13.6775 	EXP 	window1: blendMode = 'avg'
13.6938 	EXP 	window1: blendMode = 'avg'
13.7123 	EXP 	window1: blendMode = 'avg'
13.7290 	EXP 	window1: blendMode = 'avg'
13.7457 	EXP 	window1: blendMode = 'avg'
13.7625 	EXP 	window1: blendMode = 'avg'
13.7791 	EXP 	window1: blendMode = 'avg'
13.7957 	EXP 	window1: blendMode = 'avg'
13.8123 	EXP 	window1: blendMode = 'avg'
13.8290 	EXP 	window1: blendMode = 'avg'
13.8457 	EXP 	window1: blendMode = 'avg'
13.8625 	EXP 	window1: blendMode = 'avg'
13.8791 	EXP 	window1: blendMode = 'avg'
13.8958 	EXP 	window1: blendMode = 'avg'
13.9125 	EXP 	window1: blendMode = 'avg'
13.9292 	EXP 	window1: blendMode = 'avg'
13.9458 	EXP 	window1: blendMode = 'avg'
13.9625 	EXP 	window1: blendMode = 'avg'
13.9792 	EXP 	window1: blendMode = 'avg'
13.9960 	EXP 	window1: blendMode = 'avg'
14.0117 	EXP 	window1: blendMode = 'avg'
14.0283 	EXP 	window1: blendMode = 'avg'
14.0460 	EXP 	window1: blendMode = 'avg'
14.0626 	EXP 	window1: blendMode = 'avg'
14.0793 	EXP 	window1: blendMode = 'avg'
14.0960 	EXP 	window1: blendMode = 'avg'
14.1127 	EXP 	window1: blendMode = 'avg'
14.1294 	EXP 	window1: blendMode = 'avg'
14.1463 	EXP 	window1: blendMode = 'avg'
14.1628 	EXP 	window1: blendMode = 'avg'
14.1798 	EXP 	window1: blendMode = 'avg'
14.1962 	EXP 	window1: blendMode = 'avg'
14.2128 	EXP 	window1: blendMode = 'avg'
14.2295 	EXP 	window1: blendMode = 'avg'
14.2462 	EXP 	window1: blendMode = 'avg'
14.2628 	EXP 	window1: blendMode = 'avg'
14.2796 	EXP 	window1: blendMode = 'avg'
14.2962 	EXP 	window1: blendMode = 'avg'
14.3129 	EXP 	window1: blendMode = 'avg'
14.3295 	EXP 	window1: blendMode = 'avg'
14.3462 	EXP 	window1: blendMode = 'avg'
14.3630 	EXP 	window1: blendMode = 'avg'
14.3800 	EXP 	window1: blendMode = 'avg'
14.3968 	EXP 	window1: blendMode = 'avg'
14.4130 	EXP 	window1: blendMode = 'avg'
14.4297 	EXP 	window1: blendMode = 'avg'
14.4463 	EXP 	window1: blendMode = 'avg'
14.4631 	EXP 	window1: blendMode = 'avg'
14.4797 	EXP 	window1: blendMode = 'avg'
14.4965 	EXP 	window1: blendMode = 'avg'
14.5131 	EXP 	window1: blendMode = 'avg'
14.5298 	EXP 	window1: blendMode = 'avg'
14.5466 	EXP 	window1: blendMode = 'avg'
14.5632 	EXP 	window1: blendMode = 'avg'
14.5798 	EXP 	window1: blendMode = 'avg'
14.5965 	EXP 	window1: blendMode = 'avg'
14.6136 	EXP 	window1: blendMode = 'avg'
14.6303 	EXP 	window1: blendMode = 'avg'
14.6466 	EXP 	window1: blendMode = 'avg'
14.6633 	EXP 	window1: blendMode = 'avg'
14.6800 	EXP 	window1: blendMode = 'avg'
14.6967 	EXP 	window1: blendMode = 'avg'
14.7138 	EXP 	window1: blendMode = 'avg'
14.7288 	DATA 	Keypress: escape
