5.1065 	INFO 	Loaded monitor calibration from ['2015_02_18 17:00']
5.9495 	EXP 	Created window1 = Window(allowGUI=False, allowStencil=False, autoLog=True, bitsMode=UNKNOWN, blendMode='avg', color=array([ 0.4,  0.4,  0.4]), colorSpace='rgb', fullscr=UNKNOWN, gamma=None, lms=UNKNOWN, monitor=<psychopy.monitors.calibTools.Monitor object at 0x08561090>, multiSample=False, name='window1', numSamples=2, pos=[0, 0], screen=0, size=array([1920, 1080]), stereo=False, units=u'norm', useFBO=True, useRetina=False, viewOri=0.0, viewPos=None, viewScale=None, waitBlanking=True, winType='pyglet')
5.9495 	EXP 	window1: recordFrameIntervals = False
6.1162 	EXP 	window1: recordFrameIntervals = True
6.3000 	DEBUG 	Screen (0) actual frame rate measured at 59.93
6.3001 	EXP 	window1: recordFrameIntervals = False
6.4510 	EXP 	Created text_4 = TextStim(alignHoriz='center', alignVert='center', antialias=True, autoLog=True, bold=False, color='black', colorSpace='named', contrast=1.0, depth=0.0, flipHoriz=False, flipVert=False, font='Arial', fontFiles=[], height=0.1, italic=False, name='text_4', opacity=1.0, ori=0, pos=array([ 0.,  0.]), rgb=array([ 0.,  0.,  0.]), text=unicode(...), units=u'norm', win=Window(...), wrapWidth=1.5)
6.4515 	EXP 	Created text_6 = TextStim(alignHoriz='center', alignVert='center', antialias=True, autoLog=True, bold=False, color='black', colorSpace='named', contrast=1.0, depth=0.0, flipHoriz=False, flipVert=False, font='Arial', fontFiles=[], height=0.1, italic=False, name='text_6', opacity=1.0, ori=0, pos=array([ 0.,  0.]), rgb=array([ 0.,  0.,  0.]), text='', units=u'norm', win=Window(...), wrapWidth=1.5)
6.4520 	EXP 	Created text_9 = TextStim(alignHoriz='center', alignVert='center', antialias=True, autoLog=True, bold=False, color='black', colorSpace='named', contrast=1.0, depth=-1.0, flipHoriz=False, flipVert=False, font='Arial', fontFiles=[], height=0.1, italic=False, name='text_9', opacity=1.0, ori=0, pos=array([ 0. , -0.6]), rgb=array([ 0.,  0.,  0.]), text='', units=u'norm', win=Window(...), wrapWidth=1)
6.4540 	EXP 	Created image = ImageStim(autoLog=True, color=array([ 1.,  1.,  1.]), colorSpace='rgb', contrast=1.0, depth=-2.0, flipHoriz=False, flipVert=False, image='sin', interpolate=True, mask=None, maskParams=None, name='image', opacity=1.0, ori=0.0, pos=array([ 0.,  0.]), size=array([ 0.83333333,  1.48148148]), texRes=128, units=u'norm', win=Window(...))
6.9197 	EXP 	Created text_2 = TextStim(alignHoriz='center', alignVert='center', antialias=True, autoLog=True, bold=False, color=u'black', colorSpace='named', contrast=1.0, depth=0.0, flipHoriz=False, flipVert=False, font=u'Arial', fontFiles=[], height=2, italic=False, name='text_2', opacity=1.0, ori=0, pos=array([ 0.,  0.]), rgb=array([ 0.,  0.,  0.]), text=u'+', units=u'norm', win=Window(...), wrapWidth=1)
6.9402 	EXP 	Created text_10 = TextStim(alignHoriz='center', alignVert='center', antialias=True, autoLog=True, bold=False, color='black', colorSpace='named', contrast=1.0, depth=0.0, flipHoriz=False, flipVert=False, font='Arial', fontFiles=[], height=0.1, italic=False, name='text_10', opacity=1.0, ori=0, pos=array([ 0.,  0.]), rgb=array([ 0.,  0.,  0.]), text=unicode(...), units=u'norm', win=Window(...), wrapWidth=1)
6.9420 	EXP 	Created image_2 = ImageStim(autoLog=True, color=array([ 1.,  1.,  1.]), colorSpace='rgb', contrast=1.0, depth=-1.0, flipHoriz=False, flipVert=False, image='sin', interpolate=True, mask=None, maskParams=None, name='image_2', opacity=1.0, ori=0.0, pos=array([ 0.,  0.]), size=array([ 0.83333333,  1.48148148]), texRes=128, units=u'norm', win=Window(...))
6.9500 	EXP 	Created text = TextStim(alignHoriz='center', alignVert='center', antialias=True, autoLog=True, bold=False, color='black', colorSpace='named', contrast=1.0, depth=0.0, flipHoriz=False, flipVert=False, font='Arial', fontFiles=[], height=0.1, italic=False, name='text', opacity=1.0, ori=0, pos=array([ 0.,  0.]), rgb=array([ 0.,  0.,  0.]), text=unicode(...), units=u'norm', win=Window(...), wrapWidth=1)
6.9516 	EXP 	window1: blendMode = 'avg'
6.9665 	EXP 	text_4: autoDraw = True
6.9671 	EXP 	window1: blendMode = 'avg'
6.9838 	EXP 	window1: blendMode = 'avg'
7.0008 	EXP 	window1: blendMode = 'avg'
7.0189 	EXP 	window1: blendMode = 'avg'
7.0353 	EXP 	window1: blendMode = 'avg'
7.0516 	EXP 	window1: blendMode = 'avg'
7.0686 	EXP 	window1: blendMode = 'avg'
7.0853 	EXP 	window1: blendMode = 'avg'
7.1019 	EXP 	window1: blendMode = 'avg'
7.1188 	EXP 	window1: blendMode = 'avg'
7.1353 	EXP 	window1: blendMode = 'avg'
7.1523 	EXP 	window1: blendMode = 'avg'
7.1689 	EXP 	window1: blendMode = 'avg'
7.1857 	EXP 	window1: blendMode = 'avg'
7.2022 	EXP 	window1: blendMode = 'avg'
7.2191 	EXP 	window1: blendMode = 'avg'
7.2358 	EXP 	window1: blendMode = 'avg'
7.2523 	EXP 	window1: blendMode = 'avg'
7.2692 	EXP 	window1: blendMode = 'avg'
7.2856 	EXP 	window1: blendMode = 'avg'
7.3025 	EXP 	window1: blendMode = 'avg'
7.3189 	EXP 	window1: blendMode = 'avg'
7.3360 	EXP 	window1: blendMode = 'avg'
7.3526 	EXP 	window1: blendMode = 'avg'
7.3691 	EXP 	window1: blendMode = 'avg'
7.3861 	EXP 	window1: blendMode = 'avg'
7.4025 	EXP 	window1: blendMode = 'avg'
7.4193 	EXP 	window1: blendMode = 'avg'
7.4360 	EXP 	window1: blendMode = 'avg'
7.4528 	EXP 	window1: blendMode = 'avg'
7.4694 	EXP 	window1: blendMode = 'avg'
7.4858 	EXP 	window1: blendMode = 'avg'
7.5028 	EXP 	window1: blendMode = 'avg'
7.5195 	EXP 	window1: blendMode = 'avg'
7.5361 	EXP 	window1: blendMode = 'avg'
7.5528 	EXP 	window1: blendMode = 'avg'
7.5693 	EXP 	window1: blendMode = 'avg'
7.5861 	EXP 	window1: blendMode = 'avg'
7.6028 	EXP 	window1: blendMode = 'avg'
7.6194 	EXP 	window1: blendMode = 'avg'
7.6362 	EXP 	window1: blendMode = 'avg'
7.6527 	EXP 	window1: blendMode = 'avg'
7.6696 	EXP 	window1: blendMode = 'avg'
7.6859 	EXP 	window1: blendMode = 'avg'
7.7028 	EXP 	window1: blendMode = 'avg'
7.7196 	EXP 	window1: blendMode = 'avg'
7.7361 	EXP 	window1: blendMode = 'avg'
7.7530 	EXP 	window1: blendMode = 'avg'
7.7691 	DATA 	Keypress: space
7.7707 	EXP 	Created sequence: random, trialTypes=1, nReps=2, seed=None
7.7716 	EXP 	New trial (rep=0, index=0): None
7.8523 	EXP 	window1: blendMode = 'avg'
7.8679 	EXP 	text_4: autoDraw = False
7.8679 	EXP 	text_6: text = "Let's try a few for practice. You'll see spatial directions one at a time on the screen. They will be either LEFT or RIGHT or AHEAD. Tell the experimenter if the spatial direction on the screen is the SAME or DIFFERENT from the spatial direction that you just saw."
7.8679 	EXP 	text_6: autoDraw = True
7.8682 	EXP 	window1: blendMode = 'avg'
7.8846 	EXP 	window1: blendMode = 'avg'
7.9027 	EXP 	window1: blendMode = 'avg'
7.9199 	EXP 	window1: blendMode = 'avg'
7.9363 	EXP 	window1: blendMode = 'avg'
7.9534 	EXP 	window1: blendMode = 'avg'
7.9699 	EXP 	window1: blendMode = 'avg'
7.9874 	EXP 	window1: blendMode = 'avg'
8.0025 	EXP 	window1: blendMode = 'avg'
8.0196 	EXP 	window1: blendMode = 'avg'
8.0352 	EXP 	window1: blendMode = 'avg'
8.0529 	EXP 	window1: blendMode = 'avg'
8.0696 	EXP 	window1: blendMode = 'avg'
8.0865 	EXP 	window1: blendMode = 'avg'
8.1037 	EXP 	window1: blendMode = 'avg'
8.1198 	EXP 	window1: blendMode = 'avg'
8.1370 	EXP 	window1: blendMode = 'avg'
8.1535 	EXP 	window1: blendMode = 'avg'
8.1689 	DATA 	Keypress: space
8.2118 	DEBUG 	Read excel file with pandas: Extra_Stimuli//practice_order_WHI_image.xlsx
8.2129 	EXP 	Imported Extra_Stimuli//practice_order_WHI_image.xlsx as conditions, 9 conditions, 5 params
8.2135 	EXP 	Created sequence: random, trialTypes=9, nReps=3, seed=None
8.2140 	EXP 	New trial (rep=0, index=0): {'Stimulus_Practice': u'left_image_3_WHI.jpg', 'Direction': u'left', 'Number': 3, 'Background': u'_WHI', 'Format': u'image'}
8.2463 	EXP 	window1: blendMode = 'avg'
8.2682 	EXP 	text_6: autoDraw = False
8.2682 	EXP 	image: image = u'Extra_Stimuli//left_image_3_WHI.jpg'
8.2682 	EXP 	text_9: autoDraw = True
8.2682 	EXP 	image: autoDraw = True
8.2685 	EXP 	window1: blendMode = 'avg'
8.2848 	EXP 	window1: blendMode = 'avg'
8.3022 	EXP 	window1: blendMode = 'avg'
8.3189 	EXP 	window1: blendMode = 'avg'
8.3359 	EXP 	window1: blendMode = 'avg'
8.3528 	EXP 	window1: blendMode = 'avg'
8.3693 	EXP 	window1: blendMode = 'avg'
8.3862 	EXP 	window1: blendMode = 'avg'
8.4026 	EXP 	window1: blendMode = 'avg'
8.4193 	EXP 	window1: blendMode = 'avg'
8.4363 	EXP 	window1: blendMode = 'avg'
8.4527 	EXP 	window1: blendMode = 'avg'
8.4696 	EXP 	window1: blendMode = 'avg'
8.4860 	EXP 	window1: blendMode = 'avg'
8.5027 	EXP 	window1: blendMode = 'avg'
8.5197 	EXP 	window1: blendMode = 'avg'
8.5361 	EXP 	window1: blendMode = 'avg'
8.5531 	EXP 	window1: blendMode = 'avg'
8.5689 	EXP 	window1: blendMode = 'avg'
8.5856 	EXP 	window1: blendMode = 'avg'
8.6031 	EXP 	window1: blendMode = 'avg'
8.6195 	EXP 	window1: blendMode = 'avg'
8.6362 	EXP 	window1: blendMode = 'avg'
8.6531 	EXP 	window1: blendMode = 'avg'
8.6697 	EXP 	window1: blendMode = 'avg'
8.6866 	EXP 	window1: blendMode = 'avg'
8.7030 	EXP 	window1: blendMode = 'avg'
8.7199 	EXP 	window1: blendMode = 'avg'
8.7363 	EXP 	window1: blendMode = 'avg'
8.7530 	EXP 	window1: blendMode = 'avg'
8.7699 	EXP 	window1: blendMode = 'avg'
8.7863 	EXP 	window1: blendMode = 'avg'
8.8033 	EXP 	window1: blendMode = 'avg'
8.8197 	EXP 	window1: blendMode = 'avg'
8.8364 	EXP 	window1: blendMode = 'avg'
8.8534 	EXP 	window1: blendMode = 'avg'
8.8698 	EXP 	window1: blendMode = 'avg'
8.8865 	EXP 	window1: blendMode = 'avg'
8.9034 	EXP 	window1: blendMode = 'avg'
8.9198 	EXP 	window1: blendMode = 'avg'
8.9368 	EXP 	window1: blendMode = 'avg'
8.9533 	EXP 	window1: blendMode = 'avg'
8.9702 	EXP 	window1: blendMode = 'avg'
8.9866 	EXP 	window1: blendMode = 'avg'
9.0032 	EXP 	window1: blendMode = 'avg'
9.0203 	EXP 	window1: blendMode = 'avg'
9.0367 	EXP 	window1: blendMode = 'avg'
9.0533 	EXP 	window1: blendMode = 'avg'
9.0696 	EXP 	window1: blendMode = 'avg'
9.0859 	EXP 	window1: blendMode = 'avg'
9.1025 	EXP 	window1: blendMode = 'avg'
9.1194 	EXP 	window1: blendMode = 'avg'
9.1370 	DATA 	Keypress: j
9.1400 	EXP 	New trial (rep=0, index=1): {'Stimulus_Practice': u'right_image_1_WHI.jpg', 'Direction': u'right', 'Number': 1, 'Background': u'_WHI', 'Format': u'image'}
9.1955 	EXP 	window1: blendMode = 'avg'
9.2022 	EXP 	text_9: autoDraw = False
9.2022 	EXP 	image: autoDraw = False
9.2022 	EXP 	image: image = u'Extra_Stimuli//right_image_1_WHI.jpg'
9.2022 	EXP 	text_9: autoDraw = True
9.2022 	EXP 	image: autoDraw = True
9.2025 	EXP 	window1: blendMode = 'avg'
9.2191 	EXP 	window1: blendMode = 'avg'
9.2358 	EXP 	window1: blendMode = 'avg'
9.2525 	EXP 	window1: blendMode = 'avg'
9.2703 	EXP 	window1: blendMode = 'avg'
9.2868 	EXP 	window1: blendMode = 'avg'
9.3038 	EXP 	window1: blendMode = 'avg'
9.3202 	EXP 	window1: blendMode = 'avg'
9.3369 	EXP 	window1: blendMode = 'avg'
9.3541 	EXP 	window1: blendMode = 'avg'
9.3703 	EXP 	window1: blendMode = 'avg'
9.3872 	EXP 	window1: blendMode = 'avg'
9.4036 	EXP 	window1: blendMode = 'avg'
9.4203 	EXP 	window1: blendMode = 'avg'
9.4373 	EXP 	window1: blendMode = 'avg'
9.4537 	EXP 	window1: blendMode = 'avg'
9.4707 	EXP 	window1: blendMode = 'avg'
9.4871 	EXP 	window1: blendMode = 'avg'
9.5039 	EXP 	window1: blendMode = 'avg'
9.5207 	EXP 	window1: blendMode = 'avg'
9.5371 	EXP 	window1: blendMode = 'avg'
9.5538 	EXP 	window1: blendMode = 'avg'
9.5708 	EXP 	window1: blendMode = 'avg'
9.5871 	EXP 	window1: blendMode = 'avg'
9.6038 	EXP 	window1: blendMode = 'avg'
9.6208 	EXP 	window1: blendMode = 'avg'
9.6373 	EXP 	window1: blendMode = 'avg'
9.6540 	EXP 	window1: blendMode = 'avg'
9.6702 	EXP 	window1: blendMode = 'avg'
9.6864 	EXP 	window1: blendMode = 'avg'
9.7032 	EXP 	window1: blendMode = 'avg'
9.7201 	EXP 	window1: blendMode = 'avg'
9.7373 	EXP 	window1: blendMode = 'avg'
9.7543 	EXP 	window1: blendMode = 'avg'
9.7708 	EXP 	window1: blendMode = 'avg'
9.7876 	EXP 	window1: blendMode = 'avg'
9.8041 	EXP 	window1: blendMode = 'avg'
9.8210 	EXP 	window1: blendMode = 'avg'
9.8376 	EXP 	window1: blendMode = 'avg'
9.8544 	EXP 	window1: blendMode = 'avg'
9.8708 	EXP 	window1: blendMode = 'avg'
9.8878 	EXP 	window1: blendMode = 'avg'
9.9041 	EXP 	window1: blendMode = 'avg'
9.9225 	DATA 	Keypress: f
9.9265 	EXP 	New trial (rep=0, index=2): {'Stimulus_Practice': u'ahead_image_1_WHI.jpg', 'Direction': u'ahead', 'Number': 1, 'Background': u'_WHI', 'Format': u'image'}
9.9779 	EXP 	window1: blendMode = 'avg'
9.9864 	EXP 	text_9: autoDraw = False
9.9864 	EXP 	image: autoDraw = False
9.9864 	EXP 	image: image = u'Extra_Stimuli//ahead_image_1_WHI.jpg'
9.9864 	EXP 	text_9: autoDraw = True
9.9864 	EXP 	image: autoDraw = True
9.9867 	EXP 	window1: blendMode = 'avg'
10.0033 	EXP 	window1: blendMode = 'avg'
10.0200 	EXP 	window1: blendMode = 'avg'
10.0372 	EXP 	window1: blendMode = 'avg'
10.0538 	EXP 	window1: blendMode = 'avg'
10.0710 	EXP 	window1: blendMode = 'avg'
10.0880 	EXP 	window1: blendMode = 'avg'
10.1044 	EXP 	window1: blendMode = 'avg'
10.1213 	EXP 	window1: blendMode = 'avg'
10.1373 	EXP 	window1: blendMode = 'avg'
10.1537 	EXP 	window1: blendMode = 'avg'
10.1703 	EXP 	window1: blendMode = 'avg'
10.1873 	EXP 	window1: blendMode = 'avg'
10.2037 	EXP 	window1: blendMode = 'avg'
10.2203 	EXP 	window1: blendMode = 'avg'
10.2372 	DATA 	Keypress: j
10.2377 	EXP 	New trial (rep=0, index=3): {'Stimulus_Practice': u'right_image_3_WHI.jpg', 'Direction': u'right', 'Number': 3, 'Background': u'_WHI', 'Format': u'image'}
10.2768 	EXP 	window1: blendMode = 'avg'
10.2868 	EXP 	text_9: autoDraw = False
10.2868 	EXP 	image: autoDraw = False
10.2868 	EXP 	image: image = u'Extra_Stimuli//right_image_3_WHI.jpg'
10.2868 	EXP 	text_9: autoDraw = True
10.2868 	EXP 	image: autoDraw = True
10.2870 	EXP 	window1: blendMode = 'avg'
10.3037 	EXP 	window1: blendMode = 'avg'
10.3202 	EXP 	window1: blendMode = 'avg'
10.3372 	EXP 	window1: blendMode = 'avg'
10.3540 	EXP 	window1: blendMode = 'avg'
10.3714 	EXP 	window1: blendMode = 'avg'
10.3885 	EXP 	window1: blendMode = 'avg'
10.4046 	EXP 	window1: blendMode = 'avg'
10.4218 	EXP 	window1: blendMode = 'avg'
10.4381 	EXP 	window1: blendMode = 'avg'
10.4548 	EXP 	window1: blendMode = 'avg'
10.4715 	DATA 	Keypress: f
10.4739 	EXP 	New trial (rep=0, index=4): {'Stimulus_Practice': u'right_image_2_WHI.jpg', 'Direction': u'right', 'Number': 2, 'Background': u'_WHI', 'Format': u'image'}
10.5395 	EXP 	window1: blendMode = 'avg'
10.5537 	EXP 	text_9: autoDraw = False
10.5537 	EXP 	image: autoDraw = False
10.5537 	EXP 	image: image = u'Extra_Stimuli//right_image_2_WHI.jpg'
10.5537 	EXP 	text_9: autoDraw = True
10.5537 	EXP 	image: autoDraw = True
10.5539 	EXP 	window1: blendMode = 'avg'
10.5705 	EXP 	window1: blendMode = 'avg'
10.5880 	EXP 	window1: blendMode = 'avg'
10.6049 	EXP 	window1: blendMode = 'avg'
10.6219 	EXP 	window1: blendMode = 'avg'
10.6382 	EXP 	window1: blendMode = 'avg'
10.6549 	EXP 	window1: blendMode = 'avg'
10.6719 	EXP 	window1: blendMode = 'avg'
10.6881 	DATA 	Keypress: j
10.6905 	EXP 	New trial (rep=0, index=5): {'Stimulus_Practice': u'ahead_image_2_WHI.jpg', 'Direction': u'ahead', 'Number': 2, 'Background': u'_WHI', 'Format': u'image'}
10.7502 	EXP 	window1: blendMode = 'avg'
10.7705 	EXP 	text_9: autoDraw = False
10.7705 	EXP 	image: autoDraw = False
10.7705 	EXP 	image: image = u'Extra_Stimuli//ahead_image_2_WHI.jpg'
10.7705 	EXP 	text_9: autoDraw = True
10.7705 	EXP 	image: autoDraw = True
10.7709 	EXP 	window1: blendMode = 'avg'
10.7876 	EXP 	window1: blendMode = 'avg'
10.8044 	EXP 	window1: blendMode = 'avg'
10.8213 	EXP 	window1: blendMode = 'avg'
10.8378 	EXP 	window1: blendMode = 'avg'
10.8551 	EXP 	window1: blendMode = 'avg'
10.8721 	EXP 	window1: blendMode = 'avg'
10.8885 	EXP 	window1: blendMode = 'avg'
10.9054 	EXP 	window1: blendMode = 'avg'
10.9219 	EXP 	window1: blendMode = 'avg'
10.9386 	EXP 	window1: blendMode = 'avg'
10.9556 	EXP 	window1: blendMode = 'avg'
10.9718 	DATA 	Keypress: f
10.9742 	EXP 	New trial (rep=0, index=6): {'Stimulus_Practice': u'ahead_image_3_WHI.jpg', 'Direction': u'ahead', 'Number': 3, 'Background': u'_WHI', 'Format': u'image'}
11.0292 	EXP 	window1: blendMode = 'avg'
11.0374 	EXP 	text_9: autoDraw = False
11.0374 	EXP 	image: autoDraw = False
11.0374 	EXP 	image: image = u'Extra_Stimuli//ahead_image_3_WHI.jpg'
11.0374 	EXP 	text_9: autoDraw = True
11.0374 	EXP 	image: autoDraw = True
11.0377 	EXP 	window1: blendMode = 'avg'
11.0543 	EXP 	window1: blendMode = 'avg'
11.0713 	EXP 	window1: blendMode = 'avg'
11.0887 	EXP 	window1: blendMode = 'avg'
11.1059 	EXP 	window1: blendMode = 'avg'
11.1221 	EXP 	window1: blendMode = 'avg'
11.1390 	EXP 	window1: blendMode = 'avg'
11.1555 	EXP 	window1: blendMode = 'avg'
11.1720 	EXP 	window1: blendMode = 'avg'
11.1883 	EXP 	window1: blendMode = 'avg'
11.2051 	EXP 	window1: blendMode = 'avg'
11.2214 	EXP 	window1: blendMode = 'avg'
11.2387 	DATA 	Keypress: j
11.2411 	EXP 	New trial (rep=0, index=7): {'Stimulus_Practice': u'left_image_2_WHI.jpg', 'Direction': u'left', 'Number': 2, 'Background': u'_WHI', 'Format': u'image'}
11.3002 	EXP 	window1: blendMode = 'avg'
11.3212 	EXP 	text_9: autoDraw = False
11.3212 	EXP 	image: autoDraw = False
11.3212 	EXP 	image: image = u'Extra_Stimuli//left_image_2_WHI.jpg'
11.3212 	EXP 	text_9: autoDraw = True
11.3212 	EXP 	image: autoDraw = True
11.3216 	EXP 	window1: blendMode = 'avg'
11.3383 	EXP 	window1: blendMode = 'avg'
11.3550 	EXP 	window1: blendMode = 'avg'
11.3719 	EXP 	window1: blendMode = 'avg'
11.3881 	EXP 	window1: blendMode = 'avg'
11.4048 	EXP 	window1: blendMode = 'avg'
11.4255 	EXP 	window1: blendMode = 'avg'
11.4386 	EXP 	window1: blendMode = 'avg'
11.4553 	EXP 	window1: blendMode = 'avg'
11.4726 	EXP 	window1: blendMode = 'avg'
11.4891 	EXP 	window1: blendMode = 'avg'
11.5058 	EXP 	window1: blendMode = 'avg'
11.5230 	DATA 	Keypress: f
11.5253 	EXP 	New trial (rep=0, index=8): {'Stimulus_Practice': u'left_image_1_WHI.jpg', 'Direction': u'left', 'Number': 1, 'Background': u'_WHI', 'Format': u'image'}
11.5867 	EXP 	window1: blendMode = 'avg'
11.6048 	EXP 	text_9: autoDraw = False
11.6048 	EXP 	image: autoDraw = False
11.6048 	EXP 	image: image = u'Extra_Stimuli//left_image_1_WHI.jpg'
11.6048 	EXP 	text_9: autoDraw = True
11.6048 	EXP 	image: autoDraw = True
11.6053 	EXP 	window1: blendMode = 'avg'
11.6220 	EXP 	window1: blendMode = 'avg'
11.6389 	EXP 	window1: blendMode = 'avg'
11.6553 	EXP 	window1: blendMode = 'avg'
11.6719 	EXP 	window1: blendMode = 'avg'
11.6896 	EXP 	window1: blendMode = 'avg'
11.7060 	EXP 	window1: blendMode = 'avg'
11.7227 	EXP 	window1: blendMode = 'avg'
11.7396 	EXP 	window1: blendMode = 'avg'
11.7560 	EXP 	window1: blendMode = 'avg'
11.7730 	EXP 	window1: blendMode = 'avg'
11.7894 	EXP 	window1: blendMode = 'avg'
11.8066 	EXP 	window1: blendMode = 'avg'
11.8228 	EXP 	window1: blendMode = 'avg'
11.8395 	EXP 	window1: blendMode = 'avg'
11.8564 	EXP 	window1: blendMode = 'avg'
11.8728 	EXP 	window1: blendMode = 'avg'
11.8898 	EXP 	window1: blendMode = 'avg'
11.9062 	EXP 	window1: blendMode = 'avg'
11.9232 	EXP 	window1: blendMode = 'avg'
11.9396 	EXP 	window1: blendMode = 'avg'
11.9564 	DATA 	Keypress: j
11.9587 	EXP 	New trial (rep=1, index=0): {'Stimulus_Practice': u'left_image_2_WHI.jpg', 'Direction': u'left', 'Number': 2, 'Background': u'_WHI', 'Format': u'image'}
12.0144 	EXP 	window1: blendMode = 'avg'
12.0218 	EXP 	text_9: autoDraw = False
12.0218 	EXP 	image: autoDraw = False
12.0218 	EXP 	image: image = u'Extra_Stimuli//left_image_2_WHI.jpg'
12.0218 	EXP 	text_9: autoDraw = True
12.0218 	EXP 	image: autoDraw = True
12.0221 	EXP 	window1: blendMode = 'avg'
12.0387 	EXP 	window1: blendMode = 'avg'
12.0554 	EXP 	window1: blendMode = 'avg'
12.0725 	EXP 	window1: blendMode = 'avg'
12.0895 	EXP 	window1: blendMode = 'avg'
12.1064 	EXP 	window1: blendMode = 'avg'
12.1234 	EXP 	window1: blendMode = 'avg'
12.1398 	EXP 	window1: blendMode = 'avg'
12.1567 	EXP 	window1: blendMode = 'avg'
12.1731 	EXP 	window1: blendMode = 'avg'
12.1898 	EXP 	window1: blendMode = 'avg'
12.2068 	EXP 	window1: blendMode = 'avg'
12.2232 	EXP 	window1: blendMode = 'avg'
12.2405 	EXP 	window1: blendMode = 'avg'
12.2559 	EXP 	window1: blendMode = 'avg'
12.2752 	EXP 	window1: blendMode = 'avg'
12.2893 	EXP 	window1: blendMode = 'avg'
12.3057 	EXP 	window1: blendMode = 'avg'
12.3235 	EXP 	window1: blendMode = 'avg'
12.3399 	EXP 	window1: blendMode = 'avg'
12.3566 	EXP 	window1: blendMode = 'avg'
12.3586 	DATA 	Keypress: f
12.3756 	EXP 	New trial (rep=1, index=1): {'Stimulus_Practice': u'ahead_image_2_WHI.jpg', 'Direction': u'ahead', 'Number': 2, 'Background': u'_WHI', 'Format': u'image'}
12.4329 	EXP 	window1: blendMode = 'avg'
12.4389 	EXP 	text_9: autoDraw = False
12.4389 	EXP 	image: autoDraw = False
12.4389 	EXP 	image: image = u'Extra_Stimuli//ahead_image_2_WHI.jpg'
12.4389 	EXP 	text_9: autoDraw = True
12.4389 	EXP 	image: autoDraw = True
12.4392 	EXP 	window1: blendMode = 'avg'
12.4558 	EXP 	window1: blendMode = 'avg'
12.4727 	EXP 	window1: blendMode = 'avg'
12.4894 	EXP 	window1: blendMode = 'avg'
12.5071 	EXP 	window1: blendMode = 'avg'
12.5235 	EXP 	window1: blendMode = 'avg'
12.5402 	EXP 	window1: blendMode = 'avg'
12.5571 	EXP 	window1: blendMode = 'avg'
12.5735 	EXP 	window1: blendMode = 'avg'
12.5904 	EXP 	window1: blendMode = 'avg'
12.6069 	EXP 	window1: blendMode = 'avg'
12.6239 	EXP 	window1: blendMode = 'avg'
12.6407 	EXP 	window1: blendMode = 'avg'
12.6572 	EXP 	window1: blendMode = 'avg'
12.6737 	EXP 	window1: blendMode = 'avg'
12.6906 	EXP 	window1: blendMode = 'avg'
12.7070 	EXP 	window1: blendMode = 'avg'
12.7237 	EXP 	window1: blendMode = 'avg'
12.7406 	EXP 	window1: blendMode = 'avg'
12.7570 	EXP 	window1: blendMode = 'avg'
12.7740 	EXP 	window1: blendMode = 'avg'
12.7902 	DATA 	Keypress: j
12.7926 	EXP 	New trial (rep=1, index=2): {'Stimulus_Practice': u'right_image_1_WHI.jpg', 'Direction': u'right', 'Number': 1, 'Background': u'_WHI', 'Format': u'image'}
12.8479 	EXP 	window1: blendMode = 'avg'
12.8561 	EXP 	text_9: autoDraw = False
12.8561 	EXP 	image: autoDraw = False
12.8561 	EXP 	image: image = u'Extra_Stimuli//right_image_1_WHI.jpg'
12.8561 	EXP 	text_9: autoDraw = True
12.8561 	EXP 	image: autoDraw = True
12.8563 	EXP 	window1: blendMode = 'avg'
12.8730 	EXP 	window1: blendMode = 'avg'
12.8910 	EXP 	window1: blendMode = 'avg'
12.9072 	EXP 	window1: blendMode = 'avg'
12.9239 	EXP 	window1: blendMode = 'avg'
12.9409 	EXP 	window1: blendMode = 'avg'
12.9573 	EXP 	window1: blendMode = 'avg'
12.9739 	EXP 	window1: blendMode = 'avg'
12.9909 	EXP 	window1: blendMode = 'avg'
13.0073 	EXP 	window1: blendMode = 'avg'
13.0240 	EXP 	window1: blendMode = 'avg'
13.0410 	EXP 	window1: blendMode = 'avg'
13.0573 	EXP 	window1: blendMode = 'avg'
13.0743 	EXP 	window1: blendMode = 'avg'
13.0908 	EXP 	window1: blendMode = 'avg'
13.1074 	EXP 	window1: blendMode = 'avg'
13.1244 	EXP 	window1: blendMode = 'avg'
13.1408 	EXP 	window1: blendMode = 'avg'
13.1576 	DATA 	Keypress: f
13.1600 	EXP 	New trial (rep=1, index=3): {'Stimulus_Practice': u'ahead_image_3_WHI.jpg', 'Direction': u'ahead', 'Number': 3, 'Background': u'_WHI', 'Format': u'image'}
13.2651 	EXP 	window1: blendMode = 'avg'
13.2731 	EXP 	text_9: autoDraw = False
13.2731 	EXP 	image: autoDraw = False
13.2731 	EXP 	image: image = u'Extra_Stimuli//ahead_image_3_WHI.jpg'
13.2731 	EXP 	text_9: autoDraw = True
13.2731 	EXP 	image: autoDraw = True
13.2737 	EXP 	window1: blendMode = 'avg'
13.2903 	EXP 	window1: blendMode = 'avg'
13.3070 	EXP 	window1: blendMode = 'avg'
13.3235 	EXP 	window1: blendMode = 'avg'
13.3404 	EXP 	window1: blendMode = 'avg'
13.3571 	EXP 	window1: blendMode = 'avg'
13.3744 	EXP 	window1: blendMode = 'avg'
13.3914 	EXP 	window1: blendMode = 'avg'
13.4077 	EXP 	window1: blendMode = 'avg'
13.4283 	EXP 	window1: blendMode = 'avg'
13.4411 	EXP 	window1: blendMode = 'avg'
13.4578 	EXP 	window1: blendMode = 'avg'
13.4748 	EXP 	window1: blendMode = 'avg'
13.4911 	EXP 	window1: blendMode = 'avg'
13.5081 	EXP 	window1: blendMode = 'avg'
13.5245 	EXP 	window1: blendMode = 'avg'
13.5413 	EXP 	window1: blendMode = 'avg'
13.5582 	EXP 	window1: blendMode = 'avg'
13.5748 	DATA 	Keypress: j
13.5777 	EXP 	New trial (rep=1, index=4): {'Stimulus_Practice': u'right_image_2_WHI.jpg', 'Direction': u'right', 'Number': 2, 'Background': u'_WHI', 'Format': u'image'}
13.6325 	EXP 	window1: blendMode = 'avg'
13.6401 	EXP 	text_9: autoDraw = False
13.6401 	EXP 	image: autoDraw = False
13.6401 	EXP 	image: image = u'Extra_Stimuli//right_image_2_WHI.jpg'
13.6401 	EXP 	text_9: autoDraw = True
13.6401 	EXP 	image: autoDraw = True
13.6403 	EXP 	window1: blendMode = 'avg'
13.6570 	EXP 	window1: blendMode = 'avg'
13.6740 	EXP 	window1: blendMode = 'avg'
13.6904 	EXP 	window1: blendMode = 'avg'
13.7083 	EXP 	window1: blendMode = 'avg'
13.7247 	EXP 	window1: blendMode = 'avg'
13.7414 	EXP 	window1: blendMode = 'avg'
13.7583 	EXP 	window1: blendMode = 'avg'
13.7748 	EXP 	window1: blendMode = 'avg'
13.7915 	EXP 	window1: blendMode = 'avg'
13.8084 	EXP 	window1: blendMode = 'avg'
13.8248 	EXP 	window1: blendMode = 'avg'
13.8417 	EXP 	window1: blendMode = 'avg'
13.8581 	EXP 	window1: blendMode = 'avg'
13.8749 	EXP 	window1: blendMode = 'avg'
13.8918 	EXP 	window1: blendMode = 'avg'
13.9083 	EXP 	window1: blendMode = 'avg'
13.9252 	EXP 	window1: blendMode = 'avg'
13.9414 	DATA 	Keypress: f
13.9438 	EXP 	New trial (rep=1, index=5): {'Stimulus_Practice': u'ahead_image_1_WHI.jpg', 'Direction': u'ahead', 'Number': 1, 'Background': u'_WHI', 'Format': u'image'}
13.9964 	EXP 	window1: blendMode = 'avg'
14.0071 	EXP 	text_9: autoDraw = False
14.0071 	EXP 	image: autoDraw = False
14.0071 	EXP 	image: image = u'Extra_Stimuli//ahead_image_1_WHI.jpg'
14.0071 	EXP 	text_9: autoDraw = True
14.0071 	EXP 	image: autoDraw = True
14.0074 	EXP 	window1: blendMode = 'avg'
14.0242 	EXP 	window1: blendMode = 'avg'
14.0410 	EXP 	window1: blendMode = 'avg'
14.0579 	EXP 	window1: blendMode = 'avg'
14.0748 	EXP 	window1: blendMode = 'avg'
14.0912 	EXP 	window1: blendMode = 'avg'
14.1079 	EXP 	window1: blendMode = 'avg'
14.1254 	EXP 	window1: blendMode = 'avg'
14.1418 	EXP 	window1: blendMode = 'avg'
14.1584 	EXP 	window1: blendMode = 'avg'
14.1755 	EXP 	window1: blendMode = 'avg'
14.1919 	EXP 	window1: blendMode = 'avg'
14.2085 	EXP 	window1: blendMode = 'avg'
14.2255 	EXP 	window1: blendMode = 'avg'
14.2419 	EXP 	window1: blendMode = 'avg'
14.2587 	DATA 	Keypress: j
14.2611 	EXP 	New trial (rep=1, index=6): {'Stimulus_Practice': u'left_image_1_WHI.jpg', 'Direction': u'left', 'Number': 1, 'Background': u'_WHI', 'Format': u'image'}
14.3374 	EXP 	window1: blendMode = 'avg'
14.3576 	EXP 	text_9: autoDraw = False
14.3576 	EXP 	image: autoDraw = False
14.3576 	EXP 	image: image = u'Extra_Stimuli//left_image_1_WHI.jpg'
14.3576 	EXP 	text_9: autoDraw = True
14.3576 	EXP 	image: autoDraw = True
14.3579 	EXP 	window1: blendMode = 'avg'
14.3748 	EXP 	window1: blendMode = 'avg'
14.3917 	EXP 	window1: blendMode = 'avg'
14.4086 	EXP 	window1: blendMode = 'avg'
14.4272 	EXP 	window1: blendMode = 'avg'
14.4424 	EXP 	window1: blendMode = 'avg'
14.4588 	EXP 	window1: blendMode = 'avg'
14.4757 	EXP 	window1: blendMode = 'avg'
14.4922 	EXP 	window1: blendMode = 'avg'
14.5088 	EXP 	window1: blendMode = 'avg'
14.5256 	DATA 	Keypress: f
14.5280 	EXP 	New trial (rep=1, index=7): {'Stimulus_Practice': u'left_image_3_WHI.jpg', 'Direction': u'left', 'Number': 3, 'Background': u'_WHI', 'Format': u'image'}
14.6060 	EXP 	window1: blendMode = 'avg'
14.6246 	EXP 	text_9: autoDraw = False
14.6246 	EXP 	image: autoDraw = False
14.6246 	EXP 	image: image = u'Extra_Stimuli//left_image_3_WHI.jpg'
14.6246 	EXP 	text_9: autoDraw = True
14.6246 	EXP 	image: autoDraw = True
14.6250 	EXP 	window1: blendMode = 'avg'
14.6416 	EXP 	window1: blendMode = 'avg'
14.6593 	EXP 	window1: blendMode = 'avg'
14.6757 	EXP 	window1: blendMode = 'avg'
14.6924 	EXP 	window1: blendMode = 'avg'
14.7093 	EXP 	window1: blendMode = 'avg'
14.7257 	EXP 	window1: blendMode = 'avg'
14.7424 	EXP 	window1: blendMode = 'avg'
14.7593 	EXP 	window1: blendMode = 'avg'
14.7756 	DATA 	Keypress: j
14.7779 	EXP 	New trial (rep=1, index=8): {'Stimulus_Practice': u'right_image_3_WHI.jpg', 'Direction': u'right', 'Number': 3, 'Background': u'_WHI', 'Format': u'image'}
14.8330 	EXP 	window1: blendMode = 'avg'
14.8413 	EXP 	text_9: autoDraw = False
14.8413 	EXP 	image: autoDraw = False
14.8413 	EXP 	image: image = u'Extra_Stimuli//right_image_3_WHI.jpg'
14.8413 	EXP 	text_9: autoDraw = True
14.8413 	EXP 	image: autoDraw = True
14.8416 	EXP 	window1: blendMode = 'avg'
14.8582 	EXP 	window1: blendMode = 'avg'
14.8753 	EXP 	window1: blendMode = 'avg'
14.8926 	EXP 	window1: blendMode = 'avg'
14.9095 	EXP 	window1: blendMode = 'avg'
14.9261 	EXP 	window1: blendMode = 'avg'
14.9426 	EXP 	window1: blendMode = 'avg'
14.9596 	EXP 	window1: blendMode = 'avg'
14.9760 	EXP 	window1: blendMode = 'avg'
14.9926 	EXP 	window1: blendMode = 'avg'
15.0096 	EXP 	window1: blendMode = 'avg'
15.0259 	DATA 	Keypress: f
15.0296 	EXP 	New trial (rep=2, index=0): {'Stimulus_Practice': u'right_image_3_WHI.jpg', 'Direction': u'right', 'Number': 3, 'Background': u'_WHI', 'Format': u'image'}
15.1024 	EXP 	window1: blendMode = 'avg'
15.1084 	EXP 	text_9: autoDraw = False
15.1084 	EXP 	image: autoDraw = False
15.1084 	EXP 	image: image = u'Extra_Stimuli//right_image_3_WHI.jpg'
15.1084 	EXP 	text_9: autoDraw = True
15.1084 	EXP 	image: autoDraw = True
15.1087 	EXP 	window1: blendMode = 'avg'
15.1252 	EXP 	window1: blendMode = 'avg'
15.1428 	EXP 	window1: blendMode = 'avg'
15.1592 	EXP 	window1: blendMode = 'avg'
15.1762 	EXP 	window1: blendMode = 'avg'
15.1931 	EXP 	window1: blendMode = 'avg'
15.2096 	EXP 	window1: blendMode = 'avg'
15.2265 	EXP 	window1: blendMode = 'avg'
15.2429 	EXP 	window1: blendMode = 'avg'
15.2596 	EXP 	window1: blendMode = 'avg'
15.2764 	DATA 	Keypress: j
15.2787 	EXP 	New trial (rep=2, index=1): {'Stimulus_Practice': u'ahead_image_3_WHI.jpg', 'Direction': u'ahead', 'Number': 3, 'Background': u'_WHI', 'Format': u'image'}
15.3372 	EXP 	window1: blendMode = 'avg'
15.3587 	EXP 	text_9: autoDraw = False
15.3587 	EXP 	image: autoDraw = False
15.3587 	EXP 	image: image = u'Extra_Stimuli//ahead_image_3_WHI.jpg'
15.3587 	EXP 	text_9: autoDraw = True
15.3587 	EXP 	image: autoDraw = True
15.3592 	EXP 	window1: blendMode = 'avg'
15.3756 	EXP 	window1: blendMode = 'avg'
15.3922 	EXP 	window1: blendMode = 'avg'
15.4095 	EXP 	window1: blendMode = 'avg'
15.4270 	EXP 	window1: blendMode = 'avg'
15.4432 	EXP 	window1: blendMode = 'avg'
15.4596 	EXP 	window1: blendMode = 'avg'
15.4768 	EXP 	window1: blendMode = 'avg'
15.4933 	EXP 	window1: blendMode = 'avg'
15.5102 	EXP 	window1: blendMode = 'avg'
15.5266 	EXP 	window1: blendMode = 'avg'
15.5435 	EXP 	window1: blendMode = 'avg'
15.5600 	EXP 	window1: blendMode = 'avg'
15.5768 	EXP 	window1: blendMode = 'avg'
15.5935 	EXP 	window1: blendMode = 'avg'
15.6103 	EXP 	window1: blendMode = 'avg'
15.6269 	EXP 	window1: blendMode = 'avg'
15.6433 	EXP 	window1: blendMode = 'avg'
15.6601 	EXP 	window1: blendMode = 'avg'
15.6767 	EXP 	window1: blendMode = 'avg'
15.6936 	EXP 	window1: blendMode = 'avg'
15.7095 	EXP 	window1: blendMode = 'avg'
15.7264 	DATA 	Keypress: f
15.7276 	EXP 	New trial (rep=2, index=2): {'Stimulus_Practice': u'ahead_image_1_WHI.jpg', 'Direction': u'ahead', 'Number': 1, 'Background': u'_WHI', 'Format': u'image'}
15.7825 	EXP 	window1: blendMode = 'avg'
15.7924 	EXP 	text_9: autoDraw = False
15.7924 	EXP 	image: autoDraw = False
15.7924 	EXP 	image: image = u'Extra_Stimuli//ahead_image_1_WHI.jpg'
15.7924 	EXP 	text_9: autoDraw = True
15.7924 	EXP 	image: autoDraw = True
15.7926 	EXP 	window1: blendMode = 'avg'
15.8093 	EXP 	window1: blendMode = 'avg'
15.8271 	EXP 	window1: blendMode = 'avg'
15.8439 	EXP 	window1: blendMode = 'avg'
15.8602 	EXP 	window1: blendMode = 'avg'
15.8772 	EXP 	window1: blendMode = 'avg'
15.8936 	EXP 	window1: blendMode = 'avg'
15.9103 	EXP 	window1: blendMode = 'avg'
15.9272 	EXP 	window1: blendMode = 'avg'
15.9436 	EXP 	window1: blendMode = 'avg'
15.9606 	EXP 	window1: blendMode = 'avg'
15.9770 	EXP 	window1: blendMode = 'avg'
15.9937 	EXP 	window1: blendMode = 'avg'
16.0106 	EXP 	window1: blendMode = 'avg'
16.0271 	EXP 	window1: blendMode = 'avg'
16.0441 	EXP 	window1: blendMode = 'avg'
16.0605 	EXP 	window1: blendMode = 'avg'
16.0771 	EXP 	window1: blendMode = 'avg'
16.0791 	DATA 	Keypress: j
16.0956 	EXP 	New trial (rep=2, index=3): {'Stimulus_Practice': u'ahead_image_2_WHI.jpg', 'Direction': u'ahead', 'Number': 2, 'Background': u'_WHI', 'Format': u'image'}
16.1695 	EXP 	window1: blendMode = 'avg'
16.1761 	EXP 	text_9: autoDraw = False
16.1761 	EXP 	image: autoDraw = False
16.1761 	EXP 	image: image = u'Extra_Stimuli//ahead_image_2_WHI.jpg'
16.1761 	EXP 	text_9: autoDraw = True
16.1761 	EXP 	image: autoDraw = True
16.1766 	EXP 	window1: blendMode = 'avg'
16.1931 	EXP 	window1: blendMode = 'avg'
16.2100 	EXP 	window1: blendMode = 'avg'
16.2268 	EXP 	window1: blendMode = 'avg'
16.2437 	EXP 	window1: blendMode = 'avg'
16.2601 	EXP 	window1: blendMode = 'avg'
16.2773 	EXP 	window1: blendMode = 'avg'
16.2944 	EXP 	window1: blendMode = 'avg'
16.3107 	EXP 	window1: blendMode = 'avg'
16.3316 	EXP 	window1: blendMode = 'avg'
16.3441 	EXP 	window1: blendMode = 'avg'
16.3607 	EXP 	window1: blendMode = 'avg'
16.3777 	EXP 	window1: blendMode = 'avg'
16.3941 	EXP 	window1: blendMode = 'avg'
16.4111 	EXP 	window1: blendMode = 'avg'
16.4298 	EXP 	window1: blendMode = 'avg'
16.4314 	DATA 	Keypress: f
16.4461 	EXP 	New trial (rep=2, index=4): {'Stimulus_Practice': u'right_image_2_WHI.jpg', 'Direction': u'right', 'Number': 2, 'Background': u'_WHI', 'Format': u'image'}
16.4888 	EXP 	window1: blendMode = 'avg'
16.5098 	EXP 	text_9: autoDraw = False
16.5098 	EXP 	image: autoDraw = False
16.5098 	EXP 	image: image = u'Extra_Stimuli//right_image_2_WHI.jpg'
16.5098 	EXP 	text_9: autoDraw = True
16.5098 	EXP 	image: autoDraw = True
16.5101 	EXP 	window1: blendMode = 'avg'
16.5267 	EXP 	window1: blendMode = 'avg'
16.5443 	EXP 	window1: blendMode = 'avg'
16.5612 	EXP 	window1: blendMode = 'avg'
16.5776 	EXP 	window1: blendMode = 'avg'
16.5946 	EXP 	window1: blendMode = 'avg'
16.6110 	EXP 	window1: blendMode = 'avg'
16.6279 	EXP 	window1: blendMode = 'avg'
16.6444 	EXP 	window1: blendMode = 'avg'
16.6613 	EXP 	window1: blendMode = 'avg'
16.6777 	EXP 	window1: blendMode = 'avg'
16.6946 	EXP 	window1: blendMode = 'avg'
16.7109 	EXP 	window1: blendMode = 'avg'
16.7278 	EXP 	window1: blendMode = 'avg'
16.7450 	EXP 	window1: blendMode = 'avg'
16.7613 	DATA 	Keypress: j
16.7637 	EXP 	New trial (rep=2, index=5): {'Stimulus_Practice': u'left_image_3_WHI.jpg', 'Direction': u'left', 'Number': 3, 'Background': u'_WHI', 'Format': u'image'}
16.8160 	EXP 	window1: blendMode = 'avg'
16.8267 	EXP 	text_9: autoDraw = False
16.8267 	EXP 	image: autoDraw = False
16.8267 	EXP 	image: image = u'Extra_Stimuli//left_image_3_WHI.jpg'
16.8267 	EXP 	text_9: autoDraw = True
16.8267 	EXP 	image: autoDraw = True
16.8269 	EXP 	window1: blendMode = 'avg'
16.8436 	EXP 	window1: blendMode = 'avg'
16.8605 	EXP 	window1: blendMode = 'avg'
16.8781 	EXP 	window1: blendMode = 'avg'
16.8948 	EXP 	window1: blendMode = 'avg'
16.9113 	EXP 	window1: blendMode = 'avg'
16.9282 	EXP 	window1: blendMode = 'avg'
16.9449 	EXP 	window1: blendMode = 'avg'
16.9618 	EXP 	window1: blendMode = 'avg'
16.9780 	EXP 	window1: blendMode = 'avg'
16.9947 	EXP 	window1: blendMode = 'avg'
17.0116 	EXP 	window1: blendMode = 'avg'
17.0284 	EXP 	window1: blendMode = 'avg'
17.0451 	EXP 	window1: blendMode = 'avg'
17.0614 	EXP 	window1: blendMode = 'avg'
17.0782 	DATA 	Keypress: f
17.0806 	EXP 	New trial (rep=2, index=6): {'Stimulus_Practice': u'left_image_1_WHI.jpg', 'Direction': u'left', 'Number': 1, 'Background': u'_WHI', 'Format': u'image'}
17.1364 	EXP 	window1: blendMode = 'avg'
17.1437 	EXP 	text_9: autoDraw = False
17.1437 	EXP 	image: autoDraw = False
17.1437 	EXP 	image: image = u'Extra_Stimuli//left_image_1_WHI.jpg'
17.1437 	EXP 	text_9: autoDraw = True
17.1437 	EXP 	image: autoDraw = True
17.1439 	EXP 	window1: blendMode = 'avg'
17.1607 	EXP 	window1: blendMode = 'avg'
17.1815 	EXP 	window1: blendMode = 'avg'
17.1949 	EXP 	window1: blendMode = 'avg'
17.2115 	EXP 	window1: blendMode = 'avg'
17.2285 	EXP 	window1: blendMode = 'avg'
17.2450 	EXP 	window1: blendMode = 'avg'
17.2617 	EXP 	window1: blendMode = 'avg'
17.2785 	EXP 	window1: blendMode = 'avg'
17.2949 	EXP 	window1: blendMode = 'avg'
17.3119 	EXP 	window1: blendMode = 'avg'
17.3318 	EXP 	window1: blendMode = 'avg'
17.3452 	EXP 	window1: blendMode = 'avg'
17.3617 	EXP 	window1: blendMode = 'avg'
17.3787 	EXP 	window1: blendMode = 'avg'
17.3950 	EXP 	window1: blendMode = 'avg'
17.4119 	DATA 	Keypress: j
17.4142 	EXP 	New trial (rep=2, index=7): {'Stimulus_Practice': u'left_image_2_WHI.jpg', 'Direction': u'left', 'Number': 2, 'Background': u'_WHI', 'Format': u'image'}
17.4721 	EXP 	window1: blendMode = 'avg'
17.4943 	EXP 	text_9: autoDraw = False
17.4943 	EXP 	image: autoDraw = False
17.4943 	EXP 	image: image = u'Extra_Stimuli//left_image_2_WHI.jpg'
17.4943 	EXP 	text_9: autoDraw = True
17.4943 	EXP 	image: autoDraw = True
17.4946 	EXP 	window1: blendMode = 'avg'
17.5110 	EXP 	window1: blendMode = 'avg'
17.5278 	EXP 	window1: blendMode = 'avg'
17.5452 	EXP 	window1: blendMode = 'avg'
17.5619 	EXP 	window1: blendMode = 'avg'
17.5789 	EXP 	window1: blendMode = 'avg'
17.5952 	EXP 	window1: blendMode = 'avg'
17.6123 	EXP 	window1: blendMode = 'avg'
17.6286 	EXP 	window1: blendMode = 'avg'
17.6456 	EXP 	window1: blendMode = 'avg'
17.6620 	EXP 	window1: blendMode = 'avg'
17.6789 	EXP 	window1: blendMode = 'avg'
17.6954 	EXP 	window1: blendMode = 'avg'
17.7119 	DATA 	Keypress: f
17.7143 	EXP 	New trial (rep=2, index=8): {'Stimulus_Practice': u'right_image_1_WHI.jpg', 'Direction': u'right', 'Number': 1, 'Background': u'_WHI', 'Format': u'image'}
17.7872 	EXP 	window1: blendMode = 'avg'
17.7944 	EXP 	text_9: autoDraw = False
17.7944 	EXP 	image: autoDraw = False
17.7944 	EXP 	image: image = u'Extra_Stimuli//right_image_1_WHI.jpg'
17.7944 	EXP 	text_9: autoDraw = True
17.7944 	EXP 	image: autoDraw = True
17.7948 	EXP 	window1: blendMode = 'avg'
17.8113 	EXP 	window1: blendMode = 'avg'
17.8281 	EXP 	window1: blendMode = 'avg'
17.8458 	EXP 	window1: blendMode = 'avg'
17.8623 	EXP 	window1: blendMode = 'avg'
17.8789 	EXP 	window1: blendMode = 'avg'
17.8959 	EXP 	window1: blendMode = 'avg'
17.9125 	EXP 	window1: blendMode = 'avg'
17.9292 	EXP 	window1: blendMode = 'avg'
17.9456 	EXP 	window1: blendMode = 'avg'
17.9626 	EXP 	window1: blendMode = 'avg'
17.9790 	EXP 	window1: blendMode = 'avg'
17.9959 	EXP 	window1: blendMode = 'avg'
18.0124 	EXP 	window1: blendMode = 'avg'
18.0301 	EXP 	window1: blendMode = 'avg'
18.0459 	EXP 	window1: blendMode = 'avg'
18.0474 	DATA 	Keypress: j
18.1160 	EXP 	window1: blendMode = 'avg'
18.1284 	EXP 	text_9: autoDraw = False
18.1284 	EXP 	image: autoDraw = False
18.1284 	EXP 	text_2: autoDraw = True
18.1294 	EXP 	window1: blendMode = 'avg'
18.1455 	EXP 	window1: blendMode = 'avg'
18.1622 	EXP 	window1: blendMode = 'avg'
18.1788 	EXP 	window1: blendMode = 'avg'
18.1956 	EXP 	window1: blendMode = 'avg'
18.2120 	EXP 	window1: blendMode = 'avg'
18.2289 	EXP 	window1: blendMode = 'avg'
18.2455 	EXP 	window1: blendMode = 'avg'
18.2625 	EXP 	window1: blendMode = 'avg'
18.2787 	EXP 	window1: blendMode = 'avg'
18.2951 	EXP 	window1: blendMode = 'avg'
18.3133 	EXP 	window1: blendMode = 'avg'
18.3303 	EXP 	window1: blendMode = 'avg'
18.3468 	EXP 	window1: blendMode = 'avg'
18.3626 	DATA 	Keypress: f
18.3639 	EXP 	window1: blendMode = 'avg'
18.3809 	EXP 	window1: blendMode = 'avg'
18.3975 	EXP 	window1: blendMode = 'avg'
18.4136 	EXP 	window1: blendMode = 'avg'
18.4300 	EXP 	window1: blendMode = 'avg'
18.4472 	EXP 	window1: blendMode = 'avg'
18.4636 	EXP 	window1: blendMode = 'avg'
18.4801 	EXP 	window1: blendMode = 'avg'
18.4971 	EXP 	window1: blendMode = 'avg'
18.5136 	EXP 	window1: blendMode = 'avg'
18.5296 	EXP 	window1: blendMode = 'avg'
18.5459 	EXP 	window1: blendMode = 'avg'
18.5627 	EXP 	window1: blendMode = 'avg'
18.5791 	EXP 	window1: blendMode = 'avg'
18.5971 	EXP 	window1: blendMode = 'avg'
18.6136 	EXP 	window1: blendMode = 'avg'
18.6304 	EXP 	window1: blendMode = 'avg'
18.6459 	EXP 	window1: blendMode = 'avg'
18.6628 	EXP 	window1: blendMode = 'avg'
18.6798 	EXP 	window1: blendMode = 'avg'
18.6961 	EXP 	window1: blendMode = 'avg'
18.7127 	EXP 	window1: blendMode = 'avg'
18.7293 	EXP 	window1: blendMode = 'avg'
18.7456 	EXP 	window1: blendMode = 'avg'
18.7636 	EXP 	window1: blendMode = 'avg'
18.7806 	EXP 	window1: blendMode = 'avg'
18.7971 	EXP 	window1: blendMode = 'avg'
18.8139 	EXP 	window1: blendMode = 'avg'
18.8300 	EXP 	window1: blendMode = 'avg'
18.8465 	EXP 	window1: blendMode = 'avg'
18.8636 	EXP 	window1: blendMode = 'avg'
18.8801 	EXP 	window1: blendMode = 'avg'
18.8963 	EXP 	window1: blendMode = 'avg'
18.9142 	EXP 	window1: blendMode = 'avg'
18.9308 	EXP 	window1: blendMode = 'avg'
18.9474 	EXP 	window1: blendMode = 'avg'
18.9642 	EXP 	window1: blendMode = 'avg'
18.9807 	EXP 	window1: blendMode = 'avg'
18.9975 	EXP 	window1: blendMode = 'avg'
19.0140 	EXP 	window1: blendMode = 'avg'
19.0310 	EXP 	window1: blendMode = 'avg'
19.0473 	EXP 	window1: blendMode = 'avg'
19.0641 	EXP 	window1: blendMode = 'avg'
19.0809 	EXP 	window1: blendMode = 'avg'
19.0975 	EXP 	window1: blendMode = 'avg'
19.1143 	EXP 	window1: blendMode = 'avg'
19.1309 	EXP 	window1: blendMode = 'avg'
19.1478 	EXP 	window1: blendMode = 'avg'
19.1646 	EXP 	window1: blendMode = 'avg'
19.1809 	EXP 	window1: blendMode = 'avg'
19.1977 	EXP 	window1: blendMode = 'avg'
19.2141 	EXP 	window1: blendMode = 'avg'
19.2309 	EXP 	window1: blendMode = 'avg'
19.2478 	EXP 	window1: blendMode = 'avg'
19.2645 	EXP 	window1: blendMode = 'avg'
19.2805 	EXP 	window1: blendMode = 'avg'
19.2969 	EXP 	window1: blendMode = 'avg'
19.3137 	EXP 	window1: blendMode = 'avg'
19.3300 	EXP 	window1: blendMode = 'avg'
19.3479 	EXP 	window1: blendMode = 'avg'
19.3643 	EXP 	window1: blendMode = 'avg'
19.3811 	EXP 	window1: blendMode = 'avg'
19.3981 	EXP 	window1: blendMode = 'avg'
19.4144 	EXP 	window1: blendMode = 'avg'
19.4311 	EXP 	window1: blendMode = 'avg'
19.4479 	EXP 	window1: blendMode = 'avg'
19.4645 	EXP 	window1: blendMode = 'avg'
19.4814 	EXP 	window1: blendMode = 'avg'
19.4977 	EXP 	window1: blendMode = 'avg'
19.5145 	EXP 	window1: blendMode = 'avg'
19.5315 	EXP 	window1: blendMode = 'avg'
19.5481 	EXP 	window1: blendMode = 'avg'
19.5648 	EXP 	window1: blendMode = 'avg'
19.5807 	EXP 	window1: blendMode = 'avg'
19.5976 	EXP 	window1: blendMode = 'avg'
19.6138 	EXP 	window1: blendMode = 'avg'
19.6303 	EXP 	window1: blendMode = 'avg'
19.6482 	EXP 	window1: blendMode = 'avg'
19.6648 	EXP 	window1: blendMode = 'avg'
19.6815 	EXP 	window1: blendMode = 'avg'
19.6983 	EXP 	window1: blendMode = 'avg'
19.7147 	EXP 	window1: blendMode = 'avg'
19.7316 	EXP 	window1: blendMode = 'avg'
19.7481 	EXP 	window1: blendMode = 'avg'
19.7649 	EXP 	window1: blendMode = 'avg'
19.7814 	EXP 	window1: blendMode = 'avg'
19.7981 	EXP 	window1: blendMode = 'avg'
19.8150 	EXP 	window1: blendMode = 'avg'
19.8316 	EXP 	window1: blendMode = 'avg'
19.8475 	EXP 	window1: blendMode = 'avg'
19.8640 	EXP 	window1: blendMode = 'avg'
19.8818 	EXP 	window1: blendMode = 'avg'
19.8981 	EXP 	window1: blendMode = 'avg'
19.9155 	EXP 	window1: blendMode = 'avg'
19.9319 	EXP 	window1: blendMode = 'avg'
19.9484 	EXP 	window1: blendMode = 'avg'
19.9646 	EXP 	window1: blendMode = 'avg'
19.9809 	EXP 	window1: blendMode = 'avg'
19.9978 	EXP 	window1: blendMode = 'avg'
20.0147 	EXP 	window1: blendMode = 'avg'
20.0311 	EXP 	window1: blendMode = 'avg'
20.0480 	EXP 	window1: blendMode = 'avg'
20.0646 	EXP 	window1: blendMode = 'avg'
20.0811 	EXP 	window1: blendMode = 'avg'
20.0979 	EXP 	window1: blendMode = 'avg'
20.1143 	EXP 	window1: blendMode = 'avg'
20.1315 	EXP 	window1: blendMode = 'avg'
20.1484 	EXP 	window1: blendMode = 'avg'
20.1653 	EXP 	window1: blendMode = 'avg'
20.1818 	EXP 	window1: blendMode = 'avg'
20.1986 	EXP 	window1: blendMode = 'avg'
20.2154 	EXP 	window1: blendMode = 'avg'
20.2319 	EXP 	window1: blendMode = 'avg'
20.2487 	EXP 	window1: blendMode = 'avg'
20.2655 	EXP 	window1: blendMode = 'avg'
20.2820 	EXP 	window1: blendMode = 'avg'
20.2988 	EXP 	window1: blendMode = 'avg'
20.3152 	EXP 	window1: blendMode = 'avg'
20.3329 	EXP 	window1: blendMode = 'avg'
20.3492 	EXP 	window1: blendMode = 'avg'
20.3654 	EXP 	window1: blendMode = 'avg'
20.3823 	EXP 	window1: blendMode = 'avg'
20.3988 	EXP 	window1: blendMode = 'avg'
20.4154 	EXP 	window1: blendMode = 'avg'
20.4325 	EXP 	window1: blendMode = 'avg'
20.4489 	EXP 	window1: blendMode = 'avg'
20.4660 	EXP 	window1: blendMode = 'avg'
20.4823 	EXP 	window1: blendMode = 'avg'
20.4991 	EXP 	window1: blendMode = 'avg'
20.5156 	EXP 	window1: blendMode = 'avg'
20.5317 	EXP 	window1: blendMode = 'avg'
20.5481 	EXP 	window1: blendMode = 'avg'
20.5645 	EXP 	window1: blendMode = 'avg'
20.5815 	EXP 	window1: blendMode = 'avg'
20.5979 	EXP 	window1: blendMode = 'avg'
20.6145 	EXP 	window1: blendMode = 'avg'
20.6313 	EXP 	window1: blendMode = 'avg'
20.6475 	EXP 	window1: blendMode = 'avg'
20.6660 	EXP 	window1: blendMode = 'avg'
20.6826 	EXP 	window1: blendMode = 'avg'
20.6990 	EXP 	window1: blendMode = 'avg'
20.7159 	EXP 	window1: blendMode = 'avg'
20.7325 	EXP 	window1: blendMode = 'avg'
20.7493 	EXP 	window1: blendMode = 'avg'
20.7657 	EXP 	window1: blendMode = 'avg'
20.7824 	EXP 	window1: blendMode = 'avg'
20.7993 	EXP 	window1: blendMode = 'avg'
20.8159 	EXP 	window1: blendMode = 'avg'
20.8331 	EXP 	window1: blendMode = 'avg'
20.8491 	EXP 	window1: blendMode = 'avg'
20.8659 	EXP 	window1: blendMode = 'avg'
20.8828 	EXP 	window1: blendMode = 'avg'
20.8992 	EXP 	window1: blendMode = 'avg'
20.9161 	EXP 	window1: blendMode = 'avg'
20.9325 	EXP 	window1: blendMode = 'avg'
20.9494 	EXP 	window1: blendMode = 'avg'
20.9662 	EXP 	window1: blendMode = 'avg'
20.9827 	EXP 	window1: blendMode = 'avg'
20.9995 	EXP 	window1: blendMode = 'avg'
21.0159 	EXP 	window1: blendMode = 'avg'
21.0330 	EXP 	window1: blendMode = 'avg'
21.0493 	EXP 	window1: blendMode = 'avg'
21.0660 	EXP 	New trial (rep=1, index=0): None
21.1141 	EXP 	window1: blendMode = 'avg'
21.1314 	EXP 	text_2: autoDraw = False
21.1314 	EXP 	text_6: text = 'Ok, before we practice one more time - do you have any questions about the task?'
21.1314 	EXP 	text_6: autoDraw = True
21.1323 	EXP 	window1: blendMode = 'avg'
21.1489 	EXP 	window1: blendMode = 'avg'
21.1657 	EXP 	window1: blendMode = 'avg'
21.1823 	EXP 	window1: blendMode = 'avg'
21.1990 	EXP 	window1: blendMode = 'avg'
21.2156 	EXP 	window1: blendMode = 'avg'
21.2334 	EXP 	window1: blendMode = 'avg'
21.2501 	EXP 	window1: blendMode = 'avg'
21.2668 	EXP 	window1: blendMode = 'avg'
21.2834 	EXP 	window1: blendMode = 'avg'
21.3001 	EXP 	window1: blendMode = 'avg'
21.3168 	EXP 	window1: blendMode = 'avg'
21.3335 	EXP 	window1: blendMode = 'avg'
21.3502 	EXP 	window1: blendMode = 'avg'
21.3668 	EXP 	window1: blendMode = 'avg'
21.3835 	EXP 	window1: blendMode = 'avg'
21.4002 	EXP 	window1: blendMode = 'avg'
21.4169 	EXP 	window1: blendMode = 'avg'
21.4335 	EXP 	window1: blendMode = 'avg'
21.4503 	EXP 	window1: blendMode = 'avg'
21.4670 	EXP 	window1: blendMode = 'avg'
21.4836 	EXP 	window1: blendMode = 'avg'
21.5003 	EXP 	window1: blendMode = 'avg'
21.5170 	EXP 	window1: blendMode = 'avg'
21.5337 	EXP 	window1: blendMode = 'avg'
21.5513 	EXP 	window1: blendMode = 'avg'
21.5670 	EXP 	window1: blendMode = 'avg'
21.5838 	EXP 	window1: blendMode = 'avg'
21.6004 	EXP 	window1: blendMode = 'avg'
21.6171 	EXP 	window1: blendMode = 'avg'
21.6340 	EXP 	window1: blendMode = 'avg'
21.6510 	EXP 	window1: blendMode = 'avg'
21.6674 	EXP 	window1: blendMode = 'avg'
21.6829 	EXP 	window1: blendMode = 'avg'
21.6995 	EXP 	window1: blendMode = 'avg'
21.7161 	EXP 	window1: blendMode = 'avg'
21.7339 	EXP 	window1: blendMode = 'avg'
21.7505 	EXP 	window1: blendMode = 'avg'
21.7672 	EXP 	window1: blendMode = 'avg'
21.7839 	EXP 	window1: blendMode = 'avg'
21.8007 	EXP 	window1: blendMode = 'avg'
21.8173 	EXP 	window1: blendMode = 'avg'
21.8340 	EXP 	window1: blendMode = 'avg'
21.8506 	EXP 	window1: blendMode = 'avg'
21.8673 	EXP 	window1: blendMode = 'avg'
21.8844 	EXP 	window1: blendMode = 'avg'
21.9008 	EXP 	window1: blendMode = 'avg'
21.9164 	EXP 	window1: blendMode = 'avg'
21.9330 	EXP 	window1: blendMode = 'avg'
21.9508 	EXP 	window1: blendMode = 'avg'
21.9675 	EXP 	window1: blendMode = 'avg'
21.9841 	EXP 	window1: blendMode = 'avg'
22.0008 	EXP 	window1: blendMode = 'avg'
22.0175 	EXP 	window1: blendMode = 'avg'
22.0342 	EXP 	window1: blendMode = 'avg'
22.0509 	EXP 	window1: blendMode = 'avg'
22.0676 	EXP 	window1: blendMode = 'avg'
22.0842 	EXP 	window1: blendMode = 'avg'
22.1013 	EXP 	window1: blendMode = 'avg'
22.1176 	EXP 	window1: blendMode = 'avg'
22.1343 	EXP 	window1: blendMode = 'avg'
22.1510 	EXP 	window1: blendMode = 'avg'
22.1676 	EXP 	window1: blendMode = 'avg'
22.1843 	EXP 	window1: blendMode = 'avg'
22.2010 	EXP 	window1: blendMode = 'avg'
22.2177 	EXP 	window1: blendMode = 'avg'
22.2343 	EXP 	window1: blendMode = 'avg'
22.2510 	EXP 	window1: blendMode = 'avg'
22.2679 	EXP 	window1: blendMode = 'avg'
22.2844 	EXP 	window1: blendMode = 'avg'
22.3012 	EXP 	window1: blendMode = 'avg'
22.3169 	DATA 	Keypress: escape
